[0.023s] Invoking command in '/home/zpw/UR3e-ROS2-resources/build/moveit_tools': AMENT_PREFIX_PATH=/home/zpw/UR3e-ROS2-resources/install/moveit_visual_tools:/home/zpw/UR3e-ROS2-resources/install/rviz_visual_tools:${AMENT_PREFIX_PATH} CMAKE_PREFIX_PATH=/home/zpw/UR3e-ROS2-resources/install/moveit_visual_tools:/home/zpw/UR3e-ROS2-resources/install/rviz_visual_tools:/opt/ros/foxy LD_LIBRARY_PATH=/home/zpw/UR3e-ROS2-resources/install/moveit_visual_tools/lib:/home/zpw/UR3e-ROS2-resources/install/rviz_visual_tools/lib:${LD_LIBRARY_PATH} /usr/bin/cmake /home/zpw/UR3e-ROS2-resources/src/moveit_tools -DCMAKE_INSTALL_PREFIX=/home/zpw/UR3e-ROS2-resources/install/moveit_tools
[0.047s] -- Found moveit_common: 2.2.3 (/opt/ros/foxy/share/moveit_common/cmake)
[0.047s] -- Found ament_cmake: 0.9.9 (/opt/ros/foxy/share/ament_cmake/cmake)
[0.079s] -- Using PYTHON_EXECUTABLE: /usr/bin/python3
[0.251s] -- Override CMake install command with custom implementation using symlinks instead of copying resources
[0.312s] moveit_tools: You did not request a specific build type: Choosing 'Release' for maximum performance
[0.323s] -- Found Boost: /usr/lib/x86_64-linux-gnu/cmake/Boost-1.71.0/BoostConfig.cmake (found version "1.71.0") found components: system filesystem date_time thread 
[0.325s] -- Found control_msgs: 2.5.1 (/opt/ros/foxy/share/control_msgs/cmake)
[0.342s] -- Using all available rosidl_typesupport_c: rosidl_typesupport_fastrtps_c;rosidl_typesupport_introspection_c
[0.344s] -- Found rosidl_adapter: 1.2.1 (/opt/ros/foxy/share/rosidl_adapter/cmake)
[0.437s] -- Using all available rosidl_typesupport_cpp: rosidl_typesupport_fastrtps_cpp;rosidl_typesupport_introspection_cpp
[0.944s] -- Found moveit_core: 2.2.3 (/opt/ros/foxy/share/moveit_core/cmake)
[0.952s] -- Found Boost: /usr/lib/x86_64-linux-gnu/cmake/Boost-1.71.0/BoostConfig.cmake (found version "1.71.0") found components: chrono date_time filesystem iostreams program_options regex serialization system thread 
[0.963s] -- Found Boost: /usr/lib/x86_64-linux-gnu/cmake/Boost-1.71.0/BoostConfig.cmake (found version "1.71.0") found components: filesystem 
[1.005s] -- Found rmw_implementation_cmake: 1.0.3 (/opt/ros/foxy/share/rmw_implementation_cmake/cmake)
[1.006s] -- Using RMW implementation 'rmw_fastrtps_cpp' as default
[1.164s] -- library: /usr/lib/x86_64-linux-gnu/libcurl.so
[3.415s] -- Found moveit_ros_planning: 2.2.3 (/opt/ros/foxy/share/moveit_ros_planning/cmake)
[3.419s] -- Found Boost: /usr/lib/x86_64-linux-gnu/cmake/Boost-1.71.0/BoostConfig.cmake (found version "1.71.0") found components: system filesystem date_time program_options thread chrono 
[3.724s] -- Found Boost: /usr/lib/x86_64-linux-gnu/cmake/Boost-1.71.0/BoostConfig.cmake (found version "1.71.0") found components: thread 
[4.462s] -- Found moveit_ros_planning_interface: 2.2.3 (/opt/ros/foxy/share/moveit_ros_planning_interface/cmake)
[4.465s] -- Found Boost: /usr/lib/x86_64-linux-gnu/cmake/Boost-1.71.0/BoostConfig.cmake (found version "1.71.0")  
[4.483s] -- Found Boost: /usr/lib/x86_64-linux-gnu/cmake/Boost-1.71.0/BoostConfig.cmake (found version "1.71.0") found components: date_time filesystem program_options system thread 
[4.917s] -- Found Boost: /usr/lib/x86_64-linux-gnu/cmake/Boost-1.71.0/BoostConfig.cmake (found version "1.71.0") found components: thread system filesystem regex date_time program_options 
[5.371s] -- Found Boost: /usr/lib/x86_64-linux-gnu/cmake/Boost-1.71.0/BoostConfig.cmake (found version "1.71.0") found components: system filesystem date_time program_options thread 
[6.107s] -- Found moveit_ros_perception: 2.2.3 (/opt/ros/foxy/share/moveit_ros_perception/cmake)
[6.110s] -- Found Boost: /usr/lib/x86_64-linux-gnu/cmake/Boost-1.71.0/BoostConfig.cmake (found version "1.71.0") found components: thread 
[6.789s] -- Found moveit_servo: 2.2.3 (/opt/ros/foxy/share/moveit_servo/cmake)
[7.151s] -- Found interactive_markers: 2.1.3 (/opt/ros/foxy/share/interactive_markers/cmake)
[7.176s] -- Found rviz_visual_tools: 4.0.3 (/home/zpw/UR3e-ROS2-resources/install/rviz_visual_tools/share/rviz_visual_tools/cmake)
[7.305s] -- Setting OGRE_DIR to: '/opt/ros/foxy/share/rviz_ogre_vendor/cmake/../../../opt/rviz_ogre_vendor/lib/OGRE/cmake'
[7.307s] -- Found OGRE
[7.307s] --   static     : OFF
[7.308s] --   components : HLMS;MeshLodGenerator;Overlay;Paging;Property;RTShaderSystem;Terrain;Volume
[7.308s] --   plugins    : Plugin_BSPSceneManager;Plugin_OctreeSceneManager;Plugin_PCZSceneManager;Plugin_ParticleFX;RenderSystem_GL;RenderSystem_GL3Plus;Codec_STBI
[7.308s] --   media      : /opt/ros/foxy/opt/rviz_ogre_vendor/share/OGRE/Media
[7.308s] -- OGRE_LIBRARIES: OgreHLMS;OgreMeshLodGenerator;OgreOverlay;OgrePaging;OgreProperty;OgreRTShaderSystem;OgreTerrain;OgreVolume;OgreMain
[7.308s] -- OGRE_LIBRARY_DIRS: /opt/ros/foxy/opt/rviz_ogre_vendor/lib
[7.308s] -- OGRE_PLUGINS: Plugin_BSPSceneManager;Plugin_OctreeSceneManager;Plugin_PCZSceneManager;Plugin_ParticleFX;RenderSystem_GL;RenderSystem_GL3Plus;Codec_STBI
[7.308s] -- OGRE_PLUGIN_DIR: /opt/ros/foxy/opt/rviz_ogre_vendor/lib/OGRE
[7.308s] -- rviz_ogre_vendor::OgreOverlay for IMPORTED_LOCATION_RELEASE: /opt/ros/foxy/opt/rviz_ogre_vendor/lib/libOgreOverlay.so
[7.309s] -- rviz_ogre_vendor::OgreOverlay for IMPORTED_LOCATION_DEBUG: /opt/ros/foxy/opt/rviz_ogre_vendor/lib/libOgreOverlay.so
[7.309s] -- rviz_ogre_vendor::OgreMain for IMPORTED_LOCATION_RELEASE: /opt/ros/foxy/opt/rviz_ogre_vendor/lib/libOgreMain.so
[7.309s] -- rviz_ogre_vendor::OgreMain for IMPORTED_LOCATION_DEBUG: /opt/ros/foxy/opt/rviz_ogre_vendor/lib/libOgreMain.so
[7.346s] -- rviz_ogre_vendor::RenderSystem_GL for IMPORTED_LOCATION_RELEASE: _render_system_gl_static_library_abs-NOTFOUND
[7.346s] -- rviz_ogre_vendor::RenderSystem_GL for IMPORTED_LOCATION_DEBUG: _render_system_gl_static_library_abs-NOTFOUND
[7.386s] -- Setting yaml-cpp_DIR to: '/opt/ros/foxy/share/yaml_cpp_vendor/cmake/../../../opt/yaml_cpp_vendor/lib/cmake/yaml-cpp'
[7.906s] -- Found moveit_visual_tools: 4.0.0 (/home/zpw/UR3e-ROS2-resources/install/moveit_visual_tools/share/moveit_visual_tools/cmake)
[9.264s] -- Found ament_lint_auto: 0.9.6 (/opt/ros/foxy/share/ament_lint_auto/cmake)
[9.271s] -- Added test 'copyright' to check source files copyright and LICENSE
[9.272s] -- Added test 'cppcheck' to perform static code analysis on C / C++ code
[9.272s] -- Configured cppcheck include dirs: $<BUILD_INTERFACE:/home/zpw/UR3e-ROS2-resources/src/moveit_tools/include>
[9.272s] -- Configured cppcheck exclude dirs and/or files: 
[9.273s] -- Added test 'cpplint' to check C / C++ code against the Google style
[9.273s] -- Configured cpplint exclude dirs and/or files: 
[9.273s] -- Added test 'flake8' to check Python code syntax and style conventions
[9.274s] -- Added test 'lint_cmake' to check CMake code style
[9.274s] -- Added test 'pep257' to check Python code against some of the style conventions in PEP 257
[9.274s] -- Added test 'uncrustify' to check C / C++ code style
[9.275s] -- Configured uncrustify additional arguments: 
[9.276s] -- Added test 'xmllint' to check XML markup files
[9.291s] -- Configuring done
[9.336s] -- Generating done
[9.348s] -- Build files have been written to: /home/zpw/UR3e-ROS2-resources/build/moveit_tools
[9.362s] Invoked command in '/home/zpw/UR3e-ROS2-resources/build/moveit_tools' returned '0': AMENT_PREFIX_PATH=/home/zpw/UR3e-ROS2-resources/install/moveit_visual_tools:/home/zpw/UR3e-ROS2-resources/install/rviz_visual_tools:${AMENT_PREFIX_PATH} CMAKE_PREFIX_PATH=/home/zpw/UR3e-ROS2-resources/install/moveit_visual_tools:/home/zpw/UR3e-ROS2-resources/install/rviz_visual_tools:/opt/ros/foxy LD_LIBRARY_PATH=/home/zpw/UR3e-ROS2-resources/install/moveit_visual_tools/lib:/home/zpw/UR3e-ROS2-resources/install/rviz_visual_tools/lib:${LD_LIBRARY_PATH} /usr/bin/cmake /home/zpw/UR3e-ROS2-resources/src/moveit_tools -DCMAKE_INSTALL_PREFIX=/home/zpw/UR3e-ROS2-resources/install/moveit_tools
[9.365s] Invoking command in '/home/zpw/UR3e-ROS2-resources/build/moveit_tools': AMENT_PREFIX_PATH=/home/zpw/UR3e-ROS2-resources/install/moveit_visual_tools:/home/zpw/UR3e-ROS2-resources/install/rviz_visual_tools:${AMENT_PREFIX_PATH} CMAKE_PREFIX_PATH=/home/zpw/UR3e-ROS2-resources/install/moveit_visual_tools:/home/zpw/UR3e-ROS2-resources/install/rviz_visual_tools:/opt/ros/foxy LD_LIBRARY_PATH=/home/zpw/UR3e-ROS2-resources/install/moveit_visual_tools/lib:/home/zpw/UR3e-ROS2-resources/install/rviz_visual_tools/lib:${LD_LIBRARY_PATH} /usr/bin/cmake --build /home/zpw/UR3e-ROS2-resources/build/moveit_tools -- -j16 -l16
[9.445s] [100%] Built target add_collision_ground_plane
[9.457s] Invoked command in '/home/zpw/UR3e-ROS2-resources/build/moveit_tools' returned '0': AMENT_PREFIX_PATH=/home/zpw/UR3e-ROS2-resources/install/moveit_visual_tools:/home/zpw/UR3e-ROS2-resources/install/rviz_visual_tools:${AMENT_PREFIX_PATH} CMAKE_PREFIX_PATH=/home/zpw/UR3e-ROS2-resources/install/moveit_visual_tools:/home/zpw/UR3e-ROS2-resources/install/rviz_visual_tools:/opt/ros/foxy LD_LIBRARY_PATH=/home/zpw/UR3e-ROS2-resources/install/moveit_visual_tools/lib:/home/zpw/UR3e-ROS2-resources/install/rviz_visual_tools/lib:${LD_LIBRARY_PATH} /usr/bin/cmake --build /home/zpw/UR3e-ROS2-resources/build/moveit_tools -- -j16 -l16
[9.482s] Invoking command in '/home/zpw/UR3e-ROS2-resources/build/moveit_tools': AMENT_PREFIX_PATH=/home/zpw/UR3e-ROS2-resources/install/moveit_visual_tools:/home/zpw/UR3e-ROS2-resources/install/rviz_visual_tools:${AMENT_PREFIX_PATH} CMAKE_PREFIX_PATH=/home/zpw/UR3e-ROS2-resources/install/moveit_visual_tools:/home/zpw/UR3e-ROS2-resources/install/rviz_visual_tools:/opt/ros/foxy LD_LIBRARY_PATH=/home/zpw/UR3e-ROS2-resources/install/moveit_visual_tools/lib:/home/zpw/UR3e-ROS2-resources/install/rviz_visual_tools/lib:${LD_LIBRARY_PATH} /usr/bin/cmake --install /home/zpw/UR3e-ROS2-resources/build/moveit_tools
[9.500s] -- Install configuration: "Release"
[9.501s] -- Execute custom install script
[9.501s] -- Up-to-date symlink: /home/zpw/UR3e-ROS2-resources/install/moveit_tools/share/moveit_tools/launch/move_group.launch.py
[9.502s] -- Up-to-date symlink: /home/zpw/UR3e-ROS2-resources/install/moveit_tools/share/moveit_tools/launch/move_group.rviz
[9.502s] -- Up-to-date symlink: /home/zpw/UR3e-ROS2-resources/install/moveit_tools/share/moveit_tools/launch/ur_moveit.launch.py
[9.502s] -- Up-to-date symlink: /home/zpw/UR3e-ROS2-resources/install/moveit_tools/lib/moveit_tools/add_collision_ground_plane
[9.502s] -- Up-to-date symlink: /home/zpw/UR3e-ROS2-resources/install/moveit_tools/share/ament_index/resource_index/package_run_dependencies/moveit_tools
[9.502s] -- Up-to-date symlink: /home/zpw/UR3e-ROS2-resources/install/moveit_tools/share/ament_index/resource_index/parent_prefix_path/moveit_tools
[9.502s] -- Up-to-date symlink: /home/zpw/UR3e-ROS2-resources/install/moveit_tools/share/moveit_tools/environment/ament_prefix_path.sh
[9.503s] -- Up-to-date symlink: /home/zpw/UR3e-ROS2-resources/install/moveit_tools/share/moveit_tools/environment/ament_prefix_path.dsv
[9.503s] -- Up-to-date symlink: /home/zpw/UR3e-ROS2-resources/install/moveit_tools/share/moveit_tools/environment/path.sh
[9.503s] -- Up-to-date symlink: /home/zpw/UR3e-ROS2-resources/install/moveit_tools/share/moveit_tools/environment/path.dsv
[9.503s] -- Up-to-date symlink: /home/zpw/UR3e-ROS2-resources/install/moveit_tools/share/moveit_tools/local_setup.bash
[9.503s] -- Up-to-date symlink: /home/zpw/UR3e-ROS2-resources/install/moveit_tools/share/moveit_tools/local_setup.sh
[9.503s] -- Up-to-date symlink: /home/zpw/UR3e-ROS2-resources/install/moveit_tools/share/moveit_tools/local_setup.zsh
[9.504s] -- Up-to-date symlink: /home/zpw/UR3e-ROS2-resources/install/moveit_tools/share/moveit_tools/local_setup.dsv
[9.504s] -- Symlinking: /home/zpw/UR3e-ROS2-resources/install/moveit_tools/share/moveit_tools/package.dsv
[9.513s] -- Up-to-date symlink: /home/zpw/UR3e-ROS2-resources/install/moveit_tools/share/ament_index/resource_index/packages/moveit_tools
[9.513s] -- Up-to-date symlink: /home/zpw/UR3e-ROS2-resources/install/moveit_tools/share/moveit_tools/cmake/moveit_toolsConfig.cmake
[9.513s] -- Up-to-date symlink: /home/zpw/UR3e-ROS2-resources/install/moveit_tools/share/moveit_tools/cmake/moveit_toolsConfig-version.cmake
[9.513s] -- Up-to-date symlink: /home/zpw/UR3e-ROS2-resources/install/moveit_tools/share/moveit_tools/package.xml
[9.517s] Invoked command in '/home/zpw/UR3e-ROS2-resources/build/moveit_tools' returned '0': AMENT_PREFIX_PATH=/home/zpw/UR3e-ROS2-resources/install/moveit_visual_tools:/home/zpw/UR3e-ROS2-resources/install/rviz_visual_tools:${AMENT_PREFIX_PATH} CMAKE_PREFIX_PATH=/home/zpw/UR3e-ROS2-resources/install/moveit_visual_tools:/home/zpw/UR3e-ROS2-resources/install/rviz_visual_tools:/opt/ros/foxy LD_LIBRARY_PATH=/home/zpw/UR3e-ROS2-resources/install/moveit_visual_tools/lib:/home/zpw/UR3e-ROS2-resources/install/rviz_visual_tools/lib:${LD_LIBRARY_PATH} /usr/bin/cmake --install /home/zpw/UR3e-ROS2-resources/build/moveit_tools
