[0.922s] Invoking command in '/home/zpw/UR3e-ROS2-resources/build/ur_moveit_config': CMAKE_PREFIX_PATH=${CMAKE_PREFIX_PATH}:/home/zpw/UR3e-ROS2-resources/install/vr_connector:/home/zpw/UR3e-ROS2-resources/install/unity_robotics_demo:/home/zpw/UR3e-ROS2-resources/install/ros_tcp_endpoint:/opt/ros/foxy /usr/bin/cmake --build /home/zpw/UR3e-ROS2-resources/build/ur_moveit_config -- -j16 -l16
[1.017s] Invoked command in '/home/zpw/UR3e-ROS2-resources/build/ur_moveit_config' returned '0': CMAKE_PREFIX_PATH=${CMAKE_PREFIX_PATH}:/home/zpw/UR3e-ROS2-resources/install/vr_connector:/home/zpw/UR3e-ROS2-resources/install/unity_robotics_demo:/home/zpw/UR3e-ROS2-resources/install/ros_tcp_endpoint:/opt/ros/foxy /usr/bin/cmake --build /home/zpw/UR3e-ROS2-resources/build/ur_moveit_config -- -j16 -l16
[1.119s] Invoking command in '/home/zpw/UR3e-ROS2-resources/build/ur_moveit_config': CMAKE_PREFIX_PATH=${CMAKE_PREFIX_PATH}:/home/zpw/UR3e-ROS2-resources/install/vr_connector:/home/zpw/UR3e-ROS2-resources/install/unity_robotics_demo:/home/zpw/UR3e-ROS2-resources/install/ros_tcp_endpoint:/opt/ros/foxy /usr/bin/cmake --install /home/zpw/UR3e-ROS2-resources/build/ur_moveit_config
[1.147s] -- Install configuration: ""
[1.147s] -- Execute custom install script
[1.147s] -- Up-to-date symlink: /home/zpw/UR3e-ROS2-resources/install/ur_moveit_config/share/ur_moveit_config/config/controllers.yaml
[1.150s] -- Up-to-date symlink: /home/zpw/UR3e-ROS2-resources/install/ur_moveit_config/share/ur_moveit_config/config/kinematics.yaml
[1.150s] -- Up-to-date symlink: /home/zpw/UR3e-ROS2-resources/install/ur_moveit_config/share/ur_moveit_config/config/ompl_planning.yaml
[1.150s] -- Up-to-date symlink: /home/zpw/UR3e-ROS2-resources/install/ur_moveit_config/share/ur_moveit_config/rviz/view_robot.rviz
[1.151s] -- Up-to-date symlink: /home/zpw/UR3e-ROS2-resources/install/ur_moveit_config/share/ur_moveit_config/srdf/ur.srdf.xacro
[1.151s] -- Up-to-date symlink: /home/zpw/UR3e-ROS2-resources/install/ur_moveit_config/share/ur_moveit_config/srdf/ur_macro.srdf.xacro
[1.153s] -- Up-to-date symlink: /home/zpw/UR3e-ROS2-resources/install/ur_moveit_config/share/ament_index/resource_index/package_run_dependencies/ur_moveit_config
[1.153s] -- Up-to-date symlink: /home/zpw/UR3e-ROS2-resources/install/ur_moveit_config/share/ament_index/resource_index/parent_prefix_path/ur_moveit_config
[1.153s] -- Up-to-date symlink: /home/zpw/UR3e-ROS2-resources/install/ur_moveit_config/share/ur_moveit_config/environment/ament_prefix_path.sh
[1.153s] -- Up-to-date symlink: /home/zpw/UR3e-ROS2-resources/install/ur_moveit_config/share/ur_moveit_config/environment/ament_prefix_path.dsv
[1.153s] -- Up-to-date symlink: /home/zpw/UR3e-ROS2-resources/install/ur_moveit_config/share/ur_moveit_config/environment/path.sh
[1.153s] -- Up-to-date symlink: /home/zpw/UR3e-ROS2-resources/install/ur_moveit_config/share/ur_moveit_config/environment/path.dsv
[1.154s] -- Up-to-date symlink: /home/zpw/UR3e-ROS2-resources/install/ur_moveit_config/share/ur_moveit_config/local_setup.bash
[1.155s] -- Up-to-date symlink: /home/zpw/UR3e-ROS2-resources/install/ur_moveit_config/share/ur_moveit_config/local_setup.sh
[1.156s] -- Up-to-date symlink: /home/zpw/UR3e-ROS2-resources/install/ur_moveit_config/share/ur_moveit_config/local_setup.zsh
[1.158s] -- Up-to-date symlink: /home/zpw/UR3e-ROS2-resources/install/ur_moveit_config/share/ur_moveit_config/local_setup.dsv
[1.158s] -- Symlinking: /home/zpw/UR3e-ROS2-resources/install/ur_moveit_config/share/ur_moveit_config/package.dsv
[1.163s] -- Up-to-date symlink: /home/zpw/UR3e-ROS2-resources/install/ur_moveit_config/share/ament_index/resource_index/packages/ur_moveit_config
[1.163s] -- Up-to-date symlink: /home/zpw/UR3e-ROS2-resources/install/ur_moveit_config/share/ur_moveit_config/cmake/ur_moveit_configConfig.cmake
[1.163s] -- Up-to-date symlink: /home/zpw/UR3e-ROS2-resources/install/ur_moveit_config/share/ur_moveit_config/cmake/ur_moveit_configConfig-version.cmake
[1.163s] -- Up-to-date symlink: /home/zpw/UR3e-ROS2-resources/install/ur_moveit_config/share/ur_moveit_config/package.xml
[1.184s] Invoked command in '/home/zpw/UR3e-ROS2-resources/build/ur_moveit_config' returned '0': CMAKE_PREFIX_PATH=${CMAKE_PREFIX_PATH}:/home/zpw/UR3e-ROS2-resources/install/vr_connector:/home/zpw/UR3e-ROS2-resources/install/unity_robotics_demo:/home/zpw/UR3e-ROS2-resources/install/ros_tcp_endpoint:/opt/ros/foxy /usr/bin/cmake --install /home/zpw/UR3e-ROS2-resources/build/ur_moveit_config
