[1.153s] Invoking command in '/home/zpw/UR3e-ROS2-resources/src/ROS-TCP-Endpoint': PYTHONPATH=/home/zpw/UR3e-ROS2-resources/install/ros_tcp_endpoint/lib/python3.8/site-packages:${PYTHONPATH} /usr/bin/python3 setup.py egg_info --egg-base ../../build/ros_tcp_endpoint build --build-base /home/zpw/UR3e-ROS2-resources/build/ros_tcp_endpoint/build install --prefix /home/zpw/UR3e-ROS2-resources/install/ros_tcp_endpoint --record /home/zpw/UR3e-ROS2-resources/build/ros_tcp_endpoint/install.log --single-version-externally-managed
[1.356s] running egg_info
[1.357s] writing ../../build/ros_tcp_endpoint/ros_tcp_endpoint.egg-info/PKG-INFO
[1.357s] writing dependency_links to ../../build/ros_tcp_endpoint/ros_tcp_endpoint.egg-info/dependency_links.txt
[1.357s] writing entry points to ../../build/ros_tcp_endpoint/ros_tcp_endpoint.egg-info/entry_points.txt
[1.357s] writing requirements to ../../build/ros_tcp_endpoint/ros_tcp_endpoint.egg-info/requires.txt
[1.357s] writing top-level names to ../../build/ros_tcp_endpoint/ros_tcp_endpoint.egg-info/top_level.txt
[1.389s] reading manifest file '../../build/ros_tcp_endpoint/ros_tcp_endpoint.egg-info/SOURCES.txt'
[1.390s] writing manifest file '../../build/ros_tcp_endpoint/ros_tcp_endpoint.egg-info/SOURCES.txt'
[1.390s] running build
[1.390s] running build_py
[1.391s] running install
[1.396s] running install_lib
[1.396s] running install_data
[1.396s] running install_egg_info
[1.397s] removing '/home/zpw/UR3e-ROS2-resources/install/ros_tcp_endpoint/lib/python3.8/site-packages/ros_tcp_endpoint-0.0.1-py3.8.egg-info' (and everything under it)
[1.397s] Copying ../../build/ros_tcp_endpoint/ros_tcp_endpoint.egg-info to /home/zpw/UR3e-ROS2-resources/install/ros_tcp_endpoint/lib/python3.8/site-packages/ros_tcp_endpoint-0.0.1-py3.8.egg-info
[1.398s] running install_scripts
[1.418s] Installing default_server_endpoint script to /home/zpw/UR3e-ROS2-resources/install/ros_tcp_endpoint/lib/ros_tcp_endpoint
[1.424s] writing list of installed files to '/home/zpw/UR3e-ROS2-resources/build/ros_tcp_endpoint/install.log'
[1.466s] Invoked command in '/home/zpw/UR3e-ROS2-resources/src/ROS-TCP-Endpoint' returned '0': PYTHONPATH=/home/zpw/UR3e-ROS2-resources/install/ros_tcp_endpoint/lib/python3.8/site-packages:${PYTHONPATH} /usr/bin/python3 setup.py egg_info --egg-base ../../build/ros_tcp_endpoint build --build-base /home/zpw/UR3e-ROS2-resources/build/ros_tcp_endpoint/build install --prefix /home/zpw/UR3e-ROS2-resources/install/ros_tcp_endpoint --record /home/zpw/UR3e-ROS2-resources/build/ros_tcp_endpoint/install.log --single-version-externally-managed
