[0.132s] Invoking command in '/home/zpw/UR3e-ROS2-resources/build/ur_bringup': CMAKE_PREFIX_PATH=${CMAKE_PREFIX_PATH}:/home/zpw/UR3e-ROS2-resources/install/vr_connector:/home/zpw/UR3e-ROS2-resources/install/unity_robotics_demo:/home/zpw/UR3e-ROS2-resources/install/ros_tcp_endpoint:/opt/ros/foxy /usr/bin/cmake --build /home/zpw/UR3e-ROS2-resources/build/ur_bringup -- -j16 -l16
[1.520s] Invoked command in '/home/zpw/UR3e-ROS2-resources/build/ur_bringup' returned '0': CMAKE_PREFIX_PATH=${CMAKE_PREFIX_PATH}:/home/zpw/UR3e-ROS2-resources/install/vr_connector:/home/zpw/UR3e-ROS2-resources/install/unity_robotics_demo:/home/zpw/UR3e-ROS2-resources/install/ros_tcp_endpoint:/opt/ros/foxy /usr/bin/cmake --build /home/zpw/UR3e-ROS2-resources/build/ur_bringup -- -j16 -l16
[1.646s] Invoking command in '/home/zpw/UR3e-ROS2-resources/build/ur_bringup': CMAKE_PREFIX_PATH=${CMAKE_PREFIX_PATH}:/home/zpw/UR3e-ROS2-resources/install/vr_connector:/home/zpw/UR3e-ROS2-resources/install/unity_robotics_demo:/home/zpw/UR3e-ROS2-resources/install/ros_tcp_endpoint:/opt/ros/foxy /usr/bin/cmake --install /home/zpw/UR3e-ROS2-resources/build/ur_bringup
[1.718s] -- Install configuration: ""
[1.764s] -- Execute custom install script
[1.764s] -- Up-to-date symlink: /home/zpw/UR3e-ROS2-resources/install/ur_bringup/share/ur_bringup/config/test_goal_publishers_config.yaml
[1.774s] -- Up-to-date symlink: /home/zpw/UR3e-ROS2-resources/install/ur_bringup/share/ur_bringup/config/ur_controllers.yaml
[1.794s] -- Up-to-date symlink: /home/zpw/UR3e-ROS2-resources/install/ur_bringup/share/ur_bringup/launch/test_joint_trajectory_controller.launch.py
[1.803s] -- Up-to-date symlink: /home/zpw/UR3e-ROS2-resources/install/ur_bringup/share/ur_bringup/launch/test_scaled_joint_trajectory_controller.launch.py
[1.810s] -- Up-to-date symlink: /home/zpw/UR3e-ROS2-resources/install/ur_bringup/share/ur_bringup/launch/ur10.launch.py
[1.811s] -- Up-to-date symlink: /home/zpw/UR3e-ROS2-resources/install/ur_bringup/share/ur_bringup/launch/ur10e.launch.py
[1.813s] -- Up-to-date symlink: /home/zpw/UR3e-ROS2-resources/install/ur_bringup/share/ur_bringup/launch/ur16e.launch.py
[1.817s] -- Up-to-date symlink: /home/zpw/UR3e-ROS2-resources/install/ur_bringup/share/ur_bringup/launch/ur3.launch.py
[1.823s] -- Up-to-date symlink: /home/zpw/UR3e-ROS2-resources/install/ur_bringup/share/ur_bringup/launch/ur3e.launch.py
[1.847s] -- Up-to-date symlink: /home/zpw/UR3e-ROS2-resources/install/ur_bringup/share/ur_bringup/launch/ur5.launch.py
[1.860s] -- Up-to-date symlink: /home/zpw/UR3e-ROS2-resources/install/ur_bringup/share/ur_bringup/launch/ur5e.launch.py
[1.885s] -- Up-to-date symlink: /home/zpw/UR3e-ROS2-resources/install/ur_bringup/share/ur_bringup/launch/ur_control.launch.py
[1.885s] -- Up-to-date symlink: /home/zpw/UR3e-ROS2-resources/install/ur_bringup/share/ur_bringup/launch/ur_dashboard_client.launch.py
[1.885s] -- Up-to-date symlink: /home/zpw/UR3e-ROS2-resources/install/ur_bringup/share/ur_bringup/launch/ur_moveit.launch.py
[1.892s] -- Up-to-date symlink: /home/zpw/UR3e-ROS2-resources/install/ur_bringup/share/ament_index/resource_index/package_run_dependencies/ur_bringup
[1.900s] -- Up-to-date symlink: /home/zpw/UR3e-ROS2-resources/install/ur_bringup/share/ament_index/resource_index/parent_prefix_path/ur_bringup
[1.901s] -- Up-to-date symlink: /home/zpw/UR3e-ROS2-resources/install/ur_bringup/share/ur_bringup/environment/ament_prefix_path.sh
[1.901s] -- Up-to-date symlink: /home/zpw/UR3e-ROS2-resources/install/ur_bringup/share/ur_bringup/environment/ament_prefix_path.dsv
[1.901s] -- Up-to-date symlink: /home/zpw/UR3e-ROS2-resources/install/ur_bringup/share/ur_bringup/environment/path.sh
[1.901s] -- Up-to-date symlink: /home/zpw/UR3e-ROS2-resources/install/ur_bringup/share/ur_bringup/environment/path.dsv
[1.913s] -- Up-to-date symlink: /home/zpw/UR3e-ROS2-resources/install/ur_bringup/share/ur_bringup/local_setup.bash
[1.915s] -- Up-to-date symlink: /home/zpw/UR3e-ROS2-resources/install/ur_bringup/share/ur_bringup/local_setup.sh
[1.915s] -- Up-to-date symlink: /home/zpw/UR3e-ROS2-resources/install/ur_bringup/share/ur_bringup/local_setup.zsh
[1.923s] -- Up-to-date symlink: /home/zpw/UR3e-ROS2-resources/install/ur_bringup/share/ur_bringup/local_setup.dsv
[1.926s] -- Symlinking: /home/zpw/UR3e-ROS2-resources/install/ur_bringup/share/ur_bringup/package.dsv
[1.987s] -- Up-to-date symlink: /home/zpw/UR3e-ROS2-resources/install/ur_bringup/share/ament_index/resource_index/packages/ur_bringup
[1.988s] -- Up-to-date symlink: /home/zpw/UR3e-ROS2-resources/install/ur_bringup/share/ur_bringup/cmake/ur_bringupConfig.cmake
[1.988s] -- Up-to-date symlink: /home/zpw/UR3e-ROS2-resources/install/ur_bringup/share/ur_bringup/cmake/ur_bringupConfig-version.cmake
[1.988s] -- Up-to-date symlink: /home/zpw/UR3e-ROS2-resources/install/ur_bringup/share/ur_bringup/package.xml
[2.241s] Invoked command in '/home/zpw/UR3e-ROS2-resources/build/ur_bringup' returned '0': CMAKE_PREFIX_PATH=${CMAKE_PREFIX_PATH}:/home/zpw/UR3e-ROS2-resources/install/vr_connector:/home/zpw/UR3e-ROS2-resources/install/unity_robotics_demo:/home/zpw/UR3e-ROS2-resources/install/ros_tcp_endpoint:/opt/ros/foxy /usr/bin/cmake --install /home/zpw/UR3e-ROS2-resources/build/ur_bringup
