[0.598s] Invoking command in '/home/zpw/UR3e-ROS2-resources/build/teleop': CMAKE_PREFIX_PATH=${CMAKE_PREFIX_PATH}:/home/zpw/UR3e-ROS2-resources/install/vr_connector:/home/zpw/UR3e-ROS2-resources/install/unity_robotics_demo:/home/zpw/UR3e-ROS2-resources/install/ros_tcp_endpoint:/opt/ros/foxy /usr/bin/cmake --build /home/zpw/UR3e-ROS2-resources/build/teleop -- -j16 -l16
[1.320s] [100%] Built target joystick_input
[1.343s] Invoked command in '/home/zpw/UR3e-ROS2-resources/build/teleop' returned '0': CMAKE_PREFIX_PATH=${CMAKE_PREFIX_PATH}:/home/zpw/UR3e-ROS2-resources/install/vr_connector:/home/zpw/UR3e-ROS2-resources/install/unity_robotics_demo:/home/zpw/UR3e-ROS2-resources/install/ros_tcp_endpoint:/opt/ros/foxy /usr/bin/cmake --build /home/zpw/UR3e-ROS2-resources/build/teleop -- -j16 -l16
[1.448s] Invoking command in '/home/zpw/UR3e-ROS2-resources/build/teleop': CMAKE_PREFIX_PATH=${CMAKE_PREFIX_PATH}:/home/zpw/UR3e-ROS2-resources/install/vr_connector:/home/zpw/UR3e-ROS2-resources/install/unity_robotics_demo:/home/zpw/UR3e-ROS2-resources/install/ros_tcp_endpoint:/opt/ros/foxy /usr/bin/cmake --install /home/zpw/UR3e-ROS2-resources/build/teleop
[1.503s] -- Install configuration: ""
[1.503s] -- Execute custom install script
[1.511s] -- Up-to-date symlink: /home/zpw/UR3e-ROS2-resources/install/teleop/share/teleop/config/ur3e_servo_config.yaml
[1.511s] -- Up-to-date symlink: /home/zpw/UR3e-ROS2-resources/install/teleop/share/teleop/config/ur3e_teleop.rviz
[1.511s] -- Up-to-date symlink: /home/zpw/UR3e-ROS2-resources/install/teleop/share/teleop/launch/servo_teleop.launch.py
[1.511s] -- Up-to-date symlink: /home/zpw/UR3e-ROS2-resources/install/teleop/lib/libjoystick_input.so
[1.511s] -- Up-to-date symlink: /home/zpw/UR3e-ROS2-resources/install/teleop/share/ament_index/resource_index/package_run_dependencies/teleop
[1.511s] -- Up-to-date symlink: /home/zpw/UR3e-ROS2-resources/install/teleop/share/ament_index/resource_index/parent_prefix_path/teleop
[1.511s] -- Up-to-date symlink: /home/zpw/UR3e-ROS2-resources/install/teleop/share/teleop/environment/ament_prefix_path.sh
[1.512s] -- Up-to-date symlink: /home/zpw/UR3e-ROS2-resources/install/teleop/share/teleop/environment/ament_prefix_path.dsv
[1.512s] -- Up-to-date symlink: /home/zpw/UR3e-ROS2-resources/install/teleop/share/teleop/environment/path.sh
[1.513s] -- Up-to-date symlink: /home/zpw/UR3e-ROS2-resources/install/teleop/share/teleop/environment/path.dsv
[1.513s] -- Up-to-date symlink: /home/zpw/UR3e-ROS2-resources/install/teleop/share/teleop/local_setup.bash
[1.513s] -- Up-to-date symlink: /home/zpw/UR3e-ROS2-resources/install/teleop/share/teleop/local_setup.sh
[1.513s] -- Up-to-date symlink: /home/zpw/UR3e-ROS2-resources/install/teleop/share/teleop/local_setup.zsh
[1.513s] -- Up-to-date symlink: /home/zpw/UR3e-ROS2-resources/install/teleop/share/teleop/local_setup.dsv
[1.514s] -- Symlinking: /home/zpw/UR3e-ROS2-resources/install/teleop/share/teleop/package.dsv
[1.572s] -- Up-to-date symlink: /home/zpw/UR3e-ROS2-resources/install/teleop/share/ament_index/resource_index/packages/teleop
[1.572s] -- Up-to-date symlink: /home/zpw/UR3e-ROS2-resources/install/teleop/share/ament_index/resource_index/rclcpp_components/teleop
[1.573s] -- Up-to-date symlink: /home/zpw/UR3e-ROS2-resources/install/teleop/share/teleop/cmake/teleopConfig.cmake
[1.573s] -- Up-to-date symlink: /home/zpw/UR3e-ROS2-resources/install/teleop/share/teleop/cmake/teleopConfig-version.cmake
[1.574s] -- Up-to-date symlink: /home/zpw/UR3e-ROS2-resources/install/teleop/share/teleop/package.xml
[1.585s] Invoked command in '/home/zpw/UR3e-ROS2-resources/build/teleop' returned '0': CMAKE_PREFIX_PATH=${CMAKE_PREFIX_PATH}:/home/zpw/UR3e-ROS2-resources/install/vr_connector:/home/zpw/UR3e-ROS2-resources/install/unity_robotics_demo:/home/zpw/UR3e-ROS2-resources/install/ros_tcp_endpoint:/opt/ros/foxy /usr/bin/cmake --install /home/zpw/UR3e-ROS2-resources/build/teleop
