[0.022s] Invoking command in '/home/zpw/UR3e-ROS2-resources/build/ur_controllers': AMENT_PREFIX_PATH=/home/zpw/UR3e-ROS2-resources/install/ur_msgs:/home/zpw/UR3e-ROS2-resources/install/ur_dashboard_msgs:${AMENT_PREFIX_PATH} CMAKE_PREFIX_PATH=/home/zpw/UR3e-ROS2-resources/install/ur_msgs:/home/zpw/UR3e-ROS2-resources/install/ur_dashboard_msgs:/home/zpw/UR3e-ROS2-resources/install/ur_client_library:/opt/ros/foxy LD_LIBRARY_PATH=/home/zpw/UR3e-ROS2-resources/install/ur_msgs/lib:/home/zpw/UR3e-ROS2-resources/install/ur_dashboard_msgs/lib:/home/zpw/UR3e-ROS2-resources/install/ur_client_library/lib:${LD_LIBRARY_PATH} PKG_CONFIG_PATH=/home/zpw/UR3e-ROS2-resources/install/ur_client_library/lib/x86_64-linux-gnu/pkgconfig:/home/zpw/UR3e-ROS2-resources/install/ur_client_library/lib/pkgconfig PYTHONPATH=/home/zpw/UR3e-ROS2-resources/install/ur_msgs/lib/python3.8/site-packages:/home/zpw/UR3e-ROS2-resources/install/ur_dashboard_msgs/lib/python3.8/site-packages:${PYTHONPATH} /usr/bin/cmake --build /home/zpw/UR3e-ROS2-resources/build/ur_controllers -- -j16 -l16
[0.099s] [100%] Built target ur_controllers
[0.122s] Invoked command in '/home/zpw/UR3e-ROS2-resources/build/ur_controllers' returned '0': AMENT_PREFIX_PATH=/home/zpw/UR3e-ROS2-resources/install/ur_msgs:/home/zpw/UR3e-ROS2-resources/install/ur_dashboard_msgs:${AMENT_PREFIX_PATH} CMAKE_PREFIX_PATH=/home/zpw/UR3e-ROS2-resources/install/ur_msgs:/home/zpw/UR3e-ROS2-resources/install/ur_dashboard_msgs:/home/zpw/UR3e-ROS2-resources/install/ur_client_library:/opt/ros/foxy LD_LIBRARY_PATH=/home/zpw/UR3e-ROS2-resources/install/ur_msgs/lib:/home/zpw/UR3e-ROS2-resources/install/ur_dashboard_msgs/lib:/home/zpw/UR3e-ROS2-resources/install/ur_client_library/lib:${LD_LIBRARY_PATH} PKG_CONFIG_PATH=/home/zpw/UR3e-ROS2-resources/install/ur_client_library/lib/x86_64-linux-gnu/pkgconfig:/home/zpw/UR3e-ROS2-resources/install/ur_client_library/lib/pkgconfig PYTHONPATH=/home/zpw/UR3e-ROS2-resources/install/ur_msgs/lib/python3.8/site-packages:/home/zpw/UR3e-ROS2-resources/install/ur_dashboard_msgs/lib/python3.8/site-packages:${PYTHONPATH} /usr/bin/cmake --build /home/zpw/UR3e-ROS2-resources/build/ur_controllers -- -j16 -l16
[0.156s] Invoking command in '/home/zpw/UR3e-ROS2-resources/build/ur_controllers': AMENT_PREFIX_PATH=/home/zpw/UR3e-ROS2-resources/install/ur_msgs:/home/zpw/UR3e-ROS2-resources/install/ur_dashboard_msgs:${AMENT_PREFIX_PATH} CMAKE_PREFIX_PATH=/home/zpw/UR3e-ROS2-resources/install/ur_msgs:/home/zpw/UR3e-ROS2-resources/install/ur_dashboard_msgs:/home/zpw/UR3e-ROS2-resources/install/ur_client_library:/opt/ros/foxy LD_LIBRARY_PATH=/home/zpw/UR3e-ROS2-resources/install/ur_msgs/lib:/home/zpw/UR3e-ROS2-resources/install/ur_dashboard_msgs/lib:/home/zpw/UR3e-ROS2-resources/install/ur_client_library/lib:${LD_LIBRARY_PATH} PKG_CONFIG_PATH=/home/zpw/UR3e-ROS2-resources/install/ur_client_library/lib/x86_64-linux-gnu/pkgconfig:/home/zpw/UR3e-ROS2-resources/install/ur_client_library/lib/pkgconfig PYTHONPATH=/home/zpw/UR3e-ROS2-resources/install/ur_msgs/lib/python3.8/site-packages:/home/zpw/UR3e-ROS2-resources/install/ur_dashboard_msgs/lib/python3.8/site-packages:${PYTHONPATH} /usr/bin/cmake --install /home/zpw/UR3e-ROS2-resources/build/ur_controllers
[0.162s] -- Install configuration: ""
[0.163s] -- Execute custom install script
[0.163s] -- Up-to-date symlink: /home/zpw/UR3e-ROS2-resources/install/ur_controllers/share/ur_controllers//controller_plugins.xml
[0.163s] -- Up-to-date symlink: /home/zpw/UR3e-ROS2-resources/install/ur_controllers/lib/libur_controllers.so
[0.163s] -- Up-to-date symlink: /home/zpw/UR3e-ROS2-resources/install/ur_controllers/include/ur_controllers/force_torque_sensor_broadcaster.hpp
[0.164s] -- Up-to-date symlink: /home/zpw/UR3e-ROS2-resources/install/ur_controllers/include/ur_controllers/gpio_controller.hpp
[0.164s] -- Up-to-date symlink: /home/zpw/UR3e-ROS2-resources/install/ur_controllers/include/ur_controllers/scaled_joint_trajectory_controller.hpp
[0.164s] -- Up-to-date symlink: /home/zpw/UR3e-ROS2-resources/install/ur_controllers/include/ur_controllers/speed_scaling_state_broadcaster.hpp
[0.164s] -- Up-to-date symlink: /home/zpw/UR3e-ROS2-resources/install/ur_controllers/share/ur_controllers/controller_plugins.xml
[0.164s] -- Up-to-date symlink: /home/zpw/UR3e-ROS2-resources/install/ur_controllers/share/ur_controllers/environment/library_path.sh
[0.164s] -- Up-to-date symlink: /home/zpw/UR3e-ROS2-resources/install/ur_controllers/share/ur_controllers/environment/library_path.dsv
[0.165s] -- Up-to-date symlink: /home/zpw/UR3e-ROS2-resources/install/ur_controllers/share/ament_index/resource_index/package_run_dependencies/ur_controllers
[0.165s] -- Up-to-date symlink: /home/zpw/UR3e-ROS2-resources/install/ur_controllers/share/ament_index/resource_index/parent_prefix_path/ur_controllers
[0.165s] -- Up-to-date symlink: /home/zpw/UR3e-ROS2-resources/install/ur_controllers/share/ur_controllers/environment/ament_prefix_path.sh
[0.165s] -- Up-to-date symlink: /home/zpw/UR3e-ROS2-resources/install/ur_controllers/share/ur_controllers/environment/ament_prefix_path.dsv
[0.165s] -- Up-to-date symlink: /home/zpw/UR3e-ROS2-resources/install/ur_controllers/share/ur_controllers/environment/path.sh
[0.165s] -- Up-to-date symlink: /home/zpw/UR3e-ROS2-resources/install/ur_controllers/share/ur_controllers/environment/path.dsv
[0.165s] -- Up-to-date symlink: /home/zpw/UR3e-ROS2-resources/install/ur_controllers/share/ur_controllers/local_setup.bash
[0.166s] -- Up-to-date symlink: /home/zpw/UR3e-ROS2-resources/install/ur_controllers/share/ur_controllers/local_setup.sh
[0.166s] -- Up-to-date symlink: /home/zpw/UR3e-ROS2-resources/install/ur_controllers/share/ur_controllers/local_setup.zsh
[0.166s] -- Up-to-date symlink: /home/zpw/UR3e-ROS2-resources/install/ur_controllers/share/ur_controllers/local_setup.dsv
[0.166s] -- Symlinking: /home/zpw/UR3e-ROS2-resources/install/ur_controllers/share/ur_controllers/package.dsv
[0.174s] -- Up-to-date symlink: /home/zpw/UR3e-ROS2-resources/install/ur_controllers/share/ament_index/resource_index/packages/ur_controllers
[0.174s] -- Up-to-date symlink: /home/zpw/UR3e-ROS2-resources/install/ur_controllers/share/ament_index/resource_index/controller_interface__pluginlib__plugin/ur_controllers
[0.175s] -- Up-to-date symlink: /home/zpw/UR3e-ROS2-resources/install/ur_controllers/share/ur_controllers/cmake/ament_cmake_export_dependencies-extras.cmake
[0.175s] -- Up-to-date symlink: /home/zpw/UR3e-ROS2-resources/install/ur_controllers/share/ur_controllers/cmake/ament_cmake_export_include_directories-extras.cmake
[0.175s] -- Up-to-date symlink: /home/zpw/UR3e-ROS2-resources/install/ur_controllers/share/ur_controllers/cmake/ament_cmake_export_libraries-extras.cmake
[0.175s] -- Up-to-date symlink: /home/zpw/UR3e-ROS2-resources/install/ur_controllers/share/ur_controllers/cmake/ur_controllersConfig.cmake
[0.175s] -- Up-to-date symlink: /home/zpw/UR3e-ROS2-resources/install/ur_controllers/share/ur_controllers/cmake/ur_controllersConfig-version.cmake
[0.175s] -- Up-to-date symlink: /home/zpw/UR3e-ROS2-resources/install/ur_controllers/share/ur_controllers/package.xml
[0.179s] Invoked command in '/home/zpw/UR3e-ROS2-resources/build/ur_controllers' returned '0': AMENT_PREFIX_PATH=/home/zpw/UR3e-ROS2-resources/install/ur_msgs:/home/zpw/UR3e-ROS2-resources/install/ur_dashboard_msgs:${AMENT_PREFIX_PATH} CMAKE_PREFIX_PATH=/home/zpw/UR3e-ROS2-resources/install/ur_msgs:/home/zpw/UR3e-ROS2-resources/install/ur_dashboard_msgs:/home/zpw/UR3e-ROS2-resources/install/ur_client_library:/opt/ros/foxy LD_LIBRARY_PATH=/home/zpw/UR3e-ROS2-resources/install/ur_msgs/lib:/home/zpw/UR3e-ROS2-resources/install/ur_dashboard_msgs/lib:/home/zpw/UR3e-ROS2-resources/install/ur_client_library/lib:${LD_LIBRARY_PATH} PKG_CONFIG_PATH=/home/zpw/UR3e-ROS2-resources/install/ur_client_library/lib/x86_64-linux-gnu/pkgconfig:/home/zpw/UR3e-ROS2-resources/install/ur_client_library/lib/pkgconfig PYTHONPATH=/home/zpw/UR3e-ROS2-resources/install/ur_msgs/lib/python3.8/site-packages:/home/zpw/UR3e-ROS2-resources/install/ur_dashboard_msgs/lib/python3.8/site-packages:${PYTHONPATH} /usr/bin/cmake --install /home/zpw/UR3e-ROS2-resources/build/ur_controllers
