[0.089s] Invoking command in '/home/zpw/UR3e-ROS2-resources/build/rviz_visual_tools': CMAKE_PREFIX_PATH=${CMAKE_PREFIX_PATH}:/home/zpw/UR3e-ROS2-resources/install/vr_connector:/home/zpw/UR3e-ROS2-resources/install/unity_robotics_demo:/home/zpw/UR3e-ROS2-resources/install/ros_tcp_endpoint:/opt/ros/foxy /usr/bin/cmake --build /home/zpw/UR3e-ROS2-resources/build/rviz_visual_tools -- -j16 -l16
[1.373s] [  2%] [34m[1mAutomatic MOC for target rviz_visual_tools_remote_control[0m
[1.373s] [  5%] [34m[1mAutomatic MOC for target gtest[0m
[1.373s] [ 10%] [34m[1mAutomatic MOC for target rviz_visual_tools_gui[0m
[1.374s] [ 10%] [34m[1mAutomatic MOC for target gtest_main[0m
[1.374s] [ 10%] Built target rviz_visual_tools_remote_control_autogen
[1.374s] [ 10%] Built target gtest_autogen
[1.374s] [ 10%] Built target rviz_visual_tools_gui_autogen
[1.374s] [ 10%] Built target gtest_main_autogen
[1.374s] [ 25%] Built target gtest_main
[1.374s] [ 25%] Built target gtest
[1.375s] [ 33%] Built target rviz_visual_tools_remote_control
[1.376s] [ 46%] Built target rviz_visual_tools_gui
[1.376s] [ 48%] [34m[1mAutomatic MOC for target rviz_visual_tools[0m
[1.376s] [ 48%] Built target rviz_visual_tools_autogen
[1.376s] [ 58%] Built target rviz_visual_tools
[1.376s] [ 66%] [34m[1mAutomatic MOC for target rviz_visual_tools_rvt_test[0m
[1.376s] [ 66%] [34m[1mAutomatic MOC for target rviz_visual_tools_demo[0m
[1.376s] [ 66%] [34m[1mAutomatic MOC for target rviz_visual_tools_imarker_simple[0m
[1.376s] [ 66%] Built target rviz_visual_tools_rvt_test_autogen
[1.377s] [ 66%] Built target rviz_visual_tools_demo_autogen
[1.377s] [ 66%] Built target rviz_visual_tools_imarker_simple_autogen
[1.377s] [ 89%] Built target rviz_visual_tools_rvt_test
[1.377s] [ 89%] Built target rviz_visual_tools_demo
[1.377s] [ 89%] Built target rviz_visual_tools_imarker_simple
[1.377s] [ 92%] [34m[1mAutomatic MOC for target rviz_visual_tools_imarker_simple_demo[0m
[1.377s] [ 92%] Built target rviz_visual_tools_imarker_simple_demo_autogen
[1.377s] [100%] Built target rviz_visual_tools_imarker_simple_demo
[1.399s] Invoked command in '/home/zpw/UR3e-ROS2-resources/build/rviz_visual_tools' returned '0': CMAKE_PREFIX_PATH=${CMAKE_PREFIX_PATH}:/home/zpw/UR3e-ROS2-resources/install/vr_connector:/home/zpw/UR3e-ROS2-resources/install/unity_robotics_demo:/home/zpw/UR3e-ROS2-resources/install/ros_tcp_endpoint:/opt/ros/foxy /usr/bin/cmake --build /home/zpw/UR3e-ROS2-resources/build/rviz_visual_tools -- -j16 -l16
[1.897s] Invoking command in '/home/zpw/UR3e-ROS2-resources/build/rviz_visual_tools': CMAKE_PREFIX_PATH=${CMAKE_PREFIX_PATH}:/home/zpw/UR3e-ROS2-resources/install/vr_connector:/home/zpw/UR3e-ROS2-resources/install/unity_robotics_demo:/home/zpw/UR3e-ROS2-resources/install/ros_tcp_endpoint:/opt/ros/foxy /usr/bin/cmake --install /home/zpw/UR3e-ROS2-resources/build/rviz_visual_tools
[2.049s] -- Install configuration: ""
[2.056s] -- Execute custom install script
[2.057s] -- Up-to-date symlink: /home/zpw/UR3e-ROS2-resources/install/rviz_visual_tools/share/rviz_visual_tools//plugin_description.xml
[2.057s] -- Up-to-date symlink: /home/zpw/UR3e-ROS2-resources/install/rviz_visual_tools/lib/rviz_visual_tools/rviz_visual_tools_demo
[2.105s] -- Up-to-date symlink: /home/zpw/UR3e-ROS2-resources/install/rviz_visual_tools/lib/rviz_visual_tools/rviz_visual_tools_imarker_simple_demo
[2.105s] -- Up-to-date symlink: /home/zpw/UR3e-ROS2-resources/install/rviz_visual_tools/include/rviz_visual_tools/imarker_simple.hpp
[2.105s] -- Up-to-date symlink: /home/zpw/UR3e-ROS2-resources/install/rviz_visual_tools/include/rviz_visual_tools/key_tool.hpp
[2.105s] -- Up-to-date symlink: /home/zpw/UR3e-ROS2-resources/install/rviz_visual_tools/include/rviz_visual_tools/remote_control.hpp
[2.106s] -- Up-to-date symlink: /home/zpw/UR3e-ROS2-resources/install/rviz_visual_tools/include/rviz_visual_tools/remote_reciever.hpp
[2.107s] -- Up-to-date symlink: /home/zpw/UR3e-ROS2-resources/install/rviz_visual_tools/include/rviz_visual_tools/rviz_visual_tools.hpp
[2.108s] -- Up-to-date symlink: /home/zpw/UR3e-ROS2-resources/install/rviz_visual_tools/include/rviz_visual_tools/rviz_visual_tools_gui.hpp
[2.109s] -- Up-to-date symlink: /home/zpw/UR3e-ROS2-resources/install/rviz_visual_tools/include/rviz_visual_tools/tf_visual_tools.hpp
[2.111s] -- Up-to-date symlink: /home/zpw/UR3e-ROS2-resources/install/rviz_visual_tools/share/rviz_visual_tools/launch/demo.rviz
[2.113s] -- Up-to-date symlink: /home/zpw/UR3e-ROS2-resources/install/rviz_visual_tools/share/rviz_visual_tools/launch/demo_combined.launch.py
[2.121s] -- Up-to-date symlink: /home/zpw/UR3e-ROS2-resources/install/rviz_visual_tools/share/rviz_visual_tools/launch/demo_rviz.launch.py
[2.126s] -- Up-to-date symlink: /home/zpw/UR3e-ROS2-resources/install/rviz_visual_tools/share/rviz_visual_tools/launch/rvt_test.launch
[2.135s] -- Up-to-date symlink: /home/zpw/UR3e-ROS2-resources/install/rviz_visual_tools/share/rviz_visual_tools/environment/library_path.sh
[2.136s] -- Up-to-date symlink: /home/zpw/UR3e-ROS2-resources/install/rviz_visual_tools/share/rviz_visual_tools/environment/library_path.dsv
[2.142s] -- Up-to-date symlink: /home/zpw/UR3e-ROS2-resources/install/rviz_visual_tools/share/ament_index/resource_index/package_run_dependencies/rviz_visual_tools
[2.147s] -- Up-to-date symlink: /home/zpw/UR3e-ROS2-resources/install/rviz_visual_tools/share/ament_index/resource_index/parent_prefix_path/rviz_visual_tools
[2.151s] -- Up-to-date symlink: /home/zpw/UR3e-ROS2-resources/install/rviz_visual_tools/share/rviz_visual_tools/environment/ament_prefix_path.sh
[2.152s] -- Up-to-date symlink: /home/zpw/UR3e-ROS2-resources/install/rviz_visual_tools/share/rviz_visual_tools/environment/ament_prefix_path.dsv
[2.152s] -- Up-to-date symlink: /home/zpw/UR3e-ROS2-resources/install/rviz_visual_tools/share/rviz_visual_tools/environment/path.sh
[2.169s] -- Up-to-date symlink: /home/zpw/UR3e-ROS2-resources/install/rviz_visual_tools/share/rviz_visual_tools/environment/path.dsv
[2.176s] -- Up-to-date symlink: /home/zpw/UR3e-ROS2-resources/install/rviz_visual_tools/share/rviz_visual_tools/local_setup.bash
[2.181s] -- Up-to-date symlink: /home/zpw/UR3e-ROS2-resources/install/rviz_visual_tools/share/rviz_visual_tools/local_setup.sh
[2.183s] -- Up-to-date symlink: /home/zpw/UR3e-ROS2-resources/install/rviz_visual_tools/share/rviz_visual_tools/local_setup.zsh
[2.184s] -- Up-to-date symlink: /home/zpw/UR3e-ROS2-resources/install/rviz_visual_tools/share/rviz_visual_tools/local_setup.dsv
[2.263s] -- Symlinking: /home/zpw/UR3e-ROS2-resources/install/rviz_visual_tools/share/rviz_visual_tools/package.dsv
[2.384s] -- Up-to-date symlink: /home/zpw/UR3e-ROS2-resources/install/rviz_visual_tools/share/ament_index/resource_index/packages/rviz_visual_tools
[2.385s] -- Up-to-date symlink: /home/zpw/UR3e-ROS2-resources/install/rviz_visual_tools/share/ament_index/resource_index/rviz_common__pluginlib__plugin/rviz_visual_tools
[2.386s] -- Up-to-date symlink: /home/zpw/UR3e-ROS2-resources/install/rviz_visual_tools/share/rviz_visual_tools/cmake/ament_cmake_export_dependencies-extras.cmake
[2.389s] -- Up-to-date symlink: /home/zpw/UR3e-ROS2-resources/install/rviz_visual_tools/share/rviz_visual_tools/cmake/ament_cmake_export_include_directories-extras.cmake
[2.391s] -- Up-to-date symlink: /home/zpw/UR3e-ROS2-resources/install/rviz_visual_tools/share/rviz_visual_tools/cmake/ament_cmake_export_libraries-extras.cmake
[2.392s] -- Up-to-date symlink: /home/zpw/UR3e-ROS2-resources/install/rviz_visual_tools/share/rviz_visual_tools/cmake/rviz_visual_toolsConfig.cmake
[2.393s] -- Up-to-date symlink: /home/zpw/UR3e-ROS2-resources/install/rviz_visual_tools/share/rviz_visual_tools/cmake/rviz_visual_toolsConfig-version.cmake
[2.393s] -- Up-to-date symlink: /home/zpw/UR3e-ROS2-resources/install/rviz_visual_tools/share/rviz_visual_tools/package.xml
[2.394s] -- Up-to-date: /home/zpw/UR3e-ROS2-resources/install/rviz_visual_tools/lib/librviz_visual_tools.so
[2.396s] -- Up-to-date: /home/zpw/UR3e-ROS2-resources/install/rviz_visual_tools/lib/librviz_visual_tools_remote_control.so
[2.396s] -- Up-to-date: /home/zpw/UR3e-ROS2-resources/install/rviz_visual_tools/lib/librviz_visual_tools_gui.so
[2.397s] -- Up-to-date: /home/zpw/UR3e-ROS2-resources/install/rviz_visual_tools/lib/librviz_visual_tools_imarker_simple.so
[2.412s] Invoked command in '/home/zpw/UR3e-ROS2-resources/build/rviz_visual_tools' returned '0': CMAKE_PREFIX_PATH=${CMAKE_PREFIX_PATH}:/home/zpw/UR3e-ROS2-resources/install/vr_connector:/home/zpw/UR3e-ROS2-resources/install/unity_robotics_demo:/home/zpw/UR3e-ROS2-resources/install/ros_tcp_endpoint:/opt/ros/foxy /usr/bin/cmake --install /home/zpw/UR3e-ROS2-resources/build/rviz_visual_tools
