[0.049s] Invoking command in '/home/zpw/UR3e-ROS2-resources/build/ur3e_tutorials': AMENT_PREFIX_PATH=/home/zpw/UR3e-ROS2-resources/install/moveit_visual_tools:/home/zpw/UR3e-ROS2-resources/install/rviz_visual_tools:${AMENT_PREFIX_PATH} CMAKE_PREFIX_PATH=/home/zpw/UR3e-ROS2-resources/install/moveit_visual_tools:/home/zpw/UR3e-ROS2-resources/install/rviz_visual_tools:/opt/ros/foxy LD_LIBRARY_PATH=/home/zpw/UR3e-ROS2-resources/install/moveit_visual_tools/lib:/home/zpw/UR3e-ROS2-resources/install/rviz_visual_tools/lib:${LD_LIBRARY_PATH} /usr/bin/cmake --build /home/zpw/UR3e-ROS2-resources/build/ur3e_tutorials -- -j16 -l16
[0.244s] [100%] Built target move_group_interface_tutorial
[0.256s] Invoked command in '/home/zpw/UR3e-ROS2-resources/build/ur3e_tutorials' returned '0': AMENT_PREFIX_PATH=/home/zpw/UR3e-ROS2-resources/install/moveit_visual_tools:/home/zpw/UR3e-ROS2-resources/install/rviz_visual_tools:${AMENT_PREFIX_PATH} CMAKE_PREFIX_PATH=/home/zpw/UR3e-ROS2-resources/install/moveit_visual_tools:/home/zpw/UR3e-ROS2-resources/install/rviz_visual_tools:/opt/ros/foxy LD_LIBRARY_PATH=/home/zpw/UR3e-ROS2-resources/install/moveit_visual_tools/lib:/home/zpw/UR3e-ROS2-resources/install/rviz_visual_tools/lib:${LD_LIBRARY_PATH} /usr/bin/cmake --build /home/zpw/UR3e-ROS2-resources/build/ur3e_tutorials -- -j16 -l16
[0.346s] Invoking command in '/home/zpw/UR3e-ROS2-resources/build/ur3e_tutorials': AMENT_PREFIX_PATH=/home/zpw/UR3e-ROS2-resources/install/moveit_visual_tools:/home/zpw/UR3e-ROS2-resources/install/rviz_visual_tools:${AMENT_PREFIX_PATH} CMAKE_PREFIX_PATH=/home/zpw/UR3e-ROS2-resources/install/moveit_visual_tools:/home/zpw/UR3e-ROS2-resources/install/rviz_visual_tools:/opt/ros/foxy LD_LIBRARY_PATH=/home/zpw/UR3e-ROS2-resources/install/moveit_visual_tools/lib:/home/zpw/UR3e-ROS2-resources/install/rviz_visual_tools/lib:${LD_LIBRARY_PATH} /usr/bin/cmake --install /home/zpw/UR3e-ROS2-resources/build/ur3e_tutorials
[0.354s] -- Install configuration: "Release"
[0.354s] -- Execute custom install script
[0.356s] -- Up-to-date symlink: /home/zpw/UR3e-ROS2-resources/install/ur3e_tutorials/share/ur3e_tutorials/launch/move_group_interface_tutorial.launch.py
[0.356s] -- Up-to-date symlink: /home/zpw/UR3e-ROS2-resources/install/ur3e_tutorials/lib/ur3e_tutorials/move_group_interface_tutorial
[0.357s] -- Up-to-date symlink: /home/zpw/UR3e-ROS2-resources/install/ur3e_tutorials/share/ament_index/resource_index/package_run_dependencies/ur3e_tutorials
[0.357s] -- Up-to-date symlink: /home/zpw/UR3e-ROS2-resources/install/ur3e_tutorials/share/ament_index/resource_index/parent_prefix_path/ur3e_tutorials
[0.357s] -- Up-to-date symlink: /home/zpw/UR3e-ROS2-resources/install/ur3e_tutorials/share/ur3e_tutorials/environment/ament_prefix_path.sh
[0.357s] -- Up-to-date symlink: /home/zpw/UR3e-ROS2-resources/install/ur3e_tutorials/share/ur3e_tutorials/environment/ament_prefix_path.dsv
[0.357s] -- Up-to-date symlink: /home/zpw/UR3e-ROS2-resources/install/ur3e_tutorials/share/ur3e_tutorials/environment/path.sh
[0.358s] -- Up-to-date symlink: /home/zpw/UR3e-ROS2-resources/install/ur3e_tutorials/share/ur3e_tutorials/environment/path.dsv
[0.358s] -- Up-to-date symlink: /home/zpw/UR3e-ROS2-resources/install/ur3e_tutorials/share/ur3e_tutorials/local_setup.bash
[0.358s] -- Up-to-date symlink: /home/zpw/UR3e-ROS2-resources/install/ur3e_tutorials/share/ur3e_tutorials/local_setup.sh
[0.361s] -- Up-to-date symlink: /home/zpw/UR3e-ROS2-resources/install/ur3e_tutorials/share/ur3e_tutorials/local_setup.zsh
[0.363s] -- Up-to-date symlink: /home/zpw/UR3e-ROS2-resources/install/ur3e_tutorials/share/ur3e_tutorials/local_setup.dsv
[0.364s] -- Symlinking: /home/zpw/UR3e-ROS2-resources/install/ur3e_tutorials/share/ur3e_tutorials/package.dsv
[0.381s] -- Up-to-date symlink: /home/zpw/UR3e-ROS2-resources/install/ur3e_tutorials/share/ament_index/resource_index/packages/ur3e_tutorials
[0.381s] -- Up-to-date symlink: /home/zpw/UR3e-ROS2-resources/install/ur3e_tutorials/share/ur3e_tutorials/cmake/ur3e_tutorialsConfig.cmake
[0.382s] -- Up-to-date symlink: /home/zpw/UR3e-ROS2-resources/install/ur3e_tutorials/share/ur3e_tutorials/cmake/ur3e_tutorialsConfig-version.cmake
[0.383s] -- Up-to-date symlink: /home/zpw/UR3e-ROS2-resources/install/ur3e_tutorials/share/ur3e_tutorials/package.xml
[0.405s] Invoked command in '/home/zpw/UR3e-ROS2-resources/build/ur3e_tutorials' returned '0': AMENT_PREFIX_PATH=/home/zpw/UR3e-ROS2-resources/install/moveit_visual_tools:/home/zpw/UR3e-ROS2-resources/install/rviz_visual_tools:${AMENT_PREFIX_PATH} CMAKE_PREFIX_PATH=/home/zpw/UR3e-ROS2-resources/install/moveit_visual_tools:/home/zpw/UR3e-ROS2-resources/install/rviz_visual_tools:/opt/ros/foxy LD_LIBRARY_PATH=/home/zpw/UR3e-ROS2-resources/install/moveit_visual_tools/lib:/home/zpw/UR3e-ROS2-resources/install/rviz_visual_tools/lib:${LD_LIBRARY_PATH} /usr/bin/cmake --install /home/zpw/UR3e-ROS2-resources/build/ur3e_tutorials
