[2.305s] Invoking command in '/home/zpw/UR3e-ROS2-resources/build/ur_moveit_config': CMAKE_PREFIX_PATH=${CMAKE_PREFIX_PATH}:/home/zpw/UR3e-ROS2-resources/install/vr_connector:/home/zpw/UR3e-ROS2-resources/install/unity_robotics_demo_msgs:/home/zpw/UR3e-ROS2-resources/install/unity_robotics_demo:/home/zpw/UR3e-ROS2-resources/install/ros_tcp_endpoint:/opt/ros/foxy /usr/bin/cmake --build /home/zpw/UR3e-ROS2-resources/build/ur_moveit_config -- -j16 -l16
[2.572s] Invoked command in '/home/zpw/UR3e-ROS2-resources/build/ur_moveit_config' returned '0': CMAKE_PREFIX_PATH=${CMAKE_PREFIX_PATH}:/home/zpw/UR3e-ROS2-resources/install/vr_connector:/home/zpw/UR3e-ROS2-resources/install/unity_robotics_demo_msgs:/home/zpw/UR3e-ROS2-resources/install/unity_robotics_demo:/home/zpw/UR3e-ROS2-resources/install/ros_tcp_endpoint:/opt/ros/foxy /usr/bin/cmake --build /home/zpw/UR3e-ROS2-resources/build/ur_moveit_config -- -j16 -l16
[2.893s] Invoking command in '/home/zpw/UR3e-ROS2-resources/build/ur_moveit_config': CMAKE_PREFIX_PATH=${CMAKE_PREFIX_PATH}:/home/zpw/UR3e-ROS2-resources/install/vr_connector:/home/zpw/UR3e-ROS2-resources/install/unity_robotics_demo_msgs:/home/zpw/UR3e-ROS2-resources/install/unity_robotics_demo:/home/zpw/UR3e-ROS2-resources/install/ros_tcp_endpoint:/opt/ros/foxy /usr/bin/cmake --install /home/zpw/UR3e-ROS2-resources/build/ur_moveit_config
[3.059s] -- Install configuration: ""
[3.097s] -- Execute custom install script
[3.098s] -- Up-to-date symlink: /home/zpw/UR3e-ROS2-resources/install/ur_moveit_config/share/ur_moveit_config/config/controllers.yaml
[3.141s] -- Up-to-date symlink: /home/zpw/UR3e-ROS2-resources/install/ur_moveit_config/share/ur_moveit_config/config/kinematics.yaml
[3.144s] -- Up-to-date symlink: /home/zpw/UR3e-ROS2-resources/install/ur_moveit_config/share/ur_moveit_config/config/ompl_planning.yaml
[3.149s] -- Up-to-date symlink: /home/zpw/UR3e-ROS2-resources/install/ur_moveit_config/share/ur_moveit_config/rviz/view_robot.rviz
[3.161s] -- Up-to-date symlink: /home/zpw/UR3e-ROS2-resources/install/ur_moveit_config/share/ur_moveit_config/srdf/ur.srdf.xacro
[3.167s] -- Up-to-date symlink: /home/zpw/UR3e-ROS2-resources/install/ur_moveit_config/share/ur_moveit_config/srdf/ur_macro.srdf.xacro
[3.190s] -- Up-to-date symlink: /home/zpw/UR3e-ROS2-resources/install/ur_moveit_config/share/ament_index/resource_index/package_run_dependencies/ur_moveit_config
[3.192s] -- Up-to-date symlink: /home/zpw/UR3e-ROS2-resources/install/ur_moveit_config/share/ament_index/resource_index/parent_prefix_path/ur_moveit_config
[3.197s] -- Up-to-date symlink: /home/zpw/UR3e-ROS2-resources/install/ur_moveit_config/share/ur_moveit_config/environment/ament_prefix_path.sh
[3.199s] -- Up-to-date symlink: /home/zpw/UR3e-ROS2-resources/install/ur_moveit_config/share/ur_moveit_config/environment/ament_prefix_path.dsv
[3.214s] -- Up-to-date symlink: /home/zpw/UR3e-ROS2-resources/install/ur_moveit_config/share/ur_moveit_config/environment/path.sh
[3.215s] -- Up-to-date symlink: /home/zpw/UR3e-ROS2-resources/install/ur_moveit_config/share/ur_moveit_config/environment/path.dsv
[3.216s] -- Up-to-date symlink: /home/zpw/UR3e-ROS2-resources/install/ur_moveit_config/share/ur_moveit_config/local_setup.bash
[3.225s] -- Up-to-date symlink: /home/zpw/UR3e-ROS2-resources/install/ur_moveit_config/share/ur_moveit_config/local_setup.sh
[3.229s] -- Up-to-date symlink: /home/zpw/UR3e-ROS2-resources/install/ur_moveit_config/share/ur_moveit_config/local_setup.zsh
[3.308s] -- Up-to-date symlink: /home/zpw/UR3e-ROS2-resources/install/ur_moveit_config/share/ur_moveit_config/local_setup.dsv
[3.312s] -- Symlinking: /home/zpw/UR3e-ROS2-resources/install/ur_moveit_config/share/ur_moveit_config/package.dsv
[3.458s] -- Up-to-date symlink: /home/zpw/UR3e-ROS2-resources/install/ur_moveit_config/share/ament_index/resource_index/packages/ur_moveit_config
[3.458s] -- Up-to-date symlink: /home/zpw/UR3e-ROS2-resources/install/ur_moveit_config/share/ur_moveit_config/cmake/ur_moveit_configConfig.cmake
[3.458s] -- Up-to-date symlink: /home/zpw/UR3e-ROS2-resources/install/ur_moveit_config/share/ur_moveit_config/cmake/ur_moveit_configConfig-version.cmake
[3.459s] -- Up-to-date symlink: /home/zpw/UR3e-ROS2-resources/install/ur_moveit_config/share/ur_moveit_config/package.xml
[3.460s] Invoked command in '/home/zpw/UR3e-ROS2-resources/build/ur_moveit_config' returned '0': CMAKE_PREFIX_PATH=${CMAKE_PREFIX_PATH}:/home/zpw/UR3e-ROS2-resources/install/vr_connector:/home/zpw/UR3e-ROS2-resources/install/unity_robotics_demo_msgs:/home/zpw/UR3e-ROS2-resources/install/unity_robotics_demo:/home/zpw/UR3e-ROS2-resources/install/ros_tcp_endpoint:/opt/ros/foxy /usr/bin/cmake --install /home/zpw/UR3e-ROS2-resources/build/ur_moveit_config
