[0.026s] Invoking command in '/home/bofengluo/ros2_ws/build/ros1_bridge': CMAKE_PREFIX_PATH=/home/bofengluo/ros2_ws/install/custom_msgs:/home/bofengluo/ros2_ws/install/pubsub:/home/bofengluo/ros2_ws/install/custom_msg_ros2:/home/bofengluo/catkin_ws/devel:/opt/ros/noetic:/home/bofengluo/ros2_foxy/ros2-linux /usr/bin/cmake /home/bofengluo/ros2_ws/src/ros1_bridge -DCMAKE_INSTALL_PREFIX=/home/bofengluo/ros2_ws/install/ros1_bridge
[0.040s] -- Found rmw: 1.0.3 (/home/bofengluo/ros2_foxy/ros2-linux/share/rmw/cmake)
[0.065s] -- Found PythonInterp: /usr/bin/python3 (found suitable version "3.8.10", minimum required is "3") 
[0.065s] -- Using PYTHON_EXECUTABLE: /usr/bin/python3
[0.270s] -- Found rclcpp: 2.4.1 (/home/bofengluo/ros2_foxy/ros2-linux/share/rclcpp/cmake)
[0.281s] -- Using all available rosidl_typesupport_c: rosidl_typesupport_connext_c;rosidl_typesupport_fastrtps_c;rosidl_typesupport_introspection_c
[0.284s] -- Found rosidl_adapter: 1.2.1 (/home/bofengluo/ros2_foxy/ros2-linux/share/rosidl_adapter/cmake)
[0.304s] -- Could not find RTI Connext - skipping rosidl_typesupport_connext_c
[0.309s] -- Could not find RTI Connext - skipping rosidl_typesupport_connext_cpp
[0.451s] -- Using all available rosidl_typesupport_cpp: rosidl_typesupport_connext_cpp;rosidl_typesupport_fastrtps_cpp;rosidl_typesupport_introspection_cpp
[0.493s] -- Found rmw_implementation_cmake: 1.0.3 (/home/bofengluo/ros2_foxy/ros2-linux/share/rmw_implementation_cmake/cmake)
[0.494s] -- Using RMW implementation 'rmw_fastrtps_cpp' as default
[1.457s] -- Found ament_lint_auto: 0.9.6 (/home/bofengluo/ros2_foxy/ros2-linux/share/ament_lint_auto/cmake)
[1.562s] -- Found python_cmake_module: 0.8.1 (/home/bofengluo/ros2_foxy/ros2-linux/share/python_cmake_module/cmake)
[1.585s] -- Found PythonInterp: /usr/bin/python3 (found suitable version "3.8.10", minimum required is "3.5") 
[1.589s] -- Using PYTHON_EXECUTABLE: /usr/bin/python3
[1.589s] -- Using PYTHON_INCLUDE_DIRS: /usr/include/python3.8
[1.589s] -- Using PYTHON_LIBRARIES: /usr/lib/x86_64-linux-gnu/libpython3.8.so
[1.610s] CMake Error at CMakeLists.txt:75 (message):
[1.610s]   Failed to find ROS 2 package 'diagnostic_msgs'
[1.610s] 
[1.611s] 
[1.611s] -- Configuring incomplete, errors occurred!
[1.611s] See also "/home/bofengluo/ros2_ws/build/ros1_bridge/CMakeFiles/CMakeOutput.log".
[1.611s] See also "/home/bofengluo/ros2_ws/build/ros1_bridge/CMakeFiles/CMakeError.log".
[1.619s] Invoked command in '/home/bofengluo/ros2_ws/build/ros1_bridge' returned '1': CMAKE_PREFIX_PATH=/home/bofengluo/ros2_ws/install/custom_msgs:/home/bofengluo/ros2_ws/install/pubsub:/home/bofengluo/ros2_ws/install/custom_msg_ros2:/home/bofengluo/catkin_ws/devel:/opt/ros/noetic:/home/bofengluo/ros2_foxy/ros2-linux /usr/bin/cmake /home/bofengluo/ros2_ws/src/ros1_bridge -DCMAKE_INSTALL_PREFIX=/home/bofengluo/ros2_ws/install/ros1_bridge
