[0.043s] Invoking command in '/home/zpw/UR3e-ROS2-resources/build/ur_robot_driver': AMENT_PREFIX_PATH=/home/zpw/UR3e-ROS2-resources/install/ur_controllers:/home/zpw/UR3e-ROS2-resources/install/ur_msgs:/home/zpw/UR3e-ROS2-resources/install/ur_description:/home/zpw/UR3e-ROS2-resources/install/ur_dashboard_msgs:/home/zpw/UR3e-ROS2-resources/install/ur_bringup:${AMENT_PREFIX_PATH} CMAKE_PREFIX_PATH=/home/zpw/UR3e-ROS2-resources/install/ur_controllers:/home/zpw/UR3e-ROS2-resources/install/ur_msgs:/home/zpw/UR3e-ROS2-resources/install/ur_description:/home/zpw/UR3e-ROS2-resources/install/ur_dashboard_msgs:/home/zpw/UR3e-ROS2-resources/install/ur_client_library:/home/zpw/UR3e-ROS2-resources/install/ur_bringup:/opt/ros/foxy LD_LIBRARY_PATH=/home/zpw/UR3e-ROS2-resources/install/ur_controllers/lib:/home/zpw/UR3e-ROS2-resources/install/ur_msgs/lib:/home/zpw/UR3e-ROS2-resources/install/ur_dashboard_msgs/lib:/home/zpw/UR3e-ROS2-resources/install/ur_client_library/lib:${LD_LIBRARY_PATH} PKG_CONFIG_PATH=/home/zpw/UR3e-ROS2-resources/install/ur_client_library/lib/x86_64-linux-gnu/pkgconfig:/home/zpw/UR3e-ROS2-resources/install/ur_client_library/lib/pkgconfig PYTHONPATH=/home/zpw/UR3e-ROS2-resources/install/ur_msgs/lib/python3.8/site-packages:/home/zpw/UR3e-ROS2-resources/install/ur_dashboard_msgs/lib/python3.8/site-packages:${PYTHONPATH} /usr/bin/cmake /home/zpw/UR3e-ROS2-resources/src/Universal_Robots_ROS2_Driver/ur_robot_driver -DCMAKE_INSTALL_PREFIX=/home/zpw/UR3e-ROS2-resources/install/ur_robot_driver
[0.094s] ur_robot_driver: You did not request a specific build type: selecting 'RelWithDebInfo'.
[0.094s] -- Found ament_cmake: 0.9.9 (/opt/ros/foxy/share/ament_cmake/cmake)
[0.127s] -- Found PythonInterp: /usr/bin/python3 (found suitable version "3.8.10", minimum required is "3") 
[0.127s] -- Using PYTHON_EXECUTABLE: /usr/bin/python3
[0.391s] -- Override CMake install command with custom implementation using symlinks instead of copying resources
[0.411s] -- Found hardware_interface: 0.9.0 (/opt/ros/foxy/share/hardware_interface/cmake)
[0.442s] -- Using all available rosidl_typesupport_c: rosidl_typesupport_fastrtps_c;rosidl_typesupport_introspection_c
[0.445s] -- Found rosidl_adapter: 1.2.1 (/opt/ros/foxy/share/rosidl_adapter/cmake)
[0.622s] -- Using all available rosidl_typesupport_cpp: rosidl_typesupport_fastrtps_cpp;rosidl_typesupport_introspection_cpp
[1.291s] -- Found rclcpp: 2.4.1 (/opt/ros/foxy/share/rclcpp/cmake)
[1.347s] -- Found rmw_implementation_cmake: 1.0.3 (/opt/ros/foxy/share/rmw_implementation_cmake/cmake)
[1.349s] -- Using RMW implementation 'rmw_fastrtps_cpp' as default
[1.527s] -- Found std_srvs: 2.0.5 (/opt/ros/foxy/share/std_srvs/cmake)
[1.549s] -- Found ur_dashboard_msgs: 0.0.0 (/home/zpw/UR3e-ROS2-resources/install/ur_dashboard_msgs/share/ur_dashboard_msgs/cmake)
[1.781s] -- Found ur_controllers: 0.0.0 (/home/zpw/UR3e-ROS2-resources/install/ur_controllers/share/ur_controllers/cmake)
[2.797s] -- Found ur_description: 0.0.0 (/home/zpw/UR3e-ROS2-resources/install/ur_description/share/ur_description/cmake)
[2.797s] -- Found ur_bringup: 0.0.0 (/home/zpw/UR3e-ROS2-resources/install/ur_bringup/share/ur_bringup/cmake)
[2.798s] -- Found launch_testing_ament_cmake: 0.10.8 (/opt/ros/foxy/share/launch_testing_ament_cmake/cmake)
[2.798s] -- Found python_cmake_module: 0.8.1 (/opt/ros/foxy/share/python_cmake_module/cmake)
[2.834s] -- Found PythonInterp: /usr/bin/python3 (found suitable version "3.8.10", minimum required is "3.5") 
[2.837s] -- Using PYTHON_EXECUTABLE: /usr/bin/python3
[2.838s] -- Using PYTHON_INCLUDE_DIRS: /usr/include/python3.8
[2.838s] -- Using PYTHON_LIBRARIES: /usr/lib/x86_64-linux-gnu/libpython3.8.so
[2.853s] -- Configuring done
[2.897s] -- Generating done
[2.910s] -- Build files have been written to: /home/zpw/UR3e-ROS2-resources/build/ur_robot_driver
[2.921s] Invoked command in '/home/zpw/UR3e-ROS2-resources/build/ur_robot_driver' returned '0': AMENT_PREFIX_PATH=/home/zpw/UR3e-ROS2-resources/install/ur_controllers:/home/zpw/UR3e-ROS2-resources/install/ur_msgs:/home/zpw/UR3e-ROS2-resources/install/ur_description:/home/zpw/UR3e-ROS2-resources/install/ur_dashboard_msgs:/home/zpw/UR3e-ROS2-resources/install/ur_bringup:${AMENT_PREFIX_PATH} CMAKE_PREFIX_PATH=/home/zpw/UR3e-ROS2-resources/install/ur_controllers:/home/zpw/UR3e-ROS2-resources/install/ur_msgs:/home/zpw/UR3e-ROS2-resources/install/ur_description:/home/zpw/UR3e-ROS2-resources/install/ur_dashboard_msgs:/home/zpw/UR3e-ROS2-resources/install/ur_client_library:/home/zpw/UR3e-ROS2-resources/install/ur_bringup:/opt/ros/foxy LD_LIBRARY_PATH=/home/zpw/UR3e-ROS2-resources/install/ur_controllers/lib:/home/zpw/UR3e-ROS2-resources/install/ur_msgs/lib:/home/zpw/UR3e-ROS2-resources/install/ur_dashboard_msgs/lib:/home/zpw/UR3e-ROS2-resources/install/ur_client_library/lib:${LD_LIBRARY_PATH} PKG_CONFIG_PATH=/home/zpw/UR3e-ROS2-resources/install/ur_client_library/lib/x86_64-linux-gnu/pkgconfig:/home/zpw/UR3e-ROS2-resources/install/ur_client_library/lib/pkgconfig PYTHONPATH=/home/zpw/UR3e-ROS2-resources/install/ur_msgs/lib/python3.8/site-packages:/home/zpw/UR3e-ROS2-resources/install/ur_dashboard_msgs/lib/python3.8/site-packages:${PYTHONPATH} /usr/bin/cmake /home/zpw/UR3e-ROS2-resources/src/Universal_Robots_ROS2_Driver/ur_robot_driver -DCMAKE_INSTALL_PREFIX=/home/zpw/UR3e-ROS2-resources/install/ur_robot_driver
[2.933s] Invoking command in '/home/zpw/UR3e-ROS2-resources/build/ur_robot_driver': AMENT_PREFIX_PATH=/home/zpw/UR3e-ROS2-resources/install/ur_controllers:/home/zpw/UR3e-ROS2-resources/install/ur_msgs:/home/zpw/UR3e-ROS2-resources/install/ur_description:/home/zpw/UR3e-ROS2-resources/install/ur_dashboard_msgs:/home/zpw/UR3e-ROS2-resources/install/ur_bringup:${AMENT_PREFIX_PATH} CMAKE_PREFIX_PATH=/home/zpw/UR3e-ROS2-resources/install/ur_controllers:/home/zpw/UR3e-ROS2-resources/install/ur_msgs:/home/zpw/UR3e-ROS2-resources/install/ur_description:/home/zpw/UR3e-ROS2-resources/install/ur_dashboard_msgs:/home/zpw/UR3e-ROS2-resources/install/ur_client_library:/home/zpw/UR3e-ROS2-resources/install/ur_bringup:/opt/ros/foxy LD_LIBRARY_PATH=/home/zpw/UR3e-ROS2-resources/install/ur_controllers/lib:/home/zpw/UR3e-ROS2-resources/install/ur_msgs/lib:/home/zpw/UR3e-ROS2-resources/install/ur_dashboard_msgs/lib:/home/zpw/UR3e-ROS2-resources/install/ur_client_library/lib:${LD_LIBRARY_PATH} PKG_CONFIG_PATH=/home/zpw/UR3e-ROS2-resources/install/ur_client_library/lib/x86_64-linux-gnu/pkgconfig:/home/zpw/UR3e-ROS2-resources/install/ur_client_library/lib/pkgconfig PYTHONPATH=/home/zpw/UR3e-ROS2-resources/install/ur_msgs/lib/python3.8/site-packages:/home/zpw/UR3e-ROS2-resources/install/ur_dashboard_msgs/lib/python3.8/site-packages:${PYTHONPATH} /usr/bin/cmake --build /home/zpw/UR3e-ROS2-resources/build/ur_robot_driver -- -j16 -l16
[3.061s] [ 50%] Built target dashboard_client
[3.066s] [100%] Built target ur_robot_driver_plugin
[3.090s] Invoked command in '/home/zpw/UR3e-ROS2-resources/build/ur_robot_driver' returned '0': AMENT_PREFIX_PATH=/home/zpw/UR3e-ROS2-resources/install/ur_controllers:/home/zpw/UR3e-ROS2-resources/install/ur_msgs:/home/zpw/UR3e-ROS2-resources/install/ur_description:/home/zpw/UR3e-ROS2-resources/install/ur_dashboard_msgs:/home/zpw/UR3e-ROS2-resources/install/ur_bringup:${AMENT_PREFIX_PATH} CMAKE_PREFIX_PATH=/home/zpw/UR3e-ROS2-resources/install/ur_controllers:/home/zpw/UR3e-ROS2-resources/install/ur_msgs:/home/zpw/UR3e-ROS2-resources/install/ur_description:/home/zpw/UR3e-ROS2-resources/install/ur_dashboard_msgs:/home/zpw/UR3e-ROS2-resources/install/ur_client_library:/home/zpw/UR3e-ROS2-resources/install/ur_bringup:/opt/ros/foxy LD_LIBRARY_PATH=/home/zpw/UR3e-ROS2-resources/install/ur_controllers/lib:/home/zpw/UR3e-ROS2-resources/install/ur_msgs/lib:/home/zpw/UR3e-ROS2-resources/install/ur_dashboard_msgs/lib:/home/zpw/UR3e-ROS2-resources/install/ur_client_library/lib:${LD_LIBRARY_PATH} PKG_CONFIG_PATH=/home/zpw/UR3e-ROS2-resources/install/ur_client_library/lib/x86_64-linux-gnu/pkgconfig:/home/zpw/UR3e-ROS2-resources/install/ur_client_library/lib/pkgconfig PYTHONPATH=/home/zpw/UR3e-ROS2-resources/install/ur_msgs/lib/python3.8/site-packages:/home/zpw/UR3e-ROS2-resources/install/ur_dashboard_msgs/lib/python3.8/site-packages:${PYTHONPATH} /usr/bin/cmake --build /home/zpw/UR3e-ROS2-resources/build/ur_robot_driver -- -j16 -l16
[3.143s] Invoking command in '/home/zpw/UR3e-ROS2-resources/build/ur_robot_driver': AMENT_PREFIX_PATH=/home/zpw/UR3e-ROS2-resources/install/ur_controllers:/home/zpw/UR3e-ROS2-resources/install/ur_msgs:/home/zpw/UR3e-ROS2-resources/install/ur_description:/home/zpw/UR3e-ROS2-resources/install/ur_dashboard_msgs:/home/zpw/UR3e-ROS2-resources/install/ur_bringup:${AMENT_PREFIX_PATH} CMAKE_PREFIX_PATH=/home/zpw/UR3e-ROS2-resources/install/ur_controllers:/home/zpw/UR3e-ROS2-resources/install/ur_msgs:/home/zpw/UR3e-ROS2-resources/install/ur_description:/home/zpw/UR3e-ROS2-resources/install/ur_dashboard_msgs:/home/zpw/UR3e-ROS2-resources/install/ur_client_library:/home/zpw/UR3e-ROS2-resources/install/ur_bringup:/opt/ros/foxy LD_LIBRARY_PATH=/home/zpw/UR3e-ROS2-resources/install/ur_controllers/lib:/home/zpw/UR3e-ROS2-resources/install/ur_msgs/lib:/home/zpw/UR3e-ROS2-resources/install/ur_dashboard_msgs/lib:/home/zpw/UR3e-ROS2-resources/install/ur_client_library/lib:${LD_LIBRARY_PATH} PKG_CONFIG_PATH=/home/zpw/UR3e-ROS2-resources/install/ur_client_library/lib/x86_64-linux-gnu/pkgconfig:/home/zpw/UR3e-ROS2-resources/install/ur_client_library/lib/pkgconfig PYTHONPATH=/home/zpw/UR3e-ROS2-resources/install/ur_msgs/lib/python3.8/site-packages:/home/zpw/UR3e-ROS2-resources/install/ur_dashboard_msgs/lib/python3.8/site-packages:${PYTHONPATH} /usr/bin/cmake --install /home/zpw/UR3e-ROS2-resources/build/ur_robot_driver
[3.150s] -- Install configuration: "RelWithDebInfo"
[3.150s] -- Execute custom install script
[3.150s] -- Up-to-date symlink: /home/zpw/UR3e-ROS2-resources/install/ur_robot_driver/share/ur_robot_driver//hardware_interface_plugin.xml
[3.150s] -- Up-to-date symlink: /home/zpw/UR3e-ROS2-resources/install/ur_robot_driver/lib/ur_robot_driver/dashboard_client
[3.151s] -- Up-to-date symlink: /home/zpw/UR3e-ROS2-resources/install/ur_robot_driver/lib/libur_robot_driver_plugin.so
[3.151s] -- Up-to-date symlink: /home/zpw/UR3e-ROS2-resources/install/ur_robot_driver/include/ur_robot_driver/dashboard_client_ros.hpp
[3.151s] -- Up-to-date symlink: /home/zpw/UR3e-ROS2-resources/install/ur_robot_driver/include/ur_robot_driver/hardware_interface.hpp
[3.151s] -- Up-to-date symlink: /home/zpw/UR3e-ROS2-resources/install/ur_robot_driver/include/ur_robot_driver/urcl_log_handler.hpp
[3.151s] -- Up-to-date symlink: /home/zpw/UR3e-ROS2-resources/install/ur_robot_driver/share/ur_robot_driver/environment/library_path.sh
[3.151s] -- Up-to-date symlink: /home/zpw/UR3e-ROS2-resources/install/ur_robot_driver/share/ur_robot_driver/environment/library_path.dsv
[3.153s] -- Up-to-date symlink: /home/zpw/UR3e-ROS2-resources/install/ur_robot_driver/bin/tool_communication
[3.155s] -- Up-to-date symlink: /home/zpw/UR3e-ROS2-resources/install/ur_robot_driver/share/ur_robot_driver/resources/Dockerfile
[3.158s] -- Up-to-date symlink: /home/zpw/UR3e-ROS2-resources/install/ur_robot_driver/share/ur_robot_driver/resources/externalcontrol-1.0.5.urcap
[3.159s] -- Up-to-date symlink: /home/zpw/UR3e-ROS2-resources/install/ur_robot_driver/share/ur_robot_driver/resources/ros_control.urscript
[3.162s] -- Up-to-date symlink: /home/zpw/UR3e-ROS2-resources/install/ur_robot_driver/share/ur_robot_driver/resources/rs485-1.0.urcap
[3.163s] -- Up-to-date symlink: /home/zpw/UR3e-ROS2-resources/install/ur_robot_driver/share/ur_robot_driver/resources/rtde_input_recipe.txt
[3.166s] -- Up-to-date symlink: /home/zpw/UR3e-ROS2-resources/install/ur_robot_driver/share/ur_robot_driver/resources/rtde_output_recipe.txt
[3.166s] -- Up-to-date symlink: /home/zpw/UR3e-ROS2-resources/install/ur_robot_driver/include/ur_robot_driver/dashboard_client_ros.hpp
[3.166s] -- Up-to-date symlink: /home/zpw/UR3e-ROS2-resources/install/ur_robot_driver/include/ur_robot_driver/hardware_interface.hpp
[3.166s] -- Up-to-date symlink: /home/zpw/UR3e-ROS2-resources/install/ur_robot_driver/include/ur_robot_driver/urcl_log_handler.hpp
[3.166s] -- Up-to-date symlink: /home/zpw/UR3e-ROS2-resources/install/ur_robot_driver/share/ament_index/resource_index/package_run_dependencies/ur_robot_driver
[3.167s] -- Up-to-date symlink: /home/zpw/UR3e-ROS2-resources/install/ur_robot_driver/share/ament_index/resource_index/parent_prefix_path/ur_robot_driver
[3.167s] -- Up-to-date symlink: /home/zpw/UR3e-ROS2-resources/install/ur_robot_driver/share/ur_robot_driver/environment/ament_prefix_path.sh
[3.167s] -- Up-to-date symlink: /home/zpw/UR3e-ROS2-resources/install/ur_robot_driver/share/ur_robot_driver/environment/ament_prefix_path.dsv
[3.167s] -- Up-to-date symlink: /home/zpw/UR3e-ROS2-resources/install/ur_robot_driver/share/ur_robot_driver/environment/path.sh
[3.167s] -- Up-to-date symlink: /home/zpw/UR3e-ROS2-resources/install/ur_robot_driver/share/ur_robot_driver/environment/path.dsv
[3.168s] -- Up-to-date symlink: /home/zpw/UR3e-ROS2-resources/install/ur_robot_driver/share/ur_robot_driver/local_setup.bash
[3.168s] -- Up-to-date symlink: /home/zpw/UR3e-ROS2-resources/install/ur_robot_driver/share/ur_robot_driver/local_setup.sh
[3.168s] -- Up-to-date symlink: /home/zpw/UR3e-ROS2-resources/install/ur_robot_driver/share/ur_robot_driver/local_setup.zsh
[3.168s] -- Up-to-date symlink: /home/zpw/UR3e-ROS2-resources/install/ur_robot_driver/share/ur_robot_driver/local_setup.dsv
[3.168s] -- Symlinking: /home/zpw/UR3e-ROS2-resources/install/ur_robot_driver/share/ur_robot_driver/package.dsv
[3.178s] -- Up-to-date symlink: /home/zpw/UR3e-ROS2-resources/install/ur_robot_driver/share/ament_index/resource_index/packages/ur_robot_driver
[3.178s] -- Up-to-date symlink: /home/zpw/UR3e-ROS2-resources/install/ur_robot_driver/share/ament_index/resource_index/hardware_interface__pluginlib__plugin/ur_robot_driver
[3.179s] -- Up-to-date symlink: /home/zpw/UR3e-ROS2-resources/install/ur_robot_driver/share/ur_robot_driver/cmake/ament_cmake_export_include_directories-extras.cmake
[3.179s] -- Up-to-date symlink: /home/zpw/UR3e-ROS2-resources/install/ur_robot_driver/share/ur_robot_driver/cmake/ament_cmake_export_libraries-extras.cmake
[3.179s] -- Up-to-date symlink: /home/zpw/UR3e-ROS2-resources/install/ur_robot_driver/share/ur_robot_driver/cmake/ament_cmake_export_dependencies-extras.cmake
[3.179s] -- Up-to-date symlink: /home/zpw/UR3e-ROS2-resources/install/ur_robot_driver/share/ur_robot_driver/cmake/ur_robot_driverConfig.cmake
[3.179s] -- Up-to-date symlink: /home/zpw/UR3e-ROS2-resources/install/ur_robot_driver/share/ur_robot_driver/cmake/ur_robot_driverConfig-version.cmake
[3.179s] -- Up-to-date symlink: /home/zpw/UR3e-ROS2-resources/install/ur_robot_driver/share/ur_robot_driver/package.xml
[3.184s] Invoked command in '/home/zpw/UR3e-ROS2-resources/build/ur_robot_driver' returned '0': AMENT_PREFIX_PATH=/home/zpw/UR3e-ROS2-resources/install/ur_controllers:/home/zpw/UR3e-ROS2-resources/install/ur_msgs:/home/zpw/UR3e-ROS2-resources/install/ur_description:/home/zpw/UR3e-ROS2-resources/install/ur_dashboard_msgs:/home/zpw/UR3e-ROS2-resources/install/ur_bringup:${AMENT_PREFIX_PATH} CMAKE_PREFIX_PATH=/home/zpw/UR3e-ROS2-resources/install/ur_controllers:/home/zpw/UR3e-ROS2-resources/install/ur_msgs:/home/zpw/UR3e-ROS2-resources/install/ur_description:/home/zpw/UR3e-ROS2-resources/install/ur_dashboard_msgs:/home/zpw/UR3e-ROS2-resources/install/ur_client_library:/home/zpw/UR3e-ROS2-resources/install/ur_bringup:/opt/ros/foxy LD_LIBRARY_PATH=/home/zpw/UR3e-ROS2-resources/install/ur_controllers/lib:/home/zpw/UR3e-ROS2-resources/install/ur_msgs/lib:/home/zpw/UR3e-ROS2-resources/install/ur_dashboard_msgs/lib:/home/zpw/UR3e-ROS2-resources/install/ur_client_library/lib:${LD_LIBRARY_PATH} PKG_CONFIG_PATH=/home/zpw/UR3e-ROS2-resources/install/ur_client_library/lib/x86_64-linux-gnu/pkgconfig:/home/zpw/UR3e-ROS2-resources/install/ur_client_library/lib/pkgconfig PYTHONPATH=/home/zpw/UR3e-ROS2-resources/install/ur_msgs/lib/python3.8/site-packages:/home/zpw/UR3e-ROS2-resources/install/ur_dashboard_msgs/lib/python3.8/site-packages:${PYTHONPATH} /usr/bin/cmake --install /home/zpw/UR3e-ROS2-resources/build/ur_robot_driver
