[0.023s] Invoking command in '/home/zpw/UR3e-ROS2-resources/build/cartesian_waypoint_execution': AMENT_PREFIX_PATH=/home/zpw/UR3e-ROS2-resources/install/moveit_visual_tools:/home/zpw/UR3e-ROS2-resources/install/rviz_visual_tools:${AMENT_PREFIX_PATH} CMAKE_PREFIX_PATH=/home/zpw/UR3e-ROS2-resources/install/moveit_visual_tools:/home/zpw/UR3e-ROS2-resources/install/rviz_visual_tools:/opt/ros/foxy LD_LIBRARY_PATH=/home/zpw/UR3e-ROS2-resources/install/moveit_visual_tools/lib:/home/zpw/UR3e-ROS2-resources/install/rviz_visual_tools/lib:${LD_LIBRARY_PATH} /usr/bin/cmake /home/zpw/UR3e-ROS2-resources/src/cartesian_waypoint_execution -DCMAKE_INSTALL_PREFIX=/home/zpw/UR3e-ROS2-resources/install/cartesian_waypoint_execution
[0.047s] -- Found moveit_common: 2.2.3 (/opt/ros/foxy/share/moveit_common/cmake)
[0.047s] -- Found ament_cmake: 0.9.9 (/opt/ros/foxy/share/ament_cmake/cmake)
[0.079s] -- Using PYTHON_EXECUTABLE: /usr/bin/python3
[0.252s] -- Override CMake install command with custom implementation using symlinks instead of copying resources
[0.310s] cartesian_waypoint_execution: You did not request a specific build type: Choosing 'Release' for maximum performance
[0.320s] -- Found Boost: /usr/lib/x86_64-linux-gnu/cmake/Boost-1.71.0/BoostConfig.cmake (found version "1.71.0") found components: system filesystem date_time thread 
[0.321s] -- Found control_msgs: 2.5.1 (/opt/ros/foxy/share/control_msgs/cmake)
[0.338s] -- Using all available rosidl_typesupport_c: rosidl_typesupport_fastrtps_c;rosidl_typesupport_introspection_c
[0.341s] -- Found rosidl_adapter: 1.2.1 (/opt/ros/foxy/share/rosidl_adapter/cmake)
[0.436s] -- Using all available rosidl_typesupport_cpp: rosidl_typesupport_fastrtps_cpp;rosidl_typesupport_introspection_cpp
[0.945s] -- Found moveit_core: 2.2.3 (/opt/ros/foxy/share/moveit_core/cmake)
[0.953s] -- Found Boost: /usr/lib/x86_64-linux-gnu/cmake/Boost-1.71.0/BoostConfig.cmake (found version "1.71.0") found components: chrono date_time filesystem iostreams program_options regex serialization system thread 
[0.964s] -- Found Boost: /usr/lib/x86_64-linux-gnu/cmake/Boost-1.71.0/BoostConfig.cmake (found version "1.71.0") found components: filesystem 
[1.007s] -- Found rmw_implementation_cmake: 1.0.3 (/opt/ros/foxy/share/rmw_implementation_cmake/cmake)
[1.008s] -- Using RMW implementation 'rmw_fastrtps_cpp' as default
[1.167s] -- library: /usr/lib/x86_64-linux-gnu/libcurl.so
[3.444s] -- Found moveit_ros_planning: 2.2.3 (/opt/ros/foxy/share/moveit_ros_planning/cmake)
[3.449s] -- Found Boost: /usr/lib/x86_64-linux-gnu/cmake/Boost-1.71.0/BoostConfig.cmake (found version "1.71.0") found components: system filesystem date_time program_options thread chrono 
[3.768s] -- Found Boost: /usr/lib/x86_64-linux-gnu/cmake/Boost-1.71.0/BoostConfig.cmake (found version "1.71.0") found components: thread 
[4.521s] -- Found moveit_ros_planning_interface: 2.2.3 (/opt/ros/foxy/share/moveit_ros_planning_interface/cmake)
[4.524s] -- Found Boost: /usr/lib/x86_64-linux-gnu/cmake/Boost-1.71.0/BoostConfig.cmake (found version "1.71.0")  
[4.528s] -- Found Boost: /usr/lib/x86_64-linux-gnu/cmake/Boost-1.71.0/BoostConfig.cmake (found version "1.71.0") found components: date_time filesystem program_options system thread 
[4.977s] -- Found Boost: /usr/lib/x86_64-linux-gnu/cmake/Boost-1.71.0/BoostConfig.cmake (found version "1.71.0") found components: thread system filesystem regex date_time program_options 
[5.432s] -- Found Boost: /usr/lib/x86_64-linux-gnu/cmake/Boost-1.71.0/BoostConfig.cmake (found version "1.71.0") found components: system filesystem date_time program_options thread 
[6.172s] -- Found moveit_ros_perception: 2.2.3 (/opt/ros/foxy/share/moveit_ros_perception/cmake)
[6.175s] -- Found Boost: /usr/lib/x86_64-linux-gnu/cmake/Boost-1.71.0/BoostConfig.cmake (found version "1.71.0") found components: thread 
[6.854s] -- Found moveit_servo: 2.2.3 (/opt/ros/foxy/share/moveit_servo/cmake)
[7.220s] -- Found interactive_markers: 2.1.3 (/opt/ros/foxy/share/interactive_markers/cmake)
[7.248s] -- Found rviz_visual_tools: 4.0.3 (/home/zpw/UR3e-ROS2-resources/install/rviz_visual_tools/share/rviz_visual_tools/cmake)
[7.346s] -- Setting OGRE_DIR to: '/opt/ros/foxy/share/rviz_ogre_vendor/cmake/../../../opt/rviz_ogre_vendor/lib/OGRE/cmake'
[7.347s] -- Found OGRE
[7.348s] --   static     : OFF
[7.348s] --   components : HLMS;MeshLodGenerator;Overlay;Paging;Property;RTShaderSystem;Terrain;Volume
[7.348s] --   plugins    : Plugin_BSPSceneManager;Plugin_OctreeSceneManager;Plugin_PCZSceneManager;Plugin_ParticleFX;RenderSystem_GL;RenderSystem_GL3Plus;Codec_STBI
[7.348s] --   media      : /opt/ros/foxy/opt/rviz_ogre_vendor/share/OGRE/Media
[7.348s] -- OGRE_LIBRARIES: OgreHLMS;OgreMeshLodGenerator;OgreOverlay;OgrePaging;OgreProperty;OgreRTShaderSystem;OgreTerrain;OgreVolume;OgreMain
[7.348s] -- OGRE_LIBRARY_DIRS: /opt/ros/foxy/opt/rviz_ogre_vendor/lib
[7.349s] -- OGRE_PLUGINS: Plugin_BSPSceneManager;Plugin_OctreeSceneManager;Plugin_PCZSceneManager;Plugin_ParticleFX;RenderSystem_GL;RenderSystem_GL3Plus;Codec_STBI
[7.349s] -- OGRE_PLUGIN_DIR: /opt/ros/foxy/opt/rviz_ogre_vendor/lib/OGRE
[7.349s] -- rviz_ogre_vendor::OgreOverlay for IMPORTED_LOCATION_RELEASE: /opt/ros/foxy/opt/rviz_ogre_vendor/lib/libOgreOverlay.so
[7.349s] -- rviz_ogre_vendor::OgreOverlay for IMPORTED_LOCATION_DEBUG: /opt/ros/foxy/opt/rviz_ogre_vendor/lib/libOgreOverlay.so
[7.349s] -- rviz_ogre_vendor::OgreMain for IMPORTED_LOCATION_RELEASE: /opt/ros/foxy/opt/rviz_ogre_vendor/lib/libOgreMain.so
[7.349s] -- rviz_ogre_vendor::OgreMain for IMPORTED_LOCATION_DEBUG: /opt/ros/foxy/opt/rviz_ogre_vendor/lib/libOgreMain.so
[7.384s] -- rviz_ogre_vendor::RenderSystem_GL for IMPORTED_LOCATION_RELEASE: _render_system_gl_static_library_abs-NOTFOUND
[7.384s] -- rviz_ogre_vendor::RenderSystem_GL for IMPORTED_LOCATION_DEBUG: _render_system_gl_static_library_abs-NOTFOUND
[7.452s] -- Setting yaml-cpp_DIR to: '/opt/ros/foxy/share/yaml_cpp_vendor/cmake/../../../opt/yaml_cpp_vendor/lib/cmake/yaml-cpp'
[7.974s] -- Found moveit_visual_tools: 4.0.0 (/home/zpw/UR3e-ROS2-resources/install/moveit_visual_tools/share/moveit_visual_tools/cmake)
[9.816s] -- Found ament_lint_auto: 0.9.6 (/opt/ros/foxy/share/ament_lint_auto/cmake)
[9.824s] -- Added test 'copyright' to check source files copyright and LICENSE
[9.825s] -- Added test 'cppcheck' to perform static code analysis on C / C++ code
[9.825s] -- Configured cppcheck include dirs: /home/zpw/UR3e-ROS2-resources/src/cartesian_waypoint_execution/include
[9.825s] -- Configured cppcheck exclude dirs and/or files: 
[9.826s] -- Added test 'cpplint' to check C / C++ code against the Google style
[9.826s] -- Configured cpplint exclude dirs and/or files: 
[9.826s] -- Added test 'flake8' to check Python code syntax and style conventions
[9.827s] -- Added test 'lint_cmake' to check CMake code style
[9.827s] -- Added test 'pep257' to check Python code against some of the style conventions in PEP 257
[9.828s] -- Added test 'uncrustify' to check C / C++ code style
[9.828s] -- Configured uncrustify additional arguments: 
[9.828s] -- Added test 'xmllint' to check XML markup files
[9.832s] -- Configuring done
[9.941s] -- Generating done
[9.944s] -- Build files have been written to: /home/zpw/UR3e-ROS2-resources/build/cartesian_waypoint_execution
[9.962s] Invoked command in '/home/zpw/UR3e-ROS2-resources/build/cartesian_waypoint_execution' returned '0': AMENT_PREFIX_PATH=/home/zpw/UR3e-ROS2-resources/install/moveit_visual_tools:/home/zpw/UR3e-ROS2-resources/install/rviz_visual_tools:${AMENT_PREFIX_PATH} CMAKE_PREFIX_PATH=/home/zpw/UR3e-ROS2-resources/install/moveit_visual_tools:/home/zpw/UR3e-ROS2-resources/install/rviz_visual_tools:/opt/ros/foxy LD_LIBRARY_PATH=/home/zpw/UR3e-ROS2-resources/install/moveit_visual_tools/lib:/home/zpw/UR3e-ROS2-resources/install/rviz_visual_tools/lib:${LD_LIBRARY_PATH} /usr/bin/cmake /home/zpw/UR3e-ROS2-resources/src/cartesian_waypoint_execution -DCMAKE_INSTALL_PREFIX=/home/zpw/UR3e-ROS2-resources/install/cartesian_waypoint_execution
[9.966s] Invoking command in '/home/zpw/UR3e-ROS2-resources/build/cartesian_waypoint_execution': AMENT_PREFIX_PATH=/home/zpw/UR3e-ROS2-resources/install/moveit_visual_tools:/home/zpw/UR3e-ROS2-resources/install/rviz_visual_tools:${AMENT_PREFIX_PATH} CMAKE_PREFIX_PATH=/home/zpw/UR3e-ROS2-resources/install/moveit_visual_tools:/home/zpw/UR3e-ROS2-resources/install/rviz_visual_tools:/opt/ros/foxy LD_LIBRARY_PATH=/home/zpw/UR3e-ROS2-resources/install/moveit_visual_tools/lib:/home/zpw/UR3e-ROS2-resources/install/rviz_visual_tools/lib:${LD_LIBRARY_PATH} /usr/bin/cmake --build /home/zpw/UR3e-ROS2-resources/build/cartesian_waypoint_execution -- -j16 -l16
[10.034s] [ 50%] Built target trajectory_processing
[10.083s] [ 75%] [32m[1mLinking CXX executable waypoints[0m
[11.994s] [100%] Built target waypoints
[12.011s] Invoked command in '/home/zpw/UR3e-ROS2-resources/build/cartesian_waypoint_execution' returned '0': AMENT_PREFIX_PATH=/home/zpw/UR3e-ROS2-resources/install/moveit_visual_tools:/home/zpw/UR3e-ROS2-resources/install/rviz_visual_tools:${AMENT_PREFIX_PATH} CMAKE_PREFIX_PATH=/home/zpw/UR3e-ROS2-resources/install/moveit_visual_tools:/home/zpw/UR3e-ROS2-resources/install/rviz_visual_tools:/opt/ros/foxy LD_LIBRARY_PATH=/home/zpw/UR3e-ROS2-resources/install/moveit_visual_tools/lib:/home/zpw/UR3e-ROS2-resources/install/rviz_visual_tools/lib:${LD_LIBRARY_PATH} /usr/bin/cmake --build /home/zpw/UR3e-ROS2-resources/build/cartesian_waypoint_execution -- -j16 -l16
[12.051s] Invoking command in '/home/zpw/UR3e-ROS2-resources/build/cartesian_waypoint_execution': AMENT_PREFIX_PATH=/home/zpw/UR3e-ROS2-resources/install/moveit_visual_tools:/home/zpw/UR3e-ROS2-resources/install/rviz_visual_tools:${AMENT_PREFIX_PATH} CMAKE_PREFIX_PATH=/home/zpw/UR3e-ROS2-resources/install/moveit_visual_tools:/home/zpw/UR3e-ROS2-resources/install/rviz_visual_tools:/opt/ros/foxy LD_LIBRARY_PATH=/home/zpw/UR3e-ROS2-resources/install/moveit_visual_tools/lib:/home/zpw/UR3e-ROS2-resources/install/rviz_visual_tools/lib:${LD_LIBRARY_PATH} /usr/bin/cmake --install /home/zpw/UR3e-ROS2-resources/build/cartesian_waypoint_execution
[12.058s] -- Install configuration: "Release"
[12.059s] -- Execute custom install script
[12.059s] -- Up-to-date symlink: /home/zpw/UR3e-ROS2-resources/install/cartesian_waypoint_execution/share/cartesian_waypoint_execution/launch/waypoints.launch.py
[12.060s] -- Up-to-date symlink: /home/zpw/UR3e-ROS2-resources/install/cartesian_waypoint_execution/lib/cartesian_waypoint_execution/libtrajectory_processing.a
[12.060s] -- Up-to-date symlink: /home/zpw/UR3e-ROS2-resources/install/cartesian_waypoint_execution/lib/cartesian_waypoint_execution/waypoints
[12.060s] -- Up-to-date symlink: /home/zpw/UR3e-ROS2-resources/install/cartesian_waypoint_execution/share/ament_index/resource_index/package_run_dependencies/cartesian_waypoint_execution
[12.061s] -- Up-to-date symlink: /home/zpw/UR3e-ROS2-resources/install/cartesian_waypoint_execution/share/ament_index/resource_index/parent_prefix_path/cartesian_waypoint_execution
[12.061s] -- Up-to-date symlink: /home/zpw/UR3e-ROS2-resources/install/cartesian_waypoint_execution/share/cartesian_waypoint_execution/environment/ament_prefix_path.sh
[12.061s] -- Up-to-date symlink: /home/zpw/UR3e-ROS2-resources/install/cartesian_waypoint_execution/share/cartesian_waypoint_execution/environment/ament_prefix_path.dsv
[12.061s] -- Up-to-date symlink: /home/zpw/UR3e-ROS2-resources/install/cartesian_waypoint_execution/share/cartesian_waypoint_execution/environment/path.sh
[12.061s] -- Up-to-date symlink: /home/zpw/UR3e-ROS2-resources/install/cartesian_waypoint_execution/share/cartesian_waypoint_execution/environment/path.dsv
[12.061s] -- Up-to-date symlink: /home/zpw/UR3e-ROS2-resources/install/cartesian_waypoint_execution/share/cartesian_waypoint_execution/local_setup.bash
[12.062s] -- Up-to-date symlink: /home/zpw/UR3e-ROS2-resources/install/cartesian_waypoint_execution/share/cartesian_waypoint_execution/local_setup.sh
[12.062s] -- Up-to-date symlink: /home/zpw/UR3e-ROS2-resources/install/cartesian_waypoint_execution/share/cartesian_waypoint_execution/local_setup.zsh
[12.062s] -- Up-to-date symlink: /home/zpw/UR3e-ROS2-resources/install/cartesian_waypoint_execution/share/cartesian_waypoint_execution/local_setup.dsv
[12.062s] -- Symlinking: /home/zpw/UR3e-ROS2-resources/install/cartesian_waypoint_execution/share/cartesian_waypoint_execution/package.dsv
[12.072s] -- Up-to-date symlink: /home/zpw/UR3e-ROS2-resources/install/cartesian_waypoint_execution/share/ament_index/resource_index/packages/cartesian_waypoint_execution
[12.072s] -- Up-to-date symlink: /home/zpw/UR3e-ROS2-resources/install/cartesian_waypoint_execution/share/cartesian_waypoint_execution/cmake/cartesian_waypoint_executionConfig.cmake
[12.073s] -- Up-to-date symlink: /home/zpw/UR3e-ROS2-resources/install/cartesian_waypoint_execution/share/cartesian_waypoint_execution/cmake/cartesian_waypoint_executionConfig-version.cmake
[12.073s] -- Up-to-date symlink: /home/zpw/UR3e-ROS2-resources/install/cartesian_waypoint_execution/share/cartesian_waypoint_execution/package.xml
[12.075s] Invoked command in '/home/zpw/UR3e-ROS2-resources/build/cartesian_waypoint_execution' returned '0': AMENT_PREFIX_PATH=/home/zpw/UR3e-ROS2-resources/install/moveit_visual_tools:/home/zpw/UR3e-ROS2-resources/install/rviz_visual_tools:${AMENT_PREFIX_PATH} CMAKE_PREFIX_PATH=/home/zpw/UR3e-ROS2-resources/install/moveit_visual_tools:/home/zpw/UR3e-ROS2-resources/install/rviz_visual_tools:/opt/ros/foxy LD_LIBRARY_PATH=/home/zpw/UR3e-ROS2-resources/install/moveit_visual_tools/lib:/home/zpw/UR3e-ROS2-resources/install/rviz_visual_tools/lib:${LD_LIBRARY_PATH} /usr/bin/cmake --install /home/zpw/UR3e-ROS2-resources/build/cartesian_waypoint_execution
