[35m[1mScanning dependencies of target talker[0m
[ 50%] [32mBuilding CXX object CMakeFiles/talker.dir/src/talker.cpp.o[0m
[100%] [32m[1mLinking CXX executable talker[0m
[100%] Built target talker
-- Install configuration: ""
-- Installing: /home/bofengluo/ros2_ws/install/talker/lib/talker/talker
-- Set runtime path of "/home/bofengluo/ros2_ws/install/talker/lib/talker/talker" to ""
-- Up-to-date: /home/bofengluo/ros2_ws/install/talker/share/ament_index/resource_index/package_run_dependencies/talker
-- Up-to-date: /home/bofengluo/ros2_ws/install/talker/share/ament_index/resource_index/parent_prefix_path/talker
-- Up-to-date: /home/bofengluo/ros2_ws/install/talker/share/talker/environment/ament_prefix_path.sh
-- Up-to-date: /home/bofengluo/ros2_ws/install/talker/share/talker/environment/ament_prefix_path.dsv
-- Up-to-date: /home/bofengluo/ros2_ws/install/talker/share/talker/environment/path.sh
-- Up-to-date: /home/bofengluo/ros2_ws/install/talker/share/talker/environment/path.dsv
-- Up-to-date: /home/bofengluo/ros2_ws/install/talker/share/talker/local_setup.bash
-- Up-to-date: /home/bofengluo/ros2_ws/install/talker/share/talker/local_setup.sh
-- Up-to-date: /home/bofengluo/ros2_ws/install/talker/share/talker/local_setup.zsh
-- Up-to-date: /home/bofengluo/ros2_ws/install/talker/share/talker/local_setup.dsv
-- Installing: /home/bofengluo/ros2_ws/install/talker/share/talker/package.dsv
-- Up-to-date: /home/bofengluo/ros2_ws/install/talker/share/ament_index/resource_index/packages/talker
-- Up-to-date: /home/bofengluo/ros2_ws/install/talker/share/talker/cmake/talkerConfig.cmake
-- Up-to-date: /home/bofengluo/ros2_ws/install/talker/share/talker/cmake/talkerConfig-version.cmake
-- Up-to-date: /home/bofengluo/ros2_ws/install/talker/share/talker/package.xml
