[0.171s] Invoking command in '/home/zpw/UR3e-ROS2-resources/build/unity_robotics_demo_msgs': CMAKE_PREFIX_PATH=${CMAKE_PREFIX_PATH}:/home/zpw/UR3e-ROS2-resources/install/vr_connector:/home/zpw/UR3e-ROS2-resources/install/unity_robotics_demo:/home/zpw/UR3e-ROS2-resources/install/ros_tcp_endpoint:/opt/ros/foxy /usr/bin/cmake --build /home/zpw/UR3e-ROS2-resources/build/unity_robotics_demo_msgs -- -j16 -l16
[2.137s] [  1%] Built target unity_robotics_demo_msgs__cpp
[2.138s] [ 12%] Built target unity_robotics_demo_msgs__rosidl_generator_c
[2.146s] [ 23%] Built target unity_robotics_demo_msgs__rosidl_typesupport_introspection_c
[2.151s] [ 34%] Built target unity_robotics_demo_msgs__rosidl_typesupport_c
[2.152s] [ 45%] Built target unity_robotics_demo_msgs__rosidl_typesupport_introspection_cpp
[2.154s] [ 56%] Built target unity_robotics_demo_msgs__rosidl_typesupport_fastrtps_cpp
[2.157s] [ 67%] Built target unity_robotics_demo_msgs__rosidl_typesupport_cpp
[2.160s] [ 78%] Built target unity_robotics_demo_msgs__rosidl_typesupport_fastrtps_c
[2.167s] [ 78%] Built target unity_robotics_demo_msgs
[2.177s] [ 80%] Built target unity_robotics_demo_msgs__py
[2.181s] [ 89%] Built target unity_robotics_demo_msgs__python
[2.184s] [ 92%] Built target unity_robotics_demo_msgs__rosidl_typesupport_introspection_c__pyext
[2.201s] [ 96%] Built target unity_robotics_demo_msgs__rosidl_typesupport_c__pyext
[2.206s] [100%] Built target unity_robotics_demo_msgs__rosidl_typesupport_fastrtps_c__pyext
[2.348s] Invoked command in '/home/zpw/UR3e-ROS2-resources/build/unity_robotics_demo_msgs' returned '0': CMAKE_PREFIX_PATH=${CMAKE_PREFIX_PATH}:/home/zpw/UR3e-ROS2-resources/install/vr_connector:/home/zpw/UR3e-ROS2-resources/install/unity_robotics_demo:/home/zpw/UR3e-ROS2-resources/install/ros_tcp_endpoint:/opt/ros/foxy /usr/bin/cmake --build /home/zpw/UR3e-ROS2-resources/build/unity_robotics_demo_msgs -- -j16 -l16
[3.620s] Invoking command in '/home/zpw/UR3e-ROS2-resources/build/unity_robotics_demo_msgs': CMAKE_PREFIX_PATH=${CMAKE_PREFIX_PATH}:/home/zpw/UR3e-ROS2-resources/install/vr_connector:/home/zpw/UR3e-ROS2-resources/install/unity_robotics_demo:/home/zpw/UR3e-ROS2-resources/install/ros_tcp_endpoint:/opt/ros/foxy /usr/bin/cmake --install /home/zpw/UR3e-ROS2-resources/build/unity_robotics_demo_msgs
[3.685s] -- Install configuration: ""
[3.685s] -- Up-to-date: /home/zpw/UR3e-ROS2-resources/install/unity_robotics_demo_msgs/share/ament_index/resource_index/rosidl_interfaces/unity_robotics_demo_msgs
[3.686s] -- Up-to-date: /home/zpw/UR3e-ROS2-resources/install/unity_robotics_demo_msgs/include/unity_robotics_demo_msgs
[3.686s] -- Up-to-date: /home/zpw/UR3e-ROS2-resources/install/unity_robotics_demo_msgs/include/unity_robotics_demo_msgs/msg
[3.691s] -- Up-to-date: /home/zpw/UR3e-ROS2-resources/install/unity_robotics_demo_msgs/include/unity_robotics_demo_msgs/msg/unity_color.h
[3.698s] -- Up-to-date: /home/zpw/UR3e-ROS2-resources/install/unity_robotics_demo_msgs/include/unity_robotics_demo_msgs/msg/detail
[3.700s] -- Up-to-date: /home/zpw/UR3e-ROS2-resources/install/unity_robotics_demo_msgs/include/unity_robotics_demo_msgs/msg/detail/unity_color__struct.h
[3.701s] -- Up-to-date: /home/zpw/UR3e-ROS2-resources/install/unity_robotics_demo_msgs/include/unity_robotics_demo_msgs/msg/detail/pos_rot__struct.h
[3.701s] -- Up-to-date: /home/zpw/UR3e-ROS2-resources/install/unity_robotics_demo_msgs/include/unity_robotics_demo_msgs/msg/detail/unity_color__functions.c
[3.701s] -- Up-to-date: /home/zpw/UR3e-ROS2-resources/install/unity_robotics_demo_msgs/include/unity_robotics_demo_msgs/msg/detail/unity_color__functions.h
[3.701s] -- Up-to-date: /home/zpw/UR3e-ROS2-resources/install/unity_robotics_demo_msgs/include/unity_robotics_demo_msgs/msg/detail/pos_rot__functions.h
[3.701s] -- Up-to-date: /home/zpw/UR3e-ROS2-resources/install/unity_robotics_demo_msgs/include/unity_robotics_demo_msgs/msg/detail/unity_color__type_support.h
[3.701s] -- Up-to-date: /home/zpw/UR3e-ROS2-resources/install/unity_robotics_demo_msgs/include/unity_robotics_demo_msgs/msg/detail/pos_rot__type_support.h
[3.702s] -- Up-to-date: /home/zpw/UR3e-ROS2-resources/install/unity_robotics_demo_msgs/include/unity_robotics_demo_msgs/msg/detail/pos_rot__functions.c
[3.703s] -- Up-to-date: /home/zpw/UR3e-ROS2-resources/install/unity_robotics_demo_msgs/include/unity_robotics_demo_msgs/msg/pos_rot.h
[3.704s] -- Up-to-date: /home/zpw/UR3e-ROS2-resources/install/unity_robotics_demo_msgs/include/unity_robotics_demo_msgs/msg/rosidl_generator_c__visibility_control.h
[3.705s] -- Up-to-date: /home/zpw/UR3e-ROS2-resources/install/unity_robotics_demo_msgs/include/unity_robotics_demo_msgs/srv
[3.705s] -- Up-to-date: /home/zpw/UR3e-ROS2-resources/install/unity_robotics_demo_msgs/include/unity_robotics_demo_msgs/srv/detail
[3.706s] -- Up-to-date: /home/zpw/UR3e-ROS2-resources/install/unity_robotics_demo_msgs/include/unity_robotics_demo_msgs/srv/detail/object_pose_service__type_support.h
[3.708s] -- Up-to-date: /home/zpw/UR3e-ROS2-resources/install/unity_robotics_demo_msgs/include/unity_robotics_demo_msgs/srv/detail/object_pose_service__struct.h
[3.709s] -- Up-to-date: /home/zpw/UR3e-ROS2-resources/install/unity_robotics_demo_msgs/include/unity_robotics_demo_msgs/srv/detail/position_service__functions.c
[3.710s] -- Up-to-date: /home/zpw/UR3e-ROS2-resources/install/unity_robotics_demo_msgs/include/unity_robotics_demo_msgs/srv/detail/position_service__type_support.h
[3.717s] -- Up-to-date: /home/zpw/UR3e-ROS2-resources/install/unity_robotics_demo_msgs/include/unity_robotics_demo_msgs/srv/detail/position_service__struct.h
[3.721s] -- Up-to-date: /home/zpw/UR3e-ROS2-resources/install/unity_robotics_demo_msgs/include/unity_robotics_demo_msgs/srv/detail/object_pose_service__functions.c
[3.724s] -- Up-to-date: /home/zpw/UR3e-ROS2-resources/install/unity_robotics_demo_msgs/include/unity_robotics_demo_msgs/srv/detail/object_pose_service__functions.h
[3.727s] -- Up-to-date: /home/zpw/UR3e-ROS2-resources/install/unity_robotics_demo_msgs/include/unity_robotics_demo_msgs/srv/detail/position_service__functions.h
[3.728s] -- Up-to-date: /home/zpw/UR3e-ROS2-resources/install/unity_robotics_demo_msgs/include/unity_robotics_demo_msgs/srv/position_service.h
[3.730s] -- Up-to-date: /home/zpw/UR3e-ROS2-resources/install/unity_robotics_demo_msgs/include/unity_robotics_demo_msgs/srv/object_pose_service.h
[3.731s] -- Up-to-date: /home/zpw/UR3e-ROS2-resources/install/unity_robotics_demo_msgs/share/unity_robotics_demo_msgs/environment/library_path.sh
[3.732s] -- Up-to-date: /home/zpw/UR3e-ROS2-resources/install/unity_robotics_demo_msgs/share/unity_robotics_demo_msgs/environment/library_path.dsv
[3.732s] -- Up-to-date: /home/zpw/UR3e-ROS2-resources/install/unity_robotics_demo_msgs/lib/libunity_robotics_demo_msgs__rosidl_generator_c.so
[3.732s] -- Up-to-date: /home/zpw/UR3e-ROS2-resources/install/unity_robotics_demo_msgs/include/unity_robotics_demo_msgs
[3.732s] -- Up-to-date: /home/zpw/UR3e-ROS2-resources/install/unity_robotics_demo_msgs/include/unity_robotics_demo_msgs/msg
[3.732s] -- Up-to-date: /home/zpw/UR3e-ROS2-resources/install/unity_robotics_demo_msgs/include/unity_robotics_demo_msgs/msg/rosidl_typesupport_fastrtps_c__visibility_control.h
[3.733s] -- Up-to-date: /home/zpw/UR3e-ROS2-resources/install/unity_robotics_demo_msgs/include/unity_robotics_demo_msgs/msg/detail
[3.734s] -- Up-to-date: /home/zpw/UR3e-ROS2-resources/install/unity_robotics_demo_msgs/include/unity_robotics_demo_msgs/msg/detail/unity_color__rosidl_typesupport_fastrtps_c.h
[3.737s] -- Up-to-date: /home/zpw/UR3e-ROS2-resources/install/unity_robotics_demo_msgs/include/unity_robotics_demo_msgs/msg/detail/pos_rot__rosidl_typesupport_fastrtps_c.h
[3.738s] -- Up-to-date: /home/zpw/UR3e-ROS2-resources/install/unity_robotics_demo_msgs/include/unity_robotics_demo_msgs/srv
[3.742s] -- Up-to-date: /home/zpw/UR3e-ROS2-resources/install/unity_robotics_demo_msgs/include/unity_robotics_demo_msgs/srv/detail
[3.744s] -- Up-to-date: /home/zpw/UR3e-ROS2-resources/install/unity_robotics_demo_msgs/include/unity_robotics_demo_msgs/srv/detail/object_pose_service__rosidl_typesupport_fastrtps_c.h
[3.745s] -- Up-to-date: /home/zpw/UR3e-ROS2-resources/install/unity_robotics_demo_msgs/include/unity_robotics_demo_msgs/srv/detail/position_service__rosidl_typesupport_fastrtps_c.h
[3.745s] -- Up-to-date: /home/zpw/UR3e-ROS2-resources/install/unity_robotics_demo_msgs/lib/libunity_robotics_demo_msgs__rosidl_typesupport_fastrtps_c.so
[3.747s] -- Up-to-date: /home/zpw/UR3e-ROS2-resources/install/unity_robotics_demo_msgs/include/unity_robotics_demo_msgs
[3.747s] -- Up-to-date: /home/zpw/UR3e-ROS2-resources/install/unity_robotics_demo_msgs/include/unity_robotics_demo_msgs/msg
[3.749s] -- Up-to-date: /home/zpw/UR3e-ROS2-resources/install/unity_robotics_demo_msgs/include/unity_robotics_demo_msgs/msg/rosidl_typesupport_fastrtps_cpp__visibility_control.h
[3.752s] -- Up-to-date: /home/zpw/UR3e-ROS2-resources/install/unity_robotics_demo_msgs/include/unity_robotics_demo_msgs/msg/detail
[3.753s] -- Up-to-date: /home/zpw/UR3e-ROS2-resources/install/unity_robotics_demo_msgs/include/unity_robotics_demo_msgs/msg/detail/unity_color__rosidl_typesupport_fastrtps_cpp.hpp
[3.763s] -- Up-to-date: /home/zpw/UR3e-ROS2-resources/install/unity_robotics_demo_msgs/include/unity_robotics_demo_msgs/msg/detail/pos_rot__rosidl_typesupport_fastrtps_cpp.hpp
[3.763s] -- Up-to-date: /home/zpw/UR3e-ROS2-resources/install/unity_robotics_demo_msgs/include/unity_robotics_demo_msgs/msg/detail/dds_fastrtps
[3.764s] -- Up-to-date: /home/zpw/UR3e-ROS2-resources/install/unity_robotics_demo_msgs/include/unity_robotics_demo_msgs/srv
[3.764s] -- Up-to-date: /home/zpw/UR3e-ROS2-resources/install/unity_robotics_demo_msgs/include/unity_robotics_demo_msgs/srv/detail
[3.768s] -- Up-to-date: /home/zpw/UR3e-ROS2-resources/install/unity_robotics_demo_msgs/include/unity_robotics_demo_msgs/srv/detail/dds_fastrtps
[3.770s] -- Up-to-date: /home/zpw/UR3e-ROS2-resources/install/unity_robotics_demo_msgs/include/unity_robotics_demo_msgs/srv/detail/object_pose_service__rosidl_typesupport_fastrtps_cpp.hpp
[3.773s] -- Up-to-date: /home/zpw/UR3e-ROS2-resources/install/unity_robotics_demo_msgs/include/unity_robotics_demo_msgs/srv/detail/position_service__rosidl_typesupport_fastrtps_cpp.hpp
[3.777s] -- Up-to-date: /home/zpw/UR3e-ROS2-resources/install/unity_robotics_demo_msgs/lib/libunity_robotics_demo_msgs__rosidl_typesupport_fastrtps_cpp.so
[3.778s] -- Up-to-date: /home/zpw/UR3e-ROS2-resources/install/unity_robotics_demo_msgs/include/unity_robotics_demo_msgs
[3.779s] -- Up-to-date: /home/zpw/UR3e-ROS2-resources/install/unity_robotics_demo_msgs/include/unity_robotics_demo_msgs/msg
[3.779s] -- Up-to-date: /home/zpw/UR3e-ROS2-resources/install/unity_robotics_demo_msgs/include/unity_robotics_demo_msgs/msg/detail
[3.780s] -- Up-to-date: /home/zpw/UR3e-ROS2-resources/install/unity_robotics_demo_msgs/include/unity_robotics_demo_msgs/msg/detail/unity_color__rosidl_typesupport_introspection_c.h
[3.780s] -- Up-to-date: /home/zpw/UR3e-ROS2-resources/install/unity_robotics_demo_msgs/include/unity_robotics_demo_msgs/msg/detail/unity_color__type_support.c
[3.780s] -- Up-to-date: /home/zpw/UR3e-ROS2-resources/install/unity_robotics_demo_msgs/include/unity_robotics_demo_msgs/msg/detail/pos_rot__rosidl_typesupport_introspection_c.h
[3.781s] -- Up-to-date: /home/zpw/UR3e-ROS2-resources/install/unity_robotics_demo_msgs/include/unity_robotics_demo_msgs/msg/detail/pos_rot__type_support.c
[3.781s] -- Up-to-date: /home/zpw/UR3e-ROS2-resources/install/unity_robotics_demo_msgs/include/unity_robotics_demo_msgs/msg/rosidl_typesupport_introspection_c__visibility_control.h
[3.781s] -- Up-to-date: /home/zpw/UR3e-ROS2-resources/install/unity_robotics_demo_msgs/include/unity_robotics_demo_msgs/srv
[3.783s] -- Up-to-date: /home/zpw/UR3e-ROS2-resources/install/unity_robotics_demo_msgs/include/unity_robotics_demo_msgs/srv/detail
[3.788s] -- Up-to-date: /home/zpw/UR3e-ROS2-resources/install/unity_robotics_demo_msgs/include/unity_robotics_demo_msgs/srv/detail/object_pose_service__type_support.c
[3.797s] -- Up-to-date: /home/zpw/UR3e-ROS2-resources/install/unity_robotics_demo_msgs/include/unity_robotics_demo_msgs/srv/detail/position_service__rosidl_typesupport_introspection_c.h
[3.804s] -- Up-to-date: /home/zpw/UR3e-ROS2-resources/install/unity_robotics_demo_msgs/include/unity_robotics_demo_msgs/srv/detail/position_service__type_support.c
[3.809s] -- Up-to-date: /home/zpw/UR3e-ROS2-resources/install/unity_robotics_demo_msgs/include/unity_robotics_demo_msgs/srv/detail/object_pose_service__rosidl_typesupport_introspection_c.h
[3.812s] -- Up-to-date: /home/zpw/UR3e-ROS2-resources/install/unity_robotics_demo_msgs/lib/libunity_robotics_demo_msgs__rosidl_typesupport_introspection_c.so
[3.812s] -- Up-to-date: /home/zpw/UR3e-ROS2-resources/install/unity_robotics_demo_msgs/lib/libunity_robotics_demo_msgs__rosidl_typesupport_c.so
[3.813s] -- Up-to-date: /home/zpw/UR3e-ROS2-resources/install/unity_robotics_demo_msgs/include/unity_robotics_demo_msgs
[3.813s] -- Up-to-date: /home/zpw/UR3e-ROS2-resources/install/unity_robotics_demo_msgs/include/unity_robotics_demo_msgs/msg
[3.813s] -- Up-to-date: /home/zpw/UR3e-ROS2-resources/install/unity_robotics_demo_msgs/include/unity_robotics_demo_msgs/msg/unity_color.hpp
[3.813s] -- Up-to-date: /home/zpw/UR3e-ROS2-resources/install/unity_robotics_demo_msgs/include/unity_robotics_demo_msgs/msg/detail
[3.813s] -- Up-to-date: /home/zpw/UR3e-ROS2-resources/install/unity_robotics_demo_msgs/include/unity_robotics_demo_msgs/msg/detail/unity_color__struct.hpp
[3.813s] -- Up-to-date: /home/zpw/UR3e-ROS2-resources/install/unity_robotics_demo_msgs/include/unity_robotics_demo_msgs/msg/detail/pos_rot__builder.hpp
[3.814s] -- Up-to-date: /home/zpw/UR3e-ROS2-resources/install/unity_robotics_demo_msgs/include/unity_robotics_demo_msgs/msg/detail/pos_rot__traits.hpp
[3.817s] -- Up-to-date: /home/zpw/UR3e-ROS2-resources/install/unity_robotics_demo_msgs/include/unity_robotics_demo_msgs/msg/detail/unity_color__traits.hpp
[3.820s] -- Up-to-date: /home/zpw/UR3e-ROS2-resources/install/unity_robotics_demo_msgs/include/unity_robotics_demo_msgs/msg/detail/unity_color__builder.hpp
[3.821s] -- Up-to-date: /home/zpw/UR3e-ROS2-resources/install/unity_robotics_demo_msgs/include/unity_robotics_demo_msgs/msg/detail/pos_rot__struct.hpp
[3.823s] -- Up-to-date: /home/zpw/UR3e-ROS2-resources/install/unity_robotics_demo_msgs/include/unity_robotics_demo_msgs/msg/pos_rot.hpp
[3.824s] -- Up-to-date: /home/zpw/UR3e-ROS2-resources/install/unity_robotics_demo_msgs/include/unity_robotics_demo_msgs/srv
[3.825s] -- Up-to-date: /home/zpw/UR3e-ROS2-resources/install/unity_robotics_demo_msgs/include/unity_robotics_demo_msgs/srv/object_pose_service.hpp
[3.825s] -- Up-to-date: /home/zpw/UR3e-ROS2-resources/install/unity_robotics_demo_msgs/include/unity_robotics_demo_msgs/srv/position_service.hpp
[3.828s] -- Up-to-date: /home/zpw/UR3e-ROS2-resources/install/unity_robotics_demo_msgs/include/unity_robotics_demo_msgs/srv/detail
[3.829s] -- Up-to-date: /home/zpw/UR3e-ROS2-resources/install/unity_robotics_demo_msgs/include/unity_robotics_demo_msgs/srv/detail/object_pose_service__struct.hpp
[3.829s] -- Up-to-date: /home/zpw/UR3e-ROS2-resources/install/unity_robotics_demo_msgs/include/unity_robotics_demo_msgs/srv/detail/object_pose_service__traits.hpp
[3.829s] -- Up-to-date: /home/zpw/UR3e-ROS2-resources/install/unity_robotics_demo_msgs/include/unity_robotics_demo_msgs/srv/detail/position_service__traits.hpp
[3.829s] -- Up-to-date: /home/zpw/UR3e-ROS2-resources/install/unity_robotics_demo_msgs/include/unity_robotics_demo_msgs/srv/detail/position_service__struct.hpp
[3.830s] -- Up-to-date: /home/zpw/UR3e-ROS2-resources/install/unity_robotics_demo_msgs/include/unity_robotics_demo_msgs/srv/detail/object_pose_service__builder.hpp
[3.833s] -- Up-to-date: /home/zpw/UR3e-ROS2-resources/install/unity_robotics_demo_msgs/include/unity_robotics_demo_msgs/srv/detail/position_service__builder.hpp
[3.844s] -- Up-to-date: /home/zpw/UR3e-ROS2-resources/install/unity_robotics_demo_msgs/include/unity_robotics_demo_msgs
[3.844s] -- Up-to-date: /home/zpw/UR3e-ROS2-resources/install/unity_robotics_demo_msgs/include/unity_robotics_demo_msgs/msg
[3.845s] -- Up-to-date: /home/zpw/UR3e-ROS2-resources/install/unity_robotics_demo_msgs/include/unity_robotics_demo_msgs/msg/detail
[3.845s] -- Up-to-date: /home/zpw/UR3e-ROS2-resources/install/unity_robotics_demo_msgs/include/unity_robotics_demo_msgs/msg/detail/pos_rot__rosidl_typesupport_introspection_cpp.hpp
[3.845s] -- Up-to-date: /home/zpw/UR3e-ROS2-resources/install/unity_robotics_demo_msgs/include/unity_robotics_demo_msgs/msg/detail/unity_color__type_support.cpp
[3.846s] -- Up-to-date: /home/zpw/UR3e-ROS2-resources/install/unity_robotics_demo_msgs/include/unity_robotics_demo_msgs/msg/detail/pos_rot__type_support.cpp
[3.848s] -- Up-to-date: /home/zpw/UR3e-ROS2-resources/install/unity_robotics_demo_msgs/include/unity_robotics_demo_msgs/msg/detail/unity_color__rosidl_typesupport_introspection_cpp.hpp
[3.851s] -- Up-to-date: /home/zpw/UR3e-ROS2-resources/install/unity_robotics_demo_msgs/include/unity_robotics_demo_msgs/srv
[3.854s] -- Up-to-date: /home/zpw/UR3e-ROS2-resources/install/unity_robotics_demo_msgs/include/unity_robotics_demo_msgs/srv/detail
[3.857s] -- Up-to-date: /home/zpw/UR3e-ROS2-resources/install/unity_robotics_demo_msgs/include/unity_robotics_demo_msgs/srv/detail/object_pose_service__type_support.cpp
[3.859s] -- Up-to-date: /home/zpw/UR3e-ROS2-resources/install/unity_robotics_demo_msgs/include/unity_robotics_demo_msgs/srv/detail/position_service__rosidl_typesupport_introspection_cpp.hpp
[3.860s] -- Up-to-date: /home/zpw/UR3e-ROS2-resources/install/unity_robotics_demo_msgs/include/unity_robotics_demo_msgs/srv/detail/position_service__type_support.cpp
[3.860s] -- Up-to-date: /home/zpw/UR3e-ROS2-resources/install/unity_robotics_demo_msgs/include/unity_robotics_demo_msgs/srv/detail/object_pose_service__rosidl_typesupport_introspection_cpp.hpp
[3.860s] -- Up-to-date: /home/zpw/UR3e-ROS2-resources/install/unity_robotics_demo_msgs/lib/libunity_robotics_demo_msgs__rosidl_typesupport_introspection_cpp.so
[3.861s] -- Up-to-date: /home/zpw/UR3e-ROS2-resources/install/unity_robotics_demo_msgs/lib/libunity_robotics_demo_msgs__rosidl_typesupport_cpp.so
[3.873s] -- Up-to-date: /home/zpw/UR3e-ROS2-resources/install/unity_robotics_demo_msgs/share/unity_robotics_demo_msgs/environment/pythonpath.sh
[3.875s] -- Up-to-date: /home/zpw/UR3e-ROS2-resources/install/unity_robotics_demo_msgs/share/unity_robotics_demo_msgs/environment/pythonpath.dsv
[3.876s] -- Up-to-date: /home/zpw/UR3e-ROS2-resources/install/unity_robotics_demo_msgs/lib/python3.8/site-packages/unity_robotics_demo_msgs/__init__.py
[3.940s] -- Up-to-date: /home/zpw/UR3e-ROS2-resources/install/unity_robotics_demo_msgs/lib/python3.8/site-packages/unity_robotics_demo_msgs/msg
[3.945s] -- Up-to-date: /home/zpw/UR3e-ROS2-resources/install/unity_robotics_demo_msgs/lib/python3.8/site-packages/unity_robotics_demo_msgs/msg/_pos_rot.py
[3.945s] -- Up-to-date: /home/zpw/UR3e-ROS2-resources/install/unity_robotics_demo_msgs/lib/python3.8/site-packages/unity_robotics_demo_msgs/msg/_pos_rot_s.c
[3.946s] -- Up-to-date: /home/zpw/UR3e-ROS2-resources/install/unity_robotics_demo_msgs/lib/python3.8/site-packages/unity_robotics_demo_msgs/msg/__init__.py
[3.946s] -- Up-to-date: /home/zpw/UR3e-ROS2-resources/install/unity_robotics_demo_msgs/lib/python3.8/site-packages/unity_robotics_demo_msgs/msg/_unity_color_s.c
[3.950s] -- Up-to-date: /home/zpw/UR3e-ROS2-resources/install/unity_robotics_demo_msgs/lib/python3.8/site-packages/unity_robotics_demo_msgs/msg/_unity_color.py
[3.952s] -- Up-to-date: /home/zpw/UR3e-ROS2-resources/install/unity_robotics_demo_msgs/lib/python3.8/site-packages/unity_robotics_demo_msgs/srv
[3.953s] -- Up-to-date: /home/zpw/UR3e-ROS2-resources/install/unity_robotics_demo_msgs/lib/python3.8/site-packages/unity_robotics_demo_msgs/srv/_position_service.py
[3.960s] -- Up-to-date: /home/zpw/UR3e-ROS2-resources/install/unity_robotics_demo_msgs/lib/python3.8/site-packages/unity_robotics_demo_msgs/srv/__init__.py
[3.966s] -- Up-to-date: /home/zpw/UR3e-ROS2-resources/install/unity_robotics_demo_msgs/lib/python3.8/site-packages/unity_robotics_demo_msgs/srv/_object_pose_service_s.c
[3.968s] -- Up-to-date: /home/zpw/UR3e-ROS2-resources/install/unity_robotics_demo_msgs/lib/python3.8/site-packages/unity_robotics_demo_msgs/srv/_object_pose_service.py
[3.976s] -- Up-to-date: /home/zpw/UR3e-ROS2-resources/install/unity_robotics_demo_msgs/lib/python3.8/site-packages/unity_robotics_demo_msgs/srv/_position_service_s.c
[3.976s] -- Up-to-date: /home/zpw/UR3e-ROS2-resources/install/unity_robotics_demo_msgs/lib/python3.8/site-packages/unity_robotics_demo_msgs/unity_robotics_demo_msgs_s__rosidl_typesupport_fastrtps_c.cpython-38-x86_64-linux-gnu.so
[3.976s] -- Up-to-date: /home/zpw/UR3e-ROS2-resources/install/unity_robotics_demo_msgs/lib/python3.8/site-packages/unity_robotics_demo_msgs/unity_robotics_demo_msgs_s__rosidl_typesupport_introspection_c.cpython-38-x86_64-linux-gnu.so
[3.977s] -- Up-to-date: /home/zpw/UR3e-ROS2-resources/install/unity_robotics_demo_msgs/lib/python3.8/site-packages/unity_robotics_demo_msgs/unity_robotics_demo_msgs_s__rosidl_typesupport_c.cpython-38-x86_64-linux-gnu.so
[3.978s] -- Up-to-date: /home/zpw/UR3e-ROS2-resources/install/unity_robotics_demo_msgs/lib/libunity_robotics_demo_msgs__python.so
[3.980s] -- Up-to-date: /home/zpw/UR3e-ROS2-resources/install/unity_robotics_demo_msgs/share/unity_robotics_demo_msgs/msg/PosRot.idl
[3.981s] -- Up-to-date: /home/zpw/UR3e-ROS2-resources/install/unity_robotics_demo_msgs/share/unity_robotics_demo_msgs/msg/UnityColor.idl
[3.982s] -- Up-to-date: /home/zpw/UR3e-ROS2-resources/install/unity_robotics_demo_msgs/share/unity_robotics_demo_msgs/srv/PositionService.idl
[3.983s] -- Up-to-date: /home/zpw/UR3e-ROS2-resources/install/unity_robotics_demo_msgs/share/unity_robotics_demo_msgs/srv/ObjectPoseService.idl
[3.984s] -- Up-to-date: /home/zpw/UR3e-ROS2-resources/install/unity_robotics_demo_msgs/share/unity_robotics_demo_msgs/msg/PosRot.msg
[3.985s] -- Up-to-date: /home/zpw/UR3e-ROS2-resources/install/unity_robotics_demo_msgs/share/unity_robotics_demo_msgs/msg/UnityColor.msg
[3.985s] -- Up-to-date: /home/zpw/UR3e-ROS2-resources/install/unity_robotics_demo_msgs/share/unity_robotics_demo_msgs/srv/PositionService.srv
[3.986s] -- Up-to-date: /home/zpw/UR3e-ROS2-resources/install/unity_robotics_demo_msgs/share/unity_robotics_demo_msgs/srv/PositionService_Request.msg
[3.987s] -- Up-to-date: /home/zpw/UR3e-ROS2-resources/install/unity_robotics_demo_msgs/share/unity_robotics_demo_msgs/srv/PositionService_Response.msg
[3.988s] -- Up-to-date: /home/zpw/UR3e-ROS2-resources/install/unity_robotics_demo_msgs/share/unity_robotics_demo_msgs/srv/ObjectPoseService.srv
[3.991s] -- Up-to-date: /home/zpw/UR3e-ROS2-resources/install/unity_robotics_demo_msgs/share/unity_robotics_demo_msgs/srv/ObjectPoseService_Request.msg
[3.992s] -- Up-to-date: /home/zpw/UR3e-ROS2-resources/install/unity_robotics_demo_msgs/share/unity_robotics_demo_msgs/srv/ObjectPoseService_Response.msg
[3.992s] -- Up-to-date: /home/zpw/UR3e-ROS2-resources/install/unity_robotics_demo_msgs/share/ament_index/resource_index/package_run_dependencies/unity_robotics_demo_msgs
[3.993s] -- Up-to-date: /home/zpw/UR3e-ROS2-resources/install/unity_robotics_demo_msgs/share/ament_index/resource_index/parent_prefix_path/unity_robotics_demo_msgs
[3.993s] -- Up-to-date: /home/zpw/UR3e-ROS2-resources/install/unity_robotics_demo_msgs/share/unity_robotics_demo_msgs/environment/ament_prefix_path.sh
[3.993s] -- Up-to-date: /home/zpw/UR3e-ROS2-resources/install/unity_robotics_demo_msgs/share/unity_robotics_demo_msgs/environment/ament_prefix_path.dsv
[3.993s] -- Up-to-date: /home/zpw/UR3e-ROS2-resources/install/unity_robotics_demo_msgs/share/unity_robotics_demo_msgs/environment/path.sh
[3.994s] -- Up-to-date: /home/zpw/UR3e-ROS2-resources/install/unity_robotics_demo_msgs/share/unity_robotics_demo_msgs/environment/path.dsv
[3.997s] -- Up-to-date: /home/zpw/UR3e-ROS2-resources/install/unity_robotics_demo_msgs/share/unity_robotics_demo_msgs/local_setup.bash
[4.004s] -- Up-to-date: /home/zpw/UR3e-ROS2-resources/install/unity_robotics_demo_msgs/share/unity_robotics_demo_msgs/local_setup.sh
[4.005s] -- Up-to-date: /home/zpw/UR3e-ROS2-resources/install/unity_robotics_demo_msgs/share/unity_robotics_demo_msgs/local_setup.zsh
[4.008s] -- Up-to-date: /home/zpw/UR3e-ROS2-resources/install/unity_robotics_demo_msgs/share/unity_robotics_demo_msgs/local_setup.dsv
[4.008s] -- Installing: /home/zpw/UR3e-ROS2-resources/install/unity_robotics_demo_msgs/share/unity_robotics_demo_msgs/package.dsv
[4.008s] -- Up-to-date: /home/zpw/UR3e-ROS2-resources/install/unity_robotics_demo_msgs/share/ament_index/resource_index/packages/unity_robotics_demo_msgs
[4.009s] -- Up-to-date: /home/zpw/UR3e-ROS2-resources/install/unity_robotics_demo_msgs/share/unity_robotics_demo_msgs/cmake/unity_robotics_demo_msgs__rosidl_generator_cExport.cmake
[4.010s] -- Up-to-date: /home/zpw/UR3e-ROS2-resources/install/unity_robotics_demo_msgs/share/unity_robotics_demo_msgs/cmake/unity_robotics_demo_msgs__rosidl_generator_cExport-noconfig.cmake
[4.010s] -- Up-to-date: /home/zpw/UR3e-ROS2-resources/install/unity_robotics_demo_msgs/share/unity_robotics_demo_msgs/cmake/unity_robotics_demo_msgs__rosidl_typesupport_introspection_cExport.cmake
[4.011s] -- Up-to-date: /home/zpw/UR3e-ROS2-resources/install/unity_robotics_demo_msgs/share/unity_robotics_demo_msgs/cmake/unity_robotics_demo_msgs__rosidl_typesupport_introspection_cExport-noconfig.cmake
[4.011s] -- Up-to-date: /home/zpw/UR3e-ROS2-resources/install/unity_robotics_demo_msgs/share/unity_robotics_demo_msgs/cmake/unity_robotics_demo_msgs__rosidl_typesupport_cExport.cmake
[4.012s] -- Up-to-date: /home/zpw/UR3e-ROS2-resources/install/unity_robotics_demo_msgs/share/unity_robotics_demo_msgs/cmake/unity_robotics_demo_msgs__rosidl_typesupport_cExport-noconfig.cmake
[4.012s] -- Up-to-date: /home/zpw/UR3e-ROS2-resources/install/unity_robotics_demo_msgs/share/unity_robotics_demo_msgs/cmake/unity_robotics_demo_msgs__rosidl_generator_cppExport.cmake
[4.012s] -- Up-to-date: /home/zpw/UR3e-ROS2-resources/install/unity_robotics_demo_msgs/share/unity_robotics_demo_msgs/cmake/unity_robotics_demo_msgs__rosidl_typesupport_introspection_cppExport.cmake
[4.012s] -- Up-to-date: /home/zpw/UR3e-ROS2-resources/install/unity_robotics_demo_msgs/share/unity_robotics_demo_msgs/cmake/unity_robotics_demo_msgs__rosidl_typesupport_introspection_cppExport-noconfig.cmake
[4.012s] -- Up-to-date: /home/zpw/UR3e-ROS2-resources/install/unity_robotics_demo_msgs/share/unity_robotics_demo_msgs/cmake/unity_robotics_demo_msgs__rosidl_typesupport_cppExport.cmake
[4.012s] -- Up-to-date: /home/zpw/UR3e-ROS2-resources/install/unity_robotics_demo_msgs/share/unity_robotics_demo_msgs/cmake/unity_robotics_demo_msgs__rosidl_typesupport_cppExport-noconfig.cmake
[4.013s] -- Up-to-date: /home/zpw/UR3e-ROS2-resources/install/unity_robotics_demo_msgs/share/unity_robotics_demo_msgs/cmake/rosidl_cmake-extras.cmake
[4.013s] -- Up-to-date: /home/zpw/UR3e-ROS2-resources/install/unity_robotics_demo_msgs/share/unity_robotics_demo_msgs/cmake/ament_cmake_export_dependencies-extras.cmake
[4.013s] -- Up-to-date: /home/zpw/UR3e-ROS2-resources/install/unity_robotics_demo_msgs/share/unity_robotics_demo_msgs/cmake/ament_cmake_export_libraries-extras.cmake
[4.013s] -- Up-to-date: /home/zpw/UR3e-ROS2-resources/install/unity_robotics_demo_msgs/share/unity_robotics_demo_msgs/cmake/ament_cmake_export_targets-extras.cmake
[4.013s] -- Up-to-date: /home/zpw/UR3e-ROS2-resources/install/unity_robotics_demo_msgs/share/unity_robotics_demo_msgs/cmake/ament_cmake_export_include_directories-extras.cmake
[4.014s] -- Up-to-date: /home/zpw/UR3e-ROS2-resources/install/unity_robotics_demo_msgs/share/unity_robotics_demo_msgs/cmake/rosidl_cmake_export_typesupport_libraries-extras.cmake
[4.014s] -- Up-to-date: /home/zpw/UR3e-ROS2-resources/install/unity_robotics_demo_msgs/share/unity_robotics_demo_msgs/cmake/rosidl_cmake_export_typesupport_targets-extras.cmake
[4.014s] -- Up-to-date: /home/zpw/UR3e-ROS2-resources/install/unity_robotics_demo_msgs/share/unity_robotics_demo_msgs/cmake/unity_robotics_demo_msgsConfig.cmake
[4.014s] -- Up-to-date: /home/zpw/UR3e-ROS2-resources/install/unity_robotics_demo_msgs/share/unity_robotics_demo_msgs/cmake/unity_robotics_demo_msgsConfig-version.cmake
[4.014s] -- Up-to-date: /home/zpw/UR3e-ROS2-resources/install/unity_robotics_demo_msgs/share/unity_robotics_demo_msgs/package.xml
[4.382s] Invoked command in '/home/zpw/UR3e-ROS2-resources/build/unity_robotics_demo_msgs' returned '0': CMAKE_PREFIX_PATH=${CMAKE_PREFIX_PATH}:/home/zpw/UR3e-ROS2-resources/install/vr_connector:/home/zpw/UR3e-ROS2-resources/install/unity_robotics_demo:/home/zpw/UR3e-ROS2-resources/install/ros_tcp_endpoint:/opt/ros/foxy /usr/bin/cmake --install /home/zpw/UR3e-ROS2-resources/build/unity_robotics_demo_msgs
