[0.142s] Invoking command in '/home/zpw/UR3e-ROS2-resources/build/ur_dashboard_msgs': CMAKE_PREFIX_PATH=${CMAKE_PREFIX_PATH}:/home/zpw/UR3e-ROS2-resources/install/vr_connector:/home/zpw/UR3e-ROS2-resources/install/unity_robotics_demo:/home/zpw/UR3e-ROS2-resources/install/ros_tcp_endpoint:/opt/ros/foxy /usr/bin/cmake --build /home/zpw/UR3e-ROS2-resources/build/ur_dashboard_msgs -- -j16 -l16
[1.340s] [  1%] Built target ur_dashboard_msgs__cpp
[1.341s] [ 12%] Built target ur_dashboard_msgs__rosidl_generator_c
[1.341s] [ 24%] Built target ur_dashboard_msgs__rosidl_typesupport_c
[1.341s] [ 36%] Built target ur_dashboard_msgs__rosidl_typesupport_introspection_c
[1.341s] [ 57%] Built target ur_dashboard_msgs__rosidl_typesupport_cpp
[1.342s] [ 60%] Built target ur_dashboard_msgs__rosidl_typesupport_introspection_cpp
[1.342s] [ 72%] Built target ur_dashboard_msgs__rosidl_typesupport_fastrtps_cpp
[1.342s] [ 84%] Built target ur_dashboard_msgs__rosidl_typesupport_fastrtps_c
[1.343s] [ 84%] Built target ur_dashboard_msgs
[1.343s] [ 85%] Built target ur_dashboard_msgs__py
[1.343s] [ 96%] Built target ur_dashboard_msgs__python
[1.343s] [100%] Built target ur_dashboard_msgs__rosidl_typesupport_introspection_c__pyext
[1.344s] [100%] Built target ur_dashboard_msgs__rosidl_typesupport_fastrtps_c__pyext
[1.345s] [100%] Built target ur_dashboard_msgs__rosidl_typesupport_c__pyext
[1.359s] Invoked command in '/home/zpw/UR3e-ROS2-resources/build/ur_dashboard_msgs' returned '0': CMAKE_PREFIX_PATH=${CMAKE_PREFIX_PATH}:/home/zpw/UR3e-ROS2-resources/install/vr_connector:/home/zpw/UR3e-ROS2-resources/install/unity_robotics_demo:/home/zpw/UR3e-ROS2-resources/install/ros_tcp_endpoint:/opt/ros/foxy /usr/bin/cmake --build /home/zpw/UR3e-ROS2-resources/build/ur_dashboard_msgs -- -j16 -l16
[1.758s] Invoking command in '/home/zpw/UR3e-ROS2-resources/build/ur_dashboard_msgs': CMAKE_PREFIX_PATH=${CMAKE_PREFIX_PATH}:/home/zpw/UR3e-ROS2-resources/install/vr_connector:/home/zpw/UR3e-ROS2-resources/install/unity_robotics_demo:/home/zpw/UR3e-ROS2-resources/install/ros_tcp_endpoint:/opt/ros/foxy /usr/bin/cmake --install /home/zpw/UR3e-ROS2-resources/build/ur_dashboard_msgs
[1.838s] -- Install configuration: ""
[1.838s] -- Execute custom install script
[1.838s] -- Up-to-date symlink: /home/zpw/UR3e-ROS2-resources/install/ur_dashboard_msgs/share/ament_index/resource_index/rosidl_interfaces/ur_dashboard_msgs
[1.838s] -- Up-to-date symlink: /home/zpw/UR3e-ROS2-resources/install/ur_dashboard_msgs/include/ur_dashboard_msgs/action/detail/set_mode__functions.h
[1.838s] -- Up-to-date symlink: /home/zpw/UR3e-ROS2-resources/install/ur_dashboard_msgs/include/ur_dashboard_msgs/action/detail/set_mode__struct.h
[1.838s] -- Up-to-date symlink: /home/zpw/UR3e-ROS2-resources/install/ur_dashboard_msgs/include/ur_dashboard_msgs/action/detail/set_mode__type_support.h
[1.838s] -- Up-to-date symlink: /home/zpw/UR3e-ROS2-resources/install/ur_dashboard_msgs/include/ur_dashboard_msgs/action/set_mode.h
[1.838s] -- Up-to-date symlink: /home/zpw/UR3e-ROS2-resources/install/ur_dashboard_msgs/include/ur_dashboard_msgs/msg/detail/program_state__functions.h
[1.838s] -- Up-to-date symlink: /home/zpw/UR3e-ROS2-resources/install/ur_dashboard_msgs/include/ur_dashboard_msgs/msg/detail/program_state__struct.h
[1.839s] -- Up-to-date symlink: /home/zpw/UR3e-ROS2-resources/install/ur_dashboard_msgs/include/ur_dashboard_msgs/msg/detail/program_state__type_support.h
[1.839s] -- Up-to-date symlink: /home/zpw/UR3e-ROS2-resources/install/ur_dashboard_msgs/include/ur_dashboard_msgs/msg/detail/robot_mode__functions.h
[1.839s] -- Up-to-date symlink: /home/zpw/UR3e-ROS2-resources/install/ur_dashboard_msgs/include/ur_dashboard_msgs/msg/detail/robot_mode__struct.h
[1.839s] -- Up-to-date symlink: /home/zpw/UR3e-ROS2-resources/install/ur_dashboard_msgs/include/ur_dashboard_msgs/msg/detail/robot_mode__type_support.h
[1.839s] -- Up-to-date symlink: /home/zpw/UR3e-ROS2-resources/install/ur_dashboard_msgs/include/ur_dashboard_msgs/msg/detail/safety_mode__functions.h
[1.839s] -- Up-to-date symlink: /home/zpw/UR3e-ROS2-resources/install/ur_dashboard_msgs/include/ur_dashboard_msgs/msg/detail/safety_mode__struct.h
[1.839s] -- Up-to-date symlink: /home/zpw/UR3e-ROS2-resources/install/ur_dashboard_msgs/include/ur_dashboard_msgs/msg/detail/safety_mode__type_support.h
[1.839s] -- Up-to-date symlink: /home/zpw/UR3e-ROS2-resources/install/ur_dashboard_msgs/include/ur_dashboard_msgs/msg/program_state.h
[1.839s] -- Up-to-date symlink: /home/zpw/UR3e-ROS2-resources/install/ur_dashboard_msgs/include/ur_dashboard_msgs/msg/robot_mode.h
[1.839s] -- Up-to-date symlink: /home/zpw/UR3e-ROS2-resources/install/ur_dashboard_msgs/include/ur_dashboard_msgs/msg/rosidl_generator_c__visibility_control.h
[1.839s] -- Up-to-date symlink: /home/zpw/UR3e-ROS2-resources/install/ur_dashboard_msgs/include/ur_dashboard_msgs/msg/safety_mode.h
[1.839s] -- Up-to-date symlink: /home/zpw/UR3e-ROS2-resources/install/ur_dashboard_msgs/include/ur_dashboard_msgs/srv/add_to_log.h
[1.839s] -- Up-to-date symlink: /home/zpw/UR3e-ROS2-resources/install/ur_dashboard_msgs/include/ur_dashboard_msgs/srv/detail/add_to_log__functions.h
[1.840s] -- Up-to-date symlink: /home/zpw/UR3e-ROS2-resources/install/ur_dashboard_msgs/include/ur_dashboard_msgs/srv/detail/add_to_log__struct.h
[1.840s] -- Up-to-date symlink: /home/zpw/UR3e-ROS2-resources/install/ur_dashboard_msgs/include/ur_dashboard_msgs/srv/detail/add_to_log__type_support.h
[1.840s] -- Up-to-date symlink: /home/zpw/UR3e-ROS2-resources/install/ur_dashboard_msgs/include/ur_dashboard_msgs/srv/detail/get_loaded_program__functions.h
[1.840s] -- Up-to-date symlink: /home/zpw/UR3e-ROS2-resources/install/ur_dashboard_msgs/include/ur_dashboard_msgs/srv/detail/get_loaded_program__struct.h
[1.840s] -- Up-to-date symlink: /home/zpw/UR3e-ROS2-resources/install/ur_dashboard_msgs/include/ur_dashboard_msgs/srv/detail/get_loaded_program__type_support.h
[1.840s] -- Up-to-date symlink: /home/zpw/UR3e-ROS2-resources/install/ur_dashboard_msgs/include/ur_dashboard_msgs/srv/detail/get_program_state__functions.h
[1.840s] -- Up-to-date symlink: /home/zpw/UR3e-ROS2-resources/install/ur_dashboard_msgs/include/ur_dashboard_msgs/srv/detail/get_program_state__struct.h
[1.840s] -- Up-to-date symlink: /home/zpw/UR3e-ROS2-resources/install/ur_dashboard_msgs/include/ur_dashboard_msgs/srv/detail/get_program_state__type_support.h
[1.840s] -- Up-to-date symlink: /home/zpw/UR3e-ROS2-resources/install/ur_dashboard_msgs/include/ur_dashboard_msgs/srv/detail/get_robot_mode__functions.h
[1.840s] -- Up-to-date symlink: /home/zpw/UR3e-ROS2-resources/install/ur_dashboard_msgs/include/ur_dashboard_msgs/srv/detail/get_robot_mode__struct.h
[1.840s] -- Up-to-date symlink: /home/zpw/UR3e-ROS2-resources/install/ur_dashboard_msgs/include/ur_dashboard_msgs/srv/detail/get_robot_mode__type_support.h
[1.840s] -- Up-to-date symlink: /home/zpw/UR3e-ROS2-resources/install/ur_dashboard_msgs/include/ur_dashboard_msgs/srv/detail/get_safety_mode__functions.h
[1.840s] -- Up-to-date symlink: /home/zpw/UR3e-ROS2-resources/install/ur_dashboard_msgs/include/ur_dashboard_msgs/srv/detail/get_safety_mode__struct.h
[1.840s] -- Up-to-date symlink: /home/zpw/UR3e-ROS2-resources/install/ur_dashboard_msgs/include/ur_dashboard_msgs/srv/detail/get_safety_mode__type_support.h
[1.840s] -- Up-to-date symlink: /home/zpw/UR3e-ROS2-resources/install/ur_dashboard_msgs/include/ur_dashboard_msgs/srv/detail/is_program_running__functions.h
[1.841s] -- Up-to-date symlink: /home/zpw/UR3e-ROS2-resources/install/ur_dashboard_msgs/include/ur_dashboard_msgs/srv/detail/is_program_running__struct.h
[1.841s] -- Up-to-date symlink: /home/zpw/UR3e-ROS2-resources/install/ur_dashboard_msgs/include/ur_dashboard_msgs/srv/detail/is_program_running__type_support.h
[1.841s] -- Up-to-date symlink: /home/zpw/UR3e-ROS2-resources/install/ur_dashboard_msgs/include/ur_dashboard_msgs/srv/detail/is_program_saved__functions.h
[1.841s] -- Up-to-date symlink: /home/zpw/UR3e-ROS2-resources/install/ur_dashboard_msgs/include/ur_dashboard_msgs/srv/detail/is_program_saved__struct.h
[1.841s] -- Up-to-date symlink: /home/zpw/UR3e-ROS2-resources/install/ur_dashboard_msgs/include/ur_dashboard_msgs/srv/detail/is_program_saved__type_support.h
[1.841s] -- Up-to-date symlink: /home/zpw/UR3e-ROS2-resources/install/ur_dashboard_msgs/include/ur_dashboard_msgs/srv/detail/load__functions.h
[1.841s] -- Up-to-date symlink: /home/zpw/UR3e-ROS2-resources/install/ur_dashboard_msgs/include/ur_dashboard_msgs/srv/detail/load__struct.h
[1.841s] -- Up-to-date symlink: /home/zpw/UR3e-ROS2-resources/install/ur_dashboard_msgs/include/ur_dashboard_msgs/srv/detail/load__type_support.h
[1.841s] -- Up-to-date symlink: /home/zpw/UR3e-ROS2-resources/install/ur_dashboard_msgs/include/ur_dashboard_msgs/srv/detail/popup__functions.h
[1.841s] -- Up-to-date symlink: /home/zpw/UR3e-ROS2-resources/install/ur_dashboard_msgs/include/ur_dashboard_msgs/srv/detail/popup__struct.h
[1.841s] -- Up-to-date symlink: /home/zpw/UR3e-ROS2-resources/install/ur_dashboard_msgs/include/ur_dashboard_msgs/srv/detail/popup__type_support.h
[1.841s] -- Up-to-date symlink: /home/zpw/UR3e-ROS2-resources/install/ur_dashboard_msgs/include/ur_dashboard_msgs/srv/detail/raw_request__functions.h
[1.841s] -- Up-to-date symlink: /home/zpw/UR3e-ROS2-resources/install/ur_dashboard_msgs/include/ur_dashboard_msgs/srv/detail/raw_request__struct.h
[1.841s] -- Up-to-date symlink: /home/zpw/UR3e-ROS2-resources/install/ur_dashboard_msgs/include/ur_dashboard_msgs/srv/detail/raw_request__type_support.h
[1.842s] -- Up-to-date symlink: /home/zpw/UR3e-ROS2-resources/install/ur_dashboard_msgs/include/ur_dashboard_msgs/srv/get_loaded_program.h
[1.842s] -- Up-to-date symlink: /home/zpw/UR3e-ROS2-resources/install/ur_dashboard_msgs/include/ur_dashboard_msgs/srv/get_program_state.h
[1.842s] -- Up-to-date symlink: /home/zpw/UR3e-ROS2-resources/install/ur_dashboard_msgs/include/ur_dashboard_msgs/srv/get_robot_mode.h
[1.842s] -- Up-to-date symlink: /home/zpw/UR3e-ROS2-resources/install/ur_dashboard_msgs/include/ur_dashboard_msgs/srv/get_safety_mode.h
[1.842s] -- Up-to-date symlink: /home/zpw/UR3e-ROS2-resources/install/ur_dashboard_msgs/include/ur_dashboard_msgs/srv/is_program_running.h
[1.842s] -- Up-to-date symlink: /home/zpw/UR3e-ROS2-resources/install/ur_dashboard_msgs/include/ur_dashboard_msgs/srv/is_program_saved.h
[1.842s] -- Up-to-date symlink: /home/zpw/UR3e-ROS2-resources/install/ur_dashboard_msgs/include/ur_dashboard_msgs/srv/load.h
[1.845s] -- Up-to-date symlink: /home/zpw/UR3e-ROS2-resources/install/ur_dashboard_msgs/include/ur_dashboard_msgs/srv/popup.h
[1.845s] -- Up-to-date symlink: /home/zpw/UR3e-ROS2-resources/install/ur_dashboard_msgs/include/ur_dashboard_msgs/srv/raw_request.h
[1.845s] -- Up-to-date symlink: /home/zpw/UR3e-ROS2-resources/install/ur_dashboard_msgs/share/ur_dashboard_msgs/environment/library_path.sh
[1.845s] -- Up-to-date symlink: /home/zpw/UR3e-ROS2-resources/install/ur_dashboard_msgs/share/ur_dashboard_msgs/environment/library_path.dsv
[1.845s] -- Up-to-date symlink: /home/zpw/UR3e-ROS2-resources/install/ur_dashboard_msgs/include/ur_dashboard_msgs/action/detail/set_mode__rosidl_typesupport_fastrtps_c.h
[1.846s] -- Up-to-date symlink: /home/zpw/UR3e-ROS2-resources/install/ur_dashboard_msgs/include/ur_dashboard_msgs/msg/detail/program_state__rosidl_typesupport_fastrtps_c.h
[1.846s] -- Up-to-date symlink: /home/zpw/UR3e-ROS2-resources/install/ur_dashboard_msgs/include/ur_dashboard_msgs/msg/detail/robot_mode__rosidl_typesupport_fastrtps_c.h
[1.846s] -- Up-to-date symlink: /home/zpw/UR3e-ROS2-resources/install/ur_dashboard_msgs/include/ur_dashboard_msgs/msg/detail/safety_mode__rosidl_typesupport_fastrtps_c.h
[1.846s] -- Up-to-date symlink: /home/zpw/UR3e-ROS2-resources/install/ur_dashboard_msgs/include/ur_dashboard_msgs/msg/rosidl_typesupport_fastrtps_c__visibility_control.h
[1.846s] -- Up-to-date symlink: /home/zpw/UR3e-ROS2-resources/install/ur_dashboard_msgs/include/ur_dashboard_msgs/srv/detail/add_to_log__rosidl_typesupport_fastrtps_c.h
[1.846s] -- Up-to-date symlink: /home/zpw/UR3e-ROS2-resources/install/ur_dashboard_msgs/include/ur_dashboard_msgs/srv/detail/get_loaded_program__rosidl_typesupport_fastrtps_c.h
[1.846s] -- Up-to-date symlink: /home/zpw/UR3e-ROS2-resources/install/ur_dashboard_msgs/include/ur_dashboard_msgs/srv/detail/get_program_state__rosidl_typesupport_fastrtps_c.h
[1.847s] -- Up-to-date symlink: /home/zpw/UR3e-ROS2-resources/install/ur_dashboard_msgs/include/ur_dashboard_msgs/srv/detail/get_robot_mode__rosidl_typesupport_fastrtps_c.h
[1.847s] -- Up-to-date symlink: /home/zpw/UR3e-ROS2-resources/install/ur_dashboard_msgs/include/ur_dashboard_msgs/srv/detail/get_safety_mode__rosidl_typesupport_fastrtps_c.h
[1.847s] -- Up-to-date symlink: /home/zpw/UR3e-ROS2-resources/install/ur_dashboard_msgs/include/ur_dashboard_msgs/srv/detail/is_program_running__rosidl_typesupport_fastrtps_c.h
[1.847s] -- Up-to-date symlink: /home/zpw/UR3e-ROS2-resources/install/ur_dashboard_msgs/include/ur_dashboard_msgs/srv/detail/is_program_saved__rosidl_typesupport_fastrtps_c.h
[1.847s] -- Up-to-date symlink: /home/zpw/UR3e-ROS2-resources/install/ur_dashboard_msgs/include/ur_dashboard_msgs/srv/detail/load__rosidl_typesupport_fastrtps_c.h
[1.847s] -- Up-to-date symlink: /home/zpw/UR3e-ROS2-resources/install/ur_dashboard_msgs/include/ur_dashboard_msgs/srv/detail/popup__rosidl_typesupport_fastrtps_c.h
[1.847s] -- Up-to-date symlink: /home/zpw/UR3e-ROS2-resources/install/ur_dashboard_msgs/include/ur_dashboard_msgs/srv/detail/raw_request__rosidl_typesupport_fastrtps_c.h
[1.847s] -- Up-to-date symlink: /home/zpw/UR3e-ROS2-resources/install/ur_dashboard_msgs/lib/libur_dashboard_msgs__rosidl_typesupport_fastrtps_c.so
[1.847s] -- Up-to-date symlink: /home/zpw/UR3e-ROS2-resources/install/ur_dashboard_msgs/include/ur_dashboard_msgs/action/detail/set_mode__rosidl_typesupport_fastrtps_cpp.hpp
[1.847s] -- Up-to-date symlink: /home/zpw/UR3e-ROS2-resources/install/ur_dashboard_msgs/include/ur_dashboard_msgs/msg/detail/program_state__rosidl_typesupport_fastrtps_cpp.hpp
[1.848s] -- Up-to-date symlink: /home/zpw/UR3e-ROS2-resources/install/ur_dashboard_msgs/include/ur_dashboard_msgs/msg/detail/robot_mode__rosidl_typesupport_fastrtps_cpp.hpp
[1.848s] -- Up-to-date symlink: /home/zpw/UR3e-ROS2-resources/install/ur_dashboard_msgs/include/ur_dashboard_msgs/msg/detail/safety_mode__rosidl_typesupport_fastrtps_cpp.hpp
[1.848s] -- Up-to-date symlink: /home/zpw/UR3e-ROS2-resources/install/ur_dashboard_msgs/include/ur_dashboard_msgs/msg/rosidl_typesupport_fastrtps_cpp__visibility_control.h
[1.848s] -- Up-to-date symlink: /home/zpw/UR3e-ROS2-resources/install/ur_dashboard_msgs/include/ur_dashboard_msgs/srv/detail/add_to_log__rosidl_typesupport_fastrtps_cpp.hpp
[1.848s] -- Up-to-date symlink: /home/zpw/UR3e-ROS2-resources/install/ur_dashboard_msgs/include/ur_dashboard_msgs/srv/detail/get_loaded_program__rosidl_typesupport_fastrtps_cpp.hpp
[1.848s] -- Up-to-date symlink: /home/zpw/UR3e-ROS2-resources/install/ur_dashboard_msgs/include/ur_dashboard_msgs/srv/detail/get_program_state__rosidl_typesupport_fastrtps_cpp.hpp
[1.848s] -- Up-to-date symlink: /home/zpw/UR3e-ROS2-resources/install/ur_dashboard_msgs/include/ur_dashboard_msgs/srv/detail/get_robot_mode__rosidl_typesupport_fastrtps_cpp.hpp
[1.848s] -- Up-to-date symlink: /home/zpw/UR3e-ROS2-resources/install/ur_dashboard_msgs/include/ur_dashboard_msgs/srv/detail/get_safety_mode__rosidl_typesupport_fastrtps_cpp.hpp
[1.848s] -- Up-to-date symlink: /home/zpw/UR3e-ROS2-resources/install/ur_dashboard_msgs/include/ur_dashboard_msgs/srv/detail/is_program_running__rosidl_typesupport_fastrtps_cpp.hpp
[1.848s] -- Up-to-date symlink: /home/zpw/UR3e-ROS2-resources/install/ur_dashboard_msgs/include/ur_dashboard_msgs/srv/detail/is_program_saved__rosidl_typesupport_fastrtps_cpp.hpp
[1.848s] -- Up-to-date symlink: /home/zpw/UR3e-ROS2-resources/install/ur_dashboard_msgs/include/ur_dashboard_msgs/srv/detail/load__rosidl_typesupport_fastrtps_cpp.hpp
[1.848s] -- Up-to-date symlink: /home/zpw/UR3e-ROS2-resources/install/ur_dashboard_msgs/include/ur_dashboard_msgs/srv/detail/popup__rosidl_typesupport_fastrtps_cpp.hpp
[1.848s] -- Up-to-date symlink: /home/zpw/UR3e-ROS2-resources/install/ur_dashboard_msgs/include/ur_dashboard_msgs/srv/detail/raw_request__rosidl_typesupport_fastrtps_cpp.hpp
[1.848s] -- Up-to-date symlink: /home/zpw/UR3e-ROS2-resources/install/ur_dashboard_msgs/lib/libur_dashboard_msgs__rosidl_typesupport_fastrtps_cpp.so
[1.848s] -- Up-to-date symlink: /home/zpw/UR3e-ROS2-resources/install/ur_dashboard_msgs/include/ur_dashboard_msgs/action/detail/set_mode__rosidl_typesupport_introspection_c.h
[1.848s] -- Up-to-date symlink: /home/zpw/UR3e-ROS2-resources/install/ur_dashboard_msgs/include/ur_dashboard_msgs/msg/detail/program_state__rosidl_typesupport_introspection_c.h
[1.848s] -- Up-to-date symlink: /home/zpw/UR3e-ROS2-resources/install/ur_dashboard_msgs/include/ur_dashboard_msgs/msg/detail/robot_mode__rosidl_typesupport_introspection_c.h
[1.848s] -- Up-to-date symlink: /home/zpw/UR3e-ROS2-resources/install/ur_dashboard_msgs/include/ur_dashboard_msgs/msg/detail/safety_mode__rosidl_typesupport_introspection_c.h
[1.849s] -- Up-to-date symlink: /home/zpw/UR3e-ROS2-resources/install/ur_dashboard_msgs/include/ur_dashboard_msgs/msg/rosidl_typesupport_introspection_c__visibility_control.h
[1.849s] -- Up-to-date symlink: /home/zpw/UR3e-ROS2-resources/install/ur_dashboard_msgs/include/ur_dashboard_msgs/srv/detail/add_to_log__rosidl_typesupport_introspection_c.h
[1.849s] -- Up-to-date symlink: /home/zpw/UR3e-ROS2-resources/install/ur_dashboard_msgs/include/ur_dashboard_msgs/srv/detail/get_loaded_program__rosidl_typesupport_introspection_c.h
[1.849s] -- Up-to-date symlink: /home/zpw/UR3e-ROS2-resources/install/ur_dashboard_msgs/include/ur_dashboard_msgs/srv/detail/get_program_state__rosidl_typesupport_introspection_c.h
[1.849s] -- Up-to-date symlink: /home/zpw/UR3e-ROS2-resources/install/ur_dashboard_msgs/include/ur_dashboard_msgs/srv/detail/get_robot_mode__rosidl_typesupport_introspection_c.h
[1.849s] -- Up-to-date symlink: /home/zpw/UR3e-ROS2-resources/install/ur_dashboard_msgs/include/ur_dashboard_msgs/srv/detail/get_safety_mode__rosidl_typesupport_introspection_c.h
[1.849s] -- Up-to-date symlink: /home/zpw/UR3e-ROS2-resources/install/ur_dashboard_msgs/include/ur_dashboard_msgs/srv/detail/is_program_running__rosidl_typesupport_introspection_c.h
[1.849s] -- Up-to-date symlink: /home/zpw/UR3e-ROS2-resources/install/ur_dashboard_msgs/include/ur_dashboard_msgs/srv/detail/is_program_saved__rosidl_typesupport_introspection_c.h
[1.849s] -- Up-to-date symlink: /home/zpw/UR3e-ROS2-resources/install/ur_dashboard_msgs/include/ur_dashboard_msgs/srv/detail/load__rosidl_typesupport_introspection_c.h
[1.849s] -- Up-to-date symlink: /home/zpw/UR3e-ROS2-resources/install/ur_dashboard_msgs/include/ur_dashboard_msgs/srv/detail/popup__rosidl_typesupport_introspection_c.h
[1.849s] -- Up-to-date symlink: /home/zpw/UR3e-ROS2-resources/install/ur_dashboard_msgs/include/ur_dashboard_msgs/srv/detail/raw_request__rosidl_typesupport_introspection_c.h
[1.849s] -- Up-to-date symlink: /home/zpw/UR3e-ROS2-resources/install/ur_dashboard_msgs/include/ur_dashboard_msgs/action/detail/set_mode__builder.hpp
[1.849s] -- Up-to-date symlink: /home/zpw/UR3e-ROS2-resources/install/ur_dashboard_msgs/include/ur_dashboard_msgs/action/detail/set_mode__struct.hpp
[1.849s] -- Up-to-date symlink: /home/zpw/UR3e-ROS2-resources/install/ur_dashboard_msgs/include/ur_dashboard_msgs/action/detail/set_mode__traits.hpp
[1.849s] -- Up-to-date symlink: /home/zpw/UR3e-ROS2-resources/install/ur_dashboard_msgs/include/ur_dashboard_msgs/action/set_mode.hpp
[1.849s] -- Up-to-date symlink: /home/zpw/UR3e-ROS2-resources/install/ur_dashboard_msgs/include/ur_dashboard_msgs/msg/detail/program_state__builder.hpp
[1.849s] -- Up-to-date symlink: /home/zpw/UR3e-ROS2-resources/install/ur_dashboard_msgs/include/ur_dashboard_msgs/msg/detail/program_state__struct.hpp
[1.849s] -- Up-to-date symlink: /home/zpw/UR3e-ROS2-resources/install/ur_dashboard_msgs/include/ur_dashboard_msgs/msg/detail/program_state__traits.hpp
[1.850s] -- Up-to-date symlink: /home/zpw/UR3e-ROS2-resources/install/ur_dashboard_msgs/include/ur_dashboard_msgs/msg/detail/robot_mode__builder.hpp
[1.850s] -- Up-to-date symlink: /home/zpw/UR3e-ROS2-resources/install/ur_dashboard_msgs/include/ur_dashboard_msgs/msg/detail/robot_mode__struct.hpp
[1.850s] -- Up-to-date symlink: /home/zpw/UR3e-ROS2-resources/install/ur_dashboard_msgs/include/ur_dashboard_msgs/msg/detail/robot_mode__traits.hpp
[1.850s] -- Up-to-date symlink: /home/zpw/UR3e-ROS2-resources/install/ur_dashboard_msgs/include/ur_dashboard_msgs/msg/detail/safety_mode__builder.hpp
[1.850s] -- Up-to-date symlink: /home/zpw/UR3e-ROS2-resources/install/ur_dashboard_msgs/include/ur_dashboard_msgs/msg/detail/safety_mode__struct.hpp
[1.850s] -- Up-to-date symlink: /home/zpw/UR3e-ROS2-resources/install/ur_dashboard_msgs/include/ur_dashboard_msgs/msg/detail/safety_mode__traits.hpp
[1.850s] -- Up-to-date symlink: /home/zpw/UR3e-ROS2-resources/install/ur_dashboard_msgs/include/ur_dashboard_msgs/msg/program_state.hpp
[1.850s] -- Up-to-date symlink: /home/zpw/UR3e-ROS2-resources/install/ur_dashboard_msgs/include/ur_dashboard_msgs/msg/robot_mode.hpp
[1.850s] -- Up-to-date symlink: /home/zpw/UR3e-ROS2-resources/install/ur_dashboard_msgs/include/ur_dashboard_msgs/msg/safety_mode.hpp
[1.850s] -- Up-to-date symlink: /home/zpw/UR3e-ROS2-resources/install/ur_dashboard_msgs/include/ur_dashboard_msgs/srv/add_to_log.hpp
[1.850s] -- Up-to-date symlink: /home/zpw/UR3e-ROS2-resources/install/ur_dashboard_msgs/include/ur_dashboard_msgs/srv/detail/add_to_log__builder.hpp
[1.851s] -- Up-to-date symlink: /home/zpw/UR3e-ROS2-resources/install/ur_dashboard_msgs/include/ur_dashboard_msgs/srv/detail/add_to_log__struct.hpp
[1.851s] -- Up-to-date symlink: /home/zpw/UR3e-ROS2-resources/install/ur_dashboard_msgs/include/ur_dashboard_msgs/srv/detail/add_to_log__traits.hpp
[1.851s] -- Up-to-date symlink: /home/zpw/UR3e-ROS2-resources/install/ur_dashboard_msgs/include/ur_dashboard_msgs/srv/detail/get_loaded_program__builder.hpp
[1.854s] -- Up-to-date symlink: /home/zpw/UR3e-ROS2-resources/install/ur_dashboard_msgs/include/ur_dashboard_msgs/srv/detail/get_loaded_program__struct.hpp
[1.854s] -- Up-to-date symlink: /home/zpw/UR3e-ROS2-resources/install/ur_dashboard_msgs/include/ur_dashboard_msgs/srv/detail/get_loaded_program__traits.hpp
[1.854s] -- Up-to-date symlink: /home/zpw/UR3e-ROS2-resources/install/ur_dashboard_msgs/include/ur_dashboard_msgs/srv/detail/get_program_state__builder.hpp
[1.854s] -- Up-to-date symlink: /home/zpw/UR3e-ROS2-resources/install/ur_dashboard_msgs/include/ur_dashboard_msgs/srv/detail/get_program_state__struct.hpp
[1.854s] -- Up-to-date symlink: /home/zpw/UR3e-ROS2-resources/install/ur_dashboard_msgs/include/ur_dashboard_msgs/srv/detail/get_program_state__traits.hpp
[1.855s] -- Up-to-date symlink: /home/zpw/UR3e-ROS2-resources/install/ur_dashboard_msgs/include/ur_dashboard_msgs/srv/detail/get_robot_mode__builder.hpp
[1.856s] -- Up-to-date symlink: /home/zpw/UR3e-ROS2-resources/install/ur_dashboard_msgs/include/ur_dashboard_msgs/srv/detail/get_robot_mode__struct.hpp
[1.858s] -- Up-to-date symlink: /home/zpw/UR3e-ROS2-resources/install/ur_dashboard_msgs/include/ur_dashboard_msgs/srv/detail/get_robot_mode__traits.hpp
[1.858s] -- Up-to-date symlink: /home/zpw/UR3e-ROS2-resources/install/ur_dashboard_msgs/include/ur_dashboard_msgs/srv/detail/get_safety_mode__builder.hpp
[1.858s] -- Up-to-date symlink: /home/zpw/UR3e-ROS2-resources/install/ur_dashboard_msgs/include/ur_dashboard_msgs/srv/detail/get_safety_mode__struct.hpp
[1.859s] -- Up-to-date symlink: /home/zpw/UR3e-ROS2-resources/install/ur_dashboard_msgs/include/ur_dashboard_msgs/srv/detail/get_safety_mode__traits.hpp
[1.859s] -- Up-to-date symlink: /home/zpw/UR3e-ROS2-resources/install/ur_dashboard_msgs/include/ur_dashboard_msgs/srv/detail/is_program_running__builder.hpp
[1.859s] -- Up-to-date symlink: /home/zpw/UR3e-ROS2-resources/install/ur_dashboard_msgs/include/ur_dashboard_msgs/srv/detail/is_program_running__struct.hpp
[1.860s] -- Up-to-date symlink: /home/zpw/UR3e-ROS2-resources/install/ur_dashboard_msgs/include/ur_dashboard_msgs/srv/detail/is_program_running__traits.hpp
[1.861s] -- Up-to-date symlink: /home/zpw/UR3e-ROS2-resources/install/ur_dashboard_msgs/include/ur_dashboard_msgs/srv/detail/is_program_saved__builder.hpp
[1.864s] -- Up-to-date symlink: /home/zpw/UR3e-ROS2-resources/install/ur_dashboard_msgs/include/ur_dashboard_msgs/srv/detail/is_program_saved__struct.hpp
[1.864s] -- Up-to-date symlink: /home/zpw/UR3e-ROS2-resources/install/ur_dashboard_msgs/include/ur_dashboard_msgs/srv/detail/is_program_saved__traits.hpp
[1.865s] -- Up-to-date symlink: /home/zpw/UR3e-ROS2-resources/install/ur_dashboard_msgs/include/ur_dashboard_msgs/srv/detail/load__builder.hpp
[1.868s] -- Up-to-date symlink: /home/zpw/UR3e-ROS2-resources/install/ur_dashboard_msgs/include/ur_dashboard_msgs/srv/detail/load__struct.hpp
[1.868s] -- Up-to-date symlink: /home/zpw/UR3e-ROS2-resources/install/ur_dashboard_msgs/include/ur_dashboard_msgs/srv/detail/load__traits.hpp
[1.868s] -- Up-to-date symlink: /home/zpw/UR3e-ROS2-resources/install/ur_dashboard_msgs/include/ur_dashboard_msgs/srv/detail/popup__builder.hpp
[1.869s] -- Up-to-date symlink: /home/zpw/UR3e-ROS2-resources/install/ur_dashboard_msgs/include/ur_dashboard_msgs/srv/detail/popup__struct.hpp
[1.869s] -- Up-to-date symlink: /home/zpw/UR3e-ROS2-resources/install/ur_dashboard_msgs/include/ur_dashboard_msgs/srv/detail/popup__traits.hpp
[1.869s] -- Up-to-date symlink: /home/zpw/UR3e-ROS2-resources/install/ur_dashboard_msgs/include/ur_dashboard_msgs/srv/detail/raw_request__builder.hpp
[1.869s] -- Up-to-date symlink: /home/zpw/UR3e-ROS2-resources/install/ur_dashboard_msgs/include/ur_dashboard_msgs/srv/detail/raw_request__struct.hpp
[1.869s] -- Up-to-date symlink: /home/zpw/UR3e-ROS2-resources/install/ur_dashboard_msgs/include/ur_dashboard_msgs/srv/detail/raw_request__traits.hpp
[1.869s] -- Up-to-date symlink: /home/zpw/UR3e-ROS2-resources/install/ur_dashboard_msgs/include/ur_dashboard_msgs/srv/get_loaded_program.hpp
[1.870s] -- Up-to-date symlink: /home/zpw/UR3e-ROS2-resources/install/ur_dashboard_msgs/include/ur_dashboard_msgs/srv/get_program_state.hpp
[1.870s] -- Up-to-date symlink: /home/zpw/UR3e-ROS2-resources/install/ur_dashboard_msgs/include/ur_dashboard_msgs/srv/get_robot_mode.hpp
[1.870s] -- Up-to-date symlink: /home/zpw/UR3e-ROS2-resources/install/ur_dashboard_msgs/include/ur_dashboard_msgs/srv/get_safety_mode.hpp
[1.870s] -- Up-to-date symlink: /home/zpw/UR3e-ROS2-resources/install/ur_dashboard_msgs/include/ur_dashboard_msgs/srv/is_program_running.hpp
[1.870s] -- Up-to-date symlink: /home/zpw/UR3e-ROS2-resources/install/ur_dashboard_msgs/include/ur_dashboard_msgs/srv/is_program_saved.hpp
[1.871s] -- Up-to-date symlink: /home/zpw/UR3e-ROS2-resources/install/ur_dashboard_msgs/include/ur_dashboard_msgs/srv/load.hpp
[1.871s] -- Up-to-date symlink: /home/zpw/UR3e-ROS2-resources/install/ur_dashboard_msgs/include/ur_dashboard_msgs/srv/popup.hpp
[1.871s] -- Up-to-date symlink: /home/zpw/UR3e-ROS2-resources/install/ur_dashboard_msgs/include/ur_dashboard_msgs/srv/raw_request.hpp
[1.871s] -- Up-to-date symlink: /home/zpw/UR3e-ROS2-resources/install/ur_dashboard_msgs/include/ur_dashboard_msgs/action/detail/set_mode__rosidl_typesupport_introspection_cpp.hpp
[1.871s] -- Up-to-date symlink: /home/zpw/UR3e-ROS2-resources/install/ur_dashboard_msgs/include/ur_dashboard_msgs/msg/detail/program_state__rosidl_typesupport_introspection_cpp.hpp
[1.872s] -- Up-to-date symlink: /home/zpw/UR3e-ROS2-resources/install/ur_dashboard_msgs/include/ur_dashboard_msgs/msg/detail/robot_mode__rosidl_typesupport_introspection_cpp.hpp
[1.872s] -- Up-to-date symlink: /home/zpw/UR3e-ROS2-resources/install/ur_dashboard_msgs/include/ur_dashboard_msgs/msg/detail/safety_mode__rosidl_typesupport_introspection_cpp.hpp
[1.872s] -- Up-to-date symlink: /home/zpw/UR3e-ROS2-resources/install/ur_dashboard_msgs/include/ur_dashboard_msgs/srv/detail/add_to_log__rosidl_typesupport_introspection_cpp.hpp
[1.872s] -- Up-to-date symlink: /home/zpw/UR3e-ROS2-resources/install/ur_dashboard_msgs/include/ur_dashboard_msgs/srv/detail/get_loaded_program__rosidl_typesupport_introspection_cpp.hpp
[1.872s] -- Up-to-date symlink: /home/zpw/UR3e-ROS2-resources/install/ur_dashboard_msgs/include/ur_dashboard_msgs/srv/detail/get_program_state__rosidl_typesupport_introspection_cpp.hpp
[1.872s] -- Up-to-date symlink: /home/zpw/UR3e-ROS2-resources/install/ur_dashboard_msgs/include/ur_dashboard_msgs/srv/detail/get_robot_mode__rosidl_typesupport_introspection_cpp.hpp
[1.872s] -- Up-to-date symlink: /home/zpw/UR3e-ROS2-resources/install/ur_dashboard_msgs/include/ur_dashboard_msgs/srv/detail/get_safety_mode__rosidl_typesupport_introspection_cpp.hpp
[1.872s] -- Up-to-date symlink: /home/zpw/UR3e-ROS2-resources/install/ur_dashboard_msgs/include/ur_dashboard_msgs/srv/detail/is_program_running__rosidl_typesupport_introspection_cpp.hpp
[1.872s] -- Up-to-date symlink: /home/zpw/UR3e-ROS2-resources/install/ur_dashboard_msgs/include/ur_dashboard_msgs/srv/detail/is_program_saved__rosidl_typesupport_introspection_cpp.hpp
[1.872s] -- Up-to-date symlink: /home/zpw/UR3e-ROS2-resources/install/ur_dashboard_msgs/include/ur_dashboard_msgs/srv/detail/load__rosidl_typesupport_introspection_cpp.hpp
[1.873s] -- Up-to-date symlink: /home/zpw/UR3e-ROS2-resources/install/ur_dashboard_msgs/include/ur_dashboard_msgs/srv/detail/popup__rosidl_typesupport_introspection_cpp.hpp
[1.873s] -- Up-to-date symlink: /home/zpw/UR3e-ROS2-resources/install/ur_dashboard_msgs/include/ur_dashboard_msgs/srv/detail/raw_request__rosidl_typesupport_introspection_cpp.hpp
[1.873s] -- Up-to-date symlink: /home/zpw/UR3e-ROS2-resources/install/ur_dashboard_msgs/share/ur_dashboard_msgs/environment/pythonpath.sh
[1.874s] -- Up-to-date symlink: /home/zpw/UR3e-ROS2-resources/install/ur_dashboard_msgs/share/ur_dashboard_msgs/environment/pythonpath.dsv
[1.874s] -- Up-to-date symlink: /home/zpw/UR3e-ROS2-resources/install/ur_dashboard_msgs/lib/python3.8/site-packages/ur_dashboard_msgs/__init__.py
[1.874s] -- Up-to-date symlink: /home/zpw/UR3e-ROS2-resources/install/ur_dashboard_msgs/lib/python3.8/site-packages/ur_dashboard_msgs/msg/__init__.py
[1.875s] -- Up-to-date symlink: /home/zpw/UR3e-ROS2-resources/install/ur_dashboard_msgs/lib/python3.8/site-packages/ur_dashboard_msgs/msg/_program_state.py
[1.875s] -- Up-to-date symlink: /home/zpw/UR3e-ROS2-resources/install/ur_dashboard_msgs/lib/python3.8/site-packages/ur_dashboard_msgs/msg/_robot_mode.py
[1.875s] -- Up-to-date symlink: /home/zpw/UR3e-ROS2-resources/install/ur_dashboard_msgs/lib/python3.8/site-packages/ur_dashboard_msgs/msg/_safety_mode.py
[1.875s] -- Up-to-date symlink: /home/zpw/UR3e-ROS2-resources/install/ur_dashboard_msgs/lib/python3.8/site-packages/ur_dashboard_msgs/srv/__init__.py
[1.876s] -- Up-to-date symlink: /home/zpw/UR3e-ROS2-resources/install/ur_dashboard_msgs/lib/python3.8/site-packages/ur_dashboard_msgs/srv/_add_to_log.py
[1.876s] -- Up-to-date symlink: /home/zpw/UR3e-ROS2-resources/install/ur_dashboard_msgs/lib/python3.8/site-packages/ur_dashboard_msgs/srv/_get_loaded_program.py
[1.876s] -- Up-to-date symlink: /home/zpw/UR3e-ROS2-resources/install/ur_dashboard_msgs/lib/python3.8/site-packages/ur_dashboard_msgs/srv/_get_program_state.py
[1.876s] -- Up-to-date symlink: /home/zpw/UR3e-ROS2-resources/install/ur_dashboard_msgs/lib/python3.8/site-packages/ur_dashboard_msgs/srv/_get_robot_mode.py
[1.877s] -- Up-to-date symlink: /home/zpw/UR3e-ROS2-resources/install/ur_dashboard_msgs/lib/python3.8/site-packages/ur_dashboard_msgs/srv/_get_safety_mode.py
[1.877s] -- Up-to-date symlink: /home/zpw/UR3e-ROS2-resources/install/ur_dashboard_msgs/lib/python3.8/site-packages/ur_dashboard_msgs/srv/_is_program_running.py
[1.877s] -- Up-to-date symlink: /home/zpw/UR3e-ROS2-resources/install/ur_dashboard_msgs/lib/python3.8/site-packages/ur_dashboard_msgs/srv/_is_program_saved.py
[1.877s] -- Up-to-date symlink: /home/zpw/UR3e-ROS2-resources/install/ur_dashboard_msgs/lib/python3.8/site-packages/ur_dashboard_msgs/srv/_load.py
[1.877s] -- Up-to-date symlink: /home/zpw/UR3e-ROS2-resources/install/ur_dashboard_msgs/lib/python3.8/site-packages/ur_dashboard_msgs/srv/_popup.py
[1.878s] -- Up-to-date symlink: /home/zpw/UR3e-ROS2-resources/install/ur_dashboard_msgs/lib/python3.8/site-packages/ur_dashboard_msgs/srv/_raw_request.py
[1.878s] -- Up-to-date symlink: /home/zpw/UR3e-ROS2-resources/install/ur_dashboard_msgs/lib/python3.8/site-packages/ur_dashboard_msgs/action/__init__.py
[1.878s] -- Up-to-date symlink: /home/zpw/UR3e-ROS2-resources/install/ur_dashboard_msgs/lib/python3.8/site-packages/ur_dashboard_msgs/action/_set_mode.py
[1.878s] -- Up-to-date symlink: /home/zpw/UR3e-ROS2-resources/install/ur_dashboard_msgs/lib/python3.8/site-packages/ur_dashboard_msgs/ur_dashboard_msgs_s__rosidl_typesupport_fastrtps_c.cpython-38-x86_64-linux-gnu.so
[1.879s] -- Up-to-date symlink: /home/zpw/UR3e-ROS2-resources/install/ur_dashboard_msgs/lib/python3.8/site-packages/ur_dashboard_msgs/ur_dashboard_msgs_s__rosidl_typesupport_introspection_c.cpython-38-x86_64-linux-gnu.so
[1.879s] -- Up-to-date symlink: /home/zpw/UR3e-ROS2-resources/install/ur_dashboard_msgs/lib/python3.8/site-packages/ur_dashboard_msgs/ur_dashboard_msgs_s__rosidl_typesupport_c.cpython-38-x86_64-linux-gnu.so
[1.879s] -- Up-to-date symlink: /home/zpw/UR3e-ROS2-resources/install/ur_dashboard_msgs/lib/libur_dashboard_msgs__python.so
[1.879s] -- Up-to-date symlink: /home/zpw/UR3e-ROS2-resources/install/ur_dashboard_msgs/share/ur_dashboard_msgs/msg/ProgramState.idl
[1.880s] -- Up-to-date symlink: /home/zpw/UR3e-ROS2-resources/install/ur_dashboard_msgs/share/ur_dashboard_msgs/msg/RobotMode.idl
[1.880s] -- Up-to-date symlink: /home/zpw/UR3e-ROS2-resources/install/ur_dashboard_msgs/share/ur_dashboard_msgs/msg/SafetyMode.idl
[1.880s] -- Up-to-date symlink: /home/zpw/UR3e-ROS2-resources/install/ur_dashboard_msgs/share/ur_dashboard_msgs/srv/AddToLog.idl
[1.880s] -- Up-to-date symlink: /home/zpw/UR3e-ROS2-resources/install/ur_dashboard_msgs/share/ur_dashboard_msgs/srv/GetLoadedProgram.idl
[1.880s] -- Up-to-date symlink: /home/zpw/UR3e-ROS2-resources/install/ur_dashboard_msgs/share/ur_dashboard_msgs/srv/GetProgramState.idl
[1.881s] -- Up-to-date symlink: /home/zpw/UR3e-ROS2-resources/install/ur_dashboard_msgs/share/ur_dashboard_msgs/srv/GetRobotMode.idl
[1.881s] -- Up-to-date symlink: /home/zpw/UR3e-ROS2-resources/install/ur_dashboard_msgs/share/ur_dashboard_msgs/srv/GetSafetyMode.idl
[1.882s] -- Up-to-date symlink: /home/zpw/UR3e-ROS2-resources/install/ur_dashboard_msgs/share/ur_dashboard_msgs/srv/IsProgramRunning.idl
[1.882s] -- Up-to-date symlink: /home/zpw/UR3e-ROS2-resources/install/ur_dashboard_msgs/share/ur_dashboard_msgs/srv/IsProgramSaved.idl
[1.882s] -- Up-to-date symlink: /home/zpw/UR3e-ROS2-resources/install/ur_dashboard_msgs/share/ur_dashboard_msgs/srv/Load.idl
[1.883s] -- Up-to-date symlink: /home/zpw/UR3e-ROS2-resources/install/ur_dashboard_msgs/share/ur_dashboard_msgs/srv/Popup.idl
[1.883s] -- Up-to-date symlink: /home/zpw/UR3e-ROS2-resources/install/ur_dashboard_msgs/share/ur_dashboard_msgs/srv/RawRequest.idl
[1.883s] -- Up-to-date symlink: /home/zpw/UR3e-ROS2-resources/install/ur_dashboard_msgs/share/ur_dashboard_msgs/action/SetMode.idl
[1.883s] -- Up-to-date symlink: /home/zpw/UR3e-ROS2-resources/install/ur_dashboard_msgs/share/ur_dashboard_msgs/msg/ProgramState.msg
[1.883s] -- Up-to-date symlink: /home/zpw/UR3e-ROS2-resources/install/ur_dashboard_msgs/share/ur_dashboard_msgs/msg/RobotMode.msg
[1.883s] -- Up-to-date symlink: /home/zpw/UR3e-ROS2-resources/install/ur_dashboard_msgs/share/ur_dashboard_msgs/msg/SafetyMode.msg
[1.883s] -- Up-to-date symlink: /home/zpw/UR3e-ROS2-resources/install/ur_dashboard_msgs/share/ur_dashboard_msgs/srv/AddToLog.srv
[1.884s] -- Up-to-date symlink: /home/zpw/UR3e-ROS2-resources/install/ur_dashboard_msgs/share/ur_dashboard_msgs/srv/AddToLog_Request.msg
[1.884s] -- Up-to-date symlink: /home/zpw/UR3e-ROS2-resources/install/ur_dashboard_msgs/share/ur_dashboard_msgs/srv/AddToLog_Response.msg
[1.885s] -- Up-to-date symlink: /home/zpw/UR3e-ROS2-resources/install/ur_dashboard_msgs/share/ur_dashboard_msgs/srv/GetLoadedProgram.srv
[1.885s] -- Up-to-date symlink: /home/zpw/UR3e-ROS2-resources/install/ur_dashboard_msgs/share/ur_dashboard_msgs/srv/GetLoadedProgram_Request.msg
[1.885s] -- Up-to-date symlink: /home/zpw/UR3e-ROS2-resources/install/ur_dashboard_msgs/share/ur_dashboard_msgs/srv/GetLoadedProgram_Response.msg
[1.886s] -- Up-to-date symlink: /home/zpw/UR3e-ROS2-resources/install/ur_dashboard_msgs/share/ur_dashboard_msgs/srv/GetProgramState.srv
[1.886s] -- Up-to-date symlink: /home/zpw/UR3e-ROS2-resources/install/ur_dashboard_msgs/share/ur_dashboard_msgs/srv/GetProgramState_Request.msg
[1.886s] -- Up-to-date symlink: /home/zpw/UR3e-ROS2-resources/install/ur_dashboard_msgs/share/ur_dashboard_msgs/srv/GetProgramState_Response.msg
[1.887s] -- Up-to-date symlink: /home/zpw/UR3e-ROS2-resources/install/ur_dashboard_msgs/share/ur_dashboard_msgs/srv/GetRobotMode.srv
[1.887s] -- Up-to-date symlink: /home/zpw/UR3e-ROS2-resources/install/ur_dashboard_msgs/share/ur_dashboard_msgs/srv/GetRobotMode_Request.msg
[1.887s] -- Up-to-date symlink: /home/zpw/UR3e-ROS2-resources/install/ur_dashboard_msgs/share/ur_dashboard_msgs/srv/GetRobotMode_Response.msg
[1.887s] -- Up-to-date symlink: /home/zpw/UR3e-ROS2-resources/install/ur_dashboard_msgs/share/ur_dashboard_msgs/srv/GetSafetyMode.srv
[1.888s] -- Up-to-date symlink: /home/zpw/UR3e-ROS2-resources/install/ur_dashboard_msgs/share/ur_dashboard_msgs/srv/GetSafetyMode_Request.msg
[1.888s] -- Up-to-date symlink: /home/zpw/UR3e-ROS2-resources/install/ur_dashboard_msgs/share/ur_dashboard_msgs/srv/GetSafetyMode_Response.msg
[1.888s] -- Up-to-date symlink: /home/zpw/UR3e-ROS2-resources/install/ur_dashboard_msgs/share/ur_dashboard_msgs/srv/IsProgramRunning.srv
[1.888s] -- Up-to-date symlink: /home/zpw/UR3e-ROS2-resources/install/ur_dashboard_msgs/share/ur_dashboard_msgs/srv/IsProgramRunning_Request.msg
[1.888s] -- Up-to-date symlink: /home/zpw/UR3e-ROS2-resources/install/ur_dashboard_msgs/share/ur_dashboard_msgs/srv/IsProgramRunning_Response.msg
[1.888s] -- Up-to-date symlink: /home/zpw/UR3e-ROS2-resources/install/ur_dashboard_msgs/share/ur_dashboard_msgs/srv/IsProgramSaved.srv
[1.888s] -- Up-to-date symlink: /home/zpw/UR3e-ROS2-resources/install/ur_dashboard_msgs/share/ur_dashboard_msgs/srv/IsProgramSaved_Request.msg
[1.888s] -- Up-to-date symlink: /home/zpw/UR3e-ROS2-resources/install/ur_dashboard_msgs/share/ur_dashboard_msgs/srv/IsProgramSaved_Response.msg
[1.889s] -- Up-to-date symlink: /home/zpw/UR3e-ROS2-resources/install/ur_dashboard_msgs/share/ur_dashboard_msgs/srv/Load.srv
[1.889s] -- Up-to-date symlink: /home/zpw/UR3e-ROS2-resources/install/ur_dashboard_msgs/share/ur_dashboard_msgs/srv/Load_Request.msg
[1.889s] -- Up-to-date symlink: /home/zpw/UR3e-ROS2-resources/install/ur_dashboard_msgs/share/ur_dashboard_msgs/srv/Load_Response.msg
[1.891s] -- Up-to-date symlink: /home/zpw/UR3e-ROS2-resources/install/ur_dashboard_msgs/share/ur_dashboard_msgs/srv/Popup.srv
[1.892s] -- Up-to-date symlink: /home/zpw/UR3e-ROS2-resources/install/ur_dashboard_msgs/share/ur_dashboard_msgs/srv/Popup_Request.msg
[1.892s] -- Up-to-date symlink: /home/zpw/UR3e-ROS2-resources/install/ur_dashboard_msgs/share/ur_dashboard_msgs/srv/Popup_Response.msg
[1.892s] -- Up-to-date symlink: /home/zpw/UR3e-ROS2-resources/install/ur_dashboard_msgs/share/ur_dashboard_msgs/srv/RawRequest.srv
[1.892s] -- Up-to-date symlink: /home/zpw/UR3e-ROS2-resources/install/ur_dashboard_msgs/share/ur_dashboard_msgs/srv/RawRequest_Request.msg
[1.892s] -- Up-to-date symlink: /home/zpw/UR3e-ROS2-resources/install/ur_dashboard_msgs/share/ur_dashboard_msgs/srv/RawRequest_Response.msg
[1.892s] -- Up-to-date symlink: /home/zpw/UR3e-ROS2-resources/install/ur_dashboard_msgs/share/ur_dashboard_msgs/action/SetMode.action
[1.893s] -- Up-to-date symlink: /home/zpw/UR3e-ROS2-resources/install/ur_dashboard_msgs/share/ament_index/resource_index/package_run_dependencies/ur_dashboard_msgs
[1.895s] -- Up-to-date symlink: /home/zpw/UR3e-ROS2-resources/install/ur_dashboard_msgs/share/ament_index/resource_index/parent_prefix_path/ur_dashboard_msgs
[1.895s] -- Up-to-date symlink: /home/zpw/UR3e-ROS2-resources/install/ur_dashboard_msgs/share/ur_dashboard_msgs/environment/ament_prefix_path.sh
[1.896s] -- Up-to-date symlink: /home/zpw/UR3e-ROS2-resources/install/ur_dashboard_msgs/share/ur_dashboard_msgs/environment/ament_prefix_path.dsv
[1.896s] -- Up-to-date symlink: /home/zpw/UR3e-ROS2-resources/install/ur_dashboard_msgs/share/ur_dashboard_msgs/environment/path.sh
[1.897s] -- Up-to-date symlink: /home/zpw/UR3e-ROS2-resources/install/ur_dashboard_msgs/share/ur_dashboard_msgs/environment/path.dsv
[1.897s] -- Up-to-date symlink: /home/zpw/UR3e-ROS2-resources/install/ur_dashboard_msgs/share/ur_dashboard_msgs/local_setup.bash
[1.897s] -- Up-to-date symlink: /home/zpw/UR3e-ROS2-resources/install/ur_dashboard_msgs/share/ur_dashboard_msgs/local_setup.sh
[1.897s] -- Up-to-date symlink: /home/zpw/UR3e-ROS2-resources/install/ur_dashboard_msgs/share/ur_dashboard_msgs/local_setup.zsh
[1.898s] -- Up-to-date symlink: /home/zpw/UR3e-ROS2-resources/install/ur_dashboard_msgs/share/ur_dashboard_msgs/local_setup.dsv
[1.898s] -- Symlinking: /home/zpw/UR3e-ROS2-resources/install/ur_dashboard_msgs/share/ur_dashboard_msgs/package.dsv
[1.898s] -- Up-to-date symlink: /home/zpw/UR3e-ROS2-resources/install/ur_dashboard_msgs/share/ament_index/resource_index/packages/ur_dashboard_msgs
[1.898s] -- Up-to-date symlink: /home/zpw/UR3e-ROS2-resources/install/ur_dashboard_msgs/share/ur_dashboard_msgs/cmake/rosidl_cmake-extras.cmake
[1.898s] -- Up-to-date symlink: /home/zpw/UR3e-ROS2-resources/install/ur_dashboard_msgs/share/ur_dashboard_msgs/cmake/ament_cmake_export_dependencies-extras.cmake
[1.899s] -- Up-to-date symlink: /home/zpw/UR3e-ROS2-resources/install/ur_dashboard_msgs/share/ur_dashboard_msgs/cmake/ament_cmake_export_libraries-extras.cmake
[1.899s] -- Up-to-date symlink: /home/zpw/UR3e-ROS2-resources/install/ur_dashboard_msgs/share/ur_dashboard_msgs/cmake/ament_cmake_export_targets-extras.cmake
[1.899s] -- Up-to-date symlink: /home/zpw/UR3e-ROS2-resources/install/ur_dashboard_msgs/share/ur_dashboard_msgs/cmake/ament_cmake_export_include_directories-extras.cmake
[1.899s] -- Up-to-date symlink: /home/zpw/UR3e-ROS2-resources/install/ur_dashboard_msgs/share/ur_dashboard_msgs/cmake/rosidl_cmake_export_typesupport_libraries-extras.cmake
[1.899s] -- Up-to-date symlink: /home/zpw/UR3e-ROS2-resources/install/ur_dashboard_msgs/share/ur_dashboard_msgs/cmake/rosidl_cmake_export_typesupport_targets-extras.cmake
[1.899s] -- Up-to-date symlink: /home/zpw/UR3e-ROS2-resources/install/ur_dashboard_msgs/share/ur_dashboard_msgs/cmake/ur_dashboard_msgsConfig.cmake
[1.899s] -- Up-to-date symlink: /home/zpw/UR3e-ROS2-resources/install/ur_dashboard_msgs/share/ur_dashboard_msgs/cmake/ur_dashboard_msgsConfig-version.cmake
[1.899s] -- Up-to-date symlink: /home/zpw/UR3e-ROS2-resources/install/ur_dashboard_msgs/share/ur_dashboard_msgs/package.xml
[1.899s] -- Up-to-date: /home/zpw/UR3e-ROS2-resources/install/ur_dashboard_msgs/lib/libur_dashboard_msgs__rosidl_generator_c.so
[1.899s] -- Up-to-date: /home/zpw/UR3e-ROS2-resources/install/ur_dashboard_msgs/lib/libur_dashboard_msgs__rosidl_typesupport_introspection_c.so
[1.899s] -- Up-to-date: /home/zpw/UR3e-ROS2-resources/install/ur_dashboard_msgs/lib/libur_dashboard_msgs__rosidl_typesupport_c.so
[1.900s] -- Up-to-date: /home/zpw/UR3e-ROS2-resources/install/ur_dashboard_msgs/lib/libur_dashboard_msgs__rosidl_typesupport_introspection_cpp.so
[1.900s] -- Up-to-date: /home/zpw/UR3e-ROS2-resources/install/ur_dashboard_msgs/lib/libur_dashboard_msgs__rosidl_typesupport_cpp.so
[1.903s] -- Up-to-date: /home/zpw/UR3e-ROS2-resources/install/ur_dashboard_msgs/share/ur_dashboard_msgs/cmake/ur_dashboard_msgs__rosidl_generator_cExport.cmake
[1.903s] -- Up-to-date: /home/zpw/UR3e-ROS2-resources/install/ur_dashboard_msgs/share/ur_dashboard_msgs/cmake/ur_dashboard_msgs__rosidl_generator_cExport-noconfig.cmake
[1.904s] -- Up-to-date: /home/zpw/UR3e-ROS2-resources/install/ur_dashboard_msgs/share/ur_dashboard_msgs/cmake/ur_dashboard_msgs__rosidl_typesupport_introspection_cExport.cmake
[1.904s] -- Up-to-date: /home/zpw/UR3e-ROS2-resources/install/ur_dashboard_msgs/share/ur_dashboard_msgs/cmake/ur_dashboard_msgs__rosidl_typesupport_introspection_cExport-noconfig.cmake
[1.904s] -- Up-to-date: /home/zpw/UR3e-ROS2-resources/install/ur_dashboard_msgs/share/ur_dashboard_msgs/cmake/ur_dashboard_msgs__rosidl_typesupport_cExport.cmake
[1.904s] -- Up-to-date: /home/zpw/UR3e-ROS2-resources/install/ur_dashboard_msgs/share/ur_dashboard_msgs/cmake/ur_dashboard_msgs__rosidl_typesupport_cExport-noconfig.cmake
[1.904s] -- Up-to-date: /home/zpw/UR3e-ROS2-resources/install/ur_dashboard_msgs/share/ur_dashboard_msgs/cmake/ur_dashboard_msgs__rosidl_generator_cppExport.cmake
[1.904s] -- Up-to-date: /home/zpw/UR3e-ROS2-resources/install/ur_dashboard_msgs/share/ur_dashboard_msgs/cmake/ur_dashboard_msgs__rosidl_typesupport_introspection_cppExport.cmake
[1.904s] -- Up-to-date: /home/zpw/UR3e-ROS2-resources/install/ur_dashboard_msgs/share/ur_dashboard_msgs/cmake/ur_dashboard_msgs__rosidl_typesupport_introspection_cppExport-noconfig.cmake
[1.905s] -- Up-to-date: /home/zpw/UR3e-ROS2-resources/install/ur_dashboard_msgs/share/ur_dashboard_msgs/cmake/ur_dashboard_msgs__rosidl_typesupport_cppExport.cmake
[1.905s] -- Up-to-date: /home/zpw/UR3e-ROS2-resources/install/ur_dashboard_msgs/share/ur_dashboard_msgs/cmake/ur_dashboard_msgs__rosidl_typesupport_cppExport-noconfig.cmake
[1.914s] Invoked command in '/home/zpw/UR3e-ROS2-resources/build/ur_dashboard_msgs' returned '0': CMAKE_PREFIX_PATH=${CMAKE_PREFIX_PATH}:/home/zpw/UR3e-ROS2-resources/install/vr_connector:/home/zpw/UR3e-ROS2-resources/install/unity_robotics_demo:/home/zpw/UR3e-ROS2-resources/install/ros_tcp_endpoint:/opt/ros/foxy /usr/bin/cmake --install /home/zpw/UR3e-ROS2-resources/build/ur_dashboard_msgs
