[0.040s] Invoking command in '/home/zpw/UR3e-ROS2-resources/build/cartesian_waypoint_execution': AMENT_PREFIX_PATH=/home/zpw/UR3e-ROS2-resources/install/moveit_visual_tools:/home/zpw/UR3e-ROS2-resources/install/rviz_visual_tools:${AMENT_PREFIX_PATH} CMAKE_PREFIX_PATH=/home/zpw/UR3e-ROS2-resources/install/moveit_visual_tools:/home/zpw/UR3e-ROS2-resources/install/rviz_visual_tools:/opt/ros/foxy LD_LIBRARY_PATH=/home/zpw/UR3e-ROS2-resources/install/moveit_visual_tools/lib:/home/zpw/UR3e-ROS2-resources/install/rviz_visual_tools/lib:${LD_LIBRARY_PATH} /usr/bin/cmake --build /home/zpw/UR3e-ROS2-resources/build/cartesian_waypoint_execution -- -j16 -l16
[0.119s] [ 50%] Built target trajectory_processing
[0.182s] [100%] Built target waypoints
[0.195s] Invoked command in '/home/zpw/UR3e-ROS2-resources/build/cartesian_waypoint_execution' returned '0': AMENT_PREFIX_PATH=/home/zpw/UR3e-ROS2-resources/install/moveit_visual_tools:/home/zpw/UR3e-ROS2-resources/install/rviz_visual_tools:${AMENT_PREFIX_PATH} CMAKE_PREFIX_PATH=/home/zpw/UR3e-ROS2-resources/install/moveit_visual_tools:/home/zpw/UR3e-ROS2-resources/install/rviz_visual_tools:/opt/ros/foxy LD_LIBRARY_PATH=/home/zpw/UR3e-ROS2-resources/install/moveit_visual_tools/lib:/home/zpw/UR3e-ROS2-resources/install/rviz_visual_tools/lib:${LD_LIBRARY_PATH} /usr/bin/cmake --build /home/zpw/UR3e-ROS2-resources/build/cartesian_waypoint_execution -- -j16 -l16
[0.231s] Invoking command in '/home/zpw/UR3e-ROS2-resources/build/cartesian_waypoint_execution': AMENT_PREFIX_PATH=/home/zpw/UR3e-ROS2-resources/install/moveit_visual_tools:/home/zpw/UR3e-ROS2-resources/install/rviz_visual_tools:${AMENT_PREFIX_PATH} CMAKE_PREFIX_PATH=/home/zpw/UR3e-ROS2-resources/install/moveit_visual_tools:/home/zpw/UR3e-ROS2-resources/install/rviz_visual_tools:/opt/ros/foxy LD_LIBRARY_PATH=/home/zpw/UR3e-ROS2-resources/install/moveit_visual_tools/lib:/home/zpw/UR3e-ROS2-resources/install/rviz_visual_tools/lib:${LD_LIBRARY_PATH} /usr/bin/cmake --install /home/zpw/UR3e-ROS2-resources/build/cartesian_waypoint_execution
[0.241s] -- Install configuration: "Release"
[0.241s] -- Execute custom install script
[0.241s] -- Up-to-date symlink: /home/zpw/UR3e-ROS2-resources/install/cartesian_waypoint_execution/share/cartesian_waypoint_execution/launch/waypoints.launch.py
[0.242s] -- Up-to-date symlink: /home/zpw/UR3e-ROS2-resources/install/cartesian_waypoint_execution/lib/cartesian_waypoint_execution/libtrajectory_processing.a
[0.242s] -- Up-to-date symlink: /home/zpw/UR3e-ROS2-resources/install/cartesian_waypoint_execution/lib/cartesian_waypoint_execution/waypoints
[0.242s] -- Up-to-date symlink: /home/zpw/UR3e-ROS2-resources/install/cartesian_waypoint_execution/share/ament_index/resource_index/package_run_dependencies/cartesian_waypoint_execution
[0.243s] -- Up-to-date symlink: /home/zpw/UR3e-ROS2-resources/install/cartesian_waypoint_execution/share/ament_index/resource_index/parent_prefix_path/cartesian_waypoint_execution
[0.243s] -- Up-to-date symlink: /home/zpw/UR3e-ROS2-resources/install/cartesian_waypoint_execution/share/cartesian_waypoint_execution/environment/ament_prefix_path.sh
[0.244s] -- Up-to-date symlink: /home/zpw/UR3e-ROS2-resources/install/cartesian_waypoint_execution/share/cartesian_waypoint_execution/environment/ament_prefix_path.dsv
[0.244s] -- Up-to-date symlink: /home/zpw/UR3e-ROS2-resources/install/cartesian_waypoint_execution/share/cartesian_waypoint_execution/environment/path.sh
[0.244s] -- Up-to-date symlink: /home/zpw/UR3e-ROS2-resources/install/cartesian_waypoint_execution/share/cartesian_waypoint_execution/environment/path.dsv
[0.245s] -- Up-to-date symlink: /home/zpw/UR3e-ROS2-resources/install/cartesian_waypoint_execution/share/cartesian_waypoint_execution/local_setup.bash
[0.245s] -- Up-to-date symlink: /home/zpw/UR3e-ROS2-resources/install/cartesian_waypoint_execution/share/cartesian_waypoint_execution/local_setup.sh
[0.245s] -- Up-to-date symlink: /home/zpw/UR3e-ROS2-resources/install/cartesian_waypoint_execution/share/cartesian_waypoint_execution/local_setup.zsh
[0.245s] -- Up-to-date symlink: /home/zpw/UR3e-ROS2-resources/install/cartesian_waypoint_execution/share/cartesian_waypoint_execution/local_setup.dsv
[0.247s] -- Symlinking: /home/zpw/UR3e-ROS2-resources/install/cartesian_waypoint_execution/share/cartesian_waypoint_execution/package.dsv
[0.256s] -- Up-to-date symlink: /home/zpw/UR3e-ROS2-resources/install/cartesian_waypoint_execution/share/ament_index/resource_index/packages/cartesian_waypoint_execution
[0.256s] -- Up-to-date symlink: /home/zpw/UR3e-ROS2-resources/install/cartesian_waypoint_execution/share/cartesian_waypoint_execution/cmake/cartesian_waypoint_executionConfig.cmake
[0.256s] -- Up-to-date symlink: /home/zpw/UR3e-ROS2-resources/install/cartesian_waypoint_execution/share/cartesian_waypoint_execution/cmake/cartesian_waypoint_executionConfig-version.cmake
[0.257s] -- Up-to-date symlink: /home/zpw/UR3e-ROS2-resources/install/cartesian_waypoint_execution/share/cartesian_waypoint_execution/package.xml
[0.292s] Invoked command in '/home/zpw/UR3e-ROS2-resources/build/cartesian_waypoint_execution' returned '0': AMENT_PREFIX_PATH=/home/zpw/UR3e-ROS2-resources/install/moveit_visual_tools:/home/zpw/UR3e-ROS2-resources/install/rviz_visual_tools:${AMENT_PREFIX_PATH} CMAKE_PREFIX_PATH=/home/zpw/UR3e-ROS2-resources/install/moveit_visual_tools:/home/zpw/UR3e-ROS2-resources/install/rviz_visual_tools:/opt/ros/foxy LD_LIBRARY_PATH=/home/zpw/UR3e-ROS2-resources/install/moveit_visual_tools/lib:/home/zpw/UR3e-ROS2-resources/install/rviz_visual_tools/lib:${LD_LIBRARY_PATH} /usr/bin/cmake --install /home/zpw/UR3e-ROS2-resources/build/cartesian_waypoint_execution
