[0.144s] Invoking command in '/home/zpw/UR3e-ROS2-resources/build/ur_controllers': AMENT_PREFIX_PATH=/home/zpw/UR3e-ROS2-resources/install/ur_msgs:/home/zpw/UR3e-ROS2-resources/install/ur_dashboard_msgs:${AMENT_PREFIX_PATH} CMAKE_PREFIX_PATH=/home/zpw/UR3e-ROS2-resources/install/ur_msgs:/home/zpw/UR3e-ROS2-resources/install/ur_dashboard_msgs:/home/zpw/UR3e-ROS2-resources/install/ur_client_library:/opt/ros/foxy LD_LIBRARY_PATH=/home/zpw/UR3e-ROS2-resources/install/ur_msgs/lib:/home/zpw/UR3e-ROS2-resources/install/ur_dashboard_msgs/lib:/home/zpw/UR3e-ROS2-resources/install/ur_client_library/lib:${LD_LIBRARY_PATH} PKG_CONFIG_PATH=/home/zpw/UR3e-ROS2-resources/install/ur_client_library/lib/x86_64-linux-gnu/pkgconfig:/home/zpw/UR3e-ROS2-resources/install/ur_client_library/lib/pkgconfig PYTHONPATH=/home/zpw/UR3e-ROS2-resources/install/ur_msgs/lib/python3.8/site-packages:/home/zpw/UR3e-ROS2-resources/install/ur_dashboard_msgs/lib/python3.8/site-packages:${PYTHONPATH} /usr/bin/cmake --build /home/zpw/UR3e-ROS2-resources/build/ur_controllers -- -j16 -l16
[0.667s] [100%] Built target ur_controllers
[0.735s] Invoked command in '/home/zpw/UR3e-ROS2-resources/build/ur_controllers' returned '0': AMENT_PREFIX_PATH=/home/zpw/UR3e-ROS2-resources/install/ur_msgs:/home/zpw/UR3e-ROS2-resources/install/ur_dashboard_msgs:${AMENT_PREFIX_PATH} CMAKE_PREFIX_PATH=/home/zpw/UR3e-ROS2-resources/install/ur_msgs:/home/zpw/UR3e-ROS2-resources/install/ur_dashboard_msgs:/home/zpw/UR3e-ROS2-resources/install/ur_client_library:/opt/ros/foxy LD_LIBRARY_PATH=/home/zpw/UR3e-ROS2-resources/install/ur_msgs/lib:/home/zpw/UR3e-ROS2-resources/install/ur_dashboard_msgs/lib:/home/zpw/UR3e-ROS2-resources/install/ur_client_library/lib:${LD_LIBRARY_PATH} PKG_CONFIG_PATH=/home/zpw/UR3e-ROS2-resources/install/ur_client_library/lib/x86_64-linux-gnu/pkgconfig:/home/zpw/UR3e-ROS2-resources/install/ur_client_library/lib/pkgconfig PYTHONPATH=/home/zpw/UR3e-ROS2-resources/install/ur_msgs/lib/python3.8/site-packages:/home/zpw/UR3e-ROS2-resources/install/ur_dashboard_msgs/lib/python3.8/site-packages:${PYTHONPATH} /usr/bin/cmake --build /home/zpw/UR3e-ROS2-resources/build/ur_controllers -- -j16 -l16
[0.979s] Invoking command in '/home/zpw/UR3e-ROS2-resources/build/ur_controllers': AMENT_PREFIX_PATH=/home/zpw/UR3e-ROS2-resources/install/ur_msgs:/home/zpw/UR3e-ROS2-resources/install/ur_dashboard_msgs:${AMENT_PREFIX_PATH} CMAKE_PREFIX_PATH=/home/zpw/UR3e-ROS2-resources/install/ur_msgs:/home/zpw/UR3e-ROS2-resources/install/ur_dashboard_msgs:/home/zpw/UR3e-ROS2-resources/install/ur_client_library:/opt/ros/foxy LD_LIBRARY_PATH=/home/zpw/UR3e-ROS2-resources/install/ur_msgs/lib:/home/zpw/UR3e-ROS2-resources/install/ur_dashboard_msgs/lib:/home/zpw/UR3e-ROS2-resources/install/ur_client_library/lib:${LD_LIBRARY_PATH} PKG_CONFIG_PATH=/home/zpw/UR3e-ROS2-resources/install/ur_client_library/lib/x86_64-linux-gnu/pkgconfig:/home/zpw/UR3e-ROS2-resources/install/ur_client_library/lib/pkgconfig PYTHONPATH=/home/zpw/UR3e-ROS2-resources/install/ur_msgs/lib/python3.8/site-packages:/home/zpw/UR3e-ROS2-resources/install/ur_dashboard_msgs/lib/python3.8/site-packages:${PYTHONPATH} /usr/bin/cmake --install /home/zpw/UR3e-ROS2-resources/build/ur_controllers
[1.023s] -- Install configuration: ""
[1.025s] -- Execute custom install script
[1.030s] -- Up-to-date symlink: /home/zpw/UR3e-ROS2-resources/install/ur_controllers/share/ur_controllers//controller_plugins.xml
[1.034s] -- Up-to-date symlink: /home/zpw/UR3e-ROS2-resources/install/ur_controllers/lib/libur_controllers.so
[1.038s] -- Up-to-date symlink: /home/zpw/UR3e-ROS2-resources/install/ur_controllers/include/ur_controllers/force_torque_sensor_broadcaster.hpp
[1.040s] -- Up-to-date symlink: /home/zpw/UR3e-ROS2-resources/install/ur_controllers/include/ur_controllers/gpio_controller.hpp
[1.041s] -- Up-to-date symlink: /home/zpw/UR3e-ROS2-resources/install/ur_controllers/include/ur_controllers/scaled_joint_trajectory_controller.hpp
[1.043s] -- Up-to-date symlink: /home/zpw/UR3e-ROS2-resources/install/ur_controllers/include/ur_controllers/speed_scaling_state_broadcaster.hpp
[1.049s] -- Up-to-date symlink: /home/zpw/UR3e-ROS2-resources/install/ur_controllers/share/ur_controllers/controller_plugins.xml
[1.053s] -- Up-to-date symlink: /home/zpw/UR3e-ROS2-resources/install/ur_controllers/share/ur_controllers/environment/library_path.sh
[1.053s] -- Up-to-date symlink: /home/zpw/UR3e-ROS2-resources/install/ur_controllers/share/ur_controllers/environment/library_path.dsv
[1.058s] -- Up-to-date symlink: /home/zpw/UR3e-ROS2-resources/install/ur_controllers/share/ament_index/resource_index/package_run_dependencies/ur_controllers
[1.062s] -- Up-to-date symlink: /home/zpw/UR3e-ROS2-resources/install/ur_controllers/share/ament_index/resource_index/parent_prefix_path/ur_controllers
[1.063s] -- Up-to-date symlink: /home/zpw/UR3e-ROS2-resources/install/ur_controllers/share/ur_controllers/environment/ament_prefix_path.sh
[1.065s] -- Up-to-date symlink: /home/zpw/UR3e-ROS2-resources/install/ur_controllers/share/ur_controllers/environment/ament_prefix_path.dsv
[1.066s] -- Up-to-date symlink: /home/zpw/UR3e-ROS2-resources/install/ur_controllers/share/ur_controllers/environment/path.sh
[1.068s] -- Up-to-date symlink: /home/zpw/UR3e-ROS2-resources/install/ur_controllers/share/ur_controllers/environment/path.dsv
[1.069s] -- Up-to-date symlink: /home/zpw/UR3e-ROS2-resources/install/ur_controllers/share/ur_controllers/local_setup.bash
[1.070s] -- Up-to-date symlink: /home/zpw/UR3e-ROS2-resources/install/ur_controllers/share/ur_controllers/local_setup.sh
[1.073s] -- Up-to-date symlink: /home/zpw/UR3e-ROS2-resources/install/ur_controllers/share/ur_controllers/local_setup.zsh
[1.075s] -- Up-to-date symlink: /home/zpw/UR3e-ROS2-resources/install/ur_controllers/share/ur_controllers/local_setup.dsv
[1.076s] -- Symlinking: /home/zpw/UR3e-ROS2-resources/install/ur_controllers/share/ur_controllers/package.dsv
[1.145s] -- Up-to-date symlink: /home/zpw/UR3e-ROS2-resources/install/ur_controllers/share/ament_index/resource_index/packages/ur_controllers
[1.152s] -- Up-to-date symlink: /home/zpw/UR3e-ROS2-resources/install/ur_controllers/share/ament_index/resource_index/controller_interface__pluginlib__plugin/ur_controllers
[1.154s] -- Up-to-date symlink: /home/zpw/UR3e-ROS2-resources/install/ur_controllers/share/ur_controllers/cmake/ament_cmake_export_dependencies-extras.cmake
[1.159s] -- Up-to-date symlink: /home/zpw/UR3e-ROS2-resources/install/ur_controllers/share/ur_controllers/cmake/ament_cmake_export_include_directories-extras.cmake
[1.168s] -- Up-to-date symlink: /home/zpw/UR3e-ROS2-resources/install/ur_controllers/share/ur_controllers/cmake/ament_cmake_export_libraries-extras.cmake
[1.168s] -- Up-to-date symlink: /home/zpw/UR3e-ROS2-resources/install/ur_controllers/share/ur_controllers/cmake/ur_controllersConfig.cmake
[1.168s] -- Up-to-date symlink: /home/zpw/UR3e-ROS2-resources/install/ur_controllers/share/ur_controllers/cmake/ur_controllersConfig-version.cmake
[1.170s] -- Up-to-date symlink: /home/zpw/UR3e-ROS2-resources/install/ur_controllers/share/ur_controllers/package.xml
[1.190s] Invoked command in '/home/zpw/UR3e-ROS2-resources/build/ur_controllers' returned '0': AMENT_PREFIX_PATH=/home/zpw/UR3e-ROS2-resources/install/ur_msgs:/home/zpw/UR3e-ROS2-resources/install/ur_dashboard_msgs:${AMENT_PREFIX_PATH} CMAKE_PREFIX_PATH=/home/zpw/UR3e-ROS2-resources/install/ur_msgs:/home/zpw/UR3e-ROS2-resources/install/ur_dashboard_msgs:/home/zpw/UR3e-ROS2-resources/install/ur_client_library:/opt/ros/foxy LD_LIBRARY_PATH=/home/zpw/UR3e-ROS2-resources/install/ur_msgs/lib:/home/zpw/UR3e-ROS2-resources/install/ur_dashboard_msgs/lib:/home/zpw/UR3e-ROS2-resources/install/ur_client_library/lib:${LD_LIBRARY_PATH} PKG_CONFIG_PATH=/home/zpw/UR3e-ROS2-resources/install/ur_client_library/lib/x86_64-linux-gnu/pkgconfig:/home/zpw/UR3e-ROS2-resources/install/ur_client_library/lib/pkgconfig PYTHONPATH=/home/zpw/UR3e-ROS2-resources/install/ur_msgs/lib/python3.8/site-packages:/home/zpw/UR3e-ROS2-resources/install/ur_dashboard_msgs/lib/python3.8/site-packages:${PYTHONPATH} /usr/bin/cmake --install /home/zpw/UR3e-ROS2-resources/build/ur_controllers
