[0.118s] Invoking command in '/home/zpw/UR3e-ROS2-resources/build/ur_description': CMAKE_PREFIX_PATH=${CMAKE_PREFIX_PATH}:/home/zpw/UR3e-ROS2-resources/install/vr_connector:/home/zpw/UR3e-ROS2-resources/install/unity_robotics_demo:/home/zpw/UR3e-ROS2-resources/install/ros_tcp_endpoint:/opt/ros/foxy /usr/bin/cmake --build /home/zpw/UR3e-ROS2-resources/build/ur_description -- -j16 -l16
[1.030s] Invoked command in '/home/zpw/UR3e-ROS2-resources/build/ur_description' returned '0': CMAKE_PREFIX_PATH=${CMAKE_PREFIX_PATH}:/home/zpw/UR3e-ROS2-resources/install/vr_connector:/home/zpw/UR3e-ROS2-resources/install/unity_robotics_demo:/home/zpw/UR3e-ROS2-resources/install/ros_tcp_endpoint:/opt/ros/foxy /usr/bin/cmake --build /home/zpw/UR3e-ROS2-resources/build/ur_description -- -j16 -l16
[1.108s] Invoking command in '/home/zpw/UR3e-ROS2-resources/build/ur_description': CMAKE_PREFIX_PATH=${CMAKE_PREFIX_PATH}:/home/zpw/UR3e-ROS2-resources/install/vr_connector:/home/zpw/UR3e-ROS2-resources/install/unity_robotics_demo:/home/zpw/UR3e-ROS2-resources/install/ros_tcp_endpoint:/opt/ros/foxy /usr/bin/cmake --install /home/zpw/UR3e-ROS2-resources/build/ur_description
[1.149s] -- Install configuration: ""
[1.151s] -- Execute custom install script
[1.151s] -- Up-to-date symlink: /home/zpw/UR3e-ROS2-resources/install/ur_description/share/ur_description/config/initial_positions.yaml
[1.152s] -- Up-to-date symlink: /home/zpw/UR3e-ROS2-resources/install/ur_description/share/ur_description/config/ur10/default_kinematics.yaml
[1.153s] -- Up-to-date symlink: /home/zpw/UR3e-ROS2-resources/install/ur_description/share/ur_description/config/ur10/joint_limits.yaml
[1.153s] -- Up-to-date symlink: /home/zpw/UR3e-ROS2-resources/install/ur_description/share/ur_description/config/ur10/physical_parameters.yaml
[1.153s] -- Up-to-date symlink: /home/zpw/UR3e-ROS2-resources/install/ur_description/share/ur_description/config/ur10/visual_parameters.yaml
[1.155s] -- Up-to-date symlink: /home/zpw/UR3e-ROS2-resources/install/ur_description/share/ur_description/config/ur10e/default_kinematics.yaml
[1.155s] -- Up-to-date symlink: /home/zpw/UR3e-ROS2-resources/install/ur_description/share/ur_description/config/ur10e/joint_limits.yaml
[1.156s] -- Up-to-date symlink: /home/zpw/UR3e-ROS2-resources/install/ur_description/share/ur_description/config/ur10e/physical_parameters.yaml
[1.156s] -- Up-to-date symlink: /home/zpw/UR3e-ROS2-resources/install/ur_description/share/ur_description/config/ur10e/visual_parameters.yaml
[1.157s] -- Up-to-date symlink: /home/zpw/UR3e-ROS2-resources/install/ur_description/share/ur_description/config/ur16e/default_kinematics.yaml
[1.157s] -- Up-to-date symlink: /home/zpw/UR3e-ROS2-resources/install/ur_description/share/ur_description/config/ur16e/joint_limits.yaml
[1.160s] -- Up-to-date symlink: /home/zpw/UR3e-ROS2-resources/install/ur_description/share/ur_description/config/ur16e/physical_parameters.yaml
[1.160s] -- Up-to-date symlink: /home/zpw/UR3e-ROS2-resources/install/ur_description/share/ur_description/config/ur16e/visual_parameters.yaml
[1.160s] -- Up-to-date symlink: /home/zpw/UR3e-ROS2-resources/install/ur_description/share/ur_description/config/ur3/default_kinematics.yaml
[1.161s] -- Up-to-date symlink: /home/zpw/UR3e-ROS2-resources/install/ur_description/share/ur_description/config/ur3/joint_limits.yaml
[1.161s] -- Up-to-date symlink: /home/zpw/UR3e-ROS2-resources/install/ur_description/share/ur_description/config/ur3/physical_parameters.yaml
[1.161s] -- Up-to-date symlink: /home/zpw/UR3e-ROS2-resources/install/ur_description/share/ur_description/config/ur3/visual_parameters.yaml
[1.161s] -- Up-to-date symlink: /home/zpw/UR3e-ROS2-resources/install/ur_description/share/ur_description/config/ur3e/default_kinematics.yaml
[1.161s] -- Up-to-date symlink: /home/zpw/UR3e-ROS2-resources/install/ur_description/share/ur_description/config/ur3e/joint_limits.yaml
[1.161s] -- Up-to-date symlink: /home/zpw/UR3e-ROS2-resources/install/ur_description/share/ur_description/config/ur3e/physical_parameters.yaml
[1.162s] -- Up-to-date symlink: /home/zpw/UR3e-ROS2-resources/install/ur_description/share/ur_description/config/ur3e/visual_parameters.yaml
[1.162s] -- Up-to-date symlink: /home/zpw/UR3e-ROS2-resources/install/ur_description/share/ur_description/config/ur5/default_kinematics.yaml
[1.164s] -- Up-to-date symlink: /home/zpw/UR3e-ROS2-resources/install/ur_description/share/ur_description/config/ur5/joint_limits.yaml
[1.165s] -- Up-to-date symlink: /home/zpw/UR3e-ROS2-resources/install/ur_description/share/ur_description/config/ur5/physical_parameters.yaml
[1.165s] -- Up-to-date symlink: /home/zpw/UR3e-ROS2-resources/install/ur_description/share/ur_description/config/ur5/visual_parameters.yaml
[1.165s] -- Up-to-date symlink: /home/zpw/UR3e-ROS2-resources/install/ur_description/share/ur_description/config/ur5e/default_kinematics.yaml
[1.166s] -- Up-to-date symlink: /home/zpw/UR3e-ROS2-resources/install/ur_description/share/ur_description/config/ur5e/joint_limits.yaml
[1.166s] -- Up-to-date symlink: /home/zpw/UR3e-ROS2-resources/install/ur_description/share/ur_description/config/ur5e/physical_parameters.yaml
[1.166s] -- Up-to-date symlink: /home/zpw/UR3e-ROS2-resources/install/ur_description/share/ur_description/config/ur5e/visual_parameters.yaml
[1.166s] -- Up-to-date symlink: /home/zpw/UR3e-ROS2-resources/install/ur_description/share/ur_description/launch/view_ur.launch.py
[1.167s] -- Up-to-date symlink: /home/zpw/UR3e-ROS2-resources/install/ur_description/share/ur_description/meshes/ur10/collision/base.stl
[1.167s] -- Up-to-date symlink: /home/zpw/UR3e-ROS2-resources/install/ur_description/share/ur_description/meshes/ur10/collision/forearm.stl
[1.167s] -- Up-to-date symlink: /home/zpw/UR3e-ROS2-resources/install/ur_description/share/ur_description/meshes/ur10/collision/shoulder.stl
[1.168s] -- Up-to-date symlink: /home/zpw/UR3e-ROS2-resources/install/ur_description/share/ur_description/meshes/ur10/collision/upperarm.stl
[1.168s] -- Up-to-date symlink: /home/zpw/UR3e-ROS2-resources/install/ur_description/share/ur_description/meshes/ur10/collision/wrist1.stl
[1.168s] -- Up-to-date symlink: /home/zpw/UR3e-ROS2-resources/install/ur_description/share/ur_description/meshes/ur10/collision/wrist2.stl
[1.168s] -- Up-to-date symlink: /home/zpw/UR3e-ROS2-resources/install/ur_description/share/ur_description/meshes/ur10/collision/wrist3.stl
[1.168s] -- Up-to-date symlink: /home/zpw/UR3e-ROS2-resources/install/ur_description/share/ur_description/meshes/ur10/visual/base.dae
[1.171s] -- Up-to-date symlink: /home/zpw/UR3e-ROS2-resources/install/ur_description/share/ur_description/meshes/ur10/visual/forearm.dae
[1.171s] -- Up-to-date symlink: /home/zpw/UR3e-ROS2-resources/install/ur_description/share/ur_description/meshes/ur10/visual/shoulder.dae
[1.171s] -- Up-to-date symlink: /home/zpw/UR3e-ROS2-resources/install/ur_description/share/ur_description/meshes/ur10/visual/upperarm.dae
[1.171s] -- Up-to-date symlink: /home/zpw/UR3e-ROS2-resources/install/ur_description/share/ur_description/meshes/ur10/visual/wrist1.dae
[1.172s] -- Up-to-date symlink: /home/zpw/UR3e-ROS2-resources/install/ur_description/share/ur_description/meshes/ur10/visual/wrist2.dae
[1.172s] -- Up-to-date symlink: /home/zpw/UR3e-ROS2-resources/install/ur_description/share/ur_description/meshes/ur10/visual/wrist3.dae
[1.172s] -- Up-to-date symlink: /home/zpw/UR3e-ROS2-resources/install/ur_description/share/ur_description/meshes/ur10e/collision/base.stl
[1.172s] -- Up-to-date symlink: /home/zpw/UR3e-ROS2-resources/install/ur_description/share/ur_description/meshes/ur10e/collision/forearm.stl
[1.173s] -- Up-to-date symlink: /home/zpw/UR3e-ROS2-resources/install/ur_description/share/ur_description/meshes/ur10e/collision/shoulder.stl
[1.173s] -- Up-to-date symlink: /home/zpw/UR3e-ROS2-resources/install/ur_description/share/ur_description/meshes/ur10e/collision/upperarm.stl
[1.173s] -- Up-to-date symlink: /home/zpw/UR3e-ROS2-resources/install/ur_description/share/ur_description/meshes/ur10e/collision/wrist1.stl
[1.173s] -- Up-to-date symlink: /home/zpw/UR3e-ROS2-resources/install/ur_description/share/ur_description/meshes/ur10e/collision/wrist2.stl
[1.177s] -- Up-to-date symlink: /home/zpw/UR3e-ROS2-resources/install/ur_description/share/ur_description/meshes/ur10e/collision/wrist3.stl
[1.179s] -- Up-to-date symlink: /home/zpw/UR3e-ROS2-resources/install/ur_description/share/ur_description/meshes/ur10e/visual/base.dae
[1.180s] -- Up-to-date symlink: /home/zpw/UR3e-ROS2-resources/install/ur_description/share/ur_description/meshes/ur10e/visual/forearm.dae
[1.180s] -- Up-to-date symlink: /home/zpw/UR3e-ROS2-resources/install/ur_description/share/ur_description/meshes/ur10e/visual/shoulder.dae
[1.180s] -- Up-to-date symlink: /home/zpw/UR3e-ROS2-resources/install/ur_description/share/ur_description/meshes/ur10e/visual/upperarm.dae
[1.180s] -- Up-to-date symlink: /home/zpw/UR3e-ROS2-resources/install/ur_description/share/ur_description/meshes/ur10e/visual/wrist1.dae
[1.181s] -- Up-to-date symlink: /home/zpw/UR3e-ROS2-resources/install/ur_description/share/ur_description/meshes/ur10e/visual/wrist2.dae
[1.181s] -- Up-to-date symlink: /home/zpw/UR3e-ROS2-resources/install/ur_description/share/ur_description/meshes/ur10e/visual/wrist3.dae
[1.182s] -- Up-to-date symlink: /home/zpw/UR3e-ROS2-resources/install/ur_description/share/ur_description/meshes/ur16e/collision/forearm.stl
[1.182s] -- Up-to-date symlink: /home/zpw/UR3e-ROS2-resources/install/ur_description/share/ur_description/meshes/ur16e/collision/upperarm.stl
[1.183s] -- Up-to-date symlink: /home/zpw/UR3e-ROS2-resources/install/ur_description/share/ur_description/meshes/ur16e/visual/forearm.dae
[1.184s] -- Up-to-date symlink: /home/zpw/UR3e-ROS2-resources/install/ur_description/share/ur_description/meshes/ur16e/visual/upperarm.dae
[1.184s] -- Up-to-date symlink: /home/zpw/UR3e-ROS2-resources/install/ur_description/share/ur_description/meshes/ur3/collision/base.stl
[1.192s] -- Up-to-date symlink: /home/zpw/UR3e-ROS2-resources/install/ur_description/share/ur_description/meshes/ur3/collision/forearm.stl
[1.193s] -- Up-to-date symlink: /home/zpw/UR3e-ROS2-resources/install/ur_description/share/ur_description/meshes/ur3/collision/shoulder.stl
[1.193s] -- Up-to-date symlink: /home/zpw/UR3e-ROS2-resources/install/ur_description/share/ur_description/meshes/ur3/collision/upperarm.stl
[1.193s] -- Up-to-date symlink: /home/zpw/UR3e-ROS2-resources/install/ur_description/share/ur_description/meshes/ur3/collision/wrist1.stl
[1.193s] -- Up-to-date symlink: /home/zpw/UR3e-ROS2-resources/install/ur_description/share/ur_description/meshes/ur3/collision/wrist2.stl
[1.194s] -- Up-to-date symlink: /home/zpw/UR3e-ROS2-resources/install/ur_description/share/ur_description/meshes/ur3/collision/wrist3.stl
[1.197s] -- Up-to-date symlink: /home/zpw/UR3e-ROS2-resources/install/ur_description/share/ur_description/meshes/ur3/visual/base.dae
[1.197s] -- Up-to-date symlink: /home/zpw/UR3e-ROS2-resources/install/ur_description/share/ur_description/meshes/ur3/visual/forearm.dae
[1.198s] -- Up-to-date symlink: /home/zpw/UR3e-ROS2-resources/install/ur_description/share/ur_description/meshes/ur3/visual/shoulder.dae
[1.199s] -- Up-to-date symlink: /home/zpw/UR3e-ROS2-resources/install/ur_description/share/ur_description/meshes/ur3/visual/upperarm.dae
[1.199s] -- Up-to-date symlink: /home/zpw/UR3e-ROS2-resources/install/ur_description/share/ur_description/meshes/ur3/visual/wrist1.dae
[1.199s] -- Up-to-date symlink: /home/zpw/UR3e-ROS2-resources/install/ur_description/share/ur_description/meshes/ur3/visual/wrist2.dae
[1.200s] -- Up-to-date symlink: /home/zpw/UR3e-ROS2-resources/install/ur_description/share/ur_description/meshes/ur3/visual/wrist3.dae
[1.200s] -- Up-to-date symlink: /home/zpw/UR3e-ROS2-resources/install/ur_description/share/ur_description/meshes/ur3e/collision/base.stl
[1.200s] -- Up-to-date symlink: /home/zpw/UR3e-ROS2-resources/install/ur_description/share/ur_description/meshes/ur3e/collision/forearm.stl
[1.201s] -- Up-to-date symlink: /home/zpw/UR3e-ROS2-resources/install/ur_description/share/ur_description/meshes/ur3e/collision/shoulder.stl
[1.201s] -- Up-to-date symlink: /home/zpw/UR3e-ROS2-resources/install/ur_description/share/ur_description/meshes/ur3e/collision/upperarm.stl
[1.203s] -- Up-to-date symlink: /home/zpw/UR3e-ROS2-resources/install/ur_description/share/ur_description/meshes/ur3e/collision/wrist1.stl
[1.205s] -- Up-to-date symlink: /home/zpw/UR3e-ROS2-resources/install/ur_description/share/ur_description/meshes/ur3e/collision/wrist2.stl
[1.205s] -- Up-to-date symlink: /home/zpw/UR3e-ROS2-resources/install/ur_description/share/ur_description/meshes/ur3e/collision/wrist3.stl
[1.208s] -- Up-to-date symlink: /home/zpw/UR3e-ROS2-resources/install/ur_description/share/ur_description/meshes/ur3e/visual/base.dae
[1.208s] -- Up-to-date symlink: /home/zpw/UR3e-ROS2-resources/install/ur_description/share/ur_description/meshes/ur3e/visual/forearm.dae
[1.209s] -- Up-to-date symlink: /home/zpw/UR3e-ROS2-resources/install/ur_description/share/ur_description/meshes/ur3e/visual/shoulder.dae
[1.209s] -- Up-to-date symlink: /home/zpw/UR3e-ROS2-resources/install/ur_description/share/ur_description/meshes/ur3e/visual/upperarm.dae
[1.209s] -- Up-to-date symlink: /home/zpw/UR3e-ROS2-resources/install/ur_description/share/ur_description/meshes/ur3e/visual/wrist1.dae
[1.209s] -- Up-to-date symlink: /home/zpw/UR3e-ROS2-resources/install/ur_description/share/ur_description/meshes/ur3e/visual/wrist2.dae
[1.209s] -- Up-to-date symlink: /home/zpw/UR3e-ROS2-resources/install/ur_description/share/ur_description/meshes/ur3e/visual/wrist3.dae
[1.210s] -- Up-to-date symlink: /home/zpw/UR3e-ROS2-resources/install/ur_description/share/ur_description/meshes/ur5/collision/base.stl
[1.212s] -- Up-to-date symlink: /home/zpw/UR3e-ROS2-resources/install/ur_description/share/ur_description/meshes/ur5/collision/forearm.stl
[1.212s] -- Up-to-date symlink: /home/zpw/UR3e-ROS2-resources/install/ur_description/share/ur_description/meshes/ur5/collision/shoulder.stl
[1.212s] -- Up-to-date symlink: /home/zpw/UR3e-ROS2-resources/install/ur_description/share/ur_description/meshes/ur5/collision/upperarm.stl
[1.213s] -- Up-to-date symlink: /home/zpw/UR3e-ROS2-resources/install/ur_description/share/ur_description/meshes/ur5/collision/wrist1.stl
[1.213s] -- Up-to-date symlink: /home/zpw/UR3e-ROS2-resources/install/ur_description/share/ur_description/meshes/ur5/collision/wrist2.stl
[1.214s] -- Up-to-date symlink: /home/zpw/UR3e-ROS2-resources/install/ur_description/share/ur_description/meshes/ur5/collision/wrist3.stl
[1.214s] -- Up-to-date symlink: /home/zpw/UR3e-ROS2-resources/install/ur_description/share/ur_description/meshes/ur5/visual/base.dae
[1.214s] -- Up-to-date symlink: /home/zpw/UR3e-ROS2-resources/install/ur_description/share/ur_description/meshes/ur5/visual/forearm.dae
[1.214s] -- Up-to-date symlink: /home/zpw/UR3e-ROS2-resources/install/ur_description/share/ur_description/meshes/ur5/visual/shoulder.dae
[1.217s] -- Up-to-date symlink: /home/zpw/UR3e-ROS2-resources/install/ur_description/share/ur_description/meshes/ur5/visual/upperarm.dae
[1.217s] -- Up-to-date symlink: /home/zpw/UR3e-ROS2-resources/install/ur_description/share/ur_description/meshes/ur5/visual/wrist1.dae
[1.217s] -- Up-to-date symlink: /home/zpw/UR3e-ROS2-resources/install/ur_description/share/ur_description/meshes/ur5/visual/wrist2.dae
[1.220s] -- Up-to-date symlink: /home/zpw/UR3e-ROS2-resources/install/ur_description/share/ur_description/meshes/ur5/visual/wrist3.dae
[1.221s] -- Up-to-date symlink: /home/zpw/UR3e-ROS2-resources/install/ur_description/share/ur_description/meshes/ur5e/collision/base.stl
[1.222s] -- Up-to-date symlink: /home/zpw/UR3e-ROS2-resources/install/ur_description/share/ur_description/meshes/ur5e/collision/forearm.stl
[1.222s] -- Up-to-date symlink: /home/zpw/UR3e-ROS2-resources/install/ur_description/share/ur_description/meshes/ur5e/collision/shoulder.stl
[1.222s] -- Up-to-date symlink: /home/zpw/UR3e-ROS2-resources/install/ur_description/share/ur_description/meshes/ur5e/collision/upperarm.stl
[1.223s] -- Up-to-date symlink: /home/zpw/UR3e-ROS2-resources/install/ur_description/share/ur_description/meshes/ur5e/collision/wrist1.stl
[1.223s] -- Up-to-date symlink: /home/zpw/UR3e-ROS2-resources/install/ur_description/share/ur_description/meshes/ur5e/collision/wrist2.stl
[1.223s] -- Up-to-date symlink: /home/zpw/UR3e-ROS2-resources/install/ur_description/share/ur_description/meshes/ur5e/collision/wrist3.stl
[1.223s] -- Up-to-date symlink: /home/zpw/UR3e-ROS2-resources/install/ur_description/share/ur_description/meshes/ur5e/visual/base.dae
[1.224s] -- Up-to-date symlink: /home/zpw/UR3e-ROS2-resources/install/ur_description/share/ur_description/meshes/ur5e/visual/forearm.dae
[1.224s] -- Up-to-date symlink: /home/zpw/UR3e-ROS2-resources/install/ur_description/share/ur_description/meshes/ur5e/visual/shoulder.dae
[1.224s] -- Up-to-date symlink: /home/zpw/UR3e-ROS2-resources/install/ur_description/share/ur_description/meshes/ur5e/visual/upperarm.dae
[1.224s] -- Up-to-date symlink: /home/zpw/UR3e-ROS2-resources/install/ur_description/share/ur_description/meshes/ur5e/visual/wrist1.dae
[1.224s] -- Up-to-date symlink: /home/zpw/UR3e-ROS2-resources/install/ur_description/share/ur_description/meshes/ur5e/visual/wrist2.dae
[1.224s] -- Up-to-date symlink: /home/zpw/UR3e-ROS2-resources/install/ur_description/share/ur_description/meshes/ur5e/visual/wrist3.dae
[1.225s] -- Up-to-date symlink: /home/zpw/UR3e-ROS2-resources/install/ur_description/share/ur_description/rviz/view_robot.rviz
[1.227s] -- Up-to-date symlink: /home/zpw/UR3e-ROS2-resources/install/ur_description/share/ur_description/urdf/inc/ur_common.xacro
[1.227s] -- Up-to-date symlink: /home/zpw/UR3e-ROS2-resources/install/ur_description/share/ur_description/urdf/inc/ur_transmissions.xacro
[1.230s] -- Up-to-date symlink: /home/zpw/UR3e-ROS2-resources/install/ur_description/share/ur_description/urdf/ur.ros2_control.xacro
[1.230s] -- Up-to-date symlink: /home/zpw/UR3e-ROS2-resources/install/ur_description/share/ur_description/urdf/ur.urdf.xacro
[1.231s] -- Up-to-date symlink: /home/zpw/UR3e-ROS2-resources/install/ur_description/share/ur_description/urdf/ur_macro.xacro
[1.231s] -- Up-to-date symlink: /home/zpw/UR3e-ROS2-resources/install/ur_description/share/ament_index/resource_index/package_run_dependencies/ur_description
[1.231s] -- Up-to-date symlink: /home/zpw/UR3e-ROS2-resources/install/ur_description/share/ament_index/resource_index/parent_prefix_path/ur_description
[1.232s] -- Up-to-date symlink: /home/zpw/UR3e-ROS2-resources/install/ur_description/share/ur_description/environment/ament_prefix_path.sh
[1.232s] -- Up-to-date symlink: /home/zpw/UR3e-ROS2-resources/install/ur_description/share/ur_description/environment/ament_prefix_path.dsv
[1.232s] -- Up-to-date symlink: /home/zpw/UR3e-ROS2-resources/install/ur_description/share/ur_description/environment/path.sh
[1.232s] -- Up-to-date symlink: /home/zpw/UR3e-ROS2-resources/install/ur_description/share/ur_description/environment/path.dsv
[1.236s] -- Up-to-date symlink: /home/zpw/UR3e-ROS2-resources/install/ur_description/share/ur_description/local_setup.bash
[1.236s] -- Up-to-date symlink: /home/zpw/UR3e-ROS2-resources/install/ur_description/share/ur_description/local_setup.sh
[1.242s] -- Up-to-date symlink: /home/zpw/UR3e-ROS2-resources/install/ur_description/share/ur_description/local_setup.zsh
[1.256s] -- Up-to-date symlink: /home/zpw/UR3e-ROS2-resources/install/ur_description/share/ur_description/local_setup.dsv
[1.256s] -- Symlinking: /home/zpw/UR3e-ROS2-resources/install/ur_description/share/ur_description/package.dsv
[1.260s] -- Up-to-date symlink: /home/zpw/UR3e-ROS2-resources/install/ur_description/share/ament_index/resource_index/packages/ur_description
[1.260s] -- Up-to-date symlink: /home/zpw/UR3e-ROS2-resources/install/ur_description/share/ur_description/cmake/ur_descriptionConfig.cmake
[1.261s] -- Up-to-date symlink: /home/zpw/UR3e-ROS2-resources/install/ur_description/share/ur_description/cmake/ur_descriptionConfig-version.cmake
[1.261s] -- Up-to-date symlink: /home/zpw/UR3e-ROS2-resources/install/ur_description/share/ur_description/package.xml
[1.265s] Invoked command in '/home/zpw/UR3e-ROS2-resources/build/ur_description' returned '0': CMAKE_PREFIX_PATH=${CMAKE_PREFIX_PATH}:/home/zpw/UR3e-ROS2-resources/install/vr_connector:/home/zpw/UR3e-ROS2-resources/install/unity_robotics_demo:/home/zpw/UR3e-ROS2-resources/install/ros_tcp_endpoint:/opt/ros/foxy /usr/bin/cmake --install /home/zpw/UR3e-ROS2-resources/build/ur_description
