-- The C compiler identification is GNU 9.4.0
-- The CXX compiler identification is GNU 9.4.0
-- Check for working C compiler: /usr/bin/cc
-- Check for working C compiler: /usr/bin/cc -- works
-- Detecting C compiler ABI info
-- Detecting C compiler ABI info - done
-- Detecting C compile features
-- Detecting C compile features - done
-- Check for working CXX compiler: /usr/bin/c++
-- Check for working CXX compiler: /usr/bin/c++ -- works
-- Detecting CXX compiler ABI info
-- Detecting CXX compiler ABI info - done
-- Detecting CXX compile features
-- Detecting CXX compile features - done
-- Found rmw: 1.0.3 (/home/bofengluo/ros2_foxy/ros2-linux/share/rmw/cmake)
-- Found PythonInterp: /usr/bin/python3 (found suitable version "3.8.10", minimum required is "3") 
-- Using PYTHON_EXECUTABLE: /usr/bin/python3
-- Found rclcpp: 2.4.1 (/home/bofengluo/ros2_foxy/ros2-linux/share/rclcpp/cmake)
-- Using all available rosidl_typesupport_c: rosidl_typesupport_connext_c;rosidl_typesupport_fastrtps_c;rosidl_typesupport_introspection_c
-- Found rosidl_adapter: 1.2.1 (/home/bofengluo/ros2_foxy/ros2-linux/share/rosidl_adapter/cmake)
-- Could not find RTI Connext - skipping rosidl_typesupport_connext_c
-- Could not find RTI Connext - skipping rosidl_typesupport_connext_cpp
-- Found OpenSSL: /usr/lib/x86_64-linux-gnu/libcrypto.so (found version "1.1.1f")  
-- Found FastRTPS: /home/bofengluo/ros2_foxy/ros2-linux/include  
-- Using all available rosidl_typesupport_cpp: rosidl_typesupport_connext_cpp;rosidl_typesupport_fastrtps_cpp;rosidl_typesupport_introspection_cpp
-- Found rmw_implementation_cmake: 1.0.3 (/home/bofengluo/ros2_foxy/ros2-linux/share/rmw_implementation_cmake/cmake)
-- Using RMW implementation 'rmw_fastrtps_cpp' as default
-- Looking for pthread.h
-- Looking for pthread.h - found
-- Performing Test CMAKE_HAVE_LIBC_PTHREAD
-- Performing Test CMAKE_HAVE_LIBC_PTHREAD - Failed
-- Looking for pthread_create in pthreads
-- Looking for pthread_create in pthreads - not found
-- Looking for pthread_create in pthread
-- Looking for pthread_create in pthread - found
-- Found Threads: TRUE  
-- Found PkgConfig: /usr/bin/pkg-config (found version "0.29.1") 
-- Checking for module 'roscpp'
--   Found roscpp, version 1.15.14
-- Checking for module 'std_msgs'
--   Found std_msgs, version 0.5.13
-- Checking for module 'actionlib'
--   Found actionlib, version 1.13.2
-- Checking for module 'actionlib_msgs'
--   Found actionlib_msgs, version 1.13.1
-- Checking for module 'actionlib_tutorials'
--   Found actionlib_tutorials, version 0.2.0
-- Checking for module 'bond'
--   Found bond, version 1.8.6
-- Checking for module 'cartesian_control_msgs'
--   Found cartesian_control_msgs, version 0.1.0
-- Checking for module 'control_msgs'
--   Found control_msgs, version 1.5.2
-- Checking for module 'controller_manager_msgs'
--   Found controller_manager_msgs, version 0.19.5
-- Checking for module 'diagnostic_msgs'
--   Found diagnostic_msgs, version 1.13.1
-- Checking for module 'dynamic_reconfigure'
--   Found dynamic_reconfigure, version 1.7.2
-- Checking for module 'gazebo_msgs'
--   Found gazebo_msgs, version 2.9.2
-- Checking for module 'geometry_msgs'
--   Found geometry_msgs, version 1.13.1
-- Checking for module 'industrial_msgs'
--   Found industrial_msgs, version 0.7.2
-- Checking for module 'map_msgs'
--   Found map_msgs, version 1.14.1
-- Checking for module 'moveit_msgs'
--   Found moveit_msgs, version 0.11.2
-- Checking for module 'nav_msgs'
--   Found nav_msgs, version 1.13.1
-- Checking for module 'object_recognition_msgs'
--   Found object_recognition_msgs, version 0.4.2
-- Checking for module 'octomap_msgs'
--   Found octomap_msgs, version 0.3.5
-- Checking for module 'pcl_msgs'
--   Found pcl_msgs, version 0.3.0
-- Checking for module 'rosgraph_msgs'
--   Found rosgraph_msgs, version 1.11.3
-- Checking for module 'rospy_tutorials'
--   Found rospy_tutorials, version 0.10.2
-- Checking for module 'sensor_msgs'
--   Found sensor_msgs, version 1.13.1
-- Checking for module 'shape_msgs'
--   Found shape_msgs, version 1.13.1
-- Checking for module 'smach_msgs'
--   Found smach_msgs, version 2.5.0
-- Checking for module 'stereo_msgs'
--   Found stereo_msgs, version 1.13.1
-- Checking for module 'tf'
--   Found tf, version 1.13.2
-- Checking for module 'tf2_msgs'
--   Found tf2_msgs, version 0.7.5
-- Checking for module 'theora_image_transport'
--   Found theora_image_transport, version 1.14.0
-- Checking for module 'trajectory_msgs'
--   Found trajectory_msgs, version 1.13.1
-- Checking for module 'turtle_actionlib'
--   Found turtle_actionlib, version 0.2.0
-- Checking for module 'turtlesim'
--   Found turtlesim, version 0.10.2
-- Checking for module 'ur_msgs'
--   Found ur_msgs, version 1.2.5
-- Checking for module 'visualization_msgs'
--   Found visualization_msgs, version 1.13.1
-- Checking for module 'control_toolbox'
--   Found control_toolbox, version 1.18.2
-- Checking for module 'laser_assembler'
--   Found laser_assembler, version 1.7.8
-- Checking for module 'polled_camera'
--   Found polled_camera, version 1.12.0
-- Checking for module 'roscpp_tutorials'
--   Found roscpp_tutorials, version 0.10.2
-- Checking for module 'rviz'
--   Found rviz, version 1.14.14
-- Checking for module 'std_srvs'
--   Found std_srvs, version 1.11.3
-- Checking for module 'topic_tools'
--   Found topic_tools, version 1.15.14
-- Found ament_lint_auto: 0.9.6 (/home/bofengluo/ros2_foxy/ros2-linux/share/ament_lint_auto/cmake)
-- Checking for module 'roslaunch'
--   Found roslaunch, version 1.15.14
-- Found python_cmake_module: 0.8.1 (/home/bofengluo/ros2_foxy/ros2-linux/share/python_cmake_module/cmake)
-- Found PythonInterp: /usr/bin/python3 (found suitable version "3.8.10", minimum required is "3.5") 
-- Found PythonLibs: /usr/lib/x86_64-linux-gnu/libpython3.8.so (found suitable version "3.8.10", minimum required is "3.5") 
-- Using PYTHON_EXECUTABLE: /usr/bin/python3
-- Using PYTHON_INCLUDE_DIRS: /usr/include/python3.8
-- Using PYTHON_LIBRARIES: /usr/lib/x86_64-linux-gnu/libpython3.8.so
-- Found PythonExtra: .so  
CMake Error at CMakeLists.txt:75 (message):
  Failed to find ROS 2 package 'diagnostic_msgs'


-- Configuring incomplete, errors occurred!
See also "/home/bofengluo/ros2_ws/build/ros1_bridge/CMakeFiles/CMakeOutput.log".
See also "/home/bofengluo/ros2_ws/build/ros1_bridge/CMakeFiles/CMakeError.log".
