[1.622s] Invoking command in '/home/zpw/UR3e-ROS2-resources/src/unity_robotics_demo': PYTHONPATH=/home/zpw/UR3e-ROS2-resources/install/unity_robotics_demo/lib/python3.8/site-packages:${PYTHONPATH} /usr/bin/python3 setup.py egg_info --egg-base ../../build/unity_robotics_demo build --build-base /home/zpw/UR3e-ROS2-resources/build/unity_robotics_demo/build install --prefix /home/zpw/UR3e-ROS2-resources/install/unity_robotics_demo --record /home/zpw/UR3e-ROS2-resources/build/unity_robotics_demo/install.log --single-version-externally-managed
[1.890s] running egg_info
[1.890s] writing ../../build/unity_robotics_demo/unity_robotics_demo.egg-info/PKG-INFO
[1.891s] writing dependency_links to ../../build/unity_robotics_demo/unity_robotics_demo.egg-info/dependency_links.txt
[1.892s] writing entry points to ../../build/unity_robotics_demo/unity_robotics_demo.egg-info/entry_points.txt
[1.893s] writing requirements to ../../build/unity_robotics_demo/unity_robotics_demo.egg-info/requires.txt
[1.893s] writing top-level names to ../../build/unity_robotics_demo/unity_robotics_demo.egg-info/top_level.txt
[1.931s] reading manifest file '../../build/unity_robotics_demo/unity_robotics_demo.egg-info/SOURCES.txt'
[1.933s] writing manifest file '../../build/unity_robotics_demo/unity_robotics_demo.egg-info/SOURCES.txt'
[1.933s] running build
[1.933s] running build_py
[1.934s] running install
[1.935s] running install_lib
[1.937s] running install_data
[1.938s] running install_egg_info
[1.944s] removing '/home/zpw/UR3e-ROS2-resources/install/unity_robotics_demo/lib/python3.8/site-packages/unity_robotics_demo-0.0.1-py3.8.egg-info' (and everything under it)
[1.944s] Copying ../../build/unity_robotics_demo/unity_robotics_demo.egg-info to /home/zpw/UR3e-ROS2-resources/install/unity_robotics_demo/lib/python3.8/site-packages/unity_robotics_demo-0.0.1-py3.8.egg-info
[1.945s] running install_scripts
[1.965s] Installing color_publisher script to /home/zpw/UR3e-ROS2-resources/install/unity_robotics_demo/lib/unity_robotics_demo
[1.965s] Installing position_service script to /home/zpw/UR3e-ROS2-resources/install/unity_robotics_demo/lib/unity_robotics_demo
[1.965s] writing list of installed files to '/home/zpw/UR3e-ROS2-resources/build/unity_robotics_demo/install.log'
[2.032s] Invoked command in '/home/zpw/UR3e-ROS2-resources/src/unity_robotics_demo' returned '0': PYTHONPATH=/home/zpw/UR3e-ROS2-resources/install/unity_robotics_demo/lib/python3.8/site-packages:${PYTHONPATH} /usr/bin/python3 setup.py egg_info --egg-base ../../build/unity_robotics_demo build --build-base /home/zpw/UR3e-ROS2-resources/build/unity_robotics_demo/build install --prefix /home/zpw/UR3e-ROS2-resources/install/unity_robotics_demo --record /home/zpw/UR3e-ROS2-resources/build/unity_robotics_demo/install.log --single-version-externally-managed
