[0.028s] Invoking command in '/home/bofengluo/ros2_ws/build/custom_msg_ros2': /usr/bin/cmake /home/bofengluo/ros2_ws/src/custom_msg_ros2 -DCMAKE_INSTALL_PREFIX=/home/bofengluo/ros2_ws/install/custom_msg_ros2
[0.100s] -- The C compiler identification is GNU 9.4.0
[0.165s] -- The CXX compiler identification is GNU 9.4.0
[0.170s] -- Check for working C compiler: /usr/bin/cc
[0.257s] -- Check for working C compiler: /usr/bin/cc -- works
[0.259s] -- Detecting C compiler ABI info
[0.350s] -- Detecting C compiler ABI info - done
[0.365s] -- Detecting C compile features
[0.365s] -- Detecting C compile features - done
[0.367s] -- Check for working CXX compiler: /usr/bin/c++
[0.455s] -- Check for working CXX compiler: /usr/bin/c++ -- works
[0.456s] -- Detecting CXX compiler ABI info
[0.553s] -- Detecting CXX compiler ABI info - done
[0.569s] -- Detecting CXX compile features
[0.570s] -- Detecting CXX compile features - done
[0.574s] -- Found ament_cmake: 0.9.9 (/home/bofengluo/ros2_foxy/ros2-linux/share/ament_cmake/cmake)
[0.600s] -- Found PythonInterp: /usr/bin/python3 (found suitable version "3.8.10", minimum required is "3") 
[0.600s] -- Using PYTHON_EXECUTABLE: /usr/bin/python3
[0.791s] -- Found rclcpp: 2.4.1 (/home/bofengluo/ros2_foxy/ros2-linux/share/rclcpp/cmake)
[0.833s] -- Using all available rosidl_typesupport_c: rosidl_typesupport_connext_c;rosidl_typesupport_fastrtps_c;rosidl_typesupport_introspection_c
[0.840s] -- Found rosidl_adapter: 1.2.1 (/home/bofengluo/ros2_foxy/ros2-linux/share/rosidl_adapter/cmake)
[0.862s] -- Could not find RTI Connext - skipping rosidl_typesupport_connext_c
[0.875s] -- Could not find RTI Connext - skipping rosidl_typesupport_connext_cpp
[1.018s] -- Found OpenSSL: /usr/lib/x86_64-linux-gnu/libcrypto.so (found version "1.1.1f")  
[1.057s] -- Found FastRTPS: /home/bofengluo/ros2_foxy/ros2-linux/include  
[1.137s] -- Using all available rosidl_typesupport_cpp: rosidl_typesupport_connext_cpp;rosidl_typesupport_fastrtps_cpp;rosidl_typesupport_introspection_cpp
[1.191s] -- Found rmw_implementation_cmake: 1.0.3 (/home/bofengluo/ros2_foxy/ros2-linux/share/rmw_implementation_cmake/cmake)
[1.193s] -- Using RMW implementation 'rmw_fastrtps_cpp' as default
[1.194s] -- Looking for pthread.h
[1.286s] -- Looking for pthread.h - found
[1.287s] -- Performing Test CMAKE_HAVE_LIBC_PTHREAD
[1.378s] -- Performing Test CMAKE_HAVE_LIBC_PTHREAD - Failed
[1.378s] -- Looking for pthread_create in pthreads
[1.461s] -- Looking for pthread_create in pthreads - not found
[1.461s] -- Looking for pthread_create in pthread
[1.555s] -- Looking for pthread_create in pthread - found
[1.556s] -- Found Threads: TRUE  
[1.644s] -- Found std_msgs: 2.0.5 (/home/bofengluo/ros2_foxy/ros2-linux/share/std_msgs/cmake)
[1.661s] -- Found rosidl_default_generators: 1.0.1 (/home/bofengluo/ros2_foxy/ros2-linux/share/rosidl_default_generators/cmake)
[1.697s] -- Found PythonInterp: /usr/bin/python3 (found version "3.8.10") 
[1.807s] -- Found ament_cmake_ros: 0.9.2 (/home/bofengluo/ros2_foxy/ros2-linux/share/ament_cmake_ros/cmake)
[1.927s] -- Using all available rosidl_typesupport_c: rosidl_typesupport_connext_c;rosidl_typesupport_fastrtps_c;rosidl_typesupport_introspection_c
[1.938s] -- Using all available rosidl_typesupport_cpp: rosidl_typesupport_connext_cpp;rosidl_typesupport_fastrtps_cpp;rosidl_typesupport_introspection_cpp
[1.963s] -- Found PythonInterp: /usr/bin/python3 (found suitable version "3.8.10", minimum required is "3.5") 
[1.965s] -- Found python_cmake_module: 0.8.1 (/home/bofengluo/ros2_foxy/ros2-linux/share/python_cmake_module/cmake)
[2.002s] -- Found PythonLibs: /usr/lib/x86_64-linux-gnu/libpython3.8.so (found suitable version "3.8.10", minimum required is "3.5") 
[2.002s] -- Using PYTHON_EXECUTABLE: /usr/bin/python3
[2.002s] -- Using PYTHON_INCLUDE_DIRS: /usr/include/python3.8
[2.003s] -- Using PYTHON_LIBRARIES: /usr/lib/x86_64-linux-gnu/libpython3.8.so
[2.024s] -- Found PythonExtra: .so  
[2.071s] -- Found ament_lint_auto: 0.9.6 (/home/bofengluo/ros2_foxy/ros2-linux/share/ament_lint_auto/cmake)
[2.093s] -- Added test 'copyright' to check source files copyright and LICENSE
[2.094s] -- Added test 'cppcheck' to perform static code analysis on C / C++ code
[2.095s] -- Configured cppcheck include dirs: 
[2.095s] -- Configured cppcheck exclude dirs and/or files: 
[2.096s] -- Added test 'cpplint' to check C / C++ code against the Google style
[2.096s] -- Configured cpplint exclude dirs and/or files: 
[2.097s] -- Added test 'lint_cmake' to check CMake code style
[2.098s] -- Added test 'uncrustify' to check C / C++ code style
[2.098s] -- Configured uncrustify additional arguments: 
[2.098s] -- Added test 'xmllint' to check XML markup files
[2.103s] -- Configuring done
[2.131s] -- Generating done
[2.133s] -- Build files have been written to: /home/bofengluo/ros2_ws/build/custom_msg_ros2
[2.143s] Invoked command in '/home/bofengluo/ros2_ws/build/custom_msg_ros2' returned '0': /usr/bin/cmake /home/bofengluo/ros2_ws/src/custom_msg_ros2 -DCMAKE_INSTALL_PREFIX=/home/bofengluo/ros2_ws/install/custom_msg_ros2
[2.146s] Invoking command in '/home/bofengluo/ros2_ws/build/custom_msg_ros2': /usr/bin/cmake --build /home/bofengluo/ros2_ws/build/custom_msg_ros2 -- -j16 -l16
[2.202s] [35m[1mScanning dependencies of target custom_msg_ros2__cpp[0m
[2.202s] [  3%] [34m[1mGenerating C code for ROS interfaces[0m
[2.211s] [  6%] [34m[1mGenerating C++ code for ROS interfaces[0m
[2.390s] [35m[1mScanning dependencies of target custom_msg_ros2__rosidl_generator_c[0m
[2.396s] [  6%] Built target custom_msg_ros2__cpp
[2.405s] [  9%] [32mBuilding C object CMakeFiles/custom_msg_ros2__rosidl_generator_c.dir/rosidl_generator_c/custom_msg_ros2/msg/detail/custom_message__functions.c.o[0m
[2.406s] [ 12%] [34m[1mGenerating C++ type support for eProsima Fast-RTPS[0m
[2.410s] [ 15%] [34m[1mGenerating C++ type support dispatch for ROS interfaces[0m
[2.412s] [ 18%] [34m[1mGenerating C++ introspection for ROS interfaces[0m
[2.441s] [ 21%] [32m[1mLinking C shared library libcustom_msg_ros2__rosidl_generator_c.so[0m
[2.480s] [ 21%] Built target custom_msg_ros2__rosidl_generator_c
[2.490s] [ 24%] [34m[1mGenerating C introspection for ROS interfaces[0m
[2.494s] [ 27%] [34m[1mGenerating C type support dispatch for ROS interfaces[0m
[2.588s] [35m[1mScanning dependencies of target custom_msg_ros2__rosidl_typesupport_cpp[0m
[2.589s] [35m[1mScanning dependencies of target custom_msg_ros2__rosidl_typesupport_fastrtps_cpp[0m
[2.600s] [35m[1mScanning dependencies of target custom_msg_ros2__rosidl_typesupport_introspection_cpp[0m
[2.601s] [ 30%] [32mBuilding CXX object CMakeFiles/custom_msg_ros2__rosidl_typesupport_fastrtps_cpp.dir/rosidl_typesupport_fastrtps_cpp/custom_msg_ros2/msg/detail/dds_fastrtps/custom_message__type_support.cpp.o[0m
[2.602s] [ 33%] [32mBuilding CXX object CMakeFiles/custom_msg_ros2__rosidl_typesupport_cpp.dir/rosidl_typesupport_cpp/custom_msg_ros2/msg/custom_message__type_support.cpp.o[0m
[2.609s] [ 36%] [32mBuilding CXX object CMakeFiles/custom_msg_ros2__rosidl_typesupport_introspection_cpp.dir/rosidl_typesupport_introspection_cpp/custom_msg_ros2/msg/detail/custom_message__type_support.cpp.o[0m
[2.670s] [35m[1mScanning dependencies of target custom_msg_ros2__rosidl_typesupport_c[0m
[2.682s] [ 39%] [32mBuilding CXX object CMakeFiles/custom_msg_ros2__rosidl_typesupport_c.dir/rosidl_typesupport_c/custom_msg_ros2/msg/custom_message__type_support.cpp.o[0m
[2.683s] [35m[1mScanning dependencies of target custom_msg_ros2__rosidl_typesupport_introspection_c[0m
[2.697s] [ 42%] [32mBuilding C object CMakeFiles/custom_msg_ros2__rosidl_typesupport_introspection_c.dir/rosidl_typesupport_introspection_c/custom_msg_ros2/msg/detail/custom_message__type_support.c.o[0m
[2.719s] [ 45%] [32m[1mLinking CXX shared library libcustom_msg_ros2__rosidl_typesupport_c.so[0m
[2.732s] [ 48%] [32m[1mLinking C shared library libcustom_msg_ros2__rosidl_typesupport_introspection_c.so[0m
[2.768s] [ 48%] Built target custom_msg_ros2__rosidl_typesupport_introspection_c
[2.769s] [ 48%] Built target custom_msg_ros2__rosidl_typesupport_c
[2.845s] [ 51%] [32m[1mLinking CXX shared library libcustom_msg_ros2__rosidl_typesupport_cpp.so[0m
[2.876s] [ 54%] [32m[1mLinking CXX shared library libcustom_msg_ros2__rosidl_typesupport_introspection_cpp.so[0m
[2.891s] [ 54%] Built target custom_msg_ros2__rosidl_typesupport_cpp
[2.925s] [ 54%] Built target custom_msg_ros2__rosidl_typesupport_introspection_cpp
[2.969s] [ 57%] [32m[1mLinking CXX shared library libcustom_msg_ros2__rosidl_typesupport_fastrtps_cpp.so[0m
[3.070s] [ 57%] Built target custom_msg_ros2__rosidl_typesupport_fastrtps_cpp
[3.083s] [ 60%] [34m[1mGenerating C type support for eProsima Fast-RTPS[0m
[3.270s] [35m[1mScanning dependencies of target custom_msg_ros2__rosidl_typesupport_fastrtps_c[0m
[3.286s] [ 63%] [32mBuilding CXX object CMakeFiles/custom_msg_ros2__rosidl_typesupport_fastrtps_c.dir/rosidl_typesupport_fastrtps_c/custom_msg_ros2/msg/detail/custom_message__type_support_c.cpp.o[0m
[3.581s] [ 66%] [32m[1mLinking CXX shared library libcustom_msg_ros2__rosidl_typesupport_fastrtps_c.so[0m
[3.682s] [ 66%] Built target custom_msg_ros2__rosidl_typesupport_fastrtps_c
[3.698s] [35m[1mScanning dependencies of target custom_msg_ros2[0m
[3.713s] [ 66%] Built target custom_msg_ros2
[3.728s] [35m[1mScanning dependencies of target listener[0m
[3.730s] [35m[1mScanning dependencies of target custom_msg_ros2__py[0m
[3.746s] [ 69%] [34m[1mGenerating Python code for ROS interfaces[0m
[3.804s] [ 72%] [32mBuilding CXX object CMakeFiles/listener.dir/src/listener.cpp.o[0m
[4.050s] [ 72%] Built target custom_msg_ros2__py
[4.066s] [35m[1mScanning dependencies of target custom_msg_ros2__python[0m
[4.096s] [ 75%] [32mBuilding C object CMakeFiles/custom_msg_ros2__python.dir/rosidl_generator_py/custom_msg_ros2/msg/_custom_message_s.c.o[0m
[4.177s] [ 78%] [32m[1mLinking C shared library rosidl_generator_py/custom_msg_ros2/libcustom_msg_ros2__python.so[0m
[4.228s] [ 78%] Built target custom_msg_ros2__python
[4.238s] [35m[1mScanning dependencies of target custom_msg_ros2__rosidl_typesupport_introspection_c__pyext[0m
[4.241s] [35m[1mScanning dependencies of target custom_msg_ros2__rosidl_typesupport_c__pyext[0m
[4.242s] [35m[1mScanning dependencies of target custom_msg_ros2__rosidl_typesupport_fastrtps_c__pyext[0m
[4.253s] [ 81%] [32mBuilding C object CMakeFiles/custom_msg_ros2__rosidl_typesupport_introspection_c__pyext.dir/rosidl_generator_py/custom_msg_ros2/_custom_msg_ros2_s.ep.rosidl_typesupport_introspection_c.c.o[0m
[4.256s] [ 84%] [32mBuilding C object CMakeFiles/custom_msg_ros2__rosidl_typesupport_fastrtps_c__pyext.dir/rosidl_generator_py/custom_msg_ros2/_custom_msg_ros2_s.ep.rosidl_typesupport_fastrtps_c.c.o[0m
[4.259s] [ 87%] [32mBuilding C object CMakeFiles/custom_msg_ros2__rosidl_typesupport_c__pyext.dir/rosidl_generator_py/custom_msg_ros2/_custom_msg_ros2_s.ep.rosidl_typesupport_c.c.o[0m
[4.324s] [ 90%] [32m[1mLinking C shared library rosidl_generator_py/custom_msg_ros2/custom_msg_ros2_s__rosidl_typesupport_introspection_c.cpython-38-x86_64-linux-gnu.so[0m
[4.328s] [ 93%] [32m[1mLinking CXX shared library rosidl_generator_py/custom_msg_ros2/custom_msg_ros2_s__rosidl_typesupport_fastrtps_c.cpython-38-x86_64-linux-gnu.so[0m
[4.340s] [ 96%] [32m[1mLinking C shared library rosidl_generator_py/custom_msg_ros2/custom_msg_ros2_s__rosidl_typesupport_c.cpython-38-x86_64-linux-gnu.so[0m
[4.362s] [ 96%] Built target custom_msg_ros2__rosidl_typesupport_introspection_c__pyext
[4.380s] [ 96%] Built target custom_msg_ros2__rosidl_typesupport_c__pyext
[4.398s] [ 96%] Built target custom_msg_ros2__rosidl_typesupport_fastrtps_c__pyext
[7.843s] [100%] [32m[1mLinking CXX executable listener[0m
[8.093s] [100%] Built target listener
[8.103s] Invoked command in '/home/bofengluo/ros2_ws/build/custom_msg_ros2' returned '0': /usr/bin/cmake --build /home/bofengluo/ros2_ws/build/custom_msg_ros2 -- -j16 -l16
[8.152s] Invoking command in '/home/bofengluo/ros2_ws/build/custom_msg_ros2': /usr/bin/cmake --install /home/bofengluo/ros2_ws/build/custom_msg_ros2
[8.164s] -- Install configuration: ""
[8.164s] -- Installing: /home/bofengluo/ros2_ws/install/custom_msg_ros2/share/ament_index/resource_index/rosidl_interfaces/custom_msg_ros2
[8.165s] -- Installing: /home/bofengluo/ros2_ws/install/custom_msg_ros2/include/custom_msg_ros2
[8.165s] -- Installing: /home/bofengluo/ros2_ws/install/custom_msg_ros2/include/custom_msg_ros2/msg
[8.165s] -- Installing: /home/bofengluo/ros2_ws/install/custom_msg_ros2/include/custom_msg_ros2/msg/detail
[8.165s] -- Installing: /home/bofengluo/ros2_ws/install/custom_msg_ros2/include/custom_msg_ros2/msg/detail/custom_message__struct.h
[8.165s] -- Installing: /home/bofengluo/ros2_ws/install/custom_msg_ros2/include/custom_msg_ros2/msg/detail/custom_message__functions.c
[8.165s] -- Installing: /home/bofengluo/ros2_ws/install/custom_msg_ros2/include/custom_msg_ros2/msg/detail/custom_message__type_support.h
[8.166s] -- Installing: /home/bofengluo/ros2_ws/install/custom_msg_ros2/include/custom_msg_ros2/msg/detail/custom_message__functions.h
[8.166s] -- Installing: /home/bofengluo/ros2_ws/install/custom_msg_ros2/include/custom_msg_ros2/msg/custom_message.h
[8.166s] -- Installing: /home/bofengluo/ros2_ws/install/custom_msg_ros2/include/custom_msg_ros2/msg/rosidl_generator_c__visibility_control.h
[8.166s] -- Installing: /home/bofengluo/ros2_ws/install/custom_msg_ros2/share/custom_msg_ros2/environment/library_path.sh
[8.166s] -- Installing: /home/bofengluo/ros2_ws/install/custom_msg_ros2/share/custom_msg_ros2/environment/library_path.dsv
[8.167s] -- Installing: /home/bofengluo/ros2_ws/install/custom_msg_ros2/lib/libcustom_msg_ros2__rosidl_generator_c.so
[8.167s] -- Set runtime path of "/home/bofengluo/ros2_ws/install/custom_msg_ros2/lib/libcustom_msg_ros2__rosidl_generator_c.so" to ""
[8.167s] -- Up-to-date: /home/bofengluo/ros2_ws/install/custom_msg_ros2/include/custom_msg_ros2
[8.168s] -- Up-to-date: /home/bofengluo/ros2_ws/install/custom_msg_ros2/include/custom_msg_ros2/msg
[8.168s] -- Installing: /home/bofengluo/ros2_ws/install/custom_msg_ros2/include/custom_msg_ros2/msg/rosidl_typesupport_fastrtps_c__visibility_control.h
[8.168s] -- Up-to-date: /home/bofengluo/ros2_ws/install/custom_msg_ros2/include/custom_msg_ros2/msg/detail
[8.168s] -- Installing: /home/bofengluo/ros2_ws/install/custom_msg_ros2/include/custom_msg_ros2/msg/detail/custom_message__rosidl_typesupport_fastrtps_c.h
[8.168s] -- Installing: /home/bofengluo/ros2_ws/install/custom_msg_ros2/lib/libcustom_msg_ros2__rosidl_typesupport_fastrtps_c.so
[8.168s] -- Set runtime path of "/home/bofengluo/ros2_ws/install/custom_msg_ros2/lib/libcustom_msg_ros2__rosidl_typesupport_fastrtps_c.so" to ""
[8.169s] -- Up-to-date: /home/bofengluo/ros2_ws/install/custom_msg_ros2/include/custom_msg_ros2
[8.169s] -- Up-to-date: /home/bofengluo/ros2_ws/install/custom_msg_ros2/include/custom_msg_ros2/msg
[8.169s] -- Up-to-date: /home/bofengluo/ros2_ws/install/custom_msg_ros2/include/custom_msg_ros2/msg/detail
[8.169s] -- Installing: /home/bofengluo/ros2_ws/install/custom_msg_ros2/include/custom_msg_ros2/msg/detail/custom_message__rosidl_typesupport_fastrtps_cpp.hpp
[8.169s] -- Installing: /home/bofengluo/ros2_ws/install/custom_msg_ros2/include/custom_msg_ros2/msg/detail/dds_fastrtps
[8.169s] -- Installing: /home/bofengluo/ros2_ws/install/custom_msg_ros2/include/custom_msg_ros2/msg/rosidl_typesupport_fastrtps_cpp__visibility_control.h
[8.169s] -- Installing: /home/bofengluo/ros2_ws/install/custom_msg_ros2/lib/libcustom_msg_ros2__rosidl_typesupport_fastrtps_cpp.so
[8.169s] -- Set runtime path of "/home/bofengluo/ros2_ws/install/custom_msg_ros2/lib/libcustom_msg_ros2__rosidl_typesupport_fastrtps_cpp.so" to ""
[8.170s] -- Up-to-date: /home/bofengluo/ros2_ws/install/custom_msg_ros2/include/custom_msg_ros2
[8.170s] -- Up-to-date: /home/bofengluo/ros2_ws/install/custom_msg_ros2/include/custom_msg_ros2/msg
[8.170s] -- Up-to-date: /home/bofengluo/ros2_ws/install/custom_msg_ros2/include/custom_msg_ros2/msg/detail
[8.170s] -- Installing: /home/bofengluo/ros2_ws/install/custom_msg_ros2/include/custom_msg_ros2/msg/detail/custom_message__rosidl_typesupport_introspection_c.h
[8.170s] -- Installing: /home/bofengluo/ros2_ws/install/custom_msg_ros2/include/custom_msg_ros2/msg/detail/custom_message__type_support.c
[8.170s] -- Installing: /home/bofengluo/ros2_ws/install/custom_msg_ros2/include/custom_msg_ros2/msg/rosidl_typesupport_introspection_c__visibility_control.h
[8.170s] -- Installing: /home/bofengluo/ros2_ws/install/custom_msg_ros2/lib/libcustom_msg_ros2__rosidl_typesupport_introspection_c.so
[8.171s] -- Set runtime path of "/home/bofengluo/ros2_ws/install/custom_msg_ros2/lib/libcustom_msg_ros2__rosidl_typesupport_introspection_c.so" to ""
[8.171s] -- Installing: /home/bofengluo/ros2_ws/install/custom_msg_ros2/lib/libcustom_msg_ros2__rosidl_typesupport_c.so
[8.171s] -- Set runtime path of "/home/bofengluo/ros2_ws/install/custom_msg_ros2/lib/libcustom_msg_ros2__rosidl_typesupport_c.so" to ""
[8.171s] -- Up-to-date: /home/bofengluo/ros2_ws/install/custom_msg_ros2/include/custom_msg_ros2
[8.171s] -- Up-to-date: /home/bofengluo/ros2_ws/install/custom_msg_ros2/include/custom_msg_ros2/msg
[8.171s] -- Up-to-date: /home/bofengluo/ros2_ws/install/custom_msg_ros2/include/custom_msg_ros2/msg/detail
[8.172s] -- Installing: /home/bofengluo/ros2_ws/install/custom_msg_ros2/include/custom_msg_ros2/msg/detail/custom_message__struct.hpp
[8.172s] -- Installing: /home/bofengluo/ros2_ws/install/custom_msg_ros2/include/custom_msg_ros2/msg/detail/custom_message__traits.hpp
[8.172s] -- Installing: /home/bofengluo/ros2_ws/install/custom_msg_ros2/include/custom_msg_ros2/msg/detail/custom_message__builder.hpp
[8.172s] -- Installing: /home/bofengluo/ros2_ws/install/custom_msg_ros2/include/custom_msg_ros2/msg/custom_message.hpp
[8.172s] -- Up-to-date: /home/bofengluo/ros2_ws/install/custom_msg_ros2/include/custom_msg_ros2
[8.172s] -- Up-to-date: /home/bofengluo/ros2_ws/install/custom_msg_ros2/include/custom_msg_ros2/msg
[8.172s] -- Up-to-date: /home/bofengluo/ros2_ws/install/custom_msg_ros2/include/custom_msg_ros2/msg/detail
[8.172s] -- Installing: /home/bofengluo/ros2_ws/install/custom_msg_ros2/include/custom_msg_ros2/msg/detail/custom_message__type_support.cpp
[8.173s] -- Installing: /home/bofengluo/ros2_ws/install/custom_msg_ros2/include/custom_msg_ros2/msg/detail/custom_message__rosidl_typesupport_introspection_cpp.hpp
[8.173s] -- Installing: /home/bofengluo/ros2_ws/install/custom_msg_ros2/lib/libcustom_msg_ros2__rosidl_typesupport_introspection_cpp.so
[8.173s] -- Set runtime path of "/home/bofengluo/ros2_ws/install/custom_msg_ros2/lib/libcustom_msg_ros2__rosidl_typesupport_introspection_cpp.so" to ""
[8.173s] -- Installing: /home/bofengluo/ros2_ws/install/custom_msg_ros2/lib/libcustom_msg_ros2__rosidl_typesupport_cpp.so
[8.173s] -- Set runtime path of "/home/bofengluo/ros2_ws/install/custom_msg_ros2/lib/libcustom_msg_ros2__rosidl_typesupport_cpp.so" to ""
[8.173s] -- Installing: /home/bofengluo/ros2_ws/install/custom_msg_ros2/share/custom_msg_ros2/environment/pythonpath.sh
[8.173s] -- Installing: /home/bofengluo/ros2_ws/install/custom_msg_ros2/share/custom_msg_ros2/environment/pythonpath.dsv
[8.174s] -- Installing: /home/bofengluo/ros2_ws/install/custom_msg_ros2/lib/python3.8/site-packages/custom_msg_ros2/__init__.py
[8.202s] Compiling '/home/bofengluo/ros2_ws/install/custom_msg_ros2/lib/python3.8/site-packages/custom_msg_ros2/__init__.py'...
[8.206s] -- Installing: /home/bofengluo/ros2_ws/install/custom_msg_ros2/lib/python3.8/site-packages/custom_msg_ros2/msg
[8.206s] -- Installing: /home/bofengluo/ros2_ws/install/custom_msg_ros2/lib/python3.8/site-packages/custom_msg_ros2/msg/__init__.py
[8.206s] -- Installing: /home/bofengluo/ros2_ws/install/custom_msg_ros2/lib/python3.8/site-packages/custom_msg_ros2/msg/_custom_message.py
[8.206s] -- Installing: /home/bofengluo/ros2_ws/install/custom_msg_ros2/lib/python3.8/site-packages/custom_msg_ros2/msg/_custom_message_s.c
[8.207s] -- Installing: /home/bofengluo/ros2_ws/install/custom_msg_ros2/lib/python3.8/site-packages/custom_msg_ros2/custom_msg_ros2_s__rosidl_typesupport_fastrtps_c.cpython-38-x86_64-linux-gnu.so
[8.207s] -- Set runtime path of "/home/bofengluo/ros2_ws/install/custom_msg_ros2/lib/python3.8/site-packages/custom_msg_ros2/custom_msg_ros2_s__rosidl_typesupport_fastrtps_c.cpython-38-x86_64-linux-gnu.so" to ""
[8.208s] -- Installing: /home/bofengluo/ros2_ws/install/custom_msg_ros2/lib/python3.8/site-packages/custom_msg_ros2/custom_msg_ros2_s__rosidl_typesupport_introspection_c.cpython-38-x86_64-linux-gnu.so
[8.209s] -- Set runtime path of "/home/bofengluo/ros2_ws/install/custom_msg_ros2/lib/python3.8/site-packages/custom_msg_ros2/custom_msg_ros2_s__rosidl_typesupport_introspection_c.cpython-38-x86_64-linux-gnu.so" to ""
[8.209s] -- Installing: /home/bofengluo/ros2_ws/install/custom_msg_ros2/lib/python3.8/site-packages/custom_msg_ros2/custom_msg_ros2_s__rosidl_typesupport_c.cpython-38-x86_64-linux-gnu.so
[8.209s] -- Set runtime path of "/home/bofengluo/ros2_ws/install/custom_msg_ros2/lib/python3.8/site-packages/custom_msg_ros2/custom_msg_ros2_s__rosidl_typesupport_c.cpython-38-x86_64-linux-gnu.so" to ""
[8.210s] -- Installing: /home/bofengluo/ros2_ws/install/custom_msg_ros2/lib/libcustom_msg_ros2__python.so
[8.210s] -- Set runtime path of "/home/bofengluo/ros2_ws/install/custom_msg_ros2/lib/libcustom_msg_ros2__python.so" to ""
[8.210s] -- Installing: /home/bofengluo/ros2_ws/install/custom_msg_ros2/share/custom_msg_ros2/msg/CustomMessage.idl
[8.210s] -- Installing: /home/bofengluo/ros2_ws/install/custom_msg_ros2/share/custom_msg_ros2/msg/CustomMessage.msg
[8.211s] -- Installing: /home/bofengluo/ros2_ws/install/custom_msg_ros2/lib/custom_msg_ros2/listener
[8.214s] -- Set runtime path of "/home/bofengluo/ros2_ws/install/custom_msg_ros2/lib/custom_msg_ros2/listener" to ""
[8.214s] -- Installing: /home/bofengluo/ros2_ws/install/custom_msg_ros2/share/custom_msg_ros2/bridge_mapping_rules.yaml
[8.214s] -- Installing: /home/bofengluo/ros2_ws/install/custom_msg_ros2/share/ament_index/resource_index/package_run_dependencies/custom_msg_ros2
[8.214s] -- Installing: /home/bofengluo/ros2_ws/install/custom_msg_ros2/share/ament_index/resource_index/parent_prefix_path/custom_msg_ros2
[8.215s] -- Installing: /home/bofengluo/ros2_ws/install/custom_msg_ros2/share/custom_msg_ros2/environment/ament_prefix_path.sh
[8.215s] -- Installing: /home/bofengluo/ros2_ws/install/custom_msg_ros2/share/custom_msg_ros2/environment/ament_prefix_path.dsv
[8.215s] -- Installing: /home/bofengluo/ros2_ws/install/custom_msg_ros2/share/custom_msg_ros2/environment/path.sh
[8.215s] -- Installing: /home/bofengluo/ros2_ws/install/custom_msg_ros2/share/custom_msg_ros2/environment/path.dsv
[8.216s] -- Installing: /home/bofengluo/ros2_ws/install/custom_msg_ros2/share/custom_msg_ros2/local_setup.bash
[8.216s] -- Installing: /home/bofengluo/ros2_ws/install/custom_msg_ros2/share/custom_msg_ros2/local_setup.sh
[8.216s] -- Installing: /home/bofengluo/ros2_ws/install/custom_msg_ros2/share/custom_msg_ros2/local_setup.zsh
[8.216s] -- Installing: /home/bofengluo/ros2_ws/install/custom_msg_ros2/share/custom_msg_ros2/local_setup.dsv
[8.216s] -- Installing: /home/bofengluo/ros2_ws/install/custom_msg_ros2/share/custom_msg_ros2/package.dsv
[8.216s] -- Installing: /home/bofengluo/ros2_ws/install/custom_msg_ros2/share/ament_index/resource_index/packages/custom_msg_ros2
[8.217s] -- Installing: /home/bofengluo/ros2_ws/install/custom_msg_ros2/share/custom_msg_ros2/cmake/custom_msg_ros2__rosidl_generator_cExport.cmake
[8.217s] -- Installing: /home/bofengluo/ros2_ws/install/custom_msg_ros2/share/custom_msg_ros2/cmake/custom_msg_ros2__rosidl_generator_cExport-noconfig.cmake
[8.217s] -- Installing: /home/bofengluo/ros2_ws/install/custom_msg_ros2/share/custom_msg_ros2/cmake/custom_msg_ros2__rosidl_typesupport_introspection_cExport.cmake
[8.217s] -- Installing: /home/bofengluo/ros2_ws/install/custom_msg_ros2/share/custom_msg_ros2/cmake/custom_msg_ros2__rosidl_typesupport_introspection_cExport-noconfig.cmake
[8.218s] -- Installing: /home/bofengluo/ros2_ws/install/custom_msg_ros2/share/custom_msg_ros2/cmake/custom_msg_ros2__rosidl_typesupport_cExport.cmake
[8.218s] -- Installing: /home/bofengluo/ros2_ws/install/custom_msg_ros2/share/custom_msg_ros2/cmake/custom_msg_ros2__rosidl_typesupport_cExport-noconfig.cmake
[8.218s] -- Installing: /home/bofengluo/ros2_ws/install/custom_msg_ros2/share/custom_msg_ros2/cmake/custom_msg_ros2__rosidl_generator_cppExport.cmake
[8.218s] -- Installing: /home/bofengluo/ros2_ws/install/custom_msg_ros2/share/custom_msg_ros2/cmake/custom_msg_ros2__rosidl_typesupport_introspection_cppExport.cmake
[8.218s] -- Installing: /home/bofengluo/ros2_ws/install/custom_msg_ros2/share/custom_msg_ros2/cmake/custom_msg_ros2__rosidl_typesupport_introspection_cppExport-noconfig.cmake
[8.219s] -- Installing: /home/bofengluo/ros2_ws/install/custom_msg_ros2/share/custom_msg_ros2/cmake/custom_msg_ros2__rosidl_typesupport_cppExport.cmake
[8.219s] -- Installing: /home/bofengluo/ros2_ws/install/custom_msg_ros2/share/custom_msg_ros2/cmake/custom_msg_ros2__rosidl_typesupport_cppExport-noconfig.cmake
[8.219s] -- Installing: /home/bofengluo/ros2_ws/install/custom_msg_ros2/share/custom_msg_ros2/cmake/rosidl_cmake-extras.cmake
[8.220s] -- Installing: /home/bofengluo/ros2_ws/install/custom_msg_ros2/share/custom_msg_ros2/cmake/ament_cmake_export_dependencies-extras.cmake
[8.220s] -- Installing: /home/bofengluo/ros2_ws/install/custom_msg_ros2/share/custom_msg_ros2/cmake/ament_cmake_export_libraries-extras.cmake
[8.220s] -- Installing: /home/bofengluo/ros2_ws/install/custom_msg_ros2/share/custom_msg_ros2/cmake/ament_cmake_export_targets-extras.cmake
[8.220s] -- Installing: /home/bofengluo/ros2_ws/install/custom_msg_ros2/share/custom_msg_ros2/cmake/ament_cmake_export_include_directories-extras.cmake
[8.220s] -- Installing: /home/bofengluo/ros2_ws/install/custom_msg_ros2/share/custom_msg_ros2/cmake/rosidl_cmake_export_typesupport_libraries-extras.cmake
[8.221s] -- Installing: /home/bofengluo/ros2_ws/install/custom_msg_ros2/share/custom_msg_ros2/cmake/rosidl_cmake_export_typesupport_targets-extras.cmake
[8.221s] -- Installing: /home/bofengluo/ros2_ws/install/custom_msg_ros2/share/custom_msg_ros2/cmake/custom_msg_ros2Config.cmake
[8.221s] -- Installing: /home/bofengluo/ros2_ws/install/custom_msg_ros2/share/custom_msg_ros2/cmake/custom_msg_ros2Config-version.cmake
[8.221s] -- Installing: /home/bofengluo/ros2_ws/install/custom_msg_ros2/share/custom_msg_ros2/package.xml
[8.225s] Invoked command in '/home/bofengluo/ros2_ws/build/custom_msg_ros2' returned '0': /usr/bin/cmake --install /home/bofengluo/ros2_ws/build/custom_msg_ros2
