[0.015s] Invoking command in '/home/zpw/UR3e-ROS2-resources/build/ur_robot_driver': AMENT_PREFIX_PATH=/home/zpw/UR3e-ROS2-resources/install/ur_controllers:/home/zpw/UR3e-ROS2-resources/install/ur_msgs:/home/zpw/UR3e-ROS2-resources/install/ur_description:/home/zpw/UR3e-ROS2-resources/install/ur_dashboard_msgs:/home/zpw/UR3e-ROS2-resources/install/ur_bringup:${AMENT_PREFIX_PATH} CMAKE_PREFIX_PATH=/home/zpw/UR3e-ROS2-resources/install/ur_controllers:/home/zpw/UR3e-ROS2-resources/install/ur_msgs:/home/zpw/UR3e-ROS2-resources/install/ur_description:/home/zpw/UR3e-ROS2-resources/install/ur_dashboard_msgs:/home/zpw/UR3e-ROS2-resources/install/ur_client_library:/home/zpw/UR3e-ROS2-resources/install/ur_bringup:/opt/ros/foxy LD_LIBRARY_PATH=/home/zpw/UR3e-ROS2-resources/install/ur_controllers/lib:/home/zpw/UR3e-ROS2-resources/install/ur_msgs/lib:/home/zpw/UR3e-ROS2-resources/install/ur_dashboard_msgs/lib:/home/zpw/UR3e-ROS2-resources/install/ur_client_library/lib:${LD_LIBRARY_PATH} PKG_CONFIG_PATH=/home/zpw/UR3e-ROS2-resources/install/ur_client_library/lib/x86_64-linux-gnu/pkgconfig:/home/zpw/UR3e-ROS2-resources/install/ur_client_library/lib/pkgconfig PYTHONPATH=/home/zpw/UR3e-ROS2-resources/install/ur_msgs/lib/python3.8/site-packages:/home/zpw/UR3e-ROS2-resources/install/ur_dashboard_msgs/lib/python3.8/site-packages:${PYTHONPATH} /usr/bin/cmake /home/zpw/UR3e-ROS2-resources/src/Universal_Robots_ROS2_Driver/ur_robot_driver -DAMENT_CMAKE_SYMLINK_INSTALL=1 -DCMAKE_INSTALL_PREFIX=/home/zpw/UR3e-ROS2-resources/install/ur_robot_driver
[0.071s] -- The C compiler identification is GNU 9.4.0
[0.114s] -- The CXX compiler identification is GNU 9.4.0
[0.118s] -- Check for working C compiler: /usr/bin/cc
[0.177s] -- Check for working C compiler: /usr/bin/cc -- works
[0.178s] -- Detecting C compiler ABI info
[0.237s] -- Detecting C compiler ABI info - done
[0.246s] -- Detecting C compile features
[0.246s] -- Detecting C compile features - done
[0.248s] -- Check for working CXX compiler: /usr/bin/c++
[0.313s] -- Check for working CXX compiler: /usr/bin/c++ -- works
[0.314s] -- Detecting CXX compiler ABI info
[0.381s] -- Detecting CXX compiler ABI info - done
[0.391s] -- Detecting CXX compile features
[0.391s] -- Detecting CXX compile features - done
[0.392s] ur_robot_driver: You did not request a specific build type: selecting 'RelWithDebInfo'.
[0.394s] -- Found ament_cmake: 0.9.9 (/opt/ros/foxy/share/ament_cmake/cmake)
[0.417s] -- Found PythonInterp: /usr/bin/python3 (found suitable version "3.8.10", minimum required is "3") 
[0.417s] -- Using PYTHON_EXECUTABLE: /usr/bin/python3
[0.557s] -- Override CMake install command with custom implementation using symlinks instead of copying resources
[0.580s] -- Found hardware_interface: 0.9.0 (/opt/ros/foxy/share/hardware_interface/cmake)
[0.608s] -- Using all available rosidl_typesupport_c: rosidl_typesupport_fastrtps_c;rosidl_typesupport_introspection_c
[0.614s] -- Found rosidl_adapter: 1.2.1 (/opt/ros/foxy/share/rosidl_adapter/cmake)
[0.687s] -- Found OpenSSL: /usr/lib/x86_64-linux-gnu/libcrypto.so (found version "1.1.1f")  
[0.713s] -- Found FastRTPS: /opt/ros/foxy/include  
[0.773s] -- Using all available rosidl_typesupport_cpp: rosidl_typesupport_fastrtps_cpp;rosidl_typesupport_introspection_cpp
[1.129s] -- Found rclcpp: 2.4.1 (/opt/ros/foxy/share/rclcpp/cmake)
[1.162s] -- Found rmw_implementation_cmake: 1.0.3 (/opt/ros/foxy/share/rmw_implementation_cmake/cmake)
[1.163s] -- Using RMW implementation 'rmw_fastrtps_cpp' as default
[1.164s] -- Looking for pthread.h
[1.226s] -- Looking for pthread.h - found
[1.226s] -- Performing Test CMAKE_HAVE_LIBC_PTHREAD
[1.290s] -- Performing Test CMAKE_HAVE_LIBC_PTHREAD - Failed
[1.290s] -- Looking for pthread_create in pthreads
[1.338s] -- Looking for pthread_create in pthreads - not found
[1.338s] -- Looking for pthread_create in pthread
[1.396s] -- Looking for pthread_create in pthread - found
[1.397s] -- Found Threads: TRUE  
[1.503s] -- Found std_srvs: 2.0.5 (/opt/ros/foxy/share/std_srvs/cmake)
[1.512s] -- Found ur_dashboard_msgs: 0.0.0 (/home/zpw/UR3e-ROS2-resources/install/ur_dashboard_msgs/share/ur_dashboard_msgs/cmake)
[1.632s] -- Found ur_controllers: 0.0.0 (/home/zpw/UR3e-ROS2-resources/install/ur_controllers/share/ur_controllers/cmake)
[2.168s] -- Found ur_description: 0.0.0 (/home/zpw/UR3e-ROS2-resources/install/ur_description/share/ur_description/cmake)
[2.168s] -- Found ur_bringup: 0.0.0 (/home/zpw/UR3e-ROS2-resources/install/ur_bringup/share/ur_bringup/cmake)
[2.170s] -- Found launch_testing_ament_cmake: 0.10.8 (/opt/ros/foxy/share/launch_testing_ament_cmake/cmake)
[2.171s] -- Found python_cmake_module: 0.8.1 (/opt/ros/foxy/share/python_cmake_module/cmake)
[2.190s] -- Found PythonInterp: /usr/bin/python3 (found suitable version "3.8.10", minimum required is "3.5") 
[2.197s] -- Found PythonLibs: /usr/lib/x86_64-linux-gnu/libpython3.8.so (found suitable version "3.8.10", minimum required is "3.5") 
[2.197s] -- Using PYTHON_EXECUTABLE: /usr/bin/python3
[2.197s] -- Using PYTHON_INCLUDE_DIRS: /usr/include/python3.8
[2.197s] -- Using PYTHON_LIBRARIES: /usr/lib/x86_64-linux-gnu/libpython3.8.so
[2.216s] -- Found PythonExtra: .so  
[2.219s] -- Configuring done
[2.243s] -- Generating done
[2.245s] -- Build files have been written to: /home/zpw/UR3e-ROS2-resources/build/ur_robot_driver
[2.253s] Invoked command in '/home/zpw/UR3e-ROS2-resources/build/ur_robot_driver' returned '0': AMENT_PREFIX_PATH=/home/zpw/UR3e-ROS2-resources/install/ur_controllers:/home/zpw/UR3e-ROS2-resources/install/ur_msgs:/home/zpw/UR3e-ROS2-resources/install/ur_description:/home/zpw/UR3e-ROS2-resources/install/ur_dashboard_msgs:/home/zpw/UR3e-ROS2-resources/install/ur_bringup:${AMENT_PREFIX_PATH} CMAKE_PREFIX_PATH=/home/zpw/UR3e-ROS2-resources/install/ur_controllers:/home/zpw/UR3e-ROS2-resources/install/ur_msgs:/home/zpw/UR3e-ROS2-resources/install/ur_description:/home/zpw/UR3e-ROS2-resources/install/ur_dashboard_msgs:/home/zpw/UR3e-ROS2-resources/install/ur_client_library:/home/zpw/UR3e-ROS2-resources/install/ur_bringup:/opt/ros/foxy LD_LIBRARY_PATH=/home/zpw/UR3e-ROS2-resources/install/ur_controllers/lib:/home/zpw/UR3e-ROS2-resources/install/ur_msgs/lib:/home/zpw/UR3e-ROS2-resources/install/ur_dashboard_msgs/lib:/home/zpw/UR3e-ROS2-resources/install/ur_client_library/lib:${LD_LIBRARY_PATH} PKG_CONFIG_PATH=/home/zpw/UR3e-ROS2-resources/install/ur_client_library/lib/x86_64-linux-gnu/pkgconfig:/home/zpw/UR3e-ROS2-resources/install/ur_client_library/lib/pkgconfig PYTHONPATH=/home/zpw/UR3e-ROS2-resources/install/ur_msgs/lib/python3.8/site-packages:/home/zpw/UR3e-ROS2-resources/install/ur_dashboard_msgs/lib/python3.8/site-packages:${PYTHONPATH} /usr/bin/cmake /home/zpw/UR3e-ROS2-resources/src/Universal_Robots_ROS2_Driver/ur_robot_driver -DAMENT_CMAKE_SYMLINK_INSTALL=1 -DCMAKE_INSTALL_PREFIX=/home/zpw/UR3e-ROS2-resources/install/ur_robot_driver
[2.257s] Invoking command in '/home/zpw/UR3e-ROS2-resources/build/ur_robot_driver': AMENT_PREFIX_PATH=/home/zpw/UR3e-ROS2-resources/install/ur_controllers:/home/zpw/UR3e-ROS2-resources/install/ur_msgs:/home/zpw/UR3e-ROS2-resources/install/ur_description:/home/zpw/UR3e-ROS2-resources/install/ur_dashboard_msgs:/home/zpw/UR3e-ROS2-resources/install/ur_bringup:${AMENT_PREFIX_PATH} CMAKE_PREFIX_PATH=/home/zpw/UR3e-ROS2-resources/install/ur_controllers:/home/zpw/UR3e-ROS2-resources/install/ur_msgs:/home/zpw/UR3e-ROS2-resources/install/ur_description:/home/zpw/UR3e-ROS2-resources/install/ur_dashboard_msgs:/home/zpw/UR3e-ROS2-resources/install/ur_client_library:/home/zpw/UR3e-ROS2-resources/install/ur_bringup:/opt/ros/foxy LD_LIBRARY_PATH=/home/zpw/UR3e-ROS2-resources/install/ur_controllers/lib:/home/zpw/UR3e-ROS2-resources/install/ur_msgs/lib:/home/zpw/UR3e-ROS2-resources/install/ur_dashboard_msgs/lib:/home/zpw/UR3e-ROS2-resources/install/ur_client_library/lib:${LD_LIBRARY_PATH} PKG_CONFIG_PATH=/home/zpw/UR3e-ROS2-resources/install/ur_client_library/lib/x86_64-linux-gnu/pkgconfig:/home/zpw/UR3e-ROS2-resources/install/ur_client_library/lib/pkgconfig PYTHONPATH=/home/zpw/UR3e-ROS2-resources/install/ur_msgs/lib/python3.8/site-packages:/home/zpw/UR3e-ROS2-resources/install/ur_dashboard_msgs/lib/python3.8/site-packages:${PYTHONPATH} /usr/bin/cmake --build /home/zpw/UR3e-ROS2-resources/build/ur_robot_driver -- -j16 -l16
[2.293s] [35m[1mScanning dependencies of target dashboard_client[0m
[2.293s] [35m[1mScanning dependencies of target ur_robot_driver_plugin[0m
[2.339s] [ 37%] [32mBuilding CXX object CMakeFiles/dashboard_client.dir/src/urcl_log_handler.cpp.o[0m
[2.339s] [ 37%] [32mBuilding CXX object CMakeFiles/dashboard_client.dir/src/dashboard_client_node.cpp.o[0m
[2.339s] [ 37%] [32mBuilding CXX object CMakeFiles/dashboard_client.dir/src/dashboard_client_ros.cpp.o[0m
[2.349s] [ 62%] [32mBuilding CXX object CMakeFiles/ur_robot_driver_plugin.dir/src/hardware_interface.cpp.o[0m
[2.351s] [ 62%] [32mBuilding CXX object CMakeFiles/ur_robot_driver_plugin.dir/src/dashboard_client_ros.cpp.o[0m
[2.356s] [ 75%] [32mBuilding CXX object CMakeFiles/ur_robot_driver_plugin.dir/src/urcl_log_handler.cpp.o[0m
[29.827s] [ 87%] [32m[1mLinking CXX executable dashboard_client[0m
[29.954s] [100%] [32m[1mLinking CXX shared library libur_robot_driver_plugin.so[0m
[30.149s] [100%] Built target dashboard_client
[30.288s] [100%] Built target ur_robot_driver_plugin
[30.299s] Invoked command in '/home/zpw/UR3e-ROS2-resources/build/ur_robot_driver' returned '0': AMENT_PREFIX_PATH=/home/zpw/UR3e-ROS2-resources/install/ur_controllers:/home/zpw/UR3e-ROS2-resources/install/ur_msgs:/home/zpw/UR3e-ROS2-resources/install/ur_description:/home/zpw/UR3e-ROS2-resources/install/ur_dashboard_msgs:/home/zpw/UR3e-ROS2-resources/install/ur_bringup:${AMENT_PREFIX_PATH} CMAKE_PREFIX_PATH=/home/zpw/UR3e-ROS2-resources/install/ur_controllers:/home/zpw/UR3e-ROS2-resources/install/ur_msgs:/home/zpw/UR3e-ROS2-resources/install/ur_description:/home/zpw/UR3e-ROS2-resources/install/ur_dashboard_msgs:/home/zpw/UR3e-ROS2-resources/install/ur_client_library:/home/zpw/UR3e-ROS2-resources/install/ur_bringup:/opt/ros/foxy LD_LIBRARY_PATH=/home/zpw/UR3e-ROS2-resources/install/ur_controllers/lib:/home/zpw/UR3e-ROS2-resources/install/ur_msgs/lib:/home/zpw/UR3e-ROS2-resources/install/ur_dashboard_msgs/lib:/home/zpw/UR3e-ROS2-resources/install/ur_client_library/lib:${LD_LIBRARY_PATH} PKG_CONFIG_PATH=/home/zpw/UR3e-ROS2-resources/install/ur_client_library/lib/x86_64-linux-gnu/pkgconfig:/home/zpw/UR3e-ROS2-resources/install/ur_client_library/lib/pkgconfig PYTHONPATH=/home/zpw/UR3e-ROS2-resources/install/ur_msgs/lib/python3.8/site-packages:/home/zpw/UR3e-ROS2-resources/install/ur_dashboard_msgs/lib/python3.8/site-packages:${PYTHONPATH} /usr/bin/cmake --build /home/zpw/UR3e-ROS2-resources/build/ur_robot_driver -- -j16 -l16
[30.342s] Invoking command in '/home/zpw/UR3e-ROS2-resources/build/ur_robot_driver': AMENT_PREFIX_PATH=/home/zpw/UR3e-ROS2-resources/install/ur_controllers:/home/zpw/UR3e-ROS2-resources/install/ur_msgs:/home/zpw/UR3e-ROS2-resources/install/ur_description:/home/zpw/UR3e-ROS2-resources/install/ur_dashboard_msgs:/home/zpw/UR3e-ROS2-resources/install/ur_bringup:${AMENT_PREFIX_PATH} CMAKE_PREFIX_PATH=/home/zpw/UR3e-ROS2-resources/install/ur_controllers:/home/zpw/UR3e-ROS2-resources/install/ur_msgs:/home/zpw/UR3e-ROS2-resources/install/ur_description:/home/zpw/UR3e-ROS2-resources/install/ur_dashboard_msgs:/home/zpw/UR3e-ROS2-resources/install/ur_client_library:/home/zpw/UR3e-ROS2-resources/install/ur_bringup:/opt/ros/foxy LD_LIBRARY_PATH=/home/zpw/UR3e-ROS2-resources/install/ur_controllers/lib:/home/zpw/UR3e-ROS2-resources/install/ur_msgs/lib:/home/zpw/UR3e-ROS2-resources/install/ur_dashboard_msgs/lib:/home/zpw/UR3e-ROS2-resources/install/ur_client_library/lib:${LD_LIBRARY_PATH} PKG_CONFIG_PATH=/home/zpw/UR3e-ROS2-resources/install/ur_client_library/lib/x86_64-linux-gnu/pkgconfig:/home/zpw/UR3e-ROS2-resources/install/ur_client_library/lib/pkgconfig PYTHONPATH=/home/zpw/UR3e-ROS2-resources/install/ur_msgs/lib/python3.8/site-packages:/home/zpw/UR3e-ROS2-resources/install/ur_dashboard_msgs/lib/python3.8/site-packages:${PYTHONPATH} /usr/bin/cmake --install /home/zpw/UR3e-ROS2-resources/build/ur_robot_driver
[30.349s] -- Install configuration: "RelWithDebInfo"
[30.350s] -- Execute custom install script
[30.350s] -- Symlinking: /home/zpw/UR3e-ROS2-resources/install/ur_robot_driver/share/ur_robot_driver//hardware_interface_plugin.xml
[30.359s] -- Symlinking: /home/zpw/UR3e-ROS2-resources/install/ur_robot_driver/lib/ur_robot_driver/dashboard_client
[30.368s] -- Symlinking: /home/zpw/UR3e-ROS2-resources/install/ur_robot_driver/lib/libur_robot_driver_plugin.so
[30.377s] -- Symlinking: /home/zpw/UR3e-ROS2-resources/install/ur_robot_driver/include/ur_robot_driver/dashboard_client_ros.hpp
[30.386s] -- Symlinking: /home/zpw/UR3e-ROS2-resources/install/ur_robot_driver/include/ur_robot_driver/hardware_interface.hpp
[30.395s] -- Symlinking: /home/zpw/UR3e-ROS2-resources/install/ur_robot_driver/include/ur_robot_driver/urcl_log_handler.hpp
[30.403s] -- Symlinking: /home/zpw/UR3e-ROS2-resources/install/ur_robot_driver/share/ur_robot_driver/environment/library_path.sh
[30.411s] -- Symlinking: /home/zpw/UR3e-ROS2-resources/install/ur_robot_driver/share/ur_robot_driver/environment/library_path.dsv
[30.419s] -- Symlinking: /home/zpw/UR3e-ROS2-resources/install/ur_robot_driver/bin/tool_communication
[30.428s] -- Symlinking: /home/zpw/UR3e-ROS2-resources/install/ur_robot_driver/share/ur_robot_driver/resources/Dockerfile
[30.436s] -- Symlinking: /home/zpw/UR3e-ROS2-resources/install/ur_robot_driver/share/ur_robot_driver/resources/externalcontrol-1.0.5.urcap
[30.444s] -- Symlinking: /home/zpw/UR3e-ROS2-resources/install/ur_robot_driver/share/ur_robot_driver/resources/ros_control.urscript
[30.452s] -- Symlinking: /home/zpw/UR3e-ROS2-resources/install/ur_robot_driver/share/ur_robot_driver/resources/rs485-1.0.urcap
[30.460s] -- Symlinking: /home/zpw/UR3e-ROS2-resources/install/ur_robot_driver/share/ur_robot_driver/resources/rtde_input_recipe.txt
[30.468s] -- Symlinking: /home/zpw/UR3e-ROS2-resources/install/ur_robot_driver/share/ur_robot_driver/resources/rtde_output_recipe.txt
[30.476s] -- Up-to-date symlink: /home/zpw/UR3e-ROS2-resources/install/ur_robot_driver/include/ur_robot_driver/dashboard_client_ros.hpp
[30.476s] -- Up-to-date symlink: /home/zpw/UR3e-ROS2-resources/install/ur_robot_driver/include/ur_robot_driver/hardware_interface.hpp
[30.476s] -- Up-to-date symlink: /home/zpw/UR3e-ROS2-resources/install/ur_robot_driver/include/ur_robot_driver/urcl_log_handler.hpp
[30.477s] -- Symlinking: /home/zpw/UR3e-ROS2-resources/install/ur_robot_driver/share/ament_index/resource_index/package_run_dependencies/ur_robot_driver
[30.486s] -- Symlinking: /home/zpw/UR3e-ROS2-resources/install/ur_robot_driver/share/ament_index/resource_index/parent_prefix_path/ur_robot_driver
[30.494s] -- Symlinking: /home/zpw/UR3e-ROS2-resources/install/ur_robot_driver/share/ur_robot_driver/environment/ament_prefix_path.sh
[30.504s] -- Symlinking: /home/zpw/UR3e-ROS2-resources/install/ur_robot_driver/share/ur_robot_driver/environment/ament_prefix_path.dsv
[30.524s] -- Symlinking: /home/zpw/UR3e-ROS2-resources/install/ur_robot_driver/share/ur_robot_driver/environment/path.sh
[30.534s] -- Symlinking: /home/zpw/UR3e-ROS2-resources/install/ur_robot_driver/share/ur_robot_driver/environment/path.dsv
[30.542s] -- Symlinking: /home/zpw/UR3e-ROS2-resources/install/ur_robot_driver/share/ur_robot_driver/local_setup.bash
[30.550s] -- Symlinking: /home/zpw/UR3e-ROS2-resources/install/ur_robot_driver/share/ur_robot_driver/local_setup.sh
[30.558s] -- Symlinking: /home/zpw/UR3e-ROS2-resources/install/ur_robot_driver/share/ur_robot_driver/local_setup.zsh
[30.566s] -- Symlinking: /home/zpw/UR3e-ROS2-resources/install/ur_robot_driver/share/ur_robot_driver/local_setup.dsv
[30.575s] -- Symlinking: /home/zpw/UR3e-ROS2-resources/install/ur_robot_driver/share/ur_robot_driver/package.dsv
[30.584s] -- Symlinking: /home/zpw/UR3e-ROS2-resources/install/ur_robot_driver/share/ament_index/resource_index/packages/ur_robot_driver
[30.592s] -- Symlinking: /home/zpw/UR3e-ROS2-resources/install/ur_robot_driver/share/ament_index/resource_index/hardware_interface__pluginlib__plugin/ur_robot_driver
[30.600s] -- Symlinking: /home/zpw/UR3e-ROS2-resources/install/ur_robot_driver/share/ur_robot_driver/cmake/ament_cmake_export_include_directories-extras.cmake
[30.608s] -- Symlinking: /home/zpw/UR3e-ROS2-resources/install/ur_robot_driver/share/ur_robot_driver/cmake/ament_cmake_export_libraries-extras.cmake
[30.616s] -- Symlinking: /home/zpw/UR3e-ROS2-resources/install/ur_robot_driver/share/ur_robot_driver/cmake/ament_cmake_export_dependencies-extras.cmake
[30.624s] -- Symlinking: /home/zpw/UR3e-ROS2-resources/install/ur_robot_driver/share/ur_robot_driver/cmake/ur_robot_driverConfig.cmake
[30.632s] -- Symlinking: /home/zpw/UR3e-ROS2-resources/install/ur_robot_driver/share/ur_robot_driver/cmake/ur_robot_driverConfig-version.cmake
[30.640s] -- Symlinking: /home/zpw/UR3e-ROS2-resources/install/ur_robot_driver/share/ur_robot_driver/package.xml
[30.651s] Invoked command in '/home/zpw/UR3e-ROS2-resources/build/ur_robot_driver' returned '0': AMENT_PREFIX_PATH=/home/zpw/UR3e-ROS2-resources/install/ur_controllers:/home/zpw/UR3e-ROS2-resources/install/ur_msgs:/home/zpw/UR3e-ROS2-resources/install/ur_description:/home/zpw/UR3e-ROS2-resources/install/ur_dashboard_msgs:/home/zpw/UR3e-ROS2-resources/install/ur_bringup:${AMENT_PREFIX_PATH} CMAKE_PREFIX_PATH=/home/zpw/UR3e-ROS2-resources/install/ur_controllers:/home/zpw/UR3e-ROS2-resources/install/ur_msgs:/home/zpw/UR3e-ROS2-resources/install/ur_description:/home/zpw/UR3e-ROS2-resources/install/ur_dashboard_msgs:/home/zpw/UR3e-ROS2-resources/install/ur_client_library:/home/zpw/UR3e-ROS2-resources/install/ur_bringup:/opt/ros/foxy LD_LIBRARY_PATH=/home/zpw/UR3e-ROS2-resources/install/ur_controllers/lib:/home/zpw/UR3e-ROS2-resources/install/ur_msgs/lib:/home/zpw/UR3e-ROS2-resources/install/ur_dashboard_msgs/lib:/home/zpw/UR3e-ROS2-resources/install/ur_client_library/lib:${LD_LIBRARY_PATH} PKG_CONFIG_PATH=/home/zpw/UR3e-ROS2-resources/install/ur_client_library/lib/x86_64-linux-gnu/pkgconfig:/home/zpw/UR3e-ROS2-resources/install/ur_client_library/lib/pkgconfig PYTHONPATH=/home/zpw/UR3e-ROS2-resources/install/ur_msgs/lib/python3.8/site-packages:/home/zpw/UR3e-ROS2-resources/install/ur_dashboard_msgs/lib/python3.8/site-packages:${PYTHONPATH} /usr/bin/cmake --install /home/zpw/UR3e-ROS2-resources/build/ur_robot_driver
