[1.684s] Invoking command in '/home/zpw/UR3e-ROS2-resources/src/ROS-TCP-Endpoint': PYTHONPATH=/home/zpw/UR3e-ROS2-resources/install/ros_tcp_endpoint/lib/python3.8/site-packages:${PYTHONPATH} /usr/bin/python3 setup.py egg_info --egg-base ../../build/ros_tcp_endpoint build --build-base /home/zpw/UR3e-ROS2-resources/build/ros_tcp_endpoint/build install --prefix /home/zpw/UR3e-ROS2-resources/install/ros_tcp_endpoint --record /home/zpw/UR3e-ROS2-resources/build/ros_tcp_endpoint/install.log --single-version-externally-managed
[1.979s] running egg_info
[1.980s] writing ../../build/ros_tcp_endpoint/ros_tcp_endpoint.egg-info/PKG-INFO
[1.980s] writing dependency_links to ../../build/ros_tcp_endpoint/ros_tcp_endpoint.egg-info/dependency_links.txt
[1.981s] writing entry points to ../../build/ros_tcp_endpoint/ros_tcp_endpoint.egg-info/entry_points.txt
[1.981s] writing requirements to ../../build/ros_tcp_endpoint/ros_tcp_endpoint.egg-info/requires.txt
[1.981s] writing top-level names to ../../build/ros_tcp_endpoint/ros_tcp_endpoint.egg-info/top_level.txt
[2.025s] reading manifest file '../../build/ros_tcp_endpoint/ros_tcp_endpoint.egg-info/SOURCES.txt'
[2.026s] writing manifest file '../../build/ros_tcp_endpoint/ros_tcp_endpoint.egg-info/SOURCES.txt'
[2.027s] running build
[2.027s] running build_py
[2.027s] running install
[2.028s] running install_lib
[2.036s] running install_data
[2.036s] running install_egg_info
[2.036s] removing '/home/zpw/UR3e-ROS2-resources/install/ros_tcp_endpoint/lib/python3.8/site-packages/ros_tcp_endpoint-0.0.1-py3.8.egg-info' (and everything under it)
[2.037s] Copying ../../build/ros_tcp_endpoint/ros_tcp_endpoint.egg-info to /home/zpw/UR3e-ROS2-resources/install/ros_tcp_endpoint/lib/python3.8/site-packages/ros_tcp_endpoint-0.0.1-py3.8.egg-info
[2.037s] running install_scripts
[2.059s] Installing default_server_endpoint script to /home/zpw/UR3e-ROS2-resources/install/ros_tcp_endpoint/lib/ros_tcp_endpoint
[2.059s] writing list of installed files to '/home/zpw/UR3e-ROS2-resources/build/ros_tcp_endpoint/install.log'
[2.128s] Invoked command in '/home/zpw/UR3e-ROS2-resources/src/ROS-TCP-Endpoint' returned '0': PYTHONPATH=/home/zpw/UR3e-ROS2-resources/install/ros_tcp_endpoint/lib/python3.8/site-packages:${PYTHONPATH} /usr/bin/python3 setup.py egg_info --egg-base ../../build/ros_tcp_endpoint build --build-base /home/zpw/UR3e-ROS2-resources/build/ros_tcp_endpoint/build install --prefix /home/zpw/UR3e-ROS2-resources/install/ros_tcp_endpoint --record /home/zpw/UR3e-ROS2-resources/build/ros_tcp_endpoint/install.log --single-version-externally-managed
