[0.021s] Invoking command in '/home/zpw/UR3e-ROS2-resources/build/cartesian_waypoint_execution': AMENT_PREFIX_PATH=/home/zpw/UR3e-ROS2-resources/install/moveit_visual_tools:/home/zpw/UR3e-ROS2-resources/install/rviz_visual_tools:${AMENT_PREFIX_PATH} CMAKE_PREFIX_PATH=/home/zpw/UR3e-ROS2-resources/install/moveit_visual_tools:/home/zpw/UR3e-ROS2-resources/install/rviz_visual_tools:/opt/ros/foxy LD_LIBRARY_PATH=/home/zpw/UR3e-ROS2-resources/install/moveit_visual_tools/lib:/home/zpw/UR3e-ROS2-resources/install/rviz_visual_tools/lib:${LD_LIBRARY_PATH} /usr/bin/cmake /home/zpw/UR3e-ROS2-resources/src/cartesian_waypoint_execution -DAMENT_CMAKE_SYMLINK_INSTALL=1 -DCMAKE_INSTALL_PREFIX=/home/zpw/UR3e-ROS2-resources/install/cartesian_waypoint_execution
[0.098s] -- The C compiler identification is GNU 9.4.0
[0.158s] -- The CXX compiler identification is GNU 9.4.0
[0.162s] -- Check for working C compiler: /usr/bin/cc
[0.222s] -- Check for working C compiler: /usr/bin/cc -- works
[0.223s] -- Detecting C compiler ABI info
[0.294s] -- Detecting C compiler ABI info - done
[0.302s] -- Detecting C compile features
[0.302s] -- Detecting C compile features - done
[0.305s] -- Check for working CXX compiler: /usr/bin/c++
[0.389s] -- Check for working CXX compiler: /usr/bin/c++ -- works
[0.390s] -- Detecting CXX compiler ABI info
[0.461s] -- Detecting CXX compiler ABI info - done
[0.469s] -- Detecting CXX compile features
[0.469s] -- Detecting CXX compile features - done
[0.471s] -- Found moveit_common: 2.2.3 (/opt/ros/foxy/share/moveit_common/cmake)
[0.473s] -- Found ament_cmake: 0.9.9 (/opt/ros/foxy/share/ament_cmake/cmake)
[0.496s] -- Found PythonInterp: /usr/bin/python3 (found suitable version "3.8.10", minimum required is "3") 
[0.497s] -- Using PYTHON_EXECUTABLE: /usr/bin/python3
[0.714s] -- Override CMake install command with custom implementation using symlinks instead of copying resources
[0.782s] cartesian_waypoint_execution: You did not request a specific build type: Choosing 'Release' for maximum performance
[1.046s] -- Found Boost: /usr/lib/x86_64-linux-gnu/cmake/Boost-1.71.0/BoostConfig.cmake (found version "1.71.0") found components: system filesystem date_time thread 
[1.049s] -- Found control_msgs: 2.5.1 (/opt/ros/foxy/share/control_msgs/cmake)
[1.074s] -- Using all available rosidl_typesupport_c: rosidl_typesupport_fastrtps_c;rosidl_typesupport_introspection_c
[1.079s] -- Found rosidl_adapter: 1.2.1 (/opt/ros/foxy/share/rosidl_adapter/cmake)
[1.149s] -- Found OpenSSL: /usr/lib/x86_64-linux-gnu/libcrypto.so (found version "1.1.1f")  
[1.174s] -- Found FastRTPS: /opt/ros/foxy/include  
[1.237s] -- Using all available rosidl_typesupport_cpp: rosidl_typesupport_fastrtps_cpp;rosidl_typesupport_introspection_cpp
[1.773s] -- Found moveit_core: 2.2.3 (/opt/ros/foxy/share/moveit_core/cmake)
[1.798s] -- Found Boost: /usr/lib/x86_64-linux-gnu/cmake/Boost-1.71.0/BoostConfig.cmake (found version "1.71.0") found components: chrono date_time filesystem iostreams program_options regex serialization system thread 
[1.813s] -- Found Boost: /usr/lib/x86_64-linux-gnu/cmake/Boost-1.71.0/BoostConfig.cmake (found version "1.71.0") found components: filesystem 
[1.879s] -- Found rmw_implementation_cmake: 1.0.3 (/opt/ros/foxy/share/rmw_implementation_cmake/cmake)
[1.880s] -- Using RMW implementation 'rmw_fastrtps_cpp' as default
[1.881s] -- Found Threads: TRUE  
[2.065s] -- library: /usr/lib/x86_64-linux-gnu/libcurl.so
[2.261s] -- Found Eigen3: TRUE (found version "3.3.7") 
[4.382s] -- Found moveit_ros_planning: 2.2.3 (/opt/ros/foxy/share/moveit_ros_planning/cmake)
[4.387s] -- Found Boost: /usr/lib/x86_64-linux-gnu/cmake/Boost-1.71.0/BoostConfig.cmake (found version "1.71.0") found components: system filesystem date_time program_options thread chrono 
[4.709s] -- Found Boost: /usr/lib/x86_64-linux-gnu/cmake/Boost-1.71.0/BoostConfig.cmake (found version "1.71.0") found components: thread 
[5.468s] -- Found moveit_ros_planning_interface: 2.2.3 (/opt/ros/foxy/share/moveit_ros_planning_interface/cmake)
[5.471s] -- Found Boost: /usr/lib/x86_64-linux-gnu/cmake/Boost-1.71.0/BoostConfig.cmake (found version "1.71.0")  
[5.475s] -- Found Boost: /usr/lib/x86_64-linux-gnu/cmake/Boost-1.71.0/BoostConfig.cmake (found version "1.71.0") found components: date_time filesystem program_options system thread 
[5.937s] -- Found Boost: /usr/lib/x86_64-linux-gnu/cmake/Boost-1.71.0/BoostConfig.cmake (found version "1.71.0") found components: thread system filesystem regex date_time program_options 
[6.405s] -- Found Boost: /usr/lib/x86_64-linux-gnu/cmake/Boost-1.71.0/BoostConfig.cmake (found version "1.71.0") found components: system filesystem date_time program_options thread 
[7.161s] -- Found moveit_ros_perception: 2.2.3 (/opt/ros/foxy/share/moveit_ros_perception/cmake)
[7.164s] -- Found Boost: /usr/lib/x86_64-linux-gnu/cmake/Boost-1.71.0/BoostConfig.cmake (found version "1.71.0") found components: thread 
[7.867s] -- Found moveit_servo: 2.2.3 (/opt/ros/foxy/share/moveit_servo/cmake)
[8.227s] -- Found interactive_markers: 2.1.3 (/opt/ros/foxy/share/interactive_markers/cmake)
[8.256s] -- Found rviz_visual_tools: 4.0.3 (/home/zpw/UR3e-ROS2-resources/install/rviz_visual_tools/share/rviz_visual_tools/cmake)
[8.385s] -- Setting OGRE_DIR to: '/opt/ros/foxy/share/rviz_ogre_vendor/cmake/../../../opt/rviz_ogre_vendor/lib/OGRE/cmake'
[8.387s] -- Found OGRE
[8.387s] --   static     : OFF
[8.387s] --   components : HLMS;MeshLodGenerator;Overlay;Paging;Property;RTShaderSystem;Terrain;Volume
[8.388s] --   plugins    : Plugin_BSPSceneManager;Plugin_OctreeSceneManager;Plugin_PCZSceneManager;Plugin_ParticleFX;RenderSystem_GL;RenderSystem_GL3Plus;Codec_STBI
[8.388s] --   media      : /opt/ros/foxy/opt/rviz_ogre_vendor/share/OGRE/Media
[8.388s] -- OGRE_LIBRARIES: OgreHLMS;OgreMeshLodGenerator;OgreOverlay;OgrePaging;OgreProperty;OgreRTShaderSystem;OgreTerrain;OgreVolume;OgreMain
[8.388s] -- OGRE_LIBRARY_DIRS: /opt/ros/foxy/opt/rviz_ogre_vendor/lib
[8.388s] -- OGRE_PLUGINS: Plugin_BSPSceneManager;Plugin_OctreeSceneManager;Plugin_PCZSceneManager;Plugin_ParticleFX;RenderSystem_GL;RenderSystem_GL3Plus;Codec_STBI
[8.388s] -- OGRE_PLUGIN_DIR: /opt/ros/foxy/opt/rviz_ogre_vendor/lib/OGRE
[8.388s] -- rviz_ogre_vendor::OgreOverlay for IMPORTED_LOCATION_RELEASE: /opt/ros/foxy/opt/rviz_ogre_vendor/lib/libOgreOverlay.so
[8.388s] -- rviz_ogre_vendor::OgreOverlay for IMPORTED_LOCATION_DEBUG: /opt/ros/foxy/opt/rviz_ogre_vendor/lib/libOgreOverlay.so
[8.388s] -- rviz_ogre_vendor::OgreMain for IMPORTED_LOCATION_RELEASE: /opt/ros/foxy/opt/rviz_ogre_vendor/lib/libOgreMain.so
[8.388s] -- rviz_ogre_vendor::OgreMain for IMPORTED_LOCATION_DEBUG: /opt/ros/foxy/opt/rviz_ogre_vendor/lib/libOgreMain.so
[8.407s] -- Found ZLIB: /usr/lib/x86_64-linux-gnu/libz.so (found version "1.2.11") 
[8.414s] -- Found OpenGL: /usr/lib/x86_64-linux-gnu/libOpenGL.so   
[8.506s] -- Found X11: /usr/include   
[8.507s] -- Looking for XOpenDisplay in /usr/lib/x86_64-linux-gnu/libX11.so;/usr/lib/x86_64-linux-gnu/libXext.so
[8.579s] -- Looking for XOpenDisplay in /usr/lib/x86_64-linux-gnu/libX11.so;/usr/lib/x86_64-linux-gnu/libXext.so - found
[8.579s] -- Looking for gethostbyname
[8.639s] -- Looking for gethostbyname - found
[8.639s] -- Looking for connect
[8.698s] -- Looking for connect - found
[8.698s] -- Looking for remove
[8.758s] -- Looking for remove - found
[8.758s] -- Looking for shmat
[8.817s] -- Looking for shmat - found
[8.817s] -- Looking for IceConnectionNumber in ICE
[8.890s] -- Looking for IceConnectionNumber in ICE - found
[8.894s] -- rviz_ogre_vendor::RenderSystem_GL for IMPORTED_LOCATION_RELEASE: _render_system_gl_static_library_abs-NOTFOUND
[8.894s] -- rviz_ogre_vendor::RenderSystem_GL for IMPORTED_LOCATION_DEBUG: _render_system_gl_static_library_abs-NOTFOUND
[8.942s] -- Setting yaml-cpp_DIR to: '/opt/ros/foxy/share/yaml_cpp_vendor/cmake/../../../opt/yaml_cpp_vendor/lib/cmake/yaml-cpp'
[9.467s] -- Found moveit_visual_tools: 4.0.0 (/home/zpw/UR3e-ROS2-resources/install/moveit_visual_tools/share/moveit_visual_tools/cmake)
[11.446s] -- Found ament_lint_auto: 0.9.6 (/opt/ros/foxy/share/ament_lint_auto/cmake)
[11.462s] -- Added test 'copyright' to check source files copyright and LICENSE
[11.463s] -- Added test 'cppcheck' to perform static code analysis on C / C++ code
[11.464s] -- Configured cppcheck include dirs: /home/zpw/UR3e-ROS2-resources/src/cartesian_waypoint_execution/include
[11.464s] -- Configured cppcheck exclude dirs and/or files: 
[11.465s] -- Added test 'cpplint' to check C / C++ code against the Google style
[11.465s] -- Configured cpplint exclude dirs and/or files: 
[11.465s] -- Added test 'flake8' to check Python code syntax and style conventions
[11.466s] -- Added test 'lint_cmake' to check CMake code style
[11.466s] -- Added test 'pep257' to check Python code against some of the style conventions in PEP 257
[11.467s] -- Added test 'uncrustify' to check C / C++ code style
[11.467s] -- Configured uncrustify additional arguments: 
[11.467s] -- Added test 'xmllint' to check XML markup files
[11.471s] -- Configuring done
[11.577s] -- Generating done
[11.579s] -- Build files have been written to: /home/zpw/UR3e-ROS2-resources/build/cartesian_waypoint_execution
[11.596s] Invoked command in '/home/zpw/UR3e-ROS2-resources/build/cartesian_waypoint_execution' returned '0': AMENT_PREFIX_PATH=/home/zpw/UR3e-ROS2-resources/install/moveit_visual_tools:/home/zpw/UR3e-ROS2-resources/install/rviz_visual_tools:${AMENT_PREFIX_PATH} CMAKE_PREFIX_PATH=/home/zpw/UR3e-ROS2-resources/install/moveit_visual_tools:/home/zpw/UR3e-ROS2-resources/install/rviz_visual_tools:/opt/ros/foxy LD_LIBRARY_PATH=/home/zpw/UR3e-ROS2-resources/install/moveit_visual_tools/lib:/home/zpw/UR3e-ROS2-resources/install/rviz_visual_tools/lib:${LD_LIBRARY_PATH} /usr/bin/cmake /home/zpw/UR3e-ROS2-resources/src/cartesian_waypoint_execution -DAMENT_CMAKE_SYMLINK_INSTALL=1 -DCMAKE_INSTALL_PREFIX=/home/zpw/UR3e-ROS2-resources/install/cartesian_waypoint_execution
[11.599s] Invoking command in '/home/zpw/UR3e-ROS2-resources/build/cartesian_waypoint_execution': AMENT_PREFIX_PATH=/home/zpw/UR3e-ROS2-resources/install/moveit_visual_tools:/home/zpw/UR3e-ROS2-resources/install/rviz_visual_tools:${AMENT_PREFIX_PATH} CMAKE_PREFIX_PATH=/home/zpw/UR3e-ROS2-resources/install/moveit_visual_tools:/home/zpw/UR3e-ROS2-resources/install/rviz_visual_tools:/opt/ros/foxy LD_LIBRARY_PATH=/home/zpw/UR3e-ROS2-resources/install/moveit_visual_tools/lib:/home/zpw/UR3e-ROS2-resources/install/rviz_visual_tools/lib:${LD_LIBRARY_PATH} /usr/bin/cmake --build /home/zpw/UR3e-ROS2-resources/build/cartesian_waypoint_execution -- -j16 -l16
[11.639s] [35m[1mScanning dependencies of target trajectory_processing[0m
[11.690s] [ 25%] [32mBuilding CXX object CMakeFiles/trajectory_processing.dir/src/trajectory_processing.cpp.o[0m
[16.228s] [ 50%] [32m[1mLinking CXX static library libtrajectory_processing.a[0m
[16.255s] [ 50%] Built target trajectory_processing
[16.265s] [35m[1mScanning dependencies of target waypoints[0m
[16.352s] [ 75%] [32mBuilding CXX object CMakeFiles/waypoints.dir/src/waypoints.cpp.o[0m
[27.850s] [100%] [32m[1mLinking CXX executable waypoints[0m
[29.344s] [100%] Built target waypoints
[29.360s] Invoked command in '/home/zpw/UR3e-ROS2-resources/build/cartesian_waypoint_execution' returned '0': AMENT_PREFIX_PATH=/home/zpw/UR3e-ROS2-resources/install/moveit_visual_tools:/home/zpw/UR3e-ROS2-resources/install/rviz_visual_tools:${AMENT_PREFIX_PATH} CMAKE_PREFIX_PATH=/home/zpw/UR3e-ROS2-resources/install/moveit_visual_tools:/home/zpw/UR3e-ROS2-resources/install/rviz_visual_tools:/opt/ros/foxy LD_LIBRARY_PATH=/home/zpw/UR3e-ROS2-resources/install/moveit_visual_tools/lib:/home/zpw/UR3e-ROS2-resources/install/rviz_visual_tools/lib:${LD_LIBRARY_PATH} /usr/bin/cmake --build /home/zpw/UR3e-ROS2-resources/build/cartesian_waypoint_execution -- -j16 -l16
[29.398s] Invoking command in '/home/zpw/UR3e-ROS2-resources/build/cartesian_waypoint_execution': AMENT_PREFIX_PATH=/home/zpw/UR3e-ROS2-resources/install/moveit_visual_tools:/home/zpw/UR3e-ROS2-resources/install/rviz_visual_tools:${AMENT_PREFIX_PATH} CMAKE_PREFIX_PATH=/home/zpw/UR3e-ROS2-resources/install/moveit_visual_tools:/home/zpw/UR3e-ROS2-resources/install/rviz_visual_tools:/opt/ros/foxy LD_LIBRARY_PATH=/home/zpw/UR3e-ROS2-resources/install/moveit_visual_tools/lib:/home/zpw/UR3e-ROS2-resources/install/rviz_visual_tools/lib:${LD_LIBRARY_PATH} /usr/bin/cmake --install /home/zpw/UR3e-ROS2-resources/build/cartesian_waypoint_execution
[29.405s] -- Install configuration: "Release"
[29.405s] -- Execute custom install script
[29.406s] -- Symlinking: /home/zpw/UR3e-ROS2-resources/install/cartesian_waypoint_execution/share/cartesian_waypoint_execution/launch/waypoints.launch.py
[29.419s] -- Symlinking: /home/zpw/UR3e-ROS2-resources/install/cartesian_waypoint_execution/lib/cartesian_waypoint_execution/libtrajectory_processing.a
[29.426s] -- Symlinking: /home/zpw/UR3e-ROS2-resources/install/cartesian_waypoint_execution/lib/cartesian_waypoint_execution/waypoints
[29.433s] -- Symlinking: /home/zpw/UR3e-ROS2-resources/install/cartesian_waypoint_execution/share/ament_index/resource_index/package_run_dependencies/cartesian_waypoint_execution
[29.441s] -- Symlinking: /home/zpw/UR3e-ROS2-resources/install/cartesian_waypoint_execution/share/ament_index/resource_index/parent_prefix_path/cartesian_waypoint_execution
[29.449s] -- Symlinking: /home/zpw/UR3e-ROS2-resources/install/cartesian_waypoint_execution/share/cartesian_waypoint_execution/environment/ament_prefix_path.sh
[29.465s] -- Symlinking: /home/zpw/UR3e-ROS2-resources/install/cartesian_waypoint_execution/share/cartesian_waypoint_execution/environment/ament_prefix_path.dsv
[29.473s] -- Symlinking: /home/zpw/UR3e-ROS2-resources/install/cartesian_waypoint_execution/share/cartesian_waypoint_execution/environment/path.sh
[29.480s] -- Symlinking: /home/zpw/UR3e-ROS2-resources/install/cartesian_waypoint_execution/share/cartesian_waypoint_execution/environment/path.dsv
[29.495s] -- Symlinking: /home/zpw/UR3e-ROS2-resources/install/cartesian_waypoint_execution/share/cartesian_waypoint_execution/local_setup.bash
[29.502s] -- Symlinking: /home/zpw/UR3e-ROS2-resources/install/cartesian_waypoint_execution/share/cartesian_waypoint_execution/local_setup.sh
[29.513s] -- Symlinking: /home/zpw/UR3e-ROS2-resources/install/cartesian_waypoint_execution/share/cartesian_waypoint_execution/local_setup.zsh
[29.521s] -- Symlinking: /home/zpw/UR3e-ROS2-resources/install/cartesian_waypoint_execution/share/cartesian_waypoint_execution/local_setup.dsv
[29.528s] -- Symlinking: /home/zpw/UR3e-ROS2-resources/install/cartesian_waypoint_execution/share/cartesian_waypoint_execution/package.dsv
[29.535s] -- Symlinking: /home/zpw/UR3e-ROS2-resources/install/cartesian_waypoint_execution/share/ament_index/resource_index/packages/cartesian_waypoint_execution
[29.542s] -- Symlinking: /home/zpw/UR3e-ROS2-resources/install/cartesian_waypoint_execution/share/cartesian_waypoint_execution/cmake/cartesian_waypoint_executionConfig.cmake
[29.549s] -- Symlinking: /home/zpw/UR3e-ROS2-resources/install/cartesian_waypoint_execution/share/cartesian_waypoint_execution/cmake/cartesian_waypoint_executionConfig-version.cmake
[29.557s] -- Symlinking: /home/zpw/UR3e-ROS2-resources/install/cartesian_waypoint_execution/share/cartesian_waypoint_execution/package.xml
[29.576s] Invoked command in '/home/zpw/UR3e-ROS2-resources/build/cartesian_waypoint_execution' returned '0': AMENT_PREFIX_PATH=/home/zpw/UR3e-ROS2-resources/install/moveit_visual_tools:/home/zpw/UR3e-ROS2-resources/install/rviz_visual_tools:${AMENT_PREFIX_PATH} CMAKE_PREFIX_PATH=/home/zpw/UR3e-ROS2-resources/install/moveit_visual_tools:/home/zpw/UR3e-ROS2-resources/install/rviz_visual_tools:/opt/ros/foxy LD_LIBRARY_PATH=/home/zpw/UR3e-ROS2-resources/install/moveit_visual_tools/lib:/home/zpw/UR3e-ROS2-resources/install/rviz_visual_tools/lib:${LD_LIBRARY_PATH} /usr/bin/cmake --install /home/zpw/UR3e-ROS2-resources/build/cartesian_waypoint_execution
