[0.021s] Invoking command in '/home/bofengluo/ros2_ws/build/talker': /usr/bin/cmake --build /home/bofengluo/ros2_ws/build/talker -- -j16 -l16
[0.048s] -- Found ament_cmake: 0.9.9 (/home/bofengluo/ros2_foxy/ros2-linux/share/ament_cmake/cmake)
[0.072s] -- Using PYTHON_EXECUTABLE: /usr/bin/python3
[0.288s] -- Found rclcpp: 2.4.1 (/home/bofengluo/ros2_foxy/ros2-linux/share/rclcpp/cmake)
[0.312s] -- Using all available rosidl_typesupport_c: rosidl_typesupport_connext_c;rosidl_typesupport_fastrtps_c;rosidl_typesupport_introspection_c
[0.314s] -- Found rosidl_adapter: 1.2.1 (/home/bofengluo/ros2_foxy/ros2-linux/share/rosidl_adapter/cmake)
[0.335s] -- Could not find RTI Connext - skipping rosidl_typesupport_connext_c
[0.343s] -- Could not find RTI Connext - skipping rosidl_typesupport_connext_cpp
[0.480s] -- Using all available rosidl_typesupport_cpp: rosidl_typesupport_connext_cpp;rosidl_typesupport_fastrtps_cpp;rosidl_typesupport_introspection_cpp
[0.524s] -- Found rmw_implementation_cmake: 1.0.3 (/home/bofengluo/ros2_foxy/ros2-linux/share/rmw_implementation_cmake/cmake)
[0.525s] -- Using RMW implementation 'rmw_fastrtps_cpp' as default
[0.605s] -- Found std_msgs: 2.0.5 (/home/bofengluo/ros2_foxy/ros2-linux/share/std_msgs/cmake)
[0.620s] -- Found ament_lint_auto: 0.9.6 (/home/bofengluo/ros2_foxy/ros2-linux/share/ament_lint_auto/cmake)
[0.695s] -- Added test 'copyright' to check source files copyright and LICENSE
[0.695s] -- Added test 'cppcheck' to perform static code analysis on C / C++ code
[0.695s] -- Configured cppcheck include dirs: 
[0.696s] -- Configured cppcheck exclude dirs and/or files: 
[0.696s] -- Added test 'cpplint' to check C / C++ code against the Google style
[0.696s] -- Configured cpplint exclude dirs and/or files: 
[0.696s] -- Added test 'lint_cmake' to check CMake code style
[0.697s] -- Added test 'uncrustify' to check C / C++ code style
[0.697s] -- Configured uncrustify additional arguments: 
[0.698s] -- Added test 'xmllint' to check XML markup files
[0.699s] -- Configuring done
[0.706s] -- Generating done
[0.707s] -- Build files have been written to: /home/bofengluo/ros2_ws/build/talker
[0.763s] [ 50%] [32m[1mLinking CXX executable talker[0m
[0.912s] /usr/bin/ld: CMakeFiles/talker.dir/src/talker.cpp.o: in function `rclcpp::Publisher<trajectory_msgs::msg::JointTrajectory_<std::allocator<void> >, std::allocator<void> >::Publisher(rclcpp::node_interfaces::NodeBaseInterface*, std::__cxx11::basic_string<char, std::char_traits<char>, std::allocator<char> > const&, rclcpp::QoS const&, rclcpp::PublisherOptionsWithAllocator<std::allocator<void> > const&)':
[0.912s] talker.cpp:(.text._ZN6rclcpp9PublisherIN15trajectory_msgs3msg16JointTrajectory_ISaIvEEES4_EC2EPNS_15node_interfaces17NodeBaseInterfaceERKNSt7__cxx1112basic_stringIcSt11char_traitsIcESaIcEEERKNS_3QoSERKNS_29PublisherOptionsWithAllocatorIS4_EE[_ZN6rclcpp9PublisherIN15trajectory_msgs3msg16JointTrajectory_ISaIvEEES4_EC5EPNS_15node_interfaces17NodeBaseInterfaceERKNSt7__cxx1112basic_stringIcSt11char_traitsIcESaIcEEERKNS_3QoSERKNS_29PublisherOptionsWithAllocatorIS4_EE]+0x6e): undefined reference to `rosidl_message_type_support_t const* rosidl_typesupport_cpp::get_message_type_support_handle<trajectory_msgs::msg::JointTrajectory_<std::allocator<void> > >()'
[0.914s] collect2: error: ld returned 1 exit status
[0.917s] make[2]: *** [CMakeFiles/talker.dir/build.make:126: talker] Error 1
[0.918s] make[1]: *** [CMakeFiles/Makefile2:78: CMakeFiles/talker.dir/all] Error 2
[0.919s] make: *** [Makefile:141: all] Error 2
[0.922s] Invoked command in '/home/bofengluo/ros2_ws/build/talker' returned '2': /usr/bin/cmake --build /home/bofengluo/ros2_ws/build/talker -- -j16 -l16
