[0.220s] Invoking command in '/home/zpw/UR3e-ROS2-resources/build/ur3e_tutorials': AMENT_PREFIX_PATH=/home/zpw/UR3e-ROS2-resources/install/moveit_visual_tools:/home/zpw/UR3e-ROS2-resources/install/rviz_visual_tools:${AMENT_PREFIX_PATH} CMAKE_PREFIX_PATH=/home/zpw/UR3e-ROS2-resources/install/moveit_visual_tools:/home/zpw/UR3e-ROS2-resources/install/rviz_visual_tools:/opt/ros/foxy LD_LIBRARY_PATH=/home/zpw/UR3e-ROS2-resources/install/moveit_visual_tools/lib:/home/zpw/UR3e-ROS2-resources/install/rviz_visual_tools/lib:${LD_LIBRARY_PATH} /usr/bin/cmake --build /home/zpw/UR3e-ROS2-resources/build/ur3e_tutorials -- -j16 -l16
[0.842s] [100%] Built target move_group_interface_tutorial
[0.921s] Invoked command in '/home/zpw/UR3e-ROS2-resources/build/ur3e_tutorials' returned '0': AMENT_PREFIX_PATH=/home/zpw/UR3e-ROS2-resources/install/moveit_visual_tools:/home/zpw/UR3e-ROS2-resources/install/rviz_visual_tools:${AMENT_PREFIX_PATH} CMAKE_PREFIX_PATH=/home/zpw/UR3e-ROS2-resources/install/moveit_visual_tools:/home/zpw/UR3e-ROS2-resources/install/rviz_visual_tools:/opt/ros/foxy LD_LIBRARY_PATH=/home/zpw/UR3e-ROS2-resources/install/moveit_visual_tools/lib:/home/zpw/UR3e-ROS2-resources/install/rviz_visual_tools/lib:${LD_LIBRARY_PATH} /usr/bin/cmake --build /home/zpw/UR3e-ROS2-resources/build/ur3e_tutorials -- -j16 -l16
[1.287s] Invoking command in '/home/zpw/UR3e-ROS2-resources/build/ur3e_tutorials': AMENT_PREFIX_PATH=/home/zpw/UR3e-ROS2-resources/install/moveit_visual_tools:/home/zpw/UR3e-ROS2-resources/install/rviz_visual_tools:${AMENT_PREFIX_PATH} CMAKE_PREFIX_PATH=/home/zpw/UR3e-ROS2-resources/install/moveit_visual_tools:/home/zpw/UR3e-ROS2-resources/install/rviz_visual_tools:/opt/ros/foxy LD_LIBRARY_PATH=/home/zpw/UR3e-ROS2-resources/install/moveit_visual_tools/lib:/home/zpw/UR3e-ROS2-resources/install/rviz_visual_tools/lib:${LD_LIBRARY_PATH} /usr/bin/cmake --install /home/zpw/UR3e-ROS2-resources/build/ur3e_tutorials
[1.331s] -- Install configuration: "Release"
[1.336s] -- Execute custom install script
[1.349s] -- Up-to-date symlink: /home/zpw/UR3e-ROS2-resources/install/ur3e_tutorials/share/ur3e_tutorials/launch/move_group_interface_tutorial.launch.py
[1.352s] -- Up-to-date symlink: /home/zpw/UR3e-ROS2-resources/install/ur3e_tutorials/lib/ur3e_tutorials/move_group_interface_tutorial
[1.352s] -- Up-to-date symlink: /home/zpw/UR3e-ROS2-resources/install/ur3e_tutorials/share/ament_index/resource_index/package_run_dependencies/ur3e_tutorials
[1.355s] -- Up-to-date symlink: /home/zpw/UR3e-ROS2-resources/install/ur3e_tutorials/share/ament_index/resource_index/parent_prefix_path/ur3e_tutorials
[1.368s] -- Up-to-date symlink: /home/zpw/UR3e-ROS2-resources/install/ur3e_tutorials/share/ur3e_tutorials/environment/ament_prefix_path.sh
[1.368s] -- Up-to-date symlink: /home/zpw/UR3e-ROS2-resources/install/ur3e_tutorials/share/ur3e_tutorials/environment/ament_prefix_path.dsv
[1.368s] -- Up-to-date symlink: /home/zpw/UR3e-ROS2-resources/install/ur3e_tutorials/share/ur3e_tutorials/environment/path.sh
[1.368s] -- Up-to-date symlink: /home/zpw/UR3e-ROS2-resources/install/ur3e_tutorials/share/ur3e_tutorials/environment/path.dsv
[1.369s] -- Up-to-date symlink: /home/zpw/UR3e-ROS2-resources/install/ur3e_tutorials/share/ur3e_tutorials/local_setup.bash
[1.376s] -- Up-to-date symlink: /home/zpw/UR3e-ROS2-resources/install/ur3e_tutorials/share/ur3e_tutorials/local_setup.sh
[1.383s] -- Up-to-date symlink: /home/zpw/UR3e-ROS2-resources/install/ur3e_tutorials/share/ur3e_tutorials/local_setup.zsh
[1.383s] -- Up-to-date symlink: /home/zpw/UR3e-ROS2-resources/install/ur3e_tutorials/share/ur3e_tutorials/local_setup.dsv
[1.384s] -- Symlinking: /home/zpw/UR3e-ROS2-resources/install/ur3e_tutorials/share/ur3e_tutorials/package.dsv
[1.454s] -- Up-to-date symlink: /home/zpw/UR3e-ROS2-resources/install/ur3e_tutorials/share/ament_index/resource_index/packages/ur3e_tutorials
[1.459s] -- Up-to-date symlink: /home/zpw/UR3e-ROS2-resources/install/ur3e_tutorials/share/ur3e_tutorials/cmake/ur3e_tutorialsConfig.cmake
[1.470s] -- Up-to-date symlink: /home/zpw/UR3e-ROS2-resources/install/ur3e_tutorials/share/ur3e_tutorials/cmake/ur3e_tutorialsConfig-version.cmake
[1.490s] -- Up-to-date symlink: /home/zpw/UR3e-ROS2-resources/install/ur3e_tutorials/share/ur3e_tutorials/package.xml
[1.558s] Invoked command in '/home/zpw/UR3e-ROS2-resources/build/ur3e_tutorials' returned '0': AMENT_PREFIX_PATH=/home/zpw/UR3e-ROS2-resources/install/moveit_visual_tools:/home/zpw/UR3e-ROS2-resources/install/rviz_visual_tools:${AMENT_PREFIX_PATH} CMAKE_PREFIX_PATH=/home/zpw/UR3e-ROS2-resources/install/moveit_visual_tools:/home/zpw/UR3e-ROS2-resources/install/rviz_visual_tools:/opt/ros/foxy LD_LIBRARY_PATH=/home/zpw/UR3e-ROS2-resources/install/moveit_visual_tools/lib:/home/zpw/UR3e-ROS2-resources/install/rviz_visual_tools/lib:${LD_LIBRARY_PATH} /usr/bin/cmake --install /home/zpw/UR3e-ROS2-resources/build/ur3e_tutorials
