[0.480s] Invoking command in '/home/zpw/UR3e-ROS2-resources/build/teleop': CMAKE_PREFIX_PATH=/opt/ros/foxy /usr/bin/cmake --build /home/zpw/UR3e-ROS2-resources/build/teleop -- -j16 -l16
[0.852s] [100%] Built target joystick_input
[0.857s] Invoked command in '/home/zpw/UR3e-ROS2-resources/build/teleop' returned '0': CMAKE_PREFIX_PATH=/opt/ros/foxy /usr/bin/cmake --build /home/zpw/UR3e-ROS2-resources/build/teleop -- -j16 -l16
[0.903s] Invoking command in '/home/zpw/UR3e-ROS2-resources/build/teleop': CMAKE_PREFIX_PATH=/opt/ros/foxy /usr/bin/cmake --install /home/zpw/UR3e-ROS2-resources/build/teleop
[0.967s] -- Install configuration: ""
[0.967s] -- Execute custom install script
[0.967s] -- Up-to-date symlink: /home/zpw/UR3e-ROS2-resources/install/teleop/share/teleop/config/ur3e_servo_config.yaml
[0.967s] -- Up-to-date symlink: /home/zpw/UR3e-ROS2-resources/install/teleop/share/teleop/config/ur3e_teleop.rviz
[0.967s] -- Up-to-date symlink: /home/zpw/UR3e-ROS2-resources/install/teleop/share/teleop/launch/servo_teleop.launch.py
[0.967s] -- Up-to-date symlink: /home/zpw/UR3e-ROS2-resources/install/teleop/lib/libjoystick_input.so
[0.967s] -- Up-to-date symlink: /home/zpw/UR3e-ROS2-resources/install/teleop/share/ament_index/resource_index/package_run_dependencies/teleop
[0.968s] -- Up-to-date symlink: /home/zpw/UR3e-ROS2-resources/install/teleop/share/ament_index/resource_index/parent_prefix_path/teleop
[0.970s] -- Up-to-date symlink: /home/zpw/UR3e-ROS2-resources/install/teleop/share/teleop/environment/ament_prefix_path.sh
[0.970s] -- Up-to-date symlink: /home/zpw/UR3e-ROS2-resources/install/teleop/share/teleop/environment/ament_prefix_path.dsv
[0.971s] -- Up-to-date symlink: /home/zpw/UR3e-ROS2-resources/install/teleop/share/teleop/environment/path.sh
[0.971s] -- Up-to-date symlink: /home/zpw/UR3e-ROS2-resources/install/teleop/share/teleop/environment/path.dsv
[0.971s] -- Up-to-date symlink: /home/zpw/UR3e-ROS2-resources/install/teleop/share/teleop/local_setup.bash
[0.979s] -- Up-to-date symlink: /home/zpw/UR3e-ROS2-resources/install/teleop/share/teleop/local_setup.sh
[0.994s] -- Up-to-date symlink: /home/zpw/UR3e-ROS2-resources/install/teleop/share/teleop/local_setup.zsh
[1.005s] -- Up-to-date symlink: /home/zpw/UR3e-ROS2-resources/install/teleop/share/teleop/local_setup.dsv
[1.012s] -- Symlinking: /home/zpw/UR3e-ROS2-resources/install/teleop/share/teleop/package.dsv
[1.040s] -- Up-to-date symlink: /home/zpw/UR3e-ROS2-resources/install/teleop/share/ament_index/resource_index/packages/teleop
[1.040s] -- Up-to-date symlink: /home/zpw/UR3e-ROS2-resources/install/teleop/share/ament_index/resource_index/rclcpp_components/teleop
[1.045s] -- Up-to-date symlink: /home/zpw/UR3e-ROS2-resources/install/teleop/share/teleop/cmake/teleopConfig.cmake
[1.047s] -- Up-to-date symlink: /home/zpw/UR3e-ROS2-resources/install/teleop/share/teleop/cmake/teleopConfig-version.cmake
[1.047s] -- Up-to-date symlink: /home/zpw/UR3e-ROS2-resources/install/teleop/share/teleop/package.xml
[1.086s] Invoked command in '/home/zpw/UR3e-ROS2-resources/build/teleop' returned '0': CMAKE_PREFIX_PATH=/opt/ros/foxy /usr/bin/cmake --install /home/zpw/UR3e-ROS2-resources/build/teleop
