[0.094s] Invoking command in '/home/zpw/UR3e-ROS2-resources/build/ur_msgs': CMAKE_PREFIX_PATH=/opt/ros/foxy /usr/bin/cmake --build /home/zpw/UR3e-ROS2-resources/build/ur_msgs -- -j16 -l16
[1.118s] [  0%] Built target ur_msgs__cpp
[1.119s] [ 12%] Built target ur_msgs__rosidl_generator_c
[1.120s] [ 24%] Built target ur_msgs__rosidl_typesupport_cpp
[1.120s] [ 35%] Built target ur_msgs__rosidl_typesupport_c
[1.122s] [ 47%] Built target ur_msgs__rosidl_typesupport_introspection_cpp
[1.123s] [ 59%] Built target ur_msgs__rosidl_typesupport_introspection_c
[1.123s] [ 70%] Built target ur_msgs__rosidl_typesupport_fastrtps_cpp
[1.123s] [ 82%] Built target ur_msgs__rosidl_typesupport_fastrtps_c
[1.123s] [ 82%] Built target ur_msgs
[1.123s] [ 83%] Built target ur_msgs__py
[1.125s] [ 94%] Built target ur_msgs__python
[1.128s] [ 98%] Built target ur_msgs__rosidl_typesupport_c__pyext
[1.129s] [ 98%] Built target ur_msgs__rosidl_typesupport_introspection_c__pyext
[1.129s] [100%] Built target ur_msgs__rosidl_typesupport_fastrtps_c__pyext
[1.146s] Invoked command in '/home/zpw/UR3e-ROS2-resources/build/ur_msgs' returned '0': CMAKE_PREFIX_PATH=/opt/ros/foxy /usr/bin/cmake --build /home/zpw/UR3e-ROS2-resources/build/ur_msgs -- -j16 -l16
[1.417s] Invoking command in '/home/zpw/UR3e-ROS2-resources/build/ur_msgs': CMAKE_PREFIX_PATH=/opt/ros/foxy /usr/bin/cmake --install /home/zpw/UR3e-ROS2-resources/build/ur_msgs
[1.517s] -- Install configuration: ""
[1.517s] -- Execute custom install script
[1.518s] -- Up-to-date symlink: /home/zpw/UR3e-ROS2-resources/install/ur_msgs/share/ament_index/resource_index/rosidl_interfaces/ur_msgs
[1.518s] -- Up-to-date symlink: /home/zpw/UR3e-ROS2-resources/install/ur_msgs/include/ur_msgs/msg/analog.h
[1.519s] -- Up-to-date symlink: /home/zpw/UR3e-ROS2-resources/install/ur_msgs/include/ur_msgs/msg/detail/analog__functions.h
[1.520s] -- Up-to-date symlink: /home/zpw/UR3e-ROS2-resources/install/ur_msgs/include/ur_msgs/msg/detail/analog__struct.h
[1.520s] -- Up-to-date symlink: /home/zpw/UR3e-ROS2-resources/install/ur_msgs/include/ur_msgs/msg/detail/analog__type_support.h
[1.520s] -- Up-to-date symlink: /home/zpw/UR3e-ROS2-resources/install/ur_msgs/include/ur_msgs/msg/detail/digital__functions.h
[1.520s] -- Up-to-date symlink: /home/zpw/UR3e-ROS2-resources/install/ur_msgs/include/ur_msgs/msg/detail/digital__struct.h
[1.521s] -- Up-to-date symlink: /home/zpw/UR3e-ROS2-resources/install/ur_msgs/include/ur_msgs/msg/detail/digital__type_support.h
[1.521s] -- Up-to-date symlink: /home/zpw/UR3e-ROS2-resources/install/ur_msgs/include/ur_msgs/msg/detail/io_states__functions.h
[1.521s] -- Up-to-date symlink: /home/zpw/UR3e-ROS2-resources/install/ur_msgs/include/ur_msgs/msg/detail/io_states__struct.h
[1.521s] -- Up-to-date symlink: /home/zpw/UR3e-ROS2-resources/install/ur_msgs/include/ur_msgs/msg/detail/io_states__type_support.h
[1.521s] -- Up-to-date symlink: /home/zpw/UR3e-ROS2-resources/install/ur_msgs/include/ur_msgs/msg/detail/masterboard_data_msg__functions.h
[1.522s] -- Up-to-date symlink: /home/zpw/UR3e-ROS2-resources/install/ur_msgs/include/ur_msgs/msg/detail/masterboard_data_msg__struct.h
[1.522s] -- Up-to-date symlink: /home/zpw/UR3e-ROS2-resources/install/ur_msgs/include/ur_msgs/msg/detail/masterboard_data_msg__type_support.h
[1.522s] -- Up-to-date symlink: /home/zpw/UR3e-ROS2-resources/install/ur_msgs/include/ur_msgs/msg/detail/robot_mode_data_msg__functions.h
[1.522s] -- Up-to-date symlink: /home/zpw/UR3e-ROS2-resources/install/ur_msgs/include/ur_msgs/msg/detail/robot_mode_data_msg__struct.h
[1.522s] -- Up-to-date symlink: /home/zpw/UR3e-ROS2-resources/install/ur_msgs/include/ur_msgs/msg/detail/robot_mode_data_msg__type_support.h
[1.522s] -- Up-to-date symlink: /home/zpw/UR3e-ROS2-resources/install/ur_msgs/include/ur_msgs/msg/detail/robot_state_rt_msg__functions.h
[1.523s] -- Up-to-date symlink: /home/zpw/UR3e-ROS2-resources/install/ur_msgs/include/ur_msgs/msg/detail/robot_state_rt_msg__struct.h
[1.523s] -- Up-to-date symlink: /home/zpw/UR3e-ROS2-resources/install/ur_msgs/include/ur_msgs/msg/detail/robot_state_rt_msg__type_support.h
[1.524s] -- Up-to-date symlink: /home/zpw/UR3e-ROS2-resources/install/ur_msgs/include/ur_msgs/msg/detail/tool_data_msg__functions.h
[1.524s] -- Up-to-date symlink: /home/zpw/UR3e-ROS2-resources/install/ur_msgs/include/ur_msgs/msg/detail/tool_data_msg__struct.h
[1.524s] -- Up-to-date symlink: /home/zpw/UR3e-ROS2-resources/install/ur_msgs/include/ur_msgs/msg/detail/tool_data_msg__type_support.h
[1.524s] -- Up-to-date symlink: /home/zpw/UR3e-ROS2-resources/install/ur_msgs/include/ur_msgs/msg/digital.h
[1.524s] -- Up-to-date symlink: /home/zpw/UR3e-ROS2-resources/install/ur_msgs/include/ur_msgs/msg/io_states.h
[1.525s] -- Up-to-date symlink: /home/zpw/UR3e-ROS2-resources/install/ur_msgs/include/ur_msgs/msg/masterboard_data_msg.h
[1.526s] -- Up-to-date symlink: /home/zpw/UR3e-ROS2-resources/install/ur_msgs/include/ur_msgs/msg/robot_mode_data_msg.h
[1.526s] -- Up-to-date symlink: /home/zpw/UR3e-ROS2-resources/install/ur_msgs/include/ur_msgs/msg/robot_state_rt_msg.h
[1.527s] -- Up-to-date symlink: /home/zpw/UR3e-ROS2-resources/install/ur_msgs/include/ur_msgs/msg/rosidl_generator_c__visibility_control.h
[1.527s] -- Up-to-date symlink: /home/zpw/UR3e-ROS2-resources/install/ur_msgs/include/ur_msgs/msg/tool_data_msg.h
[1.530s] -- Up-to-date symlink: /home/zpw/UR3e-ROS2-resources/install/ur_msgs/include/ur_msgs/srv/detail/set_io__functions.h
[1.530s] -- Up-to-date symlink: /home/zpw/UR3e-ROS2-resources/install/ur_msgs/include/ur_msgs/srv/detail/set_io__struct.h
[1.530s] -- Up-to-date symlink: /home/zpw/UR3e-ROS2-resources/install/ur_msgs/include/ur_msgs/srv/detail/set_io__type_support.h
[1.530s] -- Up-to-date symlink: /home/zpw/UR3e-ROS2-resources/install/ur_msgs/include/ur_msgs/srv/detail/set_payload__functions.h
[1.530s] -- Up-to-date symlink: /home/zpw/UR3e-ROS2-resources/install/ur_msgs/include/ur_msgs/srv/detail/set_payload__struct.h
[1.530s] -- Up-to-date symlink: /home/zpw/UR3e-ROS2-resources/install/ur_msgs/include/ur_msgs/srv/detail/set_payload__type_support.h
[1.530s] -- Up-to-date symlink: /home/zpw/UR3e-ROS2-resources/install/ur_msgs/include/ur_msgs/srv/detail/set_speed_slider_fraction__functions.h
[1.530s] -- Up-to-date symlink: /home/zpw/UR3e-ROS2-resources/install/ur_msgs/include/ur_msgs/srv/detail/set_speed_slider_fraction__struct.h
[1.530s] -- Up-to-date symlink: /home/zpw/UR3e-ROS2-resources/install/ur_msgs/include/ur_msgs/srv/detail/set_speed_slider_fraction__type_support.h
[1.531s] -- Up-to-date symlink: /home/zpw/UR3e-ROS2-resources/install/ur_msgs/include/ur_msgs/srv/set_io.h
[1.531s] -- Up-to-date symlink: /home/zpw/UR3e-ROS2-resources/install/ur_msgs/include/ur_msgs/srv/set_payload.h
[1.532s] -- Up-to-date symlink: /home/zpw/UR3e-ROS2-resources/install/ur_msgs/include/ur_msgs/srv/set_speed_slider_fraction.h
[1.533s] -- Up-to-date symlink: /home/zpw/UR3e-ROS2-resources/install/ur_msgs/share/ur_msgs/environment/library_path.sh
[1.533s] -- Up-to-date symlink: /home/zpw/UR3e-ROS2-resources/install/ur_msgs/share/ur_msgs/environment/library_path.dsv
[1.533s] -- Up-to-date symlink: /home/zpw/UR3e-ROS2-resources/install/ur_msgs/include/ur_msgs/msg/detail/analog__rosidl_typesupport_fastrtps_c.h
[1.533s] -- Up-to-date symlink: /home/zpw/UR3e-ROS2-resources/install/ur_msgs/include/ur_msgs/msg/detail/digital__rosidl_typesupport_fastrtps_c.h
[1.533s] -- Up-to-date symlink: /home/zpw/UR3e-ROS2-resources/install/ur_msgs/include/ur_msgs/msg/detail/io_states__rosidl_typesupport_fastrtps_c.h
[1.534s] -- Up-to-date symlink: /home/zpw/UR3e-ROS2-resources/install/ur_msgs/include/ur_msgs/msg/detail/masterboard_data_msg__rosidl_typesupport_fastrtps_c.h
[1.536s] -- Up-to-date symlink: /home/zpw/UR3e-ROS2-resources/install/ur_msgs/include/ur_msgs/msg/detail/robot_mode_data_msg__rosidl_typesupport_fastrtps_c.h
[1.537s] -- Up-to-date symlink: /home/zpw/UR3e-ROS2-resources/install/ur_msgs/include/ur_msgs/msg/detail/robot_state_rt_msg__rosidl_typesupport_fastrtps_c.h
[1.537s] -- Up-to-date symlink: /home/zpw/UR3e-ROS2-resources/install/ur_msgs/include/ur_msgs/msg/detail/tool_data_msg__rosidl_typesupport_fastrtps_c.h
[1.537s] -- Up-to-date symlink: /home/zpw/UR3e-ROS2-resources/install/ur_msgs/include/ur_msgs/msg/rosidl_typesupport_fastrtps_c__visibility_control.h
[1.537s] -- Up-to-date symlink: /home/zpw/UR3e-ROS2-resources/install/ur_msgs/include/ur_msgs/srv/detail/set_io__rosidl_typesupport_fastrtps_c.h
[1.537s] -- Up-to-date symlink: /home/zpw/UR3e-ROS2-resources/install/ur_msgs/include/ur_msgs/srv/detail/set_payload__rosidl_typesupport_fastrtps_c.h
[1.541s] -- Up-to-date symlink: /home/zpw/UR3e-ROS2-resources/install/ur_msgs/include/ur_msgs/srv/detail/set_speed_slider_fraction__rosidl_typesupport_fastrtps_c.h
[1.541s] -- Up-to-date symlink: /home/zpw/UR3e-ROS2-resources/install/ur_msgs/lib/libur_msgs__rosidl_typesupport_fastrtps_c.so
[1.541s] -- Up-to-date symlink: /home/zpw/UR3e-ROS2-resources/install/ur_msgs/include/ur_msgs/msg/detail/analog__rosidl_typesupport_fastrtps_cpp.hpp
[1.541s] -- Up-to-date symlink: /home/zpw/UR3e-ROS2-resources/install/ur_msgs/include/ur_msgs/msg/detail/digital__rosidl_typesupport_fastrtps_cpp.hpp
[1.542s] -- Up-to-date symlink: /home/zpw/UR3e-ROS2-resources/install/ur_msgs/include/ur_msgs/msg/detail/io_states__rosidl_typesupport_fastrtps_cpp.hpp
[1.542s] -- Up-to-date symlink: /home/zpw/UR3e-ROS2-resources/install/ur_msgs/include/ur_msgs/msg/detail/masterboard_data_msg__rosidl_typesupport_fastrtps_cpp.hpp
[1.542s] -- Up-to-date symlink: /home/zpw/UR3e-ROS2-resources/install/ur_msgs/include/ur_msgs/msg/detail/robot_mode_data_msg__rosidl_typesupport_fastrtps_cpp.hpp
[1.542s] -- Up-to-date symlink: /home/zpw/UR3e-ROS2-resources/install/ur_msgs/include/ur_msgs/msg/detail/robot_state_rt_msg__rosidl_typesupport_fastrtps_cpp.hpp
[1.542s] -- Up-to-date symlink: /home/zpw/UR3e-ROS2-resources/install/ur_msgs/include/ur_msgs/msg/detail/tool_data_msg__rosidl_typesupport_fastrtps_cpp.hpp
[1.542s] -- Up-to-date symlink: /home/zpw/UR3e-ROS2-resources/install/ur_msgs/include/ur_msgs/msg/rosidl_typesupport_fastrtps_cpp__visibility_control.h
[1.542s] -- Up-to-date symlink: /home/zpw/UR3e-ROS2-resources/install/ur_msgs/include/ur_msgs/srv/detail/set_io__rosidl_typesupport_fastrtps_cpp.hpp
[1.543s] -- Up-to-date symlink: /home/zpw/UR3e-ROS2-resources/install/ur_msgs/include/ur_msgs/srv/detail/set_payload__rosidl_typesupport_fastrtps_cpp.hpp
[1.543s] -- Up-to-date symlink: /home/zpw/UR3e-ROS2-resources/install/ur_msgs/include/ur_msgs/srv/detail/set_speed_slider_fraction__rosidl_typesupport_fastrtps_cpp.hpp
[1.545s] -- Up-to-date symlink: /home/zpw/UR3e-ROS2-resources/install/ur_msgs/lib/libur_msgs__rosidl_typesupport_fastrtps_cpp.so
[1.545s] -- Up-to-date symlink: /home/zpw/UR3e-ROS2-resources/install/ur_msgs/include/ur_msgs/msg/detail/analog__rosidl_typesupport_introspection_c.h
[1.546s] -- Up-to-date symlink: /home/zpw/UR3e-ROS2-resources/install/ur_msgs/include/ur_msgs/msg/detail/digital__rosidl_typesupport_introspection_c.h
[1.546s] -- Up-to-date symlink: /home/zpw/UR3e-ROS2-resources/install/ur_msgs/include/ur_msgs/msg/detail/io_states__rosidl_typesupport_introspection_c.h
[1.547s] -- Up-to-date symlink: /home/zpw/UR3e-ROS2-resources/install/ur_msgs/include/ur_msgs/msg/detail/masterboard_data_msg__rosidl_typesupport_introspection_c.h
[1.547s] -- Up-to-date symlink: /home/zpw/UR3e-ROS2-resources/install/ur_msgs/include/ur_msgs/msg/detail/robot_mode_data_msg__rosidl_typesupport_introspection_c.h
[1.550s] -- Up-to-date symlink: /home/zpw/UR3e-ROS2-resources/install/ur_msgs/include/ur_msgs/msg/detail/robot_state_rt_msg__rosidl_typesupport_introspection_c.h
[1.550s] -- Up-to-date symlink: /home/zpw/UR3e-ROS2-resources/install/ur_msgs/include/ur_msgs/msg/detail/tool_data_msg__rosidl_typesupport_introspection_c.h
[1.550s] -- Up-to-date symlink: /home/zpw/UR3e-ROS2-resources/install/ur_msgs/include/ur_msgs/msg/rosidl_typesupport_introspection_c__visibility_control.h
[1.550s] -- Up-to-date symlink: /home/zpw/UR3e-ROS2-resources/install/ur_msgs/include/ur_msgs/srv/detail/set_io__rosidl_typesupport_introspection_c.h
[1.552s] -- Up-to-date symlink: /home/zpw/UR3e-ROS2-resources/install/ur_msgs/include/ur_msgs/srv/detail/set_payload__rosidl_typesupport_introspection_c.h
[1.552s] -- Up-to-date symlink: /home/zpw/UR3e-ROS2-resources/install/ur_msgs/include/ur_msgs/srv/detail/set_speed_slider_fraction__rosidl_typesupport_introspection_c.h
[1.554s] -- Up-to-date symlink: /home/zpw/UR3e-ROS2-resources/install/ur_msgs/include/ur_msgs/msg/analog.hpp
[1.558s] -- Up-to-date symlink: /home/zpw/UR3e-ROS2-resources/install/ur_msgs/include/ur_msgs/msg/detail/analog__builder.hpp
[1.558s] -- Up-to-date symlink: /home/zpw/UR3e-ROS2-resources/install/ur_msgs/include/ur_msgs/msg/detail/analog__struct.hpp
[1.558s] -- Up-to-date symlink: /home/zpw/UR3e-ROS2-resources/install/ur_msgs/include/ur_msgs/msg/detail/analog__traits.hpp
[1.558s] -- Up-to-date symlink: /home/zpw/UR3e-ROS2-resources/install/ur_msgs/include/ur_msgs/msg/detail/digital__builder.hpp
[1.559s] -- Up-to-date symlink: /home/zpw/UR3e-ROS2-resources/install/ur_msgs/include/ur_msgs/msg/detail/digital__struct.hpp
[1.559s] -- Up-to-date symlink: /home/zpw/UR3e-ROS2-resources/install/ur_msgs/include/ur_msgs/msg/detail/digital__traits.hpp
[1.559s] -- Up-to-date symlink: /home/zpw/UR3e-ROS2-resources/install/ur_msgs/include/ur_msgs/msg/detail/io_states__builder.hpp
[1.559s] -- Up-to-date symlink: /home/zpw/UR3e-ROS2-resources/install/ur_msgs/include/ur_msgs/msg/detail/io_states__struct.hpp
[1.559s] -- Up-to-date symlink: /home/zpw/UR3e-ROS2-resources/install/ur_msgs/include/ur_msgs/msg/detail/io_states__traits.hpp
[1.559s] -- Up-to-date symlink: /home/zpw/UR3e-ROS2-resources/install/ur_msgs/include/ur_msgs/msg/detail/masterboard_data_msg__builder.hpp
[1.560s] -- Up-to-date symlink: /home/zpw/UR3e-ROS2-resources/install/ur_msgs/include/ur_msgs/msg/detail/masterboard_data_msg__struct.hpp
[1.561s] -- Up-to-date symlink: /home/zpw/UR3e-ROS2-resources/install/ur_msgs/include/ur_msgs/msg/detail/masterboard_data_msg__traits.hpp
[1.561s] -- Up-to-date symlink: /home/zpw/UR3e-ROS2-resources/install/ur_msgs/include/ur_msgs/msg/detail/robot_mode_data_msg__builder.hpp
[1.562s] -- Up-to-date symlink: /home/zpw/UR3e-ROS2-resources/install/ur_msgs/include/ur_msgs/msg/detail/robot_mode_data_msg__struct.hpp
[1.562s] -- Up-to-date symlink: /home/zpw/UR3e-ROS2-resources/install/ur_msgs/include/ur_msgs/msg/detail/robot_mode_data_msg__traits.hpp
[1.562s] -- Up-to-date symlink: /home/zpw/UR3e-ROS2-resources/install/ur_msgs/include/ur_msgs/msg/detail/robot_state_rt_msg__builder.hpp
[1.565s] -- Up-to-date symlink: /home/zpw/UR3e-ROS2-resources/install/ur_msgs/include/ur_msgs/msg/detail/robot_state_rt_msg__struct.hpp
[1.565s] -- Up-to-date symlink: /home/zpw/UR3e-ROS2-resources/install/ur_msgs/include/ur_msgs/msg/detail/robot_state_rt_msg__traits.hpp
[1.565s] -- Up-to-date symlink: /home/zpw/UR3e-ROS2-resources/install/ur_msgs/include/ur_msgs/msg/detail/tool_data_msg__builder.hpp
[1.567s] -- Up-to-date symlink: /home/zpw/UR3e-ROS2-resources/install/ur_msgs/include/ur_msgs/msg/detail/tool_data_msg__struct.hpp
[1.568s] -- Up-to-date symlink: /home/zpw/UR3e-ROS2-resources/install/ur_msgs/include/ur_msgs/msg/detail/tool_data_msg__traits.hpp
[1.568s] -- Up-to-date symlink: /home/zpw/UR3e-ROS2-resources/install/ur_msgs/include/ur_msgs/msg/digital.hpp
[1.568s] -- Up-to-date symlink: /home/zpw/UR3e-ROS2-resources/install/ur_msgs/include/ur_msgs/msg/io_states.hpp
[1.568s] -- Up-to-date symlink: /home/zpw/UR3e-ROS2-resources/install/ur_msgs/include/ur_msgs/msg/masterboard_data_msg.hpp
[1.569s] -- Up-to-date symlink: /home/zpw/UR3e-ROS2-resources/install/ur_msgs/include/ur_msgs/msg/robot_mode_data_msg.hpp
[1.569s] -- Up-to-date symlink: /home/zpw/UR3e-ROS2-resources/install/ur_msgs/include/ur_msgs/msg/robot_state_rt_msg.hpp
[1.570s] -- Up-to-date symlink: /home/zpw/UR3e-ROS2-resources/install/ur_msgs/include/ur_msgs/msg/tool_data_msg.hpp
[1.570s] -- Up-to-date symlink: /home/zpw/UR3e-ROS2-resources/install/ur_msgs/include/ur_msgs/srv/detail/set_io__builder.hpp
[1.570s] -- Up-to-date symlink: /home/zpw/UR3e-ROS2-resources/install/ur_msgs/include/ur_msgs/srv/detail/set_io__struct.hpp
[1.572s] -- Up-to-date symlink: /home/zpw/UR3e-ROS2-resources/install/ur_msgs/include/ur_msgs/srv/detail/set_io__traits.hpp
[1.573s] -- Up-to-date symlink: /home/zpw/UR3e-ROS2-resources/install/ur_msgs/include/ur_msgs/srv/detail/set_payload__builder.hpp
[1.574s] -- Up-to-date symlink: /home/zpw/UR3e-ROS2-resources/install/ur_msgs/include/ur_msgs/srv/detail/set_payload__struct.hpp
[1.574s] -- Up-to-date symlink: /home/zpw/UR3e-ROS2-resources/install/ur_msgs/include/ur_msgs/srv/detail/set_payload__traits.hpp
[1.575s] -- Up-to-date symlink: /home/zpw/UR3e-ROS2-resources/install/ur_msgs/include/ur_msgs/srv/detail/set_speed_slider_fraction__builder.hpp
[1.575s] -- Up-to-date symlink: /home/zpw/UR3e-ROS2-resources/install/ur_msgs/include/ur_msgs/srv/detail/set_speed_slider_fraction__struct.hpp
[1.575s] -- Up-to-date symlink: /home/zpw/UR3e-ROS2-resources/install/ur_msgs/include/ur_msgs/srv/detail/set_speed_slider_fraction__traits.hpp
[1.576s] -- Up-to-date symlink: /home/zpw/UR3e-ROS2-resources/install/ur_msgs/include/ur_msgs/srv/set_io.hpp
[1.576s] -- Up-to-date symlink: /home/zpw/UR3e-ROS2-resources/install/ur_msgs/include/ur_msgs/srv/set_payload.hpp
[1.577s] -- Up-to-date symlink: /home/zpw/UR3e-ROS2-resources/install/ur_msgs/include/ur_msgs/srv/set_speed_slider_fraction.hpp
[1.579s] -- Up-to-date symlink: /home/zpw/UR3e-ROS2-resources/install/ur_msgs/include/ur_msgs/msg/detail/analog__rosidl_typesupport_introspection_cpp.hpp
[1.580s] -- Up-to-date symlink: /home/zpw/UR3e-ROS2-resources/install/ur_msgs/include/ur_msgs/msg/detail/digital__rosidl_typesupport_introspection_cpp.hpp
[1.580s] -- Up-to-date symlink: /home/zpw/UR3e-ROS2-resources/install/ur_msgs/include/ur_msgs/msg/detail/io_states__rosidl_typesupport_introspection_cpp.hpp
[1.581s] -- Up-to-date symlink: /home/zpw/UR3e-ROS2-resources/install/ur_msgs/include/ur_msgs/msg/detail/masterboard_data_msg__rosidl_typesupport_introspection_cpp.hpp
[1.581s] -- Up-to-date symlink: /home/zpw/UR3e-ROS2-resources/install/ur_msgs/include/ur_msgs/msg/detail/robot_mode_data_msg__rosidl_typesupport_introspection_cpp.hpp
[1.582s] -- Up-to-date symlink: /home/zpw/UR3e-ROS2-resources/install/ur_msgs/include/ur_msgs/msg/detail/robot_state_rt_msg__rosidl_typesupport_introspection_cpp.hpp
[1.582s] -- Up-to-date symlink: /home/zpw/UR3e-ROS2-resources/install/ur_msgs/include/ur_msgs/msg/detail/tool_data_msg__rosidl_typesupport_introspection_cpp.hpp
[1.583s] -- Up-to-date symlink: /home/zpw/UR3e-ROS2-resources/install/ur_msgs/include/ur_msgs/srv/detail/set_io__rosidl_typesupport_introspection_cpp.hpp
[1.583s] -- Up-to-date symlink: /home/zpw/UR3e-ROS2-resources/install/ur_msgs/include/ur_msgs/srv/detail/set_payload__rosidl_typesupport_introspection_cpp.hpp
[1.584s] -- Up-to-date symlink: /home/zpw/UR3e-ROS2-resources/install/ur_msgs/include/ur_msgs/srv/detail/set_speed_slider_fraction__rosidl_typesupport_introspection_cpp.hpp
[1.588s] -- Up-to-date symlink: /home/zpw/UR3e-ROS2-resources/install/ur_msgs/share/ur_msgs/environment/pythonpath.sh
[1.589s] -- Up-to-date symlink: /home/zpw/UR3e-ROS2-resources/install/ur_msgs/share/ur_msgs/environment/pythonpath.dsv
[1.590s] -- Up-to-date symlink: /home/zpw/UR3e-ROS2-resources/install/ur_msgs/lib/python3.8/site-packages/ur_msgs/__init__.py
[1.592s] -- Up-to-date symlink: /home/zpw/UR3e-ROS2-resources/install/ur_msgs/lib/python3.8/site-packages/ur_msgs/msg/__init__.py
[1.593s] -- Up-to-date symlink: /home/zpw/UR3e-ROS2-resources/install/ur_msgs/lib/python3.8/site-packages/ur_msgs/msg/_analog.py
[1.593s] -- Up-to-date symlink: /home/zpw/UR3e-ROS2-resources/install/ur_msgs/lib/python3.8/site-packages/ur_msgs/msg/_digital.py
[1.593s] -- Up-to-date symlink: /home/zpw/UR3e-ROS2-resources/install/ur_msgs/lib/python3.8/site-packages/ur_msgs/msg/_io_states.py
[1.593s] -- Up-to-date symlink: /home/zpw/UR3e-ROS2-resources/install/ur_msgs/lib/python3.8/site-packages/ur_msgs/msg/_masterboard_data_msg.py
[1.593s] -- Up-to-date symlink: /home/zpw/UR3e-ROS2-resources/install/ur_msgs/lib/python3.8/site-packages/ur_msgs/msg/_robot_mode_data_msg.py
[1.593s] -- Up-to-date symlink: /home/zpw/UR3e-ROS2-resources/install/ur_msgs/lib/python3.8/site-packages/ur_msgs/msg/_robot_state_rt_msg.py
[1.593s] -- Up-to-date symlink: /home/zpw/UR3e-ROS2-resources/install/ur_msgs/lib/python3.8/site-packages/ur_msgs/msg/_tool_data_msg.py
[1.598s] -- Up-to-date symlink: /home/zpw/UR3e-ROS2-resources/install/ur_msgs/lib/python3.8/site-packages/ur_msgs/srv/__init__.py
[1.598s] -- Up-to-date symlink: /home/zpw/UR3e-ROS2-resources/install/ur_msgs/lib/python3.8/site-packages/ur_msgs/srv/_set_io.py
[1.598s] -- Up-to-date symlink: /home/zpw/UR3e-ROS2-resources/install/ur_msgs/lib/python3.8/site-packages/ur_msgs/srv/_set_payload.py
[1.598s] -- Up-to-date symlink: /home/zpw/UR3e-ROS2-resources/install/ur_msgs/lib/python3.8/site-packages/ur_msgs/srv/_set_speed_slider_fraction.py
[1.598s] -- Up-to-date symlink: /home/zpw/UR3e-ROS2-resources/install/ur_msgs/lib/python3.8/site-packages/ur_msgs/ur_msgs_s__rosidl_typesupport_fastrtps_c.cpython-38-x86_64-linux-gnu.so
[1.599s] -- Up-to-date symlink: /home/zpw/UR3e-ROS2-resources/install/ur_msgs/lib/python3.8/site-packages/ur_msgs/ur_msgs_s__rosidl_typesupport_introspection_c.cpython-38-x86_64-linux-gnu.so
[1.599s] -- Up-to-date symlink: /home/zpw/UR3e-ROS2-resources/install/ur_msgs/lib/python3.8/site-packages/ur_msgs/ur_msgs_s__rosidl_typesupport_c.cpython-38-x86_64-linux-gnu.so
[1.599s] -- Up-to-date symlink: /home/zpw/UR3e-ROS2-resources/install/ur_msgs/lib/libur_msgs__python.so
[1.599s] -- Up-to-date symlink: /home/zpw/UR3e-ROS2-resources/install/ur_msgs/share/ur_msgs/msg/Analog.idl
[1.600s] -- Up-to-date symlink: /home/zpw/UR3e-ROS2-resources/install/ur_msgs/share/ur_msgs/msg/Digital.idl
[1.600s] -- Up-to-date symlink: /home/zpw/UR3e-ROS2-resources/install/ur_msgs/share/ur_msgs/msg/IOStates.idl
[1.601s] -- Up-to-date symlink: /home/zpw/UR3e-ROS2-resources/install/ur_msgs/share/ur_msgs/msg/RobotStateRTMsg.idl
[1.601s] -- Up-to-date symlink: /home/zpw/UR3e-ROS2-resources/install/ur_msgs/share/ur_msgs/msg/MasterboardDataMsg.idl
[1.601s] -- Up-to-date symlink: /home/zpw/UR3e-ROS2-resources/install/ur_msgs/share/ur_msgs/msg/RobotModeDataMsg.idl
[1.601s] -- Up-to-date symlink: /home/zpw/UR3e-ROS2-resources/install/ur_msgs/share/ur_msgs/msg/ToolDataMsg.idl
[1.601s] -- Up-to-date symlink: /home/zpw/UR3e-ROS2-resources/install/ur_msgs/share/ur_msgs/srv/SetPayload.idl
[1.602s] -- Up-to-date symlink: /home/zpw/UR3e-ROS2-resources/install/ur_msgs/share/ur_msgs/srv/SetSpeedSliderFraction.idl
[1.602s] -- Up-to-date symlink: /home/zpw/UR3e-ROS2-resources/install/ur_msgs/share/ur_msgs/srv/SetIO.idl
[1.602s] -- Up-to-date symlink: /home/zpw/UR3e-ROS2-resources/install/ur_msgs/share/ur_msgs/msg/Analog.msg
[1.603s] -- Up-to-date symlink: /home/zpw/UR3e-ROS2-resources/install/ur_msgs/share/ur_msgs/msg/Digital.msg
[1.603s] -- Up-to-date symlink: /home/zpw/UR3e-ROS2-resources/install/ur_msgs/share/ur_msgs/msg/IOStates.msg
[1.605s] -- Up-to-date symlink: /home/zpw/UR3e-ROS2-resources/install/ur_msgs/share/ur_msgs/msg/RobotStateRTMsg.msg
[1.607s] -- Up-to-date symlink: /home/zpw/UR3e-ROS2-resources/install/ur_msgs/share/ur_msgs/msg/MasterboardDataMsg.msg
[1.608s] -- Up-to-date symlink: /home/zpw/UR3e-ROS2-resources/install/ur_msgs/share/ur_msgs/msg/RobotModeDataMsg.msg
[1.609s] -- Up-to-date symlink: /home/zpw/UR3e-ROS2-resources/install/ur_msgs/share/ur_msgs/msg/ToolDataMsg.msg
[1.609s] -- Up-to-date symlink: /home/zpw/UR3e-ROS2-resources/install/ur_msgs/share/ur_msgs/srv/SetPayload.srv
[1.612s] -- Up-to-date symlink: /home/zpw/UR3e-ROS2-resources/install/ur_msgs/share/ur_msgs/srv/SetPayload_Request.msg
[1.613s] -- Up-to-date symlink: /home/zpw/UR3e-ROS2-resources/install/ur_msgs/share/ur_msgs/srv/SetPayload_Response.msg
[1.613s] -- Up-to-date symlink: /home/zpw/UR3e-ROS2-resources/install/ur_msgs/share/ur_msgs/srv/SetSpeedSliderFraction.srv
[1.614s] -- Up-to-date symlink: /home/zpw/UR3e-ROS2-resources/install/ur_msgs/share/ur_msgs/srv/SetSpeedSliderFraction_Request.msg
[1.616s] -- Up-to-date symlink: /home/zpw/UR3e-ROS2-resources/install/ur_msgs/share/ur_msgs/srv/SetSpeedSliderFraction_Response.msg
[1.616s] -- Up-to-date symlink: /home/zpw/UR3e-ROS2-resources/install/ur_msgs/share/ur_msgs/srv/SetIO.srv
[1.618s] -- Up-to-date symlink: /home/zpw/UR3e-ROS2-resources/install/ur_msgs/share/ur_msgs/srv/SetIO_Request.msg
[1.620s] -- Up-to-date symlink: /home/zpw/UR3e-ROS2-resources/install/ur_msgs/share/ur_msgs/srv/SetIO_Response.msg
[1.620s] -- Up-to-date symlink: /home/zpw/UR3e-ROS2-resources/install/ur_msgs/share/ament_index/resource_index/package_run_dependencies/ur_msgs
[1.623s] -- Up-to-date symlink: /home/zpw/UR3e-ROS2-resources/install/ur_msgs/share/ament_index/resource_index/parent_prefix_path/ur_msgs
[1.623s] -- Up-to-date symlink: /home/zpw/UR3e-ROS2-resources/install/ur_msgs/share/ur_msgs/environment/ament_prefix_path.sh
[1.624s] -- Up-to-date symlink: /home/zpw/UR3e-ROS2-resources/install/ur_msgs/share/ur_msgs/environment/ament_prefix_path.dsv
[1.624s] -- Up-to-date symlink: /home/zpw/UR3e-ROS2-resources/install/ur_msgs/share/ur_msgs/environment/path.sh
[1.624s] -- Up-to-date symlink: /home/zpw/UR3e-ROS2-resources/install/ur_msgs/share/ur_msgs/environment/path.dsv
[1.627s] -- Up-to-date symlink: /home/zpw/UR3e-ROS2-resources/install/ur_msgs/share/ur_msgs/local_setup.bash
[1.630s] -- Up-to-date symlink: /home/zpw/UR3e-ROS2-resources/install/ur_msgs/share/ur_msgs/local_setup.sh
[1.633s] -- Up-to-date symlink: /home/zpw/UR3e-ROS2-resources/install/ur_msgs/share/ur_msgs/local_setup.zsh
[1.634s] -- Up-to-date symlink: /home/zpw/UR3e-ROS2-resources/install/ur_msgs/share/ur_msgs/local_setup.dsv
[1.634s] -- Symlinking: /home/zpw/UR3e-ROS2-resources/install/ur_msgs/share/ur_msgs/package.dsv
[1.635s] -- Up-to-date symlink: /home/zpw/UR3e-ROS2-resources/install/ur_msgs/share/ament_index/resource_index/packages/ur_msgs
[1.636s] -- Up-to-date symlink: /home/zpw/UR3e-ROS2-resources/install/ur_msgs/share/ur_msgs/cmake/rosidl_cmake-extras.cmake
[1.636s] -- Up-to-date symlink: /home/zpw/UR3e-ROS2-resources/install/ur_msgs/share/ur_msgs/cmake/ament_cmake_export_dependencies-extras.cmake
[1.636s] -- Up-to-date symlink: /home/zpw/UR3e-ROS2-resources/install/ur_msgs/share/ur_msgs/cmake/ament_cmake_export_libraries-extras.cmake
[1.636s] -- Up-to-date symlink: /home/zpw/UR3e-ROS2-resources/install/ur_msgs/share/ur_msgs/cmake/ament_cmake_export_targets-extras.cmake
[1.636s] -- Up-to-date symlink: /home/zpw/UR3e-ROS2-resources/install/ur_msgs/share/ur_msgs/cmake/ament_cmake_export_include_directories-extras.cmake
[1.637s] -- Up-to-date symlink: /home/zpw/UR3e-ROS2-resources/install/ur_msgs/share/ur_msgs/cmake/rosidl_cmake_export_typesupport_libraries-extras.cmake
[1.637s] -- Up-to-date symlink: /home/zpw/UR3e-ROS2-resources/install/ur_msgs/share/ur_msgs/cmake/rosidl_cmake_export_typesupport_targets-extras.cmake
[1.638s] -- Up-to-date symlink: /home/zpw/UR3e-ROS2-resources/install/ur_msgs/share/ur_msgs/cmake/ur_msgsConfig.cmake
[1.638s] -- Up-to-date symlink: /home/zpw/UR3e-ROS2-resources/install/ur_msgs/share/ur_msgs/cmake/ur_msgsConfig-version.cmake
[1.639s] -- Up-to-date symlink: /home/zpw/UR3e-ROS2-resources/install/ur_msgs/share/ur_msgs/package.xml
[1.640s] -- Up-to-date: /home/zpw/UR3e-ROS2-resources/install/ur_msgs/lib/libur_msgs__rosidl_generator_c.so
[1.644s] -- Up-to-date: /home/zpw/UR3e-ROS2-resources/install/ur_msgs/lib/libur_msgs__rosidl_typesupport_introspection_c.so
[1.644s] -- Up-to-date: /home/zpw/UR3e-ROS2-resources/install/ur_msgs/lib/libur_msgs__rosidl_typesupport_c.so
[1.645s] -- Up-to-date: /home/zpw/UR3e-ROS2-resources/install/ur_msgs/lib/libur_msgs__rosidl_typesupport_introspection_cpp.so
[1.645s] -- Up-to-date: /home/zpw/UR3e-ROS2-resources/install/ur_msgs/lib/libur_msgs__rosidl_typesupport_cpp.so
[1.650s] -- Up-to-date: /home/zpw/UR3e-ROS2-resources/install/ur_msgs/share/ur_msgs/cmake/ur_msgs__rosidl_generator_cExport.cmake
[1.650s] -- Up-to-date: /home/zpw/UR3e-ROS2-resources/install/ur_msgs/share/ur_msgs/cmake/ur_msgs__rosidl_generator_cExport-noconfig.cmake
[1.650s] -- Up-to-date: /home/zpw/UR3e-ROS2-resources/install/ur_msgs/share/ur_msgs/cmake/ur_msgs__rosidl_typesupport_introspection_cExport.cmake
[1.651s] -- Up-to-date: /home/zpw/UR3e-ROS2-resources/install/ur_msgs/share/ur_msgs/cmake/ur_msgs__rosidl_typesupport_introspection_cExport-noconfig.cmake
[1.651s] -- Up-to-date: /home/zpw/UR3e-ROS2-resources/install/ur_msgs/share/ur_msgs/cmake/ur_msgs__rosidl_typesupport_cExport.cmake
[1.651s] -- Up-to-date: /home/zpw/UR3e-ROS2-resources/install/ur_msgs/share/ur_msgs/cmake/ur_msgs__rosidl_typesupport_cExport-noconfig.cmake
[1.657s] -- Up-to-date: /home/zpw/UR3e-ROS2-resources/install/ur_msgs/share/ur_msgs/cmake/ur_msgs__rosidl_generator_cppExport.cmake
[1.657s] -- Up-to-date: /home/zpw/UR3e-ROS2-resources/install/ur_msgs/share/ur_msgs/cmake/ur_msgs__rosidl_typesupport_introspection_cppExport.cmake
[1.657s] -- Up-to-date: /home/zpw/UR3e-ROS2-resources/install/ur_msgs/share/ur_msgs/cmake/ur_msgs__rosidl_typesupport_introspection_cppExport-noconfig.cmake
[1.657s] -- Up-to-date: /home/zpw/UR3e-ROS2-resources/install/ur_msgs/share/ur_msgs/cmake/ur_msgs__rosidl_typesupport_cppExport.cmake
[1.658s] -- Up-to-date: /home/zpw/UR3e-ROS2-resources/install/ur_msgs/share/ur_msgs/cmake/ur_msgs__rosidl_typesupport_cppExport-noconfig.cmake
[1.666s] Invoked command in '/home/zpw/UR3e-ROS2-resources/build/ur_msgs' returned '0': CMAKE_PREFIX_PATH=/opt/ros/foxy /usr/bin/cmake --install /home/zpw/UR3e-ROS2-resources/build/ur_msgs
