[0.141s] Invoking command in '/home/zpw/UR3e-ROS2-resources/build/cartesian_waypoint_execution': AMENT_PREFIX_PATH=/home/zpw/UR3e-ROS2-resources/install/moveit_visual_tools:/home/zpw/UR3e-ROS2-resources/install/rviz_visual_tools:${AMENT_PREFIX_PATH} CMAKE_PREFIX_PATH=/home/zpw/UR3e-ROS2-resources/install/moveit_visual_tools:/home/zpw/UR3e-ROS2-resources/install/rviz_visual_tools:/opt/ros/foxy LD_LIBRARY_PATH=/home/zpw/UR3e-ROS2-resources/install/moveit_visual_tools/lib:/home/zpw/UR3e-ROS2-resources/install/rviz_visual_tools/lib:${LD_LIBRARY_PATH} /usr/bin/cmake --build /home/zpw/UR3e-ROS2-resources/build/cartesian_waypoint_execution -- -j16 -l16
[0.631s] [ 50%] Built target trajectory_processing
[1.016s] [100%] Built target waypoints
[1.093s] Invoked command in '/home/zpw/UR3e-ROS2-resources/build/cartesian_waypoint_execution' returned '0': AMENT_PREFIX_PATH=/home/zpw/UR3e-ROS2-resources/install/moveit_visual_tools:/home/zpw/UR3e-ROS2-resources/install/rviz_visual_tools:${AMENT_PREFIX_PATH} CMAKE_PREFIX_PATH=/home/zpw/UR3e-ROS2-resources/install/moveit_visual_tools:/home/zpw/UR3e-ROS2-resources/install/rviz_visual_tools:/opt/ros/foxy LD_LIBRARY_PATH=/home/zpw/UR3e-ROS2-resources/install/moveit_visual_tools/lib:/home/zpw/UR3e-ROS2-resources/install/rviz_visual_tools/lib:${LD_LIBRARY_PATH} /usr/bin/cmake --build /home/zpw/UR3e-ROS2-resources/build/cartesian_waypoint_execution -- -j16 -l16
[1.480s] Invoking command in '/home/zpw/UR3e-ROS2-resources/build/cartesian_waypoint_execution': AMENT_PREFIX_PATH=/home/zpw/UR3e-ROS2-resources/install/moveit_visual_tools:/home/zpw/UR3e-ROS2-resources/install/rviz_visual_tools:${AMENT_PREFIX_PATH} CMAKE_PREFIX_PATH=/home/zpw/UR3e-ROS2-resources/install/moveit_visual_tools:/home/zpw/UR3e-ROS2-resources/install/rviz_visual_tools:/opt/ros/foxy LD_LIBRARY_PATH=/home/zpw/UR3e-ROS2-resources/install/moveit_visual_tools/lib:/home/zpw/UR3e-ROS2-resources/install/rviz_visual_tools/lib:${LD_LIBRARY_PATH} /usr/bin/cmake --install /home/zpw/UR3e-ROS2-resources/build/cartesian_waypoint_execution
[1.529s] -- Install configuration: "Release"
[1.530s] -- Execute custom install script
[1.533s] -- Up-to-date symlink: /home/zpw/UR3e-ROS2-resources/install/cartesian_waypoint_execution/share/cartesian_waypoint_execution/launch/waypoints.launch.py
[1.538s] -- Up-to-date symlink: /home/zpw/UR3e-ROS2-resources/install/cartesian_waypoint_execution/lib/cartesian_waypoint_execution/libtrajectory_processing.a
[1.540s] -- Up-to-date symlink: /home/zpw/UR3e-ROS2-resources/install/cartesian_waypoint_execution/lib/cartesian_waypoint_execution/waypoints
[1.543s] -- Up-to-date symlink: /home/zpw/UR3e-ROS2-resources/install/cartesian_waypoint_execution/share/ament_index/resource_index/package_run_dependencies/cartesian_waypoint_execution
[1.543s] -- Up-to-date symlink: /home/zpw/UR3e-ROS2-resources/install/cartesian_waypoint_execution/share/ament_index/resource_index/parent_prefix_path/cartesian_waypoint_execution
[1.544s] -- Up-to-date symlink: /home/zpw/UR3e-ROS2-resources/install/cartesian_waypoint_execution/share/cartesian_waypoint_execution/environment/ament_prefix_path.sh
[1.544s] -- Up-to-date symlink: /home/zpw/UR3e-ROS2-resources/install/cartesian_waypoint_execution/share/cartesian_waypoint_execution/environment/ament_prefix_path.dsv
[1.544s] -- Up-to-date symlink: /home/zpw/UR3e-ROS2-resources/install/cartesian_waypoint_execution/share/cartesian_waypoint_execution/environment/path.sh
[1.544s] -- Up-to-date symlink: /home/zpw/UR3e-ROS2-resources/install/cartesian_waypoint_execution/share/cartesian_waypoint_execution/environment/path.dsv
[1.544s] -- Up-to-date symlink: /home/zpw/UR3e-ROS2-resources/install/cartesian_waypoint_execution/share/cartesian_waypoint_execution/local_setup.bash
[1.546s] -- Up-to-date symlink: /home/zpw/UR3e-ROS2-resources/install/cartesian_waypoint_execution/share/cartesian_waypoint_execution/local_setup.sh
[1.548s] -- Up-to-date symlink: /home/zpw/UR3e-ROS2-resources/install/cartesian_waypoint_execution/share/cartesian_waypoint_execution/local_setup.zsh
[1.550s] -- Up-to-date symlink: /home/zpw/UR3e-ROS2-resources/install/cartesian_waypoint_execution/share/cartesian_waypoint_execution/local_setup.dsv
[1.554s] -- Symlinking: /home/zpw/UR3e-ROS2-resources/install/cartesian_waypoint_execution/share/cartesian_waypoint_execution/package.dsv
[1.569s] -- Up-to-date symlink: /home/zpw/UR3e-ROS2-resources/install/cartesian_waypoint_execution/share/ament_index/resource_index/packages/cartesian_waypoint_execution
[1.569s] -- Up-to-date symlink: /home/zpw/UR3e-ROS2-resources/install/cartesian_waypoint_execution/share/cartesian_waypoint_execution/cmake/cartesian_waypoint_executionConfig.cmake
[1.569s] -- Up-to-date symlink: /home/zpw/UR3e-ROS2-resources/install/cartesian_waypoint_execution/share/cartesian_waypoint_execution/cmake/cartesian_waypoint_executionConfig-version.cmake
[1.570s] -- Up-to-date symlink: /home/zpw/UR3e-ROS2-resources/install/cartesian_waypoint_execution/share/cartesian_waypoint_execution/package.xml
[1.658s] Invoked command in '/home/zpw/UR3e-ROS2-resources/build/cartesian_waypoint_execution' returned '0': AMENT_PREFIX_PATH=/home/zpw/UR3e-ROS2-resources/install/moveit_visual_tools:/home/zpw/UR3e-ROS2-resources/install/rviz_visual_tools:${AMENT_PREFIX_PATH} CMAKE_PREFIX_PATH=/home/zpw/UR3e-ROS2-resources/install/moveit_visual_tools:/home/zpw/UR3e-ROS2-resources/install/rviz_visual_tools:/opt/ros/foxy LD_LIBRARY_PATH=/home/zpw/UR3e-ROS2-resources/install/moveit_visual_tools/lib:/home/zpw/UR3e-ROS2-resources/install/rviz_visual_tools/lib:${LD_LIBRARY_PATH} /usr/bin/cmake --install /home/zpw/UR3e-ROS2-resources/build/cartesian_waypoint_execution
