[3.354s] Invoking command in '/home/zpw/UR3e-ROS2-resources/src/vr_connector': PYTHONPATH=/home/zpw/UR3e-ROS2-resources/install/vr_connector/lib/python3.8/site-packages:${PYTHONPATH} /usr/bin/python3 setup.py egg_info --egg-base ../../build/vr_connector build --build-base /home/zpw/UR3e-ROS2-resources/build/vr_connector/build install --prefix /home/zpw/UR3e-ROS2-resources/install/vr_connector --record /home/zpw/UR3e-ROS2-resources/build/vr_connector/install.log --single-version-externally-managed
[3.896s] running egg_info
[3.902s] writing ../../build/vr_connector/vr_connector.egg-info/PKG-INFO
[3.903s] writing dependency_links to ../../build/vr_connector/vr_connector.egg-info/dependency_links.txt
[3.903s] writing entry points to ../../build/vr_connector/vr_connector.egg-info/entry_points.txt
[3.904s] writing requirements to ../../build/vr_connector/vr_connector.egg-info/requires.txt
[3.904s] writing top-level names to ../../build/vr_connector/vr_connector.egg-info/top_level.txt
[4.054s] reading manifest file '../../build/vr_connector/vr_connector.egg-info/SOURCES.txt'
[4.055s] writing manifest file '../../build/vr_connector/vr_connector.egg-info/SOURCES.txt'
[4.055s] running build
[4.056s] running build_py
[4.056s] copying vr_connector/vr_talker.py -> /home/zpw/UR3e-ROS2-resources/build/vr_connector/build/lib/vr_connector
[4.056s] running install
[4.057s] running install_lib
[4.058s] copying /home/zpw/UR3e-ROS2-resources/build/vr_connector/build/lib/vr_connector/vr_talker.py -> /home/zpw/UR3e-ROS2-resources/install/vr_connector/lib/python3.8/site-packages/vr_connector
[4.061s] byte-compiling /home/zpw/UR3e-ROS2-resources/install/vr_connector/lib/python3.8/site-packages/vr_connector/vr_talker.py to vr_talker.cpython-38.pyc
[4.070s] running install_data
[4.071s] running install_egg_info
[4.078s] removing '/home/zpw/UR3e-ROS2-resources/install/vr_connector/lib/python3.8/site-packages/vr_connector-0.0.0-py3.8.egg-info' (and everything under it)
[4.079s] Copying ../../build/vr_connector/vr_connector.egg-info to /home/zpw/UR3e-ROS2-resources/install/vr_connector/lib/python3.8/site-packages/vr_connector-0.0.0-py3.8.egg-info
[4.080s] running install_scripts
[4.112s] Installing listener script to /home/zpw/UR3e-ROS2-resources/install/vr_connector/lib/vr_connector
[4.112s] Installing talker script to /home/zpw/UR3e-ROS2-resources/install/vr_connector/lib/vr_connector
[4.112s] writing list of installed files to '/home/zpw/UR3e-ROS2-resources/build/vr_connector/install.log'
[4.222s] Invoked command in '/home/zpw/UR3e-ROS2-resources/src/vr_connector' returned '0': PYTHONPATH=/home/zpw/UR3e-ROS2-resources/install/vr_connector/lib/python3.8/site-packages:${PYTHONPATH} /usr/bin/python3 setup.py egg_info --egg-base ../../build/vr_connector build --build-base /home/zpw/UR3e-ROS2-resources/build/vr_connector/build install --prefix /home/zpw/UR3e-ROS2-resources/install/vr_connector --record /home/zpw/UR3e-ROS2-resources/build/vr_connector/install.log --single-version-externally-managed
