[0.049s] Invoking command in '/home/zpw/UR3e-ROS2-resources/build/rviz_visual_tools': CMAKE_PREFIX_PATH=/opt/ros/foxy /usr/bin/cmake /home/zpw/UR3e-ROS2-resources/src/rviz_visual_tools -DCMAKE_INSTALL_PREFIX=/home/zpw/UR3e-ROS2-resources/install/rviz_visual_tools
[0.144s] -- Found ament_cmake: 0.9.9 (/opt/ros/foxy/share/ament_cmake/cmake)
[0.164s] -- Using PYTHON_EXECUTABLE: /usr/bin/python3
[1.406s] -- Override CMake install command with custom implementation using symlinks instead of copying resources
[1.441s] -- Found rclcpp: 2.4.1 (/opt/ros/foxy/share/rclcpp/cmake)
[1.647s] -- Using all available rosidl_typesupport_c: rosidl_typesupport_fastrtps_c;rosidl_typesupport_introspection_c
[1.662s] -- Found rosidl_adapter: 1.2.1 (/opt/ros/foxy/share/rosidl_adapter/cmake)
[2.284s] -- Using all available rosidl_typesupport_cpp: rosidl_typesupport_fastrtps_cpp;rosidl_typesupport_introspection_cpp
[2.477s] -- Found rmw_implementation_cmake: 1.0.3 (/opt/ros/foxy/share/rmw_implementation_cmake/cmake)
[2.479s] -- Using RMW implementation 'rmw_fastrtps_cpp' as default
[2.856s] -- Found rclcpp_components: 2.4.1 (/opt/ros/foxy/share/rclcpp_components/cmake)
[2.919s] -- Found rviz_ogre_vendor: 8.2.6 (/opt/ros/foxy/share/rviz_ogre_vendor/cmake)
[2.922s] -- Setting OGRE_DIR to: '/opt/ros/foxy/share/rviz_ogre_vendor/cmake/../../../opt/rviz_ogre_vendor/lib/OGRE/cmake'
[2.935s] -- Found OGRE
[2.935s] --   static     : OFF
[2.935s] --   components : HLMS;MeshLodGenerator;Overlay;Paging;Property;RTShaderSystem;Terrain;Volume
[2.935s] --   plugins    : Plugin_BSPSceneManager;Plugin_OctreeSceneManager;Plugin_PCZSceneManager;Plugin_ParticleFX;RenderSystem_GL;RenderSystem_GL3Plus;Codec_STBI
[2.936s] --   media      : /opt/ros/foxy/opt/rviz_ogre_vendor/share/OGRE/Media
[2.936s] -- OGRE_LIBRARIES: OgreHLMS;OgreMeshLodGenerator;OgreOverlay;OgrePaging;OgreProperty;OgreRTShaderSystem;OgreTerrain;OgreVolume;OgreMain
[2.936s] -- OGRE_LIBRARY_DIRS: /opt/ros/foxy/opt/rviz_ogre_vendor/lib
[2.936s] -- OGRE_PLUGINS: Plugin_BSPSceneManager;Plugin_OctreeSceneManager;Plugin_PCZSceneManager;Plugin_ParticleFX;RenderSystem_GL;RenderSystem_GL3Plus;Codec_STBI
[2.936s] -- OGRE_PLUGIN_DIR: /opt/ros/foxy/opt/rviz_ogre_vendor/lib/OGRE
[2.936s] -- rviz_ogre_vendor::OgreOverlay for IMPORTED_LOCATION_RELEASE: /opt/ros/foxy/opt/rviz_ogre_vendor/lib/libOgreOverlay.so
[2.936s] -- rviz_ogre_vendor::OgreOverlay for IMPORTED_LOCATION_DEBUG: /opt/ros/foxy/opt/rviz_ogre_vendor/lib/libOgreOverlay.so
[2.936s] -- rviz_ogre_vendor::OgreMain for IMPORTED_LOCATION_RELEASE: /opt/ros/foxy/opt/rviz_ogre_vendor/lib/libOgreMain.so
[2.936s] -- rviz_ogre_vendor::OgreMain for IMPORTED_LOCATION_DEBUG: /opt/ros/foxy/opt/rviz_ogre_vendor/lib/libOgreMain.so
[2.996s] -- rviz_ogre_vendor::RenderSystem_GL for IMPORTED_LOCATION_RELEASE: _render_system_gl_static_library_abs-NOTFOUND
[2.996s] -- rviz_ogre_vendor::RenderSystem_GL for IMPORTED_LOCATION_DEBUG: _render_system_gl_static_library_abs-NOTFOUND
[2.997s] -- Found sensor_msgs: 2.0.5 (/opt/ros/foxy/share/sensor_msgs/cmake)
[3.144s] -- Found shape_msgs: 2.0.5 (/opt/ros/foxy/share/shape_msgs/cmake)
[3.225s] -- Found visualization_msgs: 2.0.5 (/opt/ros/foxy/share/visualization_msgs/cmake)
[3.315s] -- Found trajectory_msgs: 2.0.5 (/opt/ros/foxy/share/trajectory_msgs/cmake)
[3.402s] -- Found eigen3_cmake_module: 0.1.1 (/opt/ros/foxy/share/eigen3_cmake_module/cmake)
[3.402s] -- Found eigen_stl_containers: 1.0.0 (/opt/ros/foxy/share/eigen_stl_containers/cmake)
[3.415s] -- Found tf2: 0.13.13 (/opt/ros/foxy/share/tf2/cmake)
[3.426s] -- Found tf2_eigen: 0.13.13 (/opt/ros/foxy/share/tf2_eigen/cmake)
[3.896s] -- Found tf2_geometry_msgs: 0.13.13 (/opt/ros/foxy/share/tf2_geometry_msgs/cmake)
[3.954s] -- Found pluginlib: 2.5.4 (/opt/ros/foxy/share/pluginlib/cmake)
[3.979s] -- Found interactive_markers: 2.1.3 (/opt/ros/foxy/share/interactive_markers/cmake)
[4.036s] -- Found rviz_common: 8.2.6 (/opt/ros/foxy/share/rviz_common/cmake)
[4.087s] -- library: /usr/lib/x86_64-linux-gnu/libcurl.so
[4.179s] -- Setting yaml-cpp_DIR to: '/opt/ros/foxy/share/yaml_cpp_vendor/cmake/../../../opt/yaml_cpp_vendor/lib/cmake/yaml-cpp'
[4.182s] -- Found rviz_default_plugins: 8.2.6 (/opt/ros/foxy/share/rviz_default_plugins/cmake)
[4.905s] -- Found ament_cmake_gtest: 0.9.9 (/opt/ros/foxy/share/ament_cmake_gtest/cmake)
[4.905s] -- Found gtest sources under '/opt/ros/foxy/src/gtest_vendor': C++ tests using 'Google Test' will be built
[5.023s] -- Configuring done
[5.220s] -- Generating done
[5.233s] -- Build files have been written to: /home/zpw/UR3e-ROS2-resources/build/rviz_visual_tools
[5.251s] Invoked command in '/home/zpw/UR3e-ROS2-resources/build/rviz_visual_tools' returned '0': CMAKE_PREFIX_PATH=/opt/ros/foxy /usr/bin/cmake /home/zpw/UR3e-ROS2-resources/src/rviz_visual_tools -DCMAKE_INSTALL_PREFIX=/home/zpw/UR3e-ROS2-resources/install/rviz_visual_tools
[5.254s] Invoking command in '/home/zpw/UR3e-ROS2-resources/build/rviz_visual_tools': CMAKE_PREFIX_PATH=/opt/ros/foxy /usr/bin/cmake --build /home/zpw/UR3e-ROS2-resources/build/rviz_visual_tools -- -j16 -l16
[5.339s] [ 10%] [34m[1mAutomatic MOC for target gtest[0m
[5.339s] [ 10%] [34m[1mAutomatic MOC for target gtest_main[0m
[5.339s] [ 10%] [34m[1mAutomatic MOC for target rviz_visual_tools_remote_control[0m
[5.339s] [ 10%] [34m[1mAutomatic MOC for target rviz_visual_tools_gui[0m
[5.370s] [ 10%] Built target gtest_main_autogen
[5.370s] [ 10%] Built target rviz_visual_tools_gui_autogen
[5.370s] [ 10%] Built target rviz_visual_tools_remote_control_autogen
[5.370s] [ 10%] Built target gtest_autogen
[5.430s] [ 15%] [32mBuilding CXX object CMakeFiles/rviz_visual_tools_remote_control.dir/rviz_visual_tools_remote_control_autogen/mocs_compilation.cpp.o[0m
[5.431s] [ 20%] Built target gtest_main
[5.436s] [ 28%] Built target gtest
[5.446s] [ 30%] [32mBuilding CXX object CMakeFiles/rviz_visual_tools_remote_control.dir/src/remote_control.cpp.o[0m
[5.479s] [ 33%] [32mBuilding CXX object CMakeFiles/rviz_visual_tools_gui.dir/rviz_visual_tools_gui_autogen/mocs_compilation.cpp.o[0m
[5.480s] [ 35%] [32mBuilding CXX object CMakeFiles/rviz_visual_tools_gui.dir/src/rviz_visual_tools_gui.cpp.o[0m
[5.494s] [ 38%] [32mBuilding CXX object CMakeFiles/rviz_visual_tools_gui.dir/src/key_tool.cpp.o[0m
[5.496s] [ 41%] [32mBuilding CXX object CMakeFiles/rviz_visual_tools_gui.dir/src/remote_control.cpp.o[0m
[15.978s] [ 43%] [32m[1mLinking CXX shared library librviz_visual_tools_gui.so[0m
[16.012s] [ 46%] [32m[1mLinking CXX shared library librviz_visual_tools_remote_control.so[0m
[16.278s] [ 46%] Built target rviz_visual_tools_remote_control
[16.300s] [ 48%] [34m[1mAutomatic MOC for target rviz_visual_tools[0m
[16.320s] [ 48%] Built target rviz_visual_tools_autogen
[16.352s] [ 51%] [32mBuilding CXX object CMakeFiles/rviz_visual_tools.dir/rviz_visual_tools_autogen/mocs_compilation.cpp.o[0m
[16.358s] [ 56%] [32mBuilding CXX object CMakeFiles/rviz_visual_tools.dir/src/rviz_visual_tools.cpp.o[0m
[16.358s] [ 56%] [32mBuilding CXX object CMakeFiles/rviz_visual_tools.dir/src/tf_visual_tools.cpp.o[0m
[17.837s] [ 56%] Built target rviz_visual_tools_gui
[29.360s] [ 58%] [32m[1mLinking CXX shared library librviz_visual_tools.so[0m
[29.990s] [ 58%] Built target rviz_visual_tools
[30.009s] [ 66%] [34m[1mAutomatic MOC for target rviz_visual_tools_demo[0m
[30.009s] [ 66%] [34m[1mAutomatic MOC for target rviz_visual_tools_imarker_simple[0m
[30.009s] [ 66%] [34m[1mAutomatic MOC for target rviz_visual_tools_rvt_test[0m
[30.028s] [ 66%] Built target rviz_visual_tools_imarker_simple_autogen
[30.028s] [ 66%] Built target rviz_visual_tools_demo_autogen
[30.029s] [ 66%] Built target rviz_visual_tools_rvt_test_autogen
[30.052s] [ 71%] [32mBuilding CXX object CMakeFiles/rviz_visual_tools_rvt_test.dir/rviz_visual_tools_rvt_test_autogen/mocs_compilation.cpp.o[0m
[30.052s] [ 71%] [32mBuilding CXX object CMakeFiles/rviz_visual_tools_demo.dir/rviz_visual_tools_demo_autogen/mocs_compilation.cpp.o[0m
[30.058s] [ 76%] [32mBuilding CXX object CMakeFiles/rviz_visual_tools_demo.dir/src/rviz_visual_tools_demo.cpp.o[0m
[30.058s] [ 76%] [32mBuilding CXX object CMakeFiles/rviz_visual_tools_rvt_test.dir/tests/rvt_test.cpp.o[0m
[32.959s] [ 79%] [32m[1mLinking CXX executable rviz_visual_tools_demo[0m
[33.320s] [ 79%] Built target rviz_visual_tools_demo
[33.342s] [ 82%] [32mBuilding CXX object CMakeFiles/rviz_visual_tools_imarker_simple.dir/rviz_visual_tools_imarker_simple_autogen/mocs_compilation.cpp.o[0m
[33.348s] [ 84%] [32mBuilding CXX object CMakeFiles/rviz_visual_tools_imarker_simple.dir/src/imarker_simple.cpp.o[0m
[34.351s] [ 87%] [32m[1mLinking CXX executable rviz_visual_tools_rvt_test[0m
[34.829s] [ 87%] Built target rviz_visual_tools_rvt_test
[35.775s] [ 89%] [32m[1mLinking CXX shared library librviz_visual_tools_imarker_simple.so[0m
[36.106s] [ 89%] Built target rviz_visual_tools_imarker_simple
[36.131s] [ 92%] [34m[1mAutomatic MOC for target rviz_visual_tools_imarker_simple_demo[0m
[36.151s] [ 92%] Built target rviz_visual_tools_imarker_simple_demo_autogen
[36.184s] [ 94%] [32mBuilding CXX object CMakeFiles/rviz_visual_tools_imarker_simple_demo.dir/rviz_visual_tools_imarker_simple_demo_autogen/mocs_compilation.cpp.o[0m
[36.190s] [ 97%] [32mBuilding CXX object CMakeFiles/rviz_visual_tools_imarker_simple_demo.dir/src/imarker_simple_demo.cpp.o[0m
[38.503s] [100%] [32m[1mLinking CXX executable rviz_visual_tools_imarker_simple_demo[0m
[38.865s] [100%] Built target rviz_visual_tools_imarker_simple_demo
[38.879s] Invoked command in '/home/zpw/UR3e-ROS2-resources/build/rviz_visual_tools' returned '0': CMAKE_PREFIX_PATH=/opt/ros/foxy /usr/bin/cmake --build /home/zpw/UR3e-ROS2-resources/build/rviz_visual_tools -- -j16 -l16
[38.934s] Invoking command in '/home/zpw/UR3e-ROS2-resources/build/rviz_visual_tools': CMAKE_PREFIX_PATH=/opt/ros/foxy /usr/bin/cmake --install /home/zpw/UR3e-ROS2-resources/build/rviz_visual_tools
[38.943s] -- Install configuration: ""
[38.943s] -- Execute custom install script
[38.943s] -- Up-to-date symlink: /home/zpw/UR3e-ROS2-resources/install/rviz_visual_tools/share/rviz_visual_tools//plugin_description.xml
[38.944s] -- Up-to-date symlink: /home/zpw/UR3e-ROS2-resources/install/rviz_visual_tools/lib/rviz_visual_tools/rviz_visual_tools_demo
[38.944s] -- Up-to-date symlink: /home/zpw/UR3e-ROS2-resources/install/rviz_visual_tools/lib/rviz_visual_tools/rviz_visual_tools_imarker_simple_demo
[38.944s] -- Up-to-date symlink: /home/zpw/UR3e-ROS2-resources/install/rviz_visual_tools/include/rviz_visual_tools/imarker_simple.hpp
[38.944s] -- Up-to-date symlink: /home/zpw/UR3e-ROS2-resources/install/rviz_visual_tools/include/rviz_visual_tools/key_tool.hpp
[38.944s] -- Up-to-date symlink: /home/zpw/UR3e-ROS2-resources/install/rviz_visual_tools/include/rviz_visual_tools/remote_control.hpp
[38.944s] -- Up-to-date symlink: /home/zpw/UR3e-ROS2-resources/install/rviz_visual_tools/include/rviz_visual_tools/remote_reciever.hpp
[38.945s] -- Up-to-date symlink: /home/zpw/UR3e-ROS2-resources/install/rviz_visual_tools/include/rviz_visual_tools/rviz_visual_tools.hpp
[38.945s] -- Up-to-date symlink: /home/zpw/UR3e-ROS2-resources/install/rviz_visual_tools/include/rviz_visual_tools/rviz_visual_tools_gui.hpp
[38.945s] -- Up-to-date symlink: /home/zpw/UR3e-ROS2-resources/install/rviz_visual_tools/include/rviz_visual_tools/tf_visual_tools.hpp
[38.945s] -- Up-to-date symlink: /home/zpw/UR3e-ROS2-resources/install/rviz_visual_tools/share/rviz_visual_tools/launch/demo.rviz
[38.945s] -- Up-to-date symlink: /home/zpw/UR3e-ROS2-resources/install/rviz_visual_tools/share/rviz_visual_tools/launch/demo_combined.launch.py
[38.945s] -- Up-to-date symlink: /home/zpw/UR3e-ROS2-resources/install/rviz_visual_tools/share/rviz_visual_tools/launch/demo_rviz.launch.py
[38.946s] -- Up-to-date symlink: /home/zpw/UR3e-ROS2-resources/install/rviz_visual_tools/share/rviz_visual_tools/launch/rvt_test.launch
[38.946s] -- Up-to-date symlink: /home/zpw/UR3e-ROS2-resources/install/rviz_visual_tools/share/rviz_visual_tools/environment/library_path.sh
[38.946s] -- Up-to-date symlink: /home/zpw/UR3e-ROS2-resources/install/rviz_visual_tools/share/rviz_visual_tools/environment/library_path.dsv
[38.946s] -- Up-to-date symlink: /home/zpw/UR3e-ROS2-resources/install/rviz_visual_tools/share/ament_index/resource_index/package_run_dependencies/rviz_visual_tools
[38.946s] -- Up-to-date symlink: /home/zpw/UR3e-ROS2-resources/install/rviz_visual_tools/share/ament_index/resource_index/parent_prefix_path/rviz_visual_tools
[38.947s] -- Up-to-date symlink: /home/zpw/UR3e-ROS2-resources/install/rviz_visual_tools/share/rviz_visual_tools/environment/ament_prefix_path.sh
[38.947s] -- Up-to-date symlink: /home/zpw/UR3e-ROS2-resources/install/rviz_visual_tools/share/rviz_visual_tools/environment/ament_prefix_path.dsv
[38.947s] -- Up-to-date symlink: /home/zpw/UR3e-ROS2-resources/install/rviz_visual_tools/share/rviz_visual_tools/environment/path.sh
[38.947s] -- Up-to-date symlink: /home/zpw/UR3e-ROS2-resources/install/rviz_visual_tools/share/rviz_visual_tools/environment/path.dsv
[38.947s] -- Up-to-date symlink: /home/zpw/UR3e-ROS2-resources/install/rviz_visual_tools/share/rviz_visual_tools/local_setup.bash
[38.947s] -- Up-to-date symlink: /home/zpw/UR3e-ROS2-resources/install/rviz_visual_tools/share/rviz_visual_tools/local_setup.sh
[38.947s] -- Up-to-date symlink: /home/zpw/UR3e-ROS2-resources/install/rviz_visual_tools/share/rviz_visual_tools/local_setup.zsh
[38.947s] -- Up-to-date symlink: /home/zpw/UR3e-ROS2-resources/install/rviz_visual_tools/share/rviz_visual_tools/local_setup.dsv
[38.948s] -- Symlinking: /home/zpw/UR3e-ROS2-resources/install/rviz_visual_tools/share/rviz_visual_tools/package.dsv
[38.960s] -- Up-to-date symlink: /home/zpw/UR3e-ROS2-resources/install/rviz_visual_tools/share/ament_index/resource_index/packages/rviz_visual_tools
[38.960s] -- Up-to-date symlink: /home/zpw/UR3e-ROS2-resources/install/rviz_visual_tools/share/ament_index/resource_index/rviz_common__pluginlib__plugin/rviz_visual_tools
[38.960s] -- Up-to-date symlink: /home/zpw/UR3e-ROS2-resources/install/rviz_visual_tools/share/rviz_visual_tools/cmake/ament_cmake_export_dependencies-extras.cmake
[38.960s] -- Up-to-date symlink: /home/zpw/UR3e-ROS2-resources/install/rviz_visual_tools/share/rviz_visual_tools/cmake/ament_cmake_export_include_directories-extras.cmake
[38.961s] -- Up-to-date symlink: /home/zpw/UR3e-ROS2-resources/install/rviz_visual_tools/share/rviz_visual_tools/cmake/ament_cmake_export_libraries-extras.cmake
[38.961s] -- Up-to-date symlink: /home/zpw/UR3e-ROS2-resources/install/rviz_visual_tools/share/rviz_visual_tools/cmake/rviz_visual_toolsConfig.cmake
[38.961s] -- Up-to-date symlink: /home/zpw/UR3e-ROS2-resources/install/rviz_visual_tools/share/rviz_visual_tools/cmake/rviz_visual_toolsConfig-version.cmake
[38.961s] -- Up-to-date symlink: /home/zpw/UR3e-ROS2-resources/install/rviz_visual_tools/share/rviz_visual_tools/package.xml
[38.962s] -- Installing: /home/zpw/UR3e-ROS2-resources/install/rviz_visual_tools/lib/librviz_visual_tools.so
[38.967s] -- Set runtime path of "/home/zpw/UR3e-ROS2-resources/install/rviz_visual_tools/lib/librviz_visual_tools.so" to ""
[38.968s] -- Installing: /home/zpw/UR3e-ROS2-resources/install/rviz_visual_tools/lib/librviz_visual_tools_remote_control.so
[38.970s] -- Set runtime path of "/home/zpw/UR3e-ROS2-resources/install/rviz_visual_tools/lib/librviz_visual_tools_remote_control.so" to ""
[38.970s] -- Installing: /home/zpw/UR3e-ROS2-resources/install/rviz_visual_tools/lib/librviz_visual_tools_gui.so
[38.972s] -- Set runtime path of "/home/zpw/UR3e-ROS2-resources/install/rviz_visual_tools/lib/librviz_visual_tools_gui.so" to ""
[38.972s] -- Installing: /home/zpw/UR3e-ROS2-resources/install/rviz_visual_tools/lib/librviz_visual_tools_imarker_simple.so
[38.973s] -- Set runtime path of "/home/zpw/UR3e-ROS2-resources/install/rviz_visual_tools/lib/librviz_visual_tools_imarker_simple.so" to ""
[38.975s] Invoked command in '/home/zpw/UR3e-ROS2-resources/build/rviz_visual_tools' returned '0': CMAKE_PREFIX_PATH=/opt/ros/foxy /usr/bin/cmake --install /home/zpw/UR3e-ROS2-resources/build/rviz_visual_tools
