[0.137s] DEBUG:colcon:Command line arguments: ['/usr/bin/colcon', 'build']
[0.138s] DEBUG:colcon:Parsed command line arguments: Namespace(allow_overriding=[], ament_cmake_args=None, base_paths=['.'], build_base='build', catkin_cmake_args=None, catkin_skip_building_tests=False, cmake_args=None, cmake_clean_cache=False, cmake_clean_first=False, cmake_force_configure=False, cmake_target=None, cmake_target_skip_unavailable=False, continue_on_error=False, event_handlers=None, executor='parallel', ignore_user_meta=False, install_base='install', log_base=None, log_level=None, main=<bound method BuildVerb.main of <colcon_core.verb.build.BuildVerb object at 0x7faf78735130>>, merge_install=False, metas=['./colcon.meta'], mixin=None, mixin_files=None, mixin_verb=('build',), packages_above=None, packages_above_and_dependencies=None, packages_above_depth=None, packages_end=None, packages_ignore=None, packages_ignore_regex=None, packages_select=None, packages_select_build_failed=False, packages_select_by_dep=None, packages_select_regex=None, packages_select_test_failures=False, packages_skip=None, packages_skip_build_finished=False, packages_skip_by_dep=None, packages_skip_regex=None, packages_skip_test_passed=False, packages_skip_up_to=None, packages_start=None, packages_up_to=None, packages_up_to_regex=None, parallel_workers=16, paths=None, symlink_install=False, test_result_base=None, verb_extension=<colcon_core.verb.build.BuildVerb object at 0x7faf78735130>, verb_name='build', verb_parser=<colcon_mixin.mixin.mixin_argument.MixinArgumentDecorator object at 0x7faf78735730>)
[0.141s] Level 1:colcon.colcon_core.package_discovery:discover_packages(colcon_meta) check parameters
[0.141s] Level 1:colcon.colcon_core.package_discovery:discover_packages(recursive) check parameters
[0.141s] Level 1:colcon.colcon_core.package_discovery:discover_packages(ignore) check parameters
[0.141s] Level 1:colcon.colcon_core.package_discovery:discover_packages(path) check parameters
[0.141s] Level 1:colcon.colcon_core.package_discovery:discover_packages(colcon_meta) discover
[0.141s] Level 1:colcon.colcon_core.package_discovery:discover_packages(recursive) discover
[0.142s] INFO:colcon.colcon_core.package_discovery:Crawling recursively for packages in '/home/bofengluo/ros2_ws'
[0.142s] Level 1:colcon.colcon_core.package_identification:_identify(.) by extensions ['ignore', 'ignore_ament_install']
[0.142s] Level 1:colcon.colcon_core.package_identification:_identify(.) by extension 'ignore'
[0.142s] Level 1:colcon.colcon_core.package_identification:_identify(.) by extension 'ignore_ament_install'
[0.142s] Level 1:colcon.colcon_core.package_identification:_identify(.) by extensions ['colcon_pkg']
[0.142s] Level 1:colcon.colcon_core.package_identification:_identify(.) by extension 'colcon_pkg'
[0.142s] Level 1:colcon.colcon_core.package_identification:_identify(.) by extensions ['colcon_meta']
[0.142s] Level 1:colcon.colcon_core.package_identification:_identify(.) by extension 'colcon_meta'
[0.142s] Level 1:colcon.colcon_core.package_identification:_identify(.) by extensions ['ros']
[0.142s] Level 1:colcon.colcon_core.package_identification:_identify(.) by extension 'ros'
[0.151s] Level 1:colcon.colcon_core.package_identification:_identify(.) by extensions ['cmake', 'python']
[0.151s] Level 1:colcon.colcon_core.package_identification:_identify(.) by extension 'cmake'
[0.151s] Level 1:colcon.colcon_core.package_identification:_identify(.) by extension 'python'
[0.151s] Level 1:colcon.colcon_core.package_identification:_identify(.) by extensions ['python_setup_py']
[0.151s] Level 1:colcon.colcon_core.package_identification:_identify(.) by extension 'python_setup_py'
[0.151s] Level 1:colcon.colcon_core.package_identification:_identify(build) by extensions ['ignore', 'ignore_ament_install']
[0.152s] Level 1:colcon.colcon_core.package_identification:_identify(build) by extension 'ignore'
[0.152s] Level 1:colcon.colcon_core.package_identification:_identify(build) ignored
[0.152s] Level 1:colcon.colcon_core.package_identification:_identify(install) by extensions ['ignore', 'ignore_ament_install']
[0.152s] Level 1:colcon.colcon_core.package_identification:_identify(install) by extension 'ignore'
[0.152s] Level 1:colcon.colcon_core.package_identification:_identify(install) ignored
[0.152s] Level 1:colcon.colcon_core.package_identification:_identify(log) by extensions ['ignore', 'ignore_ament_install']
[0.152s] Level 1:colcon.colcon_core.package_identification:_identify(log) by extension 'ignore'
[0.152s] Level 1:colcon.colcon_core.package_identification:_identify(log) ignored
[0.152s] Level 1:colcon.colcon_core.package_identification:_identify(src) by extensions ['ignore', 'ignore_ament_install']
[0.152s] Level 1:colcon.colcon_core.package_identification:_identify(src) by extension 'ignore'
[0.152s] Level 1:colcon.colcon_core.package_identification:_identify(src) by extension 'ignore_ament_install'
[0.152s] Level 1:colcon.colcon_core.package_identification:_identify(src) by extensions ['colcon_pkg']
[0.152s] Level 1:colcon.colcon_core.package_identification:_identify(src) by extension 'colcon_pkg'
[0.152s] Level 1:colcon.colcon_core.package_identification:_identify(src) by extensions ['colcon_meta']
[0.152s] Level 1:colcon.colcon_core.package_identification:_identify(src) by extension 'colcon_meta'
[0.152s] Level 1:colcon.colcon_core.package_identification:_identify(src) by extensions ['ros']
[0.152s] Level 1:colcon.colcon_core.package_identification:_identify(src) by extension 'ros'
[0.152s] Level 1:colcon.colcon_core.package_identification:_identify(src) by extensions ['cmake', 'python']
[0.152s] Level 1:colcon.colcon_core.package_identification:_identify(src) by extension 'cmake'
[0.153s] Level 1:colcon.colcon_core.package_identification:_identify(src) by extension 'python'
[0.153s] Level 1:colcon.colcon_core.package_identification:_identify(src) by extensions ['python_setup_py']
[0.153s] Level 1:colcon.colcon_core.package_identification:_identify(src) by extension 'python_setup_py'
[0.153s] Level 1:colcon.colcon_core.package_identification:_identify(src/custom_msg_ros2) by extensions ['ignore', 'ignore_ament_install']
[0.153s] Level 1:colcon.colcon_core.package_identification:_identify(src/custom_msg_ros2) by extension 'ignore'
[0.153s] Level 1:colcon.colcon_core.package_identification:_identify(src/custom_msg_ros2) by extension 'ignore_ament_install'
[0.153s] Level 1:colcon.colcon_core.package_identification:_identify(src/custom_msg_ros2) by extensions ['colcon_pkg']
[0.153s] Level 1:colcon.colcon_core.package_identification:_identify(src/custom_msg_ros2) by extension 'colcon_pkg'
[0.153s] Level 1:colcon.colcon_core.package_identification:_identify(src/custom_msg_ros2) by extensions ['colcon_meta']
[0.153s] Level 1:colcon.colcon_core.package_identification:_identify(src/custom_msg_ros2) by extension 'colcon_meta'
[0.153s] Level 1:colcon.colcon_core.package_identification:_identify(src/custom_msg_ros2) by extensions ['ros']
[0.153s] Level 1:colcon.colcon_core.package_identification:_identify(src/custom_msg_ros2) by extension 'ros'
[0.155s] DEBUG:colcon.colcon_core.package_identification:Package 'src/custom_msg_ros2' with type 'ros.ament_cmake' and name 'custom_msg_ros2'
[0.155s] Level 1:colcon.colcon_core.package_identification:_identify(src/pubsub) by extensions ['ignore', 'ignore_ament_install']
[0.155s] Level 1:colcon.colcon_core.package_identification:_identify(src/pubsub) by extension 'ignore'
[0.155s] Level 1:colcon.colcon_core.package_identification:_identify(src/pubsub) by extension 'ignore_ament_install'
[0.155s] Level 1:colcon.colcon_core.package_identification:_identify(src/pubsub) by extensions ['colcon_pkg']
[0.155s] Level 1:colcon.colcon_core.package_identification:_identify(src/pubsub) by extension 'colcon_pkg'
[0.155s] Level 1:colcon.colcon_core.package_identification:_identify(src/pubsub) by extensions ['colcon_meta']
[0.155s] Level 1:colcon.colcon_core.package_identification:_identify(src/pubsub) by extension 'colcon_meta'
[0.155s] Level 1:colcon.colcon_core.package_identification:_identify(src/pubsub) by extensions ['ros']
[0.155s] Level 1:colcon.colcon_core.package_identification:_identify(src/pubsub) by extension 'ros'
[0.156s] DEBUG:colcon.colcon_core.package_identification:Package 'src/pubsub' with type 'ros.ament_cmake' and name 'pubsub'
[0.156s] Level 1:colcon.colcon_core.package_discovery:discover_packages(recursive) using defaults
[0.156s] Level 1:colcon.colcon_core.package_discovery:discover_packages(ignore) discover
[0.156s] Level 1:colcon.colcon_core.package_discovery:discover_packages(ignore) using defaults
[0.156s] Level 1:colcon.colcon_core.package_discovery:discover_packages(path) discover
[0.156s] Level 1:colcon.colcon_core.package_discovery:discover_packages(path) using defaults
[0.170s] Level 5:colcon.colcon_core.verb:set package 'custom_msg_ros2' build argument 'cmake_args' from command line to 'None'
[0.170s] Level 5:colcon.colcon_core.verb:set package 'custom_msg_ros2' build argument 'cmake_target' from command line to 'None'
[0.170s] Level 5:colcon.colcon_core.verb:set package 'custom_msg_ros2' build argument 'cmake_target_skip_unavailable' from command line to 'False'
[0.170s] Level 5:colcon.colcon_core.verb:set package 'custom_msg_ros2' build argument 'cmake_clean_cache' from command line to 'False'
[0.170s] Level 5:colcon.colcon_core.verb:set package 'custom_msg_ros2' build argument 'cmake_clean_first' from command line to 'False'
[0.170s] Level 5:colcon.colcon_core.verb:set package 'custom_msg_ros2' build argument 'cmake_force_configure' from command line to 'False'
[0.170s] Level 5:colcon.colcon_core.verb:set package 'custom_msg_ros2' build argument 'ament_cmake_args' from command line to 'None'
[0.170s] Level 5:colcon.colcon_core.verb:set package 'custom_msg_ros2' build argument 'catkin_cmake_args' from command line to 'None'
[0.170s] Level 5:colcon.colcon_core.verb:set package 'custom_msg_ros2' build argument 'catkin_skip_building_tests' from command line to 'False'
[0.170s] DEBUG:colcon.colcon_core.verb:Building package 'custom_msg_ros2' with the following arguments: {'ament_cmake_args': None, 'build_base': '/home/bofengluo/ros2_ws/build/custom_msg_ros2', 'catkin_cmake_args': None, 'catkin_skip_building_tests': False, 'cmake_args': None, 'cmake_clean_cache': False, 'cmake_clean_first': False, 'cmake_force_configure': False, 'cmake_target': None, 'cmake_target_skip_unavailable': False, 'install_base': '/home/bofengluo/ros2_ws/install/custom_msg_ros2', 'merge_install': False, 'path': '/home/bofengluo/ros2_ws/src/custom_msg_ros2', 'symlink_install': False, 'test_result_base': None}
[0.171s] Level 5:colcon.colcon_core.verb:set package 'pubsub' build argument 'cmake_args' from command line to 'None'
[0.171s] Level 5:colcon.colcon_core.verb:set package 'pubsub' build argument 'cmake_target' from command line to 'None'
[0.171s] Level 5:colcon.colcon_core.verb:set package 'pubsub' build argument 'cmake_target_skip_unavailable' from command line to 'False'
[0.171s] Level 5:colcon.colcon_core.verb:set package 'pubsub' build argument 'cmake_clean_cache' from command line to 'False'
[0.171s] Level 5:colcon.colcon_core.verb:set package 'pubsub' build argument 'cmake_clean_first' from command line to 'False'
[0.171s] Level 5:colcon.colcon_core.verb:set package 'pubsub' build argument 'cmake_force_configure' from command line to 'False'
[0.171s] Level 5:colcon.colcon_core.verb:set package 'pubsub' build argument 'ament_cmake_args' from command line to 'None'
[0.171s] Level 5:colcon.colcon_core.verb:set package 'pubsub' build argument 'catkin_cmake_args' from command line to 'None'
[0.171s] Level 5:colcon.colcon_core.verb:set package 'pubsub' build argument 'catkin_skip_building_tests' from command line to 'False'
[0.171s] DEBUG:colcon.colcon_core.verb:Building package 'pubsub' with the following arguments: {'ament_cmake_args': None, 'build_base': '/home/bofengluo/ros2_ws/build/pubsub', 'catkin_cmake_args': None, 'catkin_skip_building_tests': False, 'cmake_args': None, 'cmake_clean_cache': False, 'cmake_clean_first': False, 'cmake_force_configure': False, 'cmake_target': None, 'cmake_target_skip_unavailable': False, 'install_base': '/home/bofengluo/ros2_ws/install/pubsub', 'merge_install': False, 'path': '/home/bofengluo/ros2_ws/src/pubsub', 'symlink_install': False, 'test_result_base': None}
[0.187s] INFO:colcon.colcon_core.executor:Executing jobs using 'parallel' executor
[0.189s] DEBUG:colcon.colcon_parallel_executor.executor.parallel:run_until_complete
[0.189s] INFO:colcon.colcon_ros.task.ament_cmake.build:Building ROS package in '/home/bofengluo/ros2_ws/src/custom_msg_ros2' with build type 'ament_cmake'
[0.190s] INFO:colcon.colcon_cmake.task.cmake.build:Building CMake package in '/home/bofengluo/ros2_ws/src/custom_msg_ros2'
[0.193s] INFO:colcon.colcon_core.plugin_system:Skipping extension 'colcon_core.shell.bat': Not used on non-Windows systems
[0.193s] INFO:colcon.colcon_core.shell:Skip shell extension 'powershell' for command environment: Not usable outside of PowerShell
[0.193s] DEBUG:colcon.colcon_core.shell:Skip shell extension 'dsv' for command environment
[0.219s] DEBUG:colcon.colcon_core.event_handler.log_command:Invoking command in '/home/bofengluo/ros2_ws/build/custom_msg_ros2': /usr/bin/cmake /home/bofengluo/ros2_ws/src/custom_msg_ros2 -DCMAKE_INSTALL_PREFIX=/home/bofengluo/ros2_ws/install/custom_msg_ros2
[2.336s] DEBUG:colcon.colcon_core.event_handler.log_command:Invoked command in '/home/bofengluo/ros2_ws/build/custom_msg_ros2' returned '0': /usr/bin/cmake /home/bofengluo/ros2_ws/src/custom_msg_ros2 -DCMAKE_INSTALL_PREFIX=/home/bofengluo/ros2_ws/install/custom_msg_ros2
[2.337s] DEBUG:colcon.colcon_core.event_handler.log_command:Invoking command in '/home/bofengluo/ros2_ws/build/custom_msg_ros2': /usr/bin/cmake --build /home/bofengluo/ros2_ws/build/custom_msg_ros2 -- -j16 -l16
[8.294s] DEBUG:colcon.colcon_core.event_handler.log_command:Invoked command in '/home/bofengluo/ros2_ws/build/custom_msg_ros2' returned '0': /usr/bin/cmake --build /home/bofengluo/ros2_ws/build/custom_msg_ros2 -- -j16 -l16
[8.343s] DEBUG:colcon.colcon_core.event_handler.log_command:Invoking command in '/home/bofengluo/ros2_ws/build/custom_msg_ros2': /usr/bin/cmake --install /home/bofengluo/ros2_ws/build/custom_msg_ros2
[8.415s] Level 1:colcon.colcon_core.environment:create_environment_scripts_only(custom_msg_ros2)
[8.416s] DEBUG:colcon.colcon_core.event_handler.log_command:Invoked command in '/home/bofengluo/ros2_ws/build/custom_msg_ros2' returned '0': /usr/bin/cmake --install /home/bofengluo/ros2_ws/build/custom_msg_ros2
[8.424s] Level 1:colcon.colcon_core.environment:checking '/home/bofengluo/ros2_ws/install/custom_msg_ros2' for CMake module files
[8.425s] Level 1:colcon.colcon_core.environment:checking '/home/bofengluo/ros2_ws/install/custom_msg_ros2' for CMake config files
[8.425s] Level 1:colcon.colcon_core.shell:create_environment_hook('custom_msg_ros2', 'cmake_prefix_path')
[8.426s] INFO:colcon.colcon_core.shell:Creating environment hook '/home/bofengluo/ros2_ws/install/custom_msg_ros2/share/custom_msg_ros2/hook/cmake_prefix_path.ps1'
[8.426s] INFO:colcon.colcon_core.shell:Creating environment descriptor '/home/bofengluo/ros2_ws/install/custom_msg_ros2/share/custom_msg_ros2/hook/cmake_prefix_path.dsv'
[8.427s] INFO:colcon.colcon_core.shell:Creating environment hook '/home/bofengluo/ros2_ws/install/custom_msg_ros2/share/custom_msg_ros2/hook/cmake_prefix_path.sh'
[8.427s] Level 1:colcon.colcon_core.environment:checking '/home/bofengluo/ros2_ws/install/custom_msg_ros2/lib'
[8.427s] Level 1:colcon.colcon_core.shell:create_environment_hook('custom_msg_ros2', 'ld_library_path_lib')
[8.428s] INFO:colcon.colcon_core.shell:Creating environment hook '/home/bofengluo/ros2_ws/install/custom_msg_ros2/share/custom_msg_ros2/hook/ld_library_path_lib.ps1'
[8.428s] INFO:colcon.colcon_core.shell:Creating environment descriptor '/home/bofengluo/ros2_ws/install/custom_msg_ros2/share/custom_msg_ros2/hook/ld_library_path_lib.dsv'
[8.428s] INFO:colcon.colcon_core.shell:Creating environment hook '/home/bofengluo/ros2_ws/install/custom_msg_ros2/share/custom_msg_ros2/hook/ld_library_path_lib.sh'
[8.428s] Level 1:colcon.colcon_core.environment:checking '/home/bofengluo/ros2_ws/install/custom_msg_ros2/bin'
[8.428s] Level 1:colcon.colcon_core.environment:checking '/home/bofengluo/ros2_ws/install/custom_msg_ros2/lib/pkgconfig/custom_msg_ros2.pc'
[8.428s] Level 1:colcon.colcon_core.environment:checking '/home/bofengluo/ros2_ws/install/custom_msg_ros2/lib/python3.8/site-packages'
[8.428s] Level 1:colcon.colcon_core.shell:create_environment_hook('custom_msg_ros2', 'pythonpath')
[8.429s] INFO:colcon.colcon_core.shell:Creating environment hook '/home/bofengluo/ros2_ws/install/custom_msg_ros2/share/custom_msg_ros2/hook/pythonpath.ps1'
[8.429s] INFO:colcon.colcon_core.shell:Creating environment descriptor '/home/bofengluo/ros2_ws/install/custom_msg_ros2/share/custom_msg_ros2/hook/pythonpath.dsv'
[8.429s] INFO:colcon.colcon_core.shell:Creating environment hook '/home/bofengluo/ros2_ws/install/custom_msg_ros2/share/custom_msg_ros2/hook/pythonpath.sh'
[8.430s] INFO:colcon.colcon_core.shell:Creating package script '/home/bofengluo/ros2_ws/install/custom_msg_ros2/share/custom_msg_ros2/package.ps1'
[8.431s] INFO:colcon.colcon_core.shell:Creating package descriptor '/home/bofengluo/ros2_ws/install/custom_msg_ros2/share/custom_msg_ros2/package.dsv'
[8.431s] INFO:colcon.colcon_core.shell:Creating package script '/home/bofengluo/ros2_ws/install/custom_msg_ros2/share/custom_msg_ros2/package.sh'
[8.432s] INFO:colcon.colcon_core.shell:Creating package script '/home/bofengluo/ros2_ws/install/custom_msg_ros2/share/custom_msg_ros2/package.bash'
[8.433s] INFO:colcon.colcon_core.shell:Creating package script '/home/bofengluo/ros2_ws/install/custom_msg_ros2/share/custom_msg_ros2/package.zsh'
[8.433s] Level 1:colcon.colcon_core.environment:create_file_with_runtime_dependencies(/home/bofengluo/ros2_ws/install/custom_msg_ros2/share/colcon-core/packages/custom_msg_ros2)
[8.488s] Level 1:colcon.colcon_core.environment:create_environment_scripts_only(custom_msg_ros2)
[8.490s] Level 1:colcon.colcon_core.environment:checking '/home/bofengluo/ros2_ws/install/custom_msg_ros2' for CMake module files
[8.491s] Level 1:colcon.colcon_core.environment:checking '/home/bofengluo/ros2_ws/install/custom_msg_ros2' for CMake config files
[8.492s] Level 1:colcon.colcon_core.shell:create_environment_hook('custom_msg_ros2', 'cmake_prefix_path')
[8.492s] INFO:colcon.colcon_core.shell:Creating environment hook '/home/bofengluo/ros2_ws/install/custom_msg_ros2/share/custom_msg_ros2/hook/cmake_prefix_path.ps1'
[8.493s] INFO:colcon.colcon_core.shell:Creating environment descriptor '/home/bofengluo/ros2_ws/install/custom_msg_ros2/share/custom_msg_ros2/hook/cmake_prefix_path.dsv'
[8.494s] INFO:colcon.colcon_core.shell:Creating environment hook '/home/bofengluo/ros2_ws/install/custom_msg_ros2/share/custom_msg_ros2/hook/cmake_prefix_path.sh'
[8.495s] Level 1:colcon.colcon_core.environment:checking '/home/bofengluo/ros2_ws/install/custom_msg_ros2/lib'
[8.495s] Level 1:colcon.colcon_core.shell:create_environment_hook('custom_msg_ros2', 'ld_library_path_lib')
[8.496s] INFO:colcon.colcon_core.shell:Creating environment hook '/home/bofengluo/ros2_ws/install/custom_msg_ros2/share/custom_msg_ros2/hook/ld_library_path_lib.ps1'
[8.496s] INFO:colcon.colcon_core.shell:Creating environment descriptor '/home/bofengluo/ros2_ws/install/custom_msg_ros2/share/custom_msg_ros2/hook/ld_library_path_lib.dsv'
[8.497s] INFO:colcon.colcon_core.shell:Creating environment hook '/home/bofengluo/ros2_ws/install/custom_msg_ros2/share/custom_msg_ros2/hook/ld_library_path_lib.sh'
[8.498s] Level 1:colcon.colcon_core.environment:checking '/home/bofengluo/ros2_ws/install/custom_msg_ros2/bin'
[8.498s] Level 1:colcon.colcon_core.environment:checking '/home/bofengluo/ros2_ws/install/custom_msg_ros2/lib/pkgconfig/custom_msg_ros2.pc'
[8.498s] Level 1:colcon.colcon_core.environment:checking '/home/bofengluo/ros2_ws/install/custom_msg_ros2/lib/python3.8/site-packages'
[8.498s] Level 1:colcon.colcon_core.shell:create_environment_hook('custom_msg_ros2', 'pythonpath')
[8.499s] INFO:colcon.colcon_core.shell:Creating environment hook '/home/bofengluo/ros2_ws/install/custom_msg_ros2/share/custom_msg_ros2/hook/pythonpath.ps1'
[8.499s] INFO:colcon.colcon_core.shell:Creating environment descriptor '/home/bofengluo/ros2_ws/install/custom_msg_ros2/share/custom_msg_ros2/hook/pythonpath.dsv'
[8.500s] INFO:colcon.colcon_core.shell:Creating environment hook '/home/bofengluo/ros2_ws/install/custom_msg_ros2/share/custom_msg_ros2/hook/pythonpath.sh'
[8.500s] INFO:colcon.colcon_core.shell:Creating package script '/home/bofengluo/ros2_ws/install/custom_msg_ros2/share/custom_msg_ros2/package.ps1'
[8.501s] INFO:colcon.colcon_core.shell:Creating package descriptor '/home/bofengluo/ros2_ws/install/custom_msg_ros2/share/custom_msg_ros2/package.dsv'
[8.501s] INFO:colcon.colcon_core.shell:Creating package script '/home/bofengluo/ros2_ws/install/custom_msg_ros2/share/custom_msg_ros2/package.sh'
[8.501s] INFO:colcon.colcon_core.shell:Creating package script '/home/bofengluo/ros2_ws/install/custom_msg_ros2/share/custom_msg_ros2/package.bash'
[8.502s] INFO:colcon.colcon_core.shell:Creating package script '/home/bofengluo/ros2_ws/install/custom_msg_ros2/share/custom_msg_ros2/package.zsh'
[8.502s] Level 1:colcon.colcon_core.environment:create_file_with_runtime_dependencies(/home/bofengluo/ros2_ws/install/custom_msg_ros2/share/colcon-core/packages/custom_msg_ros2)
[8.503s] INFO:colcon.colcon_ros.task.ament_cmake.build:Building ROS package in '/home/bofengluo/ros2_ws/src/pubsub' with build type 'ament_cmake'
[8.503s] INFO:colcon.colcon_cmake.task.cmake.build:Building CMake package in '/home/bofengluo/ros2_ws/src/pubsub'
[8.503s] INFO:colcon.colcon_core.shell:Skip shell extension 'powershell' for command environment: Not usable outside of PowerShell
[8.503s] DEBUG:colcon.colcon_core.shell:Skip shell extension 'dsv' for command environment
[8.521s] DEBUG:colcon.colcon_core.event_handler.log_command:Invoking command in '/home/bofengluo/ros2_ws/build/pubsub': AMENT_PREFIX_PATH=/home/bofengluo/ros2_ws/install/custom_msg_ros2:${AMENT_PREFIX_PATH} CMAKE_PREFIX_PATH=/home/bofengluo/ros2_ws/install/custom_msg_ros2:${CMAKE_PREFIX_PATH} LD_LIBRARY_PATH=/home/bofengluo/ros2_ws/install/custom_msg_ros2/lib:${LD_LIBRARY_PATH} PYTHONPATH=/home/bofengluo/ros2_ws/install/custom_msg_ros2/lib/python3.8/site-packages:${PYTHONPATH} /usr/bin/cmake /home/bofengluo/ros2_ws/src/pubsub -DCMAKE_INSTALL_PREFIX=/home/bofengluo/ros2_ws/install/pubsub
[10.202s] DEBUG:colcon.colcon_core.event_handler.log_command:Invoked command in '/home/bofengluo/ros2_ws/build/pubsub' returned '0': AMENT_PREFIX_PATH=/home/bofengluo/ros2_ws/install/custom_msg_ros2:${AMENT_PREFIX_PATH} CMAKE_PREFIX_PATH=/home/bofengluo/ros2_ws/install/custom_msg_ros2:${CMAKE_PREFIX_PATH} LD_LIBRARY_PATH=/home/bofengluo/ros2_ws/install/custom_msg_ros2/lib:${LD_LIBRARY_PATH} PYTHONPATH=/home/bofengluo/ros2_ws/install/custom_msg_ros2/lib/python3.8/site-packages:${PYTHONPATH} /usr/bin/cmake /home/bofengluo/ros2_ws/src/pubsub -DCMAKE_INSTALL_PREFIX=/home/bofengluo/ros2_ws/install/pubsub
[10.206s] DEBUG:colcon.colcon_core.event_handler.log_command:Invoking command in '/home/bofengluo/ros2_ws/build/pubsub': AMENT_PREFIX_PATH=/home/bofengluo/ros2_ws/install/custom_msg_ros2:${AMENT_PREFIX_PATH} CMAKE_PREFIX_PATH=/home/bofengluo/ros2_ws/install/custom_msg_ros2:${CMAKE_PREFIX_PATH} LD_LIBRARY_PATH=/home/bofengluo/ros2_ws/install/custom_msg_ros2/lib:${LD_LIBRARY_PATH} PYTHONPATH=/home/bofengluo/ros2_ws/install/custom_msg_ros2/lib/python3.8/site-packages:${PYTHONPATH} /usr/bin/cmake --build /home/bofengluo/ros2_ws/build/pubsub -- -j16 -l16
[14.307s] DEBUG:colcon.colcon_core.event_handler.log_command:Invoked command in '/home/bofengluo/ros2_ws/build/pubsub' returned '0': AMENT_PREFIX_PATH=/home/bofengluo/ros2_ws/install/custom_msg_ros2:${AMENT_PREFIX_PATH} CMAKE_PREFIX_PATH=/home/bofengluo/ros2_ws/install/custom_msg_ros2:${CMAKE_PREFIX_PATH} LD_LIBRARY_PATH=/home/bofengluo/ros2_ws/install/custom_msg_ros2/lib:${LD_LIBRARY_PATH} PYTHONPATH=/home/bofengluo/ros2_ws/install/custom_msg_ros2/lib/python3.8/site-packages:${PYTHONPATH} /usr/bin/cmake --build /home/bofengluo/ros2_ws/build/pubsub -- -j16 -l16
[14.333s] DEBUG:colcon.colcon_core.event_handler.log_command:Invoking command in '/home/bofengluo/ros2_ws/build/pubsub': AMENT_PREFIX_PATH=/home/bofengluo/ros2_ws/install/custom_msg_ros2:${AMENT_PREFIX_PATH} CMAKE_PREFIX_PATH=/home/bofengluo/ros2_ws/install/custom_msg_ros2:${CMAKE_PREFIX_PATH} LD_LIBRARY_PATH=/home/bofengluo/ros2_ws/install/custom_msg_ros2/lib:${LD_LIBRARY_PATH} PYTHONPATH=/home/bofengluo/ros2_ws/install/custom_msg_ros2/lib/python3.8/site-packages:${PYTHONPATH} /usr/bin/cmake --install /home/bofengluo/ros2_ws/build/pubsub
[14.352s] Level 1:colcon.colcon_core.environment:create_environment_scripts_only(pubsub)
[14.354s] Level 1:colcon.colcon_core.environment:checking '/home/bofengluo/ros2_ws/install/pubsub' for CMake module files
[14.355s] DEBUG:colcon.colcon_core.event_handler.log_command:Invoked command in '/home/bofengluo/ros2_ws/build/pubsub' returned '0': AMENT_PREFIX_PATH=/home/bofengluo/ros2_ws/install/custom_msg_ros2:${AMENT_PREFIX_PATH} CMAKE_PREFIX_PATH=/home/bofengluo/ros2_ws/install/custom_msg_ros2:${CMAKE_PREFIX_PATH} LD_LIBRARY_PATH=/home/bofengluo/ros2_ws/install/custom_msg_ros2/lib:${LD_LIBRARY_PATH} PYTHONPATH=/home/bofengluo/ros2_ws/install/custom_msg_ros2/lib/python3.8/site-packages:${PYTHONPATH} /usr/bin/cmake --install /home/bofengluo/ros2_ws/build/pubsub
[14.355s] Level 1:colcon.colcon_core.environment:checking '/home/bofengluo/ros2_ws/install/pubsub' for CMake config files
[14.356s] Level 1:colcon.colcon_core.shell:create_environment_hook('pubsub', 'cmake_prefix_path')
[14.357s] INFO:colcon.colcon_core.shell:Creating environment hook '/home/bofengluo/ros2_ws/install/pubsub/share/pubsub/hook/cmake_prefix_path.ps1'
[14.358s] INFO:colcon.colcon_core.shell:Creating environment descriptor '/home/bofengluo/ros2_ws/install/pubsub/share/pubsub/hook/cmake_prefix_path.dsv'
[14.359s] INFO:colcon.colcon_core.shell:Creating environment hook '/home/bofengluo/ros2_ws/install/pubsub/share/pubsub/hook/cmake_prefix_path.sh'
[14.360s] Level 1:colcon.colcon_core.environment:checking '/home/bofengluo/ros2_ws/install/pubsub/lib'
[14.360s] Level 1:colcon.colcon_core.environment:checking '/home/bofengluo/ros2_ws/install/pubsub/bin'
[14.360s] Level 1:colcon.colcon_core.environment:checking '/home/bofengluo/ros2_ws/install/pubsub/lib/pkgconfig/pubsub.pc'
[14.360s] Level 1:colcon.colcon_core.environment:checking '/home/bofengluo/ros2_ws/install/pubsub/lib/python3.8/site-packages'
[14.361s] INFO:colcon.colcon_core.shell:Creating package script '/home/bofengluo/ros2_ws/install/pubsub/share/pubsub/package.ps1'
[14.363s] INFO:colcon.colcon_core.shell:Creating package descriptor '/home/bofengluo/ros2_ws/install/pubsub/share/pubsub/package.dsv'
[14.363s] INFO:colcon.colcon_core.shell:Creating package script '/home/bofengluo/ros2_ws/install/pubsub/share/pubsub/package.sh'
[14.363s] INFO:colcon.colcon_core.shell:Creating package script '/home/bofengluo/ros2_ws/install/pubsub/share/pubsub/package.bash'
[14.363s] INFO:colcon.colcon_core.shell:Creating package script '/home/bofengluo/ros2_ws/install/pubsub/share/pubsub/package.zsh'
[14.364s] Level 1:colcon.colcon_core.environment:create_file_with_runtime_dependencies(/home/bofengluo/ros2_ws/install/pubsub/share/colcon-core/packages/pubsub)
[14.406s] Level 1:colcon.colcon_core.environment:create_environment_scripts_only(pubsub)
[14.407s] Level 1:colcon.colcon_core.environment:checking '/home/bofengluo/ros2_ws/install/pubsub' for CMake module files
[14.408s] Level 1:colcon.colcon_core.environment:checking '/home/bofengluo/ros2_ws/install/pubsub' for CMake config files
[14.408s] Level 1:colcon.colcon_core.shell:create_environment_hook('pubsub', 'cmake_prefix_path')
[14.409s] INFO:colcon.colcon_core.shell:Creating environment hook '/home/bofengluo/ros2_ws/install/pubsub/share/pubsub/hook/cmake_prefix_path.ps1'
[14.410s] INFO:colcon.colcon_core.shell:Creating environment descriptor '/home/bofengluo/ros2_ws/install/pubsub/share/pubsub/hook/cmake_prefix_path.dsv'
[14.411s] INFO:colcon.colcon_core.shell:Creating environment hook '/home/bofengluo/ros2_ws/install/pubsub/share/pubsub/hook/cmake_prefix_path.sh'
[14.411s] Level 1:colcon.colcon_core.environment:checking '/home/bofengluo/ros2_ws/install/pubsub/lib'
[14.412s] Level 1:colcon.colcon_core.environment:checking '/home/bofengluo/ros2_ws/install/pubsub/bin'
[14.412s] Level 1:colcon.colcon_core.environment:checking '/home/bofengluo/ros2_ws/install/pubsub/lib/pkgconfig/pubsub.pc'
[14.412s] Level 1:colcon.colcon_core.environment:checking '/home/bofengluo/ros2_ws/install/pubsub/lib/python3.8/site-packages'
[14.413s] INFO:colcon.colcon_core.shell:Creating package script '/home/bofengluo/ros2_ws/install/pubsub/share/pubsub/package.ps1'
[14.414s] INFO:colcon.colcon_core.shell:Creating package descriptor '/home/bofengluo/ros2_ws/install/pubsub/share/pubsub/package.dsv'
[14.414s] INFO:colcon.colcon_core.shell:Creating package script '/home/bofengluo/ros2_ws/install/pubsub/share/pubsub/package.sh'
[14.415s] INFO:colcon.colcon_core.shell:Creating package script '/home/bofengluo/ros2_ws/install/pubsub/share/pubsub/package.bash'
[14.415s] INFO:colcon.colcon_core.shell:Creating package script '/home/bofengluo/ros2_ws/install/pubsub/share/pubsub/package.zsh'
[14.415s] Level 1:colcon.colcon_core.environment:create_file_with_runtime_dependencies(/home/bofengluo/ros2_ws/install/pubsub/share/colcon-core/packages/pubsub)
[14.415s] DEBUG:colcon.colcon_parallel_executor.executor.parallel:closing loop
[14.416s] DEBUG:colcon.colcon_parallel_executor.executor.parallel:loop closed
[14.416s] DEBUG:colcon.colcon_parallel_executor.executor.parallel:run_until_complete finished with '0'
[14.416s] DEBUG:colcon.colcon_core.event_reactor:joining thread
[14.425s] INFO:colcon.colcon_core.plugin_system:Skipping extension 'colcon_notification.desktop_notification.terminal_notifier': Not used on non-Darwin systems
[14.425s] INFO:colcon.colcon_core.plugin_system:Skipping extension 'colcon_notification.desktop_notification.win32': Not used on non-Windows systems
[14.425s] INFO:colcon.colcon_notification.desktop_notification:Sending desktop notification using 'notify2'
[14.446s] DEBUG:colcon.colcon_core.event_reactor:joined thread
[14.447s] INFO:colcon.colcon_core.shell:Creating prefix script '/home/bofengluo/ros2_ws/install/local_setup.ps1'
[14.449s] INFO:colcon.colcon_core.shell:Creating prefix util module '/home/bofengluo/ros2_ws/install/_local_setup_util_ps1.py'
[14.452s] INFO:colcon.colcon_core.shell:Creating prefix chain script '/home/bofengluo/ros2_ws/install/setup.ps1'
[14.453s] INFO:colcon.colcon_core.shell:Creating prefix script '/home/bofengluo/ros2_ws/install/local_setup.sh'
[14.455s] INFO:colcon.colcon_core.shell:Creating prefix util module '/home/bofengluo/ros2_ws/install/_local_setup_util_sh.py'
[14.455s] INFO:colcon.colcon_core.shell:Creating prefix chain script '/home/bofengluo/ros2_ws/install/setup.sh'
[14.457s] INFO:colcon.colcon_core.shell:Creating prefix script '/home/bofengluo/ros2_ws/install/local_setup.bash'
[14.458s] INFO:colcon.colcon_core.shell:Creating prefix chain script '/home/bofengluo/ros2_ws/install/setup.bash'
[14.459s] INFO:colcon.colcon_core.shell:Creating prefix script '/home/bofengluo/ros2_ws/install/local_setup.zsh'
[14.459s] INFO:colcon.colcon_core.shell:Creating prefix chain script '/home/bofengluo/ros2_ws/install/setup.zsh'
