[0.055s] Invoking command in '/home/zpw/UR3e-ROS2-resources/build/ur_client_library': CMAKE_PREFIX_PATH=${CMAKE_PREFIX_PATH}:/opt/ros/foxy /usr/bin/cmake --build /home/zpw/UR3e-ROS2-resources/build/ur_client_library -- -j16 -l16
[0.294s] [ 82%] Built target urcl
[0.480s] [ 88%] Built target driver_example
[0.503s] [ 94%] Built target primary_pipeline_example
[0.508s] [100%] Built target rtde_client_example
[0.633s] Invoked command in '/home/zpw/UR3e-ROS2-resources/build/ur_client_library' returned '0': CMAKE_PREFIX_PATH=${CMAKE_PREFIX_PATH}:/opt/ros/foxy /usr/bin/cmake --build /home/zpw/UR3e-ROS2-resources/build/ur_client_library -- -j16 -l16
[0.912s] Invoking command in '/home/zpw/UR3e-ROS2-resources/build/ur_client_library': CMAKE_PREFIX_PATH=${CMAKE_PREFIX_PATH}:/opt/ros/foxy /usr/bin/cmake --install /home/zpw/UR3e-ROS2-resources/build/ur_client_library
[1.006s] -- Install configuration: "RelWithDebInfo"
[1.007s] -- Up-to-date: /home/zpw/UR3e-ROS2-resources/install/ur_client_library/lib/liburcl.so
[1.007s] -- Up-to-date: /home/zpw/UR3e-ROS2-resources/install/ur_client_library/include
[1.007s] -- Up-to-date: /home/zpw/UR3e-ROS2-resources/install/ur_client_library/include/ur_client_library
[1.008s] -- Up-to-date: /home/zpw/UR3e-ROS2-resources/install/ur_client_library/include/ur_client_library/log.h
[1.010s] -- Up-to-date: /home/zpw/UR3e-ROS2-resources/install/ur_client_library/include/ur_client_library/types.h
[1.013s] -- Up-to-date: /home/zpw/UR3e-ROS2-resources/install/ur_client_library/include/ur_client_library/ur
[1.014s] -- Up-to-date: /home/zpw/UR3e-ROS2-resources/install/ur_client_library/include/ur_client_library/ur/tool_communication.h
[1.014s] -- Up-to-date: /home/zpw/UR3e-ROS2-resources/install/ur_client_library/include/ur_client_library/ur/datatypes.h
[1.015s] -- Up-to-date: /home/zpw/UR3e-ROS2-resources/install/ur_client_library/include/ur_client_library/ur/version_information.h
[1.016s] -- Up-to-date: /home/zpw/UR3e-ROS2-resources/install/ur_client_library/include/ur_client_library/ur/dashboard_client.h
[1.017s] -- Up-to-date: /home/zpw/UR3e-ROS2-resources/install/ur_client_library/include/ur_client_library/ur/calibration_checker.h
[1.018s] -- Up-to-date: /home/zpw/UR3e-ROS2-resources/install/ur_client_library/include/ur_client_library/ur/ur_driver.h
[1.019s] -- Up-to-date: /home/zpw/UR3e-ROS2-resources/install/ur_client_library/include/ur_client_library/control
[1.021s] -- Up-to-date: /home/zpw/UR3e-ROS2-resources/install/ur_client_library/include/ur_client_library/control/script_sender.h
[1.022s] -- Up-to-date: /home/zpw/UR3e-ROS2-resources/install/ur_client_library/include/ur_client_library/control/reverse_interface.h
[1.022s] -- Up-to-date: /home/zpw/UR3e-ROS2-resources/install/ur_client_library/include/ur_client_library/control/trajectory_point_interface.h
[1.022s] -- Up-to-date: /home/zpw/UR3e-ROS2-resources/install/ur_client_library/include/ur_client_library/comm
[1.023s] -- Up-to-date: /home/zpw/UR3e-ROS2-resources/install/ur_client_library/include/ur_client_library/comm/tcp_socket.h
[1.025s] -- Up-to-date: /home/zpw/UR3e-ROS2-resources/install/ur_client_library/include/ur_client_library/comm/bin_parser.h
[1.027s] -- Up-to-date: /home/zpw/UR3e-ROS2-resources/install/ur_client_library/include/ur_client_library/comm/parser.h
[1.029s] -- Up-to-date: /home/zpw/UR3e-ROS2-resources/install/ur_client_library/include/ur_client_library/comm/package.h
[1.031s] -- Up-to-date: /home/zpw/UR3e-ROS2-resources/install/ur_client_library/include/ur_client_library/comm/producer.h
[1.032s] -- Up-to-date: /home/zpw/UR3e-ROS2-resources/install/ur_client_library/include/ur_client_library/comm/package_serializer.h
[1.033s] -- Up-to-date: /home/zpw/UR3e-ROS2-resources/install/ur_client_library/include/ur_client_library/comm/pipeline.h
[1.035s] -- Up-to-date: /home/zpw/UR3e-ROS2-resources/install/ur_client_library/include/ur_client_library/comm/tcp_server.h
[1.037s] -- Up-to-date: /home/zpw/UR3e-ROS2-resources/install/ur_client_library/include/ur_client_library/comm/shell_consumer.h
[1.038s] -- Up-to-date: /home/zpw/UR3e-ROS2-resources/install/ur_client_library/include/ur_client_library/comm/stream.h
[1.038s] -- Up-to-date: /home/zpw/UR3e-ROS2-resources/install/ur_client_library/include/ur_client_library/comm/control_mode.h
[1.038s] -- Up-to-date: /home/zpw/UR3e-ROS2-resources/install/ur_client_library/include/ur_client_library/primary
[1.038s] -- Up-to-date: /home/zpw/UR3e-ROS2-resources/install/ur_client_library/include/ur_client_library/primary/robot_message.h
[1.038s] -- Up-to-date: /home/zpw/UR3e-ROS2-resources/install/ur_client_library/include/ur_client_library/primary/abstract_primary_consumer.h
[1.038s] -- Up-to-date: /home/zpw/UR3e-ROS2-resources/install/ur_client_library/include/ur_client_library/primary/robot_message
[1.039s] -- Up-to-date: /home/zpw/UR3e-ROS2-resources/install/ur_client_library/include/ur_client_library/primary/robot_message/version_message.h
[1.040s] -- Up-to-date: /home/zpw/UR3e-ROS2-resources/install/ur_client_library/include/ur_client_library/primary/primary_parser.h
[1.042s] -- Up-to-date: /home/zpw/UR3e-ROS2-resources/install/ur_client_library/include/ur_client_library/primary/package_header.h
[1.043s] -- Up-to-date: /home/zpw/UR3e-ROS2-resources/install/ur_client_library/include/ur_client_library/primary/robot_state
[1.053s] -- Up-to-date: /home/zpw/UR3e-ROS2-resources/install/ur_client_library/include/ur_client_library/primary/robot_state/kinematics_info.h
[1.054s] -- Up-to-date: /home/zpw/UR3e-ROS2-resources/install/ur_client_library/include/ur_client_library/primary/primary_package.h
[1.054s] -- Up-to-date: /home/zpw/UR3e-ROS2-resources/install/ur_client_library/include/ur_client_library/primary/robot_state.h
[1.060s] -- Up-to-date: /home/zpw/UR3e-ROS2-resources/install/ur_client_library/include/ur_client_library/exceptions.h
[1.064s] -- Up-to-date: /home/zpw/UR3e-ROS2-resources/install/ur_client_library/include/ur_client_library/default_log_handler.h
[1.068s] -- Up-to-date: /home/zpw/UR3e-ROS2-resources/install/ur_client_library/include/ur_client_library/queue
[1.069s] -- Up-to-date: /home/zpw/UR3e-ROS2-resources/install/ur_client_library/include/ur_client_library/queue/readerwriterqueue.h
[1.069s] -- Up-to-date: /home/zpw/UR3e-ROS2-resources/install/ur_client_library/include/ur_client_library/queue/LICENSE.md
[1.069s] -- Up-to-date: /home/zpw/UR3e-ROS2-resources/install/ur_client_library/include/ur_client_library/queue/atomicops.h
[1.070s] -- Up-to-date: /home/zpw/UR3e-ROS2-resources/install/ur_client_library/include/ur_client_library/rtde
[1.085s] -- Up-to-date: /home/zpw/UR3e-ROS2-resources/install/ur_client_library/include/ur_client_library/rtde/control_package_setup_inputs.h
[1.086s] -- Up-to-date: /home/zpw/UR3e-ROS2-resources/install/ur_client_library/include/ur_client_library/rtde/text_message.h
[1.087s] -- Up-to-date: /home/zpw/UR3e-ROS2-resources/install/ur_client_library/include/ur_client_library/rtde/control_package_setup_outputs.h
[1.088s] -- Up-to-date: /home/zpw/UR3e-ROS2-resources/install/ur_client_library/include/ur_client_library/rtde/get_urcontrol_version.h
[1.091s] -- Up-to-date: /home/zpw/UR3e-ROS2-resources/install/ur_client_library/include/ur_client_library/rtde/rtde_parser.h
[1.094s] -- Up-to-date: /home/zpw/UR3e-ROS2-resources/install/ur_client_library/include/ur_client_library/rtde/rtde_client.h
[1.095s] -- Up-to-date: /home/zpw/UR3e-ROS2-resources/install/ur_client_library/include/ur_client_library/rtde/control_package_start.h
[1.096s] -- Up-to-date: /home/zpw/UR3e-ROS2-resources/install/ur_client_library/include/ur_client_library/rtde/data_package.h
[1.098s] -- Up-to-date: /home/zpw/UR3e-ROS2-resources/install/ur_client_library/include/ur_client_library/rtde/package_header.h
[1.099s] -- Up-to-date: /home/zpw/UR3e-ROS2-resources/install/ur_client_library/include/ur_client_library/rtde/rtde_package.h
[1.099s] -- Up-to-date: /home/zpw/UR3e-ROS2-resources/install/ur_client_library/include/ur_client_library/rtde/control_package_pause.h
[1.101s] -- Up-to-date: /home/zpw/UR3e-ROS2-resources/install/ur_client_library/include/ur_client_library/rtde/rtde_writer.h
[1.101s] -- Up-to-date: /home/zpw/UR3e-ROS2-resources/install/ur_client_library/include/ur_client_library/rtde/request_protocol_version.h
[1.113s] -- Up-to-date: /home/zpw/UR3e-ROS2-resources/install/ur_client_library/lib/cmake/ur_client_library/urclTargets.cmake
[1.119s] -- Up-to-date: /home/zpw/UR3e-ROS2-resources/install/ur_client_library/lib/cmake/ur_client_library/urclTargets-relwithdebinfo.cmake
[1.126s] -- Up-to-date: /home/zpw/UR3e-ROS2-resources/install/ur_client_library/lib/cmake/ur_client_library/ur_client_libraryConfig.cmake
[1.129s] -- Up-to-date: /home/zpw/UR3e-ROS2-resources/install/ur_client_library/share/ur_client_library/package.xml
[1.132s] -- Up-to-date: /home/zpw/UR3e-ROS2-resources/install/ur_client_library/share/ament_index/resource_index/packages/ur_client_library
[1.132s] -- Up-to-date: /home/zpw/UR3e-ROS2-resources/install/ur_client_library/share/ur_client_library/hook/ament_prefix_path.dsv
[1.132s] -- Up-to-date: /home/zpw/UR3e-ROS2-resources/install/ur_client_library/share/ur_client_library/hook/ros_package_path.dsv
[1.137s] -- Up-to-date: /home/zpw/UR3e-ROS2-resources/install/ur_client_library/share/ur_client_library/resources
[1.142s] -- Up-to-date: /home/zpw/UR3e-ROS2-resources/install/ur_client_library/share/ur_client_library/resources/external_control.urscript
[1.177s] Invoked command in '/home/zpw/UR3e-ROS2-resources/build/ur_client_library' returned '0': CMAKE_PREFIX_PATH=${CMAKE_PREFIX_PATH}:/opt/ros/foxy /usr/bin/cmake --install /home/zpw/UR3e-ROS2-resources/build/ur_client_library
