-- Found moveit_common: 2.2.3 (/opt/ros/foxy/share/moveit_common/cmake)
-- Found ament_cmake: 0.9.9 (/opt/ros/foxy/share/ament_cmake/cmake)
-- Using PYTHON_EXECUTABLE: /usr/bin/python3
-- Override CMake install command with custom implementation using symlinks instead of copying resources
moveit_visual_tools: You did not request a specific build type: Choosing 'Release' for maximum performance
-- Found Boost: /usr/lib/x86_64-linux-gnu/cmake/Boost-1.71.0/BoostConfig.cmake (found version "1.71.0") found components: system 
-- Found geometry_msgs: 2.0.5 (/opt/ros/foxy/share/geometry_msgs/cmake)
-- Using all available rosidl_typesupport_c: rosidl_typesupport_fastrtps_c;rosidl_typesupport_introspection_c
-- Found rosidl_adapter: 1.2.1 (/opt/ros/foxy/share/rosidl_adapter/cmake)
-- Using all available rosidl_typesupport_cpp: rosidl_typesupport_fastrtps_cpp;rosidl_typesupport_introspection_cpp
-- Found graph_msgs: 0.2.0 (/opt/ros/foxy/share/graph_msgs/cmake)
-- Found moveit_core: 2.2.3 (/opt/ros/foxy/share/moveit_core/cmake)
-- Found Boost: /usr/lib/x86_64-linux-gnu/cmake/Boost-1.71.0/BoostConfig.cmake (found version "1.71.0") found components: chrono date_time filesystem iostreams program_options regex serialization system thread 
-- Found Boost: /usr/lib/x86_64-linux-gnu/cmake/Boost-1.71.0/BoostConfig.cmake (found version "1.71.0") found components: filesystem 
-- Found rmw_implementation_cmake: 1.0.3 (/opt/ros/foxy/share/rmw_implementation_cmake/cmake)
-- Using RMW implementation 'rmw_fastrtps_cpp' as default
-- library: /usr/lib/x86_64-linux-gnu/libcurl.so
-- Found moveit_ros_planning: 2.2.3 (/opt/ros/foxy/share/moveit_ros_planning/cmake)
-- Found Boost: /usr/lib/x86_64-linux-gnu/cmake/Boost-1.71.0/BoostConfig.cmake (found version "1.71.0") found components: system filesystem date_time program_options thread chrono 
-- Found Boost: /usr/lib/x86_64-linux-gnu/cmake/Boost-1.71.0/BoostConfig.cmake (found version "1.71.0") found components: thread 
-- Found rviz_visual_tools: 4.0.3 (/home/zpw/UR3e-ROS2-resources/install/rviz_visual_tools/share/rviz_visual_tools/cmake)
-- Setting OGRE_DIR to: '/opt/ros/foxy/share/rviz_ogre_vendor/cmake/../../../opt/rviz_ogre_vendor/lib/OGRE/cmake'
-- Found OGRE
--   static     : OFF
--   components : HLMS;MeshLodGenerator;Overlay;Paging;Property;RTShaderSystem;Terrain;Volume
--   plugins    : Plugin_BSPSceneManager;Plugin_OctreeSceneManager;Plugin_PCZSceneManager;Plugin_ParticleFX;RenderSystem_GL;RenderSystem_GL3Plus;Codec_STBI
--   media      : /opt/ros/foxy/opt/rviz_ogre_vendor/share/OGRE/Media
-- OGRE_LIBRARIES: OgreHLMS;OgreMeshLodGenerator;OgreOverlay;OgrePaging;OgreProperty;OgreRTShaderSystem;OgreTerrain;OgreVolume;OgreMain
-- OGRE_LIBRARY_DIRS: /opt/ros/foxy/opt/rviz_ogre_vendor/lib
-- OGRE_PLUGINS: Plugin_BSPSceneManager;Plugin_OctreeSceneManager;Plugin_PCZSceneManager;Plugin_ParticleFX;RenderSystem_GL;RenderSystem_GL3Plus;Codec_STBI
-- OGRE_PLUGIN_DIR: /opt/ros/foxy/opt/rviz_ogre_vendor/lib/OGRE
-- rviz_ogre_vendor::OgreOverlay for IMPORTED_LOCATION_RELEASE: /opt/ros/foxy/opt/rviz_ogre_vendor/lib/libOgreOverlay.so
-- rviz_ogre_vendor::OgreOverlay for IMPORTED_LOCATION_DEBUG: /opt/ros/foxy/opt/rviz_ogre_vendor/lib/libOgreOverlay.so
-- rviz_ogre_vendor::OgreMain for IMPORTED_LOCATION_RELEASE: /opt/ros/foxy/opt/rviz_ogre_vendor/lib/libOgreMain.so
-- rviz_ogre_vendor::OgreMain for IMPORTED_LOCATION_DEBUG: /opt/ros/foxy/opt/rviz_ogre_vendor/lib/libOgreMain.so
-- rviz_ogre_vendor::RenderSystem_GL for IMPORTED_LOCATION_RELEASE: _render_system_gl_static_library_abs-NOTFOUND
-- rviz_ogre_vendor::RenderSystem_GL for IMPORTED_LOCATION_DEBUG: _render_system_gl_static_library_abs-NOTFOUND
-- Setting yaml-cpp_DIR to: '/opt/ros/foxy/share/yaml_cpp_vendor/cmake/../../../opt/yaml_cpp_vendor/lib/cmake/yaml-cpp'
-- Found ament_lint_auto: 0.9.6 (/opt/ros/foxy/share/ament_lint_auto/cmake)
-- Added test 'copyright' to check source files copyright and LICENSE
-- Added test 'flake8' to check Python code syntax and style conventions
-- Added test 'lint_cmake' to check CMake code style
-- Added test 'pep257' to check Python code against some of the style conventions in PEP 257
-- Added test 'xmllint' to check XML markup files
-- Configuring done
-- Generating done
-- Build files have been written to: /home/zpw/UR3e-ROS2-resources/build/moveit_visual_tools
[ 16%] [32m[1mLinking CXX shared library libmoveit_visual_tools.so[0m
[ 66%] Built target moveit_visual_tools
[ 83%] [32m[1mLinking CXX executable moveit_visual_tools_demo[0m
[100%] Built target moveit_visual_tools_demo
-- Install configuration: "Release"
-- Execute custom install script
-- Up-to-date symlink: /home/zpw/UR3e-ROS2-resources/install/moveit_visual_tools/share/moveit_visual_tools/environment/library_path.sh
-- Up-to-date symlink: /home/zpw/UR3e-ROS2-resources/install/moveit_visual_tools/share/moveit_visual_tools/environment/library_path.dsv
-- Up-to-date symlink: /home/zpw/UR3e-ROS2-resources/install/moveit_visual_tools/lib/moveit_visual_tools/moveit_visual_tools_demo
-- Up-to-date symlink: /home/zpw/UR3e-ROS2-resources/install/moveit_visual_tools/include/moveit_visual_tools/imarker_end_effector.h
-- Up-to-date symlink: /home/zpw/UR3e-ROS2-resources/install/moveit_visual_tools/include/moveit_visual_tools/imarker_robot_state.h
-- Up-to-date symlink: /home/zpw/UR3e-ROS2-resources/install/moveit_visual_tools/include/moveit_visual_tools/moveit_visual_tools.h
-- Up-to-date symlink: /home/zpw/UR3e-ROS2-resources/install/moveit_visual_tools/share/moveit_visual_tools/launch/demo.rviz
-- Up-to-date symlink: /home/zpw/UR3e-ROS2-resources/install/moveit_visual_tools/share/moveit_visual_tools/launch/demo_rviz.launch.py
-- Up-to-date symlink: /home/zpw/UR3e-ROS2-resources/install/moveit_visual_tools/share/moveit_visual_tools/resources/demo.png
-- Up-to-date symlink: /home/zpw/UR3e-ROS2-resources/install/moveit_visual_tools/share/moveit_visual_tools/resources/demo_mesh.stl
-- Up-to-date symlink: /home/zpw/UR3e-ROS2-resources/install/moveit_visual_tools/share/moveit_visual_tools/resources/rrbot.srdf
-- Up-to-date symlink: /home/zpw/UR3e-ROS2-resources/install/moveit_visual_tools/share/moveit_visual_tools/resources/rrbot.urdf
-- Up-to-date symlink: /home/zpw/UR3e-ROS2-resources/install/moveit_visual_tools/share/moveit_visual_tools/resources/screenshot.png
-- Up-to-date symlink: /home/zpw/UR3e-ROS2-resources/install/moveit_visual_tools/share/ament_index/resource_index/package_run_dependencies/moveit_visual_tools
-- Up-to-date symlink: /home/zpw/UR3e-ROS2-resources/install/moveit_visual_tools/share/ament_index/resource_index/parent_prefix_path/moveit_visual_tools
-- Up-to-date symlink: /home/zpw/UR3e-ROS2-resources/install/moveit_visual_tools/share/moveit_visual_tools/environment/ament_prefix_path.sh
-- Up-to-date symlink: /home/zpw/UR3e-ROS2-resources/install/moveit_visual_tools/share/moveit_visual_tools/environment/ament_prefix_path.dsv
-- Up-to-date symlink: /home/zpw/UR3e-ROS2-resources/install/moveit_visual_tools/share/moveit_visual_tools/environment/path.sh
-- Up-to-date symlink: /home/zpw/UR3e-ROS2-resources/install/moveit_visual_tools/share/moveit_visual_tools/environment/path.dsv
-- Up-to-date symlink: /home/zpw/UR3e-ROS2-resources/install/moveit_visual_tools/share/moveit_visual_tools/local_setup.bash
-- Up-to-date symlink: /home/zpw/UR3e-ROS2-resources/install/moveit_visual_tools/share/moveit_visual_tools/local_setup.sh
-- Up-to-date symlink: /home/zpw/UR3e-ROS2-resources/install/moveit_visual_tools/share/moveit_visual_tools/local_setup.zsh
-- Up-to-date symlink: /home/zpw/UR3e-ROS2-resources/install/moveit_visual_tools/share/moveit_visual_tools/local_setup.dsv
-- Symlinking: /home/zpw/UR3e-ROS2-resources/install/moveit_visual_tools/share/moveit_visual_tools/package.dsv
-- Up-to-date symlink: /home/zpw/UR3e-ROS2-resources/install/moveit_visual_tools/share/ament_index/resource_index/packages/moveit_visual_tools
-- Up-to-date symlink: /home/zpw/UR3e-ROS2-resources/install/moveit_visual_tools/share/moveit_visual_tools/cmake/ament_cmake_export_targets-extras.cmake
-- Up-to-date symlink: /home/zpw/UR3e-ROS2-resources/install/moveit_visual_tools/share/moveit_visual_tools/cmake/ament_cmake_export_dependencies-extras.cmake
-- Up-to-date symlink: /home/zpw/UR3e-ROS2-resources/install/moveit_visual_tools/share/moveit_visual_tools/cmake/moveit_visual_toolsConfig.cmake
-- Up-to-date symlink: /home/zpw/UR3e-ROS2-resources/install/moveit_visual_tools/share/moveit_visual_tools/cmake/moveit_visual_toolsConfig-version.cmake
-- Up-to-date symlink: /home/zpw/UR3e-ROS2-resources/install/moveit_visual_tools/share/moveit_visual_tools/package.xml
-- Installing: /home/zpw/UR3e-ROS2-resources/install/moveit_visual_tools/lib/libmoveit_visual_tools.so
-- Set runtime path of "/home/zpw/UR3e-ROS2-resources/install/moveit_visual_tools/lib/libmoveit_visual_tools.so" to ""
-- Up-to-date: /home/zpw/UR3e-ROS2-resources/install/moveit_visual_tools/share/moveit_visual_tools/cmake/export_moveit_visual_toolsExport.cmake
-- Installing: /home/zpw/UR3e-ROS2-resources/install/moveit_visual_tools/share/moveit_visual_tools/cmake/export_moveit_visual_toolsExport-release.cmake
