[0.012s] Invoking command in '/home/zpw/UR3e-ROS2-resources/build/moveit_visual_tools': AMENT_PREFIX_PATH=/home/zpw/UR3e-ROS2-resources/install/rviz_visual_tools:${AMENT_PREFIX_PATH} CMAKE_PREFIX_PATH=/home/zpw/UR3e-ROS2-resources/install/rviz_visual_tools:/opt/ros/foxy LD_LIBRARY_PATH=/home/zpw/UR3e-ROS2-resources/install/rviz_visual_tools/lib:${LD_LIBRARY_PATH} /usr/bin/cmake /home/zpw/UR3e-ROS2-resources/src/moveit_visual_tools -DCMAKE_INSTALL_PREFIX=/home/zpw/UR3e-ROS2-resources/install/moveit_visual_tools
[0.028s] -- Found moveit_common: 2.2.3 (/opt/ros/foxy/share/moveit_common/cmake)
[0.028s] -- Found ament_cmake: 0.9.9 (/opt/ros/foxy/share/ament_cmake/cmake)
[0.049s] -- Using PYTHON_EXECUTABLE: /usr/bin/python3
[0.195s] -- Override CMake install command with custom implementation using symlinks instead of copying resources
[0.263s] moveit_visual_tools: You did not request a specific build type: Choosing 'Release' for maximum performance
[0.273s] -- Found Boost: /usr/lib/x86_64-linux-gnu/cmake/Boost-1.71.0/BoostConfig.cmake (found version "1.71.0") found components: system 
[0.277s] -- Found geometry_msgs: 2.0.5 (/opt/ros/foxy/share/geometry_msgs/cmake)
[0.292s] -- Using all available rosidl_typesupport_c: rosidl_typesupport_fastrtps_c;rosidl_typesupport_introspection_c
[0.294s] -- Found rosidl_adapter: 1.2.1 (/opt/ros/foxy/share/rosidl_adapter/cmake)
[0.386s] -- Using all available rosidl_typesupport_cpp: rosidl_typesupport_fastrtps_cpp;rosidl_typesupport_introspection_cpp
[0.443s] -- Found graph_msgs: 0.2.0 (/opt/ros/foxy/share/graph_msgs/cmake)
[0.490s] -- Found moveit_core: 2.2.3 (/opt/ros/foxy/share/moveit_core/cmake)
[0.501s] -- Found Boost: /usr/lib/x86_64-linux-gnu/cmake/Boost-1.71.0/BoostConfig.cmake (found version "1.71.0") found components: chrono date_time filesystem iostreams program_options regex serialization system thread 
[0.513s] -- Found Boost: /usr/lib/x86_64-linux-gnu/cmake/Boost-1.71.0/BoostConfig.cmake (found version "1.71.0") found components: filesystem 
[0.552s] -- Found rmw_implementation_cmake: 1.0.3 (/opt/ros/foxy/share/rmw_implementation_cmake/cmake)
[0.553s] -- Using RMW implementation 'rmw_fastrtps_cpp' as default
[0.671s] -- library: /usr/lib/x86_64-linux-gnu/libcurl.so
[2.010s] -- Found moveit_ros_planning: 2.2.3 (/opt/ros/foxy/share/moveit_ros_planning/cmake)
[2.014s] -- Found Boost: /usr/lib/x86_64-linux-gnu/cmake/Boost-1.71.0/BoostConfig.cmake (found version "1.71.0") found components: system filesystem date_time program_options thread chrono 
[2.193s] -- Found Boost: /usr/lib/x86_64-linux-gnu/cmake/Boost-1.71.0/BoostConfig.cmake (found version "1.71.0") found components: thread 
[2.595s] -- Found rviz_visual_tools: 4.0.3 (/home/zpw/UR3e-ROS2-resources/install/rviz_visual_tools/share/rviz_visual_tools/cmake)
[2.677s] -- Setting OGRE_DIR to: '/opt/ros/foxy/share/rviz_ogre_vendor/cmake/../../../opt/rviz_ogre_vendor/lib/OGRE/cmake'
[2.678s] -- Found OGRE
[2.679s] --   static     : OFF
[2.679s] --   components : HLMS;MeshLodGenerator;Overlay;Paging;Property;RTShaderSystem;Terrain;Volume
[2.679s] --   plugins    : Plugin_BSPSceneManager;Plugin_OctreeSceneManager;Plugin_PCZSceneManager;Plugin_ParticleFX;RenderSystem_GL;RenderSystem_GL3Plus;Codec_STBI
[2.679s] --   media      : /opt/ros/foxy/opt/rviz_ogre_vendor/share/OGRE/Media
[2.679s] -- OGRE_LIBRARIES: OgreHLMS;OgreMeshLodGenerator;OgreOverlay;OgrePaging;OgreProperty;OgreRTShaderSystem;OgreTerrain;OgreVolume;OgreMain
[2.679s] -- OGRE_LIBRARY_DIRS: /opt/ros/foxy/opt/rviz_ogre_vendor/lib
[2.679s] -- OGRE_PLUGINS: Plugin_BSPSceneManager;Plugin_OctreeSceneManager;Plugin_PCZSceneManager;Plugin_ParticleFX;RenderSystem_GL;RenderSystem_GL3Plus;Codec_STBI
[2.679s] -- OGRE_PLUGIN_DIR: /opt/ros/foxy/opt/rviz_ogre_vendor/lib/OGRE
[2.679s] -- rviz_ogre_vendor::OgreOverlay for IMPORTED_LOCATION_RELEASE: /opt/ros/foxy/opt/rviz_ogre_vendor/lib/libOgreOverlay.so
[2.679s] -- rviz_ogre_vendor::OgreOverlay for IMPORTED_LOCATION_DEBUG: /opt/ros/foxy/opt/rviz_ogre_vendor/lib/libOgreOverlay.so
[2.679s] -- rviz_ogre_vendor::OgreMain for IMPORTED_LOCATION_RELEASE: /opt/ros/foxy/opt/rviz_ogre_vendor/lib/libOgreMain.so
[2.680s] -- rviz_ogre_vendor::OgreMain for IMPORTED_LOCATION_DEBUG: /opt/ros/foxy/opt/rviz_ogre_vendor/lib/libOgreMain.so
[2.714s] -- rviz_ogre_vendor::RenderSystem_GL for IMPORTED_LOCATION_RELEASE: _render_system_gl_static_library_abs-NOTFOUND
[2.714s] -- rviz_ogre_vendor::RenderSystem_GL for IMPORTED_LOCATION_DEBUG: _render_system_gl_static_library_abs-NOTFOUND
[2.753s] -- Setting yaml-cpp_DIR to: '/opt/ros/foxy/share/yaml_cpp_vendor/cmake/../../../opt/yaml_cpp_vendor/lib/cmake/yaml-cpp'
[3.489s] -- Found ament_lint_auto: 0.9.6 (/opt/ros/foxy/share/ament_lint_auto/cmake)
[3.496s] -- Added test 'copyright' to check source files copyright and LICENSE
[3.497s] -- Added test 'flake8' to check Python code syntax and style conventions
[3.497s] -- Added test 'lint_cmake' to check CMake code style
[3.498s] -- Added test 'pep257' to check Python code against some of the style conventions in PEP 257
[3.499s] -- Added test 'xmllint' to check XML markup files
[3.502s] -- Configuring done
[3.629s] -- Generating done
[3.632s] -- Build files have been written to: /home/zpw/UR3e-ROS2-resources/build/moveit_visual_tools
[3.644s] Invoked command in '/home/zpw/UR3e-ROS2-resources/build/moveit_visual_tools' returned '0': AMENT_PREFIX_PATH=/home/zpw/UR3e-ROS2-resources/install/rviz_visual_tools:${AMENT_PREFIX_PATH} CMAKE_PREFIX_PATH=/home/zpw/UR3e-ROS2-resources/install/rviz_visual_tools:/opt/ros/foxy LD_LIBRARY_PATH=/home/zpw/UR3e-ROS2-resources/install/rviz_visual_tools/lib:${LD_LIBRARY_PATH} /usr/bin/cmake /home/zpw/UR3e-ROS2-resources/src/moveit_visual_tools -DCMAKE_INSTALL_PREFIX=/home/zpw/UR3e-ROS2-resources/install/moveit_visual_tools
[3.649s] Invoking command in '/home/zpw/UR3e-ROS2-resources/build/moveit_visual_tools': AMENT_PREFIX_PATH=/home/zpw/UR3e-ROS2-resources/install/rviz_visual_tools:${AMENT_PREFIX_PATH} CMAKE_PREFIX_PATH=/home/zpw/UR3e-ROS2-resources/install/rviz_visual_tools:/opt/ros/foxy LD_LIBRARY_PATH=/home/zpw/UR3e-ROS2-resources/install/rviz_visual_tools/lib:${LD_LIBRARY_PATH} /usr/bin/cmake --build /home/zpw/UR3e-ROS2-resources/build/moveit_visual_tools -- -j16 -l16
[3.761s] [ 16%] [32m[1mLinking CXX shared library libmoveit_visual_tools.so[0m
[4.760s] [ 66%] Built target moveit_visual_tools
[4.816s] [ 83%] [32m[1mLinking CXX executable moveit_visual_tools_demo[0m
[5.792s] [100%] Built target moveit_visual_tools_demo
[5.808s] Invoked command in '/home/zpw/UR3e-ROS2-resources/build/moveit_visual_tools' returned '0': AMENT_PREFIX_PATH=/home/zpw/UR3e-ROS2-resources/install/rviz_visual_tools:${AMENT_PREFIX_PATH} CMAKE_PREFIX_PATH=/home/zpw/UR3e-ROS2-resources/install/rviz_visual_tools:/opt/ros/foxy LD_LIBRARY_PATH=/home/zpw/UR3e-ROS2-resources/install/rviz_visual_tools/lib:${LD_LIBRARY_PATH} /usr/bin/cmake --build /home/zpw/UR3e-ROS2-resources/build/moveit_visual_tools -- -j16 -l16
[5.850s] Invoking command in '/home/zpw/UR3e-ROS2-resources/build/moveit_visual_tools': AMENT_PREFIX_PATH=/home/zpw/UR3e-ROS2-resources/install/rviz_visual_tools:${AMENT_PREFIX_PATH} CMAKE_PREFIX_PATH=/home/zpw/UR3e-ROS2-resources/install/rviz_visual_tools:/opt/ros/foxy LD_LIBRARY_PATH=/home/zpw/UR3e-ROS2-resources/install/rviz_visual_tools/lib:${LD_LIBRARY_PATH} /usr/bin/cmake --install /home/zpw/UR3e-ROS2-resources/build/moveit_visual_tools
[5.859s] -- Install configuration: "Release"
[5.859s] -- Execute custom install script
[5.860s] -- Up-to-date symlink: /home/zpw/UR3e-ROS2-resources/install/moveit_visual_tools/share/moveit_visual_tools/environment/library_path.sh
[5.860s] -- Up-to-date symlink: /home/zpw/UR3e-ROS2-resources/install/moveit_visual_tools/share/moveit_visual_tools/environment/library_path.dsv
[5.860s] -- Up-to-date symlink: /home/zpw/UR3e-ROS2-resources/install/moveit_visual_tools/lib/moveit_visual_tools/moveit_visual_tools_demo
[5.861s] -- Up-to-date symlink: /home/zpw/UR3e-ROS2-resources/install/moveit_visual_tools/include/moveit_visual_tools/imarker_end_effector.h
[5.861s] -- Up-to-date symlink: /home/zpw/UR3e-ROS2-resources/install/moveit_visual_tools/include/moveit_visual_tools/imarker_robot_state.h
[5.861s] -- Up-to-date symlink: /home/zpw/UR3e-ROS2-resources/install/moveit_visual_tools/include/moveit_visual_tools/moveit_visual_tools.h
[5.861s] -- Up-to-date symlink: /home/zpw/UR3e-ROS2-resources/install/moveit_visual_tools/share/moveit_visual_tools/launch/demo.rviz
[5.862s] -- Up-to-date symlink: /home/zpw/UR3e-ROS2-resources/install/moveit_visual_tools/share/moveit_visual_tools/launch/demo_rviz.launch.py
[5.862s] -- Up-to-date symlink: /home/zpw/UR3e-ROS2-resources/install/moveit_visual_tools/share/moveit_visual_tools/resources/demo.png
[5.862s] -- Up-to-date symlink: /home/zpw/UR3e-ROS2-resources/install/moveit_visual_tools/share/moveit_visual_tools/resources/demo_mesh.stl
[5.862s] -- Up-to-date symlink: /home/zpw/UR3e-ROS2-resources/install/moveit_visual_tools/share/moveit_visual_tools/resources/rrbot.srdf
[5.862s] -- Up-to-date symlink: /home/zpw/UR3e-ROS2-resources/install/moveit_visual_tools/share/moveit_visual_tools/resources/rrbot.urdf
[5.862s] -- Up-to-date symlink: /home/zpw/UR3e-ROS2-resources/install/moveit_visual_tools/share/moveit_visual_tools/resources/screenshot.png
[5.863s] -- Up-to-date symlink: /home/zpw/UR3e-ROS2-resources/install/moveit_visual_tools/share/ament_index/resource_index/package_run_dependencies/moveit_visual_tools
[5.863s] -- Up-to-date symlink: /home/zpw/UR3e-ROS2-resources/install/moveit_visual_tools/share/ament_index/resource_index/parent_prefix_path/moveit_visual_tools
[5.863s] -- Up-to-date symlink: /home/zpw/UR3e-ROS2-resources/install/moveit_visual_tools/share/moveit_visual_tools/environment/ament_prefix_path.sh
[5.863s] -- Up-to-date symlink: /home/zpw/UR3e-ROS2-resources/install/moveit_visual_tools/share/moveit_visual_tools/environment/ament_prefix_path.dsv
[5.863s] -- Up-to-date symlink: /home/zpw/UR3e-ROS2-resources/install/moveit_visual_tools/share/moveit_visual_tools/environment/path.sh
[5.863s] -- Up-to-date symlink: /home/zpw/UR3e-ROS2-resources/install/moveit_visual_tools/share/moveit_visual_tools/environment/path.dsv
[5.863s] -- Up-to-date symlink: /home/zpw/UR3e-ROS2-resources/install/moveit_visual_tools/share/moveit_visual_tools/local_setup.bash
[5.864s] -- Up-to-date symlink: /home/zpw/UR3e-ROS2-resources/install/moveit_visual_tools/share/moveit_visual_tools/local_setup.sh
[5.864s] -- Up-to-date symlink: /home/zpw/UR3e-ROS2-resources/install/moveit_visual_tools/share/moveit_visual_tools/local_setup.zsh
[5.864s] -- Up-to-date symlink: /home/zpw/UR3e-ROS2-resources/install/moveit_visual_tools/share/moveit_visual_tools/local_setup.dsv
[5.864s] -- Symlinking: /home/zpw/UR3e-ROS2-resources/install/moveit_visual_tools/share/moveit_visual_tools/package.dsv
[5.877s] -- Up-to-date symlink: /home/zpw/UR3e-ROS2-resources/install/moveit_visual_tools/share/ament_index/resource_index/packages/moveit_visual_tools
[5.878s] -- Up-to-date symlink: /home/zpw/UR3e-ROS2-resources/install/moveit_visual_tools/share/moveit_visual_tools/cmake/ament_cmake_export_targets-extras.cmake
[5.878s] -- Up-to-date symlink: /home/zpw/UR3e-ROS2-resources/install/moveit_visual_tools/share/moveit_visual_tools/cmake/ament_cmake_export_dependencies-extras.cmake
[5.878s] -- Up-to-date symlink: /home/zpw/UR3e-ROS2-resources/install/moveit_visual_tools/share/moveit_visual_tools/cmake/moveit_visual_toolsConfig.cmake
[5.878s] -- Up-to-date symlink: /home/zpw/UR3e-ROS2-resources/install/moveit_visual_tools/share/moveit_visual_tools/cmake/moveit_visual_toolsConfig-version.cmake
[5.878s] -- Up-to-date symlink: /home/zpw/UR3e-ROS2-resources/install/moveit_visual_tools/share/moveit_visual_tools/package.xml
[5.878s] -- Installing: /home/zpw/UR3e-ROS2-resources/install/moveit_visual_tools/lib/libmoveit_visual_tools.so
[5.879s] -- Set runtime path of "/home/zpw/UR3e-ROS2-resources/install/moveit_visual_tools/lib/libmoveit_visual_tools.so" to ""
[5.879s] -- Up-to-date: /home/zpw/UR3e-ROS2-resources/install/moveit_visual_tools/share/moveit_visual_tools/cmake/export_moveit_visual_toolsExport.cmake
[5.879s] -- Installing: /home/zpw/UR3e-ROS2-resources/install/moveit_visual_tools/share/moveit_visual_tools/cmake/export_moveit_visual_toolsExport-release.cmake
[5.883s] Invoked command in '/home/zpw/UR3e-ROS2-resources/build/moveit_visual_tools' returned '0': AMENT_PREFIX_PATH=/home/zpw/UR3e-ROS2-resources/install/rviz_visual_tools:${AMENT_PREFIX_PATH} CMAKE_PREFIX_PATH=/home/zpw/UR3e-ROS2-resources/install/rviz_visual_tools:/opt/ros/foxy LD_LIBRARY_PATH=/home/zpw/UR3e-ROS2-resources/install/rviz_visual_tools/lib:${LD_LIBRARY_PATH} /usr/bin/cmake --install /home/zpw/UR3e-ROS2-resources/build/moveit_visual_tools
