[0.473s] Invoking command in '/home/zpw/UR3e-ROS2-resources/build/ur_description': CMAKE_PREFIX_PATH=${CMAKE_PREFIX_PATH}:/home/zpw/UR3e-ROS2-resources/install/vr_connector:/home/zpw/UR3e-ROS2-resources/install/unity_robotics_demo:/home/zpw/UR3e-ROS2-resources/install/ros_tcp_endpoint:/opt/ros/foxy /usr/bin/cmake --build /home/zpw/UR3e-ROS2-resources/build/ur_description -- -j16 -l16
[3.403s] Invoked command in '/home/zpw/UR3e-ROS2-resources/build/ur_description' returned '0': CMAKE_PREFIX_PATH=${CMAKE_PREFIX_PATH}:/home/zpw/UR3e-ROS2-resources/install/vr_connector:/home/zpw/UR3e-ROS2-resources/install/unity_robotics_demo:/home/zpw/UR3e-ROS2-resources/install/ros_tcp_endpoint:/opt/ros/foxy /usr/bin/cmake --build /home/zpw/UR3e-ROS2-resources/build/ur_description -- -j16 -l16
[3.594s] Invoking command in '/home/zpw/UR3e-ROS2-resources/build/ur_description': CMAKE_PREFIX_PATH=${CMAKE_PREFIX_PATH}:/home/zpw/UR3e-ROS2-resources/install/vr_connector:/home/zpw/UR3e-ROS2-resources/install/unity_robotics_demo:/home/zpw/UR3e-ROS2-resources/install/ros_tcp_endpoint:/opt/ros/foxy /usr/bin/cmake --install /home/zpw/UR3e-ROS2-resources/build/ur_description
[3.703s] -- Install configuration: ""
[3.704s] -- Execute custom install script
[3.705s] -- Up-to-date symlink: /home/zpw/UR3e-ROS2-resources/install/ur_description/share/ur_description/config/initial_positions.yaml
[3.708s] -- Up-to-date symlink: /home/zpw/UR3e-ROS2-resources/install/ur_description/share/ur_description/config/ur10/default_kinematics.yaml
[3.708s] -- Up-to-date symlink: /home/zpw/UR3e-ROS2-resources/install/ur_description/share/ur_description/config/ur10/joint_limits.yaml
[3.708s] -- Up-to-date symlink: /home/zpw/UR3e-ROS2-resources/install/ur_description/share/ur_description/config/ur10/physical_parameters.yaml
[3.708s] -- Up-to-date symlink: /home/zpw/UR3e-ROS2-resources/install/ur_description/share/ur_description/config/ur10/visual_parameters.yaml
[3.708s] -- Up-to-date symlink: /home/zpw/UR3e-ROS2-resources/install/ur_description/share/ur_description/config/ur10e/default_kinematics.yaml
[3.708s] -- Up-to-date symlink: /home/zpw/UR3e-ROS2-resources/install/ur_description/share/ur_description/config/ur10e/joint_limits.yaml
[3.708s] -- Up-to-date symlink: /home/zpw/UR3e-ROS2-resources/install/ur_description/share/ur_description/config/ur10e/physical_parameters.yaml
[3.708s] -- Up-to-date symlink: /home/zpw/UR3e-ROS2-resources/install/ur_description/share/ur_description/config/ur10e/visual_parameters.yaml
[3.708s] -- Up-to-date symlink: /home/zpw/UR3e-ROS2-resources/install/ur_description/share/ur_description/config/ur16e/default_kinematics.yaml
[3.708s] -- Up-to-date symlink: /home/zpw/UR3e-ROS2-resources/install/ur_description/share/ur_description/config/ur16e/joint_limits.yaml
[3.709s] -- Up-to-date symlink: /home/zpw/UR3e-ROS2-resources/install/ur_description/share/ur_description/config/ur16e/physical_parameters.yaml
[3.709s] -- Up-to-date symlink: /home/zpw/UR3e-ROS2-resources/install/ur_description/share/ur_description/config/ur16e/visual_parameters.yaml
[3.709s] -- Up-to-date symlink: /home/zpw/UR3e-ROS2-resources/install/ur_description/share/ur_description/config/ur3/default_kinematics.yaml
[3.710s] -- Up-to-date symlink: /home/zpw/UR3e-ROS2-resources/install/ur_description/share/ur_description/config/ur3/joint_limits.yaml
[3.710s] -- Up-to-date symlink: /home/zpw/UR3e-ROS2-resources/install/ur_description/share/ur_description/config/ur3/physical_parameters.yaml
[3.710s] -- Up-to-date symlink: /home/zpw/UR3e-ROS2-resources/install/ur_description/share/ur_description/config/ur3/visual_parameters.yaml
[3.710s] -- Up-to-date symlink: /home/zpw/UR3e-ROS2-resources/install/ur_description/share/ur_description/config/ur3e/default_kinematics.yaml
[3.710s] -- Up-to-date symlink: /home/zpw/UR3e-ROS2-resources/install/ur_description/share/ur_description/config/ur3e/joint_limits.yaml
[3.711s] -- Up-to-date symlink: /home/zpw/UR3e-ROS2-resources/install/ur_description/share/ur_description/config/ur3e/physical_parameters.yaml
[3.711s] -- Up-to-date symlink: /home/zpw/UR3e-ROS2-resources/install/ur_description/share/ur_description/config/ur3e/visual_parameters.yaml
[3.711s] -- Up-to-date symlink: /home/zpw/UR3e-ROS2-resources/install/ur_description/share/ur_description/config/ur5/default_kinematics.yaml
[3.711s] -- Up-to-date symlink: /home/zpw/UR3e-ROS2-resources/install/ur_description/share/ur_description/config/ur5/joint_limits.yaml
[3.711s] -- Up-to-date symlink: /home/zpw/UR3e-ROS2-resources/install/ur_description/share/ur_description/config/ur5/physical_parameters.yaml
[3.711s] -- Up-to-date symlink: /home/zpw/UR3e-ROS2-resources/install/ur_description/share/ur_description/config/ur5/visual_parameters.yaml
[3.711s] -- Up-to-date symlink: /home/zpw/UR3e-ROS2-resources/install/ur_description/share/ur_description/config/ur5e/default_kinematics.yaml
[3.711s] -- Up-to-date symlink: /home/zpw/UR3e-ROS2-resources/install/ur_description/share/ur_description/config/ur5e/joint_limits.yaml
[3.711s] -- Up-to-date symlink: /home/zpw/UR3e-ROS2-resources/install/ur_description/share/ur_description/config/ur5e/physical_parameters.yaml
[3.711s] -- Up-to-date symlink: /home/zpw/UR3e-ROS2-resources/install/ur_description/share/ur_description/config/ur5e/visual_parameters.yaml
[3.711s] -- Up-to-date symlink: /home/zpw/UR3e-ROS2-resources/install/ur_description/share/ur_description/launch/view_ur.launch.py
[3.711s] -- Up-to-date symlink: /home/zpw/UR3e-ROS2-resources/install/ur_description/share/ur_description/meshes/ur10/collision/base.stl
[3.712s] -- Up-to-date symlink: /home/zpw/UR3e-ROS2-resources/install/ur_description/share/ur_description/meshes/ur10/collision/forearm.stl
[3.712s] -- Up-to-date symlink: /home/zpw/UR3e-ROS2-resources/install/ur_description/share/ur_description/meshes/ur10/collision/shoulder.stl
[3.712s] -- Up-to-date symlink: /home/zpw/UR3e-ROS2-resources/install/ur_description/share/ur_description/meshes/ur10/collision/upperarm.stl
[3.712s] -- Up-to-date symlink: /home/zpw/UR3e-ROS2-resources/install/ur_description/share/ur_description/meshes/ur10/collision/wrist1.stl
[3.712s] -- Up-to-date symlink: /home/zpw/UR3e-ROS2-resources/install/ur_description/share/ur_description/meshes/ur10/collision/wrist2.stl
[3.712s] -- Up-to-date symlink: /home/zpw/UR3e-ROS2-resources/install/ur_description/share/ur_description/meshes/ur10/collision/wrist3.stl
[3.712s] -- Up-to-date symlink: /home/zpw/UR3e-ROS2-resources/install/ur_description/share/ur_description/meshes/ur10/visual/base.dae
[3.714s] -- Up-to-date symlink: /home/zpw/UR3e-ROS2-resources/install/ur_description/share/ur_description/meshes/ur10/visual/forearm.dae
[3.714s] -- Up-to-date symlink: /home/zpw/UR3e-ROS2-resources/install/ur_description/share/ur_description/meshes/ur10/visual/shoulder.dae
[3.714s] -- Up-to-date symlink: /home/zpw/UR3e-ROS2-resources/install/ur_description/share/ur_description/meshes/ur10/visual/upperarm.dae
[3.714s] -- Up-to-date symlink: /home/zpw/UR3e-ROS2-resources/install/ur_description/share/ur_description/meshes/ur10/visual/wrist1.dae
[3.715s] -- Up-to-date symlink: /home/zpw/UR3e-ROS2-resources/install/ur_description/share/ur_description/meshes/ur10/visual/wrist2.dae
[3.715s] -- Up-to-date symlink: /home/zpw/UR3e-ROS2-resources/install/ur_description/share/ur_description/meshes/ur10/visual/wrist3.dae
[3.715s] -- Up-to-date symlink: /home/zpw/UR3e-ROS2-resources/install/ur_description/share/ur_description/meshes/ur10e/collision/base.stl
[3.715s] -- Up-to-date symlink: /home/zpw/UR3e-ROS2-resources/install/ur_description/share/ur_description/meshes/ur10e/collision/forearm.stl
[3.715s] -- Up-to-date symlink: /home/zpw/UR3e-ROS2-resources/install/ur_description/share/ur_description/meshes/ur10e/collision/shoulder.stl
[3.715s] -- Up-to-date symlink: /home/zpw/UR3e-ROS2-resources/install/ur_description/share/ur_description/meshes/ur10e/collision/upperarm.stl
[3.716s] -- Up-to-date symlink: /home/zpw/UR3e-ROS2-resources/install/ur_description/share/ur_description/meshes/ur10e/collision/wrist1.stl
[3.716s] -- Up-to-date symlink: /home/zpw/UR3e-ROS2-resources/install/ur_description/share/ur_description/meshes/ur10e/collision/wrist2.stl
[3.716s] -- Up-to-date symlink: /home/zpw/UR3e-ROS2-resources/install/ur_description/share/ur_description/meshes/ur10e/collision/wrist3.stl
[3.716s] -- Up-to-date symlink: /home/zpw/UR3e-ROS2-resources/install/ur_description/share/ur_description/meshes/ur10e/visual/base.dae
[3.716s] -- Up-to-date symlink: /home/zpw/UR3e-ROS2-resources/install/ur_description/share/ur_description/meshes/ur10e/visual/forearm.dae
[3.716s] -- Up-to-date symlink: /home/zpw/UR3e-ROS2-resources/install/ur_description/share/ur_description/meshes/ur10e/visual/shoulder.dae
[3.716s] -- Up-to-date symlink: /home/zpw/UR3e-ROS2-resources/install/ur_description/share/ur_description/meshes/ur10e/visual/upperarm.dae
[3.716s] -- Up-to-date symlink: /home/zpw/UR3e-ROS2-resources/install/ur_description/share/ur_description/meshes/ur10e/visual/wrist1.dae
[3.717s] -- Up-to-date symlink: /home/zpw/UR3e-ROS2-resources/install/ur_description/share/ur_description/meshes/ur10e/visual/wrist2.dae
[3.717s] -- Up-to-date symlink: /home/zpw/UR3e-ROS2-resources/install/ur_description/share/ur_description/meshes/ur10e/visual/wrist3.dae
[3.718s] -- Up-to-date symlink: /home/zpw/UR3e-ROS2-resources/install/ur_description/share/ur_description/meshes/ur16e/collision/forearm.stl
[3.719s] -- Up-to-date symlink: /home/zpw/UR3e-ROS2-resources/install/ur_description/share/ur_description/meshes/ur16e/collision/upperarm.stl
[3.720s] -- Up-to-date symlink: /home/zpw/UR3e-ROS2-resources/install/ur_description/share/ur_description/meshes/ur16e/visual/forearm.dae
[3.721s] -- Up-to-date symlink: /home/zpw/UR3e-ROS2-resources/install/ur_description/share/ur_description/meshes/ur16e/visual/upperarm.dae
[3.722s] -- Up-to-date symlink: /home/zpw/UR3e-ROS2-resources/install/ur_description/share/ur_description/meshes/ur3/collision/base.stl
[3.723s] -- Up-to-date symlink: /home/zpw/UR3e-ROS2-resources/install/ur_description/share/ur_description/meshes/ur3/collision/forearm.stl
[3.736s] -- Up-to-date symlink: /home/zpw/UR3e-ROS2-resources/install/ur_description/share/ur_description/meshes/ur3/collision/shoulder.stl
[3.736s] -- Up-to-date symlink: /home/zpw/UR3e-ROS2-resources/install/ur_description/share/ur_description/meshes/ur3/collision/upperarm.stl
[3.736s] -- Up-to-date symlink: /home/zpw/UR3e-ROS2-resources/install/ur_description/share/ur_description/meshes/ur3/collision/wrist1.stl
[3.736s] -- Up-to-date symlink: /home/zpw/UR3e-ROS2-resources/install/ur_description/share/ur_description/meshes/ur3/collision/wrist2.stl
[3.737s] -- Up-to-date symlink: /home/zpw/UR3e-ROS2-resources/install/ur_description/share/ur_description/meshes/ur3/collision/wrist3.stl
[3.737s] -- Up-to-date symlink: /home/zpw/UR3e-ROS2-resources/install/ur_description/share/ur_description/meshes/ur3/visual/base.dae
[3.737s] -- Up-to-date symlink: /home/zpw/UR3e-ROS2-resources/install/ur_description/share/ur_description/meshes/ur3/visual/forearm.dae
[3.737s] -- Up-to-date symlink: /home/zpw/UR3e-ROS2-resources/install/ur_description/share/ur_description/meshes/ur3/visual/shoulder.dae
[3.737s] -- Up-to-date symlink: /home/zpw/UR3e-ROS2-resources/install/ur_description/share/ur_description/meshes/ur3/visual/upperarm.dae
[3.737s] -- Up-to-date symlink: /home/zpw/UR3e-ROS2-resources/install/ur_description/share/ur_description/meshes/ur3/visual/wrist1.dae
[3.737s] -- Up-to-date symlink: /home/zpw/UR3e-ROS2-resources/install/ur_description/share/ur_description/meshes/ur3/visual/wrist2.dae
[3.737s] -- Up-to-date symlink: /home/zpw/UR3e-ROS2-resources/install/ur_description/share/ur_description/meshes/ur3/visual/wrist3.dae
[3.737s] -- Up-to-date symlink: /home/zpw/UR3e-ROS2-resources/install/ur_description/share/ur_description/meshes/ur3e/collision/base.stl
[3.738s] -- Up-to-date symlink: /home/zpw/UR3e-ROS2-resources/install/ur_description/share/ur_description/meshes/ur3e/collision/forearm.stl
[3.738s] -- Up-to-date symlink: /home/zpw/UR3e-ROS2-resources/install/ur_description/share/ur_description/meshes/ur3e/collision/shoulder.stl
[3.738s] -- Up-to-date symlink: /home/zpw/UR3e-ROS2-resources/install/ur_description/share/ur_description/meshes/ur3e/collision/upperarm.stl
[3.738s] -- Up-to-date symlink: /home/zpw/UR3e-ROS2-resources/install/ur_description/share/ur_description/meshes/ur3e/collision/wrist1.stl
[3.738s] -- Up-to-date symlink: /home/zpw/UR3e-ROS2-resources/install/ur_description/share/ur_description/meshes/ur3e/collision/wrist2.stl
[3.738s] -- Up-to-date symlink: /home/zpw/UR3e-ROS2-resources/install/ur_description/share/ur_description/meshes/ur3e/collision/wrist3.stl
[3.739s] -- Up-to-date symlink: /home/zpw/UR3e-ROS2-resources/install/ur_description/share/ur_description/meshes/ur3e/visual/base.dae
[3.739s] -- Up-to-date symlink: /home/zpw/UR3e-ROS2-resources/install/ur_description/share/ur_description/meshes/ur3e/visual/forearm.dae
[3.739s] -- Up-to-date symlink: /home/zpw/UR3e-ROS2-resources/install/ur_description/share/ur_description/meshes/ur3e/visual/shoulder.dae
[3.739s] -- Up-to-date symlink: /home/zpw/UR3e-ROS2-resources/install/ur_description/share/ur_description/meshes/ur3e/visual/upperarm.dae
[3.740s] -- Up-to-date symlink: /home/zpw/UR3e-ROS2-resources/install/ur_description/share/ur_description/meshes/ur3e/visual/wrist1.dae
[3.740s] -- Up-to-date symlink: /home/zpw/UR3e-ROS2-resources/install/ur_description/share/ur_description/meshes/ur3e/visual/wrist2.dae
[3.740s] -- Up-to-date symlink: /home/zpw/UR3e-ROS2-resources/install/ur_description/share/ur_description/meshes/ur3e/visual/wrist3.dae
[3.740s] -- Up-to-date symlink: /home/zpw/UR3e-ROS2-resources/install/ur_description/share/ur_description/meshes/ur5/collision/base.stl
[3.740s] -- Up-to-date symlink: /home/zpw/UR3e-ROS2-resources/install/ur_description/share/ur_description/meshes/ur5/collision/forearm.stl
[3.740s] -- Up-to-date symlink: /home/zpw/UR3e-ROS2-resources/install/ur_description/share/ur_description/meshes/ur5/collision/shoulder.stl
[3.740s] -- Up-to-date symlink: /home/zpw/UR3e-ROS2-resources/install/ur_description/share/ur_description/meshes/ur5/collision/upperarm.stl
[3.740s] -- Up-to-date symlink: /home/zpw/UR3e-ROS2-resources/install/ur_description/share/ur_description/meshes/ur5/collision/wrist1.stl
[3.740s] -- Up-to-date symlink: /home/zpw/UR3e-ROS2-resources/install/ur_description/share/ur_description/meshes/ur5/collision/wrist2.stl
[3.740s] -- Up-to-date symlink: /home/zpw/UR3e-ROS2-resources/install/ur_description/share/ur_description/meshes/ur5/collision/wrist3.stl
[3.740s] -- Up-to-date symlink: /home/zpw/UR3e-ROS2-resources/install/ur_description/share/ur_description/meshes/ur5/visual/base.dae
[3.740s] -- Up-to-date symlink: /home/zpw/UR3e-ROS2-resources/install/ur_description/share/ur_description/meshes/ur5/visual/forearm.dae
[3.740s] -- Up-to-date symlink: /home/zpw/UR3e-ROS2-resources/install/ur_description/share/ur_description/meshes/ur5/visual/shoulder.dae
[3.741s] -- Up-to-date symlink: /home/zpw/UR3e-ROS2-resources/install/ur_description/share/ur_description/meshes/ur5/visual/upperarm.dae
[3.741s] -- Up-to-date symlink: /home/zpw/UR3e-ROS2-resources/install/ur_description/share/ur_description/meshes/ur5/visual/wrist1.dae
[3.741s] -- Up-to-date symlink: /home/zpw/UR3e-ROS2-resources/install/ur_description/share/ur_description/meshes/ur5/visual/wrist2.dae
[3.741s] -- Up-to-date symlink: /home/zpw/UR3e-ROS2-resources/install/ur_description/share/ur_description/meshes/ur5/visual/wrist3.dae
[3.741s] -- Up-to-date symlink: /home/zpw/UR3e-ROS2-resources/install/ur_description/share/ur_description/meshes/ur5e/collision/base.stl
[3.741s] -- Up-to-date symlink: /home/zpw/UR3e-ROS2-resources/install/ur_description/share/ur_description/meshes/ur5e/collision/forearm.stl
[3.745s] -- Up-to-date symlink: /home/zpw/UR3e-ROS2-resources/install/ur_description/share/ur_description/meshes/ur5e/collision/shoulder.stl
[3.745s] -- Up-to-date symlink: /home/zpw/UR3e-ROS2-resources/install/ur_description/share/ur_description/meshes/ur5e/collision/upperarm.stl
[3.745s] -- Up-to-date symlink: /home/zpw/UR3e-ROS2-resources/install/ur_description/share/ur_description/meshes/ur5e/collision/wrist1.stl
[3.745s] -- Up-to-date symlink: /home/zpw/UR3e-ROS2-resources/install/ur_description/share/ur_description/meshes/ur5e/collision/wrist2.stl
[3.745s] -- Up-to-date symlink: /home/zpw/UR3e-ROS2-resources/install/ur_description/share/ur_description/meshes/ur5e/collision/wrist3.stl
[3.746s] -- Up-to-date symlink: /home/zpw/UR3e-ROS2-resources/install/ur_description/share/ur_description/meshes/ur5e/visual/base.dae
[3.746s] -- Up-to-date symlink: /home/zpw/UR3e-ROS2-resources/install/ur_description/share/ur_description/meshes/ur5e/visual/forearm.dae
[3.747s] -- Up-to-date symlink: /home/zpw/UR3e-ROS2-resources/install/ur_description/share/ur_description/meshes/ur5e/visual/shoulder.dae
[3.750s] -- Up-to-date symlink: /home/zpw/UR3e-ROS2-resources/install/ur_description/share/ur_description/meshes/ur5e/visual/upperarm.dae
[3.751s] -- Up-to-date symlink: /home/zpw/UR3e-ROS2-resources/install/ur_description/share/ur_description/meshes/ur5e/visual/wrist1.dae
[3.752s] -- Up-to-date symlink: /home/zpw/UR3e-ROS2-resources/install/ur_description/share/ur_description/meshes/ur5e/visual/wrist2.dae
[3.760s] -- Up-to-date symlink: /home/zpw/UR3e-ROS2-resources/install/ur_description/share/ur_description/meshes/ur5e/visual/wrist3.dae
[3.771s] -- Up-to-date symlink: /home/zpw/UR3e-ROS2-resources/install/ur_description/share/ur_description/rviz/view_robot.rviz
[3.777s] -- Up-to-date symlink: /home/zpw/UR3e-ROS2-resources/install/ur_description/share/ur_description/urdf/inc/ur_common.xacro
[3.792s] -- Up-to-date symlink: /home/zpw/UR3e-ROS2-resources/install/ur_description/share/ur_description/urdf/inc/ur_transmissions.xacro
[3.804s] -- Up-to-date symlink: /home/zpw/UR3e-ROS2-resources/install/ur_description/share/ur_description/urdf/ur.ros2_control.xacro
[3.807s] -- Up-to-date symlink: /home/zpw/UR3e-ROS2-resources/install/ur_description/share/ur_description/urdf/ur.urdf.xacro
[3.808s] -- Up-to-date symlink: /home/zpw/UR3e-ROS2-resources/install/ur_description/share/ur_description/urdf/ur_macro.xacro
[3.808s] -- Up-to-date symlink: /home/zpw/UR3e-ROS2-resources/install/ur_description/share/ament_index/resource_index/package_run_dependencies/ur_description
[3.810s] -- Up-to-date symlink: /home/zpw/UR3e-ROS2-resources/install/ur_description/share/ament_index/resource_index/parent_prefix_path/ur_description
[3.811s] -- Up-to-date symlink: /home/zpw/UR3e-ROS2-resources/install/ur_description/share/ur_description/environment/ament_prefix_path.sh
[3.812s] -- Up-to-date symlink: /home/zpw/UR3e-ROS2-resources/install/ur_description/share/ur_description/environment/ament_prefix_path.dsv
[3.813s] -- Up-to-date symlink: /home/zpw/UR3e-ROS2-resources/install/ur_description/share/ur_description/environment/path.sh
[3.820s] -- Up-to-date symlink: /home/zpw/UR3e-ROS2-resources/install/ur_description/share/ur_description/environment/path.dsv
[3.822s] -- Up-to-date symlink: /home/zpw/UR3e-ROS2-resources/install/ur_description/share/ur_description/local_setup.bash
[3.822s] -- Up-to-date symlink: /home/zpw/UR3e-ROS2-resources/install/ur_description/share/ur_description/local_setup.sh
[3.883s] -- Up-to-date symlink: /home/zpw/UR3e-ROS2-resources/install/ur_description/share/ur_description/local_setup.zsh
[3.884s] -- Up-to-date symlink: /home/zpw/UR3e-ROS2-resources/install/ur_description/share/ur_description/local_setup.dsv
[3.890s] -- Symlinking: /home/zpw/UR3e-ROS2-resources/install/ur_description/share/ur_description/package.dsv
[3.956s] -- Up-to-date symlink: /home/zpw/UR3e-ROS2-resources/install/ur_description/share/ament_index/resource_index/packages/ur_description
[3.957s] -- Up-to-date symlink: /home/zpw/UR3e-ROS2-resources/install/ur_description/share/ur_description/cmake/ur_descriptionConfig.cmake
[3.958s] -- Up-to-date symlink: /home/zpw/UR3e-ROS2-resources/install/ur_description/share/ur_description/cmake/ur_descriptionConfig-version.cmake
[3.958s] -- Up-to-date symlink: /home/zpw/UR3e-ROS2-resources/install/ur_description/share/ur_description/package.xml
[4.347s] Invoked command in '/home/zpw/UR3e-ROS2-resources/build/ur_description' returned '0': CMAKE_PREFIX_PATH=${CMAKE_PREFIX_PATH}:/home/zpw/UR3e-ROS2-resources/install/vr_connector:/home/zpw/UR3e-ROS2-resources/install/unity_robotics_demo:/home/zpw/UR3e-ROS2-resources/install/ros_tcp_endpoint:/opt/ros/foxy /usr/bin/cmake --install /home/zpw/UR3e-ROS2-resources/build/ur_description
