[0.083s] Invoking command in '/home/zpw/UR3e-ROS2-resources/build/moveit_visual_tools': CMAKE_PREFIX_PATH=/home/zpw/UR3e-ROS2-resources/install/rviz_visual_tools:/home/zpw/UR3e-ROS2-resources/install/ur_robot_driver:/home/zpw/UR3e-ROS2-resources/install/ur_controllers:/home/zpw/UR3e-ROS2-resources/install/ur_msgs:/home/zpw/UR3e-ROS2-resources/install/ur_moveit_config:/home/zpw/UR3e-ROS2-resources/install/ur_description:/home/zpw/UR3e-ROS2-resources/install/ur_dashboard_msgs:/home/zpw/UR3e-ROS2-resources/install/ur_client_library:/home/zpw/UR3e-ROS2-resources/install/ur_bringup:/home/zpw/UR3e-ROS2-resources/install/ur3e_tutorials:/home/zpw/UR3e-ROS2-resources/install/teleop:/home/zpw/UR3e-ROS2-resources/install/moveit_tools:/home/zpw/UR3e-ROS2-resources/install/cartesian_waypoint_execution:/home/zpw/UR3e-ROS2-resources/install/moveit_visual_tools:/opt/ros/foxy LD_LIBRARY_PATH=/home/zpw/UR3e-ROS2-resources/install/rviz_visual_tools/lib:/home/zpw/UR3e-ROS2-resources/install/ur_robot_driver/lib:/home/zpw/UR3e-ROS2-resources/install/ur_controllers/lib:/home/zpw/UR3e-ROS2-resources/install/ur_msgs/lib:/home/zpw/UR3e-ROS2-resources/install/ur_dashboard_msgs/lib:/home/zpw/UR3e-ROS2-resources/install/ur_client_library/lib:/home/zpw/UR3e-ROS2-resources/install/teleop/lib:/home/zpw/UR3e-ROS2-resources/install/moveit_visual_tools/lib:/opt/ros/foxy/opt/yaml_cpp_vendor/lib:/opt/ros/foxy/opt/rviz_ogre_vendor/lib:/opt/ros/foxy/lib/x86_64-linux-gnu:/opt/ros/foxy/lib /usr/bin/cmake --build /home/zpw/UR3e-ROS2-resources/build/moveit_visual_tools -- -j16 -l16
[0.222s] [ 66%] Built target moveit_visual_tools
[0.287s] [100%] Built target moveit_visual_tools_demo
[0.334s] Invoked command in '/home/zpw/UR3e-ROS2-resources/build/moveit_visual_tools' returned '0': CMAKE_PREFIX_PATH=/home/zpw/UR3e-ROS2-resources/install/rviz_visual_tools:/home/zpw/UR3e-ROS2-resources/install/ur_robot_driver:/home/zpw/UR3e-ROS2-resources/install/ur_controllers:/home/zpw/UR3e-ROS2-resources/install/ur_msgs:/home/zpw/UR3e-ROS2-resources/install/ur_moveit_config:/home/zpw/UR3e-ROS2-resources/install/ur_description:/home/zpw/UR3e-ROS2-resources/install/ur_dashboard_msgs:/home/zpw/UR3e-ROS2-resources/install/ur_client_library:/home/zpw/UR3e-ROS2-resources/install/ur_bringup:/home/zpw/UR3e-ROS2-resources/install/ur3e_tutorials:/home/zpw/UR3e-ROS2-resources/install/teleop:/home/zpw/UR3e-ROS2-resources/install/moveit_tools:/home/zpw/UR3e-ROS2-resources/install/cartesian_waypoint_execution:/home/zpw/UR3e-ROS2-resources/install/moveit_visual_tools:/opt/ros/foxy LD_LIBRARY_PATH=/home/zpw/UR3e-ROS2-resources/install/rviz_visual_tools/lib:/home/zpw/UR3e-ROS2-resources/install/ur_robot_driver/lib:/home/zpw/UR3e-ROS2-resources/install/ur_controllers/lib:/home/zpw/UR3e-ROS2-resources/install/ur_msgs/lib:/home/zpw/UR3e-ROS2-resources/install/ur_dashboard_msgs/lib:/home/zpw/UR3e-ROS2-resources/install/ur_client_library/lib:/home/zpw/UR3e-ROS2-resources/install/teleop/lib:/home/zpw/UR3e-ROS2-resources/install/moveit_visual_tools/lib:/opt/ros/foxy/opt/yaml_cpp_vendor/lib:/opt/ros/foxy/opt/rviz_ogre_vendor/lib:/opt/ros/foxy/lib/x86_64-linux-gnu:/opt/ros/foxy/lib /usr/bin/cmake --build /home/zpw/UR3e-ROS2-resources/build/moveit_visual_tools -- -j16 -l16
[0.374s] Invoking command in '/home/zpw/UR3e-ROS2-resources/build/moveit_visual_tools': CMAKE_PREFIX_PATH=/home/zpw/UR3e-ROS2-resources/install/rviz_visual_tools:/home/zpw/UR3e-ROS2-resources/install/ur_robot_driver:/home/zpw/UR3e-ROS2-resources/install/ur_controllers:/home/zpw/UR3e-ROS2-resources/install/ur_msgs:/home/zpw/UR3e-ROS2-resources/install/ur_moveit_config:/home/zpw/UR3e-ROS2-resources/install/ur_description:/home/zpw/UR3e-ROS2-resources/install/ur_dashboard_msgs:/home/zpw/UR3e-ROS2-resources/install/ur_client_library:/home/zpw/UR3e-ROS2-resources/install/ur_bringup:/home/zpw/UR3e-ROS2-resources/install/ur3e_tutorials:/home/zpw/UR3e-ROS2-resources/install/teleop:/home/zpw/UR3e-ROS2-resources/install/moveit_tools:/home/zpw/UR3e-ROS2-resources/install/cartesian_waypoint_execution:/home/zpw/UR3e-ROS2-resources/install/moveit_visual_tools:/opt/ros/foxy LD_LIBRARY_PATH=/home/zpw/UR3e-ROS2-resources/install/rviz_visual_tools/lib:/home/zpw/UR3e-ROS2-resources/install/ur_robot_driver/lib:/home/zpw/UR3e-ROS2-resources/install/ur_controllers/lib:/home/zpw/UR3e-ROS2-resources/install/ur_msgs/lib:/home/zpw/UR3e-ROS2-resources/install/ur_dashboard_msgs/lib:/home/zpw/UR3e-ROS2-resources/install/ur_client_library/lib:/home/zpw/UR3e-ROS2-resources/install/teleop/lib:/home/zpw/UR3e-ROS2-resources/install/moveit_visual_tools/lib:/opt/ros/foxy/opt/yaml_cpp_vendor/lib:/opt/ros/foxy/opt/rviz_ogre_vendor/lib:/opt/ros/foxy/lib/x86_64-linux-gnu:/opt/ros/foxy/lib /usr/bin/cmake --install /home/zpw/UR3e-ROS2-resources/build/moveit_visual_tools
[0.392s] -- Install configuration: "Release"
[0.392s] -- Execute custom install script
[0.393s] -- Up-to-date symlink: /home/zpw/UR3e-ROS2-resources/install/moveit_visual_tools/share/moveit_visual_tools/environment/library_path.sh
[0.393s] -- Up-to-date symlink: /home/zpw/UR3e-ROS2-resources/install/moveit_visual_tools/share/moveit_visual_tools/environment/library_path.dsv
[0.393s] -- Up-to-date symlink: /home/zpw/UR3e-ROS2-resources/install/moveit_visual_tools/lib/moveit_visual_tools/moveit_visual_tools_demo
[0.393s] -- Up-to-date symlink: /home/zpw/UR3e-ROS2-resources/install/moveit_visual_tools/include/moveit_visual_tools/imarker_end_effector.h
[0.393s] -- Up-to-date symlink: /home/zpw/UR3e-ROS2-resources/install/moveit_visual_tools/include/moveit_visual_tools/imarker_robot_state.h
[0.394s] -- Up-to-date symlink: /home/zpw/UR3e-ROS2-resources/install/moveit_visual_tools/include/moveit_visual_tools/moveit_visual_tools.h
[0.394s] -- Up-to-date symlink: /home/zpw/UR3e-ROS2-resources/install/moveit_visual_tools/share/moveit_visual_tools/launch/demo.rviz
[0.394s] -- Up-to-date symlink: /home/zpw/UR3e-ROS2-resources/install/moveit_visual_tools/share/moveit_visual_tools/launch/demo_rviz.launch.py
[0.394s] -- Up-to-date symlink: /home/zpw/UR3e-ROS2-resources/install/moveit_visual_tools/share/moveit_visual_tools/resources/demo.png
[0.394s] -- Up-to-date symlink: /home/zpw/UR3e-ROS2-resources/install/moveit_visual_tools/share/moveit_visual_tools/resources/demo_mesh.stl
[0.394s] -- Up-to-date symlink: /home/zpw/UR3e-ROS2-resources/install/moveit_visual_tools/share/moveit_visual_tools/resources/rrbot.srdf
[0.394s] -- Up-to-date symlink: /home/zpw/UR3e-ROS2-resources/install/moveit_visual_tools/share/moveit_visual_tools/resources/rrbot.urdf
[0.394s] -- Up-to-date symlink: /home/zpw/UR3e-ROS2-resources/install/moveit_visual_tools/share/moveit_visual_tools/resources/screenshot.png
[0.395s] -- Up-to-date symlink: /home/zpw/UR3e-ROS2-resources/install/moveit_visual_tools/share/ament_index/resource_index/package_run_dependencies/moveit_visual_tools
[0.395s] -- Up-to-date symlink: /home/zpw/UR3e-ROS2-resources/install/moveit_visual_tools/share/ament_index/resource_index/parent_prefix_path/moveit_visual_tools
[0.395s] -- Up-to-date symlink: /home/zpw/UR3e-ROS2-resources/install/moveit_visual_tools/share/moveit_visual_tools/environment/ament_prefix_path.sh
[0.395s] -- Up-to-date symlink: /home/zpw/UR3e-ROS2-resources/install/moveit_visual_tools/share/moveit_visual_tools/environment/ament_prefix_path.dsv
[0.395s] -- Up-to-date symlink: /home/zpw/UR3e-ROS2-resources/install/moveit_visual_tools/share/moveit_visual_tools/environment/path.sh
[0.395s] -- Up-to-date symlink: /home/zpw/UR3e-ROS2-resources/install/moveit_visual_tools/share/moveit_visual_tools/environment/path.dsv
[0.396s] -- Up-to-date symlink: /home/zpw/UR3e-ROS2-resources/install/moveit_visual_tools/share/moveit_visual_tools/local_setup.bash
[0.396s] -- Up-to-date symlink: /home/zpw/UR3e-ROS2-resources/install/moveit_visual_tools/share/moveit_visual_tools/local_setup.sh
[0.396s] -- Up-to-date symlink: /home/zpw/UR3e-ROS2-resources/install/moveit_visual_tools/share/moveit_visual_tools/local_setup.zsh
[0.396s] -- Up-to-date symlink: /home/zpw/UR3e-ROS2-resources/install/moveit_visual_tools/share/moveit_visual_tools/local_setup.dsv
[0.396s] -- Symlinking: /home/zpw/UR3e-ROS2-resources/install/moveit_visual_tools/share/moveit_visual_tools/package.dsv
[0.419s] -- Up-to-date symlink: /home/zpw/UR3e-ROS2-resources/install/moveit_visual_tools/share/ament_index/resource_index/packages/moveit_visual_tools
[0.419s] -- Up-to-date symlink: /home/zpw/UR3e-ROS2-resources/install/moveit_visual_tools/share/moveit_visual_tools/cmake/ament_cmake_export_targets-extras.cmake
[0.419s] -- Up-to-date symlink: /home/zpw/UR3e-ROS2-resources/install/moveit_visual_tools/share/moveit_visual_tools/cmake/ament_cmake_export_dependencies-extras.cmake
[0.419s] -- Up-to-date symlink: /home/zpw/UR3e-ROS2-resources/install/moveit_visual_tools/share/moveit_visual_tools/cmake/moveit_visual_toolsConfig.cmake
[0.419s] -- Up-to-date symlink: /home/zpw/UR3e-ROS2-resources/install/moveit_visual_tools/share/moveit_visual_tools/cmake/moveit_visual_toolsConfig-version.cmake
[0.420s] -- Up-to-date symlink: /home/zpw/UR3e-ROS2-resources/install/moveit_visual_tools/share/moveit_visual_tools/package.xml
[0.420s] -- Up-to-date: /home/zpw/UR3e-ROS2-resources/install/moveit_visual_tools/lib/libmoveit_visual_tools.so
[0.420s] -- Up-to-date: /home/zpw/UR3e-ROS2-resources/install/moveit_visual_tools/share/moveit_visual_tools/cmake/export_moveit_visual_toolsExport.cmake
[0.420s] -- Up-to-date: /home/zpw/UR3e-ROS2-resources/install/moveit_visual_tools/share/moveit_visual_tools/cmake/export_moveit_visual_toolsExport-release.cmake
[0.422s] Invoked command in '/home/zpw/UR3e-ROS2-resources/build/moveit_visual_tools' returned '0': CMAKE_PREFIX_PATH=/home/zpw/UR3e-ROS2-resources/install/rviz_visual_tools:/home/zpw/UR3e-ROS2-resources/install/ur_robot_driver:/home/zpw/UR3e-ROS2-resources/install/ur_controllers:/home/zpw/UR3e-ROS2-resources/install/ur_msgs:/home/zpw/UR3e-ROS2-resources/install/ur_moveit_config:/home/zpw/UR3e-ROS2-resources/install/ur_description:/home/zpw/UR3e-ROS2-resources/install/ur_dashboard_msgs:/home/zpw/UR3e-ROS2-resources/install/ur_client_library:/home/zpw/UR3e-ROS2-resources/install/ur_bringup:/home/zpw/UR3e-ROS2-resources/install/ur3e_tutorials:/home/zpw/UR3e-ROS2-resources/install/teleop:/home/zpw/UR3e-ROS2-resources/install/moveit_tools:/home/zpw/UR3e-ROS2-resources/install/cartesian_waypoint_execution:/home/zpw/UR3e-ROS2-resources/install/moveit_visual_tools:/opt/ros/foxy LD_LIBRARY_PATH=/home/zpw/UR3e-ROS2-resources/install/rviz_visual_tools/lib:/home/zpw/UR3e-ROS2-resources/install/ur_robot_driver/lib:/home/zpw/UR3e-ROS2-resources/install/ur_controllers/lib:/home/zpw/UR3e-ROS2-resources/install/ur_msgs/lib:/home/zpw/UR3e-ROS2-resources/install/ur_dashboard_msgs/lib:/home/zpw/UR3e-ROS2-resources/install/ur_client_library/lib:/home/zpw/UR3e-ROS2-resources/install/teleop/lib:/home/zpw/UR3e-ROS2-resources/install/moveit_visual_tools/lib:/opt/ros/foxy/opt/yaml_cpp_vendor/lib:/opt/ros/foxy/opt/rviz_ogre_vendor/lib:/opt/ros/foxy/lib/x86_64-linux-gnu:/opt/ros/foxy/lib /usr/bin/cmake --install /home/zpw/UR3e-ROS2-resources/build/moveit_visual_tools
