[2.019s] Invoking command in '/home/zpw/UR3e-ROS2-resources/src/vr_connector': PYTHONPATH=/home/zpw/UR3e-ROS2-resources/install/vr_connector/lib/python3.8/site-packages:${PYTHONPATH} /usr/bin/python3 setup.py egg_info --egg-base ../../build/vr_connector build --build-base /home/zpw/UR3e-ROS2-resources/build/vr_connector/build install --prefix /home/zpw/UR3e-ROS2-resources/install/vr_connector --record /home/zpw/UR3e-ROS2-resources/build/vr_connector/install.log --single-version-externally-managed
[2.353s] running egg_info
[2.353s] creating ../../build/vr_connector/vr_connector.egg-info
[2.354s] writing ../../build/vr_connector/vr_connector.egg-info/PKG-INFO
[2.354s] writing dependency_links to ../../build/vr_connector/vr_connector.egg-info/dependency_links.txt
[2.354s] writing entry points to ../../build/vr_connector/vr_connector.egg-info/entry_points.txt
[2.354s] writing requirements to ../../build/vr_connector/vr_connector.egg-info/requires.txt
[2.354s] writing top-level names to ../../build/vr_connector/vr_connector.egg-info/top_level.txt
[2.357s] writing manifest file '../../build/vr_connector/vr_connector.egg-info/SOURCES.txt'
[2.424s] reading manifest file '../../build/vr_connector/vr_connector.egg-info/SOURCES.txt'
[2.424s] writing manifest file '../../build/vr_connector/vr_connector.egg-info/SOURCES.txt'
[2.426s] running build
[2.426s] running build_py
[2.430s] creating /home/zpw/UR3e-ROS2-resources/build/vr_connector/build
[2.431s] creating /home/zpw/UR3e-ROS2-resources/build/vr_connector/build/lib
[2.432s] creating /home/zpw/UR3e-ROS2-resources/build/vr_connector/build/lib/vr_connector
[2.434s] copying vr_connector/vr_talker.py -> /home/zpw/UR3e-ROS2-resources/build/vr_connector/build/lib/vr_connector
[2.434s] copying vr_connector/vr_receiver.py -> /home/zpw/UR3e-ROS2-resources/build/vr_connector/build/lib/vr_connector
[2.435s] copying vr_connector/__init__.py -> /home/zpw/UR3e-ROS2-resources/build/vr_connector/build/lib/vr_connector
[2.439s] running install
[2.439s] running install_lib
[2.440s] creating /home/zpw/UR3e-ROS2-resources/install/vr_connector/lib/python3.8/site-packages/vr_connector
[2.440s] copying /home/zpw/UR3e-ROS2-resources/build/vr_connector/build/lib/vr_connector/vr_talker.py -> /home/zpw/UR3e-ROS2-resources/install/vr_connector/lib/python3.8/site-packages/vr_connector
[2.440s] copying /home/zpw/UR3e-ROS2-resources/build/vr_connector/build/lib/vr_connector/vr_receiver.py -> /home/zpw/UR3e-ROS2-resources/install/vr_connector/lib/python3.8/site-packages/vr_connector
[2.440s] copying /home/zpw/UR3e-ROS2-resources/build/vr_connector/build/lib/vr_connector/__init__.py -> /home/zpw/UR3e-ROS2-resources/install/vr_connector/lib/python3.8/site-packages/vr_connector
[2.440s] byte-compiling /home/zpw/UR3e-ROS2-resources/install/vr_connector/lib/python3.8/site-packages/vr_connector/vr_talker.py to vr_talker.cpython-38.pyc
[2.455s] byte-compiling /home/zpw/UR3e-ROS2-resources/install/vr_connector/lib/python3.8/site-packages/vr_connector/vr_receiver.py to vr_receiver.cpython-38.pyc
[2.455s] byte-compiling /home/zpw/UR3e-ROS2-resources/install/vr_connector/lib/python3.8/site-packages/vr_connector/__init__.py to __init__.cpython-38.pyc
[2.455s] running install_data
[2.456s] creating /home/zpw/UR3e-ROS2-resources/install/vr_connector/share/ament_index
[2.456s] creating /home/zpw/UR3e-ROS2-resources/install/vr_connector/share/ament_index/resource_index
[2.456s] creating /home/zpw/UR3e-ROS2-resources/install/vr_connector/share/ament_index/resource_index/packages
[2.456s] copying resource/vr_connector -> /home/zpw/UR3e-ROS2-resources/install/vr_connector/share/ament_index/resource_index/packages
[2.456s] copying package.xml -> /home/zpw/UR3e-ROS2-resources/install/vr_connector/share/vr_connector
[2.456s] running install_egg_info
[2.470s] Copying ../../build/vr_connector/vr_connector.egg-info to /home/zpw/UR3e-ROS2-resources/install/vr_connector/lib/python3.8/site-packages/vr_connector-0.0.0-py3.8.egg-info
[2.471s] running install_scripts
[2.502s] Installing listener script to /home/zpw/UR3e-ROS2-resources/install/vr_connector/lib/vr_connector
[2.502s] Installing talker script to /home/zpw/UR3e-ROS2-resources/install/vr_connector/lib/vr_connector
[2.502s] writing list of installed files to '/home/zpw/UR3e-ROS2-resources/build/vr_connector/install.log'
[2.581s] Invoked command in '/home/zpw/UR3e-ROS2-resources/src/vr_connector' returned '0': PYTHONPATH=/home/zpw/UR3e-ROS2-resources/install/vr_connector/lib/python3.8/site-packages:${PYTHONPATH} /usr/bin/python3 setup.py egg_info --egg-base ../../build/vr_connector build --build-base /home/zpw/UR3e-ROS2-resources/build/vr_connector/build install --prefix /home/zpw/UR3e-ROS2-resources/install/vr_connector --record /home/zpw/UR3e-ROS2-resources/build/vr_connector/install.log --single-version-externally-managed
