[0.097s] Invoking command in '/home/zpw/UR3e-ROS2-resources/build/rviz_visual_tools': CMAKE_PREFIX_PATH=${CMAKE_PREFIX_PATH}:/home/zpw/UR3e-ROS2-resources/install/vr_connector:/home/zpw/UR3e-ROS2-resources/install/unity_robotics_demo:/home/zpw/UR3e-ROS2-resources/install/ros_tcp_endpoint:/opt/ros/foxy /usr/bin/cmake --build /home/zpw/UR3e-ROS2-resources/build/rviz_visual_tools -- -j16 -l16
[0.829s] [  5%] [34m[1mAutomatic MOC for target gtest[0m
[0.830s] [  5%] [34m[1mAutomatic MOC for target gtest_main[0m
[0.830s] [  7%] [34m[1mAutomatic MOC for target rviz_visual_tools_remote_control[0m
[0.831s] [ 10%] [34m[1mAutomatic MOC for target rviz_visual_tools_gui[0m
[0.831s] [ 10%] Built target gtest_main_autogen
[0.831s] [ 10%] Built target gtest_autogen
[0.832s] [ 10%] Built target rviz_visual_tools_remote_control_autogen
[0.832s] [ 10%] Built target rviz_visual_tools_gui_autogen
[0.833s] [ 17%] Built target gtest
[0.833s] [ 25%] Built target gtest_main
[0.833s] [ 33%] Built target rviz_visual_tools_remote_control
[0.834s] [ 46%] Built target rviz_visual_tools_gui
[0.834s] [ 48%] [34m[1mAutomatic MOC for target rviz_visual_tools[0m
[0.834s] [ 48%] Built target rviz_visual_tools_autogen
[0.834s] [ 58%] Built target rviz_visual_tools
[0.834s] [ 66%] [34m[1mAutomatic MOC for target rviz_visual_tools_imarker_simple[0m
[0.834s] [ 66%] [34m[1mAutomatic MOC for target rviz_visual_tools_demo[0m
[0.834s] [ 66%] [34m[1mAutomatic MOC for target rviz_visual_tools_rvt_test[0m
[0.834s] [ 66%] Built target rviz_visual_tools_demo_autogen
[0.835s] [ 66%] Built target rviz_visual_tools_imarker_simple_autogen
[0.835s] [ 66%] Built target rviz_visual_tools_rvt_test_autogen
[0.835s] [ 82%] Built target rviz_visual_tools_imarker_simple
[0.835s] [ 82%] Built target rviz_visual_tools_demo
[0.835s] [ 89%] Built target rviz_visual_tools_rvt_test
[0.835s] [ 92%] [34m[1mAutomatic MOC for target rviz_visual_tools_imarker_simple_demo[0m
[0.835s] [ 92%] Built target rviz_visual_tools_imarker_simple_demo_autogen
[0.835s] [100%] Built target rviz_visual_tools_imarker_simple_demo
[0.854s] Invoked command in '/home/zpw/UR3e-ROS2-resources/build/rviz_visual_tools' returned '0': CMAKE_PREFIX_PATH=${CMAKE_PREFIX_PATH}:/home/zpw/UR3e-ROS2-resources/install/vr_connector:/home/zpw/UR3e-ROS2-resources/install/unity_robotics_demo:/home/zpw/UR3e-ROS2-resources/install/ros_tcp_endpoint:/opt/ros/foxy /usr/bin/cmake --build /home/zpw/UR3e-ROS2-resources/build/rviz_visual_tools -- -j16 -l16
[0.940s] Invoking command in '/home/zpw/UR3e-ROS2-resources/build/rviz_visual_tools': CMAKE_PREFIX_PATH=${CMAKE_PREFIX_PATH}:/home/zpw/UR3e-ROS2-resources/install/vr_connector:/home/zpw/UR3e-ROS2-resources/install/unity_robotics_demo:/home/zpw/UR3e-ROS2-resources/install/ros_tcp_endpoint:/opt/ros/foxy /usr/bin/cmake --install /home/zpw/UR3e-ROS2-resources/build/rviz_visual_tools
[0.957s] -- Install configuration: ""
[0.959s] -- Execute custom install script
[0.959s] -- Up-to-date symlink: /home/zpw/UR3e-ROS2-resources/install/rviz_visual_tools/share/rviz_visual_tools//plugin_description.xml
[0.959s] -- Up-to-date symlink: /home/zpw/UR3e-ROS2-resources/install/rviz_visual_tools/lib/rviz_visual_tools/rviz_visual_tools_demo
[0.959s] -- Up-to-date symlink: /home/zpw/UR3e-ROS2-resources/install/rviz_visual_tools/lib/rviz_visual_tools/rviz_visual_tools_imarker_simple_demo
[0.961s] -- Up-to-date symlink: /home/zpw/UR3e-ROS2-resources/install/rviz_visual_tools/include/rviz_visual_tools/imarker_simple.hpp
[0.961s] -- Up-to-date symlink: /home/zpw/UR3e-ROS2-resources/install/rviz_visual_tools/include/rviz_visual_tools/key_tool.hpp
[0.961s] -- Up-to-date symlink: /home/zpw/UR3e-ROS2-resources/install/rviz_visual_tools/include/rviz_visual_tools/remote_control.hpp
[0.961s] -- Up-to-date symlink: /home/zpw/UR3e-ROS2-resources/install/rviz_visual_tools/include/rviz_visual_tools/remote_reciever.hpp
[0.961s] -- Up-to-date symlink: /home/zpw/UR3e-ROS2-resources/install/rviz_visual_tools/include/rviz_visual_tools/rviz_visual_tools.hpp
[0.961s] -- Up-to-date symlink: /home/zpw/UR3e-ROS2-resources/install/rviz_visual_tools/include/rviz_visual_tools/rviz_visual_tools_gui.hpp
[0.961s] -- Up-to-date symlink: /home/zpw/UR3e-ROS2-resources/install/rviz_visual_tools/include/rviz_visual_tools/tf_visual_tools.hpp
[0.964s] -- Up-to-date symlink: /home/zpw/UR3e-ROS2-resources/install/rviz_visual_tools/share/rviz_visual_tools/launch/demo.rviz
[0.965s] -- Up-to-date symlink: /home/zpw/UR3e-ROS2-resources/install/rviz_visual_tools/share/rviz_visual_tools/launch/demo_combined.launch.py
[0.965s] -- Up-to-date symlink: /home/zpw/UR3e-ROS2-resources/install/rviz_visual_tools/share/rviz_visual_tools/launch/demo_rviz.launch.py
[0.965s] -- Up-to-date symlink: /home/zpw/UR3e-ROS2-resources/install/rviz_visual_tools/share/rviz_visual_tools/launch/rvt_test.launch
[0.968s] -- Up-to-date symlink: /home/zpw/UR3e-ROS2-resources/install/rviz_visual_tools/share/rviz_visual_tools/environment/library_path.sh
[0.971s] -- Up-to-date symlink: /home/zpw/UR3e-ROS2-resources/install/rviz_visual_tools/share/rviz_visual_tools/environment/library_path.dsv
[0.971s] -- Up-to-date symlink: /home/zpw/UR3e-ROS2-resources/install/rviz_visual_tools/share/ament_index/resource_index/package_run_dependencies/rviz_visual_tools
[0.971s] -- Up-to-date symlink: /home/zpw/UR3e-ROS2-resources/install/rviz_visual_tools/share/ament_index/resource_index/parent_prefix_path/rviz_visual_tools
[0.972s] -- Up-to-date symlink: /home/zpw/UR3e-ROS2-resources/install/rviz_visual_tools/share/rviz_visual_tools/environment/ament_prefix_path.sh
[0.972s] -- Up-to-date symlink: /home/zpw/UR3e-ROS2-resources/install/rviz_visual_tools/share/rviz_visual_tools/environment/ament_prefix_path.dsv
[0.972s] -- Up-to-date symlink: /home/zpw/UR3e-ROS2-resources/install/rviz_visual_tools/share/rviz_visual_tools/environment/path.sh
[0.973s] -- Up-to-date symlink: /home/zpw/UR3e-ROS2-resources/install/rviz_visual_tools/share/rviz_visual_tools/environment/path.dsv
[0.973s] -- Up-to-date symlink: /home/zpw/UR3e-ROS2-resources/install/rviz_visual_tools/share/rviz_visual_tools/local_setup.bash
[0.973s] -- Up-to-date symlink: /home/zpw/UR3e-ROS2-resources/install/rviz_visual_tools/share/rviz_visual_tools/local_setup.sh
[0.973s] -- Up-to-date symlink: /home/zpw/UR3e-ROS2-resources/install/rviz_visual_tools/share/rviz_visual_tools/local_setup.zsh
[0.974s] -- Up-to-date symlink: /home/zpw/UR3e-ROS2-resources/install/rviz_visual_tools/share/rviz_visual_tools/local_setup.dsv
[0.974s] -- Symlinking: /home/zpw/UR3e-ROS2-resources/install/rviz_visual_tools/share/rviz_visual_tools/package.dsv
[0.979s] -- Up-to-date symlink: /home/zpw/UR3e-ROS2-resources/install/rviz_visual_tools/share/ament_index/resource_index/packages/rviz_visual_tools
[0.980s] -- Up-to-date symlink: /home/zpw/UR3e-ROS2-resources/install/rviz_visual_tools/share/ament_index/resource_index/rviz_common__pluginlib__plugin/rviz_visual_tools
[0.980s] -- Up-to-date symlink: /home/zpw/UR3e-ROS2-resources/install/rviz_visual_tools/share/rviz_visual_tools/cmake/ament_cmake_export_dependencies-extras.cmake
[0.980s] -- Up-to-date symlink: /home/zpw/UR3e-ROS2-resources/install/rviz_visual_tools/share/rviz_visual_tools/cmake/ament_cmake_export_include_directories-extras.cmake
[0.980s] -- Up-to-date symlink: /home/zpw/UR3e-ROS2-resources/install/rviz_visual_tools/share/rviz_visual_tools/cmake/ament_cmake_export_libraries-extras.cmake
[0.980s] -- Up-to-date symlink: /home/zpw/UR3e-ROS2-resources/install/rviz_visual_tools/share/rviz_visual_tools/cmake/rviz_visual_toolsConfig.cmake
[0.981s] -- Up-to-date symlink: /home/zpw/UR3e-ROS2-resources/install/rviz_visual_tools/share/rviz_visual_tools/cmake/rviz_visual_toolsConfig-version.cmake
[0.981s] -- Up-to-date symlink: /home/zpw/UR3e-ROS2-resources/install/rviz_visual_tools/share/rviz_visual_tools/package.xml
[0.981s] -- Up-to-date: /home/zpw/UR3e-ROS2-resources/install/rviz_visual_tools/lib/librviz_visual_tools.so
[0.981s] -- Up-to-date: /home/zpw/UR3e-ROS2-resources/install/rviz_visual_tools/lib/librviz_visual_tools_remote_control.so
[0.981s] -- Up-to-date: /home/zpw/UR3e-ROS2-resources/install/rviz_visual_tools/lib/librviz_visual_tools_gui.so
[0.984s] -- Up-to-date: /home/zpw/UR3e-ROS2-resources/install/rviz_visual_tools/lib/librviz_visual_tools_imarker_simple.so
[1.021s] Invoked command in '/home/zpw/UR3e-ROS2-resources/build/rviz_visual_tools' returned '0': CMAKE_PREFIX_PATH=${CMAKE_PREFIX_PATH}:/home/zpw/UR3e-ROS2-resources/install/vr_connector:/home/zpw/UR3e-ROS2-resources/install/unity_robotics_demo:/home/zpw/UR3e-ROS2-resources/install/ros_tcp_endpoint:/opt/ros/foxy /usr/bin/cmake --install /home/zpw/UR3e-ROS2-resources/build/rviz_visual_tools
