[0.780s] Invoking command in '/home/zpw/UR3e-ROS2-resources/build/rviz_visual_tools': CMAKE_PREFIX_PATH=${CMAKE_PREFIX_PATH}:/home/zpw/UR3e-ROS2-resources/install/vr_connector:/home/zpw/UR3e-ROS2-resources/install/unity_robotics_demo_msgs:/home/zpw/UR3e-ROS2-resources/install/unity_robotics_demo:/home/zpw/UR3e-ROS2-resources/install/ros_tcp_endpoint:/opt/ros/foxy /usr/bin/cmake --build /home/zpw/UR3e-ROS2-resources/build/rviz_visual_tools -- -j16 -l16
[4.292s] [  2%] [34m[1mAutomatic MOC for target rviz_visual_tools_gui[0m
[4.296s] [  5%] [34m[1mAutomatic MOC for target gtest_main[0m
[4.304s] [  7%] [34m[1mAutomatic MOC for target gtest[0m
[4.323s] [ 10%] [34m[1mAutomatic MOC for target rviz_visual_tools_remote_control[0m
[4.324s] [ 10%] Built target gtest_main_autogen
[4.331s] [ 10%] Built target rviz_visual_tools_gui_autogen
[4.337s] [ 10%] Built target gtest_autogen
[4.340s] [ 10%] Built target rviz_visual_tools_remote_control_autogen
[4.355s] [ 17%] Built target gtest_main
[4.356s] [ 25%] Built target gtest
[4.356s] [ 38%] Built target rviz_visual_tools_gui
[4.359s] [ 46%] Built target rviz_visual_tools_remote_control
[4.363s] [ 48%] [34m[1mAutomatic MOC for target rviz_visual_tools[0m
[4.372s] [ 48%] Built target rviz_visual_tools_autogen
[4.385s] [ 58%] Built target rviz_visual_tools
[4.386s] [ 64%] [34m[1mAutomatic MOC for target rviz_visual_tools_rvt_test[0m
[4.386s] [ 64%] [34m[1mAutomatic MOC for target rviz_visual_tools_demo[0m
[4.388s] [ 66%] [34m[1mAutomatic MOC for target rviz_visual_tools_imarker_simple[0m
[4.389s] [ 66%] Built target rviz_visual_tools_demo_autogen
[4.393s] [ 66%] Built target rviz_visual_tools_imarker_simple_autogen
[4.400s] [ 66%] Built target rviz_visual_tools_rvt_test_autogen
[4.401s] [ 74%] Built target rviz_visual_tools_demo
[4.401s] [ 89%] Built target rviz_visual_tools_imarker_simple
[4.413s] [ 89%] Built target rviz_visual_tools_rvt_test
[4.416s] [ 92%] [34m[1mAutomatic MOC for target rviz_visual_tools_imarker_simple_demo[0m
[4.416s] [ 92%] Built target rviz_visual_tools_imarker_simple_demo_autogen
[4.416s] [100%] Built target rviz_visual_tools_imarker_simple_demo
[4.533s] Invoked command in '/home/zpw/UR3e-ROS2-resources/build/rviz_visual_tools' returned '0': CMAKE_PREFIX_PATH=${CMAKE_PREFIX_PATH}:/home/zpw/UR3e-ROS2-resources/install/vr_connector:/home/zpw/UR3e-ROS2-resources/install/unity_robotics_demo_msgs:/home/zpw/UR3e-ROS2-resources/install/unity_robotics_demo:/home/zpw/UR3e-ROS2-resources/install/ros_tcp_endpoint:/opt/ros/foxy /usr/bin/cmake --build /home/zpw/UR3e-ROS2-resources/build/rviz_visual_tools -- -j16 -l16
[5.102s] Invoking command in '/home/zpw/UR3e-ROS2-resources/build/rviz_visual_tools': CMAKE_PREFIX_PATH=${CMAKE_PREFIX_PATH}:/home/zpw/UR3e-ROS2-resources/install/vr_connector:/home/zpw/UR3e-ROS2-resources/install/unity_robotics_demo_msgs:/home/zpw/UR3e-ROS2-resources/install/unity_robotics_demo:/home/zpw/UR3e-ROS2-resources/install/ros_tcp_endpoint:/opt/ros/foxy /usr/bin/cmake --install /home/zpw/UR3e-ROS2-resources/build/rviz_visual_tools
[5.249s] -- Install configuration: ""
[5.251s] -- Execute custom install script
[5.254s] -- Up-to-date symlink: /home/zpw/UR3e-ROS2-resources/install/rviz_visual_tools/share/rviz_visual_tools//plugin_description.xml
[5.257s] -- Up-to-date symlink: /home/zpw/UR3e-ROS2-resources/install/rviz_visual_tools/lib/rviz_visual_tools/rviz_visual_tools_demo
[5.258s] -- Up-to-date symlink: /home/zpw/UR3e-ROS2-resources/install/rviz_visual_tools/lib/rviz_visual_tools/rviz_visual_tools_imarker_simple_demo
[5.279s] -- Up-to-date symlink: /home/zpw/UR3e-ROS2-resources/install/rviz_visual_tools/include/rviz_visual_tools/imarker_simple.hpp
[5.290s] -- Up-to-date symlink: /home/zpw/UR3e-ROS2-resources/install/rviz_visual_tools/include/rviz_visual_tools/key_tool.hpp
[5.295s] -- Up-to-date symlink: /home/zpw/UR3e-ROS2-resources/install/rviz_visual_tools/include/rviz_visual_tools/remote_control.hpp
[5.295s] -- Up-to-date symlink: /home/zpw/UR3e-ROS2-resources/install/rviz_visual_tools/include/rviz_visual_tools/remote_reciever.hpp
[5.296s] -- Up-to-date symlink: /home/zpw/UR3e-ROS2-resources/install/rviz_visual_tools/include/rviz_visual_tools/rviz_visual_tools.hpp
[5.299s] -- Up-to-date symlink: /home/zpw/UR3e-ROS2-resources/install/rviz_visual_tools/include/rviz_visual_tools/rviz_visual_tools_gui.hpp
[5.311s] -- Up-to-date symlink: /home/zpw/UR3e-ROS2-resources/install/rviz_visual_tools/include/rviz_visual_tools/tf_visual_tools.hpp
[5.314s] -- Up-to-date symlink: /home/zpw/UR3e-ROS2-resources/install/rviz_visual_tools/share/rviz_visual_tools/launch/demo.rviz
[5.316s] -- Up-to-date symlink: /home/zpw/UR3e-ROS2-resources/install/rviz_visual_tools/share/rviz_visual_tools/launch/demo_combined.launch.py
[5.317s] -- Up-to-date symlink: /home/zpw/UR3e-ROS2-resources/install/rviz_visual_tools/share/rviz_visual_tools/launch/demo_rviz.launch.py
[5.324s] -- Up-to-date symlink: /home/zpw/UR3e-ROS2-resources/install/rviz_visual_tools/share/rviz_visual_tools/launch/rvt_test.launch
[5.325s] -- Up-to-date symlink: /home/zpw/UR3e-ROS2-resources/install/rviz_visual_tools/share/rviz_visual_tools/environment/library_path.sh
[5.325s] -- Up-to-date symlink: /home/zpw/UR3e-ROS2-resources/install/rviz_visual_tools/share/rviz_visual_tools/environment/library_path.dsv
[5.325s] -- Up-to-date symlink: /home/zpw/UR3e-ROS2-resources/install/rviz_visual_tools/share/ament_index/resource_index/package_run_dependencies/rviz_visual_tools
[5.385s] -- Up-to-date symlink: /home/zpw/UR3e-ROS2-resources/install/rviz_visual_tools/share/ament_index/resource_index/parent_prefix_path/rviz_visual_tools
[5.385s] -- Up-to-date symlink: /home/zpw/UR3e-ROS2-resources/install/rviz_visual_tools/share/rviz_visual_tools/environment/ament_prefix_path.sh
[5.400s] -- Up-to-date symlink: /home/zpw/UR3e-ROS2-resources/install/rviz_visual_tools/share/rviz_visual_tools/environment/ament_prefix_path.dsv
[5.433s] -- Up-to-date symlink: /home/zpw/UR3e-ROS2-resources/install/rviz_visual_tools/share/rviz_visual_tools/environment/path.sh
[5.434s] -- Up-to-date symlink: /home/zpw/UR3e-ROS2-resources/install/rviz_visual_tools/share/rviz_visual_tools/environment/path.dsv
[5.434s] -- Up-to-date symlink: /home/zpw/UR3e-ROS2-resources/install/rviz_visual_tools/share/rviz_visual_tools/local_setup.bash
[5.435s] -- Up-to-date symlink: /home/zpw/UR3e-ROS2-resources/install/rviz_visual_tools/share/rviz_visual_tools/local_setup.sh
[5.435s] -- Up-to-date symlink: /home/zpw/UR3e-ROS2-resources/install/rviz_visual_tools/share/rviz_visual_tools/local_setup.zsh
[5.436s] -- Up-to-date symlink: /home/zpw/UR3e-ROS2-resources/install/rviz_visual_tools/share/rviz_visual_tools/local_setup.dsv
[5.437s] -- Symlinking: /home/zpw/UR3e-ROS2-resources/install/rviz_visual_tools/share/rviz_visual_tools/package.dsv
[5.445s] -- Up-to-date symlink: /home/zpw/UR3e-ROS2-resources/install/rviz_visual_tools/share/ament_index/resource_index/packages/rviz_visual_tools
[5.445s] -- Up-to-date symlink: /home/zpw/UR3e-ROS2-resources/install/rviz_visual_tools/share/ament_index/resource_index/rviz_common__pluginlib__plugin/rviz_visual_tools
[5.445s] -- Up-to-date symlink: /home/zpw/UR3e-ROS2-resources/install/rviz_visual_tools/share/rviz_visual_tools/cmake/ament_cmake_export_dependencies-extras.cmake
[5.445s] -- Up-to-date symlink: /home/zpw/UR3e-ROS2-resources/install/rviz_visual_tools/share/rviz_visual_tools/cmake/ament_cmake_export_include_directories-extras.cmake
[5.453s] -- Up-to-date symlink: /home/zpw/UR3e-ROS2-resources/install/rviz_visual_tools/share/rviz_visual_tools/cmake/ament_cmake_export_libraries-extras.cmake
[5.455s] -- Up-to-date symlink: /home/zpw/UR3e-ROS2-resources/install/rviz_visual_tools/share/rviz_visual_tools/cmake/rviz_visual_toolsConfig.cmake
[5.456s] -- Up-to-date symlink: /home/zpw/UR3e-ROS2-resources/install/rviz_visual_tools/share/rviz_visual_tools/cmake/rviz_visual_toolsConfig-version.cmake
[5.457s] -- Up-to-date symlink: /home/zpw/UR3e-ROS2-resources/install/rviz_visual_tools/share/rviz_visual_tools/package.xml
[5.458s] -- Up-to-date: /home/zpw/UR3e-ROS2-resources/install/rviz_visual_tools/lib/librviz_visual_tools.so
[5.459s] -- Up-to-date: /home/zpw/UR3e-ROS2-resources/install/rviz_visual_tools/lib/librviz_visual_tools_remote_control.so
[5.459s] -- Up-to-date: /home/zpw/UR3e-ROS2-resources/install/rviz_visual_tools/lib/librviz_visual_tools_gui.so
[5.460s] -- Up-to-date: /home/zpw/UR3e-ROS2-resources/install/rviz_visual_tools/lib/librviz_visual_tools_imarker_simple.so
[5.713s] Invoked command in '/home/zpw/UR3e-ROS2-resources/build/rviz_visual_tools' returned '0': CMAKE_PREFIX_PATH=${CMAKE_PREFIX_PATH}:/home/zpw/UR3e-ROS2-resources/install/vr_connector:/home/zpw/UR3e-ROS2-resources/install/unity_robotics_demo_msgs:/home/zpw/UR3e-ROS2-resources/install/unity_robotics_demo:/home/zpw/UR3e-ROS2-resources/install/ros_tcp_endpoint:/opt/ros/foxy /usr/bin/cmake --install /home/zpw/UR3e-ROS2-resources/build/rviz_visual_tools
