[2.019s] Invoking command in '/home/zpw/UR3e-ROS2-resources/build/ur_moveit_config': CMAKE_PREFIX_PATH=${CMAKE_PREFIX_PATH}:/home/zpw/UR3e-ROS2-resources/install/vr_connector:/home/zpw/UR3e-ROS2-resources/install/unity_robotics_demo:/home/zpw/UR3e-ROS2-resources/install/ros_tcp_endpoint:/opt/ros/foxy /usr/bin/cmake --build /home/zpw/UR3e-ROS2-resources/build/ur_moveit_config -- -j16 -l16
[2.317s] Invoked command in '/home/zpw/UR3e-ROS2-resources/build/ur_moveit_config' returned '0': CMAKE_PREFIX_PATH=${CMAKE_PREFIX_PATH}:/home/zpw/UR3e-ROS2-resources/install/vr_connector:/home/zpw/UR3e-ROS2-resources/install/unity_robotics_demo:/home/zpw/UR3e-ROS2-resources/install/ros_tcp_endpoint:/opt/ros/foxy /usr/bin/cmake --build /home/zpw/UR3e-ROS2-resources/build/ur_moveit_config -- -j16 -l16
[2.622s] Invoking command in '/home/zpw/UR3e-ROS2-resources/build/ur_moveit_config': CMAKE_PREFIX_PATH=${CMAKE_PREFIX_PATH}:/home/zpw/UR3e-ROS2-resources/install/vr_connector:/home/zpw/UR3e-ROS2-resources/install/unity_robotics_demo:/home/zpw/UR3e-ROS2-resources/install/ros_tcp_endpoint:/opt/ros/foxy /usr/bin/cmake --install /home/zpw/UR3e-ROS2-resources/build/ur_moveit_config
[2.795s] -- Install configuration: ""
[2.815s] -- Execute custom install script
[2.818s] -- Up-to-date symlink: /home/zpw/UR3e-ROS2-resources/install/ur_moveit_config/share/ur_moveit_config/config/controllers.yaml
[2.823s] -- Up-to-date symlink: /home/zpw/UR3e-ROS2-resources/install/ur_moveit_config/share/ur_moveit_config/config/kinematics.yaml
[2.823s] -- Up-to-date symlink: /home/zpw/UR3e-ROS2-resources/install/ur_moveit_config/share/ur_moveit_config/config/ompl_planning.yaml
[2.837s] -- Up-to-date symlink: /home/zpw/UR3e-ROS2-resources/install/ur_moveit_config/share/ur_moveit_config/rviz/view_robot.rviz
[2.844s] -- Up-to-date symlink: /home/zpw/UR3e-ROS2-resources/install/ur_moveit_config/share/ur_moveit_config/srdf/ur.srdf.xacro
[2.849s] -- Up-to-date symlink: /home/zpw/UR3e-ROS2-resources/install/ur_moveit_config/share/ur_moveit_config/srdf/ur_macro.srdf.xacro
[2.853s] -- Up-to-date symlink: /home/zpw/UR3e-ROS2-resources/install/ur_moveit_config/share/ament_index/resource_index/package_run_dependencies/ur_moveit_config
[2.869s] -- Up-to-date symlink: /home/zpw/UR3e-ROS2-resources/install/ur_moveit_config/share/ament_index/resource_index/parent_prefix_path/ur_moveit_config
[2.869s] -- Up-to-date symlink: /home/zpw/UR3e-ROS2-resources/install/ur_moveit_config/share/ur_moveit_config/environment/ament_prefix_path.sh
[2.869s] -- Up-to-date symlink: /home/zpw/UR3e-ROS2-resources/install/ur_moveit_config/share/ur_moveit_config/environment/ament_prefix_path.dsv
[2.869s] -- Up-to-date symlink: /home/zpw/UR3e-ROS2-resources/install/ur_moveit_config/share/ur_moveit_config/environment/path.sh
[2.883s] -- Up-to-date symlink: /home/zpw/UR3e-ROS2-resources/install/ur_moveit_config/share/ur_moveit_config/environment/path.dsv
[2.883s] -- Up-to-date symlink: /home/zpw/UR3e-ROS2-resources/install/ur_moveit_config/share/ur_moveit_config/local_setup.bash
[2.883s] -- Up-to-date symlink: /home/zpw/UR3e-ROS2-resources/install/ur_moveit_config/share/ur_moveit_config/local_setup.sh
[2.884s] -- Up-to-date symlink: /home/zpw/UR3e-ROS2-resources/install/ur_moveit_config/share/ur_moveit_config/local_setup.zsh
[2.884s] -- Up-to-date symlink: /home/zpw/UR3e-ROS2-resources/install/ur_moveit_config/share/ur_moveit_config/local_setup.dsv
[2.884s] -- Symlinking: /home/zpw/UR3e-ROS2-resources/install/ur_moveit_config/share/ur_moveit_config/package.dsv
[3.269s] -- Up-to-date symlink: /home/zpw/UR3e-ROS2-resources/install/ur_moveit_config/share/ament_index/resource_index/packages/ur_moveit_config
[3.269s] -- Up-to-date symlink: /home/zpw/UR3e-ROS2-resources/install/ur_moveit_config/share/ur_moveit_config/cmake/ur_moveit_configConfig.cmake
[3.269s] -- Up-to-date symlink: /home/zpw/UR3e-ROS2-resources/install/ur_moveit_config/share/ur_moveit_config/cmake/ur_moveit_configConfig-version.cmake
[3.270s] -- Up-to-date symlink: /home/zpw/UR3e-ROS2-resources/install/ur_moveit_config/share/ur_moveit_config/package.xml
[3.416s] Invoked command in '/home/zpw/UR3e-ROS2-resources/build/ur_moveit_config' returned '0': CMAKE_PREFIX_PATH=${CMAKE_PREFIX_PATH}:/home/zpw/UR3e-ROS2-resources/install/vr_connector:/home/zpw/UR3e-ROS2-resources/install/unity_robotics_demo:/home/zpw/UR3e-ROS2-resources/install/ros_tcp_endpoint:/opt/ros/foxy /usr/bin/cmake --install /home/zpw/UR3e-ROS2-resources/build/ur_moveit_config
