[0.093s] Invoking command in '/home/zpw/UR3e-ROS2-resources/build/ur_client_library': CMAKE_PREFIX_PATH=${CMAKE_PREFIX_PATH}:/home/zpw/UR3e-ROS2-resources/install/vr_connector:/home/zpw/UR3e-ROS2-resources/install/unity_robotics_demo:/home/zpw/UR3e-ROS2-resources/install/ros_tcp_endpoint:/opt/ros/foxy /usr/bin/cmake --build /home/zpw/UR3e-ROS2-resources/build/ur_client_library -- -j16 -l16
[1.388s] [ 82%] Built target urcl
[1.388s] [ 88%] Built target primary_pipeline_example
[1.389s] [ 94%] Built target driver_example
[1.389s] [100%] Built target rtde_client_example
[1.501s] Invoked command in '/home/zpw/UR3e-ROS2-resources/build/ur_client_library' returned '0': CMAKE_PREFIX_PATH=${CMAKE_PREFIX_PATH}:/home/zpw/UR3e-ROS2-resources/install/vr_connector:/home/zpw/UR3e-ROS2-resources/install/unity_robotics_demo:/home/zpw/UR3e-ROS2-resources/install/ros_tcp_endpoint:/opt/ros/foxy /usr/bin/cmake --build /home/zpw/UR3e-ROS2-resources/build/ur_client_library -- -j16 -l16
[1.977s] Invoking command in '/home/zpw/UR3e-ROS2-resources/build/ur_client_library': CMAKE_PREFIX_PATH=${CMAKE_PREFIX_PATH}:/home/zpw/UR3e-ROS2-resources/install/vr_connector:/home/zpw/UR3e-ROS2-resources/install/unity_robotics_demo:/home/zpw/UR3e-ROS2-resources/install/ros_tcp_endpoint:/opt/ros/foxy /usr/bin/cmake --install /home/zpw/UR3e-ROS2-resources/build/ur_client_library
[2.115s] -- Install configuration: "RelWithDebInfo"
[2.142s] -- Up-to-date: /home/zpw/UR3e-ROS2-resources/install/ur_client_library/lib/liburcl.so
[2.144s] -- Up-to-date: /home/zpw/UR3e-ROS2-resources/install/ur_client_library/include
[2.147s] -- Up-to-date: /home/zpw/UR3e-ROS2-resources/install/ur_client_library/include/ur_client_library
[2.148s] -- Up-to-date: /home/zpw/UR3e-ROS2-resources/install/ur_client_library/include/ur_client_library/log.h
[2.148s] -- Up-to-date: /home/zpw/UR3e-ROS2-resources/install/ur_client_library/include/ur_client_library/types.h
[2.148s] -- Up-to-date: /home/zpw/UR3e-ROS2-resources/install/ur_client_library/include/ur_client_library/ur
[2.148s] -- Up-to-date: /home/zpw/UR3e-ROS2-resources/install/ur_client_library/include/ur_client_library/ur/tool_communication.h
[2.148s] -- Up-to-date: /home/zpw/UR3e-ROS2-resources/install/ur_client_library/include/ur_client_library/ur/datatypes.h
[2.149s] -- Up-to-date: /home/zpw/UR3e-ROS2-resources/install/ur_client_library/include/ur_client_library/ur/version_information.h
[2.149s] -- Up-to-date: /home/zpw/UR3e-ROS2-resources/install/ur_client_library/include/ur_client_library/ur/dashboard_client.h
[2.149s] -- Up-to-date: /home/zpw/UR3e-ROS2-resources/install/ur_client_library/include/ur_client_library/ur/calibration_checker.h
[2.149s] -- Up-to-date: /home/zpw/UR3e-ROS2-resources/install/ur_client_library/include/ur_client_library/ur/ur_driver.h
[2.149s] -- Up-to-date: /home/zpw/UR3e-ROS2-resources/install/ur_client_library/include/ur_client_library/control
[2.149s] -- Up-to-date: /home/zpw/UR3e-ROS2-resources/install/ur_client_library/include/ur_client_library/control/script_sender.h
[2.153s] -- Up-to-date: /home/zpw/UR3e-ROS2-resources/install/ur_client_library/include/ur_client_library/control/reverse_interface.h
[2.158s] -- Up-to-date: /home/zpw/UR3e-ROS2-resources/install/ur_client_library/include/ur_client_library/control/trajectory_point_interface.h
[2.161s] -- Up-to-date: /home/zpw/UR3e-ROS2-resources/install/ur_client_library/include/ur_client_library/comm
[2.163s] -- Up-to-date: /home/zpw/UR3e-ROS2-resources/install/ur_client_library/include/ur_client_library/comm/tcp_socket.h
[2.163s] -- Up-to-date: /home/zpw/UR3e-ROS2-resources/install/ur_client_library/include/ur_client_library/comm/bin_parser.h
[2.163s] -- Up-to-date: /home/zpw/UR3e-ROS2-resources/install/ur_client_library/include/ur_client_library/comm/parser.h
[2.163s] -- Up-to-date: /home/zpw/UR3e-ROS2-resources/install/ur_client_library/include/ur_client_library/comm/package.h
[2.164s] -- Up-to-date: /home/zpw/UR3e-ROS2-resources/install/ur_client_library/include/ur_client_library/comm/producer.h
[2.164s] -- Up-to-date: /home/zpw/UR3e-ROS2-resources/install/ur_client_library/include/ur_client_library/comm/package_serializer.h
[2.164s] -- Up-to-date: /home/zpw/UR3e-ROS2-resources/install/ur_client_library/include/ur_client_library/comm/pipeline.h
[2.164s] -- Up-to-date: /home/zpw/UR3e-ROS2-resources/install/ur_client_library/include/ur_client_library/comm/tcp_server.h
[2.164s] -- Up-to-date: /home/zpw/UR3e-ROS2-resources/install/ur_client_library/include/ur_client_library/comm/shell_consumer.h
[2.169s] -- Up-to-date: /home/zpw/UR3e-ROS2-resources/install/ur_client_library/include/ur_client_library/comm/stream.h
[2.172s] -- Up-to-date: /home/zpw/UR3e-ROS2-resources/install/ur_client_library/include/ur_client_library/comm/control_mode.h
[2.173s] -- Up-to-date: /home/zpw/UR3e-ROS2-resources/install/ur_client_library/include/ur_client_library/primary
[2.173s] -- Up-to-date: /home/zpw/UR3e-ROS2-resources/install/ur_client_library/include/ur_client_library/primary/robot_message.h
[2.175s] -- Up-to-date: /home/zpw/UR3e-ROS2-resources/install/ur_client_library/include/ur_client_library/primary/abstract_primary_consumer.h
[2.176s] -- Up-to-date: /home/zpw/UR3e-ROS2-resources/install/ur_client_library/include/ur_client_library/primary/robot_message
[2.176s] -- Up-to-date: /home/zpw/UR3e-ROS2-resources/install/ur_client_library/include/ur_client_library/primary/robot_message/version_message.h
[2.177s] -- Up-to-date: /home/zpw/UR3e-ROS2-resources/install/ur_client_library/include/ur_client_library/primary/primary_parser.h
[2.180s] -- Up-to-date: /home/zpw/UR3e-ROS2-resources/install/ur_client_library/include/ur_client_library/primary/package_header.h
[2.180s] -- Up-to-date: /home/zpw/UR3e-ROS2-resources/install/ur_client_library/include/ur_client_library/primary/robot_state
[2.181s] -- Up-to-date: /home/zpw/UR3e-ROS2-resources/install/ur_client_library/include/ur_client_library/primary/robot_state/kinematics_info.h
[2.183s] -- Up-to-date: /home/zpw/UR3e-ROS2-resources/install/ur_client_library/include/ur_client_library/primary/primary_package.h
[2.183s] -- Up-to-date: /home/zpw/UR3e-ROS2-resources/install/ur_client_library/include/ur_client_library/primary/robot_state.h
[2.183s] -- Up-to-date: /home/zpw/UR3e-ROS2-resources/install/ur_client_library/include/ur_client_library/exceptions.h
[2.183s] -- Up-to-date: /home/zpw/UR3e-ROS2-resources/install/ur_client_library/include/ur_client_library/default_log_handler.h
[2.184s] -- Up-to-date: /home/zpw/UR3e-ROS2-resources/install/ur_client_library/include/ur_client_library/queue
[2.184s] -- Up-to-date: /home/zpw/UR3e-ROS2-resources/install/ur_client_library/include/ur_client_library/queue/readerwriterqueue.h
[2.184s] -- Up-to-date: /home/zpw/UR3e-ROS2-resources/install/ur_client_library/include/ur_client_library/queue/LICENSE.md
[2.184s] -- Up-to-date: /home/zpw/UR3e-ROS2-resources/install/ur_client_library/include/ur_client_library/queue/atomicops.h
[2.184s] -- Up-to-date: /home/zpw/UR3e-ROS2-resources/install/ur_client_library/include/ur_client_library/rtde
[2.184s] -- Up-to-date: /home/zpw/UR3e-ROS2-resources/install/ur_client_library/include/ur_client_library/rtde/control_package_setup_inputs.h
[2.184s] -- Up-to-date: /home/zpw/UR3e-ROS2-resources/install/ur_client_library/include/ur_client_library/rtde/text_message.h
[2.184s] -- Up-to-date: /home/zpw/UR3e-ROS2-resources/install/ur_client_library/include/ur_client_library/rtde/control_package_setup_outputs.h
[2.184s] -- Up-to-date: /home/zpw/UR3e-ROS2-resources/install/ur_client_library/include/ur_client_library/rtde/get_urcontrol_version.h
[2.184s] -- Up-to-date: /home/zpw/UR3e-ROS2-resources/install/ur_client_library/include/ur_client_library/rtde/rtde_parser.h
[2.184s] -- Up-to-date: /home/zpw/UR3e-ROS2-resources/install/ur_client_library/include/ur_client_library/rtde/rtde_client.h
[2.184s] -- Up-to-date: /home/zpw/UR3e-ROS2-resources/install/ur_client_library/include/ur_client_library/rtde/control_package_start.h
[2.185s] -- Up-to-date: /home/zpw/UR3e-ROS2-resources/install/ur_client_library/include/ur_client_library/rtde/data_package.h
[2.185s] -- Up-to-date: /home/zpw/UR3e-ROS2-resources/install/ur_client_library/include/ur_client_library/rtde/package_header.h
[2.193s] -- Up-to-date: /home/zpw/UR3e-ROS2-resources/install/ur_client_library/include/ur_client_library/rtde/rtde_package.h
[2.200s] -- Up-to-date: /home/zpw/UR3e-ROS2-resources/install/ur_client_library/include/ur_client_library/rtde/control_package_pause.h
[2.200s] -- Up-to-date: /home/zpw/UR3e-ROS2-resources/install/ur_client_library/include/ur_client_library/rtde/rtde_writer.h
[2.200s] -- Up-to-date: /home/zpw/UR3e-ROS2-resources/install/ur_client_library/include/ur_client_library/rtde/request_protocol_version.h
[2.200s] -- Up-to-date: /home/zpw/UR3e-ROS2-resources/install/ur_client_library/lib/cmake/ur_client_library/urclTargets.cmake
[2.200s] -- Up-to-date: /home/zpw/UR3e-ROS2-resources/install/ur_client_library/lib/cmake/ur_client_library/urclTargets-relwithdebinfo.cmake
[2.209s] -- Up-to-date: /home/zpw/UR3e-ROS2-resources/install/ur_client_library/lib/cmake/ur_client_library/ur_client_libraryConfig.cmake
[2.212s] -- Up-to-date: /home/zpw/UR3e-ROS2-resources/install/ur_client_library/share/ur_client_library/package.xml
[2.213s] -- Up-to-date: /home/zpw/UR3e-ROS2-resources/install/ur_client_library/share/ament_index/resource_index/packages/ur_client_library
[2.215s] -- Up-to-date: /home/zpw/UR3e-ROS2-resources/install/ur_client_library/share/ur_client_library/hook/ament_prefix_path.dsv
[2.215s] -- Up-to-date: /home/zpw/UR3e-ROS2-resources/install/ur_client_library/share/ur_client_library/hook/ros_package_path.dsv
[2.216s] -- Up-to-date: /home/zpw/UR3e-ROS2-resources/install/ur_client_library/share/ur_client_library/resources
[2.216s] -- Up-to-date: /home/zpw/UR3e-ROS2-resources/install/ur_client_library/share/ur_client_library/resources/external_control.urscript
[2.284s] Invoked command in '/home/zpw/UR3e-ROS2-resources/build/ur_client_library' returned '0': CMAKE_PREFIX_PATH=${CMAKE_PREFIX_PATH}:/home/zpw/UR3e-ROS2-resources/install/vr_connector:/home/zpw/UR3e-ROS2-resources/install/unity_robotics_demo:/home/zpw/UR3e-ROS2-resources/install/ros_tcp_endpoint:/opt/ros/foxy /usr/bin/cmake --install /home/zpw/UR3e-ROS2-resources/build/ur_client_library
