[0.092s] Invoking command in '/home/zpw/UR3e-ROS2-resources/build/ur_msgs': CMAKE_PREFIX_PATH=${CMAKE_PREFIX_PATH}:/home/zpw/UR3e-ROS2-resources/install/vr_connector:/home/zpw/UR3e-ROS2-resources/install/unity_robotics_demo:/home/zpw/UR3e-ROS2-resources/install/ros_tcp_endpoint:/opt/ros/foxy /usr/bin/cmake --build /home/zpw/UR3e-ROS2-resources/build/ur_msgs -- -j16 -l16
[1.415s] [  0%] Built target ur_msgs__cpp
[1.416s] [ 12%] Built target ur_msgs__rosidl_generator_c
[1.416s] [ 26%] Built target ur_msgs__rosidl_typesupport_cpp
[1.416s] [ 36%] Built target ur_msgs__rosidl_typesupport_introspection_cpp
[1.417s] [ 48%] Built target ur_msgs__rosidl_typesupport_introspection_c
[1.417s] [ 60%] Built target ur_msgs__rosidl_typesupport_fastrtps_cpp
[1.429s] [ 70%] Built target ur_msgs__rosidl_typesupport_c
[1.432s] [ 82%] Built target ur_msgs__rosidl_typesupport_fastrtps_c
[1.432s] [ 82%] Built target ur_msgs
[1.433s] [ 83%] Built target ur_msgs__py
[1.433s] [ 94%] Built target ur_msgs__python
[1.449s] [ 96%] Built target ur_msgs__rosidl_typesupport_c__pyext
[1.450s] [ 98%] Built target ur_msgs__rosidl_typesupport_introspection_c__pyext
[1.452s] [100%] Built target ur_msgs__rosidl_typesupport_fastrtps_c__pyext
[1.529s] Invoked command in '/home/zpw/UR3e-ROS2-resources/build/ur_msgs' returned '0': CMAKE_PREFIX_PATH=${CMAKE_PREFIX_PATH}:/home/zpw/UR3e-ROS2-resources/install/vr_connector:/home/zpw/UR3e-ROS2-resources/install/unity_robotics_demo:/home/zpw/UR3e-ROS2-resources/install/ros_tcp_endpoint:/opt/ros/foxy /usr/bin/cmake --build /home/zpw/UR3e-ROS2-resources/build/ur_msgs -- -j16 -l16
[2.683s] Invoking command in '/home/zpw/UR3e-ROS2-resources/build/ur_msgs': CMAKE_PREFIX_PATH=${CMAKE_PREFIX_PATH}:/home/zpw/UR3e-ROS2-resources/install/vr_connector:/home/zpw/UR3e-ROS2-resources/install/unity_robotics_demo:/home/zpw/UR3e-ROS2-resources/install/ros_tcp_endpoint:/opt/ros/foxy /usr/bin/cmake --install /home/zpw/UR3e-ROS2-resources/build/ur_msgs
[2.707s] -- Install configuration: ""
[2.707s] -- Execute custom install script
[2.707s] -- Up-to-date symlink: /home/zpw/UR3e-ROS2-resources/install/ur_msgs/share/ament_index/resource_index/rosidl_interfaces/ur_msgs
[2.708s] -- Up-to-date symlink: /home/zpw/UR3e-ROS2-resources/install/ur_msgs/include/ur_msgs/msg/analog.h
[2.708s] -- Up-to-date symlink: /home/zpw/UR3e-ROS2-resources/install/ur_msgs/include/ur_msgs/msg/detail/analog__functions.h
[2.708s] -- Up-to-date symlink: /home/zpw/UR3e-ROS2-resources/install/ur_msgs/include/ur_msgs/msg/detail/analog__struct.h
[2.708s] -- Up-to-date symlink: /home/zpw/UR3e-ROS2-resources/install/ur_msgs/include/ur_msgs/msg/detail/analog__type_support.h
[2.709s] -- Up-to-date symlink: /home/zpw/UR3e-ROS2-resources/install/ur_msgs/include/ur_msgs/msg/detail/digital__functions.h
[2.709s] -- Up-to-date symlink: /home/zpw/UR3e-ROS2-resources/install/ur_msgs/include/ur_msgs/msg/detail/digital__struct.h
[2.709s] -- Up-to-date symlink: /home/zpw/UR3e-ROS2-resources/install/ur_msgs/include/ur_msgs/msg/detail/digital__type_support.h
[2.709s] -- Up-to-date symlink: /home/zpw/UR3e-ROS2-resources/install/ur_msgs/include/ur_msgs/msg/detail/io_states__functions.h
[2.709s] -- Up-to-date symlink: /home/zpw/UR3e-ROS2-resources/install/ur_msgs/include/ur_msgs/msg/detail/io_states__struct.h
[2.709s] -- Up-to-date symlink: /home/zpw/UR3e-ROS2-resources/install/ur_msgs/include/ur_msgs/msg/detail/io_states__type_support.h
[2.710s] -- Up-to-date symlink: /home/zpw/UR3e-ROS2-resources/install/ur_msgs/include/ur_msgs/msg/detail/masterboard_data_msg__functions.h
[2.710s] -- Up-to-date symlink: /home/zpw/UR3e-ROS2-resources/install/ur_msgs/include/ur_msgs/msg/detail/masterboard_data_msg__struct.h
[2.710s] -- Up-to-date symlink: /home/zpw/UR3e-ROS2-resources/install/ur_msgs/include/ur_msgs/msg/detail/masterboard_data_msg__type_support.h
[2.710s] -- Up-to-date symlink: /home/zpw/UR3e-ROS2-resources/install/ur_msgs/include/ur_msgs/msg/detail/robot_mode_data_msg__functions.h
[2.710s] -- Up-to-date symlink: /home/zpw/UR3e-ROS2-resources/install/ur_msgs/include/ur_msgs/msg/detail/robot_mode_data_msg__struct.h
[2.711s] -- Up-to-date symlink: /home/zpw/UR3e-ROS2-resources/install/ur_msgs/include/ur_msgs/msg/detail/robot_mode_data_msg__type_support.h
[2.711s] -- Up-to-date symlink: /home/zpw/UR3e-ROS2-resources/install/ur_msgs/include/ur_msgs/msg/detail/robot_state_rt_msg__functions.h
[2.711s] -- Up-to-date symlink: /home/zpw/UR3e-ROS2-resources/install/ur_msgs/include/ur_msgs/msg/detail/robot_state_rt_msg__struct.h
[2.712s] -- Up-to-date symlink: /home/zpw/UR3e-ROS2-resources/install/ur_msgs/include/ur_msgs/msg/detail/robot_state_rt_msg__type_support.h
[2.712s] -- Up-to-date symlink: /home/zpw/UR3e-ROS2-resources/install/ur_msgs/include/ur_msgs/msg/detail/tool_data_msg__functions.h
[2.712s] -- Up-to-date symlink: /home/zpw/UR3e-ROS2-resources/install/ur_msgs/include/ur_msgs/msg/detail/tool_data_msg__struct.h
[2.713s] -- Up-to-date symlink: /home/zpw/UR3e-ROS2-resources/install/ur_msgs/include/ur_msgs/msg/detail/tool_data_msg__type_support.h
[2.713s] -- Up-to-date symlink: /home/zpw/UR3e-ROS2-resources/install/ur_msgs/include/ur_msgs/msg/digital.h
[2.713s] -- Up-to-date symlink: /home/zpw/UR3e-ROS2-resources/install/ur_msgs/include/ur_msgs/msg/io_states.h
[2.713s] -- Up-to-date symlink: /home/zpw/UR3e-ROS2-resources/install/ur_msgs/include/ur_msgs/msg/masterboard_data_msg.h
[2.713s] -- Up-to-date symlink: /home/zpw/UR3e-ROS2-resources/install/ur_msgs/include/ur_msgs/msg/robot_mode_data_msg.h
[2.713s] -- Up-to-date symlink: /home/zpw/UR3e-ROS2-resources/install/ur_msgs/include/ur_msgs/msg/robot_state_rt_msg.h
[2.714s] -- Up-to-date symlink: /home/zpw/UR3e-ROS2-resources/install/ur_msgs/include/ur_msgs/msg/rosidl_generator_c__visibility_control.h
[2.714s] -- Up-to-date symlink: /home/zpw/UR3e-ROS2-resources/install/ur_msgs/include/ur_msgs/msg/tool_data_msg.h
[2.714s] -- Up-to-date symlink: /home/zpw/UR3e-ROS2-resources/install/ur_msgs/include/ur_msgs/srv/detail/set_io__functions.h
[2.714s] -- Up-to-date symlink: /home/zpw/UR3e-ROS2-resources/install/ur_msgs/include/ur_msgs/srv/detail/set_io__struct.h
[2.715s] -- Up-to-date symlink: /home/zpw/UR3e-ROS2-resources/install/ur_msgs/include/ur_msgs/srv/detail/set_io__type_support.h
[2.715s] -- Up-to-date symlink: /home/zpw/UR3e-ROS2-resources/install/ur_msgs/include/ur_msgs/srv/detail/set_payload__functions.h
[2.715s] -- Up-to-date symlink: /home/zpw/UR3e-ROS2-resources/install/ur_msgs/include/ur_msgs/srv/detail/set_payload__struct.h
[2.715s] -- Up-to-date symlink: /home/zpw/UR3e-ROS2-resources/install/ur_msgs/include/ur_msgs/srv/detail/set_payload__type_support.h
[2.715s] -- Up-to-date symlink: /home/zpw/UR3e-ROS2-resources/install/ur_msgs/include/ur_msgs/srv/detail/set_speed_slider_fraction__functions.h
[2.716s] -- Up-to-date symlink: /home/zpw/UR3e-ROS2-resources/install/ur_msgs/include/ur_msgs/srv/detail/set_speed_slider_fraction__struct.h
[2.716s] -- Up-to-date symlink: /home/zpw/UR3e-ROS2-resources/install/ur_msgs/include/ur_msgs/srv/detail/set_speed_slider_fraction__type_support.h
[2.716s] -- Up-to-date symlink: /home/zpw/UR3e-ROS2-resources/install/ur_msgs/include/ur_msgs/srv/set_io.h
[2.716s] -- Up-to-date symlink: /home/zpw/UR3e-ROS2-resources/install/ur_msgs/include/ur_msgs/srv/set_payload.h
[2.716s] -- Up-to-date symlink: /home/zpw/UR3e-ROS2-resources/install/ur_msgs/include/ur_msgs/srv/set_speed_slider_fraction.h
[2.716s] -- Up-to-date symlink: /home/zpw/UR3e-ROS2-resources/install/ur_msgs/share/ur_msgs/environment/library_path.sh
[2.717s] -- Up-to-date symlink: /home/zpw/UR3e-ROS2-resources/install/ur_msgs/share/ur_msgs/environment/library_path.dsv
[2.717s] -- Up-to-date symlink: /home/zpw/UR3e-ROS2-resources/install/ur_msgs/include/ur_msgs/msg/detail/analog__rosidl_typesupport_fastrtps_c.h
[2.717s] -- Up-to-date symlink: /home/zpw/UR3e-ROS2-resources/install/ur_msgs/include/ur_msgs/msg/detail/digital__rosidl_typesupport_fastrtps_c.h
[2.727s] -- Up-to-date symlink: /home/zpw/UR3e-ROS2-resources/install/ur_msgs/include/ur_msgs/msg/detail/io_states__rosidl_typesupport_fastrtps_c.h
[2.728s] -- Up-to-date symlink: /home/zpw/UR3e-ROS2-resources/install/ur_msgs/include/ur_msgs/msg/detail/masterboard_data_msg__rosidl_typesupport_fastrtps_c.h
[2.730s] -- Up-to-date symlink: /home/zpw/UR3e-ROS2-resources/install/ur_msgs/include/ur_msgs/msg/detail/robot_mode_data_msg__rosidl_typesupport_fastrtps_c.h
[2.731s] -- Up-to-date symlink: /home/zpw/UR3e-ROS2-resources/install/ur_msgs/include/ur_msgs/msg/detail/robot_state_rt_msg__rosidl_typesupport_fastrtps_c.h
[2.731s] -- Up-to-date symlink: /home/zpw/UR3e-ROS2-resources/install/ur_msgs/include/ur_msgs/msg/detail/tool_data_msg__rosidl_typesupport_fastrtps_c.h
[2.732s] -- Up-to-date symlink: /home/zpw/UR3e-ROS2-resources/install/ur_msgs/include/ur_msgs/msg/rosidl_typesupport_fastrtps_c__visibility_control.h
[2.732s] -- Up-to-date symlink: /home/zpw/UR3e-ROS2-resources/install/ur_msgs/include/ur_msgs/srv/detail/set_io__rosidl_typesupport_fastrtps_c.h
[2.732s] -- Up-to-date symlink: /home/zpw/UR3e-ROS2-resources/install/ur_msgs/include/ur_msgs/srv/detail/set_payload__rosidl_typesupport_fastrtps_c.h
[2.733s] -- Up-to-date symlink: /home/zpw/UR3e-ROS2-resources/install/ur_msgs/include/ur_msgs/srv/detail/set_speed_slider_fraction__rosidl_typesupport_fastrtps_c.h
[2.733s] -- Up-to-date symlink: /home/zpw/UR3e-ROS2-resources/install/ur_msgs/lib/libur_msgs__rosidl_typesupport_fastrtps_c.so
[2.733s] -- Up-to-date symlink: /home/zpw/UR3e-ROS2-resources/install/ur_msgs/include/ur_msgs/msg/detail/analog__rosidl_typesupport_fastrtps_cpp.hpp
[2.733s] -- Up-to-date symlink: /home/zpw/UR3e-ROS2-resources/install/ur_msgs/include/ur_msgs/msg/detail/digital__rosidl_typesupport_fastrtps_cpp.hpp
[2.733s] -- Up-to-date symlink: /home/zpw/UR3e-ROS2-resources/install/ur_msgs/include/ur_msgs/msg/detail/io_states__rosidl_typesupport_fastrtps_cpp.hpp
[2.733s] -- Up-to-date symlink: /home/zpw/UR3e-ROS2-resources/install/ur_msgs/include/ur_msgs/msg/detail/masterboard_data_msg__rosidl_typesupport_fastrtps_cpp.hpp
[2.734s] -- Up-to-date symlink: /home/zpw/UR3e-ROS2-resources/install/ur_msgs/include/ur_msgs/msg/detail/robot_mode_data_msg__rosidl_typesupport_fastrtps_cpp.hpp
[2.734s] -- Up-to-date symlink: /home/zpw/UR3e-ROS2-resources/install/ur_msgs/include/ur_msgs/msg/detail/robot_state_rt_msg__rosidl_typesupport_fastrtps_cpp.hpp
[2.734s] -- Up-to-date symlink: /home/zpw/UR3e-ROS2-resources/install/ur_msgs/include/ur_msgs/msg/detail/tool_data_msg__rosidl_typesupport_fastrtps_cpp.hpp
[2.735s] -- Up-to-date symlink: /home/zpw/UR3e-ROS2-resources/install/ur_msgs/include/ur_msgs/msg/rosidl_typesupport_fastrtps_cpp__visibility_control.h
[2.735s] -- Up-to-date symlink: /home/zpw/UR3e-ROS2-resources/install/ur_msgs/include/ur_msgs/srv/detail/set_io__rosidl_typesupport_fastrtps_cpp.hpp
[2.736s] -- Up-to-date symlink: /home/zpw/UR3e-ROS2-resources/install/ur_msgs/include/ur_msgs/srv/detail/set_payload__rosidl_typesupport_fastrtps_cpp.hpp
[2.736s] -- Up-to-date symlink: /home/zpw/UR3e-ROS2-resources/install/ur_msgs/include/ur_msgs/srv/detail/set_speed_slider_fraction__rosidl_typesupport_fastrtps_cpp.hpp
[2.736s] -- Up-to-date symlink: /home/zpw/UR3e-ROS2-resources/install/ur_msgs/lib/libur_msgs__rosidl_typesupport_fastrtps_cpp.so
[2.737s] -- Up-to-date symlink: /home/zpw/UR3e-ROS2-resources/install/ur_msgs/include/ur_msgs/msg/detail/analog__rosidl_typesupport_introspection_c.h
[2.737s] -- Up-to-date symlink: /home/zpw/UR3e-ROS2-resources/install/ur_msgs/include/ur_msgs/msg/detail/digital__rosidl_typesupport_introspection_c.h
[2.737s] -- Up-to-date symlink: /home/zpw/UR3e-ROS2-resources/install/ur_msgs/include/ur_msgs/msg/detail/io_states__rosidl_typesupport_introspection_c.h
[2.737s] -- Up-to-date symlink: /home/zpw/UR3e-ROS2-resources/install/ur_msgs/include/ur_msgs/msg/detail/masterboard_data_msg__rosidl_typesupport_introspection_c.h
[2.738s] -- Up-to-date symlink: /home/zpw/UR3e-ROS2-resources/install/ur_msgs/include/ur_msgs/msg/detail/robot_mode_data_msg__rosidl_typesupport_introspection_c.h
[2.738s] -- Up-to-date symlink: /home/zpw/UR3e-ROS2-resources/install/ur_msgs/include/ur_msgs/msg/detail/robot_state_rt_msg__rosidl_typesupport_introspection_c.h
[2.738s] -- Up-to-date symlink: /home/zpw/UR3e-ROS2-resources/install/ur_msgs/include/ur_msgs/msg/detail/tool_data_msg__rosidl_typesupport_introspection_c.h
[2.739s] -- Up-to-date symlink: /home/zpw/UR3e-ROS2-resources/install/ur_msgs/include/ur_msgs/msg/rosidl_typesupport_introspection_c__visibility_control.h
[2.739s] -- Up-to-date symlink: /home/zpw/UR3e-ROS2-resources/install/ur_msgs/include/ur_msgs/srv/detail/set_io__rosidl_typesupport_introspection_c.h
[2.739s] -- Up-to-date symlink: /home/zpw/UR3e-ROS2-resources/install/ur_msgs/include/ur_msgs/srv/detail/set_payload__rosidl_typesupport_introspection_c.h
[2.740s] -- Up-to-date symlink: /home/zpw/UR3e-ROS2-resources/install/ur_msgs/include/ur_msgs/srv/detail/set_speed_slider_fraction__rosidl_typesupport_introspection_c.h
[2.740s] -- Up-to-date symlink: /home/zpw/UR3e-ROS2-resources/install/ur_msgs/include/ur_msgs/msg/analog.hpp
[2.740s] -- Up-to-date symlink: /home/zpw/UR3e-ROS2-resources/install/ur_msgs/include/ur_msgs/msg/detail/analog__builder.hpp
[2.740s] -- Up-to-date symlink: /home/zpw/UR3e-ROS2-resources/install/ur_msgs/include/ur_msgs/msg/detail/analog__struct.hpp
[2.742s] -- Up-to-date symlink: /home/zpw/UR3e-ROS2-resources/install/ur_msgs/include/ur_msgs/msg/detail/analog__traits.hpp
[2.742s] -- Up-to-date symlink: /home/zpw/UR3e-ROS2-resources/install/ur_msgs/include/ur_msgs/msg/detail/digital__builder.hpp
[2.743s] -- Up-to-date symlink: /home/zpw/UR3e-ROS2-resources/install/ur_msgs/include/ur_msgs/msg/detail/digital__struct.hpp
[2.747s] -- Up-to-date symlink: /home/zpw/UR3e-ROS2-resources/install/ur_msgs/include/ur_msgs/msg/detail/digital__traits.hpp
[2.748s] -- Up-to-date symlink: /home/zpw/UR3e-ROS2-resources/install/ur_msgs/include/ur_msgs/msg/detail/io_states__builder.hpp
[2.752s] -- Up-to-date symlink: /home/zpw/UR3e-ROS2-resources/install/ur_msgs/include/ur_msgs/msg/detail/io_states__struct.hpp
[2.757s] -- Up-to-date symlink: /home/zpw/UR3e-ROS2-resources/install/ur_msgs/include/ur_msgs/msg/detail/io_states__traits.hpp
[2.758s] -- Up-to-date symlink: /home/zpw/UR3e-ROS2-resources/install/ur_msgs/include/ur_msgs/msg/detail/masterboard_data_msg__builder.hpp
[2.758s] -- Up-to-date symlink: /home/zpw/UR3e-ROS2-resources/install/ur_msgs/include/ur_msgs/msg/detail/masterboard_data_msg__struct.hpp
[2.758s] -- Up-to-date symlink: /home/zpw/UR3e-ROS2-resources/install/ur_msgs/include/ur_msgs/msg/detail/masterboard_data_msg__traits.hpp
[2.759s] -- Up-to-date symlink: /home/zpw/UR3e-ROS2-resources/install/ur_msgs/include/ur_msgs/msg/detail/robot_mode_data_msg__builder.hpp
[2.759s] -- Up-to-date symlink: /home/zpw/UR3e-ROS2-resources/install/ur_msgs/include/ur_msgs/msg/detail/robot_mode_data_msg__struct.hpp
[2.766s] -- Up-to-date symlink: /home/zpw/UR3e-ROS2-resources/install/ur_msgs/include/ur_msgs/msg/detail/robot_mode_data_msg__traits.hpp
[2.769s] -- Up-to-date symlink: /home/zpw/UR3e-ROS2-resources/install/ur_msgs/include/ur_msgs/msg/detail/robot_state_rt_msg__builder.hpp
[2.772s] -- Up-to-date symlink: /home/zpw/UR3e-ROS2-resources/install/ur_msgs/include/ur_msgs/msg/detail/robot_state_rt_msg__struct.hpp
[2.773s] -- Up-to-date symlink: /home/zpw/UR3e-ROS2-resources/install/ur_msgs/include/ur_msgs/msg/detail/robot_state_rt_msg__traits.hpp
[2.775s] -- Up-to-date symlink: /home/zpw/UR3e-ROS2-resources/install/ur_msgs/include/ur_msgs/msg/detail/tool_data_msg__builder.hpp
[2.775s] -- Up-to-date symlink: /home/zpw/UR3e-ROS2-resources/install/ur_msgs/include/ur_msgs/msg/detail/tool_data_msg__struct.hpp
[2.775s] -- Up-to-date symlink: /home/zpw/UR3e-ROS2-resources/install/ur_msgs/include/ur_msgs/msg/detail/tool_data_msg__traits.hpp
[2.775s] -- Up-to-date symlink: /home/zpw/UR3e-ROS2-resources/install/ur_msgs/include/ur_msgs/msg/digital.hpp
[2.776s] -- Up-to-date symlink: /home/zpw/UR3e-ROS2-resources/install/ur_msgs/include/ur_msgs/msg/io_states.hpp
[2.776s] -- Up-to-date symlink: /home/zpw/UR3e-ROS2-resources/install/ur_msgs/include/ur_msgs/msg/masterboard_data_msg.hpp
[2.776s] -- Up-to-date symlink: /home/zpw/UR3e-ROS2-resources/install/ur_msgs/include/ur_msgs/msg/robot_mode_data_msg.hpp
[2.776s] -- Up-to-date symlink: /home/zpw/UR3e-ROS2-resources/install/ur_msgs/include/ur_msgs/msg/robot_state_rt_msg.hpp
[2.776s] -- Up-to-date symlink: /home/zpw/UR3e-ROS2-resources/install/ur_msgs/include/ur_msgs/msg/tool_data_msg.hpp
[2.777s] -- Up-to-date symlink: /home/zpw/UR3e-ROS2-resources/install/ur_msgs/include/ur_msgs/srv/detail/set_io__builder.hpp
[2.786s] -- Up-to-date symlink: /home/zpw/UR3e-ROS2-resources/install/ur_msgs/include/ur_msgs/srv/detail/set_io__struct.hpp
[2.788s] -- Up-to-date symlink: /home/zpw/UR3e-ROS2-resources/install/ur_msgs/include/ur_msgs/srv/detail/set_io__traits.hpp
[2.791s] -- Up-to-date symlink: /home/zpw/UR3e-ROS2-resources/install/ur_msgs/include/ur_msgs/srv/detail/set_payload__builder.hpp
[2.791s] -- Up-to-date symlink: /home/zpw/UR3e-ROS2-resources/install/ur_msgs/include/ur_msgs/srv/detail/set_payload__struct.hpp
[2.791s] -- Up-to-date symlink: /home/zpw/UR3e-ROS2-resources/install/ur_msgs/include/ur_msgs/srv/detail/set_payload__traits.hpp
[2.792s] -- Up-to-date symlink: /home/zpw/UR3e-ROS2-resources/install/ur_msgs/include/ur_msgs/srv/detail/set_speed_slider_fraction__builder.hpp
[2.793s] -- Up-to-date symlink: /home/zpw/UR3e-ROS2-resources/install/ur_msgs/include/ur_msgs/srv/detail/set_speed_slider_fraction__struct.hpp
[2.793s] -- Up-to-date symlink: /home/zpw/UR3e-ROS2-resources/install/ur_msgs/include/ur_msgs/srv/detail/set_speed_slider_fraction__traits.hpp
[2.793s] -- Up-to-date symlink: /home/zpw/UR3e-ROS2-resources/install/ur_msgs/include/ur_msgs/srv/set_io.hpp
[2.793s] -- Up-to-date symlink: /home/zpw/UR3e-ROS2-resources/install/ur_msgs/include/ur_msgs/srv/set_payload.hpp
[2.796s] -- Up-to-date symlink: /home/zpw/UR3e-ROS2-resources/install/ur_msgs/include/ur_msgs/srv/set_speed_slider_fraction.hpp
[2.806s] -- Up-to-date symlink: /home/zpw/UR3e-ROS2-resources/install/ur_msgs/include/ur_msgs/msg/detail/analog__rosidl_typesupport_introspection_cpp.hpp
[2.807s] -- Up-to-date symlink: /home/zpw/UR3e-ROS2-resources/install/ur_msgs/include/ur_msgs/msg/detail/digital__rosidl_typesupport_introspection_cpp.hpp
[2.808s] -- Up-to-date symlink: /home/zpw/UR3e-ROS2-resources/install/ur_msgs/include/ur_msgs/msg/detail/io_states__rosidl_typesupport_introspection_cpp.hpp
[2.808s] -- Up-to-date symlink: /home/zpw/UR3e-ROS2-resources/install/ur_msgs/include/ur_msgs/msg/detail/masterboard_data_msg__rosidl_typesupport_introspection_cpp.hpp
[2.808s] -- Up-to-date symlink: /home/zpw/UR3e-ROS2-resources/install/ur_msgs/include/ur_msgs/msg/detail/robot_mode_data_msg__rosidl_typesupport_introspection_cpp.hpp
[2.808s] -- Up-to-date symlink: /home/zpw/UR3e-ROS2-resources/install/ur_msgs/include/ur_msgs/msg/detail/robot_state_rt_msg__rosidl_typesupport_introspection_cpp.hpp
[2.809s] -- Up-to-date symlink: /home/zpw/UR3e-ROS2-resources/install/ur_msgs/include/ur_msgs/msg/detail/tool_data_msg__rosidl_typesupport_introspection_cpp.hpp
[2.809s] -- Up-to-date symlink: /home/zpw/UR3e-ROS2-resources/install/ur_msgs/include/ur_msgs/srv/detail/set_io__rosidl_typesupport_introspection_cpp.hpp
[2.809s] -- Up-to-date symlink: /home/zpw/UR3e-ROS2-resources/install/ur_msgs/include/ur_msgs/srv/detail/set_payload__rosidl_typesupport_introspection_cpp.hpp
[2.809s] -- Up-to-date symlink: /home/zpw/UR3e-ROS2-resources/install/ur_msgs/include/ur_msgs/srv/detail/set_speed_slider_fraction__rosidl_typesupport_introspection_cpp.hpp
[2.812s] -- Up-to-date symlink: /home/zpw/UR3e-ROS2-resources/install/ur_msgs/share/ur_msgs/environment/pythonpath.sh
[2.815s] -- Up-to-date symlink: /home/zpw/UR3e-ROS2-resources/install/ur_msgs/share/ur_msgs/environment/pythonpath.dsv
[2.819s] -- Up-to-date symlink: /home/zpw/UR3e-ROS2-resources/install/ur_msgs/lib/python3.8/site-packages/ur_msgs/__init__.py
[2.822s] -- Up-to-date symlink: /home/zpw/UR3e-ROS2-resources/install/ur_msgs/lib/python3.8/site-packages/ur_msgs/msg/__init__.py
[2.823s] -- Up-to-date symlink: /home/zpw/UR3e-ROS2-resources/install/ur_msgs/lib/python3.8/site-packages/ur_msgs/msg/_analog.py
[2.824s] -- Up-to-date symlink: /home/zpw/UR3e-ROS2-resources/install/ur_msgs/lib/python3.8/site-packages/ur_msgs/msg/_digital.py
[2.825s] -- Up-to-date symlink: /home/zpw/UR3e-ROS2-resources/install/ur_msgs/lib/python3.8/site-packages/ur_msgs/msg/_io_states.py
[2.840s] -- Up-to-date symlink: /home/zpw/UR3e-ROS2-resources/install/ur_msgs/lib/python3.8/site-packages/ur_msgs/msg/_masterboard_data_msg.py
[2.841s] -- Up-to-date symlink: /home/zpw/UR3e-ROS2-resources/install/ur_msgs/lib/python3.8/site-packages/ur_msgs/msg/_robot_mode_data_msg.py
[2.841s] -- Up-to-date symlink: /home/zpw/UR3e-ROS2-resources/install/ur_msgs/lib/python3.8/site-packages/ur_msgs/msg/_robot_state_rt_msg.py
[2.841s] -- Up-to-date symlink: /home/zpw/UR3e-ROS2-resources/install/ur_msgs/lib/python3.8/site-packages/ur_msgs/msg/_tool_data_msg.py
[2.841s] -- Up-to-date symlink: /home/zpw/UR3e-ROS2-resources/install/ur_msgs/lib/python3.8/site-packages/ur_msgs/srv/__init__.py
[2.842s] -- Up-to-date symlink: /home/zpw/UR3e-ROS2-resources/install/ur_msgs/lib/python3.8/site-packages/ur_msgs/srv/_set_io.py
[2.844s] -- Up-to-date symlink: /home/zpw/UR3e-ROS2-resources/install/ur_msgs/lib/python3.8/site-packages/ur_msgs/srv/_set_payload.py
[2.846s] -- Up-to-date symlink: /home/zpw/UR3e-ROS2-resources/install/ur_msgs/lib/python3.8/site-packages/ur_msgs/srv/_set_speed_slider_fraction.py
[2.849s] -- Up-to-date symlink: /home/zpw/UR3e-ROS2-resources/install/ur_msgs/lib/python3.8/site-packages/ur_msgs/ur_msgs_s__rosidl_typesupport_fastrtps_c.cpython-38-x86_64-linux-gnu.so
[2.851s] -- Up-to-date symlink: /home/zpw/UR3e-ROS2-resources/install/ur_msgs/lib/python3.8/site-packages/ur_msgs/ur_msgs_s__rosidl_typesupport_introspection_c.cpython-38-x86_64-linux-gnu.so
[2.855s] -- Up-to-date symlink: /home/zpw/UR3e-ROS2-resources/install/ur_msgs/lib/python3.8/site-packages/ur_msgs/ur_msgs_s__rosidl_typesupport_c.cpython-38-x86_64-linux-gnu.so
[2.855s] -- Up-to-date symlink: /home/zpw/UR3e-ROS2-resources/install/ur_msgs/lib/libur_msgs__python.so
[2.856s] -- Up-to-date symlink: /home/zpw/UR3e-ROS2-resources/install/ur_msgs/share/ur_msgs/msg/Analog.idl
[2.856s] -- Up-to-date symlink: /home/zpw/UR3e-ROS2-resources/install/ur_msgs/share/ur_msgs/msg/Digital.idl
[2.856s] -- Up-to-date symlink: /home/zpw/UR3e-ROS2-resources/install/ur_msgs/share/ur_msgs/msg/IOStates.idl
[2.856s] -- Up-to-date symlink: /home/zpw/UR3e-ROS2-resources/install/ur_msgs/share/ur_msgs/msg/RobotStateRTMsg.idl
[2.856s] -- Up-to-date symlink: /home/zpw/UR3e-ROS2-resources/install/ur_msgs/share/ur_msgs/msg/MasterboardDataMsg.idl
[2.856s] -- Up-to-date symlink: /home/zpw/UR3e-ROS2-resources/install/ur_msgs/share/ur_msgs/msg/RobotModeDataMsg.idl
[2.856s] -- Up-to-date symlink: /home/zpw/UR3e-ROS2-resources/install/ur_msgs/share/ur_msgs/msg/ToolDataMsg.idl
[2.857s] -- Up-to-date symlink: /home/zpw/UR3e-ROS2-resources/install/ur_msgs/share/ur_msgs/srv/SetPayload.idl
[2.857s] -- Up-to-date symlink: /home/zpw/UR3e-ROS2-resources/install/ur_msgs/share/ur_msgs/srv/SetSpeedSliderFraction.idl
[2.857s] -- Up-to-date symlink: /home/zpw/UR3e-ROS2-resources/install/ur_msgs/share/ur_msgs/srv/SetIO.idl
[2.857s] -- Up-to-date symlink: /home/zpw/UR3e-ROS2-resources/install/ur_msgs/share/ur_msgs/msg/Analog.msg
[2.857s] -- Up-to-date symlink: /home/zpw/UR3e-ROS2-resources/install/ur_msgs/share/ur_msgs/msg/Digital.msg
[2.857s] -- Up-to-date symlink: /home/zpw/UR3e-ROS2-resources/install/ur_msgs/share/ur_msgs/msg/IOStates.msg
[2.857s] -- Up-to-date symlink: /home/zpw/UR3e-ROS2-resources/install/ur_msgs/share/ur_msgs/msg/RobotStateRTMsg.msg
[2.857s] -- Up-to-date symlink: /home/zpw/UR3e-ROS2-resources/install/ur_msgs/share/ur_msgs/msg/MasterboardDataMsg.msg
[2.858s] -- Up-to-date symlink: /home/zpw/UR3e-ROS2-resources/install/ur_msgs/share/ur_msgs/msg/RobotModeDataMsg.msg
[2.858s] -- Up-to-date symlink: /home/zpw/UR3e-ROS2-resources/install/ur_msgs/share/ur_msgs/msg/ToolDataMsg.msg
[2.859s] -- Up-to-date symlink: /home/zpw/UR3e-ROS2-resources/install/ur_msgs/share/ur_msgs/srv/SetPayload.srv
[2.860s] -- Up-to-date symlink: /home/zpw/UR3e-ROS2-resources/install/ur_msgs/share/ur_msgs/srv/SetPayload_Request.msg
[2.861s] -- Up-to-date symlink: /home/zpw/UR3e-ROS2-resources/install/ur_msgs/share/ur_msgs/srv/SetPayload_Response.msg
[2.864s] -- Up-to-date symlink: /home/zpw/UR3e-ROS2-resources/install/ur_msgs/share/ur_msgs/srv/SetSpeedSliderFraction.srv
[2.868s] -- Up-to-date symlink: /home/zpw/UR3e-ROS2-resources/install/ur_msgs/share/ur_msgs/srv/SetSpeedSliderFraction_Request.msg
[2.870s] -- Up-to-date symlink: /home/zpw/UR3e-ROS2-resources/install/ur_msgs/share/ur_msgs/srv/SetSpeedSliderFraction_Response.msg
[2.872s] -- Up-to-date symlink: /home/zpw/UR3e-ROS2-resources/install/ur_msgs/share/ur_msgs/srv/SetIO.srv
[2.873s] -- Up-to-date symlink: /home/zpw/UR3e-ROS2-resources/install/ur_msgs/share/ur_msgs/srv/SetIO_Request.msg
[2.875s] -- Up-to-date symlink: /home/zpw/UR3e-ROS2-resources/install/ur_msgs/share/ur_msgs/srv/SetIO_Response.msg
[2.875s] -- Up-to-date symlink: /home/zpw/UR3e-ROS2-resources/install/ur_msgs/share/ament_index/resource_index/package_run_dependencies/ur_msgs
[2.876s] -- Up-to-date symlink: /home/zpw/UR3e-ROS2-resources/install/ur_msgs/share/ament_index/resource_index/parent_prefix_path/ur_msgs
[2.877s] -- Up-to-date symlink: /home/zpw/UR3e-ROS2-resources/install/ur_msgs/share/ur_msgs/environment/ament_prefix_path.sh
[2.885s] -- Up-to-date symlink: /home/zpw/UR3e-ROS2-resources/install/ur_msgs/share/ur_msgs/environment/ament_prefix_path.dsv
[2.892s] -- Up-to-date symlink: /home/zpw/UR3e-ROS2-resources/install/ur_msgs/share/ur_msgs/environment/path.sh
[2.892s] -- Up-to-date symlink: /home/zpw/UR3e-ROS2-resources/install/ur_msgs/share/ur_msgs/environment/path.dsv
[2.892s] -- Up-to-date symlink: /home/zpw/UR3e-ROS2-resources/install/ur_msgs/share/ur_msgs/local_setup.bash
[2.893s] -- Up-to-date symlink: /home/zpw/UR3e-ROS2-resources/install/ur_msgs/share/ur_msgs/local_setup.sh
[2.893s] -- Up-to-date symlink: /home/zpw/UR3e-ROS2-resources/install/ur_msgs/share/ur_msgs/local_setup.zsh
[2.893s] -- Up-to-date symlink: /home/zpw/UR3e-ROS2-resources/install/ur_msgs/share/ur_msgs/local_setup.dsv
[2.893s] -- Symlinking: /home/zpw/UR3e-ROS2-resources/install/ur_msgs/share/ur_msgs/package.dsv
[2.893s] -- Up-to-date symlink: /home/zpw/UR3e-ROS2-resources/install/ur_msgs/share/ament_index/resource_index/packages/ur_msgs
[2.893s] -- Up-to-date symlink: /home/zpw/UR3e-ROS2-resources/install/ur_msgs/share/ur_msgs/cmake/rosidl_cmake-extras.cmake
[2.894s] -- Up-to-date symlink: /home/zpw/UR3e-ROS2-resources/install/ur_msgs/share/ur_msgs/cmake/ament_cmake_export_dependencies-extras.cmake
[2.894s] -- Up-to-date symlink: /home/zpw/UR3e-ROS2-resources/install/ur_msgs/share/ur_msgs/cmake/ament_cmake_export_libraries-extras.cmake
[2.901s] -- Up-to-date symlink: /home/zpw/UR3e-ROS2-resources/install/ur_msgs/share/ur_msgs/cmake/ament_cmake_export_targets-extras.cmake
[2.908s] -- Up-to-date symlink: /home/zpw/UR3e-ROS2-resources/install/ur_msgs/share/ur_msgs/cmake/ament_cmake_export_include_directories-extras.cmake
[2.909s] -- Up-to-date symlink: /home/zpw/UR3e-ROS2-resources/install/ur_msgs/share/ur_msgs/cmake/rosidl_cmake_export_typesupport_libraries-extras.cmake
[2.909s] -- Up-to-date symlink: /home/zpw/UR3e-ROS2-resources/install/ur_msgs/share/ur_msgs/cmake/rosidl_cmake_export_typesupport_targets-extras.cmake
[2.913s] -- Up-to-date symlink: /home/zpw/UR3e-ROS2-resources/install/ur_msgs/share/ur_msgs/cmake/ur_msgsConfig.cmake
[2.913s] -- Up-to-date symlink: /home/zpw/UR3e-ROS2-resources/install/ur_msgs/share/ur_msgs/cmake/ur_msgsConfig-version.cmake
[2.913s] -- Up-to-date symlink: /home/zpw/UR3e-ROS2-resources/install/ur_msgs/share/ur_msgs/package.xml
[2.914s] -- Up-to-date: /home/zpw/UR3e-ROS2-resources/install/ur_msgs/lib/libur_msgs__rosidl_generator_c.so
[2.914s] -- Up-to-date: /home/zpw/UR3e-ROS2-resources/install/ur_msgs/lib/libur_msgs__rosidl_typesupport_introspection_c.so
[2.914s] -- Up-to-date: /home/zpw/UR3e-ROS2-resources/install/ur_msgs/lib/libur_msgs__rosidl_typesupport_c.so
[2.914s] -- Up-to-date: /home/zpw/UR3e-ROS2-resources/install/ur_msgs/lib/libur_msgs__rosidl_typesupport_introspection_cpp.so
[2.914s] -- Up-to-date: /home/zpw/UR3e-ROS2-resources/install/ur_msgs/lib/libur_msgs__rosidl_typesupport_cpp.so
[2.915s] -- Up-to-date: /home/zpw/UR3e-ROS2-resources/install/ur_msgs/share/ur_msgs/cmake/ur_msgs__rosidl_generator_cExport.cmake
[2.915s] -- Up-to-date: /home/zpw/UR3e-ROS2-resources/install/ur_msgs/share/ur_msgs/cmake/ur_msgs__rosidl_generator_cExport-noconfig.cmake
[2.915s] -- Up-to-date: /home/zpw/UR3e-ROS2-resources/install/ur_msgs/share/ur_msgs/cmake/ur_msgs__rosidl_typesupport_introspection_cExport.cmake
[2.916s] -- Up-to-date: /home/zpw/UR3e-ROS2-resources/install/ur_msgs/share/ur_msgs/cmake/ur_msgs__rosidl_typesupport_introspection_cExport-noconfig.cmake
[2.916s] -- Up-to-date: /home/zpw/UR3e-ROS2-resources/install/ur_msgs/share/ur_msgs/cmake/ur_msgs__rosidl_typesupport_cExport.cmake
[2.916s] -- Up-to-date: /home/zpw/UR3e-ROS2-resources/install/ur_msgs/share/ur_msgs/cmake/ur_msgs__rosidl_typesupport_cExport-noconfig.cmake
[2.916s] -- Up-to-date: /home/zpw/UR3e-ROS2-resources/install/ur_msgs/share/ur_msgs/cmake/ur_msgs__rosidl_generator_cppExport.cmake
[3.011s] -- Up-to-date: /home/zpw/UR3e-ROS2-resources/install/ur_msgs/share/ur_msgs/cmake/ur_msgs__rosidl_typesupport_introspection_cppExport.cmake
[3.011s] -- Up-to-date: /home/zpw/UR3e-ROS2-resources/install/ur_msgs/share/ur_msgs/cmake/ur_msgs__rosidl_typesupport_introspection_cppExport-noconfig.cmake
[3.012s] -- Up-to-date: /home/zpw/UR3e-ROS2-resources/install/ur_msgs/share/ur_msgs/cmake/ur_msgs__rosidl_typesupport_cppExport.cmake
[3.012s] -- Up-to-date: /home/zpw/UR3e-ROS2-resources/install/ur_msgs/share/ur_msgs/cmake/ur_msgs__rosidl_typesupport_cppExport-noconfig.cmake
[3.082s] Invoked command in '/home/zpw/UR3e-ROS2-resources/build/ur_msgs' returned '0': CMAKE_PREFIX_PATH=${CMAKE_PREFIX_PATH}:/home/zpw/UR3e-ROS2-resources/install/vr_connector:/home/zpw/UR3e-ROS2-resources/install/unity_robotics_demo:/home/zpw/UR3e-ROS2-resources/install/ros_tcp_endpoint:/opt/ros/foxy /usr/bin/cmake --install /home/zpw/UR3e-ROS2-resources/build/ur_msgs
