[0.022s] Invoking command in '/home/bofengluo/ros2_ws/build/talker': /usr/bin/cmake --build /home/bofengluo/ros2_ws/build/talker -- -j16 -l16
[0.053s] -- Found ament_cmake: 0.9.9 (/home/bofengluo/ros2_foxy/ros2-linux/share/ament_cmake/cmake)
[0.077s] -- Using PYTHON_EXECUTABLE: /usr/bin/python3
[0.279s] -- Found rclcpp: 2.4.1 (/home/bofengluo/ros2_foxy/ros2-linux/share/rclcpp/cmake)
[0.304s] -- Using all available rosidl_typesupport_c: rosidl_typesupport_connext_c;rosidl_typesupport_fastrtps_c;rosidl_typesupport_introspection_c
[0.306s] -- Found rosidl_adapter: 1.2.1 (/home/bofengluo/ros2_foxy/ros2-linux/share/rosidl_adapter/cmake)
[0.327s] -- Could not find RTI Connext - skipping rosidl_typesupport_connext_c
[0.335s] -- Could not find RTI Connext - skipping rosidl_typesupport_connext_cpp
[0.467s] -- Using all available rosidl_typesupport_cpp: rosidl_typesupport_connext_cpp;rosidl_typesupport_fastrtps_cpp;rosidl_typesupport_introspection_cpp
[0.512s] -- Found rmw_implementation_cmake: 1.0.3 (/home/bofengluo/ros2_foxy/ros2-linux/share/rmw_implementation_cmake/cmake)
[0.514s] -- Using RMW implementation 'rmw_fastrtps_cpp' as default
[0.588s] -- Found std_msgs: 2.0.5 (/home/bofengluo/ros2_foxy/ros2-linux/share/std_msgs/cmake)
[0.605s] -- Found ament_lint_auto: 0.9.6 (/home/bofengluo/ros2_foxy/ros2-linux/share/ament_lint_auto/cmake)
[0.679s] -- Added test 'copyright' to check source files copyright and LICENSE
[0.680s] -- Added test 'cppcheck' to perform static code analysis on C / C++ code
[0.680s] -- Configured cppcheck include dirs: 
[0.680s] -- Configured cppcheck exclude dirs and/or files: 
[0.681s] -- Added test 'cpplint' to check C / C++ code against the Google style
[0.681s] -- Configured cpplint exclude dirs and/or files: 
[0.681s] -- Added test 'lint_cmake' to check CMake code style
[0.682s] -- Added test 'uncrustify' to check C / C++ code style
[0.682s] -- Configured uncrustify additional arguments: 
[0.682s] -- Added test 'xmllint' to check XML markup files
[0.685s] -- Configuring done
[0.691s] -- Generating done
[0.693s] -- Build files have been written to: /home/bofengluo/ros2_ws/build/talker
[0.732s] [35m[1mScanning dependencies of target talker[0m
[0.759s] [ 50%] [32mBuilding CXX object CMakeFiles/talker.dir/src/talker.cpp.o[0m
[3.408s] [100%] [32m[1mLinking CXX executable talker[0m
[3.557s] /usr/bin/ld: CMakeFiles/talker.dir/src/talker.cpp.o: in function `rclcpp::Publisher<trajectory_msgs::msg::JointTrajectory_<std::allocator<void> >, std::allocator<void> >::Publisher(rclcpp::node_interfaces::NodeBaseInterface*, std::__cxx11::basic_string<char, std::char_traits<char>, std::allocator<char> > const&, rclcpp::QoS const&, rclcpp::PublisherOptionsWithAllocator<std::allocator<void> > const&)':
[3.557s] talker.cpp:(.text._ZN6rclcpp9PublisherIN15trajectory_msgs3msg16JointTrajectory_ISaIvEEES4_EC2EPNS_15node_interfaces17NodeBaseInterfaceERKNSt7__cxx1112basic_stringIcSt11char_traitsIcESaIcEEERKNS_3QoSERKNS_29PublisherOptionsWithAllocatorIS4_EE[_ZN6rclcpp9PublisherIN15trajectory_msgs3msg16JointTrajectory_ISaIvEEES4_EC5EPNS_15node_interfaces17NodeBaseInterfaceERKNSt7__cxx1112basic_stringIcSt11char_traitsIcESaIcEEERKNS_3QoSERKNS_29PublisherOptionsWithAllocatorIS4_EE]+0x6e): undefined reference to `rosidl_message_type_support_t const* rosidl_typesupport_cpp::get_message_type_support_handle<trajectory_msgs::msg::JointTrajectory_<std::allocator<void> > >()'
[3.559s] collect2: error: ld returned 1 exit status
[3.561s] make[2]: *** [CMakeFiles/talker.dir/build.make:126: talker] Error 1
[3.562s] make[1]: *** [CMakeFiles/Makefile2:78: CMakeFiles/talker.dir/all] Error 2
[3.562s] make: *** [Makefile:141: all] Error 2
[3.567s] Invoked command in '/home/bofengluo/ros2_ws/build/talker' returned '2': /usr/bin/cmake --build /home/bofengluo/ros2_ws/build/talker -- -j16 -l16
