[0.013s] Invoking command in '/home/zpw/UR3e-ROS2-resources/build/ur_controllers': AMENT_PREFIX_PATH=/home/zpw/UR3e-ROS2-resources/install/ur_msgs:/home/zpw/UR3e-ROS2-resources/install/ur_dashboard_msgs:${AMENT_PREFIX_PATH} CMAKE_PREFIX_PATH=/home/zpw/UR3e-ROS2-resources/install/ur_msgs:/home/zpw/UR3e-ROS2-resources/install/ur_dashboard_msgs:/home/zpw/UR3e-ROS2-resources/install/ur_client_library:/opt/ros/foxy LD_LIBRARY_PATH=/home/zpw/UR3e-ROS2-resources/install/ur_msgs/lib:/home/zpw/UR3e-ROS2-resources/install/ur_dashboard_msgs/lib:/home/zpw/UR3e-ROS2-resources/install/ur_client_library/lib:${LD_LIBRARY_PATH} PKG_CONFIG_PATH=/home/zpw/UR3e-ROS2-resources/install/ur_client_library/lib/x86_64-linux-gnu/pkgconfig:/home/zpw/UR3e-ROS2-resources/install/ur_client_library/lib/pkgconfig PYTHONPATH=/home/zpw/UR3e-ROS2-resources/install/ur_msgs/lib/python3.8/site-packages:/home/zpw/UR3e-ROS2-resources/install/ur_dashboard_msgs/lib/python3.8/site-packages:${PYTHONPATH} /usr/bin/cmake /home/zpw/UR3e-ROS2-resources/src/Universal_Robots_ROS2_Driver/ur_controllers -DAMENT_CMAKE_SYMLINK_INSTALL=1 -DCMAKE_INSTALL_PREFIX=/home/zpw/UR3e-ROS2-resources/install/ur_controllers
[0.058s] -- The C compiler identification is GNU 9.4.0
[0.098s] -- The CXX compiler identification is GNU 9.4.0
[0.102s] -- Check for working C compiler: /usr/bin/cc
[0.162s] -- Check for working C compiler: /usr/bin/cc -- works
[0.163s] -- Detecting C compiler ABI info
[0.221s] -- Detecting C compiler ABI info - done
[0.229s] -- Detecting C compile features
[0.229s] -- Detecting C compile features - done
[0.231s] -- Check for working CXX compiler: /usr/bin/c++
[0.294s] -- Check for working CXX compiler: /usr/bin/c++ -- works
[0.295s] -- Detecting CXX compiler ABI info
[0.363s] -- Detecting CXX compiler ABI info - done
[0.371s] -- Detecting CXX compile features
[0.372s] -- Detecting CXX compile features - done
[0.374s] -- Found ament_cmake: 0.9.9 (/opt/ros/foxy/share/ament_cmake/cmake)
[0.393s] -- Found PythonInterp: /usr/bin/python3 (found suitable version "3.8.10", minimum required is "3") 
[0.393s] -- Using PYTHON_EXECUTABLE: /usr/bin/python3
[0.539s] -- Override CMake install command with custom implementation using symlinks instead of copying resources
[0.560s] -- Found control_msgs: 2.5.1 (/opt/ros/foxy/share/control_msgs/cmake)
[0.583s] -- Using all available rosidl_typesupport_c: rosidl_typesupport_fastrtps_c;rosidl_typesupport_introspection_c
[0.589s] -- Found rosidl_adapter: 1.2.1 (/opt/ros/foxy/share/rosidl_adapter/cmake)
[0.656s] -- Found OpenSSL: /usr/lib/x86_64-linux-gnu/libcrypto.so (found version "1.1.1f")  
[0.682s] -- Found FastRTPS: /opt/ros/foxy/include  
[0.743s] -- Using all available rosidl_typesupport_cpp: rosidl_typesupport_fastrtps_cpp;rosidl_typesupport_introspection_cpp
[1.054s] -- Found controller_interface: 0.9.0 (/opt/ros/foxy/share/controller_interface/cmake)
[1.136s] -- Found rmw_implementation_cmake: 1.0.3 (/opt/ros/foxy/share/rmw_implementation_cmake/cmake)
[1.137s] -- Using RMW implementation 'rmw_fastrtps_cpp' as default
[1.138s] -- Looking for pthread.h
[1.199s] -- Looking for pthread.h - found
[1.199s] -- Performing Test CMAKE_HAVE_LIBC_PTHREAD
[1.260s] -- Performing Test CMAKE_HAVE_LIBC_PTHREAD - Failed
[1.261s] -- Looking for pthread_create in pthreads
[1.310s] -- Looking for pthread_create in pthreads - not found
[1.310s] -- Looking for pthread_create in pthread
[1.371s] -- Looking for pthread_create in pthread - found
[1.372s] -- Found Threads: TRUE  
[1.559s] -- Found joint_trajectory_controller: 0.7.0 (/opt/ros/foxy/share/joint_trajectory_controller/cmake)
[1.640s] -- Found realtime_tools: 2.2.0 (/opt/ros/foxy/share/realtime_tools/cmake)
[1.671s] -- Found std_srvs: 2.0.5 (/opt/ros/foxy/share/std_srvs/cmake)
[1.679s] -- Found ur_dashboard_msgs: 0.0.0 (/home/zpw/UR3e-ROS2-resources/install/ur_dashboard_msgs/share/ur_dashboard_msgs/cmake)
[1.727s] -- Found ur_msgs: 1.3.4 (/home/zpw/UR3e-ROS2-resources/install/ur_msgs/share/ur_msgs/cmake)
[1.989s] -- Configuring done
[2.009s] -- Generating done
[2.010s] -- Build files have been written to: /home/zpw/UR3e-ROS2-resources/build/ur_controllers
[2.019s] Invoked command in '/home/zpw/UR3e-ROS2-resources/build/ur_controllers' returned '0': AMENT_PREFIX_PATH=/home/zpw/UR3e-ROS2-resources/install/ur_msgs:/home/zpw/UR3e-ROS2-resources/install/ur_dashboard_msgs:${AMENT_PREFIX_PATH} CMAKE_PREFIX_PATH=/home/zpw/UR3e-ROS2-resources/install/ur_msgs:/home/zpw/UR3e-ROS2-resources/install/ur_dashboard_msgs:/home/zpw/UR3e-ROS2-resources/install/ur_client_library:/opt/ros/foxy LD_LIBRARY_PATH=/home/zpw/UR3e-ROS2-resources/install/ur_msgs/lib:/home/zpw/UR3e-ROS2-resources/install/ur_dashboard_msgs/lib:/home/zpw/UR3e-ROS2-resources/install/ur_client_library/lib:${LD_LIBRARY_PATH} PKG_CONFIG_PATH=/home/zpw/UR3e-ROS2-resources/install/ur_client_library/lib/x86_64-linux-gnu/pkgconfig:/home/zpw/UR3e-ROS2-resources/install/ur_client_library/lib/pkgconfig PYTHONPATH=/home/zpw/UR3e-ROS2-resources/install/ur_msgs/lib/python3.8/site-packages:/home/zpw/UR3e-ROS2-resources/install/ur_dashboard_msgs/lib/python3.8/site-packages:${PYTHONPATH} /usr/bin/cmake /home/zpw/UR3e-ROS2-resources/src/Universal_Robots_ROS2_Driver/ur_controllers -DAMENT_CMAKE_SYMLINK_INSTALL=1 -DCMAKE_INSTALL_PREFIX=/home/zpw/UR3e-ROS2-resources/install/ur_controllers
[2.023s] Invoking command in '/home/zpw/UR3e-ROS2-resources/build/ur_controllers': AMENT_PREFIX_PATH=/home/zpw/UR3e-ROS2-resources/install/ur_msgs:/home/zpw/UR3e-ROS2-resources/install/ur_dashboard_msgs:${AMENT_PREFIX_PATH} CMAKE_PREFIX_PATH=/home/zpw/UR3e-ROS2-resources/install/ur_msgs:/home/zpw/UR3e-ROS2-resources/install/ur_dashboard_msgs:/home/zpw/UR3e-ROS2-resources/install/ur_client_library:/opt/ros/foxy LD_LIBRARY_PATH=/home/zpw/UR3e-ROS2-resources/install/ur_msgs/lib:/home/zpw/UR3e-ROS2-resources/install/ur_dashboard_msgs/lib:/home/zpw/UR3e-ROS2-resources/install/ur_client_library/lib:${LD_LIBRARY_PATH} PKG_CONFIG_PATH=/home/zpw/UR3e-ROS2-resources/install/ur_client_library/lib/x86_64-linux-gnu/pkgconfig:/home/zpw/UR3e-ROS2-resources/install/ur_client_library/lib/pkgconfig PYTHONPATH=/home/zpw/UR3e-ROS2-resources/install/ur_msgs/lib/python3.8/site-packages:/home/zpw/UR3e-ROS2-resources/install/ur_dashboard_msgs/lib/python3.8/site-packages:${PYTHONPATH} /usr/bin/cmake --build /home/zpw/UR3e-ROS2-resources/build/ur_controllers -- -j16 -l16
[2.058s] [35m[1mScanning dependencies of target ur_controllers[0m
[2.100s] [ 40%] [32mBuilding CXX object CMakeFiles/ur_controllers.dir/src/speed_scaling_state_broadcaster.cpp.o[0m
[2.100s] [ 40%] [32mBuilding CXX object CMakeFiles/ur_controllers.dir/src/scaled_joint_trajectory_controller.cpp.o[0m
[2.101s] [ 60%] [32mBuilding CXX object CMakeFiles/ur_controllers.dir/src/force_torque_sensor_broadcaster.cpp.o[0m
[2.102s] [ 80%] [32mBuilding CXX object CMakeFiles/ur_controllers.dir/src/gpio_controller.cpp.o[0m
[7.043s] [100%] [32m[1mLinking CXX shared library libur_controllers.so[0m
[7.388s] [100%] Built target ur_controllers
[7.398s] Invoked command in '/home/zpw/UR3e-ROS2-resources/build/ur_controllers' returned '0': AMENT_PREFIX_PATH=/home/zpw/UR3e-ROS2-resources/install/ur_msgs:/home/zpw/UR3e-ROS2-resources/install/ur_dashboard_msgs:${AMENT_PREFIX_PATH} CMAKE_PREFIX_PATH=/home/zpw/UR3e-ROS2-resources/install/ur_msgs:/home/zpw/UR3e-ROS2-resources/install/ur_dashboard_msgs:/home/zpw/UR3e-ROS2-resources/install/ur_client_library:/opt/ros/foxy LD_LIBRARY_PATH=/home/zpw/UR3e-ROS2-resources/install/ur_msgs/lib:/home/zpw/UR3e-ROS2-resources/install/ur_dashboard_msgs/lib:/home/zpw/UR3e-ROS2-resources/install/ur_client_library/lib:${LD_LIBRARY_PATH} PKG_CONFIG_PATH=/home/zpw/UR3e-ROS2-resources/install/ur_client_library/lib/x86_64-linux-gnu/pkgconfig:/home/zpw/UR3e-ROS2-resources/install/ur_client_library/lib/pkgconfig PYTHONPATH=/home/zpw/UR3e-ROS2-resources/install/ur_msgs/lib/python3.8/site-packages:/home/zpw/UR3e-ROS2-resources/install/ur_dashboard_msgs/lib/python3.8/site-packages:${PYTHONPATH} /usr/bin/cmake --build /home/zpw/UR3e-ROS2-resources/build/ur_controllers -- -j16 -l16
[7.424s] Invoking command in '/home/zpw/UR3e-ROS2-resources/build/ur_controllers': AMENT_PREFIX_PATH=/home/zpw/UR3e-ROS2-resources/install/ur_msgs:/home/zpw/UR3e-ROS2-resources/install/ur_dashboard_msgs:${AMENT_PREFIX_PATH} CMAKE_PREFIX_PATH=/home/zpw/UR3e-ROS2-resources/install/ur_msgs:/home/zpw/UR3e-ROS2-resources/install/ur_dashboard_msgs:/home/zpw/UR3e-ROS2-resources/install/ur_client_library:/opt/ros/foxy LD_LIBRARY_PATH=/home/zpw/UR3e-ROS2-resources/install/ur_msgs/lib:/home/zpw/UR3e-ROS2-resources/install/ur_dashboard_msgs/lib:/home/zpw/UR3e-ROS2-resources/install/ur_client_library/lib:${LD_LIBRARY_PATH} PKG_CONFIG_PATH=/home/zpw/UR3e-ROS2-resources/install/ur_client_library/lib/x86_64-linux-gnu/pkgconfig:/home/zpw/UR3e-ROS2-resources/install/ur_client_library/lib/pkgconfig PYTHONPATH=/home/zpw/UR3e-ROS2-resources/install/ur_msgs/lib/python3.8/site-packages:/home/zpw/UR3e-ROS2-resources/install/ur_dashboard_msgs/lib/python3.8/site-packages:${PYTHONPATH} /usr/bin/cmake --install /home/zpw/UR3e-ROS2-resources/build/ur_controllers
[7.431s] -- Install configuration: ""
[7.432s] -- Execute custom install script
[7.432s] -- Symlinking: /home/zpw/UR3e-ROS2-resources/install/ur_controllers/share/ur_controllers//controller_plugins.xml
[7.441s] -- Symlinking: /home/zpw/UR3e-ROS2-resources/install/ur_controllers/lib/libur_controllers.so
[7.449s] -- Symlinking: /home/zpw/UR3e-ROS2-resources/install/ur_controllers/include/ur_controllers/force_torque_sensor_broadcaster.hpp
[7.457s] -- Symlinking: /home/zpw/UR3e-ROS2-resources/install/ur_controllers/include/ur_controllers/gpio_controller.hpp
[7.465s] -- Symlinking: /home/zpw/UR3e-ROS2-resources/install/ur_controllers/include/ur_controllers/scaled_joint_trajectory_controller.hpp
[7.472s] -- Symlinking: /home/zpw/UR3e-ROS2-resources/install/ur_controllers/include/ur_controllers/speed_scaling_state_broadcaster.hpp
[7.479s] -- Up-to-date symlink: /home/zpw/UR3e-ROS2-resources/install/ur_controllers/share/ur_controllers/controller_plugins.xml
[7.480s] -- Symlinking: /home/zpw/UR3e-ROS2-resources/install/ur_controllers/share/ur_controllers/environment/library_path.sh
[7.487s] -- Symlinking: /home/zpw/UR3e-ROS2-resources/install/ur_controllers/share/ur_controllers/environment/library_path.dsv
[7.495s] -- Symlinking: /home/zpw/UR3e-ROS2-resources/install/ur_controllers/share/ament_index/resource_index/package_run_dependencies/ur_controllers
[7.503s] -- Symlinking: /home/zpw/UR3e-ROS2-resources/install/ur_controllers/share/ament_index/resource_index/parent_prefix_path/ur_controllers
[7.511s] -- Symlinking: /home/zpw/UR3e-ROS2-resources/install/ur_controllers/share/ur_controllers/environment/ament_prefix_path.sh
[7.518s] -- Symlinking: /home/zpw/UR3e-ROS2-resources/install/ur_controllers/share/ur_controllers/environment/ament_prefix_path.dsv
[7.525s] -- Symlinking: /home/zpw/UR3e-ROS2-resources/install/ur_controllers/share/ur_controllers/environment/path.sh
[7.532s] -- Symlinking: /home/zpw/UR3e-ROS2-resources/install/ur_controllers/share/ur_controllers/environment/path.dsv
[7.540s] -- Symlinking: /home/zpw/UR3e-ROS2-resources/install/ur_controllers/share/ur_controllers/local_setup.bash
[7.547s] -- Symlinking: /home/zpw/UR3e-ROS2-resources/install/ur_controllers/share/ur_controllers/local_setup.sh
[7.556s] -- Symlinking: /home/zpw/UR3e-ROS2-resources/install/ur_controllers/share/ur_controllers/local_setup.zsh
[7.565s] -- Symlinking: /home/zpw/UR3e-ROS2-resources/install/ur_controllers/share/ur_controllers/local_setup.dsv
[7.572s] -- Symlinking: /home/zpw/UR3e-ROS2-resources/install/ur_controllers/share/ur_controllers/package.dsv
[7.580s] -- Symlinking: /home/zpw/UR3e-ROS2-resources/install/ur_controllers/share/ament_index/resource_index/packages/ur_controllers
[7.588s] -- Symlinking: /home/zpw/UR3e-ROS2-resources/install/ur_controllers/share/ament_index/resource_index/controller_interface__pluginlib__plugin/ur_controllers
[7.596s] -- Symlinking: /home/zpw/UR3e-ROS2-resources/install/ur_controllers/share/ur_controllers/cmake/ament_cmake_export_dependencies-extras.cmake
[7.604s] -- Symlinking: /home/zpw/UR3e-ROS2-resources/install/ur_controllers/share/ur_controllers/cmake/ament_cmake_export_include_directories-extras.cmake
[7.611s] -- Symlinking: /home/zpw/UR3e-ROS2-resources/install/ur_controllers/share/ur_controllers/cmake/ament_cmake_export_libraries-extras.cmake
[7.619s] -- Symlinking: /home/zpw/UR3e-ROS2-resources/install/ur_controllers/share/ur_controllers/cmake/ur_controllersConfig.cmake
[7.626s] -- Symlinking: /home/zpw/UR3e-ROS2-resources/install/ur_controllers/share/ur_controllers/cmake/ur_controllersConfig-version.cmake
[7.634s] -- Symlinking: /home/zpw/UR3e-ROS2-resources/install/ur_controllers/share/ur_controllers/package.xml
[7.645s] Invoked command in '/home/zpw/UR3e-ROS2-resources/build/ur_controllers' returned '0': AMENT_PREFIX_PATH=/home/zpw/UR3e-ROS2-resources/install/ur_msgs:/home/zpw/UR3e-ROS2-resources/install/ur_dashboard_msgs:${AMENT_PREFIX_PATH} CMAKE_PREFIX_PATH=/home/zpw/UR3e-ROS2-resources/install/ur_msgs:/home/zpw/UR3e-ROS2-resources/install/ur_dashboard_msgs:/home/zpw/UR3e-ROS2-resources/install/ur_client_library:/opt/ros/foxy LD_LIBRARY_PATH=/home/zpw/UR3e-ROS2-resources/install/ur_msgs/lib:/home/zpw/UR3e-ROS2-resources/install/ur_dashboard_msgs/lib:/home/zpw/UR3e-ROS2-resources/install/ur_client_library/lib:${LD_LIBRARY_PATH} PKG_CONFIG_PATH=/home/zpw/UR3e-ROS2-resources/install/ur_client_library/lib/x86_64-linux-gnu/pkgconfig:/home/zpw/UR3e-ROS2-resources/install/ur_client_library/lib/pkgconfig PYTHONPATH=/home/zpw/UR3e-ROS2-resources/install/ur_msgs/lib/python3.8/site-packages:/home/zpw/UR3e-ROS2-resources/install/ur_dashboard_msgs/lib/python3.8/site-packages:${PYTHONPATH} /usr/bin/cmake --install /home/zpw/UR3e-ROS2-resources/build/ur_controllers
