[0.136s] Invoking command in '/home/zpw/UR3e-ROS2-resources/build/ur_moveit_config': CMAKE_PREFIX_PATH=/opt/ros/foxy /usr/bin/cmake --build /home/zpw/UR3e-ROS2-resources/build/ur_moveit_config -- -j16 -l16
[0.353s] Invoked command in '/home/zpw/UR3e-ROS2-resources/build/ur_moveit_config' returned '0': CMAKE_PREFIX_PATH=/opt/ros/foxy /usr/bin/cmake --build /home/zpw/UR3e-ROS2-resources/build/ur_moveit_config -- -j16 -l16
[0.575s] Invoking command in '/home/zpw/UR3e-ROS2-resources/build/ur_moveit_config': CMAKE_PREFIX_PATH=/opt/ros/foxy /usr/bin/cmake --install /home/zpw/UR3e-ROS2-resources/build/ur_moveit_config
[0.666s] -- Install configuration: ""
[0.666s] -- Execute custom install script
[0.667s] -- Up-to-date symlink: /home/zpw/UR3e-ROS2-resources/install/ur_moveit_config/share/ur_moveit_config/config/controllers.yaml
[0.667s] -- Up-to-date symlink: /home/zpw/UR3e-ROS2-resources/install/ur_moveit_config/share/ur_moveit_config/config/kinematics.yaml
[0.667s] -- Up-to-date symlink: /home/zpw/UR3e-ROS2-resources/install/ur_moveit_config/share/ur_moveit_config/config/ompl_planning.yaml
[0.667s] -- Up-to-date symlink: /home/zpw/UR3e-ROS2-resources/install/ur_moveit_config/share/ur_moveit_config/rviz/view_robot.rviz
[0.667s] -- Up-to-date symlink: /home/zpw/UR3e-ROS2-resources/install/ur_moveit_config/share/ur_moveit_config/srdf/ur.srdf.xacro
[0.669s] -- Up-to-date symlink: /home/zpw/UR3e-ROS2-resources/install/ur_moveit_config/share/ur_moveit_config/srdf/ur_macro.srdf.xacro
[0.669s] -- Up-to-date symlink: /home/zpw/UR3e-ROS2-resources/install/ur_moveit_config/share/ament_index/resource_index/package_run_dependencies/ur_moveit_config
[0.669s] -- Up-to-date symlink: /home/zpw/UR3e-ROS2-resources/install/ur_moveit_config/share/ament_index/resource_index/parent_prefix_path/ur_moveit_config
[0.670s] -- Up-to-date symlink: /home/zpw/UR3e-ROS2-resources/install/ur_moveit_config/share/ur_moveit_config/environment/ament_prefix_path.sh
[0.673s] -- Up-to-date symlink: /home/zpw/UR3e-ROS2-resources/install/ur_moveit_config/share/ur_moveit_config/environment/ament_prefix_path.dsv
[0.673s] -- Up-to-date symlink: /home/zpw/UR3e-ROS2-resources/install/ur_moveit_config/share/ur_moveit_config/environment/path.sh
[0.674s] -- Up-to-date symlink: /home/zpw/UR3e-ROS2-resources/install/ur_moveit_config/share/ur_moveit_config/environment/path.dsv
[0.674s] -- Up-to-date symlink: /home/zpw/UR3e-ROS2-resources/install/ur_moveit_config/share/ur_moveit_config/local_setup.bash
[0.675s] -- Up-to-date symlink: /home/zpw/UR3e-ROS2-resources/install/ur_moveit_config/share/ur_moveit_config/local_setup.sh
[0.675s] -- Up-to-date symlink: /home/zpw/UR3e-ROS2-resources/install/ur_moveit_config/share/ur_moveit_config/local_setup.zsh
[0.676s] -- Up-to-date symlink: /home/zpw/UR3e-ROS2-resources/install/ur_moveit_config/share/ur_moveit_config/local_setup.dsv
[0.677s] -- Symlinking: /home/zpw/UR3e-ROS2-resources/install/ur_moveit_config/share/ur_moveit_config/package.dsv
[0.707s] -- Up-to-date symlink: /home/zpw/UR3e-ROS2-resources/install/ur_moveit_config/share/ament_index/resource_index/packages/ur_moveit_config
[0.710s] -- Up-to-date symlink: /home/zpw/UR3e-ROS2-resources/install/ur_moveit_config/share/ur_moveit_config/cmake/ur_moveit_configConfig.cmake
[0.710s] -- Up-to-date symlink: /home/zpw/UR3e-ROS2-resources/install/ur_moveit_config/share/ur_moveit_config/cmake/ur_moveit_configConfig-version.cmake
[0.711s] -- Up-to-date symlink: /home/zpw/UR3e-ROS2-resources/install/ur_moveit_config/share/ur_moveit_config/package.xml
[0.778s] Invoked command in '/home/zpw/UR3e-ROS2-resources/build/ur_moveit_config' returned '0': CMAKE_PREFIX_PATH=/opt/ros/foxy /usr/bin/cmake --install /home/zpw/UR3e-ROS2-resources/build/ur_moveit_config
