[0.504s] Invoking command in '/home/zpw/UR3e-ROS2-resources/build/unity_robotics_demo_msgs': CMAKE_PREFIX_PATH=/opt/ros/foxy /usr/bin/cmake --build /home/zpw/UR3e-ROS2-resources/build/unity_robotics_demo_msgs -- -j16 -l16
[0.735s] [  1%] Built target unity_robotics_demo_msgs__cpp
[0.735s] [ 12%] Built target unity_robotics_demo_msgs__rosidl_generator_c
[0.736s] [ 23%] Built target unity_robotics_demo_msgs__rosidl_typesupport_cpp
[0.736s] [ 34%] Built target unity_robotics_demo_msgs__rosidl_typesupport_introspection_cpp
[0.736s] [ 45%] Built target unity_robotics_demo_msgs__rosidl_typesupport_c
[0.738s] [ 56%] Built target unity_robotics_demo_msgs__rosidl_typesupport_fastrtps_cpp
[0.739s] [ 67%] Built target unity_robotics_demo_msgs__rosidl_typesupport_introspection_c
[0.740s] [ 78%] Built target unity_robotics_demo_msgs__rosidl_typesupport_fastrtps_c
[0.740s] [ 78%] Built target unity_robotics_demo_msgs
[0.740s] [ 80%] Built target unity_robotics_demo_msgs__py
[0.740s] [ 89%] Built target unity_robotics_demo_msgs__python
[0.740s] [ 96%] Built target unity_robotics_demo_msgs__rosidl_typesupport_introspection_c__pyext
[0.740s] [ 96%] Built target unity_robotics_demo_msgs__rosidl_typesupport_c__pyext
[0.740s] [100%] Built target unity_robotics_demo_msgs__rosidl_typesupport_fastrtps_c__pyext
[0.753s] Invoked command in '/home/zpw/UR3e-ROS2-resources/build/unity_robotics_demo_msgs' returned '0': CMAKE_PREFIX_PATH=/opt/ros/foxy /usr/bin/cmake --build /home/zpw/UR3e-ROS2-resources/build/unity_robotics_demo_msgs -- -j16 -l16
[0.905s] Invoking command in '/home/zpw/UR3e-ROS2-resources/build/unity_robotics_demo_msgs': CMAKE_PREFIX_PATH=/opt/ros/foxy /usr/bin/cmake --install /home/zpw/UR3e-ROS2-resources/build/unity_robotics_demo_msgs
[0.906s] -- Install configuration: ""
[0.906s] -- Up-to-date: /home/zpw/UR3e-ROS2-resources/install/unity_robotics_demo_msgs/share/ament_index/resource_index/rosidl_interfaces/unity_robotics_demo_msgs
[0.906s] -- Up-to-date: /home/zpw/UR3e-ROS2-resources/install/unity_robotics_demo_msgs/include/unity_robotics_demo_msgs
[0.906s] -- Up-to-date: /home/zpw/UR3e-ROS2-resources/install/unity_robotics_demo_msgs/include/unity_robotics_demo_msgs/msg
[0.906s] -- Up-to-date: /home/zpw/UR3e-ROS2-resources/install/unity_robotics_demo_msgs/include/unity_robotics_demo_msgs/msg/unity_color.h
[0.906s] -- Up-to-date: /home/zpw/UR3e-ROS2-resources/install/unity_robotics_demo_msgs/include/unity_robotics_demo_msgs/msg/detail
[0.906s] -- Up-to-date: /home/zpw/UR3e-ROS2-resources/install/unity_robotics_demo_msgs/include/unity_robotics_demo_msgs/msg/detail/unity_color__struct.h
[0.907s] -- Up-to-date: /home/zpw/UR3e-ROS2-resources/install/unity_robotics_demo_msgs/include/unity_robotics_demo_msgs/msg/detail/pos_rot__struct.h
[0.907s] -- Up-to-date: /home/zpw/UR3e-ROS2-resources/install/unity_robotics_demo_msgs/include/unity_robotics_demo_msgs/msg/detail/unity_color__functions.c
[0.907s] -- Up-to-date: /home/zpw/UR3e-ROS2-resources/install/unity_robotics_demo_msgs/include/unity_robotics_demo_msgs/msg/detail/unity_color__functions.h
[0.907s] -- Up-to-date: /home/zpw/UR3e-ROS2-resources/install/unity_robotics_demo_msgs/include/unity_robotics_demo_msgs/msg/detail/pos_rot__functions.h
[0.907s] -- Up-to-date: /home/zpw/UR3e-ROS2-resources/install/unity_robotics_demo_msgs/include/unity_robotics_demo_msgs/msg/detail/unity_color__type_support.h
[0.907s] -- Up-to-date: /home/zpw/UR3e-ROS2-resources/install/unity_robotics_demo_msgs/include/unity_robotics_demo_msgs/msg/detail/pos_rot__type_support.h
[0.907s] -- Up-to-date: /home/zpw/UR3e-ROS2-resources/install/unity_robotics_demo_msgs/include/unity_robotics_demo_msgs/msg/detail/pos_rot__functions.c
[0.907s] -- Up-to-date: /home/zpw/UR3e-ROS2-resources/install/unity_robotics_demo_msgs/include/unity_robotics_demo_msgs/msg/pos_rot.h
[0.907s] -- Up-to-date: /home/zpw/UR3e-ROS2-resources/install/unity_robotics_demo_msgs/include/unity_robotics_demo_msgs/msg/rosidl_generator_c__visibility_control.h
[0.907s] -- Up-to-date: /home/zpw/UR3e-ROS2-resources/install/unity_robotics_demo_msgs/include/unity_robotics_demo_msgs/srv
[0.907s] -- Up-to-date: /home/zpw/UR3e-ROS2-resources/install/unity_robotics_demo_msgs/include/unity_robotics_demo_msgs/srv/detail
[0.907s] -- Up-to-date: /home/zpw/UR3e-ROS2-resources/install/unity_robotics_demo_msgs/include/unity_robotics_demo_msgs/srv/detail/object_pose_service__type_support.h
[0.907s] -- Up-to-date: /home/zpw/UR3e-ROS2-resources/install/unity_robotics_demo_msgs/include/unity_robotics_demo_msgs/srv/detail/object_pose_service__struct.h
[0.907s] -- Up-to-date: /home/zpw/UR3e-ROS2-resources/install/unity_robotics_demo_msgs/include/unity_robotics_demo_msgs/srv/detail/position_service__functions.c
[0.907s] -- Up-to-date: /home/zpw/UR3e-ROS2-resources/install/unity_robotics_demo_msgs/include/unity_robotics_demo_msgs/srv/detail/position_service__type_support.h
[0.907s] -- Up-to-date: /home/zpw/UR3e-ROS2-resources/install/unity_robotics_demo_msgs/include/unity_robotics_demo_msgs/srv/detail/position_service__struct.h
[0.908s] -- Up-to-date: /home/zpw/UR3e-ROS2-resources/install/unity_robotics_demo_msgs/include/unity_robotics_demo_msgs/srv/detail/object_pose_service__functions.c
[0.908s] -- Up-to-date: /home/zpw/UR3e-ROS2-resources/install/unity_robotics_demo_msgs/include/unity_robotics_demo_msgs/srv/detail/object_pose_service__functions.h
[0.908s] -- Up-to-date: /home/zpw/UR3e-ROS2-resources/install/unity_robotics_demo_msgs/include/unity_robotics_demo_msgs/srv/detail/position_service__functions.h
[0.908s] -- Up-to-date: /home/zpw/UR3e-ROS2-resources/install/unity_robotics_demo_msgs/include/unity_robotics_demo_msgs/srv/position_service.h
[0.908s] -- Up-to-date: /home/zpw/UR3e-ROS2-resources/install/unity_robotics_demo_msgs/include/unity_robotics_demo_msgs/srv/object_pose_service.h
[0.908s] -- Up-to-date: /home/zpw/UR3e-ROS2-resources/install/unity_robotics_demo_msgs/share/unity_robotics_demo_msgs/environment/library_path.sh
[0.908s] -- Up-to-date: /home/zpw/UR3e-ROS2-resources/install/unity_robotics_demo_msgs/share/unity_robotics_demo_msgs/environment/library_path.dsv
[0.908s] -- Up-to-date: /home/zpw/UR3e-ROS2-resources/install/unity_robotics_demo_msgs/lib/libunity_robotics_demo_msgs__rosidl_generator_c.so
[0.908s] -- Up-to-date: /home/zpw/UR3e-ROS2-resources/install/unity_robotics_demo_msgs/include/unity_robotics_demo_msgs
[0.908s] -- Up-to-date: /home/zpw/UR3e-ROS2-resources/install/unity_robotics_demo_msgs/include/unity_robotics_demo_msgs/msg
[0.908s] -- Up-to-date: /home/zpw/UR3e-ROS2-resources/install/unity_robotics_demo_msgs/include/unity_robotics_demo_msgs/msg/rosidl_typesupport_fastrtps_c__visibility_control.h
[0.908s] -- Up-to-date: /home/zpw/UR3e-ROS2-resources/install/unity_robotics_demo_msgs/include/unity_robotics_demo_msgs/msg/detail
[0.908s] -- Up-to-date: /home/zpw/UR3e-ROS2-resources/install/unity_robotics_demo_msgs/include/unity_robotics_demo_msgs/msg/detail/unity_color__rosidl_typesupport_fastrtps_c.h
[0.908s] -- Up-to-date: /home/zpw/UR3e-ROS2-resources/install/unity_robotics_demo_msgs/include/unity_robotics_demo_msgs/msg/detail/pos_rot__rosidl_typesupport_fastrtps_c.h
[0.908s] -- Up-to-date: /home/zpw/UR3e-ROS2-resources/install/unity_robotics_demo_msgs/include/unity_robotics_demo_msgs/srv
[0.909s] -- Up-to-date: /home/zpw/UR3e-ROS2-resources/install/unity_robotics_demo_msgs/include/unity_robotics_demo_msgs/srv/detail
[0.909s] -- Up-to-date: /home/zpw/UR3e-ROS2-resources/install/unity_robotics_demo_msgs/include/unity_robotics_demo_msgs/srv/detail/object_pose_service__rosidl_typesupport_fastrtps_c.h
[0.909s] -- Up-to-date: /home/zpw/UR3e-ROS2-resources/install/unity_robotics_demo_msgs/include/unity_robotics_demo_msgs/srv/detail/position_service__rosidl_typesupport_fastrtps_c.h
[0.909s] -- Up-to-date: /home/zpw/UR3e-ROS2-resources/install/unity_robotics_demo_msgs/lib/libunity_robotics_demo_msgs__rosidl_typesupport_fastrtps_c.so
[0.909s] -- Up-to-date: /home/zpw/UR3e-ROS2-resources/install/unity_robotics_demo_msgs/include/unity_robotics_demo_msgs
[0.909s] -- Up-to-date: /home/zpw/UR3e-ROS2-resources/install/unity_robotics_demo_msgs/include/unity_robotics_demo_msgs/msg
[0.909s] -- Up-to-date: /home/zpw/UR3e-ROS2-resources/install/unity_robotics_demo_msgs/include/unity_robotics_demo_msgs/msg/rosidl_typesupport_fastrtps_cpp__visibility_control.h
[0.910s] -- Up-to-date: /home/zpw/UR3e-ROS2-resources/install/unity_robotics_demo_msgs/include/unity_robotics_demo_msgs/msg/detail
[0.910s] -- Up-to-date: /home/zpw/UR3e-ROS2-resources/install/unity_robotics_demo_msgs/include/unity_robotics_demo_msgs/msg/detail/unity_color__rosidl_typesupport_fastrtps_cpp.hpp
[0.910s] -- Up-to-date: /home/zpw/UR3e-ROS2-resources/install/unity_robotics_demo_msgs/include/unity_robotics_demo_msgs/msg/detail/pos_rot__rosidl_typesupport_fastrtps_cpp.hpp
[0.910s] -- Up-to-date: /home/zpw/UR3e-ROS2-resources/install/unity_robotics_demo_msgs/include/unity_robotics_demo_msgs/msg/detail/dds_fastrtps
[0.910s] -- Up-to-date: /home/zpw/UR3e-ROS2-resources/install/unity_robotics_demo_msgs/include/unity_robotics_demo_msgs/srv
[0.910s] -- Up-to-date: /home/zpw/UR3e-ROS2-resources/install/unity_robotics_demo_msgs/include/unity_robotics_demo_msgs/srv/detail
[0.910s] -- Up-to-date: /home/zpw/UR3e-ROS2-resources/install/unity_robotics_demo_msgs/include/unity_robotics_demo_msgs/srv/detail/dds_fastrtps
[0.910s] -- Up-to-date: /home/zpw/UR3e-ROS2-resources/install/unity_robotics_demo_msgs/include/unity_robotics_demo_msgs/srv/detail/object_pose_service__rosidl_typesupport_fastrtps_cpp.hpp
[0.910s] -- Up-to-date: /home/zpw/UR3e-ROS2-resources/install/unity_robotics_demo_msgs/include/unity_robotics_demo_msgs/srv/detail/position_service__rosidl_typesupport_fastrtps_cpp.hpp
[0.910s] -- Up-to-date: /home/zpw/UR3e-ROS2-resources/install/unity_robotics_demo_msgs/lib/libunity_robotics_demo_msgs__rosidl_typesupport_fastrtps_cpp.so
[0.910s] -- Up-to-date: /home/zpw/UR3e-ROS2-resources/install/unity_robotics_demo_msgs/include/unity_robotics_demo_msgs
[0.910s] -- Up-to-date: /home/zpw/UR3e-ROS2-resources/install/unity_robotics_demo_msgs/include/unity_robotics_demo_msgs/msg
[0.910s] -- Up-to-date: /home/zpw/UR3e-ROS2-resources/install/unity_robotics_demo_msgs/include/unity_robotics_demo_msgs/msg/detail
[0.910s] -- Up-to-date: /home/zpw/UR3e-ROS2-resources/install/unity_robotics_demo_msgs/include/unity_robotics_demo_msgs/msg/detail/unity_color__rosidl_typesupport_introspection_c.h
[0.910s] -- Up-to-date: /home/zpw/UR3e-ROS2-resources/install/unity_robotics_demo_msgs/include/unity_robotics_demo_msgs/msg/detail/unity_color__type_support.c
[0.910s] -- Up-to-date: /home/zpw/UR3e-ROS2-resources/install/unity_robotics_demo_msgs/include/unity_robotics_demo_msgs/msg/detail/pos_rot__rosidl_typesupport_introspection_c.h
[0.910s] -- Up-to-date: /home/zpw/UR3e-ROS2-resources/install/unity_robotics_demo_msgs/include/unity_robotics_demo_msgs/msg/detail/pos_rot__type_support.c
[0.911s] -- Up-to-date: /home/zpw/UR3e-ROS2-resources/install/unity_robotics_demo_msgs/include/unity_robotics_demo_msgs/msg/rosidl_typesupport_introspection_c__visibility_control.h
[0.911s] -- Up-to-date: /home/zpw/UR3e-ROS2-resources/install/unity_robotics_demo_msgs/include/unity_robotics_demo_msgs/srv
[0.911s] -- Up-to-date: /home/zpw/UR3e-ROS2-resources/install/unity_robotics_demo_msgs/include/unity_robotics_demo_msgs/srv/detail
[0.911s] -- Up-to-date: /home/zpw/UR3e-ROS2-resources/install/unity_robotics_demo_msgs/include/unity_robotics_demo_msgs/srv/detail/object_pose_service__type_support.c
[0.911s] -- Up-to-date: /home/zpw/UR3e-ROS2-resources/install/unity_robotics_demo_msgs/include/unity_robotics_demo_msgs/srv/detail/position_service__rosidl_typesupport_introspection_c.h
[0.911s] -- Up-to-date: /home/zpw/UR3e-ROS2-resources/install/unity_robotics_demo_msgs/include/unity_robotics_demo_msgs/srv/detail/position_service__type_support.c
[0.911s] -- Up-to-date: /home/zpw/UR3e-ROS2-resources/install/unity_robotics_demo_msgs/include/unity_robotics_demo_msgs/srv/detail/object_pose_service__rosidl_typesupport_introspection_c.h
[0.911s] -- Up-to-date: /home/zpw/UR3e-ROS2-resources/install/unity_robotics_demo_msgs/lib/libunity_robotics_demo_msgs__rosidl_typesupport_introspection_c.so
[0.912s] -- Up-to-date: /home/zpw/UR3e-ROS2-resources/install/unity_robotics_demo_msgs/lib/libunity_robotics_demo_msgs__rosidl_typesupport_c.so
[0.913s] -- Up-to-date: /home/zpw/UR3e-ROS2-resources/install/unity_robotics_demo_msgs/include/unity_robotics_demo_msgs
[0.913s] -- Up-to-date: /home/zpw/UR3e-ROS2-resources/install/unity_robotics_demo_msgs/include/unity_robotics_demo_msgs/msg
[0.913s] -- Up-to-date: /home/zpw/UR3e-ROS2-resources/install/unity_robotics_demo_msgs/include/unity_robotics_demo_msgs/msg/unity_color.hpp
[0.913s] -- Up-to-date: /home/zpw/UR3e-ROS2-resources/install/unity_robotics_demo_msgs/include/unity_robotics_demo_msgs/msg/detail
[0.913s] -- Up-to-date: /home/zpw/UR3e-ROS2-resources/install/unity_robotics_demo_msgs/include/unity_robotics_demo_msgs/msg/detail/unity_color__struct.hpp
[0.913s] -- Up-to-date: /home/zpw/UR3e-ROS2-resources/install/unity_robotics_demo_msgs/include/unity_robotics_demo_msgs/msg/detail/pos_rot__builder.hpp
[0.914s] -- Up-to-date: /home/zpw/UR3e-ROS2-resources/install/unity_robotics_demo_msgs/include/unity_robotics_demo_msgs/msg/detail/pos_rot__traits.hpp
[0.914s] -- Up-to-date: /home/zpw/UR3e-ROS2-resources/install/unity_robotics_demo_msgs/include/unity_robotics_demo_msgs/msg/detail/unity_color__traits.hpp
[0.914s] -- Up-to-date: /home/zpw/UR3e-ROS2-resources/install/unity_robotics_demo_msgs/include/unity_robotics_demo_msgs/msg/detail/unity_color__builder.hpp
[0.914s] -- Up-to-date: /home/zpw/UR3e-ROS2-resources/install/unity_robotics_demo_msgs/include/unity_robotics_demo_msgs/msg/detail/pos_rot__struct.hpp
[0.914s] -- Up-to-date: /home/zpw/UR3e-ROS2-resources/install/unity_robotics_demo_msgs/include/unity_robotics_demo_msgs/msg/pos_rot.hpp
[0.914s] -- Up-to-date: /home/zpw/UR3e-ROS2-resources/install/unity_robotics_demo_msgs/include/unity_robotics_demo_msgs/srv
[0.914s] -- Up-to-date: /home/zpw/UR3e-ROS2-resources/install/unity_robotics_demo_msgs/include/unity_robotics_demo_msgs/srv/object_pose_service.hpp
[0.914s] -- Up-to-date: /home/zpw/UR3e-ROS2-resources/install/unity_robotics_demo_msgs/include/unity_robotics_demo_msgs/srv/position_service.hpp
[0.914s] -- Up-to-date: /home/zpw/UR3e-ROS2-resources/install/unity_robotics_demo_msgs/include/unity_robotics_demo_msgs/srv/detail
[0.914s] -- Up-to-date: /home/zpw/UR3e-ROS2-resources/install/unity_robotics_demo_msgs/include/unity_robotics_demo_msgs/srv/detail/object_pose_service__struct.hpp
[0.915s] -- Up-to-date: /home/zpw/UR3e-ROS2-resources/install/unity_robotics_demo_msgs/include/unity_robotics_demo_msgs/srv/detail/object_pose_service__traits.hpp
[0.915s] -- Up-to-date: /home/zpw/UR3e-ROS2-resources/install/unity_robotics_demo_msgs/include/unity_robotics_demo_msgs/srv/detail/position_service__traits.hpp
[0.915s] -- Up-to-date: /home/zpw/UR3e-ROS2-resources/install/unity_robotics_demo_msgs/include/unity_robotics_demo_msgs/srv/detail/position_service__struct.hpp
[0.915s] -- Up-to-date: /home/zpw/UR3e-ROS2-resources/install/unity_robotics_demo_msgs/include/unity_robotics_demo_msgs/srv/detail/object_pose_service__builder.hpp
[0.915s] -- Up-to-date: /home/zpw/UR3e-ROS2-resources/install/unity_robotics_demo_msgs/include/unity_robotics_demo_msgs/srv/detail/position_service__builder.hpp
[0.915s] -- Up-to-date: /home/zpw/UR3e-ROS2-resources/install/unity_robotics_demo_msgs/include/unity_robotics_demo_msgs
[0.915s] -- Up-to-date: /home/zpw/UR3e-ROS2-resources/install/unity_robotics_demo_msgs/include/unity_robotics_demo_msgs/msg
[0.915s] -- Up-to-date: /home/zpw/UR3e-ROS2-resources/install/unity_robotics_demo_msgs/include/unity_robotics_demo_msgs/msg/detail
[0.915s] -- Up-to-date: /home/zpw/UR3e-ROS2-resources/install/unity_robotics_demo_msgs/include/unity_robotics_demo_msgs/msg/detail/pos_rot__rosidl_typesupport_introspection_cpp.hpp
[0.915s] -- Up-to-date: /home/zpw/UR3e-ROS2-resources/install/unity_robotics_demo_msgs/include/unity_robotics_demo_msgs/msg/detail/unity_color__type_support.cpp
[0.915s] -- Up-to-date: /home/zpw/UR3e-ROS2-resources/install/unity_robotics_demo_msgs/include/unity_robotics_demo_msgs/msg/detail/pos_rot__type_support.cpp
[0.915s] -- Up-to-date: /home/zpw/UR3e-ROS2-resources/install/unity_robotics_demo_msgs/include/unity_robotics_demo_msgs/msg/detail/unity_color__rosidl_typesupport_introspection_cpp.hpp
[0.915s] -- Up-to-date: /home/zpw/UR3e-ROS2-resources/install/unity_robotics_demo_msgs/include/unity_robotics_demo_msgs/srv
[0.915s] -- Up-to-date: /home/zpw/UR3e-ROS2-resources/install/unity_robotics_demo_msgs/include/unity_robotics_demo_msgs/srv/detail
[0.916s] -- Up-to-date: /home/zpw/UR3e-ROS2-resources/install/unity_robotics_demo_msgs/include/unity_robotics_demo_msgs/srv/detail/object_pose_service__type_support.cpp
[0.916s] -- Up-to-date: /home/zpw/UR3e-ROS2-resources/install/unity_robotics_demo_msgs/include/unity_robotics_demo_msgs/srv/detail/position_service__rosidl_typesupport_introspection_cpp.hpp
[0.916s] -- Up-to-date: /home/zpw/UR3e-ROS2-resources/install/unity_robotics_demo_msgs/include/unity_robotics_demo_msgs/srv/detail/position_service__type_support.cpp
[0.916s] -- Up-to-date: /home/zpw/UR3e-ROS2-resources/install/unity_robotics_demo_msgs/include/unity_robotics_demo_msgs/srv/detail/object_pose_service__rosidl_typesupport_introspection_cpp.hpp
[0.916s] -- Up-to-date: /home/zpw/UR3e-ROS2-resources/install/unity_robotics_demo_msgs/lib/libunity_robotics_demo_msgs__rosidl_typesupport_introspection_cpp.so
[0.916s] -- Up-to-date: /home/zpw/UR3e-ROS2-resources/install/unity_robotics_demo_msgs/lib/libunity_robotics_demo_msgs__rosidl_typesupport_cpp.so
[0.916s] -- Up-to-date: /home/zpw/UR3e-ROS2-resources/install/unity_robotics_demo_msgs/share/unity_robotics_demo_msgs/environment/pythonpath.sh
[0.916s] -- Up-to-date: /home/zpw/UR3e-ROS2-resources/install/unity_robotics_demo_msgs/share/unity_robotics_demo_msgs/environment/pythonpath.dsv
[0.916s] -- Up-to-date: /home/zpw/UR3e-ROS2-resources/install/unity_robotics_demo_msgs/lib/python3.8/site-packages/unity_robotics_demo_msgs/__init__.py
[0.918s] -- Up-to-date: /home/zpw/UR3e-ROS2-resources/install/unity_robotics_demo_msgs/lib/python3.8/site-packages/unity_robotics_demo_msgs/msg
[0.918s] -- Up-to-date: /home/zpw/UR3e-ROS2-resources/install/unity_robotics_demo_msgs/lib/python3.8/site-packages/unity_robotics_demo_msgs/msg/_pos_rot.py
[0.918s] -- Up-to-date: /home/zpw/UR3e-ROS2-resources/install/unity_robotics_demo_msgs/lib/python3.8/site-packages/unity_robotics_demo_msgs/msg/_pos_rot_s.c
[0.918s] -- Up-to-date: /home/zpw/UR3e-ROS2-resources/install/unity_robotics_demo_msgs/lib/python3.8/site-packages/unity_robotics_demo_msgs/msg/__init__.py
[0.918s] -- Up-to-date: /home/zpw/UR3e-ROS2-resources/install/unity_robotics_demo_msgs/lib/python3.8/site-packages/unity_robotics_demo_msgs/msg/_unity_color_s.c
[0.918s] -- Up-to-date: /home/zpw/UR3e-ROS2-resources/install/unity_robotics_demo_msgs/lib/python3.8/site-packages/unity_robotics_demo_msgs/msg/_unity_color.py
[0.918s] -- Up-to-date: /home/zpw/UR3e-ROS2-resources/install/unity_robotics_demo_msgs/lib/python3.8/site-packages/unity_robotics_demo_msgs/srv
[0.918s] -- Up-to-date: /home/zpw/UR3e-ROS2-resources/install/unity_robotics_demo_msgs/lib/python3.8/site-packages/unity_robotics_demo_msgs/srv/_position_service.py
[0.918s] -- Up-to-date: /home/zpw/UR3e-ROS2-resources/install/unity_robotics_demo_msgs/lib/python3.8/site-packages/unity_robotics_demo_msgs/srv/__init__.py
[0.918s] -- Up-to-date: /home/zpw/UR3e-ROS2-resources/install/unity_robotics_demo_msgs/lib/python3.8/site-packages/unity_robotics_demo_msgs/srv/_object_pose_service_s.c
[0.918s] -- Up-to-date: /home/zpw/UR3e-ROS2-resources/install/unity_robotics_demo_msgs/lib/python3.8/site-packages/unity_robotics_demo_msgs/srv/_object_pose_service.py
[0.918s] -- Up-to-date: /home/zpw/UR3e-ROS2-resources/install/unity_robotics_demo_msgs/lib/python3.8/site-packages/unity_robotics_demo_msgs/srv/_position_service_s.c
[0.918s] -- Up-to-date: /home/zpw/UR3e-ROS2-resources/install/unity_robotics_demo_msgs/lib/python3.8/site-packages/unity_robotics_demo_msgs/unity_robotics_demo_msgs_s__rosidl_typesupport_fastrtps_c.cpython-38-x86_64-linux-gnu.so
[0.918s] -- Up-to-date: /home/zpw/UR3e-ROS2-resources/install/unity_robotics_demo_msgs/lib/python3.8/site-packages/unity_robotics_demo_msgs/unity_robotics_demo_msgs_s__rosidl_typesupport_introspection_c.cpython-38-x86_64-linux-gnu.so
[0.919s] -- Up-to-date: /home/zpw/UR3e-ROS2-resources/install/unity_robotics_demo_msgs/lib/python3.8/site-packages/unity_robotics_demo_msgs/unity_robotics_demo_msgs_s__rosidl_typesupport_c.cpython-38-x86_64-linux-gnu.so
[0.919s] -- Up-to-date: /home/zpw/UR3e-ROS2-resources/install/unity_robotics_demo_msgs/lib/libunity_robotics_demo_msgs__python.so
[0.919s] -- Up-to-date: /home/zpw/UR3e-ROS2-resources/install/unity_robotics_demo_msgs/share/unity_robotics_demo_msgs/msg/PosRot.idl
[0.919s] -- Up-to-date: /home/zpw/UR3e-ROS2-resources/install/unity_robotics_demo_msgs/share/unity_robotics_demo_msgs/msg/UnityColor.idl
[0.919s] -- Up-to-date: /home/zpw/UR3e-ROS2-resources/install/unity_robotics_demo_msgs/share/unity_robotics_demo_msgs/srv/PositionService.idl
[0.919s] -- Up-to-date: /home/zpw/UR3e-ROS2-resources/install/unity_robotics_demo_msgs/share/unity_robotics_demo_msgs/srv/ObjectPoseService.idl
[0.919s] -- Up-to-date: /home/zpw/UR3e-ROS2-resources/install/unity_robotics_demo_msgs/share/unity_robotics_demo_msgs/msg/PosRot.msg
[0.919s] -- Up-to-date: /home/zpw/UR3e-ROS2-resources/install/unity_robotics_demo_msgs/share/unity_robotics_demo_msgs/msg/UnityColor.msg
[0.919s] -- Up-to-date: /home/zpw/UR3e-ROS2-resources/install/unity_robotics_demo_msgs/share/unity_robotics_demo_msgs/srv/PositionService.srv
[0.919s] -- Up-to-date: /home/zpw/UR3e-ROS2-resources/install/unity_robotics_demo_msgs/share/unity_robotics_demo_msgs/srv/PositionService_Request.msg
[0.919s] -- Up-to-date: /home/zpw/UR3e-ROS2-resources/install/unity_robotics_demo_msgs/share/unity_robotics_demo_msgs/srv/PositionService_Response.msg
[0.919s] -- Up-to-date: /home/zpw/UR3e-ROS2-resources/install/unity_robotics_demo_msgs/share/unity_robotics_demo_msgs/srv/ObjectPoseService.srv
[0.919s] -- Up-to-date: /home/zpw/UR3e-ROS2-resources/install/unity_robotics_demo_msgs/share/unity_robotics_demo_msgs/srv/ObjectPoseService_Request.msg
[0.919s] -- Up-to-date: /home/zpw/UR3e-ROS2-resources/install/unity_robotics_demo_msgs/share/unity_robotics_demo_msgs/srv/ObjectPoseService_Response.msg
[0.919s] -- Up-to-date: /home/zpw/UR3e-ROS2-resources/install/unity_robotics_demo_msgs/share/ament_index/resource_index/package_run_dependencies/unity_robotics_demo_msgs
[0.919s] -- Up-to-date: /home/zpw/UR3e-ROS2-resources/install/unity_robotics_demo_msgs/share/ament_index/resource_index/parent_prefix_path/unity_robotics_demo_msgs
[0.919s] -- Up-to-date: /home/zpw/UR3e-ROS2-resources/install/unity_robotics_demo_msgs/share/unity_robotics_demo_msgs/environment/ament_prefix_path.sh
[0.919s] -- Up-to-date: /home/zpw/UR3e-ROS2-resources/install/unity_robotics_demo_msgs/share/unity_robotics_demo_msgs/environment/ament_prefix_path.dsv
[0.920s] -- Up-to-date: /home/zpw/UR3e-ROS2-resources/install/unity_robotics_demo_msgs/share/unity_robotics_demo_msgs/environment/path.sh
[0.920s] -- Up-to-date: /home/zpw/UR3e-ROS2-resources/install/unity_robotics_demo_msgs/share/unity_robotics_demo_msgs/environment/path.dsv
[0.920s] -- Up-to-date: /home/zpw/UR3e-ROS2-resources/install/unity_robotics_demo_msgs/share/unity_robotics_demo_msgs/local_setup.bash
[0.920s] -- Up-to-date: /home/zpw/UR3e-ROS2-resources/install/unity_robotics_demo_msgs/share/unity_robotics_demo_msgs/local_setup.sh
[0.920s] -- Up-to-date: /home/zpw/UR3e-ROS2-resources/install/unity_robotics_demo_msgs/share/unity_robotics_demo_msgs/local_setup.zsh
[0.920s] -- Up-to-date: /home/zpw/UR3e-ROS2-resources/install/unity_robotics_demo_msgs/share/unity_robotics_demo_msgs/local_setup.dsv
[0.920s] -- Installing: /home/zpw/UR3e-ROS2-resources/install/unity_robotics_demo_msgs/share/unity_robotics_demo_msgs/package.dsv
[0.920s] -- Up-to-date: /home/zpw/UR3e-ROS2-resources/install/unity_robotics_demo_msgs/share/ament_index/resource_index/packages/unity_robotics_demo_msgs
[0.920s] -- Up-to-date: /home/zpw/UR3e-ROS2-resources/install/unity_robotics_demo_msgs/share/unity_robotics_demo_msgs/cmake/unity_robotics_demo_msgs__rosidl_generator_cExport.cmake
[0.920s] -- Up-to-date: /home/zpw/UR3e-ROS2-resources/install/unity_robotics_demo_msgs/share/unity_robotics_demo_msgs/cmake/unity_robotics_demo_msgs__rosidl_generator_cExport-noconfig.cmake
[0.920s] -- Up-to-date: /home/zpw/UR3e-ROS2-resources/install/unity_robotics_demo_msgs/share/unity_robotics_demo_msgs/cmake/unity_robotics_demo_msgs__rosidl_typesupport_introspection_cExport.cmake
[0.920s] -- Up-to-date: /home/zpw/UR3e-ROS2-resources/install/unity_robotics_demo_msgs/share/unity_robotics_demo_msgs/cmake/unity_robotics_demo_msgs__rosidl_typesupport_introspection_cExport-noconfig.cmake
[0.920s] -- Up-to-date: /home/zpw/UR3e-ROS2-resources/install/unity_robotics_demo_msgs/share/unity_robotics_demo_msgs/cmake/unity_robotics_demo_msgs__rosidl_typesupport_cExport.cmake
[0.920s] -- Up-to-date: /home/zpw/UR3e-ROS2-resources/install/unity_robotics_demo_msgs/share/unity_robotics_demo_msgs/cmake/unity_robotics_demo_msgs__rosidl_typesupport_cExport-noconfig.cmake
[0.920s] -- Up-to-date: /home/zpw/UR3e-ROS2-resources/install/unity_robotics_demo_msgs/share/unity_robotics_demo_msgs/cmake/unity_robotics_demo_msgs__rosidl_generator_cppExport.cmake
[0.920s] -- Up-to-date: /home/zpw/UR3e-ROS2-resources/install/unity_robotics_demo_msgs/share/unity_robotics_demo_msgs/cmake/unity_robotics_demo_msgs__rosidl_typesupport_introspection_cppExport.cmake
[0.920s] -- Up-to-date: /home/zpw/UR3e-ROS2-resources/install/unity_robotics_demo_msgs/share/unity_robotics_demo_msgs/cmake/unity_robotics_demo_msgs__rosidl_typesupport_introspection_cppExport-noconfig.cmake
[0.920s] -- Up-to-date: /home/zpw/UR3e-ROS2-resources/install/unity_robotics_demo_msgs/share/unity_robotics_demo_msgs/cmake/unity_robotics_demo_msgs__rosidl_typesupport_cppExport.cmake
[0.920s] -- Up-to-date: /home/zpw/UR3e-ROS2-resources/install/unity_robotics_demo_msgs/share/unity_robotics_demo_msgs/cmake/unity_robotics_demo_msgs__rosidl_typesupport_cppExport-noconfig.cmake
[0.921s] -- Up-to-date: /home/zpw/UR3e-ROS2-resources/install/unity_robotics_demo_msgs/share/unity_robotics_demo_msgs/cmake/rosidl_cmake-extras.cmake
[0.921s] -- Up-to-date: /home/zpw/UR3e-ROS2-resources/install/unity_robotics_demo_msgs/share/unity_robotics_demo_msgs/cmake/ament_cmake_export_dependencies-extras.cmake
[0.921s] -- Up-to-date: /home/zpw/UR3e-ROS2-resources/install/unity_robotics_demo_msgs/share/unity_robotics_demo_msgs/cmake/ament_cmake_export_libraries-extras.cmake
[0.921s] -- Up-to-date: /home/zpw/UR3e-ROS2-resources/install/unity_robotics_demo_msgs/share/unity_robotics_demo_msgs/cmake/ament_cmake_export_targets-extras.cmake
[0.922s] -- Up-to-date: /home/zpw/UR3e-ROS2-resources/install/unity_robotics_demo_msgs/share/unity_robotics_demo_msgs/cmake/ament_cmake_export_include_directories-extras.cmake
[0.922s] -- Up-to-date: /home/zpw/UR3e-ROS2-resources/install/unity_robotics_demo_msgs/share/unity_robotics_demo_msgs/cmake/rosidl_cmake_export_typesupport_libraries-extras.cmake
[0.922s] -- Up-to-date: /home/zpw/UR3e-ROS2-resources/install/unity_robotics_demo_msgs/share/unity_robotics_demo_msgs/cmake/rosidl_cmake_export_typesupport_targets-extras.cmake
[0.922s] -- Up-to-date: /home/zpw/UR3e-ROS2-resources/install/unity_robotics_demo_msgs/share/unity_robotics_demo_msgs/cmake/unity_robotics_demo_msgsConfig.cmake
[0.922s] -- Up-to-date: /home/zpw/UR3e-ROS2-resources/install/unity_robotics_demo_msgs/share/unity_robotics_demo_msgs/cmake/unity_robotics_demo_msgsConfig-version.cmake
[0.922s] -- Up-to-date: /home/zpw/UR3e-ROS2-resources/install/unity_robotics_demo_msgs/share/unity_robotics_demo_msgs/package.xml
[0.945s] Invoked command in '/home/zpw/UR3e-ROS2-resources/build/unity_robotics_demo_msgs' returned '0': CMAKE_PREFIX_PATH=/opt/ros/foxy /usr/bin/cmake --install /home/zpw/UR3e-ROS2-resources/build/unity_robotics_demo_msgs
