[0.629s] Invoking command in '/home/zpw/UR3e-ROS2-resources/build/ur_moveit_config': CMAKE_PREFIX_PATH=${CMAKE_PREFIX_PATH}:/home/zpw/ur3_ros2/install/vr_connector:/home/zpw/ur3_ros2/install/ros2controlcli:/home/zpw/ur3_ros2/install/ros2_control_test_nodes:/home/zpw/UR3e-ROS2-resources/install/vr_connector:/home/zpw/UR3e-ROS2-resources/install/unity_robotics_demo:/home/zpw/UR3e-ROS2-resources/install/ros_tcp_endpoint:/opt/ros/foxy /usr/bin/cmake --build /home/zpw/UR3e-ROS2-resources/build/ur_moveit_config -- -j16 -l16
[0.925s] Invoked command in '/home/zpw/UR3e-ROS2-resources/build/ur_moveit_config' returned '0': CMAKE_PREFIX_PATH=${CMAKE_PREFIX_PATH}:/home/zpw/ur3_ros2/install/vr_connector:/home/zpw/ur3_ros2/install/ros2controlcli:/home/zpw/ur3_ros2/install/ros2_control_test_nodes:/home/zpw/UR3e-ROS2-resources/install/vr_connector:/home/zpw/UR3e-ROS2-resources/install/unity_robotics_demo:/home/zpw/UR3e-ROS2-resources/install/ros_tcp_endpoint:/opt/ros/foxy /usr/bin/cmake --build /home/zpw/UR3e-ROS2-resources/build/ur_moveit_config -- -j16 -l16
[0.968s] Invoking command in '/home/zpw/UR3e-ROS2-resources/build/ur_moveit_config': CMAKE_PREFIX_PATH=${CMAKE_PREFIX_PATH}:/home/zpw/ur3_ros2/install/vr_connector:/home/zpw/ur3_ros2/install/ros2controlcli:/home/zpw/ur3_ros2/install/ros2_control_test_nodes:/home/zpw/UR3e-ROS2-resources/install/vr_connector:/home/zpw/UR3e-ROS2-resources/install/unity_robotics_demo:/home/zpw/UR3e-ROS2-resources/install/ros_tcp_endpoint:/opt/ros/foxy /usr/bin/cmake --install /home/zpw/UR3e-ROS2-resources/build/ur_moveit_config
[0.983s] -- Install configuration: ""
[0.984s] -- Execute custom install script
[0.984s] -- Up-to-date symlink: /home/zpw/UR3e-ROS2-resources/install/ur_moveit_config/share/ur_moveit_config/config/controllers.yaml
[0.985s] -- Up-to-date symlink: /home/zpw/UR3e-ROS2-resources/install/ur_moveit_config/share/ur_moveit_config/config/kinematics.yaml
[0.985s] -- Up-to-date symlink: /home/zpw/UR3e-ROS2-resources/install/ur_moveit_config/share/ur_moveit_config/config/ompl_planning.yaml
[0.985s] -- Up-to-date symlink: /home/zpw/UR3e-ROS2-resources/install/ur_moveit_config/share/ur_moveit_config/rviz/view_robot.rviz
[0.985s] -- Up-to-date symlink: /home/zpw/UR3e-ROS2-resources/install/ur_moveit_config/share/ur_moveit_config/srdf/ur.srdf.xacro
[0.986s] -- Up-to-date symlink: /home/zpw/UR3e-ROS2-resources/install/ur_moveit_config/share/ur_moveit_config/srdf/ur_macro.srdf.xacro
[0.986s] -- Up-to-date symlink: /home/zpw/UR3e-ROS2-resources/install/ur_moveit_config/share/ament_index/resource_index/package_run_dependencies/ur_moveit_config
[0.986s] -- Up-to-date symlink: /home/zpw/UR3e-ROS2-resources/install/ur_moveit_config/share/ament_index/resource_index/parent_prefix_path/ur_moveit_config
[0.987s] -- Up-to-date symlink: /home/zpw/UR3e-ROS2-resources/install/ur_moveit_config/share/ur_moveit_config/environment/ament_prefix_path.sh
[0.987s] -- Up-to-date symlink: /home/zpw/UR3e-ROS2-resources/install/ur_moveit_config/share/ur_moveit_config/environment/ament_prefix_path.dsv
[0.987s] -- Up-to-date symlink: /home/zpw/UR3e-ROS2-resources/install/ur_moveit_config/share/ur_moveit_config/environment/path.sh
[0.988s] -- Up-to-date symlink: /home/zpw/UR3e-ROS2-resources/install/ur_moveit_config/share/ur_moveit_config/environment/path.dsv
[0.988s] -- Up-to-date symlink: /home/zpw/UR3e-ROS2-resources/install/ur_moveit_config/share/ur_moveit_config/local_setup.bash
[0.988s] -- Up-to-date symlink: /home/zpw/UR3e-ROS2-resources/install/ur_moveit_config/share/ur_moveit_config/local_setup.sh
[0.988s] -- Up-to-date symlink: /home/zpw/UR3e-ROS2-resources/install/ur_moveit_config/share/ur_moveit_config/local_setup.zsh
[0.988s] -- Up-to-date symlink: /home/zpw/UR3e-ROS2-resources/install/ur_moveit_config/share/ur_moveit_config/local_setup.dsv
[0.989s] -- Symlinking: /home/zpw/UR3e-ROS2-resources/install/ur_moveit_config/share/ur_moveit_config/package.dsv
[1.017s] -- Up-to-date symlink: /home/zpw/UR3e-ROS2-resources/install/ur_moveit_config/share/ament_index/resource_index/packages/ur_moveit_config
[1.018s] -- Up-to-date symlink: /home/zpw/UR3e-ROS2-resources/install/ur_moveit_config/share/ur_moveit_config/cmake/ur_moveit_configConfig.cmake
[1.022s] -- Up-to-date symlink: /home/zpw/UR3e-ROS2-resources/install/ur_moveit_config/share/ur_moveit_config/cmake/ur_moveit_configConfig-version.cmake
[1.025s] -- Up-to-date symlink: /home/zpw/UR3e-ROS2-resources/install/ur_moveit_config/share/ur_moveit_config/package.xml
[1.061s] Invoked command in '/home/zpw/UR3e-ROS2-resources/build/ur_moveit_config' returned '0': CMAKE_PREFIX_PATH=${CMAKE_PREFIX_PATH}:/home/zpw/ur3_ros2/install/vr_connector:/home/zpw/ur3_ros2/install/ros2controlcli:/home/zpw/ur3_ros2/install/ros2_control_test_nodes:/home/zpw/UR3e-ROS2-resources/install/vr_connector:/home/zpw/UR3e-ROS2-resources/install/unity_robotics_demo:/home/zpw/UR3e-ROS2-resources/install/ros_tcp_endpoint:/opt/ros/foxy /usr/bin/cmake --install /home/zpw/UR3e-ROS2-resources/build/ur_moveit_config
