[0.964s] Invoking command in '/home/zpw/UR3e-ROS2-resources/src/vr_connector': CMAKE_PREFIX_PATH=/home/zpw/UR3e-ROS2-resources/install/unity_robotics_demo_msgs:${CMAKE_PREFIX_PATH} LD_LIBRARY_PATH=/home/zpw/UR3e-ROS2-resources/install/unity_robotics_demo_msgs/lib:/home/zpw/UR3e-ROS2-resources/install/ur_robot_driver/lib:/home/zpw/UR3e-ROS2-resources/install/ur_controllers/lib:/home/zpw/UR3e-ROS2-resources/install/ur_msgs/lib:/home/zpw/UR3e-ROS2-resources/install/ur_dashboard_msgs/lib:/home/zpw/UR3e-ROS2-resources/install/ur_client_library/lib:/home/zpw/UR3e-ROS2-resources/install/teleop/lib:/home/zpw/UR3e-ROS2-resources/install/moveit_visual_tools/lib:/home/zpw/UR3e-ROS2-resources/install/rviz_visual_tools/lib:/opt/ros/foxy/opt/yaml_cpp_vendor/lib:/opt/ros/foxy/opt/rviz_ogre_vendor/lib:/opt/ros/foxy/lib/x86_64-linux-gnu:/opt/ros/foxy/lib PYTHONPATH=/home/zpw/UR3e-ROS2-resources/install/vr_connector/lib/python3.8/site-packages:/home/zpw/UR3e-ROS2-resources/install/unity_robotics_demo_msgs/lib/python3.8/site-packages:/home/zpw/UR3e-ROS2-resources/install/vr_connector/lib/python3.8/site-packages:/home/zpw/UR3e-ROS2-resources/install/ur_msgs/lib/python3.8/site-packages:/home/zpw/UR3e-ROS2-resources/install/ur_dashboard_msgs/lib/python3.8/site-packages:/home/zpw/UR3e-ROS2-resources/install/unity_robotics_demo/lib/python3.8/site-packages:/home/zpw/UR3e-ROS2-resources/install/ros_tcp_endpoint/lib/python3.8/site-packages:/opt/ros/foxy/lib/python3.8/site-packages /usr/bin/python3 setup.py egg_info --egg-base ../../build/vr_connector build --build-base /home/zpw/UR3e-ROS2-resources/build/vr_connector/build install --prefix /home/zpw/UR3e-ROS2-resources/install/vr_connector --record /home/zpw/UR3e-ROS2-resources/build/vr_connector/install.log --single-version-externally-managed
[1.268s] running egg_info
[1.269s] writing ../../build/vr_connector/vr_connector.egg-info/PKG-INFO
[1.269s] writing dependency_links to ../../build/vr_connector/vr_connector.egg-info/dependency_links.txt
[1.269s] writing entry points to ../../build/vr_connector/vr_connector.egg-info/entry_points.txt
[1.269s] writing requirements to ../../build/vr_connector/vr_connector.egg-info/requires.txt
[1.270s] writing top-level names to ../../build/vr_connector/vr_connector.egg-info/top_level.txt
[1.310s] reading manifest file '../../build/vr_connector/vr_connector.egg-info/SOURCES.txt'
[1.311s] writing manifest file '../../build/vr_connector/vr_connector.egg-info/SOURCES.txt'
[1.312s] running build
[1.312s] running build_py
[1.312s] copying vr_connector/vr_receiver.py -> /home/zpw/UR3e-ROS2-resources/build/vr_connector/build/lib/vr_connector
[1.312s] running install
[1.313s] running install_lib
[1.315s] copying /home/zpw/UR3e-ROS2-resources/build/vr_connector/build/lib/vr_connector/vr_receiver.py -> /home/zpw/UR3e-ROS2-resources/install/vr_connector/lib/python3.8/site-packages/vr_connector
[1.316s] byte-compiling /home/zpw/UR3e-ROS2-resources/install/vr_connector/lib/python3.8/site-packages/vr_connector/vr_receiver.py to vr_receiver.cpython-38.pyc
[1.319s] running install_data
[1.320s] running install_egg_info
[1.325s] removing '/home/zpw/UR3e-ROS2-resources/install/vr_connector/lib/python3.8/site-packages/vr_connector-0.0.0-py3.8.egg-info' (and everything under it)
[1.325s] Copying ../../build/vr_connector/vr_connector.egg-info to /home/zpw/UR3e-ROS2-resources/install/vr_connector/lib/python3.8/site-packages/vr_connector-0.0.0-py3.8.egg-info
[1.326s] running install_scripts
[1.355s] Installing listener script to /home/zpw/UR3e-ROS2-resources/install/vr_connector/lib/vr_connector
[1.355s] Installing talker script to /home/zpw/UR3e-ROS2-resources/install/vr_connector/lib/vr_connector
[1.356s] writing list of installed files to '/home/zpw/UR3e-ROS2-resources/build/vr_connector/install.log'
[1.399s] Invoked command in '/home/zpw/UR3e-ROS2-resources/src/vr_connector' returned '0': CMAKE_PREFIX_PATH=/home/zpw/UR3e-ROS2-resources/install/unity_robotics_demo_msgs:${CMAKE_PREFIX_PATH} LD_LIBRARY_PATH=/home/zpw/UR3e-ROS2-resources/install/unity_robotics_demo_msgs/lib:/home/zpw/UR3e-ROS2-resources/install/ur_robot_driver/lib:/home/zpw/UR3e-ROS2-resources/install/ur_controllers/lib:/home/zpw/UR3e-ROS2-resources/install/ur_msgs/lib:/home/zpw/UR3e-ROS2-resources/install/ur_dashboard_msgs/lib:/home/zpw/UR3e-ROS2-resources/install/ur_client_library/lib:/home/zpw/UR3e-ROS2-resources/install/teleop/lib:/home/zpw/UR3e-ROS2-resources/install/moveit_visual_tools/lib:/home/zpw/UR3e-ROS2-resources/install/rviz_visual_tools/lib:/opt/ros/foxy/opt/yaml_cpp_vendor/lib:/opt/ros/foxy/opt/rviz_ogre_vendor/lib:/opt/ros/foxy/lib/x86_64-linux-gnu:/opt/ros/foxy/lib PYTHONPATH=/home/zpw/UR3e-ROS2-resources/install/vr_connector/lib/python3.8/site-packages:/home/zpw/UR3e-ROS2-resources/install/unity_robotics_demo_msgs/lib/python3.8/site-packages:/home/zpw/UR3e-ROS2-resources/install/vr_connector/lib/python3.8/site-packages:/home/zpw/UR3e-ROS2-resources/install/ur_msgs/lib/python3.8/site-packages:/home/zpw/UR3e-ROS2-resources/install/ur_dashboard_msgs/lib/python3.8/site-packages:/home/zpw/UR3e-ROS2-resources/install/unity_robotics_demo/lib/python3.8/site-packages:/home/zpw/UR3e-ROS2-resources/install/ros_tcp_endpoint/lib/python3.8/site-packages:/opt/ros/foxy/lib/python3.8/site-packages /usr/bin/python3 setup.py egg_info --egg-base ../../build/vr_connector build --build-base /home/zpw/UR3e-ROS2-resources/build/vr_connector/build install --prefix /home/zpw/UR3e-ROS2-resources/install/vr_connector --record /home/zpw/UR3e-ROS2-resources/build/vr_connector/install.log --single-version-externally-managed
