[1.511s] Invoking command in '/home/zpw/UR3e-ROS2-resources/src/ROS-TCP-Endpoint': PYTHONPATH=/home/zpw/UR3e-ROS2-resources/install/ros_tcp_endpoint/lib/python3.8/site-packages:${PYTHONPATH} /usr/bin/python3 setup.py egg_info --egg-base ../../build/ros_tcp_endpoint build --build-base /home/zpw/UR3e-ROS2-resources/build/ros_tcp_endpoint/build install --prefix /home/zpw/UR3e-ROS2-resources/install/ros_tcp_endpoint --record /home/zpw/UR3e-ROS2-resources/build/ros_tcp_endpoint/install.log --single-version-externally-managed
[1.772s] running egg_info
[1.773s] writing ../../build/ros_tcp_endpoint/ros_tcp_endpoint.egg-info/PKG-INFO
[1.773s] writing dependency_links to ../../build/ros_tcp_endpoint/ros_tcp_endpoint.egg-info/dependency_links.txt
[1.773s] writing entry points to ../../build/ros_tcp_endpoint/ros_tcp_endpoint.egg-info/entry_points.txt
[1.773s] writing requirements to ../../build/ros_tcp_endpoint/ros_tcp_endpoint.egg-info/requires.txt
[1.774s] writing top-level names to ../../build/ros_tcp_endpoint/ros_tcp_endpoint.egg-info/top_level.txt
[1.812s] reading manifest file '../../build/ros_tcp_endpoint/ros_tcp_endpoint.egg-info/SOURCES.txt'
[1.812s] writing manifest file '../../build/ros_tcp_endpoint/ros_tcp_endpoint.egg-info/SOURCES.txt'
[1.812s] running build
[1.813s] running build_py
[1.813s] running install
[1.813s] running install_lib
[1.815s] running install_data
[1.815s] running install_egg_info
[1.818s] removing '/home/zpw/UR3e-ROS2-resources/install/ros_tcp_endpoint/lib/python3.8/site-packages/ros_tcp_endpoint-0.0.1-py3.8.egg-info' (and everything under it)
[1.818s] Copying ../../build/ros_tcp_endpoint/ros_tcp_endpoint.egg-info to /home/zpw/UR3e-ROS2-resources/install/ros_tcp_endpoint/lib/python3.8/site-packages/ros_tcp_endpoint-0.0.1-py3.8.egg-info
[1.819s] running install_scripts
[1.839s] Installing default_server_endpoint script to /home/zpw/UR3e-ROS2-resources/install/ros_tcp_endpoint/lib/ros_tcp_endpoint
[1.839s] writing list of installed files to '/home/zpw/UR3e-ROS2-resources/build/ros_tcp_endpoint/install.log'
[1.895s] Invoked command in '/home/zpw/UR3e-ROS2-resources/src/ROS-TCP-Endpoint' returned '0': PYTHONPATH=/home/zpw/UR3e-ROS2-resources/install/ros_tcp_endpoint/lib/python3.8/site-packages:${PYTHONPATH} /usr/bin/python3 setup.py egg_info --egg-base ../../build/ros_tcp_endpoint build --build-base /home/zpw/UR3e-ROS2-resources/build/ros_tcp_endpoint/build install --prefix /home/zpw/UR3e-ROS2-resources/install/ros_tcp_endpoint --record /home/zpw/UR3e-ROS2-resources/build/ros_tcp_endpoint/install.log --single-version-externally-managed
