[4.783s] Invoking command in '/home/zpw/UR3e-ROS2-resources/src/vr_connector': PYTHONPATH=/home/zpw/UR3e-ROS2-resources/install/vr_connector/lib/python3.8/site-packages:${PYTHONPATH} /usr/bin/python3 setup.py egg_info --egg-base ../../build/vr_connector build --build-base /home/zpw/UR3e-ROS2-resources/build/vr_connector/build install --prefix /home/zpw/UR3e-ROS2-resources/install/vr_connector --record /home/zpw/UR3e-ROS2-resources/build/vr_connector/install.log --single-version-externally-managed
[6.455s] running egg_info
[6.461s] writing ../../build/vr_connector/vr_connector.egg-info/PKG-INFO
[6.466s] writing dependency_links to ../../build/vr_connector/vr_connector.egg-info/dependency_links.txt
[6.487s] writing entry points to ../../build/vr_connector/vr_connector.egg-info/entry_points.txt
[6.488s] writing requirements to ../../build/vr_connector/vr_connector.egg-info/requires.txt
[6.490s] writing top-level names to ../../build/vr_connector/vr_connector.egg-info/top_level.txt
[6.763s] reading manifest file '../../build/vr_connector/vr_connector.egg-info/SOURCES.txt'
[6.764s] writing manifest file '../../build/vr_connector/vr_connector.egg-info/SOURCES.txt'
[6.764s] running build
[6.766s] running build_py
[6.770s] copying vr_connector/vr_talker.py -> /home/zpw/UR3e-ROS2-resources/build/vr_connector/build/lib/vr_connector
[6.773s] running install
[6.775s] running install_lib
[6.780s] copying /home/zpw/UR3e-ROS2-resources/build/vr_connector/build/lib/vr_connector/vr_talker.py -> /home/zpw/UR3e-ROS2-resources/install/vr_connector/lib/python3.8/site-packages/vr_connector
[6.781s] byte-compiling /home/zpw/UR3e-ROS2-resources/install/vr_connector/lib/python3.8/site-packages/vr_connector/vr_talker.py to vr_talker.cpython-38.pyc
[6.793s] running install_data
[6.807s] running install_egg_info
[6.822s] removing '/home/zpw/UR3e-ROS2-resources/install/vr_connector/lib/python3.8/site-packages/vr_connector-0.0.0-py3.8.egg-info' (and everything under it)
[6.823s] Copying ../../build/vr_connector/vr_connector.egg-info to /home/zpw/UR3e-ROS2-resources/install/vr_connector/lib/python3.8/site-packages/vr_connector-0.0.0-py3.8.egg-info
[6.824s] running install_scripts
[6.975s] Installing listener script to /home/zpw/UR3e-ROS2-resources/install/vr_connector/lib/vr_connector
[6.978s] Installing talker script to /home/zpw/UR3e-ROS2-resources/install/vr_connector/lib/vr_connector
[6.984s] writing list of installed files to '/home/zpw/UR3e-ROS2-resources/build/vr_connector/install.log'
[7.172s] Invoked command in '/home/zpw/UR3e-ROS2-resources/src/vr_connector' returned '0': PYTHONPATH=/home/zpw/UR3e-ROS2-resources/install/vr_connector/lib/python3.8/site-packages:${PYTHONPATH} /usr/bin/python3 setup.py egg_info --egg-base ../../build/vr_connector build --build-base /home/zpw/UR3e-ROS2-resources/build/vr_connector/build install --prefix /home/zpw/UR3e-ROS2-resources/install/vr_connector --record /home/zpw/UR3e-ROS2-resources/build/vr_connector/install.log --single-version-externally-managed
