[0.122s] Invoking command in '/home/zpw/UR3e-ROS2-resources/build/ur_description': CMAKE_PREFIX_PATH=${CMAKE_PREFIX_PATH}:/home/zpw/ur3_ros2/install/vr_connector:/home/zpw/ur3_ros2/install/ros2controlcli:/home/zpw/ur3_ros2/install/ros2_control_test_nodes:/home/zpw/UR3e-ROS2-resources/install/vr_connector:/home/zpw/UR3e-ROS2-resources/install/unity_robotics_demo:/home/zpw/UR3e-ROS2-resources/install/ros_tcp_endpoint:/opt/ros/foxy /usr/bin/cmake --build /home/zpw/UR3e-ROS2-resources/build/ur_description -- -j16 -l16
[0.997s] Invoked command in '/home/zpw/UR3e-ROS2-resources/build/ur_description' returned '0': CMAKE_PREFIX_PATH=${CMAKE_PREFIX_PATH}:/home/zpw/ur3_ros2/install/vr_connector:/home/zpw/ur3_ros2/install/ros2controlcli:/home/zpw/ur3_ros2/install/ros2_control_test_nodes:/home/zpw/UR3e-ROS2-resources/install/vr_connector:/home/zpw/UR3e-ROS2-resources/install/unity_robotics_demo:/home/zpw/UR3e-ROS2-resources/install/ros_tcp_endpoint:/opt/ros/foxy /usr/bin/cmake --build /home/zpw/UR3e-ROS2-resources/build/ur_description -- -j16 -l16
[1.056s] Invoking command in '/home/zpw/UR3e-ROS2-resources/build/ur_description': CMAKE_PREFIX_PATH=${CMAKE_PREFIX_PATH}:/home/zpw/ur3_ros2/install/vr_connector:/home/zpw/ur3_ros2/install/ros2controlcli:/home/zpw/ur3_ros2/install/ros2_control_test_nodes:/home/zpw/UR3e-ROS2-resources/install/vr_connector:/home/zpw/UR3e-ROS2-resources/install/unity_robotics_demo:/home/zpw/UR3e-ROS2-resources/install/ros_tcp_endpoint:/opt/ros/foxy /usr/bin/cmake --install /home/zpw/UR3e-ROS2-resources/build/ur_description
[1.076s] -- Install configuration: ""
[1.076s] -- Execute custom install script
[1.076s] -- Up-to-date symlink: /home/zpw/UR3e-ROS2-resources/install/ur_description/share/ur_description/config/initial_positions.yaml
[1.076s] -- Up-to-date symlink: /home/zpw/UR3e-ROS2-resources/install/ur_description/share/ur_description/config/ur10/default_kinematics.yaml
[1.076s] -- Up-to-date symlink: /home/zpw/UR3e-ROS2-resources/install/ur_description/share/ur_description/config/ur10/joint_limits.yaml
[1.076s] -- Up-to-date symlink: /home/zpw/UR3e-ROS2-resources/install/ur_description/share/ur_description/config/ur10/physical_parameters.yaml
[1.076s] -- Up-to-date symlink: /home/zpw/UR3e-ROS2-resources/install/ur_description/share/ur_description/config/ur10/visual_parameters.yaml
[1.077s] -- Up-to-date symlink: /home/zpw/UR3e-ROS2-resources/install/ur_description/share/ur_description/config/ur10e/default_kinematics.yaml
[1.077s] -- Up-to-date symlink: /home/zpw/UR3e-ROS2-resources/install/ur_description/share/ur_description/config/ur10e/joint_limits.yaml
[1.077s] -- Up-to-date symlink: /home/zpw/UR3e-ROS2-resources/install/ur_description/share/ur_description/config/ur10e/physical_parameters.yaml
[1.077s] -- Up-to-date symlink: /home/zpw/UR3e-ROS2-resources/install/ur_description/share/ur_description/config/ur10e/visual_parameters.yaml
[1.077s] -- Up-to-date symlink: /home/zpw/UR3e-ROS2-resources/install/ur_description/share/ur_description/config/ur16e/default_kinematics.yaml
[1.077s] -- Up-to-date symlink: /home/zpw/UR3e-ROS2-resources/install/ur_description/share/ur_description/config/ur16e/joint_limits.yaml
[1.078s] -- Up-to-date symlink: /home/zpw/UR3e-ROS2-resources/install/ur_description/share/ur_description/config/ur16e/physical_parameters.yaml
[1.078s] -- Up-to-date symlink: /home/zpw/UR3e-ROS2-resources/install/ur_description/share/ur_description/config/ur16e/visual_parameters.yaml
[1.078s] -- Up-to-date symlink: /home/zpw/UR3e-ROS2-resources/install/ur_description/share/ur_description/config/ur3/default_kinematics.yaml
[1.078s] -- Up-to-date symlink: /home/zpw/UR3e-ROS2-resources/install/ur_description/share/ur_description/config/ur3/joint_limits.yaml
[1.078s] -- Up-to-date symlink: /home/zpw/UR3e-ROS2-resources/install/ur_description/share/ur_description/config/ur3/physical_parameters.yaml
[1.078s] -- Up-to-date symlink: /home/zpw/UR3e-ROS2-resources/install/ur_description/share/ur_description/config/ur3/visual_parameters.yaml
[1.079s] -- Up-to-date symlink: /home/zpw/UR3e-ROS2-resources/install/ur_description/share/ur_description/config/ur3e/default_kinematics.yaml
[1.079s] -- Up-to-date symlink: /home/zpw/UR3e-ROS2-resources/install/ur_description/share/ur_description/config/ur3e/joint_limits.yaml
[1.079s] -- Up-to-date symlink: /home/zpw/UR3e-ROS2-resources/install/ur_description/share/ur_description/config/ur3e/physical_parameters.yaml
[1.080s] -- Up-to-date symlink: /home/zpw/UR3e-ROS2-resources/install/ur_description/share/ur_description/config/ur3e/visual_parameters.yaml
[1.080s] -- Up-to-date symlink: /home/zpw/UR3e-ROS2-resources/install/ur_description/share/ur_description/config/ur5/default_kinematics.yaml
[1.080s] -- Up-to-date symlink: /home/zpw/UR3e-ROS2-resources/install/ur_description/share/ur_description/config/ur5/joint_limits.yaml
[1.080s] -- Up-to-date symlink: /home/zpw/UR3e-ROS2-resources/install/ur_description/share/ur_description/config/ur5/physical_parameters.yaml
[1.080s] -- Up-to-date symlink: /home/zpw/UR3e-ROS2-resources/install/ur_description/share/ur_description/config/ur5/visual_parameters.yaml
[1.080s] -- Up-to-date symlink: /home/zpw/UR3e-ROS2-resources/install/ur_description/share/ur_description/config/ur5e/default_kinematics.yaml
[1.081s] -- Up-to-date symlink: /home/zpw/UR3e-ROS2-resources/install/ur_description/share/ur_description/config/ur5e/joint_limits.yaml
[1.081s] -- Up-to-date symlink: /home/zpw/UR3e-ROS2-resources/install/ur_description/share/ur_description/config/ur5e/physical_parameters.yaml
[1.083s] -- Up-to-date symlink: /home/zpw/UR3e-ROS2-resources/install/ur_description/share/ur_description/config/ur5e/visual_parameters.yaml
[1.083s] -- Up-to-date symlink: /home/zpw/UR3e-ROS2-resources/install/ur_description/share/ur_description/launch/view_ur.launch.py
[1.083s] -- Up-to-date symlink: /home/zpw/UR3e-ROS2-resources/install/ur_description/share/ur_description/meshes/ur10/collision/base.stl
[1.084s] -- Up-to-date symlink: /home/zpw/UR3e-ROS2-resources/install/ur_description/share/ur_description/meshes/ur10/collision/forearm.stl
[1.084s] -- Up-to-date symlink: /home/zpw/UR3e-ROS2-resources/install/ur_description/share/ur_description/meshes/ur10/collision/shoulder.stl
[1.084s] -- Up-to-date symlink: /home/zpw/UR3e-ROS2-resources/install/ur_description/share/ur_description/meshes/ur10/collision/upperarm.stl
[1.084s] -- Up-to-date symlink: /home/zpw/UR3e-ROS2-resources/install/ur_description/share/ur_description/meshes/ur10/collision/wrist1.stl
[1.084s] -- Up-to-date symlink: /home/zpw/UR3e-ROS2-resources/install/ur_description/share/ur_description/meshes/ur10/collision/wrist2.stl
[1.084s] -- Up-to-date symlink: /home/zpw/UR3e-ROS2-resources/install/ur_description/share/ur_description/meshes/ur10/collision/wrist3.stl
[1.084s] -- Up-to-date symlink: /home/zpw/UR3e-ROS2-resources/install/ur_description/share/ur_description/meshes/ur10/visual/base.dae
[1.085s] -- Up-to-date symlink: /home/zpw/UR3e-ROS2-resources/install/ur_description/share/ur_description/meshes/ur10/visual/forearm.dae
[1.085s] -- Up-to-date symlink: /home/zpw/UR3e-ROS2-resources/install/ur_description/share/ur_description/meshes/ur10/visual/shoulder.dae
[1.085s] -- Up-to-date symlink: /home/zpw/UR3e-ROS2-resources/install/ur_description/share/ur_description/meshes/ur10/visual/upperarm.dae
[1.085s] -- Up-to-date symlink: /home/zpw/UR3e-ROS2-resources/install/ur_description/share/ur_description/meshes/ur10/visual/wrist1.dae
[1.085s] -- Up-to-date symlink: /home/zpw/UR3e-ROS2-resources/install/ur_description/share/ur_description/meshes/ur10/visual/wrist2.dae
[1.085s] -- Up-to-date symlink: /home/zpw/UR3e-ROS2-resources/install/ur_description/share/ur_description/meshes/ur10/visual/wrist3.dae
[1.086s] -- Up-to-date symlink: /home/zpw/UR3e-ROS2-resources/install/ur_description/share/ur_description/meshes/ur10e/collision/base.stl
[1.086s] -- Up-to-date symlink: /home/zpw/UR3e-ROS2-resources/install/ur_description/share/ur_description/meshes/ur10e/collision/forearm.stl
[1.086s] -- Up-to-date symlink: /home/zpw/UR3e-ROS2-resources/install/ur_description/share/ur_description/meshes/ur10e/collision/shoulder.stl
[1.086s] -- Up-to-date symlink: /home/zpw/UR3e-ROS2-resources/install/ur_description/share/ur_description/meshes/ur10e/collision/upperarm.stl
[1.086s] -- Up-to-date symlink: /home/zpw/UR3e-ROS2-resources/install/ur_description/share/ur_description/meshes/ur10e/collision/wrist1.stl
[1.086s] -- Up-to-date symlink: /home/zpw/UR3e-ROS2-resources/install/ur_description/share/ur_description/meshes/ur10e/collision/wrist2.stl
[1.087s] -- Up-to-date symlink: /home/zpw/UR3e-ROS2-resources/install/ur_description/share/ur_description/meshes/ur10e/collision/wrist3.stl
[1.087s] -- Up-to-date symlink: /home/zpw/UR3e-ROS2-resources/install/ur_description/share/ur_description/meshes/ur10e/visual/base.dae
[1.087s] -- Up-to-date symlink: /home/zpw/UR3e-ROS2-resources/install/ur_description/share/ur_description/meshes/ur10e/visual/forearm.dae
[1.087s] -- Up-to-date symlink: /home/zpw/UR3e-ROS2-resources/install/ur_description/share/ur_description/meshes/ur10e/visual/shoulder.dae
[1.088s] -- Up-to-date symlink: /home/zpw/UR3e-ROS2-resources/install/ur_description/share/ur_description/meshes/ur10e/visual/upperarm.dae
[1.088s] -- Up-to-date symlink: /home/zpw/UR3e-ROS2-resources/install/ur_description/share/ur_description/meshes/ur10e/visual/wrist1.dae
[1.088s] -- Up-to-date symlink: /home/zpw/UR3e-ROS2-resources/install/ur_description/share/ur_description/meshes/ur10e/visual/wrist2.dae
[1.088s] -- Up-to-date symlink: /home/zpw/UR3e-ROS2-resources/install/ur_description/share/ur_description/meshes/ur10e/visual/wrist3.dae
[1.089s] -- Up-to-date symlink: /home/zpw/UR3e-ROS2-resources/install/ur_description/share/ur_description/meshes/ur16e/collision/forearm.stl
[1.089s] -- Up-to-date symlink: /home/zpw/UR3e-ROS2-resources/install/ur_description/share/ur_description/meshes/ur16e/collision/upperarm.stl
[1.089s] -- Up-to-date symlink: /home/zpw/UR3e-ROS2-resources/install/ur_description/share/ur_description/meshes/ur16e/visual/forearm.dae
[1.089s] -- Up-to-date symlink: /home/zpw/UR3e-ROS2-resources/install/ur_description/share/ur_description/meshes/ur16e/visual/upperarm.dae
[1.089s] -- Up-to-date symlink: /home/zpw/UR3e-ROS2-resources/install/ur_description/share/ur_description/meshes/ur3/collision/base.stl
[1.089s] -- Up-to-date symlink: /home/zpw/UR3e-ROS2-resources/install/ur_description/share/ur_description/meshes/ur3/collision/forearm.stl
[1.090s] -- Up-to-date symlink: /home/zpw/UR3e-ROS2-resources/install/ur_description/share/ur_description/meshes/ur3/collision/shoulder.stl
[1.090s] -- Up-to-date symlink: /home/zpw/UR3e-ROS2-resources/install/ur_description/share/ur_description/meshes/ur3/collision/upperarm.stl
[1.090s] -- Up-to-date symlink: /home/zpw/UR3e-ROS2-resources/install/ur_description/share/ur_description/meshes/ur3/collision/wrist1.stl
[1.090s] -- Up-to-date symlink: /home/zpw/UR3e-ROS2-resources/install/ur_description/share/ur_description/meshes/ur3/collision/wrist2.stl
[1.090s] -- Up-to-date symlink: /home/zpw/UR3e-ROS2-resources/install/ur_description/share/ur_description/meshes/ur3/collision/wrist3.stl
[1.091s] -- Up-to-date symlink: /home/zpw/UR3e-ROS2-resources/install/ur_description/share/ur_description/meshes/ur3/visual/base.dae
[1.091s] -- Up-to-date symlink: /home/zpw/UR3e-ROS2-resources/install/ur_description/share/ur_description/meshes/ur3/visual/forearm.dae
[1.091s] -- Up-to-date symlink: /home/zpw/UR3e-ROS2-resources/install/ur_description/share/ur_description/meshes/ur3/visual/shoulder.dae
[1.092s] -- Up-to-date symlink: /home/zpw/UR3e-ROS2-resources/install/ur_description/share/ur_description/meshes/ur3/visual/upperarm.dae
[1.092s] -- Up-to-date symlink: /home/zpw/UR3e-ROS2-resources/install/ur_description/share/ur_description/meshes/ur3/visual/wrist1.dae
[1.092s] -- Up-to-date symlink: /home/zpw/UR3e-ROS2-resources/install/ur_description/share/ur_description/meshes/ur3/visual/wrist2.dae
[1.092s] -- Up-to-date symlink: /home/zpw/UR3e-ROS2-resources/install/ur_description/share/ur_description/meshes/ur3/visual/wrist3.dae
[1.094s] -- Up-to-date symlink: /home/zpw/UR3e-ROS2-resources/install/ur_description/share/ur_description/meshes/ur3e/collision/base.stl
[1.094s] -- Up-to-date symlink: /home/zpw/UR3e-ROS2-resources/install/ur_description/share/ur_description/meshes/ur3e/collision/forearm.stl
[1.095s] -- Up-to-date symlink: /home/zpw/UR3e-ROS2-resources/install/ur_description/share/ur_description/meshes/ur3e/collision/shoulder.stl
[1.095s] -- Up-to-date symlink: /home/zpw/UR3e-ROS2-resources/install/ur_description/share/ur_description/meshes/ur3e/collision/upperarm.stl
[1.095s] -- Up-to-date symlink: /home/zpw/UR3e-ROS2-resources/install/ur_description/share/ur_description/meshes/ur3e/collision/wrist1.stl
[1.097s] -- Up-to-date symlink: /home/zpw/UR3e-ROS2-resources/install/ur_description/share/ur_description/meshes/ur3e/collision/wrist2.stl
[1.099s] -- Up-to-date symlink: /home/zpw/UR3e-ROS2-resources/install/ur_description/share/ur_description/meshes/ur3e/collision/wrist3.stl
[1.099s] -- Up-to-date symlink: /home/zpw/UR3e-ROS2-resources/install/ur_description/share/ur_description/meshes/ur3e/visual/base.dae
[1.100s] -- Up-to-date symlink: /home/zpw/UR3e-ROS2-resources/install/ur_description/share/ur_description/meshes/ur3e/visual/forearm.dae
[1.100s] -- Up-to-date symlink: /home/zpw/UR3e-ROS2-resources/install/ur_description/share/ur_description/meshes/ur3e/visual/shoulder.dae
[1.100s] -- Up-to-date symlink: /home/zpw/UR3e-ROS2-resources/install/ur_description/share/ur_description/meshes/ur3e/visual/upperarm.dae
[1.100s] -- Up-to-date symlink: /home/zpw/UR3e-ROS2-resources/install/ur_description/share/ur_description/meshes/ur3e/visual/wrist1.dae
[1.101s] -- Up-to-date symlink: /home/zpw/UR3e-ROS2-resources/install/ur_description/share/ur_description/meshes/ur3e/visual/wrist2.dae
[1.101s] -- Up-to-date symlink: /home/zpw/UR3e-ROS2-resources/install/ur_description/share/ur_description/meshes/ur3e/visual/wrist3.dae
[1.101s] -- Up-to-date symlink: /home/zpw/UR3e-ROS2-resources/install/ur_description/share/ur_description/meshes/ur5/collision/base.stl
[1.101s] -- Up-to-date symlink: /home/zpw/UR3e-ROS2-resources/install/ur_description/share/ur_description/meshes/ur5/collision/forearm.stl
[1.102s] -- Up-to-date symlink: /home/zpw/UR3e-ROS2-resources/install/ur_description/share/ur_description/meshes/ur5/collision/shoulder.stl
[1.102s] -- Up-to-date symlink: /home/zpw/UR3e-ROS2-resources/install/ur_description/share/ur_description/meshes/ur5/collision/upperarm.stl
[1.102s] -- Up-to-date symlink: /home/zpw/UR3e-ROS2-resources/install/ur_description/share/ur_description/meshes/ur5/collision/wrist1.stl
[1.103s] -- Up-to-date symlink: /home/zpw/UR3e-ROS2-resources/install/ur_description/share/ur_description/meshes/ur5/collision/wrist2.stl
[1.103s] -- Up-to-date symlink: /home/zpw/UR3e-ROS2-resources/install/ur_description/share/ur_description/meshes/ur5/collision/wrist3.stl
[1.103s] -- Up-to-date symlink: /home/zpw/UR3e-ROS2-resources/install/ur_description/share/ur_description/meshes/ur5/visual/base.dae
[1.103s] -- Up-to-date symlink: /home/zpw/UR3e-ROS2-resources/install/ur_description/share/ur_description/meshes/ur5/visual/forearm.dae
[1.103s] -- Up-to-date symlink: /home/zpw/UR3e-ROS2-resources/install/ur_description/share/ur_description/meshes/ur5/visual/shoulder.dae
[1.103s] -- Up-to-date symlink: /home/zpw/UR3e-ROS2-resources/install/ur_description/share/ur_description/meshes/ur5/visual/upperarm.dae
[1.103s] -- Up-to-date symlink: /home/zpw/UR3e-ROS2-resources/install/ur_description/share/ur_description/meshes/ur5/visual/wrist1.dae
[1.103s] -- Up-to-date symlink: /home/zpw/UR3e-ROS2-resources/install/ur_description/share/ur_description/meshes/ur5/visual/wrist2.dae
[1.103s] -- Up-to-date symlink: /home/zpw/UR3e-ROS2-resources/install/ur_description/share/ur_description/meshes/ur5/visual/wrist3.dae
[1.104s] -- Up-to-date symlink: /home/zpw/UR3e-ROS2-resources/install/ur_description/share/ur_description/meshes/ur5e/collision/base.stl
[1.104s] -- Up-to-date symlink: /home/zpw/UR3e-ROS2-resources/install/ur_description/share/ur_description/meshes/ur5e/collision/forearm.stl
[1.104s] -- Up-to-date symlink: /home/zpw/UR3e-ROS2-resources/install/ur_description/share/ur_description/meshes/ur5e/collision/shoulder.stl
[1.104s] -- Up-to-date symlink: /home/zpw/UR3e-ROS2-resources/install/ur_description/share/ur_description/meshes/ur5e/collision/upperarm.stl
[1.105s] -- Up-to-date symlink: /home/zpw/UR3e-ROS2-resources/install/ur_description/share/ur_description/meshes/ur5e/collision/wrist1.stl
[1.105s] -- Up-to-date symlink: /home/zpw/UR3e-ROS2-resources/install/ur_description/share/ur_description/meshes/ur5e/collision/wrist2.stl
[1.105s] -- Up-to-date symlink: /home/zpw/UR3e-ROS2-resources/install/ur_description/share/ur_description/meshes/ur5e/collision/wrist3.stl
[1.105s] -- Up-to-date symlink: /home/zpw/UR3e-ROS2-resources/install/ur_description/share/ur_description/meshes/ur5e/visual/base.dae
[1.105s] -- Up-to-date symlink: /home/zpw/UR3e-ROS2-resources/install/ur_description/share/ur_description/meshes/ur5e/visual/forearm.dae
[1.105s] -- Up-to-date symlink: /home/zpw/UR3e-ROS2-resources/install/ur_description/share/ur_description/meshes/ur5e/visual/shoulder.dae
[1.105s] -- Up-to-date symlink: /home/zpw/UR3e-ROS2-resources/install/ur_description/share/ur_description/meshes/ur5e/visual/upperarm.dae
[1.105s] -- Up-to-date symlink: /home/zpw/UR3e-ROS2-resources/install/ur_description/share/ur_description/meshes/ur5e/visual/wrist1.dae
[1.105s] -- Up-to-date symlink: /home/zpw/UR3e-ROS2-resources/install/ur_description/share/ur_description/meshes/ur5e/visual/wrist2.dae
[1.106s] -- Up-to-date symlink: /home/zpw/UR3e-ROS2-resources/install/ur_description/share/ur_description/meshes/ur5e/visual/wrist3.dae
[1.106s] -- Up-to-date symlink: /home/zpw/UR3e-ROS2-resources/install/ur_description/share/ur_description/rviz/view_robot.rviz
[1.106s] -- Up-to-date symlink: /home/zpw/UR3e-ROS2-resources/install/ur_description/share/ur_description/urdf/inc/ur_common.xacro
[1.106s] -- Up-to-date symlink: /home/zpw/UR3e-ROS2-resources/install/ur_description/share/ur_description/urdf/inc/ur_transmissions.xacro
[1.106s] -- Up-to-date symlink: /home/zpw/UR3e-ROS2-resources/install/ur_description/share/ur_description/urdf/ur.ros2_control.xacro
[1.107s] -- Up-to-date symlink: /home/zpw/UR3e-ROS2-resources/install/ur_description/share/ur_description/urdf/ur.urdf.xacro
[1.107s] -- Up-to-date symlink: /home/zpw/UR3e-ROS2-resources/install/ur_description/share/ur_description/urdf/ur_macro.xacro
[1.110s] -- Up-to-date symlink: /home/zpw/UR3e-ROS2-resources/install/ur_description/share/ament_index/resource_index/package_run_dependencies/ur_description
[1.110s] -- Up-to-date symlink: /home/zpw/UR3e-ROS2-resources/install/ur_description/share/ament_index/resource_index/parent_prefix_path/ur_description
[1.110s] -- Up-to-date symlink: /home/zpw/UR3e-ROS2-resources/install/ur_description/share/ur_description/environment/ament_prefix_path.sh
[1.110s] -- Up-to-date symlink: /home/zpw/UR3e-ROS2-resources/install/ur_description/share/ur_description/environment/ament_prefix_path.dsv
[1.111s] -- Up-to-date symlink: /home/zpw/UR3e-ROS2-resources/install/ur_description/share/ur_description/environment/path.sh
[1.111s] -- Up-to-date symlink: /home/zpw/UR3e-ROS2-resources/install/ur_description/share/ur_description/environment/path.dsv
[1.113s] -- Up-to-date symlink: /home/zpw/UR3e-ROS2-resources/install/ur_description/share/ur_description/local_setup.bash
[1.115s] -- Up-to-date symlink: /home/zpw/UR3e-ROS2-resources/install/ur_description/share/ur_description/local_setup.sh
[1.116s] -- Up-to-date symlink: /home/zpw/UR3e-ROS2-resources/install/ur_description/share/ur_description/local_setup.zsh
[1.116s] -- Up-to-date symlink: /home/zpw/UR3e-ROS2-resources/install/ur_description/share/ur_description/local_setup.dsv
[1.117s] -- Symlinking: /home/zpw/UR3e-ROS2-resources/install/ur_description/share/ur_description/package.dsv
[1.121s] -- Up-to-date symlink: /home/zpw/UR3e-ROS2-resources/install/ur_description/share/ament_index/resource_index/packages/ur_description
[1.121s] -- Up-to-date symlink: /home/zpw/UR3e-ROS2-resources/install/ur_description/share/ur_description/cmake/ur_descriptionConfig.cmake
[1.121s] -- Up-to-date symlink: /home/zpw/UR3e-ROS2-resources/install/ur_description/share/ur_description/cmake/ur_descriptionConfig-version.cmake
[1.123s] -- Up-to-date symlink: /home/zpw/UR3e-ROS2-resources/install/ur_description/share/ur_description/package.xml
[1.154s] Invoked command in '/home/zpw/UR3e-ROS2-resources/build/ur_description' returned '0': CMAKE_PREFIX_PATH=${CMAKE_PREFIX_PATH}:/home/zpw/ur3_ros2/install/vr_connector:/home/zpw/ur3_ros2/install/ros2controlcli:/home/zpw/ur3_ros2/install/ros2_control_test_nodes:/home/zpw/UR3e-ROS2-resources/install/vr_connector:/home/zpw/UR3e-ROS2-resources/install/unity_robotics_demo:/home/zpw/UR3e-ROS2-resources/install/ros_tcp_endpoint:/opt/ros/foxy /usr/bin/cmake --install /home/zpw/UR3e-ROS2-resources/build/ur_description
