[0.960s] Invoking command in '/home/zpw/UR3e-ROS2-resources/src/vr_connector': CMAKE_PREFIX_PATH=/home/zpw/UR3e-ROS2-resources/install/unity_robotics_demo_msgs:/home/zpw/UR3e-ROS2-resources/install/ur_robot_driver:/home/zpw/UR3e-ROS2-resources/install/ur_controllers:/home/zpw/UR3e-ROS2-resources/install/ur_msgs:/home/zpw/UR3e-ROS2-resources/install/ur_moveit_config:/home/zpw/UR3e-ROS2-resources/install/ur_description:/home/zpw/UR3e-ROS2-resources/install/ur_dashboard_msgs:/home/zpw/UR3e-ROS2-resources/install/ur_client_library:/home/zpw/UR3e-ROS2-resources/install/ur_bringup:/home/zpw/UR3e-ROS2-resources/install/ur3e_tutorials:/home/zpw/UR3e-ROS2-resources/install/teleop:/home/zpw/UR3e-ROS2-resources/install/moveit_tools:/home/zpw/UR3e-ROS2-resources/install/cartesian_waypoint_execution:/home/zpw/UR3e-ROS2-resources/install/moveit_visual_tools:/home/zpw/UR3e-ROS2-resources/install/rviz_visual_tools LD_LIBRARY_PATH=/home/zpw/UR3e-ROS2-resources/install/unity_robotics_demo_msgs/lib:/home/zpw/UR3e-ROS2-resources/install/ur_robot_driver/lib:/home/zpw/UR3e-ROS2-resources/install/ur_controllers/lib:/home/zpw/UR3e-ROS2-resources/install/ur_msgs/lib:/home/zpw/UR3e-ROS2-resources/install/ur_dashboard_msgs/lib:/home/zpw/UR3e-ROS2-resources/install/ur_client_library/lib:/home/zpw/UR3e-ROS2-resources/install/teleop/lib:/home/zpw/UR3e-ROS2-resources/install/moveit_visual_tools/lib:/home/zpw/UR3e-ROS2-resources/install/rviz_visual_tools/lib:/opt/ros/foxy/opt/yaml_cpp_vendor/lib:/opt/ros/foxy/opt/rviz_ogre_vendor/lib:/opt/ros/foxy/lib/x86_64-linux-gnu:/opt/ros/foxy/lib PYTHONPATH=/home/zpw/UR3e-ROS2-resources/install/vr_connector/lib/python3.8/site-packages:/home/zpw/UR3e-ROS2-resources/install/unity_robotics_demo_msgs/lib/python3.8/site-packages:/home/zpw/UR3e-ROS2-resources/install/vr_connector/lib/python3.8/site-packages:/home/zpw/UR3e-ROS2-resources/install/ur_msgs/lib/python3.8/site-packages:/home/zpw/UR3e-ROS2-resources/install/ur_dashboard_msgs/lib/python3.8/site-packages:/home/zpw/UR3e-ROS2-resources/install/unity_robotics_demo/lib/python3.8/site-packages:/home/zpw/UR3e-ROS2-resources/install/ros_tcp_endpoint/lib/python3.8/site-packages:/opt/ros/foxy/lib/python3.8/site-packages /usr/bin/python3 setup.py egg_info --egg-base ../../build/vr_connector build --build-base /home/zpw/UR3e-ROS2-resources/build/vr_connector/build install --prefix /home/zpw/UR3e-ROS2-resources/install/vr_connector --record /home/zpw/UR3e-ROS2-resources/build/vr_connector/install.log --single-version-externally-managed
[1.205s] running egg_info
[1.206s] writing ../../build/vr_connector/vr_connector.egg-info/PKG-INFO
[1.206s] writing dependency_links to ../../build/vr_connector/vr_connector.egg-info/dependency_links.txt
[1.206s] writing entry points to ../../build/vr_connector/vr_connector.egg-info/entry_points.txt
[1.206s] writing requirements to ../../build/vr_connector/vr_connector.egg-info/requires.txt
[1.207s] writing top-level names to ../../build/vr_connector/vr_connector.egg-info/top_level.txt
[1.237s] reading manifest file '../../build/vr_connector/vr_connector.egg-info/SOURCES.txt'
[1.238s] writing manifest file '../../build/vr_connector/vr_connector.egg-info/SOURCES.txt'
[1.238s] running build
[1.239s] running build_py
[1.239s] copying vr_connector/vr_receiver.py -> /home/zpw/UR3e-ROS2-resources/build/vr_connector/build/lib/vr_connector
[1.239s] running install
[1.240s] running install_lib
[1.241s] copying /home/zpw/UR3e-ROS2-resources/build/vr_connector/build/lib/vr_connector/vr_receiver.py -> /home/zpw/UR3e-ROS2-resources/install/vr_connector/lib/python3.8/site-packages/vr_connector
[1.242s] byte-compiling /home/zpw/UR3e-ROS2-resources/install/vr_connector/lib/python3.8/site-packages/vr_connector/vr_receiver.py to vr_receiver.cpython-38.pyc
[1.243s] running install_data
[1.244s] running install_egg_info
[1.246s] removing '/home/zpw/UR3e-ROS2-resources/install/vr_connector/lib/python3.8/site-packages/vr_connector-0.0.0-py3.8.egg-info' (and everything under it)
[1.247s] Copying ../../build/vr_connector/vr_connector.egg-info to /home/zpw/UR3e-ROS2-resources/install/vr_connector/lib/python3.8/site-packages/vr_connector-0.0.0-py3.8.egg-info
[1.247s] running install_scripts
[1.265s] Installing listener script to /home/zpw/UR3e-ROS2-resources/install/vr_connector/lib/vr_connector
[1.265s] Installing talker script to /home/zpw/UR3e-ROS2-resources/install/vr_connector/lib/vr_connector
[1.266s] writing list of installed files to '/home/zpw/UR3e-ROS2-resources/build/vr_connector/install.log'
[1.300s] Invoked command in '/home/zpw/UR3e-ROS2-resources/src/vr_connector' returned '0': CMAKE_PREFIX_PATH=/home/zpw/UR3e-ROS2-resources/install/unity_robotics_demo_msgs:/home/zpw/UR3e-ROS2-resources/install/ur_robot_driver:/home/zpw/UR3e-ROS2-resources/install/ur_controllers:/home/zpw/UR3e-ROS2-resources/install/ur_msgs:/home/zpw/UR3e-ROS2-resources/install/ur_moveit_config:/home/zpw/UR3e-ROS2-resources/install/ur_description:/home/zpw/UR3e-ROS2-resources/install/ur_dashboard_msgs:/home/zpw/UR3e-ROS2-resources/install/ur_client_library:/home/zpw/UR3e-ROS2-resources/install/ur_bringup:/home/zpw/UR3e-ROS2-resources/install/ur3e_tutorials:/home/zpw/UR3e-ROS2-resources/install/teleop:/home/zpw/UR3e-ROS2-resources/install/moveit_tools:/home/zpw/UR3e-ROS2-resources/install/cartesian_waypoint_execution:/home/zpw/UR3e-ROS2-resources/install/moveit_visual_tools:/home/zpw/UR3e-ROS2-resources/install/rviz_visual_tools LD_LIBRARY_PATH=/home/zpw/UR3e-ROS2-resources/install/unity_robotics_demo_msgs/lib:/home/zpw/UR3e-ROS2-resources/install/ur_robot_driver/lib:/home/zpw/UR3e-ROS2-resources/install/ur_controllers/lib:/home/zpw/UR3e-ROS2-resources/install/ur_msgs/lib:/home/zpw/UR3e-ROS2-resources/install/ur_dashboard_msgs/lib:/home/zpw/UR3e-ROS2-resources/install/ur_client_library/lib:/home/zpw/UR3e-ROS2-resources/install/teleop/lib:/home/zpw/UR3e-ROS2-resources/install/moveit_visual_tools/lib:/home/zpw/UR3e-ROS2-resources/install/rviz_visual_tools/lib:/opt/ros/foxy/opt/yaml_cpp_vendor/lib:/opt/ros/foxy/opt/rviz_ogre_vendor/lib:/opt/ros/foxy/lib/x86_64-linux-gnu:/opt/ros/foxy/lib PYTHONPATH=/home/zpw/UR3e-ROS2-resources/install/vr_connector/lib/python3.8/site-packages:/home/zpw/UR3e-ROS2-resources/install/unity_robotics_demo_msgs/lib/python3.8/site-packages:/home/zpw/UR3e-ROS2-resources/install/vr_connector/lib/python3.8/site-packages:/home/zpw/UR3e-ROS2-resources/install/ur_msgs/lib/python3.8/site-packages:/home/zpw/UR3e-ROS2-resources/install/ur_dashboard_msgs/lib/python3.8/site-packages:/home/zpw/UR3e-ROS2-resources/install/unity_robotics_demo/lib/python3.8/site-packages:/home/zpw/UR3e-ROS2-resources/install/ros_tcp_endpoint/lib/python3.8/site-packages:/opt/ros/foxy/lib/python3.8/site-packages /usr/bin/python3 setup.py egg_info --egg-base ../../build/vr_connector build --build-base /home/zpw/UR3e-ROS2-resources/build/vr_connector/build install --prefix /home/zpw/UR3e-ROS2-resources/install/vr_connector --record /home/zpw/UR3e-ROS2-resources/build/vr_connector/install.log --single-version-externally-managed
