[0.018s] Invoking command in '/home/zpw/UR3e-ROS2-resources/build/ur3e_tutorials': AMENT_PREFIX_PATH=/home/zpw/UR3e-ROS2-resources/install/moveit_visual_tools:/home/zpw/UR3e-ROS2-resources/install/rviz_visual_tools:${AMENT_PREFIX_PATH} CMAKE_PREFIX_PATH=/home/zpw/UR3e-ROS2-resources/install/moveit_visual_tools:/home/zpw/UR3e-ROS2-resources/install/rviz_visual_tools:/opt/ros/foxy LD_LIBRARY_PATH=/home/zpw/UR3e-ROS2-resources/install/moveit_visual_tools/lib:/home/zpw/UR3e-ROS2-resources/install/rviz_visual_tools/lib:${LD_LIBRARY_PATH} /usr/bin/cmake /home/zpw/UR3e-ROS2-resources/src/ur3e_tutorials -DAMENT_CMAKE_SYMLINK_INSTALL=1 -DCMAKE_INSTALL_PREFIX=/home/zpw/UR3e-ROS2-resources/install/ur3e_tutorials
[0.108s] -- The C compiler identification is GNU 9.4.0
[0.156s] -- The CXX compiler identification is GNU 9.4.0
[0.159s] -- Check for working C compiler: /usr/bin/cc
[0.227s] -- Check for working C compiler: /usr/bin/cc -- works
[0.228s] -- Detecting C compiler ABI info
[0.288s] -- Detecting C compiler ABI info - done
[0.296s] -- Detecting C compile features
[0.296s] -- Detecting C compile features - done
[0.312s] -- Check for working CXX compiler: /usr/bin/c++
[0.381s] -- Check for working CXX compiler: /usr/bin/c++ -- works
[0.382s] -- Detecting CXX compiler ABI info
[0.450s] -- Detecting CXX compiler ABI info - done
[0.459s] -- Detecting CXX compile features
[0.460s] -- Detecting CXX compile features - done
[0.461s] -- Found moveit_common: 2.2.3 (/opt/ros/foxy/share/moveit_common/cmake)
[0.463s] -- Found ament_cmake: 0.9.9 (/opt/ros/foxy/share/ament_cmake/cmake)
[0.486s] -- Found PythonInterp: /usr/bin/python3 (found suitable version "3.8.10", minimum required is "3") 
[0.486s] -- Using PYTHON_EXECUTABLE: /usr/bin/python3
[0.708s] -- Override CMake install command with custom implementation using symlinks instead of copying resources
[0.777s] ur3e_tutorials: You did not request a specific build type: Choosing 'Release' for maximum performance
[1.044s] -- Found Boost: /usr/lib/x86_64-linux-gnu/cmake/Boost-1.71.0/BoostConfig.cmake (found version "1.71.0") found components: system filesystem date_time thread 
[1.048s] -- Found control_msgs: 2.5.1 (/opt/ros/foxy/share/control_msgs/cmake)
[1.082s] -- Using all available rosidl_typesupport_c: rosidl_typesupport_fastrtps_c;rosidl_typesupport_introspection_c
[1.089s] -- Found rosidl_adapter: 1.2.1 (/opt/ros/foxy/share/rosidl_adapter/cmake)
[1.161s] -- Found OpenSSL: /usr/lib/x86_64-linux-gnu/libcrypto.so (found version "1.1.1f")  
[1.192s] -- Found FastRTPS: /opt/ros/foxy/include  
[1.280s] -- Using all available rosidl_typesupport_cpp: rosidl_typesupport_fastrtps_cpp;rosidl_typesupport_introspection_cpp
[1.818s] -- Found moveit_core: 2.2.3 (/opt/ros/foxy/share/moveit_core/cmake)
[1.830s] -- Found Boost: /usr/lib/x86_64-linux-gnu/cmake/Boost-1.71.0/BoostConfig.cmake (found version "1.71.0") found components: chrono date_time filesystem iostreams program_options regex serialization system thread 
[1.844s] -- Found Boost: /usr/lib/x86_64-linux-gnu/cmake/Boost-1.71.0/BoostConfig.cmake (found version "1.71.0") found components: filesystem 
[1.899s] -- Found rmw_implementation_cmake: 1.0.3 (/opt/ros/foxy/share/rmw_implementation_cmake/cmake)
[1.900s] -- Using RMW implementation 'rmw_fastrtps_cpp' as default
[1.902s] -- Found Threads: TRUE  
[2.076s] -- library: /usr/lib/x86_64-linux-gnu/libcurl.so
[2.245s] -- Found Eigen3: TRUE (found version "3.3.7") 
[4.374s] -- Found moveit_ros_planning: 2.2.3 (/opt/ros/foxy/share/moveit_ros_planning/cmake)
[4.378s] -- Found Boost: /usr/lib/x86_64-linux-gnu/cmake/Boost-1.71.0/BoostConfig.cmake (found version "1.71.0") found components: system filesystem date_time program_options thread chrono 
[4.701s] -- Found Boost: /usr/lib/x86_64-linux-gnu/cmake/Boost-1.71.0/BoostConfig.cmake (found version "1.71.0") found components: thread 
[5.463s] -- Found moveit_ros_planning_interface: 2.2.3 (/opt/ros/foxy/share/moveit_ros_planning_interface/cmake)
[5.466s] -- Found Boost: /usr/lib/x86_64-linux-gnu/cmake/Boost-1.71.0/BoostConfig.cmake (found version "1.71.0")  
[5.483s] -- Found Boost: /usr/lib/x86_64-linux-gnu/cmake/Boost-1.71.0/BoostConfig.cmake (found version "1.71.0") found components: date_time filesystem program_options system thread 
[5.951s] -- Found Boost: /usr/lib/x86_64-linux-gnu/cmake/Boost-1.71.0/BoostConfig.cmake (found version "1.71.0") found components: thread system filesystem regex date_time program_options 
[6.422s] -- Found Boost: /usr/lib/x86_64-linux-gnu/cmake/Boost-1.71.0/BoostConfig.cmake (found version "1.71.0") found components: system filesystem date_time program_options thread 
[7.169s] -- Found moveit_ros_perception: 2.2.3 (/opt/ros/foxy/share/moveit_ros_perception/cmake)
[7.185s] -- Found Boost: /usr/lib/x86_64-linux-gnu/cmake/Boost-1.71.0/BoostConfig.cmake (found version "1.71.0") found components: thread 
[7.891s] -- Found moveit_servo: 2.2.3 (/opt/ros/foxy/share/moveit_servo/cmake)
[8.266s] -- Found interactive_markers: 2.1.3 (/opt/ros/foxy/share/interactive_markers/cmake)
[8.282s] -- Found rviz_visual_tools: 4.0.3 (/home/zpw/UR3e-ROS2-resources/install/rviz_visual_tools/share/rviz_visual_tools/cmake)
[8.397s] -- Setting OGRE_DIR to: '/opt/ros/foxy/share/rviz_ogre_vendor/cmake/../../../opt/rviz_ogre_vendor/lib/OGRE/cmake'
[8.398s] -- Found OGRE
[8.399s] --   static     : OFF
[8.399s] --   components : HLMS;MeshLodGenerator;Overlay;Paging;Property;RTShaderSystem;Terrain;Volume
[8.399s] --   plugins    : Plugin_BSPSceneManager;Plugin_OctreeSceneManager;Plugin_PCZSceneManager;Plugin_ParticleFX;RenderSystem_GL;RenderSystem_GL3Plus;Codec_STBI
[8.399s] --   media      : /opt/ros/foxy/opt/rviz_ogre_vendor/share/OGRE/Media
[8.399s] -- OGRE_LIBRARIES: OgreHLMS;OgreMeshLodGenerator;OgreOverlay;OgrePaging;OgreProperty;OgreRTShaderSystem;OgreTerrain;OgreVolume;OgreMain
[8.399s] -- OGRE_LIBRARY_DIRS: /opt/ros/foxy/opt/rviz_ogre_vendor/lib
[8.399s] -- OGRE_PLUGINS: Plugin_BSPSceneManager;Plugin_OctreeSceneManager;Plugin_PCZSceneManager;Plugin_ParticleFX;RenderSystem_GL;RenderSystem_GL3Plus;Codec_STBI
[8.399s] -- OGRE_PLUGIN_DIR: /opt/ros/foxy/opt/rviz_ogre_vendor/lib/OGRE
[8.399s] -- rviz_ogre_vendor::OgreOverlay for IMPORTED_LOCATION_RELEASE: /opt/ros/foxy/opt/rviz_ogre_vendor/lib/libOgreOverlay.so
[8.399s] -- rviz_ogre_vendor::OgreOverlay for IMPORTED_LOCATION_DEBUG: /opt/ros/foxy/opt/rviz_ogre_vendor/lib/libOgreOverlay.so
[8.399s] -- rviz_ogre_vendor::OgreMain for IMPORTED_LOCATION_RELEASE: /opt/ros/foxy/opt/rviz_ogre_vendor/lib/libOgreMain.so
[8.399s] -- rviz_ogre_vendor::OgreMain for IMPORTED_LOCATION_DEBUG: /opt/ros/foxy/opt/rviz_ogre_vendor/lib/libOgreMain.so
[8.418s] -- Found ZLIB: /usr/lib/x86_64-linux-gnu/libz.so (found version "1.2.11") 
[8.423s] -- Found OpenGL: /usr/lib/x86_64-linux-gnu/libOpenGL.so   
[8.523s] -- Found X11: /usr/include   
[8.524s] -- Looking for XOpenDisplay in /usr/lib/x86_64-linux-gnu/libX11.so;/usr/lib/x86_64-linux-gnu/libXext.so
[8.595s] -- Looking for XOpenDisplay in /usr/lib/x86_64-linux-gnu/libX11.so;/usr/lib/x86_64-linux-gnu/libXext.so - found
[8.595s] -- Looking for gethostbyname
[8.656s] -- Looking for gethostbyname - found
[8.656s] -- Looking for connect
[8.719s] -- Looking for connect - found
[8.719s] -- Looking for remove
[8.781s] -- Looking for remove - found
[8.782s] -- Looking for shmat
[8.846s] -- Looking for shmat - found
[8.846s] -- Looking for IceConnectionNumber in ICE
[8.918s] -- Looking for IceConnectionNumber in ICE - found
[8.922s] -- rviz_ogre_vendor::RenderSystem_GL for IMPORTED_LOCATION_RELEASE: _render_system_gl_static_library_abs-NOTFOUND
[8.922s] -- rviz_ogre_vendor::RenderSystem_GL for IMPORTED_LOCATION_DEBUG: _render_system_gl_static_library_abs-NOTFOUND
[8.980s] -- Setting yaml-cpp_DIR to: '/opt/ros/foxy/share/yaml_cpp_vendor/cmake/../../../opt/yaml_cpp_vendor/lib/cmake/yaml-cpp'
[9.522s] -- Found moveit_visual_tools: 4.0.0 (/home/zpw/UR3e-ROS2-resources/install/moveit_visual_tools/share/moveit_visual_tools/cmake)
[11.262s] -- Found ament_lint_auto: 0.9.6 (/opt/ros/foxy/share/ament_lint_auto/cmake)
[11.278s] -- Added test 'copyright' to check source files copyright and LICENSE
[11.279s] -- Added test 'cppcheck' to perform static code analysis on C / C++ code
[11.280s] -- Configured cppcheck include dirs: /home/zpw/UR3e-ROS2-resources/src/ur3e_tutorials/include
[11.281s] -- Configured cppcheck exclude dirs and/or files: 
[11.285s] -- Added test 'cpplint' to check C / C++ code against the Google style
[11.286s] -- Configured cpplint exclude dirs and/or files: 
[11.289s] -- Added test 'flake8' to check Python code syntax and style conventions
[11.293s] -- Added test 'lint_cmake' to check CMake code style
[11.295s] -- Added test 'pep257' to check Python code against some of the style conventions in PEP 257
[11.296s] -- Added test 'uncrustify' to check C / C++ code style
[11.296s] -- Configured uncrustify additional arguments: 
[11.296s] -- Added test 'xmllint' to check XML markup files
[11.300s] -- Configuring done
[11.368s] -- Generating done
[11.371s] -- Build files have been written to: /home/zpw/UR3e-ROS2-resources/build/ur3e_tutorials
[11.385s] Invoked command in '/home/zpw/UR3e-ROS2-resources/build/ur3e_tutorials' returned '0': AMENT_PREFIX_PATH=/home/zpw/UR3e-ROS2-resources/install/moveit_visual_tools:/home/zpw/UR3e-ROS2-resources/install/rviz_visual_tools:${AMENT_PREFIX_PATH} CMAKE_PREFIX_PATH=/home/zpw/UR3e-ROS2-resources/install/moveit_visual_tools:/home/zpw/UR3e-ROS2-resources/install/rviz_visual_tools:/opt/ros/foxy LD_LIBRARY_PATH=/home/zpw/UR3e-ROS2-resources/install/moveit_visual_tools/lib:/home/zpw/UR3e-ROS2-resources/install/rviz_visual_tools/lib:${LD_LIBRARY_PATH} /usr/bin/cmake /home/zpw/UR3e-ROS2-resources/src/ur3e_tutorials -DAMENT_CMAKE_SYMLINK_INSTALL=1 -DCMAKE_INSTALL_PREFIX=/home/zpw/UR3e-ROS2-resources/install/ur3e_tutorials
[11.388s] Invoking command in '/home/zpw/UR3e-ROS2-resources/build/ur3e_tutorials': AMENT_PREFIX_PATH=/home/zpw/UR3e-ROS2-resources/install/moveit_visual_tools:/home/zpw/UR3e-ROS2-resources/install/rviz_visual_tools:${AMENT_PREFIX_PATH} CMAKE_PREFIX_PATH=/home/zpw/UR3e-ROS2-resources/install/moveit_visual_tools:/home/zpw/UR3e-ROS2-resources/install/rviz_visual_tools:/opt/ros/foxy LD_LIBRARY_PATH=/home/zpw/UR3e-ROS2-resources/install/moveit_visual_tools/lib:/home/zpw/UR3e-ROS2-resources/install/rviz_visual_tools/lib:${LD_LIBRARY_PATH} /usr/bin/cmake --build /home/zpw/UR3e-ROS2-resources/build/ur3e_tutorials -- -j16 -l16
[11.429s] [35m[1mScanning dependencies of target move_group_interface_tutorial[0m
[11.501s] [ 50%] [32mBuilding CXX object CMakeFiles/move_group_interface_tutorial.dir/src/move_group_interface_tutorial.cpp.o[0m
[20.810s] [100%] [32m[1mLinking CXX executable move_group_interface_tutorial[0m
[22.249s] [100%] Built target move_group_interface_tutorial
[22.259s] Invoked command in '/home/zpw/UR3e-ROS2-resources/build/ur3e_tutorials' returned '0': AMENT_PREFIX_PATH=/home/zpw/UR3e-ROS2-resources/install/moveit_visual_tools:/home/zpw/UR3e-ROS2-resources/install/rviz_visual_tools:${AMENT_PREFIX_PATH} CMAKE_PREFIX_PATH=/home/zpw/UR3e-ROS2-resources/install/moveit_visual_tools:/home/zpw/UR3e-ROS2-resources/install/rviz_visual_tools:/opt/ros/foxy LD_LIBRARY_PATH=/home/zpw/UR3e-ROS2-resources/install/moveit_visual_tools/lib:/home/zpw/UR3e-ROS2-resources/install/rviz_visual_tools/lib:${LD_LIBRARY_PATH} /usr/bin/cmake --build /home/zpw/UR3e-ROS2-resources/build/ur3e_tutorials -- -j16 -l16
[22.284s] Invoking command in '/home/zpw/UR3e-ROS2-resources/build/ur3e_tutorials': AMENT_PREFIX_PATH=/home/zpw/UR3e-ROS2-resources/install/moveit_visual_tools:/home/zpw/UR3e-ROS2-resources/install/rviz_visual_tools:${AMENT_PREFIX_PATH} CMAKE_PREFIX_PATH=/home/zpw/UR3e-ROS2-resources/install/moveit_visual_tools:/home/zpw/UR3e-ROS2-resources/install/rviz_visual_tools:/opt/ros/foxy LD_LIBRARY_PATH=/home/zpw/UR3e-ROS2-resources/install/moveit_visual_tools/lib:/home/zpw/UR3e-ROS2-resources/install/rviz_visual_tools/lib:${LD_LIBRARY_PATH} /usr/bin/cmake --install /home/zpw/UR3e-ROS2-resources/build/ur3e_tutorials
[22.291s] -- Install configuration: "Release"
[22.292s] -- Execute custom install script
[22.293s] -- Symlinking: /home/zpw/UR3e-ROS2-resources/install/ur3e_tutorials/share/ur3e_tutorials/launch/move_group_interface_tutorial.launch.py
[22.301s] -- Symlinking: /home/zpw/UR3e-ROS2-resources/install/ur3e_tutorials/lib/ur3e_tutorials/move_group_interface_tutorial
[22.309s] -- Symlinking: /home/zpw/UR3e-ROS2-resources/install/ur3e_tutorials/share/ament_index/resource_index/package_run_dependencies/ur3e_tutorials
[22.317s] -- Symlinking: /home/zpw/UR3e-ROS2-resources/install/ur3e_tutorials/share/ament_index/resource_index/parent_prefix_path/ur3e_tutorials
[22.325s] -- Symlinking: /home/zpw/UR3e-ROS2-resources/install/ur3e_tutorials/share/ur3e_tutorials/environment/ament_prefix_path.sh
[22.332s] -- Symlinking: /home/zpw/UR3e-ROS2-resources/install/ur3e_tutorials/share/ur3e_tutorials/environment/ament_prefix_path.dsv
[22.340s] -- Symlinking: /home/zpw/UR3e-ROS2-resources/install/ur3e_tutorials/share/ur3e_tutorials/environment/path.sh
[22.348s] -- Symlinking: /home/zpw/UR3e-ROS2-resources/install/ur3e_tutorials/share/ur3e_tutorials/environment/path.dsv
[22.356s] -- Symlinking: /home/zpw/UR3e-ROS2-resources/install/ur3e_tutorials/share/ur3e_tutorials/local_setup.bash
[22.364s] -- Symlinking: /home/zpw/UR3e-ROS2-resources/install/ur3e_tutorials/share/ur3e_tutorials/local_setup.sh
[22.371s] -- Symlinking: /home/zpw/UR3e-ROS2-resources/install/ur3e_tutorials/share/ur3e_tutorials/local_setup.zsh
[22.379s] -- Symlinking: /home/zpw/UR3e-ROS2-resources/install/ur3e_tutorials/share/ur3e_tutorials/local_setup.dsv
[22.386s] -- Symlinking: /home/zpw/UR3e-ROS2-resources/install/ur3e_tutorials/share/ur3e_tutorials/package.dsv
[22.394s] -- Symlinking: /home/zpw/UR3e-ROS2-resources/install/ur3e_tutorials/share/ament_index/resource_index/packages/ur3e_tutorials
[22.401s] -- Symlinking: /home/zpw/UR3e-ROS2-resources/install/ur3e_tutorials/share/ur3e_tutorials/cmake/ur3e_tutorialsConfig.cmake
[22.408s] -- Symlinking: /home/zpw/UR3e-ROS2-resources/install/ur3e_tutorials/share/ur3e_tutorials/cmake/ur3e_tutorialsConfig-version.cmake
[22.417s] -- Symlinking: /home/zpw/UR3e-ROS2-resources/install/ur3e_tutorials/share/ur3e_tutorials/package.xml
[22.428s] Invoked command in '/home/zpw/UR3e-ROS2-resources/build/ur3e_tutorials' returned '0': AMENT_PREFIX_PATH=/home/zpw/UR3e-ROS2-resources/install/moveit_visual_tools:/home/zpw/UR3e-ROS2-resources/install/rviz_visual_tools:${AMENT_PREFIX_PATH} CMAKE_PREFIX_PATH=/home/zpw/UR3e-ROS2-resources/install/moveit_visual_tools:/home/zpw/UR3e-ROS2-resources/install/rviz_visual_tools:/opt/ros/foxy LD_LIBRARY_PATH=/home/zpw/UR3e-ROS2-resources/install/moveit_visual_tools/lib:/home/zpw/UR3e-ROS2-resources/install/rviz_visual_tools/lib:${LD_LIBRARY_PATH} /usr/bin/cmake --install /home/zpw/UR3e-ROS2-resources/build/ur3e_tutorials
