-- Found ament_cmake: 0.9.9 (/home/bofengluo/ros2_foxy/ros2-linux/share/ament_cmake/cmake)
-- Using PYTHON_EXECUTABLE: /usr/bin/python3
-- Found rclcpp: 2.4.1 (/home/bofengluo/ros2_foxy/ros2-linux/share/rclcpp/cmake)
-- Using all available rosidl_typesupport_c: rosidl_typesupport_connext_c;rosidl_typesupport_fastrtps_c;rosidl_typesupport_introspection_c
-- Found rosidl_adapter: 1.2.1 (/home/bofengluo/ros2_foxy/ros2-linux/share/rosidl_adapter/cmake)
-- Could not find RTI Connext - skipping rosidl_typesupport_connext_c
-- Could not find RTI Connext - skipping rosidl_typesupport_connext_cpp
-- Using all available rosidl_typesupport_cpp: rosidl_typesupport_connext_cpp;rosidl_typesupport_fastrtps_cpp;rosidl_typesupport_introspection_cpp
-- Found rmw_implementation_cmake: 1.0.3 (/home/bofengluo/ros2_foxy/ros2-linux/share/rmw_implementation_cmake/cmake)
-- Using RMW implementation 'rmw_fastrtps_cpp' as default
-- Found std_msgs: 2.0.5 (/home/bofengluo/ros2_foxy/ros2-linux/share/std_msgs/cmake)
-- Found trajectory_msgs: 2.0.5 (/home/bofengluo/ros2_foxy/ros2-linux/share/trajectory_msgs/cmake)
-- Found ament_lint_auto: 0.9.6 (/home/bofengluo/ros2_foxy/ros2-linux/share/ament_lint_auto/cmake)
-- Added test 'copyright' to check source files copyright and LICENSE
-- Added test 'cppcheck' to perform static code analysis on C / C++ code
-- Configured cppcheck include dirs: 
-- Configured cppcheck exclude dirs and/or files: 
-- Added test 'cpplint' to check C / C++ code against the Google style
-- Configured cpplint exclude dirs and/or files: 
-- Added test 'lint_cmake' to check CMake code style
-- Added test 'uncrustify' to check C / C++ code style
-- Configured uncrustify additional arguments: 
-- Added test 'xmllint' to check XML markup files
-- Configuring done
-- Generating done
-- Build files have been written to: /home/bofengluo/ros2_ws/build/talker
[35m[1mScanning dependencies of target talker[0m
[ 50%] [32mBuilding CXX object CMakeFiles/talker.dir/src/talker.cpp.o[0m
[100%] [32m[1mLinking CXX executable talker[0m
[100%] Built target talker
-- Install configuration: ""
-- Installing: /home/bofengluo/ros2_ws/install/talker/lib/talker/talker
-- Set runtime path of "/home/bofengluo/ros2_ws/install/talker/lib/talker/talker" to ""
-- Installing: /home/bofengluo/ros2_ws/install/talker/share/ament_index/resource_index/package_run_dependencies/talker
-- Installing: /home/bofengluo/ros2_ws/install/talker/share/ament_index/resource_index/parent_prefix_path/talker
-- Installing: /home/bofengluo/ros2_ws/install/talker/share/talker/environment/ament_prefix_path.sh
-- Installing: /home/bofengluo/ros2_ws/install/talker/share/talker/environment/ament_prefix_path.dsv
-- Installing: /home/bofengluo/ros2_ws/install/talker/share/talker/environment/path.sh
-- Installing: /home/bofengluo/ros2_ws/install/talker/share/talker/environment/path.dsv
-- Installing: /home/bofengluo/ros2_ws/install/talker/share/talker/local_setup.bash
-- Installing: /home/bofengluo/ros2_ws/install/talker/share/talker/local_setup.sh
-- Installing: /home/bofengluo/ros2_ws/install/talker/share/talker/local_setup.zsh
-- Installing: /home/bofengluo/ros2_ws/install/talker/share/talker/local_setup.dsv
-- Installing: /home/bofengluo/ros2_ws/install/talker/share/talker/package.dsv
-- Installing: /home/bofengluo/ros2_ws/install/talker/share/ament_index/resource_index/packages/talker
-- Installing: /home/bofengluo/ros2_ws/install/talker/share/talker/cmake/talkerConfig.cmake
-- Installing: /home/bofengluo/ros2_ws/install/talker/share/talker/cmake/talkerConfig-version.cmake
-- Installing: /home/bofengluo/ros2_ws/install/talker/share/talker/package.xml
