[0.019s] Invoking command in '/home/bofengluo/ros2_ws/build/talker': /usr/bin/cmake --build /home/bofengluo/ros2_ws/build/talker -- -j16 -l16
[0.041s] -- Found ament_cmake: 0.9.9 (/home/bofengluo/ros2_foxy/ros2-linux/share/ament_cmake/cmake)
[0.065s] -- Using PYTHON_EXECUTABLE: /usr/bin/python3
[0.269s] -- Found rclcpp: 2.4.1 (/home/bofengluo/ros2_foxy/ros2-linux/share/rclcpp/cmake)
[0.298s] -- Using all available rosidl_typesupport_c: rosidl_typesupport_connext_c;rosidl_typesupport_fastrtps_c;rosidl_typesupport_introspection_c
[0.301s] -- Found rosidl_adapter: 1.2.1 (/home/bofengluo/ros2_foxy/ros2-linux/share/rosidl_adapter/cmake)
[0.330s] -- Could not find RTI Connext - skipping rosidl_typesupport_connext_c
[0.341s] -- Could not find RTI Connext - skipping rosidl_typesupport_connext_cpp
[0.474s] -- Using all available rosidl_typesupport_cpp: rosidl_typesupport_connext_cpp;rosidl_typesupport_fastrtps_cpp;rosidl_typesupport_introspection_cpp
[0.517s] -- Found rmw_implementation_cmake: 1.0.3 (/home/bofengluo/ros2_foxy/ros2-linux/share/rmw_implementation_cmake/cmake)
[0.518s] -- Using RMW implementation 'rmw_fastrtps_cpp' as default
[0.594s] -- Found std_msgs: 2.0.5 (/home/bofengluo/ros2_foxy/ros2-linux/share/std_msgs/cmake)
[0.612s] -- Found trajectory_msgs: 2.0.5 (/home/bofengluo/ros2_foxy/ros2-linux/share/trajectory_msgs/cmake)
[0.728s] -- Found ament_lint_auto: 0.9.6 (/home/bofengluo/ros2_foxy/ros2-linux/share/ament_lint_auto/cmake)
[0.815s] -- Added test 'copyright' to check source files copyright and LICENSE
[0.815s] -- Added test 'cppcheck' to perform static code analysis on C / C++ code
[0.816s] -- Configured cppcheck include dirs: 
[0.816s] -- Configured cppcheck exclude dirs and/or files: 
[0.816s] -- Added test 'cpplint' to check C / C++ code against the Google style
[0.816s] -- Configured cpplint exclude dirs and/or files: 
[0.816s] -- Added test 'lint_cmake' to check CMake code style
[0.817s] -- Added test 'uncrustify' to check C / C++ code style
[0.817s] -- Configured uncrustify additional arguments: 
[0.817s] -- Added test 'xmllint' to check XML markup files
[0.819s] -- Configuring done
[0.826s] -- Generating done
[0.828s] -- Build files have been written to: /home/bofengluo/ros2_ws/build/talker
[0.865s] [35m[1mScanning dependencies of target talker[0m
[0.887s] [ 50%] [32mBuilding CXX object CMakeFiles/talker.dir/src/talker.cpp.o[0m
[3.641s] [100%] [32m[1mLinking CXX executable talker[0m
[3.824s] [100%] Built target talker
[3.840s] Invoked command in '/home/bofengluo/ros2_ws/build/talker' returned '0': /usr/bin/cmake --build /home/bofengluo/ros2_ws/build/talker -- -j16 -l16
[3.886s] Invoking command in '/home/bofengluo/ros2_ws/build/talker': /usr/bin/cmake --install /home/bofengluo/ros2_ws/build/talker
[3.891s] -- Install configuration: ""
[3.892s] -- Installing: /home/bofengluo/ros2_ws/install/talker/lib/talker/talker
[3.893s] -- Set runtime path of "/home/bofengluo/ros2_ws/install/talker/lib/talker/talker" to ""
[3.893s] -- Installing: /home/bofengluo/ros2_ws/install/talker/share/ament_index/resource_index/package_run_dependencies/talker
[3.893s] -- Installing: /home/bofengluo/ros2_ws/install/talker/share/ament_index/resource_index/parent_prefix_path/talker
[3.894s] -- Installing: /home/bofengluo/ros2_ws/install/talker/share/talker/environment/ament_prefix_path.sh
[3.894s] -- Installing: /home/bofengluo/ros2_ws/install/talker/share/talker/environment/ament_prefix_path.dsv
[3.894s] -- Installing: /home/bofengluo/ros2_ws/install/talker/share/talker/environment/path.sh
[3.894s] -- Installing: /home/bofengluo/ros2_ws/install/talker/share/talker/environment/path.dsv
[3.894s] -- Installing: /home/bofengluo/ros2_ws/install/talker/share/talker/local_setup.bash
[3.894s] -- Installing: /home/bofengluo/ros2_ws/install/talker/share/talker/local_setup.sh
[3.895s] -- Installing: /home/bofengluo/ros2_ws/install/talker/share/talker/local_setup.zsh
[3.895s] -- Installing: /home/bofengluo/ros2_ws/install/talker/share/talker/local_setup.dsv
[3.895s] -- Installing: /home/bofengluo/ros2_ws/install/talker/share/talker/package.dsv
[3.895s] -- Installing: /home/bofengluo/ros2_ws/install/talker/share/ament_index/resource_index/packages/talker
[3.895s] -- Installing: /home/bofengluo/ros2_ws/install/talker/share/talker/cmake/talkerConfig.cmake
[3.895s] -- Installing: /home/bofengluo/ros2_ws/install/talker/share/talker/cmake/talkerConfig-version.cmake
[3.896s] -- Installing: /home/bofengluo/ros2_ws/install/talker/share/talker/package.xml
[3.898s] Invoked command in '/home/bofengluo/ros2_ws/build/talker' returned '0': /usr/bin/cmake --install /home/bofengluo/ros2_ws/build/talker
