[0.097s] Invoking command in '/home/zpw/UR3e-ROS2-resources/build/ur_description': CMAKE_PREFIX_PATH=${CMAKE_PREFIX_PATH}:/home/zpw/UR3e-ROS2-resources/install/vr_connector:/home/zpw/UR3e-ROS2-resources/install/unity_robotics_demo:/home/zpw/UR3e-ROS2-resources/install/ros_tcp_endpoint:/opt/ros/foxy /usr/bin/cmake --build /home/zpw/UR3e-ROS2-resources/build/ur_description -- -j16 -l16
[1.646s] Invoked command in '/home/zpw/UR3e-ROS2-resources/build/ur_description' returned '0': CMAKE_PREFIX_PATH=${CMAKE_PREFIX_PATH}:/home/zpw/UR3e-ROS2-resources/install/vr_connector:/home/zpw/UR3e-ROS2-resources/install/unity_robotics_demo:/home/zpw/UR3e-ROS2-resources/install/ros_tcp_endpoint:/opt/ros/foxy /usr/bin/cmake --build /home/zpw/UR3e-ROS2-resources/build/ur_description -- -j16 -l16
[1.818s] Invoking command in '/home/zpw/UR3e-ROS2-resources/build/ur_description': CMAKE_PREFIX_PATH=${CMAKE_PREFIX_PATH}:/home/zpw/UR3e-ROS2-resources/install/vr_connector:/home/zpw/UR3e-ROS2-resources/install/unity_robotics_demo:/home/zpw/UR3e-ROS2-resources/install/ros_tcp_endpoint:/opt/ros/foxy /usr/bin/cmake --install /home/zpw/UR3e-ROS2-resources/build/ur_description
[1.946s] -- Install configuration: ""
[1.947s] -- Execute custom install script
[1.947s] -- Up-to-date symlink: /home/zpw/UR3e-ROS2-resources/install/ur_description/share/ur_description/config/initial_positions.yaml
[1.951s] -- Up-to-date symlink: /home/zpw/UR3e-ROS2-resources/install/ur_description/share/ur_description/config/ur10/default_kinematics.yaml
[1.951s] -- Up-to-date symlink: /home/zpw/UR3e-ROS2-resources/install/ur_description/share/ur_description/config/ur10/joint_limits.yaml
[1.952s] -- Up-to-date symlink: /home/zpw/UR3e-ROS2-resources/install/ur_description/share/ur_description/config/ur10/physical_parameters.yaml
[1.955s] -- Up-to-date symlink: /home/zpw/UR3e-ROS2-resources/install/ur_description/share/ur_description/config/ur10/visual_parameters.yaml
[1.956s] -- Up-to-date symlink: /home/zpw/UR3e-ROS2-resources/install/ur_description/share/ur_description/config/ur10e/default_kinematics.yaml
[1.956s] -- Up-to-date symlink: /home/zpw/UR3e-ROS2-resources/install/ur_description/share/ur_description/config/ur10e/joint_limits.yaml
[1.956s] -- Up-to-date symlink: /home/zpw/UR3e-ROS2-resources/install/ur_description/share/ur_description/config/ur10e/physical_parameters.yaml
[1.958s] -- Up-to-date symlink: /home/zpw/UR3e-ROS2-resources/install/ur_description/share/ur_description/config/ur10e/visual_parameters.yaml
[1.958s] -- Up-to-date symlink: /home/zpw/UR3e-ROS2-resources/install/ur_description/share/ur_description/config/ur16e/default_kinematics.yaml
[1.963s] -- Up-to-date symlink: /home/zpw/UR3e-ROS2-resources/install/ur_description/share/ur_description/config/ur16e/joint_limits.yaml
[1.971s] -- Up-to-date symlink: /home/zpw/UR3e-ROS2-resources/install/ur_description/share/ur_description/config/ur16e/physical_parameters.yaml
[1.972s] -- Up-to-date symlink: /home/zpw/UR3e-ROS2-resources/install/ur_description/share/ur_description/config/ur16e/visual_parameters.yaml
[1.974s] -- Up-to-date symlink: /home/zpw/UR3e-ROS2-resources/install/ur_description/share/ur_description/config/ur3/default_kinematics.yaml
[1.974s] -- Up-to-date symlink: /home/zpw/UR3e-ROS2-resources/install/ur_description/share/ur_description/config/ur3/joint_limits.yaml
[1.974s] -- Up-to-date symlink: /home/zpw/UR3e-ROS2-resources/install/ur_description/share/ur_description/config/ur3/physical_parameters.yaml
[1.975s] -- Up-to-date symlink: /home/zpw/UR3e-ROS2-resources/install/ur_description/share/ur_description/config/ur3/visual_parameters.yaml
[1.975s] -- Up-to-date symlink: /home/zpw/UR3e-ROS2-resources/install/ur_description/share/ur_description/config/ur3e/default_kinematics.yaml
[1.975s] -- Up-to-date symlink: /home/zpw/UR3e-ROS2-resources/install/ur_description/share/ur_description/config/ur3e/joint_limits.yaml
[1.976s] -- Up-to-date symlink: /home/zpw/UR3e-ROS2-resources/install/ur_description/share/ur_description/config/ur3e/physical_parameters.yaml
[1.976s] -- Up-to-date symlink: /home/zpw/UR3e-ROS2-resources/install/ur_description/share/ur_description/config/ur3e/visual_parameters.yaml
[1.978s] -- Up-to-date symlink: /home/zpw/UR3e-ROS2-resources/install/ur_description/share/ur_description/config/ur5/default_kinematics.yaml
[1.981s] -- Up-to-date symlink: /home/zpw/UR3e-ROS2-resources/install/ur_description/share/ur_description/config/ur5/joint_limits.yaml
[1.981s] -- Up-to-date symlink: /home/zpw/UR3e-ROS2-resources/install/ur_description/share/ur_description/config/ur5/physical_parameters.yaml
[1.982s] -- Up-to-date symlink: /home/zpw/UR3e-ROS2-resources/install/ur_description/share/ur_description/config/ur5/visual_parameters.yaml
[1.982s] -- Up-to-date symlink: /home/zpw/UR3e-ROS2-resources/install/ur_description/share/ur_description/config/ur5e/default_kinematics.yaml
[1.983s] -- Up-to-date symlink: /home/zpw/UR3e-ROS2-resources/install/ur_description/share/ur_description/config/ur5e/joint_limits.yaml
[1.985s] -- Up-to-date symlink: /home/zpw/UR3e-ROS2-resources/install/ur_description/share/ur_description/config/ur5e/physical_parameters.yaml
[1.985s] -- Up-to-date symlink: /home/zpw/UR3e-ROS2-resources/install/ur_description/share/ur_description/config/ur5e/visual_parameters.yaml
[1.985s] -- Up-to-date symlink: /home/zpw/UR3e-ROS2-resources/install/ur_description/share/ur_description/launch/view_ur.launch.py
[1.987s] -- Up-to-date symlink: /home/zpw/UR3e-ROS2-resources/install/ur_description/share/ur_description/meshes/ur10/collision/base.stl
[1.988s] -- Up-to-date symlink: /home/zpw/UR3e-ROS2-resources/install/ur_description/share/ur_description/meshes/ur10/collision/forearm.stl
[1.989s] -- Up-to-date symlink: /home/zpw/UR3e-ROS2-resources/install/ur_description/share/ur_description/meshes/ur10/collision/shoulder.stl
[1.990s] -- Up-to-date symlink: /home/zpw/UR3e-ROS2-resources/install/ur_description/share/ur_description/meshes/ur10/collision/upperarm.stl
[1.991s] -- Up-to-date symlink: /home/zpw/UR3e-ROS2-resources/install/ur_description/share/ur_description/meshes/ur10/collision/wrist1.stl
[1.994s] -- Up-to-date symlink: /home/zpw/UR3e-ROS2-resources/install/ur_description/share/ur_description/meshes/ur10/collision/wrist2.stl
[1.994s] -- Up-to-date symlink: /home/zpw/UR3e-ROS2-resources/install/ur_description/share/ur_description/meshes/ur10/collision/wrist3.stl
[1.996s] -- Up-to-date symlink: /home/zpw/UR3e-ROS2-resources/install/ur_description/share/ur_description/meshes/ur10/visual/base.dae
[1.996s] -- Up-to-date symlink: /home/zpw/UR3e-ROS2-resources/install/ur_description/share/ur_description/meshes/ur10/visual/forearm.dae
[2.003s] -- Up-to-date symlink: /home/zpw/UR3e-ROS2-resources/install/ur_description/share/ur_description/meshes/ur10/visual/shoulder.dae
[2.004s] -- Up-to-date symlink: /home/zpw/UR3e-ROS2-resources/install/ur_description/share/ur_description/meshes/ur10/visual/upperarm.dae
[2.006s] -- Up-to-date symlink: /home/zpw/UR3e-ROS2-resources/install/ur_description/share/ur_description/meshes/ur10/visual/wrist1.dae
[2.011s] -- Up-to-date symlink: /home/zpw/UR3e-ROS2-resources/install/ur_description/share/ur_description/meshes/ur10/visual/wrist2.dae
[2.011s] -- Up-to-date symlink: /home/zpw/UR3e-ROS2-resources/install/ur_description/share/ur_description/meshes/ur10/visual/wrist3.dae
[2.016s] -- Up-to-date symlink: /home/zpw/UR3e-ROS2-resources/install/ur_description/share/ur_description/meshes/ur10e/collision/base.stl
[2.016s] -- Up-to-date symlink: /home/zpw/UR3e-ROS2-resources/install/ur_description/share/ur_description/meshes/ur10e/collision/forearm.stl
[2.017s] -- Up-to-date symlink: /home/zpw/UR3e-ROS2-resources/install/ur_description/share/ur_description/meshes/ur10e/collision/shoulder.stl
[2.017s] -- Up-to-date symlink: /home/zpw/UR3e-ROS2-resources/install/ur_description/share/ur_description/meshes/ur10e/collision/upperarm.stl
[2.017s] -- Up-to-date symlink: /home/zpw/UR3e-ROS2-resources/install/ur_description/share/ur_description/meshes/ur10e/collision/wrist1.stl
[2.017s] -- Up-to-date symlink: /home/zpw/UR3e-ROS2-resources/install/ur_description/share/ur_description/meshes/ur10e/collision/wrist2.stl
[2.018s] -- Up-to-date symlink: /home/zpw/UR3e-ROS2-resources/install/ur_description/share/ur_description/meshes/ur10e/collision/wrist3.stl
[2.018s] -- Up-to-date symlink: /home/zpw/UR3e-ROS2-resources/install/ur_description/share/ur_description/meshes/ur10e/visual/base.dae
[2.019s] -- Up-to-date symlink: /home/zpw/UR3e-ROS2-resources/install/ur_description/share/ur_description/meshes/ur10e/visual/forearm.dae
[2.019s] -- Up-to-date symlink: /home/zpw/UR3e-ROS2-resources/install/ur_description/share/ur_description/meshes/ur10e/visual/shoulder.dae
[2.021s] -- Up-to-date symlink: /home/zpw/UR3e-ROS2-resources/install/ur_description/share/ur_description/meshes/ur10e/visual/upperarm.dae
[2.021s] -- Up-to-date symlink: /home/zpw/UR3e-ROS2-resources/install/ur_description/share/ur_description/meshes/ur10e/visual/wrist1.dae
[2.021s] -- Up-to-date symlink: /home/zpw/UR3e-ROS2-resources/install/ur_description/share/ur_description/meshes/ur10e/visual/wrist2.dae
[2.023s] -- Up-to-date symlink: /home/zpw/UR3e-ROS2-resources/install/ur_description/share/ur_description/meshes/ur10e/visual/wrist3.dae
[2.023s] -- Up-to-date symlink: /home/zpw/UR3e-ROS2-resources/install/ur_description/share/ur_description/meshes/ur16e/collision/forearm.stl
[2.023s] -- Up-to-date symlink: /home/zpw/UR3e-ROS2-resources/install/ur_description/share/ur_description/meshes/ur16e/collision/upperarm.stl
[2.023s] -- Up-to-date symlink: /home/zpw/UR3e-ROS2-resources/install/ur_description/share/ur_description/meshes/ur16e/visual/forearm.dae
[2.023s] -- Up-to-date symlink: /home/zpw/UR3e-ROS2-resources/install/ur_description/share/ur_description/meshes/ur16e/visual/upperarm.dae
[2.026s] -- Up-to-date symlink: /home/zpw/UR3e-ROS2-resources/install/ur_description/share/ur_description/meshes/ur3/collision/base.stl
[2.027s] -- Up-to-date symlink: /home/zpw/UR3e-ROS2-resources/install/ur_description/share/ur_description/meshes/ur3/collision/forearm.stl
[2.027s] -- Up-to-date symlink: /home/zpw/UR3e-ROS2-resources/install/ur_description/share/ur_description/meshes/ur3/collision/shoulder.stl
[2.027s] -- Up-to-date symlink: /home/zpw/UR3e-ROS2-resources/install/ur_description/share/ur_description/meshes/ur3/collision/upperarm.stl
[2.028s] -- Up-to-date symlink: /home/zpw/UR3e-ROS2-resources/install/ur_description/share/ur_description/meshes/ur3/collision/wrist1.stl
[2.028s] -- Up-to-date symlink: /home/zpw/UR3e-ROS2-resources/install/ur_description/share/ur_description/meshes/ur3/collision/wrist2.stl
[2.031s] -- Up-to-date symlink: /home/zpw/UR3e-ROS2-resources/install/ur_description/share/ur_description/meshes/ur3/collision/wrist3.stl
[2.044s] -- Up-to-date symlink: /home/zpw/UR3e-ROS2-resources/install/ur_description/share/ur_description/meshes/ur3/visual/base.dae
[2.045s] -- Up-to-date symlink: /home/zpw/UR3e-ROS2-resources/install/ur_description/share/ur_description/meshes/ur3/visual/forearm.dae
[2.045s] -- Up-to-date symlink: /home/zpw/UR3e-ROS2-resources/install/ur_description/share/ur_description/meshes/ur3/visual/shoulder.dae
[2.061s] -- Up-to-date symlink: /home/zpw/UR3e-ROS2-resources/install/ur_description/share/ur_description/meshes/ur3/visual/upperarm.dae
[2.061s] -- Up-to-date symlink: /home/zpw/UR3e-ROS2-resources/install/ur_description/share/ur_description/meshes/ur3/visual/wrist1.dae
[2.061s] -- Up-to-date symlink: /home/zpw/UR3e-ROS2-resources/install/ur_description/share/ur_description/meshes/ur3/visual/wrist2.dae
[2.061s] -- Up-to-date symlink: /home/zpw/UR3e-ROS2-resources/install/ur_description/share/ur_description/meshes/ur3/visual/wrist3.dae
[2.062s] -- Up-to-date symlink: /home/zpw/UR3e-ROS2-resources/install/ur_description/share/ur_description/meshes/ur3e/collision/base.stl
[2.068s] -- Up-to-date symlink: /home/zpw/UR3e-ROS2-resources/install/ur_description/share/ur_description/meshes/ur3e/collision/forearm.stl
[2.070s] -- Up-to-date symlink: /home/zpw/UR3e-ROS2-resources/install/ur_description/share/ur_description/meshes/ur3e/collision/shoulder.stl
[2.073s] -- Up-to-date symlink: /home/zpw/UR3e-ROS2-resources/install/ur_description/share/ur_description/meshes/ur3e/collision/upperarm.stl
[2.074s] -- Up-to-date symlink: /home/zpw/UR3e-ROS2-resources/install/ur_description/share/ur_description/meshes/ur3e/collision/wrist1.stl
[2.075s] -- Up-to-date symlink: /home/zpw/UR3e-ROS2-resources/install/ur_description/share/ur_description/meshes/ur3e/collision/wrist2.stl
[2.076s] -- Up-to-date symlink: /home/zpw/UR3e-ROS2-resources/install/ur_description/share/ur_description/meshes/ur3e/collision/wrist3.stl
[2.076s] -- Up-to-date symlink: /home/zpw/UR3e-ROS2-resources/install/ur_description/share/ur_description/meshes/ur3e/visual/base.dae
[2.083s] -- Up-to-date symlink: /home/zpw/UR3e-ROS2-resources/install/ur_description/share/ur_description/meshes/ur3e/visual/forearm.dae
[2.088s] -- Up-to-date symlink: /home/zpw/UR3e-ROS2-resources/install/ur_description/share/ur_description/meshes/ur3e/visual/shoulder.dae
[2.091s] -- Up-to-date symlink: /home/zpw/UR3e-ROS2-resources/install/ur_description/share/ur_description/meshes/ur3e/visual/upperarm.dae
[2.092s] -- Up-to-date symlink: /home/zpw/UR3e-ROS2-resources/install/ur_description/share/ur_description/meshes/ur3e/visual/wrist1.dae
[2.092s] -- Up-to-date symlink: /home/zpw/UR3e-ROS2-resources/install/ur_description/share/ur_description/meshes/ur3e/visual/wrist2.dae
[2.093s] -- Up-to-date symlink: /home/zpw/UR3e-ROS2-resources/install/ur_description/share/ur_description/meshes/ur3e/visual/wrist3.dae
[2.093s] -- Up-to-date symlink: /home/zpw/UR3e-ROS2-resources/install/ur_description/share/ur_description/meshes/ur5/collision/base.stl
[2.093s] -- Up-to-date symlink: /home/zpw/UR3e-ROS2-resources/install/ur_description/share/ur_description/meshes/ur5/collision/forearm.stl
[2.095s] -- Up-to-date symlink: /home/zpw/UR3e-ROS2-resources/install/ur_description/share/ur_description/meshes/ur5/collision/shoulder.stl
[2.106s] -- Up-to-date symlink: /home/zpw/UR3e-ROS2-resources/install/ur_description/share/ur_description/meshes/ur5/collision/upperarm.stl
[2.110s] -- Up-to-date symlink: /home/zpw/UR3e-ROS2-resources/install/ur_description/share/ur_description/meshes/ur5/collision/wrist1.stl
[2.112s] -- Up-to-date symlink: /home/zpw/UR3e-ROS2-resources/install/ur_description/share/ur_description/meshes/ur5/collision/wrist2.stl
[2.115s] -- Up-to-date symlink: /home/zpw/UR3e-ROS2-resources/install/ur_description/share/ur_description/meshes/ur5/collision/wrist3.stl
[2.118s] -- Up-to-date symlink: /home/zpw/UR3e-ROS2-resources/install/ur_description/share/ur_description/meshes/ur5/visual/base.dae
[2.123s] -- Up-to-date symlink: /home/zpw/UR3e-ROS2-resources/install/ur_description/share/ur_description/meshes/ur5/visual/forearm.dae
[2.125s] -- Up-to-date symlink: /home/zpw/UR3e-ROS2-resources/install/ur_description/share/ur_description/meshes/ur5/visual/shoulder.dae
[2.125s] -- Up-to-date symlink: /home/zpw/UR3e-ROS2-resources/install/ur_description/share/ur_description/meshes/ur5/visual/upperarm.dae
[2.126s] -- Up-to-date symlink: /home/zpw/UR3e-ROS2-resources/install/ur_description/share/ur_description/meshes/ur5/visual/wrist1.dae
[2.126s] -- Up-to-date symlink: /home/zpw/UR3e-ROS2-resources/install/ur_description/share/ur_description/meshes/ur5/visual/wrist2.dae
[2.127s] -- Up-to-date symlink: /home/zpw/UR3e-ROS2-resources/install/ur_description/share/ur_description/meshes/ur5/visual/wrist3.dae
[2.130s] -- Up-to-date symlink: /home/zpw/UR3e-ROS2-resources/install/ur_description/share/ur_description/meshes/ur5e/collision/base.stl
[2.134s] -- Up-to-date symlink: /home/zpw/UR3e-ROS2-resources/install/ur_description/share/ur_description/meshes/ur5e/collision/forearm.stl
[2.138s] -- Up-to-date symlink: /home/zpw/UR3e-ROS2-resources/install/ur_description/share/ur_description/meshes/ur5e/collision/shoulder.stl
[2.141s] -- Up-to-date symlink: /home/zpw/UR3e-ROS2-resources/install/ur_description/share/ur_description/meshes/ur5e/collision/upperarm.stl
[2.153s] -- Up-to-date symlink: /home/zpw/UR3e-ROS2-resources/install/ur_description/share/ur_description/meshes/ur5e/collision/wrist1.stl
[2.157s] -- Up-to-date symlink: /home/zpw/UR3e-ROS2-resources/install/ur_description/share/ur_description/meshes/ur5e/collision/wrist2.stl
[2.158s] -- Up-to-date symlink: /home/zpw/UR3e-ROS2-resources/install/ur_description/share/ur_description/meshes/ur5e/collision/wrist3.stl
[2.158s] -- Up-to-date symlink: /home/zpw/UR3e-ROS2-resources/install/ur_description/share/ur_description/meshes/ur5e/visual/base.dae
[2.158s] -- Up-to-date symlink: /home/zpw/UR3e-ROS2-resources/install/ur_description/share/ur_description/meshes/ur5e/visual/forearm.dae
[2.158s] -- Up-to-date symlink: /home/zpw/UR3e-ROS2-resources/install/ur_description/share/ur_description/meshes/ur5e/visual/shoulder.dae
[2.173s] -- Up-to-date symlink: /home/zpw/UR3e-ROS2-resources/install/ur_description/share/ur_description/meshes/ur5e/visual/upperarm.dae
[2.174s] -- Up-to-date symlink: /home/zpw/UR3e-ROS2-resources/install/ur_description/share/ur_description/meshes/ur5e/visual/wrist1.dae
[2.174s] -- Up-to-date symlink: /home/zpw/UR3e-ROS2-resources/install/ur_description/share/ur_description/meshes/ur5e/visual/wrist2.dae
[2.174s] -- Up-to-date symlink: /home/zpw/UR3e-ROS2-resources/install/ur_description/share/ur_description/meshes/ur5e/visual/wrist3.dae
[2.174s] -- Up-to-date symlink: /home/zpw/UR3e-ROS2-resources/install/ur_description/share/ur_description/rviz/view_robot.rviz
[2.174s] -- Up-to-date symlink: /home/zpw/UR3e-ROS2-resources/install/ur_description/share/ur_description/urdf/inc/ur_common.xacro
[2.175s] -- Up-to-date symlink: /home/zpw/UR3e-ROS2-resources/install/ur_description/share/ur_description/urdf/inc/ur_transmissions.xacro
[2.175s] -- Up-to-date symlink: /home/zpw/UR3e-ROS2-resources/install/ur_description/share/ur_description/urdf/ur.ros2_control.xacro
[2.179s] -- Up-to-date symlink: /home/zpw/UR3e-ROS2-resources/install/ur_description/share/ur_description/urdf/ur.urdf.xacro
[2.183s] -- Up-to-date symlink: /home/zpw/UR3e-ROS2-resources/install/ur_description/share/ur_description/urdf/ur_macro.xacro
[2.186s] -- Up-to-date symlink: /home/zpw/UR3e-ROS2-resources/install/ur_description/share/ament_index/resource_index/package_run_dependencies/ur_description
[2.187s] -- Up-to-date symlink: /home/zpw/UR3e-ROS2-resources/install/ur_description/share/ament_index/resource_index/parent_prefix_path/ur_description
[2.189s] -- Up-to-date symlink: /home/zpw/UR3e-ROS2-resources/install/ur_description/share/ur_description/environment/ament_prefix_path.sh
[2.189s] -- Up-to-date symlink: /home/zpw/UR3e-ROS2-resources/install/ur_description/share/ur_description/environment/ament_prefix_path.dsv
[2.189s] -- Up-to-date symlink: /home/zpw/UR3e-ROS2-resources/install/ur_description/share/ur_description/environment/path.sh
[2.189s] -- Up-to-date symlink: /home/zpw/UR3e-ROS2-resources/install/ur_description/share/ur_description/environment/path.dsv
[2.189s] -- Up-to-date symlink: /home/zpw/UR3e-ROS2-resources/install/ur_description/share/ur_description/local_setup.bash
[2.189s] -- Up-to-date symlink: /home/zpw/UR3e-ROS2-resources/install/ur_description/share/ur_description/local_setup.sh
[2.189s] -- Up-to-date symlink: /home/zpw/UR3e-ROS2-resources/install/ur_description/share/ur_description/local_setup.zsh
[2.189s] -- Up-to-date symlink: /home/zpw/UR3e-ROS2-resources/install/ur_description/share/ur_description/local_setup.dsv
[2.189s] -- Symlinking: /home/zpw/UR3e-ROS2-resources/install/ur_description/share/ur_description/package.dsv
[2.190s] -- Up-to-date symlink: /home/zpw/UR3e-ROS2-resources/install/ur_description/share/ament_index/resource_index/packages/ur_description
[2.190s] -- Up-to-date symlink: /home/zpw/UR3e-ROS2-resources/install/ur_description/share/ur_description/cmake/ur_descriptionConfig.cmake
[2.190s] -- Up-to-date symlink: /home/zpw/UR3e-ROS2-resources/install/ur_description/share/ur_description/cmake/ur_descriptionConfig-version.cmake
[2.190s] -- Up-to-date symlink: /home/zpw/UR3e-ROS2-resources/install/ur_description/share/ur_description/package.xml
[2.199s] Invoked command in '/home/zpw/UR3e-ROS2-resources/build/ur_description' returned '0': CMAKE_PREFIX_PATH=${CMAKE_PREFIX_PATH}:/home/zpw/UR3e-ROS2-resources/install/vr_connector:/home/zpw/UR3e-ROS2-resources/install/unity_robotics_demo:/home/zpw/UR3e-ROS2-resources/install/ros_tcp_endpoint:/opt/ros/foxy /usr/bin/cmake --install /home/zpw/UR3e-ROS2-resources/build/ur_description
