[0.027s] Invoking command in '/home/zpw/UR3e-ROS2-resources/build/ur_controllers': AMENT_PREFIX_PATH=/home/zpw/UR3e-ROS2-resources/install/ur_msgs:/home/zpw/UR3e-ROS2-resources/install/ur_dashboard_msgs:${AMENT_PREFIX_PATH} CMAKE_PREFIX_PATH=/home/zpw/UR3e-ROS2-resources/install/ur_msgs:/home/zpw/UR3e-ROS2-resources/install/ur_dashboard_msgs:/home/zpw/UR3e-ROS2-resources/install/ur_client_library:/opt/ros/foxy LD_LIBRARY_PATH=/home/zpw/UR3e-ROS2-resources/install/ur_msgs/lib:/home/zpw/UR3e-ROS2-resources/install/ur_dashboard_msgs/lib:/home/zpw/UR3e-ROS2-resources/install/ur_client_library/lib:${LD_LIBRARY_PATH} PKG_CONFIG_PATH=/home/zpw/UR3e-ROS2-resources/install/ur_client_library/lib/x86_64-linux-gnu/pkgconfig:/home/zpw/UR3e-ROS2-resources/install/ur_client_library/lib/pkgconfig PYTHONPATH=/home/zpw/UR3e-ROS2-resources/install/ur_msgs/lib/python3.8/site-packages:/home/zpw/UR3e-ROS2-resources/install/ur_dashboard_msgs/lib/python3.8/site-packages:${PYTHONPATH} /usr/bin/cmake /home/zpw/UR3e-ROS2-resources/src/Universal_Robots_ROS2_Driver/ur_controllers -DCMAKE_INSTALL_PREFIX=/home/zpw/UR3e-ROS2-resources/install/ur_controllers
[0.051s] -- Found ament_cmake: 0.9.9 (/opt/ros/foxy/share/ament_cmake/cmake)
[0.081s] -- Using PYTHON_EXECUTABLE: /usr/bin/python3
[0.919s] -- Override CMake install command with custom implementation using symlinks instead of copying resources
[0.928s] -- Found control_msgs: 2.5.1 (/opt/ros/foxy/share/control_msgs/cmake)
[1.051s] -- Using all available rosidl_typesupport_c: rosidl_typesupport_fastrtps_c;rosidl_typesupport_introspection_c
[1.058s] -- Found rosidl_adapter: 1.2.1 (/opt/ros/foxy/share/rosidl_adapter/cmake)
[1.644s] -- Using all available rosidl_typesupport_cpp: rosidl_typesupport_fastrtps_cpp;rosidl_typesupport_introspection_cpp
[3.539s] -- Found controller_interface: 0.9.0 (/opt/ros/foxy/share/controller_interface/cmake)
[4.048s] -- Found rmw_implementation_cmake: 1.0.3 (/opt/ros/foxy/share/rmw_implementation_cmake/cmake)
[4.051s] -- Using RMW implementation 'rmw_fastrtps_cpp' as default
[5.015s] -- Found joint_trajectory_controller: 0.7.0 (/opt/ros/foxy/share/joint_trajectory_controller/cmake)
[5.256s] -- Found realtime_tools: 2.2.0 (/opt/ros/foxy/share/realtime_tools/cmake)
[5.309s] -- Found std_srvs: 2.0.5 (/opt/ros/foxy/share/std_srvs/cmake)
[5.317s] -- Found ur_dashboard_msgs: 0.0.0 (/home/zpw/UR3e-ROS2-resources/install/ur_dashboard_msgs/share/ur_dashboard_msgs/cmake)
[5.446s] -- Found ur_msgs: 1.3.4 (/home/zpw/UR3e-ROS2-resources/install/ur_msgs/share/ur_msgs/cmake)
[6.128s] -- Configuring done
[6.182s] -- Generating done
[6.196s] -- Build files have been written to: /home/zpw/UR3e-ROS2-resources/build/ur_controllers
[6.207s] Invoked command in '/home/zpw/UR3e-ROS2-resources/build/ur_controllers' returned '0': AMENT_PREFIX_PATH=/home/zpw/UR3e-ROS2-resources/install/ur_msgs:/home/zpw/UR3e-ROS2-resources/install/ur_dashboard_msgs:${AMENT_PREFIX_PATH} CMAKE_PREFIX_PATH=/home/zpw/UR3e-ROS2-resources/install/ur_msgs:/home/zpw/UR3e-ROS2-resources/install/ur_dashboard_msgs:/home/zpw/UR3e-ROS2-resources/install/ur_client_library:/opt/ros/foxy LD_LIBRARY_PATH=/home/zpw/UR3e-ROS2-resources/install/ur_msgs/lib:/home/zpw/UR3e-ROS2-resources/install/ur_dashboard_msgs/lib:/home/zpw/UR3e-ROS2-resources/install/ur_client_library/lib:${LD_LIBRARY_PATH} PKG_CONFIG_PATH=/home/zpw/UR3e-ROS2-resources/install/ur_client_library/lib/x86_64-linux-gnu/pkgconfig:/home/zpw/UR3e-ROS2-resources/install/ur_client_library/lib/pkgconfig PYTHONPATH=/home/zpw/UR3e-ROS2-resources/install/ur_msgs/lib/python3.8/site-packages:/home/zpw/UR3e-ROS2-resources/install/ur_dashboard_msgs/lib/python3.8/site-packages:${PYTHONPATH} /usr/bin/cmake /home/zpw/UR3e-ROS2-resources/src/Universal_Robots_ROS2_Driver/ur_controllers -DCMAKE_INSTALL_PREFIX=/home/zpw/UR3e-ROS2-resources/install/ur_controllers
[6.210s] Invoking command in '/home/zpw/UR3e-ROS2-resources/build/ur_controllers': AMENT_PREFIX_PATH=/home/zpw/UR3e-ROS2-resources/install/ur_msgs:/home/zpw/UR3e-ROS2-resources/install/ur_dashboard_msgs:${AMENT_PREFIX_PATH} CMAKE_PREFIX_PATH=/home/zpw/UR3e-ROS2-resources/install/ur_msgs:/home/zpw/UR3e-ROS2-resources/install/ur_dashboard_msgs:/home/zpw/UR3e-ROS2-resources/install/ur_client_library:/opt/ros/foxy LD_LIBRARY_PATH=/home/zpw/UR3e-ROS2-resources/install/ur_msgs/lib:/home/zpw/UR3e-ROS2-resources/install/ur_dashboard_msgs/lib:/home/zpw/UR3e-ROS2-resources/install/ur_client_library/lib:${LD_LIBRARY_PATH} PKG_CONFIG_PATH=/home/zpw/UR3e-ROS2-resources/install/ur_client_library/lib/x86_64-linux-gnu/pkgconfig:/home/zpw/UR3e-ROS2-resources/install/ur_client_library/lib/pkgconfig PYTHONPATH=/home/zpw/UR3e-ROS2-resources/install/ur_msgs/lib/python3.8/site-packages:/home/zpw/UR3e-ROS2-resources/install/ur_dashboard_msgs/lib/python3.8/site-packages:${PYTHONPATH} /usr/bin/cmake --build /home/zpw/UR3e-ROS2-resources/build/ur_controllers -- -j16 -l16
[6.339s] [100%] Built target ur_controllers
[6.363s] Invoked command in '/home/zpw/UR3e-ROS2-resources/build/ur_controllers' returned '0': AMENT_PREFIX_PATH=/home/zpw/UR3e-ROS2-resources/install/ur_msgs:/home/zpw/UR3e-ROS2-resources/install/ur_dashboard_msgs:${AMENT_PREFIX_PATH} CMAKE_PREFIX_PATH=/home/zpw/UR3e-ROS2-resources/install/ur_msgs:/home/zpw/UR3e-ROS2-resources/install/ur_dashboard_msgs:/home/zpw/UR3e-ROS2-resources/install/ur_client_library:/opt/ros/foxy LD_LIBRARY_PATH=/home/zpw/UR3e-ROS2-resources/install/ur_msgs/lib:/home/zpw/UR3e-ROS2-resources/install/ur_dashboard_msgs/lib:/home/zpw/UR3e-ROS2-resources/install/ur_client_library/lib:${LD_LIBRARY_PATH} PKG_CONFIG_PATH=/home/zpw/UR3e-ROS2-resources/install/ur_client_library/lib/x86_64-linux-gnu/pkgconfig:/home/zpw/UR3e-ROS2-resources/install/ur_client_library/lib/pkgconfig PYTHONPATH=/home/zpw/UR3e-ROS2-resources/install/ur_msgs/lib/python3.8/site-packages:/home/zpw/UR3e-ROS2-resources/install/ur_dashboard_msgs/lib/python3.8/site-packages:${PYTHONPATH} /usr/bin/cmake --build /home/zpw/UR3e-ROS2-resources/build/ur_controllers -- -j16 -l16
[6.416s] Invoking command in '/home/zpw/UR3e-ROS2-resources/build/ur_controllers': AMENT_PREFIX_PATH=/home/zpw/UR3e-ROS2-resources/install/ur_msgs:/home/zpw/UR3e-ROS2-resources/install/ur_dashboard_msgs:${AMENT_PREFIX_PATH} CMAKE_PREFIX_PATH=/home/zpw/UR3e-ROS2-resources/install/ur_msgs:/home/zpw/UR3e-ROS2-resources/install/ur_dashboard_msgs:/home/zpw/UR3e-ROS2-resources/install/ur_client_library:/opt/ros/foxy LD_LIBRARY_PATH=/home/zpw/UR3e-ROS2-resources/install/ur_msgs/lib:/home/zpw/UR3e-ROS2-resources/install/ur_dashboard_msgs/lib:/home/zpw/UR3e-ROS2-resources/install/ur_client_library/lib:${LD_LIBRARY_PATH} PKG_CONFIG_PATH=/home/zpw/UR3e-ROS2-resources/install/ur_client_library/lib/x86_64-linux-gnu/pkgconfig:/home/zpw/UR3e-ROS2-resources/install/ur_client_library/lib/pkgconfig PYTHONPATH=/home/zpw/UR3e-ROS2-resources/install/ur_msgs/lib/python3.8/site-packages:/home/zpw/UR3e-ROS2-resources/install/ur_dashboard_msgs/lib/python3.8/site-packages:${PYTHONPATH} /usr/bin/cmake --install /home/zpw/UR3e-ROS2-resources/build/ur_controllers
[6.423s] -- Install configuration: ""
[6.423s] -- Execute custom install script
[6.423s] -- Up-to-date symlink: /home/zpw/UR3e-ROS2-resources/install/ur_controllers/share/ur_controllers//controller_plugins.xml
[6.424s] -- Up-to-date symlink: /home/zpw/UR3e-ROS2-resources/install/ur_controllers/lib/libur_controllers.so
[6.424s] -- Up-to-date symlink: /home/zpw/UR3e-ROS2-resources/install/ur_controllers/include/ur_controllers/force_torque_sensor_broadcaster.hpp
[6.427s] -- Up-to-date symlink: /home/zpw/UR3e-ROS2-resources/install/ur_controllers/include/ur_controllers/gpio_controller.hpp
[6.431s] -- Up-to-date symlink: /home/zpw/UR3e-ROS2-resources/install/ur_controllers/include/ur_controllers/scaled_joint_trajectory_controller.hpp
[6.432s] -- Up-to-date symlink: /home/zpw/UR3e-ROS2-resources/install/ur_controllers/include/ur_controllers/speed_scaling_state_broadcaster.hpp
[6.435s] -- Up-to-date symlink: /home/zpw/UR3e-ROS2-resources/install/ur_controllers/share/ur_controllers/controller_plugins.xml
[6.437s] -- Up-to-date symlink: /home/zpw/UR3e-ROS2-resources/install/ur_controllers/share/ur_controllers/environment/library_path.sh
[6.438s] -- Up-to-date symlink: /home/zpw/UR3e-ROS2-resources/install/ur_controllers/share/ur_controllers/environment/library_path.dsv
[6.439s] -- Up-to-date symlink: /home/zpw/UR3e-ROS2-resources/install/ur_controllers/share/ament_index/resource_index/package_run_dependencies/ur_controllers
[6.439s] -- Up-to-date symlink: /home/zpw/UR3e-ROS2-resources/install/ur_controllers/share/ament_index/resource_index/parent_prefix_path/ur_controllers
[6.439s] -- Up-to-date symlink: /home/zpw/UR3e-ROS2-resources/install/ur_controllers/share/ur_controllers/environment/ament_prefix_path.sh
[6.439s] -- Up-to-date symlink: /home/zpw/UR3e-ROS2-resources/install/ur_controllers/share/ur_controllers/environment/ament_prefix_path.dsv
[6.439s] -- Up-to-date symlink: /home/zpw/UR3e-ROS2-resources/install/ur_controllers/share/ur_controllers/environment/path.sh
[6.439s] -- Up-to-date symlink: /home/zpw/UR3e-ROS2-resources/install/ur_controllers/share/ur_controllers/environment/path.dsv
[6.440s] -- Up-to-date symlink: /home/zpw/UR3e-ROS2-resources/install/ur_controllers/share/ur_controllers/local_setup.bash
[6.440s] -- Up-to-date symlink: /home/zpw/UR3e-ROS2-resources/install/ur_controllers/share/ur_controllers/local_setup.sh
[6.440s] -- Up-to-date symlink: /home/zpw/UR3e-ROS2-resources/install/ur_controllers/share/ur_controllers/local_setup.zsh
[6.440s] -- Up-to-date symlink: /home/zpw/UR3e-ROS2-resources/install/ur_controllers/share/ur_controllers/local_setup.dsv
[6.440s] -- Symlinking: /home/zpw/UR3e-ROS2-resources/install/ur_controllers/share/ur_controllers/package.dsv
[6.449s] -- Up-to-date symlink: /home/zpw/UR3e-ROS2-resources/install/ur_controllers/share/ament_index/resource_index/packages/ur_controllers
[6.449s] -- Up-to-date symlink: /home/zpw/UR3e-ROS2-resources/install/ur_controllers/share/ament_index/resource_index/controller_interface__pluginlib__plugin/ur_controllers
[6.449s] -- Up-to-date symlink: /home/zpw/UR3e-ROS2-resources/install/ur_controllers/share/ur_controllers/cmake/ament_cmake_export_dependencies-extras.cmake
[6.450s] -- Up-to-date symlink: /home/zpw/UR3e-ROS2-resources/install/ur_controllers/share/ur_controllers/cmake/ament_cmake_export_include_directories-extras.cmake
[6.450s] -- Up-to-date symlink: /home/zpw/UR3e-ROS2-resources/install/ur_controllers/share/ur_controllers/cmake/ament_cmake_export_libraries-extras.cmake
[6.450s] -- Up-to-date symlink: /home/zpw/UR3e-ROS2-resources/install/ur_controllers/share/ur_controllers/cmake/ur_controllersConfig.cmake
[6.451s] -- Up-to-date symlink: /home/zpw/UR3e-ROS2-resources/install/ur_controllers/share/ur_controllers/cmake/ur_controllersConfig-version.cmake
[6.451s] -- Up-to-date symlink: /home/zpw/UR3e-ROS2-resources/install/ur_controllers/share/ur_controllers/package.xml
[6.466s] Invoked command in '/home/zpw/UR3e-ROS2-resources/build/ur_controllers' returned '0': AMENT_PREFIX_PATH=/home/zpw/UR3e-ROS2-resources/install/ur_msgs:/home/zpw/UR3e-ROS2-resources/install/ur_dashboard_msgs:${AMENT_PREFIX_PATH} CMAKE_PREFIX_PATH=/home/zpw/UR3e-ROS2-resources/install/ur_msgs:/home/zpw/UR3e-ROS2-resources/install/ur_dashboard_msgs:/home/zpw/UR3e-ROS2-resources/install/ur_client_library:/opt/ros/foxy LD_LIBRARY_PATH=/home/zpw/UR3e-ROS2-resources/install/ur_msgs/lib:/home/zpw/UR3e-ROS2-resources/install/ur_dashboard_msgs/lib:/home/zpw/UR3e-ROS2-resources/install/ur_client_library/lib:${LD_LIBRARY_PATH} PKG_CONFIG_PATH=/home/zpw/UR3e-ROS2-resources/install/ur_client_library/lib/x86_64-linux-gnu/pkgconfig:/home/zpw/UR3e-ROS2-resources/install/ur_client_library/lib/pkgconfig PYTHONPATH=/home/zpw/UR3e-ROS2-resources/install/ur_msgs/lib/python3.8/site-packages:/home/zpw/UR3e-ROS2-resources/install/ur_dashboard_msgs/lib/python3.8/site-packages:${PYTHONPATH} /usr/bin/cmake --install /home/zpw/UR3e-ROS2-resources/build/ur_controllers
