[2.598s] Invoking command in '/home/zpw/UR3e-ROS2-resources/build/teleop': CMAKE_PREFIX_PATH=${CMAKE_PREFIX_PATH}:/home/zpw/UR3e-ROS2-resources/install/vr_connector:/home/zpw/UR3e-ROS2-resources/install/unity_robotics_demo_msgs:/home/zpw/UR3e-ROS2-resources/install/unity_robotics_demo:/home/zpw/UR3e-ROS2-resources/install/ros_tcp_endpoint:/opt/ros/foxy /usr/bin/cmake --build /home/zpw/UR3e-ROS2-resources/build/teleop -- -j16 -l16
[4.041s] [100%] Built target joystick_input
[4.090s] Invoked command in '/home/zpw/UR3e-ROS2-resources/build/teleop' returned '0': CMAKE_PREFIX_PATH=${CMAKE_PREFIX_PATH}:/home/zpw/UR3e-ROS2-resources/install/vr_connector:/home/zpw/UR3e-ROS2-resources/install/unity_robotics_demo_msgs:/home/zpw/UR3e-ROS2-resources/install/unity_robotics_demo:/home/zpw/UR3e-ROS2-resources/install/ros_tcp_endpoint:/opt/ros/foxy /usr/bin/cmake --build /home/zpw/UR3e-ROS2-resources/build/teleop -- -j16 -l16
[4.373s] Invoking command in '/home/zpw/UR3e-ROS2-resources/build/teleop': CMAKE_PREFIX_PATH=${CMAKE_PREFIX_PATH}:/home/zpw/UR3e-ROS2-resources/install/vr_connector:/home/zpw/UR3e-ROS2-resources/install/unity_robotics_demo_msgs:/home/zpw/UR3e-ROS2-resources/install/unity_robotics_demo:/home/zpw/UR3e-ROS2-resources/install/ros_tcp_endpoint:/opt/ros/foxy /usr/bin/cmake --install /home/zpw/UR3e-ROS2-resources/build/teleop
[4.641s] -- Install configuration: ""
[4.641s] -- Execute custom install script
[4.657s] -- Up-to-date symlink: /home/zpw/UR3e-ROS2-resources/install/teleop/share/teleop/config/ur3e_servo_config.yaml
[4.659s] -- Up-to-date symlink: /home/zpw/UR3e-ROS2-resources/install/teleop/share/teleop/config/ur3e_teleop.rviz
[4.673s] -- Up-to-date symlink: /home/zpw/UR3e-ROS2-resources/install/teleop/share/teleop/launch/servo_teleop.launch.py
[4.678s] -- Up-to-date symlink: /home/zpw/UR3e-ROS2-resources/install/teleop/lib/libjoystick_input.so
[4.679s] -- Up-to-date symlink: /home/zpw/UR3e-ROS2-resources/install/teleop/share/ament_index/resource_index/package_run_dependencies/teleop
[4.681s] -- Up-to-date symlink: /home/zpw/UR3e-ROS2-resources/install/teleop/share/ament_index/resource_index/parent_prefix_path/teleop
[4.686s] -- Up-to-date symlink: /home/zpw/UR3e-ROS2-resources/install/teleop/share/teleop/environment/ament_prefix_path.sh
[4.686s] -- Up-to-date symlink: /home/zpw/UR3e-ROS2-resources/install/teleop/share/teleop/environment/ament_prefix_path.dsv
[4.686s] -- Up-to-date symlink: /home/zpw/UR3e-ROS2-resources/install/teleop/share/teleop/environment/path.sh
[4.690s] -- Up-to-date symlink: /home/zpw/UR3e-ROS2-resources/install/teleop/share/teleop/environment/path.dsv
[4.691s] -- Up-to-date symlink: /home/zpw/UR3e-ROS2-resources/install/teleop/share/teleop/local_setup.bash
[4.701s] -- Up-to-date symlink: /home/zpw/UR3e-ROS2-resources/install/teleop/share/teleop/local_setup.sh
[4.701s] -- Up-to-date symlink: /home/zpw/UR3e-ROS2-resources/install/teleop/share/teleop/local_setup.zsh
[4.701s] -- Up-to-date symlink: /home/zpw/UR3e-ROS2-resources/install/teleop/share/teleop/local_setup.dsv
[4.704s] -- Symlinking: /home/zpw/UR3e-ROS2-resources/install/teleop/share/teleop/package.dsv
[4.898s] -- Up-to-date symlink: /home/zpw/UR3e-ROS2-resources/install/teleop/share/ament_index/resource_index/packages/teleop
[4.910s] -- Up-to-date symlink: /home/zpw/UR3e-ROS2-resources/install/teleop/share/ament_index/resource_index/rclcpp_components/teleop
[4.910s] -- Up-to-date symlink: /home/zpw/UR3e-ROS2-resources/install/teleop/share/teleop/cmake/teleopConfig.cmake
[4.910s] -- Up-to-date symlink: /home/zpw/UR3e-ROS2-resources/install/teleop/share/teleop/cmake/teleopConfig-version.cmake
[4.911s] -- Up-to-date symlink: /home/zpw/UR3e-ROS2-resources/install/teleop/share/teleop/package.xml
[5.089s] Invoked command in '/home/zpw/UR3e-ROS2-resources/build/teleop' returned '0': CMAKE_PREFIX_PATH=${CMAKE_PREFIX_PATH}:/home/zpw/UR3e-ROS2-resources/install/vr_connector:/home/zpw/UR3e-ROS2-resources/install/unity_robotics_demo_msgs:/home/zpw/UR3e-ROS2-resources/install/unity_robotics_demo:/home/zpw/UR3e-ROS2-resources/install/ros_tcp_endpoint:/opt/ros/foxy /usr/bin/cmake --install /home/zpw/UR3e-ROS2-resources/build/teleop
