[0.664s] Invoking command in '/home/zpw/UR3e-ROS2-resources/build/ur_dashboard_msgs': CMAKE_PREFIX_PATH=${CMAKE_PREFIX_PATH}:/home/zpw/UR3e-ROS2-resources/install/vr_connector:/home/zpw/UR3e-ROS2-resources/install/unity_robotics_demo:/home/zpw/UR3e-ROS2-resources/install/ros_tcp_endpoint:/opt/ros/foxy /usr/bin/cmake --build /home/zpw/UR3e-ROS2-resources/build/ur_dashboard_msgs -- -j16 -l16
[3.889s] [  0%] Built target ur_dashboard_msgs__cpp
[3.890s] [ 12%] Built target ur_dashboard_msgs__rosidl_generator_c
[3.890s] [ 24%] Built target ur_dashboard_msgs__rosidl_typesupport_introspection_cpp
[3.890s] [ 36%] Built target ur_dashboard_msgs__rosidl_typesupport_c
[3.890s] [ 48%] Built target ur_dashboard_msgs__rosidl_typesupport_cpp
[3.890s] [ 60%] Built target ur_dashboard_msgs__rosidl_typesupport_introspection_c
[3.890s] [ 72%] Built target ur_dashboard_msgs__rosidl_typesupport_fastrtps_cpp
[3.904s] [ 84%] Built target ur_dashboard_msgs__rosidl_typesupport_fastrtps_c
[3.905s] [ 84%] Built target ur_dashboard_msgs
[3.906s] [ 85%] Built target ur_dashboard_msgs__py
[3.910s] [ 96%] Built target ur_dashboard_msgs__python
[3.914s] [ 98%] Built target ur_dashboard_msgs__rosidl_typesupport_introspection_c__pyext
[3.924s] [ 99%] Built target ur_dashboard_msgs__rosidl_typesupport_c__pyext
[3.934s] [100%] Built target ur_dashboard_msgs__rosidl_typesupport_fastrtps_c__pyext
[4.023s] Invoked command in '/home/zpw/UR3e-ROS2-resources/build/ur_dashboard_msgs' returned '0': CMAKE_PREFIX_PATH=${CMAKE_PREFIX_PATH}:/home/zpw/UR3e-ROS2-resources/install/vr_connector:/home/zpw/UR3e-ROS2-resources/install/unity_robotics_demo:/home/zpw/UR3e-ROS2-resources/install/ros_tcp_endpoint:/opt/ros/foxy /usr/bin/cmake --build /home/zpw/UR3e-ROS2-resources/build/ur_dashboard_msgs -- -j16 -l16
[6.254s] Invoking command in '/home/zpw/UR3e-ROS2-resources/build/ur_dashboard_msgs': CMAKE_PREFIX_PATH=${CMAKE_PREFIX_PATH}:/home/zpw/UR3e-ROS2-resources/install/vr_connector:/home/zpw/UR3e-ROS2-resources/install/unity_robotics_demo:/home/zpw/UR3e-ROS2-resources/install/ros_tcp_endpoint:/opt/ros/foxy /usr/bin/cmake --install /home/zpw/UR3e-ROS2-resources/build/ur_dashboard_msgs
[6.276s] -- Install configuration: ""
[6.277s] -- Execute custom install script
[6.277s] -- Up-to-date symlink: /home/zpw/UR3e-ROS2-resources/install/ur_dashboard_msgs/share/ament_index/resource_index/rosidl_interfaces/ur_dashboard_msgs
[6.285s] -- Up-to-date symlink: /home/zpw/UR3e-ROS2-resources/install/ur_dashboard_msgs/include/ur_dashboard_msgs/action/detail/set_mode__functions.h
[6.291s] -- Up-to-date symlink: /home/zpw/UR3e-ROS2-resources/install/ur_dashboard_msgs/include/ur_dashboard_msgs/action/detail/set_mode__struct.h
[6.291s] -- Up-to-date symlink: /home/zpw/UR3e-ROS2-resources/install/ur_dashboard_msgs/include/ur_dashboard_msgs/action/detail/set_mode__type_support.h
[6.291s] -- Up-to-date symlink: /home/zpw/UR3e-ROS2-resources/install/ur_dashboard_msgs/include/ur_dashboard_msgs/action/set_mode.h
[6.291s] -- Up-to-date symlink: /home/zpw/UR3e-ROS2-resources/install/ur_dashboard_msgs/include/ur_dashboard_msgs/msg/detail/program_state__functions.h
[6.291s] -- Up-to-date symlink: /home/zpw/UR3e-ROS2-resources/install/ur_dashboard_msgs/include/ur_dashboard_msgs/msg/detail/program_state__struct.h
[6.292s] -- Up-to-date symlink: /home/zpw/UR3e-ROS2-resources/install/ur_dashboard_msgs/include/ur_dashboard_msgs/msg/detail/program_state__type_support.h
[6.293s] -- Up-to-date symlink: /home/zpw/UR3e-ROS2-resources/install/ur_dashboard_msgs/include/ur_dashboard_msgs/msg/detail/robot_mode__functions.h
[6.297s] -- Up-to-date symlink: /home/zpw/UR3e-ROS2-resources/install/ur_dashboard_msgs/include/ur_dashboard_msgs/msg/detail/robot_mode__struct.h
[6.303s] -- Up-to-date symlink: /home/zpw/UR3e-ROS2-resources/install/ur_dashboard_msgs/include/ur_dashboard_msgs/msg/detail/robot_mode__type_support.h
[6.306s] -- Up-to-date symlink: /home/zpw/UR3e-ROS2-resources/install/ur_dashboard_msgs/include/ur_dashboard_msgs/msg/detail/safety_mode__functions.h
[6.307s] -- Up-to-date symlink: /home/zpw/UR3e-ROS2-resources/install/ur_dashboard_msgs/include/ur_dashboard_msgs/msg/detail/safety_mode__struct.h
[6.311s] -- Up-to-date symlink: /home/zpw/UR3e-ROS2-resources/install/ur_dashboard_msgs/include/ur_dashboard_msgs/msg/detail/safety_mode__type_support.h
[6.315s] -- Up-to-date symlink: /home/zpw/UR3e-ROS2-resources/install/ur_dashboard_msgs/include/ur_dashboard_msgs/msg/program_state.h
[6.321s] -- Up-to-date symlink: /home/zpw/UR3e-ROS2-resources/install/ur_dashboard_msgs/include/ur_dashboard_msgs/msg/robot_mode.h
[6.324s] -- Up-to-date symlink: /home/zpw/UR3e-ROS2-resources/install/ur_dashboard_msgs/include/ur_dashboard_msgs/msg/rosidl_generator_c__visibility_control.h
[6.328s] -- Up-to-date symlink: /home/zpw/UR3e-ROS2-resources/install/ur_dashboard_msgs/include/ur_dashboard_msgs/msg/safety_mode.h
[6.331s] -- Up-to-date symlink: /home/zpw/UR3e-ROS2-resources/install/ur_dashboard_msgs/include/ur_dashboard_msgs/srv/add_to_log.h
[6.340s] -- Up-to-date symlink: /home/zpw/UR3e-ROS2-resources/install/ur_dashboard_msgs/include/ur_dashboard_msgs/srv/detail/add_to_log__functions.h
[6.345s] -- Up-to-date symlink: /home/zpw/UR3e-ROS2-resources/install/ur_dashboard_msgs/include/ur_dashboard_msgs/srv/detail/add_to_log__struct.h
[6.363s] -- Up-to-date symlink: /home/zpw/UR3e-ROS2-resources/install/ur_dashboard_msgs/include/ur_dashboard_msgs/srv/detail/add_to_log__type_support.h
[6.365s] -- Up-to-date symlink: /home/zpw/UR3e-ROS2-resources/install/ur_dashboard_msgs/include/ur_dashboard_msgs/srv/detail/get_loaded_program__functions.h
[6.365s] -- Up-to-date symlink: /home/zpw/UR3e-ROS2-resources/install/ur_dashboard_msgs/include/ur_dashboard_msgs/srv/detail/get_loaded_program__struct.h
[6.365s] -- Up-to-date symlink: /home/zpw/UR3e-ROS2-resources/install/ur_dashboard_msgs/include/ur_dashboard_msgs/srv/detail/get_loaded_program__type_support.h
[6.365s] -- Up-to-date symlink: /home/zpw/UR3e-ROS2-resources/install/ur_dashboard_msgs/include/ur_dashboard_msgs/srv/detail/get_program_state__functions.h
[6.365s] -- Up-to-date symlink: /home/zpw/UR3e-ROS2-resources/install/ur_dashboard_msgs/include/ur_dashboard_msgs/srv/detail/get_program_state__struct.h
[6.365s] -- Up-to-date symlink: /home/zpw/UR3e-ROS2-resources/install/ur_dashboard_msgs/include/ur_dashboard_msgs/srv/detail/get_program_state__type_support.h
[6.366s] -- Up-to-date symlink: /home/zpw/UR3e-ROS2-resources/install/ur_dashboard_msgs/include/ur_dashboard_msgs/srv/detail/get_robot_mode__functions.h
[6.367s] -- Up-to-date symlink: /home/zpw/UR3e-ROS2-resources/install/ur_dashboard_msgs/include/ur_dashboard_msgs/srv/detail/get_robot_mode__struct.h
[6.368s] -- Up-to-date symlink: /home/zpw/UR3e-ROS2-resources/install/ur_dashboard_msgs/include/ur_dashboard_msgs/srv/detail/get_robot_mode__type_support.h
[6.368s] -- Up-to-date symlink: /home/zpw/UR3e-ROS2-resources/install/ur_dashboard_msgs/include/ur_dashboard_msgs/srv/detail/get_safety_mode__functions.h
[6.370s] -- Up-to-date symlink: /home/zpw/UR3e-ROS2-resources/install/ur_dashboard_msgs/include/ur_dashboard_msgs/srv/detail/get_safety_mode__struct.h
[6.371s] -- Up-to-date symlink: /home/zpw/UR3e-ROS2-resources/install/ur_dashboard_msgs/include/ur_dashboard_msgs/srv/detail/get_safety_mode__type_support.h
[6.372s] -- Up-to-date symlink: /home/zpw/UR3e-ROS2-resources/install/ur_dashboard_msgs/include/ur_dashboard_msgs/srv/detail/is_program_running__functions.h
[6.374s] -- Up-to-date symlink: /home/zpw/UR3e-ROS2-resources/install/ur_dashboard_msgs/include/ur_dashboard_msgs/srv/detail/is_program_running__struct.h
[6.377s] -- Up-to-date symlink: /home/zpw/UR3e-ROS2-resources/install/ur_dashboard_msgs/include/ur_dashboard_msgs/srv/detail/is_program_running__type_support.h
[6.378s] -- Up-to-date symlink: /home/zpw/UR3e-ROS2-resources/install/ur_dashboard_msgs/include/ur_dashboard_msgs/srv/detail/is_program_saved__functions.h
[6.379s] -- Up-to-date symlink: /home/zpw/UR3e-ROS2-resources/install/ur_dashboard_msgs/include/ur_dashboard_msgs/srv/detail/is_program_saved__struct.h
[6.379s] -- Up-to-date symlink: /home/zpw/UR3e-ROS2-resources/install/ur_dashboard_msgs/include/ur_dashboard_msgs/srv/detail/is_program_saved__type_support.h
[6.379s] -- Up-to-date symlink: /home/zpw/UR3e-ROS2-resources/install/ur_dashboard_msgs/include/ur_dashboard_msgs/srv/detail/load__functions.h
[6.379s] -- Up-to-date symlink: /home/zpw/UR3e-ROS2-resources/install/ur_dashboard_msgs/include/ur_dashboard_msgs/srv/detail/load__struct.h
[6.380s] -- Up-to-date symlink: /home/zpw/UR3e-ROS2-resources/install/ur_dashboard_msgs/include/ur_dashboard_msgs/srv/detail/load__type_support.h
[6.380s] -- Up-to-date symlink: /home/zpw/UR3e-ROS2-resources/install/ur_dashboard_msgs/include/ur_dashboard_msgs/srv/detail/popup__functions.h
[6.380s] -- Up-to-date symlink: /home/zpw/UR3e-ROS2-resources/install/ur_dashboard_msgs/include/ur_dashboard_msgs/srv/detail/popup__struct.h
[6.380s] -- Up-to-date symlink: /home/zpw/UR3e-ROS2-resources/install/ur_dashboard_msgs/include/ur_dashboard_msgs/srv/detail/popup__type_support.h
[6.380s] -- Up-to-date symlink: /home/zpw/UR3e-ROS2-resources/install/ur_dashboard_msgs/include/ur_dashboard_msgs/srv/detail/raw_request__functions.h
[6.380s] -- Up-to-date symlink: /home/zpw/UR3e-ROS2-resources/install/ur_dashboard_msgs/include/ur_dashboard_msgs/srv/detail/raw_request__struct.h
[6.380s] -- Up-to-date symlink: /home/zpw/UR3e-ROS2-resources/install/ur_dashboard_msgs/include/ur_dashboard_msgs/srv/detail/raw_request__type_support.h
[6.380s] -- Up-to-date symlink: /home/zpw/UR3e-ROS2-resources/install/ur_dashboard_msgs/include/ur_dashboard_msgs/srv/get_loaded_program.h
[6.380s] -- Up-to-date symlink: /home/zpw/UR3e-ROS2-resources/install/ur_dashboard_msgs/include/ur_dashboard_msgs/srv/get_program_state.h
[6.380s] -- Up-to-date symlink: /home/zpw/UR3e-ROS2-resources/install/ur_dashboard_msgs/include/ur_dashboard_msgs/srv/get_robot_mode.h
[6.380s] -- Up-to-date symlink: /home/zpw/UR3e-ROS2-resources/install/ur_dashboard_msgs/include/ur_dashboard_msgs/srv/get_safety_mode.h
[6.380s] -- Up-to-date symlink: /home/zpw/UR3e-ROS2-resources/install/ur_dashboard_msgs/include/ur_dashboard_msgs/srv/is_program_running.h
[6.380s] -- Up-to-date symlink: /home/zpw/UR3e-ROS2-resources/install/ur_dashboard_msgs/include/ur_dashboard_msgs/srv/is_program_saved.h
[6.380s] -- Up-to-date symlink: /home/zpw/UR3e-ROS2-resources/install/ur_dashboard_msgs/include/ur_dashboard_msgs/srv/load.h
[6.380s] -- Up-to-date symlink: /home/zpw/UR3e-ROS2-resources/install/ur_dashboard_msgs/include/ur_dashboard_msgs/srv/popup.h
[6.380s] -- Up-to-date symlink: /home/zpw/UR3e-ROS2-resources/install/ur_dashboard_msgs/include/ur_dashboard_msgs/srv/raw_request.h
[6.380s] -- Up-to-date symlink: /home/zpw/UR3e-ROS2-resources/install/ur_dashboard_msgs/share/ur_dashboard_msgs/environment/library_path.sh
[6.381s] -- Up-to-date symlink: /home/zpw/UR3e-ROS2-resources/install/ur_dashboard_msgs/share/ur_dashboard_msgs/environment/library_path.dsv
[6.382s] -- Up-to-date symlink: /home/zpw/UR3e-ROS2-resources/install/ur_dashboard_msgs/include/ur_dashboard_msgs/action/detail/set_mode__rosidl_typesupport_fastrtps_c.h
[6.385s] -- Up-to-date symlink: /home/zpw/UR3e-ROS2-resources/install/ur_dashboard_msgs/include/ur_dashboard_msgs/msg/detail/program_state__rosidl_typesupport_fastrtps_c.h
[6.386s] -- Up-to-date symlink: /home/zpw/UR3e-ROS2-resources/install/ur_dashboard_msgs/include/ur_dashboard_msgs/msg/detail/robot_mode__rosidl_typesupport_fastrtps_c.h
[6.388s] -- Up-to-date symlink: /home/zpw/UR3e-ROS2-resources/install/ur_dashboard_msgs/include/ur_dashboard_msgs/msg/detail/safety_mode__rosidl_typesupport_fastrtps_c.h
[6.390s] -- Up-to-date symlink: /home/zpw/UR3e-ROS2-resources/install/ur_dashboard_msgs/include/ur_dashboard_msgs/msg/rosidl_typesupport_fastrtps_c__visibility_control.h
[6.392s] -- Up-to-date symlink: /home/zpw/UR3e-ROS2-resources/install/ur_dashboard_msgs/include/ur_dashboard_msgs/srv/detail/add_to_log__rosidl_typesupport_fastrtps_c.h
[6.397s] -- Up-to-date symlink: /home/zpw/UR3e-ROS2-resources/install/ur_dashboard_msgs/include/ur_dashboard_msgs/srv/detail/get_loaded_program__rosidl_typesupport_fastrtps_c.h
[6.399s] -- Up-to-date symlink: /home/zpw/UR3e-ROS2-resources/install/ur_dashboard_msgs/include/ur_dashboard_msgs/srv/detail/get_program_state__rosidl_typesupport_fastrtps_c.h
[6.405s] -- Up-to-date symlink: /home/zpw/UR3e-ROS2-resources/install/ur_dashboard_msgs/include/ur_dashboard_msgs/srv/detail/get_robot_mode__rosidl_typesupport_fastrtps_c.h
[6.409s] -- Up-to-date symlink: /home/zpw/UR3e-ROS2-resources/install/ur_dashboard_msgs/include/ur_dashboard_msgs/srv/detail/get_safety_mode__rosidl_typesupport_fastrtps_c.h
[6.413s] -- Up-to-date symlink: /home/zpw/UR3e-ROS2-resources/install/ur_dashboard_msgs/include/ur_dashboard_msgs/srv/detail/is_program_running__rosidl_typesupport_fastrtps_c.h
[6.418s] -- Up-to-date symlink: /home/zpw/UR3e-ROS2-resources/install/ur_dashboard_msgs/include/ur_dashboard_msgs/srv/detail/is_program_saved__rosidl_typesupport_fastrtps_c.h
[6.427s] -- Up-to-date symlink: /home/zpw/UR3e-ROS2-resources/install/ur_dashboard_msgs/include/ur_dashboard_msgs/srv/detail/load__rosidl_typesupport_fastrtps_c.h
[6.429s] -- Up-to-date symlink: /home/zpw/UR3e-ROS2-resources/install/ur_dashboard_msgs/include/ur_dashboard_msgs/srv/detail/popup__rosidl_typesupport_fastrtps_c.h
[6.440s] -- Up-to-date symlink: /home/zpw/UR3e-ROS2-resources/install/ur_dashboard_msgs/include/ur_dashboard_msgs/srv/detail/raw_request__rosidl_typesupport_fastrtps_c.h
[6.443s] -- Up-to-date symlink: /home/zpw/UR3e-ROS2-resources/install/ur_dashboard_msgs/lib/libur_dashboard_msgs__rosidl_typesupport_fastrtps_c.so
[6.444s] -- Up-to-date symlink: /home/zpw/UR3e-ROS2-resources/install/ur_dashboard_msgs/include/ur_dashboard_msgs/action/detail/set_mode__rosidl_typesupport_fastrtps_cpp.hpp
[6.446s] -- Up-to-date symlink: /home/zpw/UR3e-ROS2-resources/install/ur_dashboard_msgs/include/ur_dashboard_msgs/msg/detail/program_state__rosidl_typesupport_fastrtps_cpp.hpp
[6.450s] -- Up-to-date symlink: /home/zpw/UR3e-ROS2-resources/install/ur_dashboard_msgs/include/ur_dashboard_msgs/msg/detail/robot_mode__rosidl_typesupport_fastrtps_cpp.hpp
[6.465s] -- Up-to-date symlink: /home/zpw/UR3e-ROS2-resources/install/ur_dashboard_msgs/include/ur_dashboard_msgs/msg/detail/safety_mode__rosidl_typesupport_fastrtps_cpp.hpp
[6.467s] -- Up-to-date symlink: /home/zpw/UR3e-ROS2-resources/install/ur_dashboard_msgs/include/ur_dashboard_msgs/msg/rosidl_typesupport_fastrtps_cpp__visibility_control.h
[6.467s] -- Up-to-date symlink: /home/zpw/UR3e-ROS2-resources/install/ur_dashboard_msgs/include/ur_dashboard_msgs/srv/detail/add_to_log__rosidl_typesupport_fastrtps_cpp.hpp
[6.468s] -- Up-to-date symlink: /home/zpw/UR3e-ROS2-resources/install/ur_dashboard_msgs/include/ur_dashboard_msgs/srv/detail/get_loaded_program__rosidl_typesupport_fastrtps_cpp.hpp
[6.468s] -- Up-to-date symlink: /home/zpw/UR3e-ROS2-resources/install/ur_dashboard_msgs/include/ur_dashboard_msgs/srv/detail/get_program_state__rosidl_typesupport_fastrtps_cpp.hpp
[6.468s] -- Up-to-date symlink: /home/zpw/UR3e-ROS2-resources/install/ur_dashboard_msgs/include/ur_dashboard_msgs/srv/detail/get_robot_mode__rosidl_typesupport_fastrtps_cpp.hpp
[6.468s] -- Up-to-date symlink: /home/zpw/UR3e-ROS2-resources/install/ur_dashboard_msgs/include/ur_dashboard_msgs/srv/detail/get_safety_mode__rosidl_typesupport_fastrtps_cpp.hpp
[6.468s] -- Up-to-date symlink: /home/zpw/UR3e-ROS2-resources/install/ur_dashboard_msgs/include/ur_dashboard_msgs/srv/detail/is_program_running__rosidl_typesupport_fastrtps_cpp.hpp
[6.468s] -- Up-to-date symlink: /home/zpw/UR3e-ROS2-resources/install/ur_dashboard_msgs/include/ur_dashboard_msgs/srv/detail/is_program_saved__rosidl_typesupport_fastrtps_cpp.hpp
[6.468s] -- Up-to-date symlink: /home/zpw/UR3e-ROS2-resources/install/ur_dashboard_msgs/include/ur_dashboard_msgs/srv/detail/load__rosidl_typesupport_fastrtps_cpp.hpp
[6.468s] -- Up-to-date symlink: /home/zpw/UR3e-ROS2-resources/install/ur_dashboard_msgs/include/ur_dashboard_msgs/srv/detail/popup__rosidl_typesupport_fastrtps_cpp.hpp
[6.468s] -- Up-to-date symlink: /home/zpw/UR3e-ROS2-resources/install/ur_dashboard_msgs/include/ur_dashboard_msgs/srv/detail/raw_request__rosidl_typesupport_fastrtps_cpp.hpp
[6.468s] -- Up-to-date symlink: /home/zpw/UR3e-ROS2-resources/install/ur_dashboard_msgs/lib/libur_dashboard_msgs__rosidl_typesupport_fastrtps_cpp.so
[6.469s] -- Up-to-date symlink: /home/zpw/UR3e-ROS2-resources/install/ur_dashboard_msgs/include/ur_dashboard_msgs/action/detail/set_mode__rosidl_typesupport_introspection_c.h
[6.469s] -- Up-to-date symlink: /home/zpw/UR3e-ROS2-resources/install/ur_dashboard_msgs/include/ur_dashboard_msgs/msg/detail/program_state__rosidl_typesupport_introspection_c.h
[6.469s] -- Up-to-date symlink: /home/zpw/UR3e-ROS2-resources/install/ur_dashboard_msgs/include/ur_dashboard_msgs/msg/detail/robot_mode__rosidl_typesupport_introspection_c.h
[6.470s] -- Up-to-date symlink: /home/zpw/UR3e-ROS2-resources/install/ur_dashboard_msgs/include/ur_dashboard_msgs/msg/detail/safety_mode__rosidl_typesupport_introspection_c.h
[6.470s] -- Up-to-date symlink: /home/zpw/UR3e-ROS2-resources/install/ur_dashboard_msgs/include/ur_dashboard_msgs/msg/rosidl_typesupport_introspection_c__visibility_control.h
[6.472s] -- Up-to-date symlink: /home/zpw/UR3e-ROS2-resources/install/ur_dashboard_msgs/include/ur_dashboard_msgs/srv/detail/add_to_log__rosidl_typesupport_introspection_c.h
[6.472s] -- Up-to-date symlink: /home/zpw/UR3e-ROS2-resources/install/ur_dashboard_msgs/include/ur_dashboard_msgs/srv/detail/get_loaded_program__rosidl_typesupport_introspection_c.h
[6.474s] -- Up-to-date symlink: /home/zpw/UR3e-ROS2-resources/install/ur_dashboard_msgs/include/ur_dashboard_msgs/srv/detail/get_program_state__rosidl_typesupport_introspection_c.h
[6.475s] -- Up-to-date symlink: /home/zpw/UR3e-ROS2-resources/install/ur_dashboard_msgs/include/ur_dashboard_msgs/srv/detail/get_robot_mode__rosidl_typesupport_introspection_c.h
[6.476s] -- Up-to-date symlink: /home/zpw/UR3e-ROS2-resources/install/ur_dashboard_msgs/include/ur_dashboard_msgs/srv/detail/get_safety_mode__rosidl_typesupport_introspection_c.h
[6.480s] -- Up-to-date symlink: /home/zpw/UR3e-ROS2-resources/install/ur_dashboard_msgs/include/ur_dashboard_msgs/srv/detail/is_program_running__rosidl_typesupport_introspection_c.h
[6.503s] -- Up-to-date symlink: /home/zpw/UR3e-ROS2-resources/install/ur_dashboard_msgs/include/ur_dashboard_msgs/srv/detail/is_program_saved__rosidl_typesupport_introspection_c.h
[6.504s] -- Up-to-date symlink: /home/zpw/UR3e-ROS2-resources/install/ur_dashboard_msgs/include/ur_dashboard_msgs/srv/detail/load__rosidl_typesupport_introspection_c.h
[6.506s] -- Up-to-date symlink: /home/zpw/UR3e-ROS2-resources/install/ur_dashboard_msgs/include/ur_dashboard_msgs/srv/detail/popup__rosidl_typesupport_introspection_c.h
[6.508s] -- Up-to-date symlink: /home/zpw/UR3e-ROS2-resources/install/ur_dashboard_msgs/include/ur_dashboard_msgs/srv/detail/raw_request__rosidl_typesupport_introspection_c.h
[6.510s] -- Up-to-date symlink: /home/zpw/UR3e-ROS2-resources/install/ur_dashboard_msgs/include/ur_dashboard_msgs/action/detail/set_mode__builder.hpp
[6.511s] -- Up-to-date symlink: /home/zpw/UR3e-ROS2-resources/install/ur_dashboard_msgs/include/ur_dashboard_msgs/action/detail/set_mode__struct.hpp
[6.512s] -- Up-to-date symlink: /home/zpw/UR3e-ROS2-resources/install/ur_dashboard_msgs/include/ur_dashboard_msgs/action/detail/set_mode__traits.hpp
[6.513s] -- Up-to-date symlink: /home/zpw/UR3e-ROS2-resources/install/ur_dashboard_msgs/include/ur_dashboard_msgs/action/set_mode.hpp
[6.514s] -- Up-to-date symlink: /home/zpw/UR3e-ROS2-resources/install/ur_dashboard_msgs/include/ur_dashboard_msgs/msg/detail/program_state__builder.hpp
[6.519s] -- Up-to-date symlink: /home/zpw/UR3e-ROS2-resources/install/ur_dashboard_msgs/include/ur_dashboard_msgs/msg/detail/program_state__struct.hpp
[6.520s] -- Up-to-date symlink: /home/zpw/UR3e-ROS2-resources/install/ur_dashboard_msgs/include/ur_dashboard_msgs/msg/detail/program_state__traits.hpp
[6.522s] -- Up-to-date symlink: /home/zpw/UR3e-ROS2-resources/install/ur_dashboard_msgs/include/ur_dashboard_msgs/msg/detail/robot_mode__builder.hpp
[6.523s] -- Up-to-date symlink: /home/zpw/UR3e-ROS2-resources/install/ur_dashboard_msgs/include/ur_dashboard_msgs/msg/detail/robot_mode__struct.hpp
[6.524s] -- Up-to-date symlink: /home/zpw/UR3e-ROS2-resources/install/ur_dashboard_msgs/include/ur_dashboard_msgs/msg/detail/robot_mode__traits.hpp
[6.524s] -- Up-to-date symlink: /home/zpw/UR3e-ROS2-resources/install/ur_dashboard_msgs/include/ur_dashboard_msgs/msg/detail/safety_mode__builder.hpp
[6.526s] -- Up-to-date symlink: /home/zpw/UR3e-ROS2-resources/install/ur_dashboard_msgs/include/ur_dashboard_msgs/msg/detail/safety_mode__struct.hpp
[6.527s] -- Up-to-date symlink: /home/zpw/UR3e-ROS2-resources/install/ur_dashboard_msgs/include/ur_dashboard_msgs/msg/detail/safety_mode__traits.hpp
[6.527s] -- Up-to-date symlink: /home/zpw/UR3e-ROS2-resources/install/ur_dashboard_msgs/include/ur_dashboard_msgs/msg/program_state.hpp
[6.528s] -- Up-to-date symlink: /home/zpw/UR3e-ROS2-resources/install/ur_dashboard_msgs/include/ur_dashboard_msgs/msg/robot_mode.hpp
[6.528s] -- Up-to-date symlink: /home/zpw/UR3e-ROS2-resources/install/ur_dashboard_msgs/include/ur_dashboard_msgs/msg/safety_mode.hpp
[6.528s] -- Up-to-date symlink: /home/zpw/UR3e-ROS2-resources/install/ur_dashboard_msgs/include/ur_dashboard_msgs/srv/add_to_log.hpp
[6.528s] -- Up-to-date symlink: /home/zpw/UR3e-ROS2-resources/install/ur_dashboard_msgs/include/ur_dashboard_msgs/srv/detail/add_to_log__builder.hpp
[6.528s] -- Up-to-date symlink: /home/zpw/UR3e-ROS2-resources/install/ur_dashboard_msgs/include/ur_dashboard_msgs/srv/detail/add_to_log__struct.hpp
[6.539s] -- Up-to-date symlink: /home/zpw/UR3e-ROS2-resources/install/ur_dashboard_msgs/include/ur_dashboard_msgs/srv/detail/add_to_log__traits.hpp
[6.543s] -- Up-to-date symlink: /home/zpw/UR3e-ROS2-resources/install/ur_dashboard_msgs/include/ur_dashboard_msgs/srv/detail/get_loaded_program__builder.hpp
[6.543s] -- Up-to-date symlink: /home/zpw/UR3e-ROS2-resources/install/ur_dashboard_msgs/include/ur_dashboard_msgs/srv/detail/get_loaded_program__struct.hpp
[6.543s] -- Up-to-date symlink: /home/zpw/UR3e-ROS2-resources/install/ur_dashboard_msgs/include/ur_dashboard_msgs/srv/detail/get_loaded_program__traits.hpp
[6.544s] -- Up-to-date symlink: /home/zpw/UR3e-ROS2-resources/install/ur_dashboard_msgs/include/ur_dashboard_msgs/srv/detail/get_program_state__builder.hpp
[6.555s] -- Up-to-date symlink: /home/zpw/UR3e-ROS2-resources/install/ur_dashboard_msgs/include/ur_dashboard_msgs/srv/detail/get_program_state__struct.hpp
[6.559s] -- Up-to-date symlink: /home/zpw/UR3e-ROS2-resources/install/ur_dashboard_msgs/include/ur_dashboard_msgs/srv/detail/get_program_state__traits.hpp
[6.562s] -- Up-to-date symlink: /home/zpw/UR3e-ROS2-resources/install/ur_dashboard_msgs/include/ur_dashboard_msgs/srv/detail/get_robot_mode__builder.hpp
[6.563s] -- Up-to-date symlink: /home/zpw/UR3e-ROS2-resources/install/ur_dashboard_msgs/include/ur_dashboard_msgs/srv/detail/get_robot_mode__struct.hpp
[6.564s] -- Up-to-date symlink: /home/zpw/UR3e-ROS2-resources/install/ur_dashboard_msgs/include/ur_dashboard_msgs/srv/detail/get_robot_mode__traits.hpp
[6.565s] -- Up-to-date symlink: /home/zpw/UR3e-ROS2-resources/install/ur_dashboard_msgs/include/ur_dashboard_msgs/srv/detail/get_safety_mode__builder.hpp
[6.569s] -- Up-to-date symlink: /home/zpw/UR3e-ROS2-resources/install/ur_dashboard_msgs/include/ur_dashboard_msgs/srv/detail/get_safety_mode__struct.hpp
[6.578s] -- Up-to-date symlink: /home/zpw/UR3e-ROS2-resources/install/ur_dashboard_msgs/include/ur_dashboard_msgs/srv/detail/get_safety_mode__traits.hpp
[6.580s] -- Up-to-date symlink: /home/zpw/UR3e-ROS2-resources/install/ur_dashboard_msgs/include/ur_dashboard_msgs/srv/detail/is_program_running__builder.hpp
[6.581s] -- Up-to-date symlink: /home/zpw/UR3e-ROS2-resources/install/ur_dashboard_msgs/include/ur_dashboard_msgs/srv/detail/is_program_running__struct.hpp
[6.582s] -- Up-to-date symlink: /home/zpw/UR3e-ROS2-resources/install/ur_dashboard_msgs/include/ur_dashboard_msgs/srv/detail/is_program_running__traits.hpp
[6.587s] -- Up-to-date symlink: /home/zpw/UR3e-ROS2-resources/install/ur_dashboard_msgs/include/ur_dashboard_msgs/srv/detail/is_program_saved__builder.hpp
[6.589s] -- Up-to-date symlink: /home/zpw/UR3e-ROS2-resources/install/ur_dashboard_msgs/include/ur_dashboard_msgs/srv/detail/is_program_saved__struct.hpp
[6.592s] -- Up-to-date symlink: /home/zpw/UR3e-ROS2-resources/install/ur_dashboard_msgs/include/ur_dashboard_msgs/srv/detail/is_program_saved__traits.hpp
[6.594s] -- Up-to-date symlink: /home/zpw/UR3e-ROS2-resources/install/ur_dashboard_msgs/include/ur_dashboard_msgs/srv/detail/load__builder.hpp
[6.595s] -- Up-to-date symlink: /home/zpw/UR3e-ROS2-resources/install/ur_dashboard_msgs/include/ur_dashboard_msgs/srv/detail/load__struct.hpp
[6.596s] -- Up-to-date symlink: /home/zpw/UR3e-ROS2-resources/install/ur_dashboard_msgs/include/ur_dashboard_msgs/srv/detail/load__traits.hpp
[6.599s] -- Up-to-date symlink: /home/zpw/UR3e-ROS2-resources/install/ur_dashboard_msgs/include/ur_dashboard_msgs/srv/detail/popup__builder.hpp
[6.601s] -- Up-to-date symlink: /home/zpw/UR3e-ROS2-resources/install/ur_dashboard_msgs/include/ur_dashboard_msgs/srv/detail/popup__struct.hpp
[6.601s] -- Up-to-date symlink: /home/zpw/UR3e-ROS2-resources/install/ur_dashboard_msgs/include/ur_dashboard_msgs/srv/detail/popup__traits.hpp
[6.602s] -- Up-to-date symlink: /home/zpw/UR3e-ROS2-resources/install/ur_dashboard_msgs/include/ur_dashboard_msgs/srv/detail/raw_request__builder.hpp
[6.602s] -- Up-to-date symlink: /home/zpw/UR3e-ROS2-resources/install/ur_dashboard_msgs/include/ur_dashboard_msgs/srv/detail/raw_request__struct.hpp
[6.602s] -- Up-to-date symlink: /home/zpw/UR3e-ROS2-resources/install/ur_dashboard_msgs/include/ur_dashboard_msgs/srv/detail/raw_request__traits.hpp
[6.602s] -- Up-to-date symlink: /home/zpw/UR3e-ROS2-resources/install/ur_dashboard_msgs/include/ur_dashboard_msgs/srv/get_loaded_program.hpp
[6.602s] -- Up-to-date symlink: /home/zpw/UR3e-ROS2-resources/install/ur_dashboard_msgs/include/ur_dashboard_msgs/srv/get_program_state.hpp
[6.602s] -- Up-to-date symlink: /home/zpw/UR3e-ROS2-resources/install/ur_dashboard_msgs/include/ur_dashboard_msgs/srv/get_robot_mode.hpp
[6.602s] -- Up-to-date symlink: /home/zpw/UR3e-ROS2-resources/install/ur_dashboard_msgs/include/ur_dashboard_msgs/srv/get_safety_mode.hpp
[6.602s] -- Up-to-date symlink: /home/zpw/UR3e-ROS2-resources/install/ur_dashboard_msgs/include/ur_dashboard_msgs/srv/is_program_running.hpp
[6.602s] -- Up-to-date symlink: /home/zpw/UR3e-ROS2-resources/install/ur_dashboard_msgs/include/ur_dashboard_msgs/srv/is_program_saved.hpp
[6.604s] -- Up-to-date symlink: /home/zpw/UR3e-ROS2-resources/install/ur_dashboard_msgs/include/ur_dashboard_msgs/srv/load.hpp
[6.607s] -- Up-to-date symlink: /home/zpw/UR3e-ROS2-resources/install/ur_dashboard_msgs/include/ur_dashboard_msgs/srv/popup.hpp
[6.610s] -- Up-to-date symlink: /home/zpw/UR3e-ROS2-resources/install/ur_dashboard_msgs/include/ur_dashboard_msgs/srv/raw_request.hpp
[6.614s] -- Up-to-date symlink: /home/zpw/UR3e-ROS2-resources/install/ur_dashboard_msgs/include/ur_dashboard_msgs/action/detail/set_mode__rosidl_typesupport_introspection_cpp.hpp
[6.616s] -- Up-to-date symlink: /home/zpw/UR3e-ROS2-resources/install/ur_dashboard_msgs/include/ur_dashboard_msgs/msg/detail/program_state__rosidl_typesupport_introspection_cpp.hpp
[6.616s] -- Up-to-date symlink: /home/zpw/UR3e-ROS2-resources/install/ur_dashboard_msgs/include/ur_dashboard_msgs/msg/detail/robot_mode__rosidl_typesupport_introspection_cpp.hpp
[6.616s] -- Up-to-date symlink: /home/zpw/UR3e-ROS2-resources/install/ur_dashboard_msgs/include/ur_dashboard_msgs/msg/detail/safety_mode__rosidl_typesupport_introspection_cpp.hpp
[6.616s] -- Up-to-date symlink: /home/zpw/UR3e-ROS2-resources/install/ur_dashboard_msgs/include/ur_dashboard_msgs/srv/detail/add_to_log__rosidl_typesupport_introspection_cpp.hpp
[6.616s] -- Up-to-date symlink: /home/zpw/UR3e-ROS2-resources/install/ur_dashboard_msgs/include/ur_dashboard_msgs/srv/detail/get_loaded_program__rosidl_typesupport_introspection_cpp.hpp
[6.616s] -- Up-to-date symlink: /home/zpw/UR3e-ROS2-resources/install/ur_dashboard_msgs/include/ur_dashboard_msgs/srv/detail/get_program_state__rosidl_typesupport_introspection_cpp.hpp
[6.618s] -- Up-to-date symlink: /home/zpw/UR3e-ROS2-resources/install/ur_dashboard_msgs/include/ur_dashboard_msgs/srv/detail/get_robot_mode__rosidl_typesupport_introspection_cpp.hpp
[6.620s] -- Up-to-date symlink: /home/zpw/UR3e-ROS2-resources/install/ur_dashboard_msgs/include/ur_dashboard_msgs/srv/detail/get_safety_mode__rosidl_typesupport_introspection_cpp.hpp
[6.622s] -- Up-to-date symlink: /home/zpw/UR3e-ROS2-resources/install/ur_dashboard_msgs/include/ur_dashboard_msgs/srv/detail/is_program_running__rosidl_typesupport_introspection_cpp.hpp
[6.623s] -- Up-to-date symlink: /home/zpw/UR3e-ROS2-resources/install/ur_dashboard_msgs/include/ur_dashboard_msgs/srv/detail/is_program_saved__rosidl_typesupport_introspection_cpp.hpp
[6.627s] -- Up-to-date symlink: /home/zpw/UR3e-ROS2-resources/install/ur_dashboard_msgs/include/ur_dashboard_msgs/srv/detail/load__rosidl_typesupport_introspection_cpp.hpp
[6.628s] -- Up-to-date symlink: /home/zpw/UR3e-ROS2-resources/install/ur_dashboard_msgs/include/ur_dashboard_msgs/srv/detail/popup__rosidl_typesupport_introspection_cpp.hpp
[6.631s] -- Up-to-date symlink: /home/zpw/UR3e-ROS2-resources/install/ur_dashboard_msgs/include/ur_dashboard_msgs/srv/detail/raw_request__rosidl_typesupport_introspection_cpp.hpp
[6.631s] -- Up-to-date symlink: /home/zpw/UR3e-ROS2-resources/install/ur_dashboard_msgs/share/ur_dashboard_msgs/environment/pythonpath.sh
[6.632s] -- Up-to-date symlink: /home/zpw/UR3e-ROS2-resources/install/ur_dashboard_msgs/share/ur_dashboard_msgs/environment/pythonpath.dsv
[6.632s] -- Up-to-date symlink: /home/zpw/UR3e-ROS2-resources/install/ur_dashboard_msgs/lib/python3.8/site-packages/ur_dashboard_msgs/__init__.py
[6.634s] -- Up-to-date symlink: /home/zpw/UR3e-ROS2-resources/install/ur_dashboard_msgs/lib/python3.8/site-packages/ur_dashboard_msgs/msg/__init__.py
[6.637s] -- Up-to-date symlink: /home/zpw/UR3e-ROS2-resources/install/ur_dashboard_msgs/lib/python3.8/site-packages/ur_dashboard_msgs/msg/_program_state.py
[6.647s] -- Up-to-date symlink: /home/zpw/UR3e-ROS2-resources/install/ur_dashboard_msgs/lib/python3.8/site-packages/ur_dashboard_msgs/msg/_robot_mode.py
[6.647s] -- Up-to-date symlink: /home/zpw/UR3e-ROS2-resources/install/ur_dashboard_msgs/lib/python3.8/site-packages/ur_dashboard_msgs/msg/_safety_mode.py
[6.647s] -- Up-to-date symlink: /home/zpw/UR3e-ROS2-resources/install/ur_dashboard_msgs/lib/python3.8/site-packages/ur_dashboard_msgs/srv/__init__.py
[6.651s] -- Up-to-date symlink: /home/zpw/UR3e-ROS2-resources/install/ur_dashboard_msgs/lib/python3.8/site-packages/ur_dashboard_msgs/srv/_add_to_log.py
[6.657s] -- Up-to-date symlink: /home/zpw/UR3e-ROS2-resources/install/ur_dashboard_msgs/lib/python3.8/site-packages/ur_dashboard_msgs/srv/_get_loaded_program.py
[6.664s] -- Up-to-date symlink: /home/zpw/UR3e-ROS2-resources/install/ur_dashboard_msgs/lib/python3.8/site-packages/ur_dashboard_msgs/srv/_get_program_state.py
[6.669s] -- Up-to-date symlink: /home/zpw/UR3e-ROS2-resources/install/ur_dashboard_msgs/lib/python3.8/site-packages/ur_dashboard_msgs/srv/_get_robot_mode.py
[6.671s] -- Up-to-date symlink: /home/zpw/UR3e-ROS2-resources/install/ur_dashboard_msgs/lib/python3.8/site-packages/ur_dashboard_msgs/srv/_get_safety_mode.py
[6.673s] -- Up-to-date symlink: /home/zpw/UR3e-ROS2-resources/install/ur_dashboard_msgs/lib/python3.8/site-packages/ur_dashboard_msgs/srv/_is_program_running.py
[6.674s] -- Up-to-date symlink: /home/zpw/UR3e-ROS2-resources/install/ur_dashboard_msgs/lib/python3.8/site-packages/ur_dashboard_msgs/srv/_is_program_saved.py
[6.675s] -- Up-to-date symlink: /home/zpw/UR3e-ROS2-resources/install/ur_dashboard_msgs/lib/python3.8/site-packages/ur_dashboard_msgs/srv/_load.py
[6.676s] -- Up-to-date symlink: /home/zpw/UR3e-ROS2-resources/install/ur_dashboard_msgs/lib/python3.8/site-packages/ur_dashboard_msgs/srv/_popup.py
[6.676s] -- Up-to-date symlink: /home/zpw/UR3e-ROS2-resources/install/ur_dashboard_msgs/lib/python3.8/site-packages/ur_dashboard_msgs/srv/_raw_request.py
[6.677s] -- Up-to-date symlink: /home/zpw/UR3e-ROS2-resources/install/ur_dashboard_msgs/lib/python3.8/site-packages/ur_dashboard_msgs/action/__init__.py
[6.681s] -- Up-to-date symlink: /home/zpw/UR3e-ROS2-resources/install/ur_dashboard_msgs/lib/python3.8/site-packages/ur_dashboard_msgs/action/_set_mode.py
[6.684s] -- Up-to-date symlink: /home/zpw/UR3e-ROS2-resources/install/ur_dashboard_msgs/lib/python3.8/site-packages/ur_dashboard_msgs/ur_dashboard_msgs_s__rosidl_typesupport_fastrtps_c.cpython-38-x86_64-linux-gnu.so
[6.687s] -- Up-to-date symlink: /home/zpw/UR3e-ROS2-resources/install/ur_dashboard_msgs/lib/python3.8/site-packages/ur_dashboard_msgs/ur_dashboard_msgs_s__rosidl_typesupport_introspection_c.cpython-38-x86_64-linux-gnu.so
[6.690s] -- Up-to-date symlink: /home/zpw/UR3e-ROS2-resources/install/ur_dashboard_msgs/lib/python3.8/site-packages/ur_dashboard_msgs/ur_dashboard_msgs_s__rosidl_typesupport_c.cpython-38-x86_64-linux-gnu.so
[6.690s] -- Up-to-date symlink: /home/zpw/UR3e-ROS2-resources/install/ur_dashboard_msgs/lib/libur_dashboard_msgs__python.so
[6.690s] -- Up-to-date symlink: /home/zpw/UR3e-ROS2-resources/install/ur_dashboard_msgs/share/ur_dashboard_msgs/msg/ProgramState.idl
[6.699s] -- Up-to-date symlink: /home/zpw/UR3e-ROS2-resources/install/ur_dashboard_msgs/share/ur_dashboard_msgs/msg/RobotMode.idl
[6.700s] -- Up-to-date symlink: /home/zpw/UR3e-ROS2-resources/install/ur_dashboard_msgs/share/ur_dashboard_msgs/msg/SafetyMode.idl
[6.701s] -- Up-to-date symlink: /home/zpw/UR3e-ROS2-resources/install/ur_dashboard_msgs/share/ur_dashboard_msgs/srv/AddToLog.idl
[6.703s] -- Up-to-date symlink: /home/zpw/UR3e-ROS2-resources/install/ur_dashboard_msgs/share/ur_dashboard_msgs/srv/GetLoadedProgram.idl
[6.705s] -- Up-to-date symlink: /home/zpw/UR3e-ROS2-resources/install/ur_dashboard_msgs/share/ur_dashboard_msgs/srv/GetProgramState.idl
[6.705s] -- Up-to-date symlink: /home/zpw/UR3e-ROS2-resources/install/ur_dashboard_msgs/share/ur_dashboard_msgs/srv/GetRobotMode.idl
[6.705s] -- Up-to-date symlink: /home/zpw/UR3e-ROS2-resources/install/ur_dashboard_msgs/share/ur_dashboard_msgs/srv/GetSafetyMode.idl
[6.705s] -- Up-to-date symlink: /home/zpw/UR3e-ROS2-resources/install/ur_dashboard_msgs/share/ur_dashboard_msgs/srv/IsProgramRunning.idl
[6.705s] -- Up-to-date symlink: /home/zpw/UR3e-ROS2-resources/install/ur_dashboard_msgs/share/ur_dashboard_msgs/srv/IsProgramSaved.idl
[6.705s] -- Up-to-date symlink: /home/zpw/UR3e-ROS2-resources/install/ur_dashboard_msgs/share/ur_dashboard_msgs/srv/Load.idl
[6.706s] -- Up-to-date symlink: /home/zpw/UR3e-ROS2-resources/install/ur_dashboard_msgs/share/ur_dashboard_msgs/srv/Popup.idl
[6.709s] -- Up-to-date symlink: /home/zpw/UR3e-ROS2-resources/install/ur_dashboard_msgs/share/ur_dashboard_msgs/srv/RawRequest.idl
[6.712s] -- Up-to-date symlink: /home/zpw/UR3e-ROS2-resources/install/ur_dashboard_msgs/share/ur_dashboard_msgs/action/SetMode.idl
[6.718s] -- Up-to-date symlink: /home/zpw/UR3e-ROS2-resources/install/ur_dashboard_msgs/share/ur_dashboard_msgs/msg/ProgramState.msg
[6.720s] -- Up-to-date symlink: /home/zpw/UR3e-ROS2-resources/install/ur_dashboard_msgs/share/ur_dashboard_msgs/msg/RobotMode.msg
[6.726s] -- Up-to-date symlink: /home/zpw/UR3e-ROS2-resources/install/ur_dashboard_msgs/share/ur_dashboard_msgs/msg/SafetyMode.msg
[6.735s] -- Up-to-date symlink: /home/zpw/UR3e-ROS2-resources/install/ur_dashboard_msgs/share/ur_dashboard_msgs/srv/AddToLog.srv
[6.739s] -- Up-to-date symlink: /home/zpw/UR3e-ROS2-resources/install/ur_dashboard_msgs/share/ur_dashboard_msgs/srv/AddToLog_Request.msg
[6.742s] -- Up-to-date symlink: /home/zpw/UR3e-ROS2-resources/install/ur_dashboard_msgs/share/ur_dashboard_msgs/srv/AddToLog_Response.msg
[6.746s] -- Up-to-date symlink: /home/zpw/UR3e-ROS2-resources/install/ur_dashboard_msgs/share/ur_dashboard_msgs/srv/GetLoadedProgram.srv
[6.748s] -- Up-to-date symlink: /home/zpw/UR3e-ROS2-resources/install/ur_dashboard_msgs/share/ur_dashboard_msgs/srv/GetLoadedProgram_Request.msg
[6.750s] -- Up-to-date symlink: /home/zpw/UR3e-ROS2-resources/install/ur_dashboard_msgs/share/ur_dashboard_msgs/srv/GetLoadedProgram_Response.msg
[6.750s] -- Up-to-date symlink: /home/zpw/UR3e-ROS2-resources/install/ur_dashboard_msgs/share/ur_dashboard_msgs/srv/GetProgramState.srv
[6.752s] -- Up-to-date symlink: /home/zpw/UR3e-ROS2-resources/install/ur_dashboard_msgs/share/ur_dashboard_msgs/srv/GetProgramState_Request.msg
[6.754s] -- Up-to-date symlink: /home/zpw/UR3e-ROS2-resources/install/ur_dashboard_msgs/share/ur_dashboard_msgs/srv/GetProgramState_Response.msg
[6.759s] -- Up-to-date symlink: /home/zpw/UR3e-ROS2-resources/install/ur_dashboard_msgs/share/ur_dashboard_msgs/srv/GetRobotMode.srv
[6.763s] -- Up-to-date symlink: /home/zpw/UR3e-ROS2-resources/install/ur_dashboard_msgs/share/ur_dashboard_msgs/srv/GetRobotMode_Request.msg
[6.763s] -- Up-to-date symlink: /home/zpw/UR3e-ROS2-resources/install/ur_dashboard_msgs/share/ur_dashboard_msgs/srv/GetRobotMode_Response.msg
[6.763s] -- Up-to-date symlink: /home/zpw/UR3e-ROS2-resources/install/ur_dashboard_msgs/share/ur_dashboard_msgs/srv/GetSafetyMode.srv
[6.763s] -- Up-to-date symlink: /home/zpw/UR3e-ROS2-resources/install/ur_dashboard_msgs/share/ur_dashboard_msgs/srv/GetSafetyMode_Request.msg
[6.764s] -- Up-to-date symlink: /home/zpw/UR3e-ROS2-resources/install/ur_dashboard_msgs/share/ur_dashboard_msgs/srv/GetSafetyMode_Response.msg
[6.764s] -- Up-to-date symlink: /home/zpw/UR3e-ROS2-resources/install/ur_dashboard_msgs/share/ur_dashboard_msgs/srv/IsProgramRunning.srv
[6.764s] -- Up-to-date symlink: /home/zpw/UR3e-ROS2-resources/install/ur_dashboard_msgs/share/ur_dashboard_msgs/srv/IsProgramRunning_Request.msg
[6.764s] -- Up-to-date symlink: /home/zpw/UR3e-ROS2-resources/install/ur_dashboard_msgs/share/ur_dashboard_msgs/srv/IsProgramRunning_Response.msg
[6.764s] -- Up-to-date symlink: /home/zpw/UR3e-ROS2-resources/install/ur_dashboard_msgs/share/ur_dashboard_msgs/srv/IsProgramSaved.srv
[6.764s] -- Up-to-date symlink: /home/zpw/UR3e-ROS2-resources/install/ur_dashboard_msgs/share/ur_dashboard_msgs/srv/IsProgramSaved_Request.msg
[6.764s] -- Up-to-date symlink: /home/zpw/UR3e-ROS2-resources/install/ur_dashboard_msgs/share/ur_dashboard_msgs/srv/IsProgramSaved_Response.msg
[6.764s] -- Up-to-date symlink: /home/zpw/UR3e-ROS2-resources/install/ur_dashboard_msgs/share/ur_dashboard_msgs/srv/Load.srv
[6.764s] -- Up-to-date symlink: /home/zpw/UR3e-ROS2-resources/install/ur_dashboard_msgs/share/ur_dashboard_msgs/srv/Load_Request.msg
[6.764s] -- Up-to-date symlink: /home/zpw/UR3e-ROS2-resources/install/ur_dashboard_msgs/share/ur_dashboard_msgs/srv/Load_Response.msg
[6.765s] -- Up-to-date symlink: /home/zpw/UR3e-ROS2-resources/install/ur_dashboard_msgs/share/ur_dashboard_msgs/srv/Popup.srv
[6.766s] -- Up-to-date symlink: /home/zpw/UR3e-ROS2-resources/install/ur_dashboard_msgs/share/ur_dashboard_msgs/srv/Popup_Request.msg
[6.767s] -- Up-to-date symlink: /home/zpw/UR3e-ROS2-resources/install/ur_dashboard_msgs/share/ur_dashboard_msgs/srv/Popup_Response.msg
[6.770s] -- Up-to-date symlink: /home/zpw/UR3e-ROS2-resources/install/ur_dashboard_msgs/share/ur_dashboard_msgs/srv/RawRequest.srv
[6.771s] -- Up-to-date symlink: /home/zpw/UR3e-ROS2-resources/install/ur_dashboard_msgs/share/ur_dashboard_msgs/srv/RawRequest_Request.msg
[6.773s] -- Up-to-date symlink: /home/zpw/UR3e-ROS2-resources/install/ur_dashboard_msgs/share/ur_dashboard_msgs/srv/RawRequest_Response.msg
[6.774s] -- Up-to-date symlink: /home/zpw/UR3e-ROS2-resources/install/ur_dashboard_msgs/share/ur_dashboard_msgs/action/SetMode.action
[6.778s] -- Up-to-date symlink: /home/zpw/UR3e-ROS2-resources/install/ur_dashboard_msgs/share/ament_index/resource_index/package_run_dependencies/ur_dashboard_msgs
[6.792s] -- Up-to-date symlink: /home/zpw/UR3e-ROS2-resources/install/ur_dashboard_msgs/share/ament_index/resource_index/parent_prefix_path/ur_dashboard_msgs
[6.795s] -- Up-to-date symlink: /home/zpw/UR3e-ROS2-resources/install/ur_dashboard_msgs/share/ur_dashboard_msgs/environment/ament_prefix_path.sh
[6.800s] -- Up-to-date symlink: /home/zpw/UR3e-ROS2-resources/install/ur_dashboard_msgs/share/ur_dashboard_msgs/environment/ament_prefix_path.dsv
[6.823s] -- Up-to-date symlink: /home/zpw/UR3e-ROS2-resources/install/ur_dashboard_msgs/share/ur_dashboard_msgs/environment/path.sh
[6.824s] -- Up-to-date symlink: /home/zpw/UR3e-ROS2-resources/install/ur_dashboard_msgs/share/ur_dashboard_msgs/environment/path.dsv
[6.825s] -- Up-to-date symlink: /home/zpw/UR3e-ROS2-resources/install/ur_dashboard_msgs/share/ur_dashboard_msgs/local_setup.bash
[6.826s] -- Up-to-date symlink: /home/zpw/UR3e-ROS2-resources/install/ur_dashboard_msgs/share/ur_dashboard_msgs/local_setup.sh
[6.828s] -- Up-to-date symlink: /home/zpw/UR3e-ROS2-resources/install/ur_dashboard_msgs/share/ur_dashboard_msgs/local_setup.zsh
[6.829s] -- Up-to-date symlink: /home/zpw/UR3e-ROS2-resources/install/ur_dashboard_msgs/share/ur_dashboard_msgs/local_setup.dsv
[6.830s] -- Symlinking: /home/zpw/UR3e-ROS2-resources/install/ur_dashboard_msgs/share/ur_dashboard_msgs/package.dsv
[6.846s] -- Up-to-date symlink: /home/zpw/UR3e-ROS2-resources/install/ur_dashboard_msgs/share/ament_index/resource_index/packages/ur_dashboard_msgs
[6.852s] -- Up-to-date symlink: /home/zpw/UR3e-ROS2-resources/install/ur_dashboard_msgs/share/ur_dashboard_msgs/cmake/rosidl_cmake-extras.cmake
[6.866s] -- Up-to-date symlink: /home/zpw/UR3e-ROS2-resources/install/ur_dashboard_msgs/share/ur_dashboard_msgs/cmake/ament_cmake_export_dependencies-extras.cmake
[6.867s] -- Up-to-date symlink: /home/zpw/UR3e-ROS2-resources/install/ur_dashboard_msgs/share/ur_dashboard_msgs/cmake/ament_cmake_export_libraries-extras.cmake
[6.867s] -- Up-to-date symlink: /home/zpw/UR3e-ROS2-resources/install/ur_dashboard_msgs/share/ur_dashboard_msgs/cmake/ament_cmake_export_targets-extras.cmake
[6.867s] -- Up-to-date symlink: /home/zpw/UR3e-ROS2-resources/install/ur_dashboard_msgs/share/ur_dashboard_msgs/cmake/ament_cmake_export_include_directories-extras.cmake
[6.867s] -- Up-to-date symlink: /home/zpw/UR3e-ROS2-resources/install/ur_dashboard_msgs/share/ur_dashboard_msgs/cmake/rosidl_cmake_export_typesupport_libraries-extras.cmake
[6.868s] -- Up-to-date symlink: /home/zpw/UR3e-ROS2-resources/install/ur_dashboard_msgs/share/ur_dashboard_msgs/cmake/rosidl_cmake_export_typesupport_targets-extras.cmake
[6.868s] -- Up-to-date symlink: /home/zpw/UR3e-ROS2-resources/install/ur_dashboard_msgs/share/ur_dashboard_msgs/cmake/ur_dashboard_msgsConfig.cmake
[6.870s] -- Up-to-date symlink: /home/zpw/UR3e-ROS2-resources/install/ur_dashboard_msgs/share/ur_dashboard_msgs/cmake/ur_dashboard_msgsConfig-version.cmake
[6.871s] -- Up-to-date symlink: /home/zpw/UR3e-ROS2-resources/install/ur_dashboard_msgs/share/ur_dashboard_msgs/package.xml
[6.872s] -- Up-to-date: /home/zpw/UR3e-ROS2-resources/install/ur_dashboard_msgs/lib/libur_dashboard_msgs__rosidl_generator_c.so
[6.879s] -- Up-to-date: /home/zpw/UR3e-ROS2-resources/install/ur_dashboard_msgs/lib/libur_dashboard_msgs__rosidl_typesupport_introspection_c.so
[6.883s] -- Up-to-date: /home/zpw/UR3e-ROS2-resources/install/ur_dashboard_msgs/lib/libur_dashboard_msgs__rosidl_typesupport_c.so
[6.884s] -- Up-to-date: /home/zpw/UR3e-ROS2-resources/install/ur_dashboard_msgs/lib/libur_dashboard_msgs__rosidl_typesupport_introspection_cpp.so
[6.885s] -- Up-to-date: /home/zpw/UR3e-ROS2-resources/install/ur_dashboard_msgs/lib/libur_dashboard_msgs__rosidl_typesupport_cpp.so
[6.893s] -- Up-to-date: /home/zpw/UR3e-ROS2-resources/install/ur_dashboard_msgs/share/ur_dashboard_msgs/cmake/ur_dashboard_msgs__rosidl_generator_cExport.cmake
[6.895s] -- Up-to-date: /home/zpw/UR3e-ROS2-resources/install/ur_dashboard_msgs/share/ur_dashboard_msgs/cmake/ur_dashboard_msgs__rosidl_generator_cExport-noconfig.cmake
[6.897s] -- Up-to-date: /home/zpw/UR3e-ROS2-resources/install/ur_dashboard_msgs/share/ur_dashboard_msgs/cmake/ur_dashboard_msgs__rosidl_typesupport_introspection_cExport.cmake
[6.897s] -- Up-to-date: /home/zpw/UR3e-ROS2-resources/install/ur_dashboard_msgs/share/ur_dashboard_msgs/cmake/ur_dashboard_msgs__rosidl_typesupport_introspection_cExport-noconfig.cmake
[6.897s] -- Up-to-date: /home/zpw/UR3e-ROS2-resources/install/ur_dashboard_msgs/share/ur_dashboard_msgs/cmake/ur_dashboard_msgs__rosidl_typesupport_cExport.cmake
[6.897s] -- Up-to-date: /home/zpw/UR3e-ROS2-resources/install/ur_dashboard_msgs/share/ur_dashboard_msgs/cmake/ur_dashboard_msgs__rosidl_typesupport_cExport-noconfig.cmake
[6.897s] -- Up-to-date: /home/zpw/UR3e-ROS2-resources/install/ur_dashboard_msgs/share/ur_dashboard_msgs/cmake/ur_dashboard_msgs__rosidl_generator_cppExport.cmake
[6.897s] -- Up-to-date: /home/zpw/UR3e-ROS2-resources/install/ur_dashboard_msgs/share/ur_dashboard_msgs/cmake/ur_dashboard_msgs__rosidl_typesupport_introspection_cppExport.cmake
[6.897s] -- Up-to-date: /home/zpw/UR3e-ROS2-resources/install/ur_dashboard_msgs/share/ur_dashboard_msgs/cmake/ur_dashboard_msgs__rosidl_typesupport_introspection_cppExport-noconfig.cmake
[6.897s] -- Up-to-date: /home/zpw/UR3e-ROS2-resources/install/ur_dashboard_msgs/share/ur_dashboard_msgs/cmake/ur_dashboard_msgs__rosidl_typesupport_cppExport.cmake
[6.898s] -- Up-to-date: /home/zpw/UR3e-ROS2-resources/install/ur_dashboard_msgs/share/ur_dashboard_msgs/cmake/ur_dashboard_msgs__rosidl_typesupport_cppExport-noconfig.cmake
[6.917s] Invoked command in '/home/zpw/UR3e-ROS2-resources/build/ur_dashboard_msgs' returned '0': CMAKE_PREFIX_PATH=${CMAKE_PREFIX_PATH}:/home/zpw/UR3e-ROS2-resources/install/vr_connector:/home/zpw/UR3e-ROS2-resources/install/unity_robotics_demo:/home/zpw/UR3e-ROS2-resources/install/ros_tcp_endpoint:/opt/ros/foxy /usr/bin/cmake --install /home/zpw/UR3e-ROS2-resources/build/ur_dashboard_msgs
