[0.023s] Invoking command in '/home/bofengluo/ros2_ws/build/ros1_bridge': CMAKE_PREFIX_PATH=/home/bofengluo/ros2_ws/install/custom_msgs:/home/bofengluo/ros2_ws/install/pubsub:/home/bofengluo/ros2_ws/install/custom_msg_ros2:/home/bofengluo/catkin_ws/devel:/opt/ros/noetic:/home/bofengluo/ros2_foxy/ros2-linux /usr/bin/cmake /home/bofengluo/ros2_ws/src/ros1_bridge -DCMAKE_INSTALL_PREFIX=/home/bofengluo/ros2_ws/install/ros1_bridge
[0.036s] -- Found rmw: 1.0.3 (/home/bofengluo/ros2_foxy/ros2-linux/share/rmw/cmake)
[0.064s] -- Found PythonInterp: /usr/bin/python3 (found suitable version "3.8.10", minimum required is "3") 
[0.065s] -- Using PYTHON_EXECUTABLE: /usr/bin/python3
[0.264s] -- Found rclcpp: 2.4.1 (/home/bofengluo/ros2_foxy/ros2-linux/share/rclcpp/cmake)
[0.275s] -- Using all available rosidl_typesupport_c: rosidl_typesupport_connext_c;rosidl_typesupport_fastrtps_c;rosidl_typesupport_introspection_c
[0.279s] -- Found rosidl_adapter: 1.2.1 (/home/bofengluo/ros2_foxy/ros2-linux/share/rosidl_adapter/cmake)
[0.299s] -- Could not find RTI Connext - skipping rosidl_typesupport_connext_c
[0.304s] -- Could not find RTI Connext - skipping rosidl_typesupport_connext_cpp
[0.434s] -- Using all available rosidl_typesupport_cpp: rosidl_typesupport_connext_cpp;rosidl_typesupport_fastrtps_cpp;rosidl_typesupport_introspection_cpp
[0.479s] -- Found rmw_implementation_cmake: 1.0.3 (/home/bofengluo/ros2_foxy/ros2-linux/share/rmw_implementation_cmake/cmake)
[0.480s] -- Using RMW implementation 'rmw_fastrtps_cpp' as default
[1.469s] -- Found ament_lint_auto: 0.9.6 (/home/bofengluo/ros2_foxy/ros2-linux/share/ament_lint_auto/cmake)
[1.574s] -- Found python_cmake_module: 0.8.1 (/home/bofengluo/ros2_foxy/ros2-linux/share/python_cmake_module/cmake)
[1.598s] -- Found PythonInterp: /usr/bin/python3 (found suitable version "3.8.10", minimum required is "3.5") 
[1.603s] -- Using PYTHON_EXECUTABLE: /usr/bin/python3
[1.603s] -- Using PYTHON_INCLUDE_DIRS: /usr/include/python3.8
[1.603s] -- Using PYTHON_LIBRARIES: /usr/lib/x86_64-linux-gnu/libpython3.8.so
[1.626s] CMake Error at CMakeLists.txt:75 (message):
[1.627s]   Failed to find ROS 2 package 'diagnostic_msgs'
[1.627s] 
[1.627s] 
[1.628s] -- Configuring incomplete, errors occurred!
[1.628s] See also "/home/bofengluo/ros2_ws/build/ros1_bridge/CMakeFiles/CMakeOutput.log".
[1.628s] See also "/home/bofengluo/ros2_ws/build/ros1_bridge/CMakeFiles/CMakeError.log".
[1.636s] Invoked command in '/home/bofengluo/ros2_ws/build/ros1_bridge' returned '1': CMAKE_PREFIX_PATH=/home/bofengluo/ros2_ws/install/custom_msgs:/home/bofengluo/ros2_ws/install/pubsub:/home/bofengluo/ros2_ws/install/custom_msg_ros2:/home/bofengluo/catkin_ws/devel:/opt/ros/noetic:/home/bofengluo/ros2_foxy/ros2-linux /usr/bin/cmake /home/bofengluo/ros2_ws/src/ros1_bridge -DCMAKE_INSTALL_PREFIX=/home/bofengluo/ros2_ws/install/ros1_bridge
