[0.044s] Invoking command in '/home/zpw/UR3e-ROS2-resources/build/ur3e_tutorials': AMENT_PREFIX_PATH=/home/zpw/UR3e-ROS2-resources/install/moveit_visual_tools:/home/zpw/UR3e-ROS2-resources/install/rviz_visual_tools:${AMENT_PREFIX_PATH} CMAKE_PREFIX_PATH=/home/zpw/UR3e-ROS2-resources/install/moveit_visual_tools:/home/zpw/UR3e-ROS2-resources/install/rviz_visual_tools:/opt/ros/foxy LD_LIBRARY_PATH=/home/zpw/UR3e-ROS2-resources/install/moveit_visual_tools/lib:/home/zpw/UR3e-ROS2-resources/install/rviz_visual_tools/lib:${LD_LIBRARY_PATH} /usr/bin/cmake --build /home/zpw/UR3e-ROS2-resources/build/ur3e_tutorials -- -j16 -l16
[0.150s] [100%] Built target move_group_interface_tutorial
[0.175s] Invoked command in '/home/zpw/UR3e-ROS2-resources/build/ur3e_tutorials' returned '0': AMENT_PREFIX_PATH=/home/zpw/UR3e-ROS2-resources/install/moveit_visual_tools:/home/zpw/UR3e-ROS2-resources/install/rviz_visual_tools:${AMENT_PREFIX_PATH} CMAKE_PREFIX_PATH=/home/zpw/UR3e-ROS2-resources/install/moveit_visual_tools:/home/zpw/UR3e-ROS2-resources/install/rviz_visual_tools:/opt/ros/foxy LD_LIBRARY_PATH=/home/zpw/UR3e-ROS2-resources/install/moveit_visual_tools/lib:/home/zpw/UR3e-ROS2-resources/install/rviz_visual_tools/lib:${LD_LIBRARY_PATH} /usr/bin/cmake --build /home/zpw/UR3e-ROS2-resources/build/ur3e_tutorials -- -j16 -l16
[0.218s] Invoking command in '/home/zpw/UR3e-ROS2-resources/build/ur3e_tutorials': AMENT_PREFIX_PATH=/home/zpw/UR3e-ROS2-resources/install/moveit_visual_tools:/home/zpw/UR3e-ROS2-resources/install/rviz_visual_tools:${AMENT_PREFIX_PATH} CMAKE_PREFIX_PATH=/home/zpw/UR3e-ROS2-resources/install/moveit_visual_tools:/home/zpw/UR3e-ROS2-resources/install/rviz_visual_tools:/opt/ros/foxy LD_LIBRARY_PATH=/home/zpw/UR3e-ROS2-resources/install/moveit_visual_tools/lib:/home/zpw/UR3e-ROS2-resources/install/rviz_visual_tools/lib:${LD_LIBRARY_PATH} /usr/bin/cmake --install /home/zpw/UR3e-ROS2-resources/build/ur3e_tutorials
[0.224s] -- Install configuration: "Release"
[0.224s] -- Execute custom install script
[0.225s] -- Up-to-date symlink: /home/zpw/UR3e-ROS2-resources/install/ur3e_tutorials/share/ur3e_tutorials/launch/move_group_interface_tutorial.launch.py
[0.226s] -- Up-to-date symlink: /home/zpw/UR3e-ROS2-resources/install/ur3e_tutorials/lib/ur3e_tutorials/move_group_interface_tutorial
[0.226s] -- Up-to-date symlink: /home/zpw/UR3e-ROS2-resources/install/ur3e_tutorials/share/ament_index/resource_index/package_run_dependencies/ur3e_tutorials
[0.227s] -- Up-to-date symlink: /home/zpw/UR3e-ROS2-resources/install/ur3e_tutorials/share/ament_index/resource_index/parent_prefix_path/ur3e_tutorials
[0.227s] -- Up-to-date symlink: /home/zpw/UR3e-ROS2-resources/install/ur3e_tutorials/share/ur3e_tutorials/environment/ament_prefix_path.sh
[0.228s] -- Up-to-date symlink: /home/zpw/UR3e-ROS2-resources/install/ur3e_tutorials/share/ur3e_tutorials/environment/ament_prefix_path.dsv
[0.228s] -- Up-to-date symlink: /home/zpw/UR3e-ROS2-resources/install/ur3e_tutorials/share/ur3e_tutorials/environment/path.sh
[0.228s] -- Up-to-date symlink: /home/zpw/UR3e-ROS2-resources/install/ur3e_tutorials/share/ur3e_tutorials/environment/path.dsv
[0.228s] -- Up-to-date symlink: /home/zpw/UR3e-ROS2-resources/install/ur3e_tutorials/share/ur3e_tutorials/local_setup.bash
[0.229s] -- Up-to-date symlink: /home/zpw/UR3e-ROS2-resources/install/ur3e_tutorials/share/ur3e_tutorials/local_setup.sh
[0.229s] -- Up-to-date symlink: /home/zpw/UR3e-ROS2-resources/install/ur3e_tutorials/share/ur3e_tutorials/local_setup.zsh
[0.230s] -- Up-to-date symlink: /home/zpw/UR3e-ROS2-resources/install/ur3e_tutorials/share/ur3e_tutorials/local_setup.dsv
[0.231s] -- Symlinking: /home/zpw/UR3e-ROS2-resources/install/ur3e_tutorials/share/ur3e_tutorials/package.dsv
[0.241s] -- Up-to-date symlink: /home/zpw/UR3e-ROS2-resources/install/ur3e_tutorials/share/ament_index/resource_index/packages/ur3e_tutorials
[0.241s] -- Up-to-date symlink: /home/zpw/UR3e-ROS2-resources/install/ur3e_tutorials/share/ur3e_tutorials/cmake/ur3e_tutorialsConfig.cmake
[0.241s] -- Up-to-date symlink: /home/zpw/UR3e-ROS2-resources/install/ur3e_tutorials/share/ur3e_tutorials/cmake/ur3e_tutorialsConfig-version.cmake
[0.241s] -- Up-to-date symlink: /home/zpw/UR3e-ROS2-resources/install/ur3e_tutorials/share/ur3e_tutorials/package.xml
[0.261s] Invoked command in '/home/zpw/UR3e-ROS2-resources/build/ur3e_tutorials' returned '0': AMENT_PREFIX_PATH=/home/zpw/UR3e-ROS2-resources/install/moveit_visual_tools:/home/zpw/UR3e-ROS2-resources/install/rviz_visual_tools:${AMENT_PREFIX_PATH} CMAKE_PREFIX_PATH=/home/zpw/UR3e-ROS2-resources/install/moveit_visual_tools:/home/zpw/UR3e-ROS2-resources/install/rviz_visual_tools:/opt/ros/foxy LD_LIBRARY_PATH=/home/zpw/UR3e-ROS2-resources/install/moveit_visual_tools/lib:/home/zpw/UR3e-ROS2-resources/install/rviz_visual_tools/lib:${LD_LIBRARY_PATH} /usr/bin/cmake --install /home/zpw/UR3e-ROS2-resources/build/ur3e_tutorials
