[1.795s] Invoking command in '/home/zpw/UR3e-ROS2-resources/src/ROS-TCP-Endpoint': PYTHONPATH=/home/zpw/UR3e-ROS2-resources/install/ros_tcp_endpoint/lib/python3.8/site-packages:${PYTHONPATH} /usr/bin/python3 setup.py egg_info --egg-base ../../build/ros_tcp_endpoint build --build-base /home/zpw/UR3e-ROS2-resources/build/ros_tcp_endpoint/build install --prefix /home/zpw/UR3e-ROS2-resources/install/ros_tcp_endpoint --record /home/zpw/UR3e-ROS2-resources/build/ros_tcp_endpoint/install.log --single-version-externally-managed
[2.127s] running egg_info
[2.127s] writing ../../build/ros_tcp_endpoint/ros_tcp_endpoint.egg-info/PKG-INFO
[2.128s] writing dependency_links to ../../build/ros_tcp_endpoint/ros_tcp_endpoint.egg-info/dependency_links.txt
[2.128s] writing entry points to ../../build/ros_tcp_endpoint/ros_tcp_endpoint.egg-info/entry_points.txt
[2.128s] writing requirements to ../../build/ros_tcp_endpoint/ros_tcp_endpoint.egg-info/requires.txt
[2.129s] writing top-level names to ../../build/ros_tcp_endpoint/ros_tcp_endpoint.egg-info/top_level.txt
[2.171s] reading manifest file '../../build/ros_tcp_endpoint/ros_tcp_endpoint.egg-info/SOURCES.txt'
[2.171s] writing manifest file '../../build/ros_tcp_endpoint/ros_tcp_endpoint.egg-info/SOURCES.txt'
[2.172s] running build
[2.172s] running build_py
[2.172s] running install
[2.181s] running install_lib
[2.182s] running install_data
[2.182s] running install_egg_info
[2.183s] removing '/home/zpw/UR3e-ROS2-resources/install/ros_tcp_endpoint/lib/python3.8/site-packages/ros_tcp_endpoint-0.0.1-py3.8.egg-info' (and everything under it)
[2.183s] Copying ../../build/ros_tcp_endpoint/ros_tcp_endpoint.egg-info to /home/zpw/UR3e-ROS2-resources/install/ros_tcp_endpoint/lib/python3.8/site-packages/ros_tcp_endpoint-0.0.1-py3.8.egg-info
[2.183s] running install_scripts
[2.210s] Installing default_server_endpoint script to /home/zpw/UR3e-ROS2-resources/install/ros_tcp_endpoint/lib/ros_tcp_endpoint
[2.211s] writing list of installed files to '/home/zpw/UR3e-ROS2-resources/build/ros_tcp_endpoint/install.log'
[2.253s] Invoked command in '/home/zpw/UR3e-ROS2-resources/src/ROS-TCP-Endpoint' returned '0': PYTHONPATH=/home/zpw/UR3e-ROS2-resources/install/ros_tcp_endpoint/lib/python3.8/site-packages:${PYTHONPATH} /usr/bin/python3 setup.py egg_info --egg-base ../../build/ros_tcp_endpoint build --build-base /home/zpw/UR3e-ROS2-resources/build/ros_tcp_endpoint/build install --prefix /home/zpw/UR3e-ROS2-resources/install/ros_tcp_endpoint --record /home/zpw/UR3e-ROS2-resources/build/ros_tcp_endpoint/install.log --single-version-externally-managed
