[0.022s] Invoking command in '/home/bofengluo/ros2_ws/build/custom_msgs': /usr/bin/cmake /home/bofengluo/ros2_ws/src/custom_msgs -DCMAKE_INSTALL_PREFIX=/home/bofengluo/ros2_ws/install/custom_msgs
[0.124s] -- The C compiler identification is GNU 9.4.0
[0.208s] -- The CXX compiler identification is GNU 9.4.0
[0.217s] -- Check for working C compiler: /usr/bin/cc
[0.293s] -- Check for working C compiler: /usr/bin/cc -- works
[0.295s] -- Detecting C compiler ABI info
[0.382s] -- Detecting C compiler ABI info - done
[0.403s] -- Detecting C compile features
[0.404s] -- Detecting C compile features - done
[0.406s] -- Check for working CXX compiler: /usr/bin/c++
[0.509s] -- Check for working CXX compiler: /usr/bin/c++ -- works
[0.511s] -- Detecting CXX compiler ABI info
[0.611s] -- Detecting CXX compiler ABI info - done
[0.628s] -- Detecting CXX compile features
[0.629s] -- Detecting CXX compile features - done
[0.635s] -- Found ament_cmake: 0.9.9 (/home/bofengluo/ros2_foxy/ros2-linux/share/ament_cmake/cmake)
[0.663s] -- Found PythonInterp: /usr/bin/python3 (found suitable version "3.8.10", minimum required is "3") 
[0.664s] -- Using PYTHON_EXECUTABLE: /usr/bin/python3
[0.883s] -- Found builtin_interfaces: 1.0.0 (/home/bofengluo/ros2_foxy/ros2-linux/share/builtin_interfaces/cmake)
[0.911s] -- Using all available rosidl_typesupport_c: rosidl_typesupport_connext_c;rosidl_typesupport_fastrtps_c;rosidl_typesupport_introspection_c
[0.918s] -- Found rosidl_adapter: 1.2.1 (/home/bofengluo/ros2_foxy/ros2-linux/share/rosidl_adapter/cmake)
[0.941s] -- Could not find RTI Connext - skipping rosidl_typesupport_connext_c
[0.954s] -- Could not find RTI Connext - skipping rosidl_typesupport_connext_cpp
[1.097s] -- Found OpenSSL: /usr/lib/x86_64-linux-gnu/libcrypto.so (found version "1.1.1f")  
[1.131s] -- Found FastRTPS: /home/bofengluo/ros2_foxy/ros2-linux/include  
[1.224s] -- Using all available rosidl_typesupport_cpp: rosidl_typesupport_connext_cpp;rosidl_typesupport_fastrtps_cpp;rosidl_typesupport_introspection_cpp
[1.253s] -- Found rosidl_default_generators: 1.0.1 (/home/bofengluo/ros2_foxy/ros2-linux/share/rosidl_default_generators/cmake)
[1.287s] -- Found PythonInterp: /usr/bin/python3 (found version "3.8.10") 
[1.409s] -- Found ament_cmake_ros: 0.9.2 (/home/bofengluo/ros2_foxy/ros2-linux/share/ament_cmake_ros/cmake)
[1.520s] -- Using all available rosidl_typesupport_c: rosidl_typesupport_connext_c;rosidl_typesupport_fastrtps_c;rosidl_typesupport_introspection_c
[1.531s] -- Using all available rosidl_typesupport_cpp: rosidl_typesupport_connext_cpp;rosidl_typesupport_fastrtps_cpp;rosidl_typesupport_introspection_cpp
[1.556s] -- Found PythonInterp: /usr/bin/python3 (found suitable version "3.8.10", minimum required is "3.5") 
[1.559s] -- Found python_cmake_module: 0.8.1 (/home/bofengluo/ros2_foxy/ros2-linux/share/python_cmake_module/cmake)
[1.593s] -- Found PythonLibs: /usr/lib/x86_64-linux-gnu/libpython3.8.so (found suitable version "3.8.10", minimum required is "3.5") 
[1.593s] -- Using PYTHON_EXECUTABLE: /usr/bin/python3
[1.594s] -- Using PYTHON_INCLUDE_DIRS: /usr/include/python3.8
[1.594s] -- Using PYTHON_LIBRARIES: /usr/lib/x86_64-linux-gnu/libpython3.8.so
[1.615s] -- Found PythonExtra: .so  
[1.673s] -- Configuring done
[1.703s] -- Generating done
[1.705s] -- Build files have been written to: /home/bofengluo/ros2_ws/build/custom_msgs
[1.711s] Invoked command in '/home/bofengluo/ros2_ws/build/custom_msgs' returned '0': /usr/bin/cmake /home/bofengluo/ros2_ws/src/custom_msgs -DCMAKE_INSTALL_PREFIX=/home/bofengluo/ros2_ws/install/custom_msgs
[1.716s] Invoking command in '/home/bofengluo/ros2_ws/build/custom_msgs': /usr/bin/cmake --build /home/bofengluo/ros2_ws/build/custom_msgs -- -j16 -l16
[1.769s] [  3%] [34m[1mGenerating C code for ROS interfaces[0m
[1.773s] [35m[1mScanning dependencies of target custom_msgs__cpp[0m
[1.789s] [  6%] [34m[1mGenerating C++ code for ROS interfaces[0m
[2.000s] [35m[1mScanning dependencies of target custom_msgs__rosidl_generator_c[0m
[2.001s] [  6%] Built target custom_msgs__cpp
[2.013s] [ 12%] [32mBuilding C object CMakeFiles/custom_msgs__rosidl_generator_c.dir/rosidl_generator_c/custom_msgs/msg/detail/test_foxy__functions.c.o[0m
[2.013s] [ 12%] [34m[1mGenerating C++ type support dispatch for ROS interfaces[0m
[2.014s] [ 16%] [34m[1mGenerating C++ introspection for ROS interfaces[0m
[2.016s] [ 19%] [34m[1mGenerating C++ type support for eProsima Fast-RTPS[0m
[2.051s] [ 22%] [32m[1mLinking C shared library libcustom_msgs__rosidl_generator_c.so[0m
[2.096s] [ 22%] Built target custom_msgs__rosidl_generator_c
[2.109s] [ 25%] [34m[1mGenerating C type support dispatch for ROS interfaces[0m
[2.110s] [ 29%] [34m[1mGenerating C introspection for ROS interfaces[0m
[2.177s] [35m[1mScanning dependencies of target custom_msgs__rosidl_typesupport_cpp[0m
[2.191s] [ 32%] [32mBuilding CXX object CMakeFiles/custom_msgs__rosidl_typesupport_cpp.dir/rosidl_typesupport_cpp/custom_msgs/msg/test_foxy__type_support.cpp.o[0m
[2.205s] [35m[1mScanning dependencies of target custom_msgs__rosidl_typesupport_introspection_cpp[0m
[2.216s] [ 35%] [32mBuilding CXX object CMakeFiles/custom_msgs__rosidl_typesupport_introspection_cpp.dir/rosidl_typesupport_introspection_cpp/custom_msgs/msg/detail/test_foxy__type_support.cpp.o[0m
[2.218s] [35m[1mScanning dependencies of target custom_msgs__rosidl_typesupport_fastrtps_cpp[0m
[2.238s] [ 38%] [32mBuilding CXX object CMakeFiles/custom_msgs__rosidl_typesupport_fastrtps_cpp.dir/rosidl_typesupport_fastrtps_cpp/custom_msgs/msg/detail/dds_fastrtps/test_foxy__type_support.cpp.o[0m
[2.289s] [35m[1mScanning dependencies of target custom_msgs__rosidl_typesupport_c[0m
[2.308s] [ 41%] [32mBuilding CXX object CMakeFiles/custom_msgs__rosidl_typesupport_c.dir/rosidl_typesupport_c/custom_msgs/msg/test_foxy__type_support.cpp.o[0m
[2.309s] [35m[1mScanning dependencies of target custom_msgs__rosidl_typesupport_introspection_c[0m
[2.326s] [ 45%] [32mBuilding C object CMakeFiles/custom_msgs__rosidl_typesupport_introspection_c.dir/rosidl_typesupport_introspection_c/custom_msgs/msg/detail/test_foxy__type_support.c.o[0m
[2.344s] [ 48%] [32m[1mLinking CXX shared library libcustom_msgs__rosidl_typesupport_c.so[0m
[2.359s] [ 51%] [32m[1mLinking C shared library libcustom_msgs__rosidl_typesupport_introspection_c.so[0m
[2.392s] [ 51%] Built target custom_msgs__rosidl_typesupport_c
[2.394s] [ 51%] Built target custom_msgs__rosidl_typesupport_introspection_c
[2.451s] [ 54%] [32m[1mLinking CXX shared library libcustom_msgs__rosidl_typesupport_cpp.so[0m
[2.458s] [ 58%] [32m[1mLinking CXX shared library libcustom_msgs__rosidl_typesupport_introspection_cpp.so[0m
[2.499s] [ 58%] Built target custom_msgs__rosidl_typesupport_cpp
[2.537s] [ 58%] Built target custom_msgs__rosidl_typesupport_introspection_cpp
[2.634s] [ 61%] [32m[1mLinking CXX shared library libcustom_msgs__rosidl_typesupport_fastrtps_cpp.so[0m
[2.738s] [ 61%] Built target custom_msgs__rosidl_typesupport_fastrtps_cpp
[2.748s] [ 64%] [34m[1mGenerating C type support for eProsima Fast-RTPS[0m
[2.942s] [35m[1mScanning dependencies of target custom_msgs__rosidl_typesupport_fastrtps_c[0m
[2.959s] [ 67%] [32mBuilding CXX object CMakeFiles/custom_msgs__rosidl_typesupport_fastrtps_c.dir/rosidl_typesupport_fastrtps_c/custom_msgs/msg/detail/test_foxy__type_support_c.cpp.o[0m
[3.253s] [ 70%] [32m[1mLinking CXX shared library libcustom_msgs__rosidl_typesupport_fastrtps_c.so[0m
[3.349s] [ 70%] Built target custom_msgs__rosidl_typesupport_fastrtps_c
[3.362s] [35m[1mScanning dependencies of target custom_msgs[0m
[3.378s] [ 70%] Built target custom_msgs
[3.393s] [35m[1mScanning dependencies of target custom_msgs__py[0m
[3.411s] [ 74%] [34m[1mGenerating Python code for ROS interfaces[0m
[3.775s] [ 74%] Built target custom_msgs__py
[3.787s] [35m[1mScanning dependencies of target custom_msgs__python[0m
[3.808s] [ 77%] [32mBuilding C object CMakeFiles/custom_msgs__python.dir/rosidl_generator_py/custom_msgs/msg/_test_foxy_s.c.o[0m
[3.899s] [ 80%] [32m[1mLinking C shared library rosidl_generator_py/custom_msgs/libcustom_msgs__python.so[0m
[3.953s] [ 80%] Built target custom_msgs__python
[3.969s] [35m[1mScanning dependencies of target custom_msgs__rosidl_typesupport_c__pyext[0m
[3.969s] [35m[1mScanning dependencies of target custom_msgs__rosidl_typesupport_fastrtps_c__pyext[0m
[3.970s] [35m[1mScanning dependencies of target custom_msgs__rosidl_typesupport_introspection_c__pyext[0m
[3.988s] [ 83%] [32mBuilding C object CMakeFiles/custom_msgs__rosidl_typesupport_fastrtps_c__pyext.dir/rosidl_generator_py/custom_msgs/_custom_msgs_s.ep.rosidl_typesupport_fastrtps_c.c.o[0m
[3.990s] [ 87%] [32mBuilding C object CMakeFiles/custom_msgs__rosidl_typesupport_c__pyext.dir/rosidl_generator_py/custom_msgs/_custom_msgs_s.ep.rosidl_typesupport_c.c.o[0m
[3.993s] [ 90%] [32mBuilding C object CMakeFiles/custom_msgs__rosidl_typesupport_introspection_c__pyext.dir/rosidl_generator_py/custom_msgs/_custom_msgs_s.ep.rosidl_typesupport_introspection_c.c.o[0m
[4.055s] [ 93%] [32m[1mLinking C shared library rosidl_generator_py/custom_msgs/custom_msgs_s__rosidl_typesupport_c.cpython-38-x86_64-linux-gnu.so[0m
[4.071s] [ 96%] [32m[1mLinking CXX shared library rosidl_generator_py/custom_msgs/custom_msgs_s__rosidl_typesupport_fastrtps_c.cpython-38-x86_64-linux-gnu.so[0m
[4.086s] [100%] [32m[1mLinking C shared library rosidl_generator_py/custom_msgs/custom_msgs_s__rosidl_typesupport_introspection_c.cpython-38-x86_64-linux-gnu.so[0m
[4.094s] [100%] Built target custom_msgs__rosidl_typesupport_c__pyext
[4.131s] [100%] Built target custom_msgs__rosidl_typesupport_introspection_c__pyext
[4.142s] [100%] Built target custom_msgs__rosidl_typesupport_fastrtps_c__pyext
[4.158s] Invoked command in '/home/bofengluo/ros2_ws/build/custom_msgs' returned '0': /usr/bin/cmake --build /home/bofengluo/ros2_ws/build/custom_msgs -- -j16 -l16
[4.240s] Invoking command in '/home/bofengluo/ros2_ws/build/custom_msgs': /usr/bin/cmake --install /home/bofengluo/ros2_ws/build/custom_msgs
[4.254s] -- Install configuration: ""
[4.255s] -- Installing: /home/bofengluo/ros2_ws/install/custom_msgs/share/ament_index/resource_index/rosidl_interfaces/custom_msgs
[4.256s] -- Installing: /home/bofengluo/ros2_ws/install/custom_msgs/include/custom_msgs
[4.256s] -- Installing: /home/bofengluo/ros2_ws/install/custom_msgs/include/custom_msgs/msg
[4.256s] -- Installing: /home/bofengluo/ros2_ws/install/custom_msgs/include/custom_msgs/msg/test_foxy.h
[4.256s] -- Installing: /home/bofengluo/ros2_ws/install/custom_msgs/include/custom_msgs/msg/detail
[4.256s] -- Installing: /home/bofengluo/ros2_ws/install/custom_msgs/include/custom_msgs/msg/detail/test_foxy__functions.c
[4.256s] -- Installing: /home/bofengluo/ros2_ws/install/custom_msgs/include/custom_msgs/msg/detail/test_foxy__functions.h
[4.257s] -- Installing: /home/bofengluo/ros2_ws/install/custom_msgs/include/custom_msgs/msg/detail/test_foxy__struct.h
[4.257s] -- Installing: /home/bofengluo/ros2_ws/install/custom_msgs/include/custom_msgs/msg/detail/test_foxy__type_support.h
[4.257s] -- Installing: /home/bofengluo/ros2_ws/install/custom_msgs/include/custom_msgs/msg/rosidl_generator_c__visibility_control.h
[4.257s] -- Installing: /home/bofengluo/ros2_ws/install/custom_msgs/share/custom_msgs/environment/library_path.sh
[4.257s] -- Installing: /home/bofengluo/ros2_ws/install/custom_msgs/share/custom_msgs/environment/library_path.dsv
[4.257s] -- Installing: /home/bofengluo/ros2_ws/install/custom_msgs/lib/libcustom_msgs__rosidl_generator_c.so
[4.257s] -- Set runtime path of "/home/bofengluo/ros2_ws/install/custom_msgs/lib/libcustom_msgs__rosidl_generator_c.so" to ""
[4.258s] -- Up-to-date: /home/bofengluo/ros2_ws/install/custom_msgs/include/custom_msgs
[4.258s] -- Up-to-date: /home/bofengluo/ros2_ws/install/custom_msgs/include/custom_msgs/msg
[4.258s] -- Installing: /home/bofengluo/ros2_ws/install/custom_msgs/include/custom_msgs/msg/rosidl_typesupport_fastrtps_c__visibility_control.h
[4.258s] -- Up-to-date: /home/bofengluo/ros2_ws/install/custom_msgs/include/custom_msgs/msg/detail
[4.258s] -- Installing: /home/bofengluo/ros2_ws/install/custom_msgs/include/custom_msgs/msg/detail/test_foxy__rosidl_typesupport_fastrtps_c.h
[4.258s] -- Installing: /home/bofengluo/ros2_ws/install/custom_msgs/lib/libcustom_msgs__rosidl_typesupport_fastrtps_c.so
[4.259s] -- Set runtime path of "/home/bofengluo/ros2_ws/install/custom_msgs/lib/libcustom_msgs__rosidl_typesupport_fastrtps_c.so" to ""
[4.259s] -- Up-to-date: /home/bofengluo/ros2_ws/install/custom_msgs/include/custom_msgs
[4.259s] -- Up-to-date: /home/bofengluo/ros2_ws/install/custom_msgs/include/custom_msgs/msg
[4.259s] -- Up-to-date: /home/bofengluo/ros2_ws/install/custom_msgs/include/custom_msgs/msg/detail
[4.259s] -- Installing: /home/bofengluo/ros2_ws/install/custom_msgs/include/custom_msgs/msg/detail/test_foxy__rosidl_typesupport_fastrtps_cpp.hpp
[4.259s] -- Installing: /home/bofengluo/ros2_ws/install/custom_msgs/include/custom_msgs/msg/detail/dds_fastrtps
[4.259s] -- Installing: /home/bofengluo/ros2_ws/install/custom_msgs/include/custom_msgs/msg/rosidl_typesupport_fastrtps_cpp__visibility_control.h
[4.260s] -- Installing: /home/bofengluo/ros2_ws/install/custom_msgs/lib/libcustom_msgs__rosidl_typesupport_fastrtps_cpp.so
[4.260s] -- Set runtime path of "/home/bofengluo/ros2_ws/install/custom_msgs/lib/libcustom_msgs__rosidl_typesupport_fastrtps_cpp.so" to ""
[4.260s] -- Up-to-date: /home/bofengluo/ros2_ws/install/custom_msgs/include/custom_msgs
[4.260s] -- Up-to-date: /home/bofengluo/ros2_ws/install/custom_msgs/include/custom_msgs/msg
[4.260s] -- Up-to-date: /home/bofengluo/ros2_ws/install/custom_msgs/include/custom_msgs/msg/detail
[4.260s] -- Installing: /home/bofengluo/ros2_ws/install/custom_msgs/include/custom_msgs/msg/detail/test_foxy__type_support.c
[4.260s] -- Installing: /home/bofengluo/ros2_ws/install/custom_msgs/include/custom_msgs/msg/detail/test_foxy__rosidl_typesupport_introspection_c.h
[4.261s] -- Installing: /home/bofengluo/ros2_ws/install/custom_msgs/include/custom_msgs/msg/rosidl_typesupport_introspection_c__visibility_control.h
[4.261s] -- Installing: /home/bofengluo/ros2_ws/install/custom_msgs/lib/libcustom_msgs__rosidl_typesupport_introspection_c.so
[4.261s] -- Set runtime path of "/home/bofengluo/ros2_ws/install/custom_msgs/lib/libcustom_msgs__rosidl_typesupport_introspection_c.so" to ""
[4.261s] -- Installing: /home/bofengluo/ros2_ws/install/custom_msgs/lib/libcustom_msgs__rosidl_typesupport_c.so
[4.261s] -- Set runtime path of "/home/bofengluo/ros2_ws/install/custom_msgs/lib/libcustom_msgs__rosidl_typesupport_c.so" to ""
[4.261s] -- Up-to-date: /home/bofengluo/ros2_ws/install/custom_msgs/include/custom_msgs
[4.261s] -- Up-to-date: /home/bofengluo/ros2_ws/install/custom_msgs/include/custom_msgs/msg
[4.261s] -- Installing: /home/bofengluo/ros2_ws/install/custom_msgs/include/custom_msgs/msg/test_foxy.hpp
[4.261s] -- Up-to-date: /home/bofengluo/ros2_ws/install/custom_msgs/include/custom_msgs/msg/detail
[4.262s] -- Installing: /home/bofengluo/ros2_ws/install/custom_msgs/include/custom_msgs/msg/detail/test_foxy__traits.hpp
[4.262s] -- Installing: /home/bofengluo/ros2_ws/install/custom_msgs/include/custom_msgs/msg/detail/test_foxy__struct.hpp
[4.262s] -- Installing: /home/bofengluo/ros2_ws/install/custom_msgs/include/custom_msgs/msg/detail/test_foxy__builder.hpp
[4.262s] -- Up-to-date: /home/bofengluo/ros2_ws/install/custom_msgs/include/custom_msgs
[4.262s] -- Up-to-date: /home/bofengluo/ros2_ws/install/custom_msgs/include/custom_msgs/msg
[4.262s] -- Up-to-date: /home/bofengluo/ros2_ws/install/custom_msgs/include/custom_msgs/msg/detail
[4.262s] -- Installing: /home/bofengluo/ros2_ws/install/custom_msgs/include/custom_msgs/msg/detail/test_foxy__type_support.cpp
[4.263s] -- Installing: /home/bofengluo/ros2_ws/install/custom_msgs/include/custom_msgs/msg/detail/test_foxy__rosidl_typesupport_introspection_cpp.hpp
[4.263s] -- Installing: /home/bofengluo/ros2_ws/install/custom_msgs/lib/libcustom_msgs__rosidl_typesupport_introspection_cpp.so
[4.263s] -- Set runtime path of "/home/bofengluo/ros2_ws/install/custom_msgs/lib/libcustom_msgs__rosidl_typesupport_introspection_cpp.so" to ""
[4.263s] -- Installing: /home/bofengluo/ros2_ws/install/custom_msgs/lib/libcustom_msgs__rosidl_typesupport_cpp.so
[4.263s] -- Set runtime path of "/home/bofengluo/ros2_ws/install/custom_msgs/lib/libcustom_msgs__rosidl_typesupport_cpp.so" to ""
[4.263s] -- Installing: /home/bofengluo/ros2_ws/install/custom_msgs/share/custom_msgs/environment/pythonpath.sh
[4.263s] -- Installing: /home/bofengluo/ros2_ws/install/custom_msgs/share/custom_msgs/environment/pythonpath.dsv
[4.263s] -- Installing: /home/bofengluo/ros2_ws/install/custom_msgs/lib/python3.8/site-packages/custom_msgs/__init__.py
[4.294s] Compiling '/home/bofengluo/ros2_ws/install/custom_msgs/lib/python3.8/site-packages/custom_msgs/__init__.py'...
[4.298s] -- Installing: /home/bofengluo/ros2_ws/install/custom_msgs/lib/python3.8/site-packages/custom_msgs/msg
[4.298s] -- Installing: /home/bofengluo/ros2_ws/install/custom_msgs/lib/python3.8/site-packages/custom_msgs/msg/_test_foxy_s.c
[4.299s] -- Installing: /home/bofengluo/ros2_ws/install/custom_msgs/lib/python3.8/site-packages/custom_msgs/msg/__init__.py
[4.299s] -- Installing: /home/bofengluo/ros2_ws/install/custom_msgs/lib/python3.8/site-packages/custom_msgs/msg/_test_foxy.py
[4.300s] -- Installing: /home/bofengluo/ros2_ws/install/custom_msgs/lib/python3.8/site-packages/custom_msgs/custom_msgs_s__rosidl_typesupport_fastrtps_c.cpython-38-x86_64-linux-gnu.so
[4.300s] -- Set runtime path of "/home/bofengluo/ros2_ws/install/custom_msgs/lib/python3.8/site-packages/custom_msgs/custom_msgs_s__rosidl_typesupport_fastrtps_c.cpython-38-x86_64-linux-gnu.so" to ""
[4.301s] -- Installing: /home/bofengluo/ros2_ws/install/custom_msgs/lib/python3.8/site-packages/custom_msgs/custom_msgs_s__rosidl_typesupport_introspection_c.cpython-38-x86_64-linux-gnu.so
[4.301s] -- Set runtime path of "/home/bofengluo/ros2_ws/install/custom_msgs/lib/python3.8/site-packages/custom_msgs/custom_msgs_s__rosidl_typesupport_introspection_c.cpython-38-x86_64-linux-gnu.so" to ""
[4.301s] -- Installing: /home/bofengluo/ros2_ws/install/custom_msgs/lib/python3.8/site-packages/custom_msgs/custom_msgs_s__rosidl_typesupport_c.cpython-38-x86_64-linux-gnu.so
[4.301s] -- Set runtime path of "/home/bofengluo/ros2_ws/install/custom_msgs/lib/python3.8/site-packages/custom_msgs/custom_msgs_s__rosidl_typesupport_c.cpython-38-x86_64-linux-gnu.so" to ""
[4.302s] -- Installing: /home/bofengluo/ros2_ws/install/custom_msgs/lib/libcustom_msgs__python.so
[4.302s] -- Set runtime path of "/home/bofengluo/ros2_ws/install/custom_msgs/lib/libcustom_msgs__python.so" to ""
[4.303s] -- Installing: /home/bofengluo/ros2_ws/install/custom_msgs/share/custom_msgs/msg/TestFoxy.idl
[4.303s] -- Installing: /home/bofengluo/ros2_ws/install/custom_msgs/share/custom_msgs/msg/TestFoxy.msg
[4.303s] -- Installing: /home/bofengluo/ros2_ws/install/custom_msgs/share/custom_msgs/mapping_rules.yaml
[4.304s] -- Installing: /home/bofengluo/ros2_ws/install/custom_msgs/share/ament_index/resource_index/package_run_dependencies/custom_msgs
[4.304s] -- Installing: /home/bofengluo/ros2_ws/install/custom_msgs/share/ament_index/resource_index/parent_prefix_path/custom_msgs
[4.305s] -- Installing: /home/bofengluo/ros2_ws/install/custom_msgs/share/custom_msgs/environment/ament_prefix_path.sh
[4.305s] -- Installing: /home/bofengluo/ros2_ws/install/custom_msgs/share/custom_msgs/environment/ament_prefix_path.dsv
[4.305s] -- Installing: /home/bofengluo/ros2_ws/install/custom_msgs/share/custom_msgs/environment/path.sh
[4.305s] -- Installing: /home/bofengluo/ros2_ws/install/custom_msgs/share/custom_msgs/environment/path.dsv
[4.305s] -- Installing: /home/bofengluo/ros2_ws/install/custom_msgs/share/custom_msgs/local_setup.bash
[4.305s] -- Installing: /home/bofengluo/ros2_ws/install/custom_msgs/share/custom_msgs/local_setup.sh
[4.306s] -- Installing: /home/bofengluo/ros2_ws/install/custom_msgs/share/custom_msgs/local_setup.zsh
[4.306s] -- Installing: /home/bofengluo/ros2_ws/install/custom_msgs/share/custom_msgs/local_setup.dsv
[4.306s] -- Installing: /home/bofengluo/ros2_ws/install/custom_msgs/share/custom_msgs/package.dsv
[4.307s] -- Installing: /home/bofengluo/ros2_ws/install/custom_msgs/share/ament_index/resource_index/packages/custom_msgs
[4.307s] -- Installing: /home/bofengluo/ros2_ws/install/custom_msgs/share/custom_msgs/cmake/custom_msgs__rosidl_generator_cExport.cmake
[4.307s] -- Installing: /home/bofengluo/ros2_ws/install/custom_msgs/share/custom_msgs/cmake/custom_msgs__rosidl_generator_cExport-noconfig.cmake
[4.307s] -- Installing: /home/bofengluo/ros2_ws/install/custom_msgs/share/custom_msgs/cmake/custom_msgs__rosidl_typesupport_introspection_cExport.cmake
[4.308s] -- Installing: /home/bofengluo/ros2_ws/install/custom_msgs/share/custom_msgs/cmake/custom_msgs__rosidl_typesupport_introspection_cExport-noconfig.cmake
[4.308s] -- Installing: /home/bofengluo/ros2_ws/install/custom_msgs/share/custom_msgs/cmake/custom_msgs__rosidl_typesupport_cExport.cmake
[4.308s] -- Installing: /home/bofengluo/ros2_ws/install/custom_msgs/share/custom_msgs/cmake/custom_msgs__rosidl_typesupport_cExport-noconfig.cmake
[4.308s] -- Installing: /home/bofengluo/ros2_ws/install/custom_msgs/share/custom_msgs/cmake/custom_msgs__rosidl_generator_cppExport.cmake
[4.308s] -- Installing: /home/bofengluo/ros2_ws/install/custom_msgs/share/custom_msgs/cmake/custom_msgs__rosidl_typesupport_introspection_cppExport.cmake
[4.308s] -- Installing: /home/bofengluo/ros2_ws/install/custom_msgs/share/custom_msgs/cmake/custom_msgs__rosidl_typesupport_introspection_cppExport-noconfig.cmake
[4.308s] -- Installing: /home/bofengluo/ros2_ws/install/custom_msgs/share/custom_msgs/cmake/custom_msgs__rosidl_typesupport_cppExport.cmake
[4.308s] -- Installing: /home/bofengluo/ros2_ws/install/custom_msgs/share/custom_msgs/cmake/custom_msgs__rosidl_typesupport_cppExport-noconfig.cmake
[4.308s] -- Installing: /home/bofengluo/ros2_ws/install/custom_msgs/share/custom_msgs/cmake/rosidl_cmake-extras.cmake
[4.309s] -- Installing: /home/bofengluo/ros2_ws/install/custom_msgs/share/custom_msgs/cmake/ament_cmake_export_dependencies-extras.cmake
[4.309s] -- Installing: /home/bofengluo/ros2_ws/install/custom_msgs/share/custom_msgs/cmake/ament_cmake_export_libraries-extras.cmake
[4.309s] -- Installing: /home/bofengluo/ros2_ws/install/custom_msgs/share/custom_msgs/cmake/ament_cmake_export_targets-extras.cmake
[4.309s] -- Installing: /home/bofengluo/ros2_ws/install/custom_msgs/share/custom_msgs/cmake/ament_cmake_export_include_directories-extras.cmake
[4.309s] -- Installing: /home/bofengluo/ros2_ws/install/custom_msgs/share/custom_msgs/cmake/rosidl_cmake_export_typesupport_libraries-extras.cmake
[4.309s] -- Installing: /home/bofengluo/ros2_ws/install/custom_msgs/share/custom_msgs/cmake/rosidl_cmake_export_typesupport_targets-extras.cmake
[4.309s] -- Installing: /home/bofengluo/ros2_ws/install/custom_msgs/share/custom_msgs/cmake/custom_msgsConfig.cmake
[4.309s] -- Installing: /home/bofengluo/ros2_ws/install/custom_msgs/share/custom_msgs/cmake/custom_msgsConfig-version.cmake
[4.310s] -- Installing: /home/bofengluo/ros2_ws/install/custom_msgs/share/custom_msgs/package.xml
[4.313s] Invoked command in '/home/bofengluo/ros2_ws/build/custom_msgs' returned '0': /usr/bin/cmake --install /home/bofengluo/ros2_ws/build/custom_msgs
