[0.118s] Invoking command in '/home/zpw/UR3e-ROS2-resources/build/unity_robotics_demo_msgs': CMAKE_PREFIX_PATH=${CMAKE_PREFIX_PATH}:/home/zpw/UR3e-ROS2-resources/install/vr_connector:/opt/ros/foxy /usr/bin/cmake /home/zpw/UR3e-ROS2-resources/src/unity_robotics_demo_msgs -DCMAKE_INSTALL_PREFIX=/home/zpw/UR3e-ROS2-resources/install/unity_robotics_demo_msgs
[0.683s] -- The C compiler identification is GNU 9.4.0
[0.683s] -- The CXX compiler identification is GNU 9.4.0
[0.686s] -- Check for working C compiler: /usr/bin/cc
[0.687s] -- Check for working C compiler: /usr/bin/cc -- works
[0.691s] -- Detecting C compiler ABI info
[0.698s] -- Detecting C compiler ABI info - done
[0.701s] -- Detecting C compile features
[0.701s] -- Detecting C compile features - done
[0.702s] -- Check for working CXX compiler: /usr/bin/c++
[0.849s] -- Check for working CXX compiler: /usr/bin/c++ -- works
[0.851s] -- Detecting CXX compiler ABI info
[0.931s] -- Detecting CXX compiler ABI info - done
[0.944s] -- Detecting CXX compile features
[0.944s] -- Detecting CXX compile features - done
[0.949s] -- Found rosidl_default_generators: 1.0.1 (/opt/ros/foxy/share/rosidl_default_generators/cmake)
[0.956s] -- Found ament_cmake_core: 0.9.9 (/opt/ros/foxy/share/ament_cmake_core/cmake)
[0.995s] -- Found PythonInterp: /usr/bin/python3 (found suitable version "3.8.10", minimum required is "3") 
[1.009s] -- Using PYTHON_EXECUTABLE: /usr/bin/python3
[1.275s] -- Using all available rosidl_typesupport_c: rosidl_typesupport_fastrtps_c;rosidl_typesupport_introspection_c
[1.292s] -- Found rosidl_adapter: 1.2.1 (/opt/ros/foxy/share/rosidl_adapter/cmake)
[1.522s] -- Found OpenSSL: /usr/lib/x86_64-linux-gnu/libcrypto.so (found version "1.1.1f")  
[1.570s] -- Found FastRTPS: /opt/ros/foxy/include  
[1.667s] -- Using all available rosidl_typesupport_cpp: rosidl_typesupport_fastrtps_cpp;rosidl_typesupport_introspection_cpp
[1.711s] -- Found builtin_interfaces: 1.0.0 (/opt/ros/foxy/share/builtin_interfaces/cmake)
[1.734s] -- Found geometry_msgs: 2.0.5 (/opt/ros/foxy/share/geometry_msgs/cmake)
[1.839s] -- Found PythonInterp: /usr/bin/python3 (found version "3.8.10") 
[2.078s] -- Found ament_cmake_ros: 0.9.2 (/opt/ros/foxy/share/ament_cmake_ros/cmake)
[2.308s] -- Using all available rosidl_typesupport_c: rosidl_typesupport_fastrtps_c;rosidl_typesupport_introspection_c
[2.391s] -- Using all available rosidl_typesupport_cpp: rosidl_typesupport_fastrtps_cpp;rosidl_typesupport_introspection_cpp
[2.426s] -- Found PythonInterp: /usr/bin/python3 (found suitable version "3.8.10", minimum required is "3.5") 
[2.431s] -- Found python_cmake_module: 0.8.1 (/opt/ros/foxy/share/python_cmake_module/cmake)
[2.468s] -- Found PythonLibs: /usr/lib/x86_64-linux-gnu/libpython3.8.so (found suitable version "3.8.10", minimum required is "3.5") 
[2.469s] -- Using PYTHON_EXECUTABLE: /usr/bin/python3
[2.469s] -- Using PYTHON_INCLUDE_DIRS: /usr/include/python3.8
[2.469s] -- Using PYTHON_LIBRARIES: /usr/lib/x86_64-linux-gnu/libpython3.8.so
[2.495s] -- Found PythonExtra: .so  
[2.580s] -- Found ament_lint_auto: 0.9.6 (/opt/ros/foxy/share/ament_lint_auto/cmake)
[2.608s] -- Added test 'copyright' to check source files copyright and LICENSE
[2.610s] -- Added test 'lint_cmake' to check CMake code style
[2.611s] -- Added test 'xmllint' to check XML markup files
[2.615s] -- Configuring done
[2.658s] -- Generating done
[2.660s] -- Build files have been written to: /home/zpw/UR3e-ROS2-resources/build/unity_robotics_demo_msgs
[2.671s] Invoked command in '/home/zpw/UR3e-ROS2-resources/build/unity_robotics_demo_msgs' returned '0': CMAKE_PREFIX_PATH=${CMAKE_PREFIX_PATH}:/home/zpw/UR3e-ROS2-resources/install/vr_connector:/opt/ros/foxy /usr/bin/cmake /home/zpw/UR3e-ROS2-resources/src/unity_robotics_demo_msgs -DCMAKE_INSTALL_PREFIX=/home/zpw/UR3e-ROS2-resources/install/unity_robotics_demo_msgs
[2.677s] Invoking command in '/home/zpw/UR3e-ROS2-resources/build/unity_robotics_demo_msgs': CMAKE_PREFIX_PATH=${CMAKE_PREFIX_PATH}:/home/zpw/UR3e-ROS2-resources/install/vr_connector:/opt/ros/foxy /usr/bin/cmake --build /home/zpw/UR3e-ROS2-resources/build/unity_robotics_demo_msgs -- -j16 -l16
[2.741s] [35m[1mScanning dependencies of target unity_robotics_demo_msgs__cpp[0m
[2.741s] [  1%] [34m[1mGenerating C code for ROS interfaces[0m
[2.755s] [  3%] [34m[1mGenerating C++ code for ROS interfaces[0m
[3.042s] [  3%] Built target unity_robotics_demo_msgs__cpp
[3.063s] [  5%] [34m[1mGenerating C++ type support dispatch for ROS interfaces[0m
[3.063s] [  9%] [34m[1mGenerating C++ introspection for ROS interfaces[0m
[3.064s] [  9%] [34m[1mGenerating C++ type support for eProsima Fast-RTPS[0m
[3.087s] [35m[1mScanning dependencies of target unity_robotics_demo_msgs__rosidl_generator_c[0m
[3.106s] [ 12%] [32mBuilding C object CMakeFiles/unity_robotics_demo_msgs__rosidl_generator_c.dir/rosidl_generator_c/unity_robotics_demo_msgs/srv/detail/position_service__functions.c.o[0m
[3.106s] [ 12%] [32mBuilding C object CMakeFiles/unity_robotics_demo_msgs__rosidl_generator_c.dir/rosidl_generator_c/unity_robotics_demo_msgs/msg/detail/unity_color__functions.c.o[0m
[3.106s] [ 14%] [32mBuilding C object CMakeFiles/unity_robotics_demo_msgs__rosidl_generator_c.dir/rosidl_generator_c/unity_robotics_demo_msgs/msg/detail/pos_rot__functions.c.o[0m
[3.107s] [ 16%] [32mBuilding C object CMakeFiles/unity_robotics_demo_msgs__rosidl_generator_c.dir/rosidl_generator_c/unity_robotics_demo_msgs/srv/detail/object_pose_service__functions.c.o[0m
[3.166s] [ 18%] [32m[1mLinking C shared library libunity_robotics_demo_msgs__rosidl_generator_c.so[0m
[3.211s] [ 18%] Built target unity_robotics_demo_msgs__rosidl_generator_c
[3.224s] [ 21%] [34m[1mGenerating C introspection for ROS interfaces[0m
[3.224s] [ 21%] [34m[1mGenerating C type support dispatch for ROS interfaces[0m
[3.373s] [35m[1mScanning dependencies of target unity_robotics_demo_msgs__rosidl_typesupport_cpp[0m
[3.392s] [ 25%] [32mBuilding CXX object CMakeFiles/unity_robotics_demo_msgs__rosidl_typesupport_cpp.dir/rosidl_typesupport_cpp/unity_robotics_demo_msgs/msg/unity_color__type_support.cpp.o[0m
[3.392s] [ 25%] [32mBuilding CXX object CMakeFiles/unity_robotics_demo_msgs__rosidl_typesupport_cpp.dir/rosidl_typesupport_cpp/unity_robotics_demo_msgs/srv/position_service__type_support.cpp.o[0m
[3.395s] [ 29%] [32mBuilding CXX object CMakeFiles/unity_robotics_demo_msgs__rosidl_typesupport_cpp.dir/rosidl_typesupport_cpp/unity_robotics_demo_msgs/srv/object_pose_service__type_support.cpp.o[0m
[3.395s] [ 29%] [32mBuilding CXX object CMakeFiles/unity_robotics_demo_msgs__rosidl_typesupport_cpp.dir/rosidl_typesupport_cpp/unity_robotics_demo_msgs/msg/pos_rot__type_support.cpp.o[0m
[3.443s] [35m[1mScanning dependencies of target unity_robotics_demo_msgs__rosidl_typesupport_introspection_cpp[0m
[3.462s] [ 30%] [32mBuilding CXX object CMakeFiles/unity_robotics_demo_msgs__rosidl_typesupport_introspection_cpp.dir/rosidl_typesupport_introspection_cpp/unity_robotics_demo_msgs/srv/detail/position_service__type_support.cpp.o[0m
[3.464s] [ 34%] [32mBuilding CXX object CMakeFiles/unity_robotics_demo_msgs__rosidl_typesupport_introspection_cpp.dir/rosidl_typesupport_introspection_cpp/unity_robotics_demo_msgs/msg/detail/pos_rot__type_support.cpp.o[0m
[3.464s] [ 34%] [32mBuilding CXX object CMakeFiles/unity_robotics_demo_msgs__rosidl_typesupport_introspection_cpp.dir/rosidl_typesupport_introspection_cpp/unity_robotics_demo_msgs/msg/detail/unity_color__type_support.cpp.o[0m
[3.466s] [ 36%] [32mBuilding CXX object CMakeFiles/unity_robotics_demo_msgs__rosidl_typesupport_introspection_cpp.dir/rosidl_typesupport_introspection_cpp/unity_robotics_demo_msgs/srv/detail/object_pose_service__type_support.cpp.o[0m
[3.497s] [35m[1mScanning dependencies of target unity_robotics_demo_msgs__rosidl_typesupport_fastrtps_cpp[0m
[3.527s] [ 40%] [32mBuilding CXX object CMakeFiles/unity_robotics_demo_msgs__rosidl_typesupport_fastrtps_cpp.dir/rosidl_typesupport_fastrtps_cpp/unity_robotics_demo_msgs/srv/detail/dds_fastrtps/position_service__type_support.cpp.o[0m
[3.527s] [ 40%] [32mBuilding CXX object CMakeFiles/unity_robotics_demo_msgs__rosidl_typesupport_fastrtps_cpp.dir/rosidl_typesupport_fastrtps_cpp/unity_robotics_demo_msgs/msg/detail/dds_fastrtps/unity_color__type_support.cpp.o[0m
[3.527s] [ 41%] [32mBuilding CXX object CMakeFiles/unity_robotics_demo_msgs__rosidl_typesupport_fastrtps_cpp.dir/rosidl_typesupport_fastrtps_cpp/unity_robotics_demo_msgs/msg/detail/dds_fastrtps/pos_rot__type_support.cpp.o[0m
[3.532s] [ 43%] [32mBuilding CXX object CMakeFiles/unity_robotics_demo_msgs__rosidl_typesupport_fastrtps_cpp.dir/rosidl_typesupport_fastrtps_cpp/unity_robotics_demo_msgs/srv/detail/dds_fastrtps/object_pose_service__type_support.cpp.o[0m
[3.578s] [35m[1mScanning dependencies of target unity_robotics_demo_msgs__rosidl_typesupport_c[0m
[3.599s] [ 47%] [32mBuilding CXX object CMakeFiles/unity_robotics_demo_msgs__rosidl_typesupport_c.dir/rosidl_typesupport_c/unity_robotics_demo_msgs/msg/pos_rot__type_support.cpp.o[0m
[3.599s] [ 47%] [32mBuilding CXX object CMakeFiles/unity_robotics_demo_msgs__rosidl_typesupport_c.dir/rosidl_typesupport_c/unity_robotics_demo_msgs/msg/unity_color__type_support.cpp.o[0m
[3.605s] [ 49%] [32mBuilding CXX object CMakeFiles/unity_robotics_demo_msgs__rosidl_typesupport_c.dir/rosidl_typesupport_c/unity_robotics_demo_msgs/srv/position_service__type_support.cpp.o[0m
[3.643s] [ 50%] [32mBuilding CXX object CMakeFiles/unity_robotics_demo_msgs__rosidl_typesupport_c.dir/rosidl_typesupport_c/unity_robotics_demo_msgs/srv/object_pose_service__type_support.cpp.o[0m
[3.677s] [35m[1mScanning dependencies of target unity_robotics_demo_msgs__rosidl_typesupport_introspection_c[0m
[3.695s] [ 52%] [32m[1mLinking CXX shared library libunity_robotics_demo_msgs__rosidl_typesupport_c.so[0m
[3.699s] [ 58%] [32mBuilding C object CMakeFiles/unity_robotics_demo_msgs__rosidl_typesupport_introspection_c.dir/rosidl_typesupport_introspection_c/unity_robotics_demo_msgs/msg/detail/pos_rot__type_support.c.o[0m
[3.699s] [ 58%] [32mBuilding C object CMakeFiles/unity_robotics_demo_msgs__rosidl_typesupport_introspection_c.dir/rosidl_typesupport_introspection_c/unity_robotics_demo_msgs/srv/detail/position_service__type_support.c.o[0m
[3.699s] [ 58%] [32mBuilding C object CMakeFiles/unity_robotics_demo_msgs__rosidl_typesupport_introspection_c.dir/rosidl_typesupport_introspection_c/unity_robotics_demo_msgs/msg/detail/unity_color__type_support.c.o[0m
[3.746s] [ 60%] [32mBuilding C object CMakeFiles/unity_robotics_demo_msgs__rosidl_typesupport_introspection_c.dir/rosidl_typesupport_introspection_c/unity_robotics_demo_msgs/srv/detail/object_pose_service__type_support.c.o[0m
[3.763s] [ 60%] Built target unity_robotics_demo_msgs__rosidl_typesupport_c
[3.792s] [ 61%] [32m[1mLinking C shared library libunity_robotics_demo_msgs__rosidl_typesupport_introspection_c.so[0m
[3.837s] [ 61%] Built target unity_robotics_demo_msgs__rosidl_typesupport_introspection_c
[3.876s] [ 63%] [32m[1mLinking CXX shared library libunity_robotics_demo_msgs__rosidl_typesupport_cpp.so[0m
[3.927s] [ 63%] Built target unity_robotics_demo_msgs__rosidl_typesupport_cpp
[3.940s] [ 65%] [32m[1mLinking CXX shared library libunity_robotics_demo_msgs__rosidl_typesupport_introspection_cpp.so[0m
[4.011s] [ 65%] Built target unity_robotics_demo_msgs__rosidl_typesupport_introspection_cpp
[4.135s] [ 67%] [32m[1mLinking CXX shared library libunity_robotics_demo_msgs__rosidl_typesupport_fastrtps_cpp.so[0m
[4.227s] [ 67%] Built target unity_robotics_demo_msgs__rosidl_typesupport_fastrtps_cpp
[4.241s] [ 69%] [34m[1mGenerating C type support for eProsima Fast-RTPS[0m
[4.527s] [35m[1mScanning dependencies of target unity_robotics_demo_msgs__rosidl_typesupport_fastrtps_c[0m
[4.548s] [ 72%] [32mBuilding CXX object CMakeFiles/unity_robotics_demo_msgs__rosidl_typesupport_fastrtps_c.dir/rosidl_typesupport_fastrtps_c/unity_robotics_demo_msgs/msg/detail/unity_color__type_support_c.cpp.o[0m
[4.548s] [ 72%] [32mBuilding CXX object CMakeFiles/unity_robotics_demo_msgs__rosidl_typesupport_fastrtps_c.dir/rosidl_typesupport_fastrtps_c/unity_robotics_demo_msgs/msg/detail/pos_rot__type_support_c.cpp.o[0m
[4.549s] [ 76%] [32mBuilding CXX object CMakeFiles/unity_robotics_demo_msgs__rosidl_typesupport_fastrtps_c.dir/rosidl_typesupport_fastrtps_c/unity_robotics_demo_msgs/srv/detail/object_pose_service__type_support_c.cpp.o[0m
[4.549s] [ 76%] [32mBuilding CXX object CMakeFiles/unity_robotics_demo_msgs__rosidl_typesupport_fastrtps_c.dir/rosidl_typesupport_fastrtps_c/unity_robotics_demo_msgs/srv/detail/position_service__type_support_c.cpp.o[0m
[4.885s] [ 78%] [32m[1mLinking CXX shared library libunity_robotics_demo_msgs__rosidl_typesupport_fastrtps_c.so[0m
[4.971s] [ 78%] Built target unity_robotics_demo_msgs__rosidl_typesupport_fastrtps_c
[4.985s] [35m[1mScanning dependencies of target unity_robotics_demo_msgs[0m
[5.004s] [ 78%] Built target unity_robotics_demo_msgs
[5.025s] [35m[1mScanning dependencies of target unity_robotics_demo_msgs__py[0m
[5.038s] [ 80%] [34m[1mGenerating Python code for ROS interfaces[0m
[5.877s] [ 80%] Built target unity_robotics_demo_msgs__py
[5.895s] [35m[1mScanning dependencies of target unity_robotics_demo_msgs__python[0m
[5.932s] [ 87%] [32mBuilding C object CMakeFiles/unity_robotics_demo_msgs__python.dir/rosidl_generator_py/unity_robotics_demo_msgs/msg/_unity_color_s.c.o[0m
[5.932s] [ 87%] [32mBuilding C object CMakeFiles/unity_robotics_demo_msgs__python.dir/rosidl_generator_py/unity_robotics_demo_msgs/msg/_pos_rot_s.c.o[0m
[5.932s] [ 87%] [32mBuilding C object CMakeFiles/unity_robotics_demo_msgs__python.dir/rosidl_generator_py/unity_robotics_demo_msgs/srv/_object_pose_service_s.c.o[0m
[5.932s] [ 87%] [32mBuilding C object CMakeFiles/unity_robotics_demo_msgs__python.dir/rosidl_generator_py/unity_robotics_demo_msgs/srv/_position_service_s.c.o[0m
[6.033s] [ 89%] [32m[1mLinking C shared library rosidl_generator_py/unity_robotics_demo_msgs/libunity_robotics_demo_msgs__python.so[0m
[6.093s] [ 89%] Built target unity_robotics_demo_msgs__python
[6.106s] [35m[1mScanning dependencies of target unity_robotics_demo_msgs__rosidl_typesupport_c__pyext[0m
[6.106s] [35m[1mScanning dependencies of target unity_robotics_demo_msgs__rosidl_typesupport_fastrtps_c__pyext[0m
[6.106s] [35m[1mScanning dependencies of target unity_robotics_demo_msgs__rosidl_typesupport_introspection_c__pyext[0m
[6.123s] [ 94%] [32mBuilding C object CMakeFiles/unity_robotics_demo_msgs__rosidl_typesupport_introspection_c__pyext.dir/rosidl_generator_py/unity_robotics_demo_msgs/_unity_robotics_demo_msgs_s.ep.rosidl_typesupport_introspection_c.c.o[0m
[6.123s] [ 94%] [32mBuilding C object CMakeFiles/unity_robotics_demo_msgs__rosidl_typesupport_fastrtps_c__pyext.dir/rosidl_generator_py/unity_robotics_demo_msgs/_unity_robotics_demo_msgs_s.ep.rosidl_typesupport_fastrtps_c.c.o[0m
[6.123s] [ 94%] [32mBuilding C object CMakeFiles/unity_robotics_demo_msgs__rosidl_typesupport_c__pyext.dir/rosidl_generator_py/unity_robotics_demo_msgs/_unity_robotics_demo_msgs_s.ep.rosidl_typesupport_c.c.o[0m
[6.211s] [ 98%] [32m[1mLinking C shared library rosidl_generator_py/unity_robotics_demo_msgs/unity_robotics_demo_msgs_s__rosidl_typesupport_introspection_c.cpython-38-x86_64-linux-gnu.so[0m
[6.211s] [ 98%] [32m[1mLinking CXX shared library rosidl_generator_py/unity_robotics_demo_msgs/unity_robotics_demo_msgs_s__rosidl_typesupport_fastrtps_c.cpython-38-x86_64-linux-gnu.so[0m
[6.213s] [100%] [32m[1mLinking C shared library rosidl_generator_py/unity_robotics_demo_msgs/unity_robotics_demo_msgs_s__rosidl_typesupport_c.cpython-38-x86_64-linux-gnu.so[0m
[6.252s] [100%] Built target unity_robotics_demo_msgs__rosidl_typesupport_introspection_c__pyext
[6.256s] [100%] Built target unity_robotics_demo_msgs__rosidl_typesupport_c__pyext
[6.282s] [100%] Built target unity_robotics_demo_msgs__rosidl_typesupport_fastrtps_c__pyext
[6.295s] Invoked command in '/home/zpw/UR3e-ROS2-resources/build/unity_robotics_demo_msgs' returned '0': CMAKE_PREFIX_PATH=${CMAKE_PREFIX_PATH}:/home/zpw/UR3e-ROS2-resources/install/vr_connector:/opt/ros/foxy /usr/bin/cmake --build /home/zpw/UR3e-ROS2-resources/build/unity_robotics_demo_msgs -- -j16 -l16
[6.398s] Invoking command in '/home/zpw/UR3e-ROS2-resources/build/unity_robotics_demo_msgs': CMAKE_PREFIX_PATH=${CMAKE_PREFIX_PATH}:/home/zpw/UR3e-ROS2-resources/install/vr_connector:/opt/ros/foxy /usr/bin/cmake --install /home/zpw/UR3e-ROS2-resources/build/unity_robotics_demo_msgs
[6.408s] -- Install configuration: ""
[6.408s] -- Installing: /home/zpw/UR3e-ROS2-resources/install/unity_robotics_demo_msgs/share/ament_index/resource_index/rosidl_interfaces/unity_robotics_demo_msgs
[6.408s] -- Installing: /home/zpw/UR3e-ROS2-resources/install/unity_robotics_demo_msgs/include/unity_robotics_demo_msgs
[6.409s] -- Installing: /home/zpw/UR3e-ROS2-resources/install/unity_robotics_demo_msgs/include/unity_robotics_demo_msgs/msg
[6.409s] -- Installing: /home/zpw/UR3e-ROS2-resources/install/unity_robotics_demo_msgs/include/unity_robotics_demo_msgs/msg/unity_color.h
[6.409s] -- Installing: /home/zpw/UR3e-ROS2-resources/install/unity_robotics_demo_msgs/include/unity_robotics_demo_msgs/msg/detail
[6.410s] -- Installing: /home/zpw/UR3e-ROS2-resources/install/unity_robotics_demo_msgs/include/unity_robotics_demo_msgs/msg/detail/unity_color__struct.h
[6.410s] -- Installing: /home/zpw/UR3e-ROS2-resources/install/unity_robotics_demo_msgs/include/unity_robotics_demo_msgs/msg/detail/pos_rot__struct.h
[6.410s] -- Installing: /home/zpw/UR3e-ROS2-resources/install/unity_robotics_demo_msgs/include/unity_robotics_demo_msgs/msg/detail/unity_color__functions.c
[6.410s] -- Installing: /home/zpw/UR3e-ROS2-resources/install/unity_robotics_demo_msgs/include/unity_robotics_demo_msgs/msg/detail/unity_color__functions.h
[6.411s] -- Installing: /home/zpw/UR3e-ROS2-resources/install/unity_robotics_demo_msgs/include/unity_robotics_demo_msgs/msg/detail/pos_rot__functions.h
[6.411s] -- Installing: /home/zpw/UR3e-ROS2-resources/install/unity_robotics_demo_msgs/include/unity_robotics_demo_msgs/msg/detail/unity_color__type_support.h
[6.411s] -- Installing: /home/zpw/UR3e-ROS2-resources/install/unity_robotics_demo_msgs/include/unity_robotics_demo_msgs/msg/detail/pos_rot__type_support.h
[6.411s] -- Installing: /home/zpw/UR3e-ROS2-resources/install/unity_robotics_demo_msgs/include/unity_robotics_demo_msgs/msg/detail/pos_rot__functions.c
[6.412s] -- Installing: /home/zpw/UR3e-ROS2-resources/install/unity_robotics_demo_msgs/include/unity_robotics_demo_msgs/msg/pos_rot.h
[6.412s] -- Installing: /home/zpw/UR3e-ROS2-resources/install/unity_robotics_demo_msgs/include/unity_robotics_demo_msgs/msg/rosidl_generator_c__visibility_control.h
[6.412s] -- Installing: /home/zpw/UR3e-ROS2-resources/install/unity_robotics_demo_msgs/include/unity_robotics_demo_msgs/srv
[6.412s] -- Installing: /home/zpw/UR3e-ROS2-resources/install/unity_robotics_demo_msgs/include/unity_robotics_demo_msgs/srv/detail
[6.412s] -- Installing: /home/zpw/UR3e-ROS2-resources/install/unity_robotics_demo_msgs/include/unity_robotics_demo_msgs/srv/detail/object_pose_service__type_support.h
[6.413s] -- Installing: /home/zpw/UR3e-ROS2-resources/install/unity_robotics_demo_msgs/include/unity_robotics_demo_msgs/srv/detail/object_pose_service__struct.h
[6.413s] -- Installing: /home/zpw/UR3e-ROS2-resources/install/unity_robotics_demo_msgs/include/unity_robotics_demo_msgs/srv/detail/position_service__functions.c
[6.413s] -- Installing: /home/zpw/UR3e-ROS2-resources/install/unity_robotics_demo_msgs/include/unity_robotics_demo_msgs/srv/detail/position_service__type_support.h
[6.413s] -- Installing: /home/zpw/UR3e-ROS2-resources/install/unity_robotics_demo_msgs/include/unity_robotics_demo_msgs/srv/detail/position_service__struct.h
[6.413s] -- Installing: /home/zpw/UR3e-ROS2-resources/install/unity_robotics_demo_msgs/include/unity_robotics_demo_msgs/srv/detail/object_pose_service__functions.c
[6.413s] -- Installing: /home/zpw/UR3e-ROS2-resources/install/unity_robotics_demo_msgs/include/unity_robotics_demo_msgs/srv/detail/object_pose_service__functions.h
[6.413s] -- Installing: /home/zpw/UR3e-ROS2-resources/install/unity_robotics_demo_msgs/include/unity_robotics_demo_msgs/srv/detail/position_service__functions.h
[6.413s] -- Installing: /home/zpw/UR3e-ROS2-resources/install/unity_robotics_demo_msgs/include/unity_robotics_demo_msgs/srv/position_service.h
[6.414s] -- Installing: /home/zpw/UR3e-ROS2-resources/install/unity_robotics_demo_msgs/include/unity_robotics_demo_msgs/srv/object_pose_service.h
[6.414s] -- Installing: /home/zpw/UR3e-ROS2-resources/install/unity_robotics_demo_msgs/share/unity_robotics_demo_msgs/environment/library_path.sh
[6.414s] -- Installing: /home/zpw/UR3e-ROS2-resources/install/unity_robotics_demo_msgs/share/unity_robotics_demo_msgs/environment/library_path.dsv
[6.414s] -- Installing: /home/zpw/UR3e-ROS2-resources/install/unity_robotics_demo_msgs/lib/libunity_robotics_demo_msgs__rosidl_generator_c.so
[6.414s] -- Set runtime path of "/home/zpw/UR3e-ROS2-resources/install/unity_robotics_demo_msgs/lib/libunity_robotics_demo_msgs__rosidl_generator_c.so" to ""
[6.414s] -- Up-to-date: /home/zpw/UR3e-ROS2-resources/install/unity_robotics_demo_msgs/include/unity_robotics_demo_msgs
[6.414s] -- Up-to-date: /home/zpw/UR3e-ROS2-resources/install/unity_robotics_demo_msgs/include/unity_robotics_demo_msgs/msg
[6.414s] -- Installing: /home/zpw/UR3e-ROS2-resources/install/unity_robotics_demo_msgs/include/unity_robotics_demo_msgs/msg/rosidl_typesupport_fastrtps_c__visibility_control.h
[6.414s] -- Up-to-date: /home/zpw/UR3e-ROS2-resources/install/unity_robotics_demo_msgs/include/unity_robotics_demo_msgs/msg/detail
[6.414s] -- Installing: /home/zpw/UR3e-ROS2-resources/install/unity_robotics_demo_msgs/include/unity_robotics_demo_msgs/msg/detail/unity_color__rosidl_typesupport_fastrtps_c.h
[6.414s] -- Installing: /home/zpw/UR3e-ROS2-resources/install/unity_robotics_demo_msgs/include/unity_robotics_demo_msgs/msg/detail/pos_rot__rosidl_typesupport_fastrtps_c.h
[6.414s] -- Up-to-date: /home/zpw/UR3e-ROS2-resources/install/unity_robotics_demo_msgs/include/unity_robotics_demo_msgs/srv
[6.414s] -- Up-to-date: /home/zpw/UR3e-ROS2-resources/install/unity_robotics_demo_msgs/include/unity_robotics_demo_msgs/srv/detail
[6.414s] -- Installing: /home/zpw/UR3e-ROS2-resources/install/unity_robotics_demo_msgs/include/unity_robotics_demo_msgs/srv/detail/object_pose_service__rosidl_typesupport_fastrtps_c.h
[6.414s] -- Installing: /home/zpw/UR3e-ROS2-resources/install/unity_robotics_demo_msgs/include/unity_robotics_demo_msgs/srv/detail/position_service__rosidl_typesupport_fastrtps_c.h
[6.415s] -- Installing: /home/zpw/UR3e-ROS2-resources/install/unity_robotics_demo_msgs/lib/libunity_robotics_demo_msgs__rosidl_typesupport_fastrtps_c.so
[6.415s] -- Set runtime path of "/home/zpw/UR3e-ROS2-resources/install/unity_robotics_demo_msgs/lib/libunity_robotics_demo_msgs__rosidl_typesupport_fastrtps_c.so" to ""
[6.415s] -- Up-to-date: /home/zpw/UR3e-ROS2-resources/install/unity_robotics_demo_msgs/include/unity_robotics_demo_msgs
[6.415s] -- Up-to-date: /home/zpw/UR3e-ROS2-resources/install/unity_robotics_demo_msgs/include/unity_robotics_demo_msgs/msg
[6.415s] -- Installing: /home/zpw/UR3e-ROS2-resources/install/unity_robotics_demo_msgs/include/unity_robotics_demo_msgs/msg/rosidl_typesupport_fastrtps_cpp__visibility_control.h
[6.415s] -- Up-to-date: /home/zpw/UR3e-ROS2-resources/install/unity_robotics_demo_msgs/include/unity_robotics_demo_msgs/msg/detail
[6.415s] -- Installing: /home/zpw/UR3e-ROS2-resources/install/unity_robotics_demo_msgs/include/unity_robotics_demo_msgs/msg/detail/unity_color__rosidl_typesupport_fastrtps_cpp.hpp
[6.415s] -- Installing: /home/zpw/UR3e-ROS2-resources/install/unity_robotics_demo_msgs/include/unity_robotics_demo_msgs/msg/detail/pos_rot__rosidl_typesupport_fastrtps_cpp.hpp
[6.415s] -- Installing: /home/zpw/UR3e-ROS2-resources/install/unity_robotics_demo_msgs/include/unity_robotics_demo_msgs/msg/detail/dds_fastrtps
[6.415s] -- Up-to-date: /home/zpw/UR3e-ROS2-resources/install/unity_robotics_demo_msgs/include/unity_robotics_demo_msgs/srv
[6.415s] -- Up-to-date: /home/zpw/UR3e-ROS2-resources/install/unity_robotics_demo_msgs/include/unity_robotics_demo_msgs/srv/detail
[6.415s] -- Installing: /home/zpw/UR3e-ROS2-resources/install/unity_robotics_demo_msgs/include/unity_robotics_demo_msgs/srv/detail/dds_fastrtps
[6.415s] -- Installing: /home/zpw/UR3e-ROS2-resources/install/unity_robotics_demo_msgs/include/unity_robotics_demo_msgs/srv/detail/object_pose_service__rosidl_typesupport_fastrtps_cpp.hpp
[6.415s] -- Installing: /home/zpw/UR3e-ROS2-resources/install/unity_robotics_demo_msgs/include/unity_robotics_demo_msgs/srv/detail/position_service__rosidl_typesupport_fastrtps_cpp.hpp
[6.415s] -- Installing: /home/zpw/UR3e-ROS2-resources/install/unity_robotics_demo_msgs/lib/libunity_robotics_demo_msgs__rosidl_typesupport_fastrtps_cpp.so
[6.416s] -- Set runtime path of "/home/zpw/UR3e-ROS2-resources/install/unity_robotics_demo_msgs/lib/libunity_robotics_demo_msgs__rosidl_typesupport_fastrtps_cpp.so" to ""
[6.416s] -- Up-to-date: /home/zpw/UR3e-ROS2-resources/install/unity_robotics_demo_msgs/include/unity_robotics_demo_msgs
[6.416s] -- Up-to-date: /home/zpw/UR3e-ROS2-resources/install/unity_robotics_demo_msgs/include/unity_robotics_demo_msgs/msg
[6.416s] -- Up-to-date: /home/zpw/UR3e-ROS2-resources/install/unity_robotics_demo_msgs/include/unity_robotics_demo_msgs/msg/detail
[6.416s] -- Installing: /home/zpw/UR3e-ROS2-resources/install/unity_robotics_demo_msgs/include/unity_robotics_demo_msgs/msg/detail/unity_color__rosidl_typesupport_introspection_c.h
[6.416s] -- Installing: /home/zpw/UR3e-ROS2-resources/install/unity_robotics_demo_msgs/include/unity_robotics_demo_msgs/msg/detail/unity_color__type_support.c
[6.416s] -- Installing: /home/zpw/UR3e-ROS2-resources/install/unity_robotics_demo_msgs/include/unity_robotics_demo_msgs/msg/detail/pos_rot__rosidl_typesupport_introspection_c.h
[6.416s] -- Installing: /home/zpw/UR3e-ROS2-resources/install/unity_robotics_demo_msgs/include/unity_robotics_demo_msgs/msg/detail/pos_rot__type_support.c
[6.416s] -- Installing: /home/zpw/UR3e-ROS2-resources/install/unity_robotics_demo_msgs/include/unity_robotics_demo_msgs/msg/rosidl_typesupport_introspection_c__visibility_control.h
[6.416s] -- Up-to-date: /home/zpw/UR3e-ROS2-resources/install/unity_robotics_demo_msgs/include/unity_robotics_demo_msgs/srv
[6.416s] -- Up-to-date: /home/zpw/UR3e-ROS2-resources/install/unity_robotics_demo_msgs/include/unity_robotics_demo_msgs/srv/detail
[6.416s] -- Installing: /home/zpw/UR3e-ROS2-resources/install/unity_robotics_demo_msgs/include/unity_robotics_demo_msgs/srv/detail/object_pose_service__type_support.c
[6.416s] -- Installing: /home/zpw/UR3e-ROS2-resources/install/unity_robotics_demo_msgs/include/unity_robotics_demo_msgs/srv/detail/position_service__rosidl_typesupport_introspection_c.h
[6.416s] -- Installing: /home/zpw/UR3e-ROS2-resources/install/unity_robotics_demo_msgs/include/unity_robotics_demo_msgs/srv/detail/position_service__type_support.c
[6.417s] -- Installing: /home/zpw/UR3e-ROS2-resources/install/unity_robotics_demo_msgs/include/unity_robotics_demo_msgs/srv/detail/object_pose_service__rosidl_typesupport_introspection_c.h
[6.417s] -- Installing: /home/zpw/UR3e-ROS2-resources/install/unity_robotics_demo_msgs/lib/libunity_robotics_demo_msgs__rosidl_typesupport_introspection_c.so
[6.417s] -- Set runtime path of "/home/zpw/UR3e-ROS2-resources/install/unity_robotics_demo_msgs/lib/libunity_robotics_demo_msgs__rosidl_typesupport_introspection_c.so" to ""
[6.417s] -- Installing: /home/zpw/UR3e-ROS2-resources/install/unity_robotics_demo_msgs/lib/libunity_robotics_demo_msgs__rosidl_typesupport_c.so
[6.418s] -- Set runtime path of "/home/zpw/UR3e-ROS2-resources/install/unity_robotics_demo_msgs/lib/libunity_robotics_demo_msgs__rosidl_typesupport_c.so" to ""
[6.418s] -- Up-to-date: /home/zpw/UR3e-ROS2-resources/install/unity_robotics_demo_msgs/include/unity_robotics_demo_msgs
[6.418s] -- Up-to-date: /home/zpw/UR3e-ROS2-resources/install/unity_robotics_demo_msgs/include/unity_robotics_demo_msgs/msg
[6.418s] -- Installing: /home/zpw/UR3e-ROS2-resources/install/unity_robotics_demo_msgs/include/unity_robotics_demo_msgs/msg/unity_color.hpp
[6.418s] -- Up-to-date: /home/zpw/UR3e-ROS2-resources/install/unity_robotics_demo_msgs/include/unity_robotics_demo_msgs/msg/detail
[6.418s] -- Installing: /home/zpw/UR3e-ROS2-resources/install/unity_robotics_demo_msgs/include/unity_robotics_demo_msgs/msg/detail/unity_color__struct.hpp
[6.418s] -- Installing: /home/zpw/UR3e-ROS2-resources/install/unity_robotics_demo_msgs/include/unity_robotics_demo_msgs/msg/detail/pos_rot__builder.hpp
[6.418s] -- Installing: /home/zpw/UR3e-ROS2-resources/install/unity_robotics_demo_msgs/include/unity_robotics_demo_msgs/msg/detail/pos_rot__traits.hpp
[6.418s] -- Installing: /home/zpw/UR3e-ROS2-resources/install/unity_robotics_demo_msgs/include/unity_robotics_demo_msgs/msg/detail/unity_color__traits.hpp
[6.418s] -- Installing: /home/zpw/UR3e-ROS2-resources/install/unity_robotics_demo_msgs/include/unity_robotics_demo_msgs/msg/detail/unity_color__builder.hpp
[6.418s] -- Installing: /home/zpw/UR3e-ROS2-resources/install/unity_robotics_demo_msgs/include/unity_robotics_demo_msgs/msg/detail/pos_rot__struct.hpp
[6.418s] -- Installing: /home/zpw/UR3e-ROS2-resources/install/unity_robotics_demo_msgs/include/unity_robotics_demo_msgs/msg/pos_rot.hpp
[6.418s] -- Up-to-date: /home/zpw/UR3e-ROS2-resources/install/unity_robotics_demo_msgs/include/unity_robotics_demo_msgs/srv
[6.419s] -- Installing: /home/zpw/UR3e-ROS2-resources/install/unity_robotics_demo_msgs/include/unity_robotics_demo_msgs/srv/object_pose_service.hpp
[6.419s] -- Installing: /home/zpw/UR3e-ROS2-resources/install/unity_robotics_demo_msgs/include/unity_robotics_demo_msgs/srv/position_service.hpp
[6.419s] -- Up-to-date: /home/zpw/UR3e-ROS2-resources/install/unity_robotics_demo_msgs/include/unity_robotics_demo_msgs/srv/detail
[6.419s] -- Installing: /home/zpw/UR3e-ROS2-resources/install/unity_robotics_demo_msgs/include/unity_robotics_demo_msgs/srv/detail/object_pose_service__struct.hpp
[6.419s] -- Installing: /home/zpw/UR3e-ROS2-resources/install/unity_robotics_demo_msgs/include/unity_robotics_demo_msgs/srv/detail/object_pose_service__traits.hpp
[6.419s] -- Installing: /home/zpw/UR3e-ROS2-resources/install/unity_robotics_demo_msgs/include/unity_robotics_demo_msgs/srv/detail/position_service__traits.hpp
[6.419s] -- Installing: /home/zpw/UR3e-ROS2-resources/install/unity_robotics_demo_msgs/include/unity_robotics_demo_msgs/srv/detail/position_service__struct.hpp
[6.419s] -- Installing: /home/zpw/UR3e-ROS2-resources/install/unity_robotics_demo_msgs/include/unity_robotics_demo_msgs/srv/detail/object_pose_service__builder.hpp
[6.419s] -- Installing: /home/zpw/UR3e-ROS2-resources/install/unity_robotics_demo_msgs/include/unity_robotics_demo_msgs/srv/detail/position_service__builder.hpp
[6.419s] -- Up-to-date: /home/zpw/UR3e-ROS2-resources/install/unity_robotics_demo_msgs/include/unity_robotics_demo_msgs
[6.419s] -- Up-to-date: /home/zpw/UR3e-ROS2-resources/install/unity_robotics_demo_msgs/include/unity_robotics_demo_msgs/msg
[6.419s] -- Up-to-date: /home/zpw/UR3e-ROS2-resources/install/unity_robotics_demo_msgs/include/unity_robotics_demo_msgs/msg/detail
[6.419s] -- Installing: /home/zpw/UR3e-ROS2-resources/install/unity_robotics_demo_msgs/include/unity_robotics_demo_msgs/msg/detail/pos_rot__rosidl_typesupport_introspection_cpp.hpp
[6.419s] -- Installing: /home/zpw/UR3e-ROS2-resources/install/unity_robotics_demo_msgs/include/unity_robotics_demo_msgs/msg/detail/unity_color__type_support.cpp
[6.419s] -- Installing: /home/zpw/UR3e-ROS2-resources/install/unity_robotics_demo_msgs/include/unity_robotics_demo_msgs/msg/detail/pos_rot__type_support.cpp
[6.420s] -- Installing: /home/zpw/UR3e-ROS2-resources/install/unity_robotics_demo_msgs/include/unity_robotics_demo_msgs/msg/detail/unity_color__rosidl_typesupport_introspection_cpp.hpp
[6.420s] -- Up-to-date: /home/zpw/UR3e-ROS2-resources/install/unity_robotics_demo_msgs/include/unity_robotics_demo_msgs/srv
[6.420s] -- Up-to-date: /home/zpw/UR3e-ROS2-resources/install/unity_robotics_demo_msgs/include/unity_robotics_demo_msgs/srv/detail
[6.420s] -- Installing: /home/zpw/UR3e-ROS2-resources/install/unity_robotics_demo_msgs/include/unity_robotics_demo_msgs/srv/detail/object_pose_service__type_support.cpp
[6.420s] -- Installing: /home/zpw/UR3e-ROS2-resources/install/unity_robotics_demo_msgs/include/unity_robotics_demo_msgs/srv/detail/position_service__rosidl_typesupport_introspection_cpp.hpp
[6.420s] -- Installing: /home/zpw/UR3e-ROS2-resources/install/unity_robotics_demo_msgs/include/unity_robotics_demo_msgs/srv/detail/position_service__type_support.cpp
[6.420s] -- Installing: /home/zpw/UR3e-ROS2-resources/install/unity_robotics_demo_msgs/include/unity_robotics_demo_msgs/srv/detail/object_pose_service__rosidl_typesupport_introspection_cpp.hpp
[6.420s] -- Installing: /home/zpw/UR3e-ROS2-resources/install/unity_robotics_demo_msgs/lib/libunity_robotics_demo_msgs__rosidl_typesupport_introspection_cpp.so
[6.420s] -- Set runtime path of "/home/zpw/UR3e-ROS2-resources/install/unity_robotics_demo_msgs/lib/libunity_robotics_demo_msgs__rosidl_typesupport_introspection_cpp.so" to ""
[6.420s] -- Installing: /home/zpw/UR3e-ROS2-resources/install/unity_robotics_demo_msgs/lib/libunity_robotics_demo_msgs__rosidl_typesupport_cpp.so
[6.420s] -- Set runtime path of "/home/zpw/UR3e-ROS2-resources/install/unity_robotics_demo_msgs/lib/libunity_robotics_demo_msgs__rosidl_typesupport_cpp.so" to ""
[6.420s] -- Installing: /home/zpw/UR3e-ROS2-resources/install/unity_robotics_demo_msgs/share/unity_robotics_demo_msgs/environment/pythonpath.sh
[6.420s] -- Installing: /home/zpw/UR3e-ROS2-resources/install/unity_robotics_demo_msgs/share/unity_robotics_demo_msgs/environment/pythonpath.dsv
[6.420s] -- Installing: /home/zpw/UR3e-ROS2-resources/install/unity_robotics_demo_msgs/lib/python3.8/site-packages/unity_robotics_demo_msgs/__init__.py
[6.453s] Compiling '/home/zpw/UR3e-ROS2-resources/install/unity_robotics_demo_msgs/lib/python3.8/site-packages/unity_robotics_demo_msgs/__init__.py'...
[6.457s] -- Installing: /home/zpw/UR3e-ROS2-resources/install/unity_robotics_demo_msgs/lib/python3.8/site-packages/unity_robotics_demo_msgs/msg
[6.457s] -- Installing: /home/zpw/UR3e-ROS2-resources/install/unity_robotics_demo_msgs/lib/python3.8/site-packages/unity_robotics_demo_msgs/msg/_pos_rot.py
[6.457s] -- Installing: /home/zpw/UR3e-ROS2-resources/install/unity_robotics_demo_msgs/lib/python3.8/site-packages/unity_robotics_demo_msgs/msg/_pos_rot_s.c
[6.458s] -- Installing: /home/zpw/UR3e-ROS2-resources/install/unity_robotics_demo_msgs/lib/python3.8/site-packages/unity_robotics_demo_msgs/msg/__init__.py
[6.458s] -- Installing: /home/zpw/UR3e-ROS2-resources/install/unity_robotics_demo_msgs/lib/python3.8/site-packages/unity_robotics_demo_msgs/msg/_unity_color_s.c
[6.458s] -- Installing: /home/zpw/UR3e-ROS2-resources/install/unity_robotics_demo_msgs/lib/python3.8/site-packages/unity_robotics_demo_msgs/msg/_unity_color.py
[6.458s] -- Installing: /home/zpw/UR3e-ROS2-resources/install/unity_robotics_demo_msgs/lib/python3.8/site-packages/unity_robotics_demo_msgs/srv
[6.458s] -- Installing: /home/zpw/UR3e-ROS2-resources/install/unity_robotics_demo_msgs/lib/python3.8/site-packages/unity_robotics_demo_msgs/srv/_position_service.py
[6.458s] -- Installing: /home/zpw/UR3e-ROS2-resources/install/unity_robotics_demo_msgs/lib/python3.8/site-packages/unity_robotics_demo_msgs/srv/__init__.py
[6.458s] -- Installing: /home/zpw/UR3e-ROS2-resources/install/unity_robotics_demo_msgs/lib/python3.8/site-packages/unity_robotics_demo_msgs/srv/_object_pose_service_s.c
[6.458s] -- Installing: /home/zpw/UR3e-ROS2-resources/install/unity_robotics_demo_msgs/lib/python3.8/site-packages/unity_robotics_demo_msgs/srv/_object_pose_service.py
[6.459s] -- Installing: /home/zpw/UR3e-ROS2-resources/install/unity_robotics_demo_msgs/lib/python3.8/site-packages/unity_robotics_demo_msgs/srv/_position_service_s.c
[6.459s] -- Installing: /home/zpw/UR3e-ROS2-resources/install/unity_robotics_demo_msgs/lib/python3.8/site-packages/unity_robotics_demo_msgs/unity_robotics_demo_msgs_s__rosidl_typesupport_fastrtps_c.cpython-38-x86_64-linux-gnu.so
[6.460s] -- Set runtime path of "/home/zpw/UR3e-ROS2-resources/install/unity_robotics_demo_msgs/lib/python3.8/site-packages/unity_robotics_demo_msgs/unity_robotics_demo_msgs_s__rosidl_typesupport_fastrtps_c.cpython-38-x86_64-linux-gnu.so" to ""
[6.461s] -- Installing: /home/zpw/UR3e-ROS2-resources/install/unity_robotics_demo_msgs/lib/python3.8/site-packages/unity_robotics_demo_msgs/unity_robotics_demo_msgs_s__rosidl_typesupport_introspection_c.cpython-38-x86_64-linux-gnu.so
[6.463s] -- Set runtime path of "/home/zpw/UR3e-ROS2-resources/install/unity_robotics_demo_msgs/lib/python3.8/site-packages/unity_robotics_demo_msgs/unity_robotics_demo_msgs_s__rosidl_typesupport_introspection_c.cpython-38-x86_64-linux-gnu.so" to ""
[6.463s] -- Installing: /home/zpw/UR3e-ROS2-resources/install/unity_robotics_demo_msgs/lib/python3.8/site-packages/unity_robotics_demo_msgs/unity_robotics_demo_msgs_s__rosidl_typesupport_c.cpython-38-x86_64-linux-gnu.so
[6.465s] -- Set runtime path of "/home/zpw/UR3e-ROS2-resources/install/unity_robotics_demo_msgs/lib/python3.8/site-packages/unity_robotics_demo_msgs/unity_robotics_demo_msgs_s__rosidl_typesupport_c.cpython-38-x86_64-linux-gnu.so" to ""
[6.466s] -- Installing: /home/zpw/UR3e-ROS2-resources/install/unity_robotics_demo_msgs/lib/libunity_robotics_demo_msgs__python.so
[6.466s] -- Set runtime path of "/home/zpw/UR3e-ROS2-resources/install/unity_robotics_demo_msgs/lib/libunity_robotics_demo_msgs__python.so" to ""
[6.466s] -- Installing: /home/zpw/UR3e-ROS2-resources/install/unity_robotics_demo_msgs/share/unity_robotics_demo_msgs/msg/PosRot.idl
[6.466s] -- Installing: /home/zpw/UR3e-ROS2-resources/install/unity_robotics_demo_msgs/share/unity_robotics_demo_msgs/msg/UnityColor.idl
[6.466s] -- Installing: /home/zpw/UR3e-ROS2-resources/install/unity_robotics_demo_msgs/share/unity_robotics_demo_msgs/srv/PositionService.idl
[6.466s] -- Installing: /home/zpw/UR3e-ROS2-resources/install/unity_robotics_demo_msgs/share/unity_robotics_demo_msgs/srv/ObjectPoseService.idl
[6.466s] -- Installing: /home/zpw/UR3e-ROS2-resources/install/unity_robotics_demo_msgs/share/unity_robotics_demo_msgs/msg/PosRot.msg
[6.466s] -- Installing: /home/zpw/UR3e-ROS2-resources/install/unity_robotics_demo_msgs/share/unity_robotics_demo_msgs/msg/UnityColor.msg
[6.467s] -- Installing: /home/zpw/UR3e-ROS2-resources/install/unity_robotics_demo_msgs/share/unity_robotics_demo_msgs/srv/PositionService.srv
[6.467s] -- Installing: /home/zpw/UR3e-ROS2-resources/install/unity_robotics_demo_msgs/share/unity_robotics_demo_msgs/srv/PositionService_Request.msg
[6.467s] -- Installing: /home/zpw/UR3e-ROS2-resources/install/unity_robotics_demo_msgs/share/unity_robotics_demo_msgs/srv/PositionService_Response.msg
[6.467s] -- Installing: /home/zpw/UR3e-ROS2-resources/install/unity_robotics_demo_msgs/share/unity_robotics_demo_msgs/srv/ObjectPoseService.srv
[6.467s] -- Installing: /home/zpw/UR3e-ROS2-resources/install/unity_robotics_demo_msgs/share/unity_robotics_demo_msgs/srv/ObjectPoseService_Request.msg
[6.467s] -- Installing: /home/zpw/UR3e-ROS2-resources/install/unity_robotics_demo_msgs/share/unity_robotics_demo_msgs/srv/ObjectPoseService_Response.msg
[6.467s] -- Installing: /home/zpw/UR3e-ROS2-resources/install/unity_robotics_demo_msgs/share/ament_index/resource_index/package_run_dependencies/unity_robotics_demo_msgs
[6.468s] -- Installing: /home/zpw/UR3e-ROS2-resources/install/unity_robotics_demo_msgs/share/ament_index/resource_index/parent_prefix_path/unity_robotics_demo_msgs
[6.468s] -- Installing: /home/zpw/UR3e-ROS2-resources/install/unity_robotics_demo_msgs/share/unity_robotics_demo_msgs/environment/ament_prefix_path.sh
[6.468s] -- Installing: /home/zpw/UR3e-ROS2-resources/install/unity_robotics_demo_msgs/share/unity_robotics_demo_msgs/environment/ament_prefix_path.dsv
[6.468s] -- Installing: /home/zpw/UR3e-ROS2-resources/install/unity_robotics_demo_msgs/share/unity_robotics_demo_msgs/environment/path.sh
[6.468s] -- Installing: /home/zpw/UR3e-ROS2-resources/install/unity_robotics_demo_msgs/share/unity_robotics_demo_msgs/environment/path.dsv
[6.468s] -- Installing: /home/zpw/UR3e-ROS2-resources/install/unity_robotics_demo_msgs/share/unity_robotics_demo_msgs/local_setup.bash
[6.469s] -- Installing: /home/zpw/UR3e-ROS2-resources/install/unity_robotics_demo_msgs/share/unity_robotics_demo_msgs/local_setup.sh
[6.469s] -- Installing: /home/zpw/UR3e-ROS2-resources/install/unity_robotics_demo_msgs/share/unity_robotics_demo_msgs/local_setup.zsh
[6.469s] -- Installing: /home/zpw/UR3e-ROS2-resources/install/unity_robotics_demo_msgs/share/unity_robotics_demo_msgs/local_setup.dsv
[6.469s] -- Installing: /home/zpw/UR3e-ROS2-resources/install/unity_robotics_demo_msgs/share/unity_robotics_demo_msgs/package.dsv
[6.469s] -- Installing: /home/zpw/UR3e-ROS2-resources/install/unity_robotics_demo_msgs/share/ament_index/resource_index/packages/unity_robotics_demo_msgs
[6.469s] -- Installing: /home/zpw/UR3e-ROS2-resources/install/unity_robotics_demo_msgs/share/unity_robotics_demo_msgs/cmake/unity_robotics_demo_msgs__rosidl_generator_cExport.cmake
[6.469s] -- Installing: /home/zpw/UR3e-ROS2-resources/install/unity_robotics_demo_msgs/share/unity_robotics_demo_msgs/cmake/unity_robotics_demo_msgs__rosidl_generator_cExport-noconfig.cmake
[6.470s] -- Installing: /home/zpw/UR3e-ROS2-resources/install/unity_robotics_demo_msgs/share/unity_robotics_demo_msgs/cmake/unity_robotics_demo_msgs__rosidl_typesupport_introspection_cExport.cmake
[6.470s] -- Installing: /home/zpw/UR3e-ROS2-resources/install/unity_robotics_demo_msgs/share/unity_robotics_demo_msgs/cmake/unity_robotics_demo_msgs__rosidl_typesupport_introspection_cExport-noconfig.cmake
[6.470s] -- Installing: /home/zpw/UR3e-ROS2-resources/install/unity_robotics_demo_msgs/share/unity_robotics_demo_msgs/cmake/unity_robotics_demo_msgs__rosidl_typesupport_cExport.cmake
[6.471s] -- Installing: /home/zpw/UR3e-ROS2-resources/install/unity_robotics_demo_msgs/share/unity_robotics_demo_msgs/cmake/unity_robotics_demo_msgs__rosidl_typesupport_cExport-noconfig.cmake
[6.471s] -- Installing: /home/zpw/UR3e-ROS2-resources/install/unity_robotics_demo_msgs/share/unity_robotics_demo_msgs/cmake/unity_robotics_demo_msgs__rosidl_generator_cppExport.cmake
[6.471s] -- Installing: /home/zpw/UR3e-ROS2-resources/install/unity_robotics_demo_msgs/share/unity_robotics_demo_msgs/cmake/unity_robotics_demo_msgs__rosidl_typesupport_introspection_cppExport.cmake
[6.471s] -- Installing: /home/zpw/UR3e-ROS2-resources/install/unity_robotics_demo_msgs/share/unity_robotics_demo_msgs/cmake/unity_robotics_demo_msgs__rosidl_typesupport_introspection_cppExport-noconfig.cmake
[6.471s] -- Installing: /home/zpw/UR3e-ROS2-resources/install/unity_robotics_demo_msgs/share/unity_robotics_demo_msgs/cmake/unity_robotics_demo_msgs__rosidl_typesupport_cppExport.cmake
[6.471s] -- Installing: /home/zpw/UR3e-ROS2-resources/install/unity_robotics_demo_msgs/share/unity_robotics_demo_msgs/cmake/unity_robotics_demo_msgs__rosidl_typesupport_cppExport-noconfig.cmake
[6.471s] -- Installing: /home/zpw/UR3e-ROS2-resources/install/unity_robotics_demo_msgs/share/unity_robotics_demo_msgs/cmake/rosidl_cmake-extras.cmake
[6.471s] -- Installing: /home/zpw/UR3e-ROS2-resources/install/unity_robotics_demo_msgs/share/unity_robotics_demo_msgs/cmake/ament_cmake_export_dependencies-extras.cmake
[6.472s] -- Installing: /home/zpw/UR3e-ROS2-resources/install/unity_robotics_demo_msgs/share/unity_robotics_demo_msgs/cmake/ament_cmake_export_libraries-extras.cmake
[6.472s] -- Installing: /home/zpw/UR3e-ROS2-resources/install/unity_robotics_demo_msgs/share/unity_robotics_demo_msgs/cmake/ament_cmake_export_targets-extras.cmake
[6.472s] -- Installing: /home/zpw/UR3e-ROS2-resources/install/unity_robotics_demo_msgs/share/unity_robotics_demo_msgs/cmake/ament_cmake_export_include_directories-extras.cmake
[6.472s] -- Installing: /home/zpw/UR3e-ROS2-resources/install/unity_robotics_demo_msgs/share/unity_robotics_demo_msgs/cmake/rosidl_cmake_export_typesupport_libraries-extras.cmake
[6.472s] -- Installing: /home/zpw/UR3e-ROS2-resources/install/unity_robotics_demo_msgs/share/unity_robotics_demo_msgs/cmake/rosidl_cmake_export_typesupport_targets-extras.cmake
[6.472s] -- Installing: /home/zpw/UR3e-ROS2-resources/install/unity_robotics_demo_msgs/share/unity_robotics_demo_msgs/cmake/unity_robotics_demo_msgsConfig.cmake
[6.472s] -- Installing: /home/zpw/UR3e-ROS2-resources/install/unity_robotics_demo_msgs/share/unity_robotics_demo_msgs/cmake/unity_robotics_demo_msgsConfig-version.cmake
[6.472s] -- Installing: /home/zpw/UR3e-ROS2-resources/install/unity_robotics_demo_msgs/share/unity_robotics_demo_msgs/package.xml
[6.477s] Invoked command in '/home/zpw/UR3e-ROS2-resources/build/unity_robotics_demo_msgs' returned '0': CMAKE_PREFIX_PATH=${CMAKE_PREFIX_PATH}:/home/zpw/UR3e-ROS2-resources/install/vr_connector:/opt/ros/foxy /usr/bin/cmake --install /home/zpw/UR3e-ROS2-resources/build/unity_robotics_demo_msgs
