[0.234s] Invoking command in '/home/zpw/UR3e-ROS2-resources/build/ur_msgs': CMAKE_PREFIX_PATH=${CMAKE_PREFIX_PATH}:/home/zpw/UR3e-ROS2-resources/install/vr_connector:/home/zpw/UR3e-ROS2-resources/install/unity_robotics_demo:/home/zpw/UR3e-ROS2-resources/install/ros_tcp_endpoint:/opt/ros/foxy /usr/bin/cmake --build /home/zpw/UR3e-ROS2-resources/build/ur_msgs -- -j16 -l16
[2.683s] [  0%] Built target ur_msgs__cpp
[2.683s] [ 12%] Built target ur_msgs__rosidl_generator_c
[2.683s] [ 24%] Built target ur_msgs__rosidl_typesupport_introspection_cpp
[2.683s] [ 36%] Built target ur_msgs__rosidl_typesupport_introspection_c
[2.684s] [ 47%] Built target ur_msgs__rosidl_typesupport_c
[2.686s] [ 59%] Built target ur_msgs__rosidl_typesupport_cpp
[2.697s] [ 70%] Built target ur_msgs__rosidl_typesupport_fastrtps_cpp
[2.698s] [ 82%] Built target ur_msgs__rosidl_typesupport_fastrtps_c
[2.712s] [ 82%] Built target ur_msgs
[2.716s] [ 83%] Built target ur_msgs__py
[2.727s] [ 94%] Built target ur_msgs__python
[2.736s] [ 96%] Built target ur_msgs__rosidl_typesupport_c__pyext
[2.742s] [ 98%] Built target ur_msgs__rosidl_typesupport_fastrtps_c__pyext
[2.743s] [100%] Built target ur_msgs__rosidl_typesupport_introspection_c__pyext
[2.771s] Invoked command in '/home/zpw/UR3e-ROS2-resources/build/ur_msgs' returned '0': CMAKE_PREFIX_PATH=${CMAKE_PREFIX_PATH}:/home/zpw/UR3e-ROS2-resources/install/vr_connector:/home/zpw/UR3e-ROS2-resources/install/unity_robotics_demo:/home/zpw/UR3e-ROS2-resources/install/ros_tcp_endpoint:/opt/ros/foxy /usr/bin/cmake --build /home/zpw/UR3e-ROS2-resources/build/ur_msgs -- -j16 -l16
[3.559s] Invoking command in '/home/zpw/UR3e-ROS2-resources/build/ur_msgs': CMAKE_PREFIX_PATH=${CMAKE_PREFIX_PATH}:/home/zpw/UR3e-ROS2-resources/install/vr_connector:/home/zpw/UR3e-ROS2-resources/install/unity_robotics_demo:/home/zpw/UR3e-ROS2-resources/install/ros_tcp_endpoint:/opt/ros/foxy /usr/bin/cmake --install /home/zpw/UR3e-ROS2-resources/build/ur_msgs
[3.899s] -- Install configuration: ""
[3.903s] -- Execute custom install script
[3.905s] -- Up-to-date symlink: /home/zpw/UR3e-ROS2-resources/install/ur_msgs/share/ament_index/resource_index/rosidl_interfaces/ur_msgs
[3.908s] -- Up-to-date symlink: /home/zpw/UR3e-ROS2-resources/install/ur_msgs/include/ur_msgs/msg/analog.h
[3.919s] -- Up-to-date symlink: /home/zpw/UR3e-ROS2-resources/install/ur_msgs/include/ur_msgs/msg/detail/analog__functions.h
[3.924s] -- Up-to-date symlink: /home/zpw/UR3e-ROS2-resources/install/ur_msgs/include/ur_msgs/msg/detail/analog__struct.h
[3.927s] -- Up-to-date symlink: /home/zpw/UR3e-ROS2-resources/install/ur_msgs/include/ur_msgs/msg/detail/analog__type_support.h
[3.930s] -- Up-to-date symlink: /home/zpw/UR3e-ROS2-resources/install/ur_msgs/include/ur_msgs/msg/detail/digital__functions.h
[3.938s] -- Up-to-date symlink: /home/zpw/UR3e-ROS2-resources/install/ur_msgs/include/ur_msgs/msg/detail/digital__struct.h
[3.941s] -- Up-to-date symlink: /home/zpw/UR3e-ROS2-resources/install/ur_msgs/include/ur_msgs/msg/detail/digital__type_support.h
[3.946s] -- Up-to-date symlink: /home/zpw/UR3e-ROS2-resources/install/ur_msgs/include/ur_msgs/msg/detail/io_states__functions.h
[3.950s] -- Up-to-date symlink: /home/zpw/UR3e-ROS2-resources/install/ur_msgs/include/ur_msgs/msg/detail/io_states__struct.h
[3.952s] -- Up-to-date symlink: /home/zpw/UR3e-ROS2-resources/install/ur_msgs/include/ur_msgs/msg/detail/io_states__type_support.h
[3.955s] -- Up-to-date symlink: /home/zpw/UR3e-ROS2-resources/install/ur_msgs/include/ur_msgs/msg/detail/masterboard_data_msg__functions.h
[3.957s] -- Up-to-date symlink: /home/zpw/UR3e-ROS2-resources/install/ur_msgs/include/ur_msgs/msg/detail/masterboard_data_msg__struct.h
[3.957s] -- Up-to-date symlink: /home/zpw/UR3e-ROS2-resources/install/ur_msgs/include/ur_msgs/msg/detail/masterboard_data_msg__type_support.h
[3.957s] -- Up-to-date symlink: /home/zpw/UR3e-ROS2-resources/install/ur_msgs/include/ur_msgs/msg/detail/robot_mode_data_msg__functions.h
[3.957s] -- Up-to-date symlink: /home/zpw/UR3e-ROS2-resources/install/ur_msgs/include/ur_msgs/msg/detail/robot_mode_data_msg__struct.h
[3.957s] -- Up-to-date symlink: /home/zpw/UR3e-ROS2-resources/install/ur_msgs/include/ur_msgs/msg/detail/robot_mode_data_msg__type_support.h
[3.958s] -- Up-to-date symlink: /home/zpw/UR3e-ROS2-resources/install/ur_msgs/include/ur_msgs/msg/detail/robot_state_rt_msg__functions.h
[3.966s] -- Up-to-date symlink: /home/zpw/UR3e-ROS2-resources/install/ur_msgs/include/ur_msgs/msg/detail/robot_state_rt_msg__struct.h
[3.973s] -- Up-to-date symlink: /home/zpw/UR3e-ROS2-resources/install/ur_msgs/include/ur_msgs/msg/detail/robot_state_rt_msg__type_support.h
[3.973s] -- Up-to-date symlink: /home/zpw/UR3e-ROS2-resources/install/ur_msgs/include/ur_msgs/msg/detail/tool_data_msg__functions.h
[3.974s] -- Up-to-date symlink: /home/zpw/UR3e-ROS2-resources/install/ur_msgs/include/ur_msgs/msg/detail/tool_data_msg__struct.h
[3.974s] -- Up-to-date symlink: /home/zpw/UR3e-ROS2-resources/install/ur_msgs/include/ur_msgs/msg/detail/tool_data_msg__type_support.h
[3.974s] -- Up-to-date symlink: /home/zpw/UR3e-ROS2-resources/install/ur_msgs/include/ur_msgs/msg/digital.h
[3.974s] -- Up-to-date symlink: /home/zpw/UR3e-ROS2-resources/install/ur_msgs/include/ur_msgs/msg/io_states.h
[3.975s] -- Up-to-date symlink: /home/zpw/UR3e-ROS2-resources/install/ur_msgs/include/ur_msgs/msg/masterboard_data_msg.h
[3.977s] -- Up-to-date symlink: /home/zpw/UR3e-ROS2-resources/install/ur_msgs/include/ur_msgs/msg/robot_mode_data_msg.h
[3.980s] -- Up-to-date symlink: /home/zpw/UR3e-ROS2-resources/install/ur_msgs/include/ur_msgs/msg/robot_state_rt_msg.h
[3.994s] -- Up-to-date symlink: /home/zpw/UR3e-ROS2-resources/install/ur_msgs/include/ur_msgs/msg/rosidl_generator_c__visibility_control.h
[3.996s] -- Up-to-date symlink: /home/zpw/UR3e-ROS2-resources/install/ur_msgs/include/ur_msgs/msg/tool_data_msg.h
[3.998s] -- Up-to-date symlink: /home/zpw/UR3e-ROS2-resources/install/ur_msgs/include/ur_msgs/srv/detail/set_io__functions.h
[4.001s] -- Up-to-date symlink: /home/zpw/UR3e-ROS2-resources/install/ur_msgs/include/ur_msgs/srv/detail/set_io__struct.h
[4.003s] -- Up-to-date symlink: /home/zpw/UR3e-ROS2-resources/install/ur_msgs/include/ur_msgs/srv/detail/set_io__type_support.h
[4.004s] -- Up-to-date symlink: /home/zpw/UR3e-ROS2-resources/install/ur_msgs/include/ur_msgs/srv/detail/set_payload__functions.h
[4.004s] -- Up-to-date symlink: /home/zpw/UR3e-ROS2-resources/install/ur_msgs/include/ur_msgs/srv/detail/set_payload__struct.h
[4.004s] -- Up-to-date symlink: /home/zpw/UR3e-ROS2-resources/install/ur_msgs/include/ur_msgs/srv/detail/set_payload__type_support.h
[4.004s] -- Up-to-date symlink: /home/zpw/UR3e-ROS2-resources/install/ur_msgs/include/ur_msgs/srv/detail/set_speed_slider_fraction__functions.h
[4.004s] -- Up-to-date symlink: /home/zpw/UR3e-ROS2-resources/install/ur_msgs/include/ur_msgs/srv/detail/set_speed_slider_fraction__struct.h
[4.004s] -- Up-to-date symlink: /home/zpw/UR3e-ROS2-resources/install/ur_msgs/include/ur_msgs/srv/detail/set_speed_slider_fraction__type_support.h
[4.004s] -- Up-to-date symlink: /home/zpw/UR3e-ROS2-resources/install/ur_msgs/include/ur_msgs/srv/set_io.h
[4.004s] -- Up-to-date symlink: /home/zpw/UR3e-ROS2-resources/install/ur_msgs/include/ur_msgs/srv/set_payload.h
[4.004s] -- Up-to-date symlink: /home/zpw/UR3e-ROS2-resources/install/ur_msgs/include/ur_msgs/srv/set_speed_slider_fraction.h
[4.005s] -- Up-to-date symlink: /home/zpw/UR3e-ROS2-resources/install/ur_msgs/share/ur_msgs/environment/library_path.sh
[4.005s] -- Up-to-date symlink: /home/zpw/UR3e-ROS2-resources/install/ur_msgs/share/ur_msgs/environment/library_path.dsv
[4.006s] -- Up-to-date symlink: /home/zpw/UR3e-ROS2-resources/install/ur_msgs/include/ur_msgs/msg/detail/analog__rosidl_typesupport_fastrtps_c.h
[4.007s] -- Up-to-date symlink: /home/zpw/UR3e-ROS2-resources/install/ur_msgs/include/ur_msgs/msg/detail/digital__rosidl_typesupport_fastrtps_c.h
[4.009s] -- Up-to-date symlink: /home/zpw/UR3e-ROS2-resources/install/ur_msgs/include/ur_msgs/msg/detail/io_states__rosidl_typesupport_fastrtps_c.h
[4.011s] -- Up-to-date symlink: /home/zpw/UR3e-ROS2-resources/install/ur_msgs/include/ur_msgs/msg/detail/masterboard_data_msg__rosidl_typesupport_fastrtps_c.h
[4.013s] -- Up-to-date symlink: /home/zpw/UR3e-ROS2-resources/install/ur_msgs/include/ur_msgs/msg/detail/robot_mode_data_msg__rosidl_typesupport_fastrtps_c.h
[4.020s] -- Up-to-date symlink: /home/zpw/UR3e-ROS2-resources/install/ur_msgs/include/ur_msgs/msg/detail/robot_state_rt_msg__rosidl_typesupport_fastrtps_c.h
[4.024s] -- Up-to-date symlink: /home/zpw/UR3e-ROS2-resources/install/ur_msgs/include/ur_msgs/msg/detail/tool_data_msg__rosidl_typesupport_fastrtps_c.h
[4.028s] -- Up-to-date symlink: /home/zpw/UR3e-ROS2-resources/install/ur_msgs/include/ur_msgs/msg/rosidl_typesupport_fastrtps_c__visibility_control.h
[4.033s] -- Up-to-date symlink: /home/zpw/UR3e-ROS2-resources/install/ur_msgs/include/ur_msgs/srv/detail/set_io__rosidl_typesupport_fastrtps_c.h
[4.035s] -- Up-to-date symlink: /home/zpw/UR3e-ROS2-resources/install/ur_msgs/include/ur_msgs/srv/detail/set_payload__rosidl_typesupport_fastrtps_c.h
[4.036s] -- Up-to-date symlink: /home/zpw/UR3e-ROS2-resources/install/ur_msgs/include/ur_msgs/srv/detail/set_speed_slider_fraction__rosidl_typesupport_fastrtps_c.h
[4.036s] -- Up-to-date symlink: /home/zpw/UR3e-ROS2-resources/install/ur_msgs/lib/libur_msgs__rosidl_typesupport_fastrtps_c.so
[4.037s] -- Up-to-date symlink: /home/zpw/UR3e-ROS2-resources/install/ur_msgs/include/ur_msgs/msg/detail/analog__rosidl_typesupport_fastrtps_cpp.hpp
[4.037s] -- Up-to-date symlink: /home/zpw/UR3e-ROS2-resources/install/ur_msgs/include/ur_msgs/msg/detail/digital__rosidl_typesupport_fastrtps_cpp.hpp
[4.037s] -- Up-to-date symlink: /home/zpw/UR3e-ROS2-resources/install/ur_msgs/include/ur_msgs/msg/detail/io_states__rosidl_typesupport_fastrtps_cpp.hpp
[4.037s] -- Up-to-date symlink: /home/zpw/UR3e-ROS2-resources/install/ur_msgs/include/ur_msgs/msg/detail/masterboard_data_msg__rosidl_typesupport_fastrtps_cpp.hpp
[4.038s] -- Up-to-date symlink: /home/zpw/UR3e-ROS2-resources/install/ur_msgs/include/ur_msgs/msg/detail/robot_mode_data_msg__rosidl_typesupport_fastrtps_cpp.hpp
[4.044s] -- Up-to-date symlink: /home/zpw/UR3e-ROS2-resources/install/ur_msgs/include/ur_msgs/msg/detail/robot_state_rt_msg__rosidl_typesupport_fastrtps_cpp.hpp
[4.045s] -- Up-to-date symlink: /home/zpw/UR3e-ROS2-resources/install/ur_msgs/include/ur_msgs/msg/detail/tool_data_msg__rosidl_typesupport_fastrtps_cpp.hpp
[4.050s] -- Up-to-date symlink: /home/zpw/UR3e-ROS2-resources/install/ur_msgs/include/ur_msgs/msg/rosidl_typesupport_fastrtps_cpp__visibility_control.h
[4.053s] -- Up-to-date symlink: /home/zpw/UR3e-ROS2-resources/install/ur_msgs/include/ur_msgs/srv/detail/set_io__rosidl_typesupport_fastrtps_cpp.hpp
[4.053s] -- Up-to-date symlink: /home/zpw/UR3e-ROS2-resources/install/ur_msgs/include/ur_msgs/srv/detail/set_payload__rosidl_typesupport_fastrtps_cpp.hpp
[4.053s] -- Up-to-date symlink: /home/zpw/UR3e-ROS2-resources/install/ur_msgs/include/ur_msgs/srv/detail/set_speed_slider_fraction__rosidl_typesupport_fastrtps_cpp.hpp
[4.053s] -- Up-to-date symlink: /home/zpw/UR3e-ROS2-resources/install/ur_msgs/lib/libur_msgs__rosidl_typesupport_fastrtps_cpp.so
[4.053s] -- Up-to-date symlink: /home/zpw/UR3e-ROS2-resources/install/ur_msgs/include/ur_msgs/msg/detail/analog__rosidl_typesupport_introspection_c.h
[4.054s] -- Up-to-date symlink: /home/zpw/UR3e-ROS2-resources/install/ur_msgs/include/ur_msgs/msg/detail/digital__rosidl_typesupport_introspection_c.h
[4.054s] -- Up-to-date symlink: /home/zpw/UR3e-ROS2-resources/install/ur_msgs/include/ur_msgs/msg/detail/io_states__rosidl_typesupport_introspection_c.h
[4.057s] -- Up-to-date symlink: /home/zpw/UR3e-ROS2-resources/install/ur_msgs/include/ur_msgs/msg/detail/masterboard_data_msg__rosidl_typesupport_introspection_c.h
[4.059s] -- Up-to-date symlink: /home/zpw/UR3e-ROS2-resources/install/ur_msgs/include/ur_msgs/msg/detail/robot_mode_data_msg__rosidl_typesupport_introspection_c.h
[4.063s] -- Up-to-date symlink: /home/zpw/UR3e-ROS2-resources/install/ur_msgs/include/ur_msgs/msg/detail/robot_state_rt_msg__rosidl_typesupport_introspection_c.h
[4.068s] -- Up-to-date symlink: /home/zpw/UR3e-ROS2-resources/install/ur_msgs/include/ur_msgs/msg/detail/tool_data_msg__rosidl_typesupport_introspection_c.h
[4.068s] -- Up-to-date symlink: /home/zpw/UR3e-ROS2-resources/install/ur_msgs/include/ur_msgs/msg/rosidl_typesupport_introspection_c__visibility_control.h
[4.068s] -- Up-to-date symlink: /home/zpw/UR3e-ROS2-resources/install/ur_msgs/include/ur_msgs/srv/detail/set_io__rosidl_typesupport_introspection_c.h
[4.068s] -- Up-to-date symlink: /home/zpw/UR3e-ROS2-resources/install/ur_msgs/include/ur_msgs/srv/detail/set_payload__rosidl_typesupport_introspection_c.h
[4.069s] -- Up-to-date symlink: /home/zpw/UR3e-ROS2-resources/install/ur_msgs/include/ur_msgs/srv/detail/set_speed_slider_fraction__rosidl_typesupport_introspection_c.h
[4.079s] -- Up-to-date symlink: /home/zpw/UR3e-ROS2-resources/install/ur_msgs/include/ur_msgs/msg/analog.hpp
[4.082s] -- Up-to-date symlink: /home/zpw/UR3e-ROS2-resources/install/ur_msgs/include/ur_msgs/msg/detail/analog__builder.hpp
[4.084s] -- Up-to-date symlink: /home/zpw/UR3e-ROS2-resources/install/ur_msgs/include/ur_msgs/msg/detail/analog__struct.hpp
[4.084s] -- Up-to-date symlink: /home/zpw/UR3e-ROS2-resources/install/ur_msgs/include/ur_msgs/msg/detail/analog__traits.hpp
[4.085s] -- Up-to-date symlink: /home/zpw/UR3e-ROS2-resources/install/ur_msgs/include/ur_msgs/msg/detail/digital__builder.hpp
[4.085s] -- Up-to-date symlink: /home/zpw/UR3e-ROS2-resources/install/ur_msgs/include/ur_msgs/msg/detail/digital__struct.hpp
[4.085s] -- Up-to-date symlink: /home/zpw/UR3e-ROS2-resources/install/ur_msgs/include/ur_msgs/msg/detail/digital__traits.hpp
[4.085s] -- Up-to-date symlink: /home/zpw/UR3e-ROS2-resources/install/ur_msgs/include/ur_msgs/msg/detail/io_states__builder.hpp
[4.088s] -- Up-to-date symlink: /home/zpw/UR3e-ROS2-resources/install/ur_msgs/include/ur_msgs/msg/detail/io_states__struct.hpp
[4.097s] -- Up-to-date symlink: /home/zpw/UR3e-ROS2-resources/install/ur_msgs/include/ur_msgs/msg/detail/io_states__traits.hpp
[4.099s] -- Up-to-date symlink: /home/zpw/UR3e-ROS2-resources/install/ur_msgs/include/ur_msgs/msg/detail/masterboard_data_msg__builder.hpp
[4.100s] -- Up-to-date symlink: /home/zpw/UR3e-ROS2-resources/install/ur_msgs/include/ur_msgs/msg/detail/masterboard_data_msg__struct.hpp
[4.100s] -- Up-to-date symlink: /home/zpw/UR3e-ROS2-resources/install/ur_msgs/include/ur_msgs/msg/detail/masterboard_data_msg__traits.hpp
[4.101s] -- Up-to-date symlink: /home/zpw/UR3e-ROS2-resources/install/ur_msgs/include/ur_msgs/msg/detail/robot_mode_data_msg__builder.hpp
[4.101s] -- Up-to-date symlink: /home/zpw/UR3e-ROS2-resources/install/ur_msgs/include/ur_msgs/msg/detail/robot_mode_data_msg__struct.hpp
[4.101s] -- Up-to-date symlink: /home/zpw/UR3e-ROS2-resources/install/ur_msgs/include/ur_msgs/msg/detail/robot_mode_data_msg__traits.hpp
[4.101s] -- Up-to-date symlink: /home/zpw/UR3e-ROS2-resources/install/ur_msgs/include/ur_msgs/msg/detail/robot_state_rt_msg__builder.hpp
[4.102s] -- Up-to-date symlink: /home/zpw/UR3e-ROS2-resources/install/ur_msgs/include/ur_msgs/msg/detail/robot_state_rt_msg__struct.hpp
[4.102s] -- Up-to-date symlink: /home/zpw/UR3e-ROS2-resources/install/ur_msgs/include/ur_msgs/msg/detail/robot_state_rt_msg__traits.hpp
[4.102s] -- Up-to-date symlink: /home/zpw/UR3e-ROS2-resources/install/ur_msgs/include/ur_msgs/msg/detail/tool_data_msg__builder.hpp
[4.105s] -- Up-to-date symlink: /home/zpw/UR3e-ROS2-resources/install/ur_msgs/include/ur_msgs/msg/detail/tool_data_msg__struct.hpp
[4.106s] -- Up-to-date symlink: /home/zpw/UR3e-ROS2-resources/install/ur_msgs/include/ur_msgs/msg/detail/tool_data_msg__traits.hpp
[4.108s] -- Up-to-date symlink: /home/zpw/UR3e-ROS2-resources/install/ur_msgs/include/ur_msgs/msg/digital.hpp
[4.109s] -- Up-to-date symlink: /home/zpw/UR3e-ROS2-resources/install/ur_msgs/include/ur_msgs/msg/io_states.hpp
[4.110s] -- Up-to-date symlink: /home/zpw/UR3e-ROS2-resources/install/ur_msgs/include/ur_msgs/msg/masterboard_data_msg.hpp
[4.111s] -- Up-to-date symlink: /home/zpw/UR3e-ROS2-resources/install/ur_msgs/include/ur_msgs/msg/robot_mode_data_msg.hpp
[4.112s] -- Up-to-date symlink: /home/zpw/UR3e-ROS2-resources/install/ur_msgs/include/ur_msgs/msg/robot_state_rt_msg.hpp
[4.115s] -- Up-to-date symlink: /home/zpw/UR3e-ROS2-resources/install/ur_msgs/include/ur_msgs/msg/tool_data_msg.hpp
[4.116s] -- Up-to-date symlink: /home/zpw/UR3e-ROS2-resources/install/ur_msgs/include/ur_msgs/srv/detail/set_io__builder.hpp
[4.116s] -- Up-to-date symlink: /home/zpw/UR3e-ROS2-resources/install/ur_msgs/include/ur_msgs/srv/detail/set_io__struct.hpp
[4.125s] -- Up-to-date symlink: /home/zpw/UR3e-ROS2-resources/install/ur_msgs/include/ur_msgs/srv/detail/set_io__traits.hpp
[4.131s] -- Up-to-date symlink: /home/zpw/UR3e-ROS2-resources/install/ur_msgs/include/ur_msgs/srv/detail/set_payload__builder.hpp
[4.132s] -- Up-to-date symlink: /home/zpw/UR3e-ROS2-resources/install/ur_msgs/include/ur_msgs/srv/detail/set_payload__struct.hpp
[4.132s] -- Up-to-date symlink: /home/zpw/UR3e-ROS2-resources/install/ur_msgs/include/ur_msgs/srv/detail/set_payload__traits.hpp
[4.149s] -- Up-to-date symlink: /home/zpw/UR3e-ROS2-resources/install/ur_msgs/include/ur_msgs/srv/detail/set_speed_slider_fraction__builder.hpp
[4.155s] -- Up-to-date symlink: /home/zpw/UR3e-ROS2-resources/install/ur_msgs/include/ur_msgs/srv/detail/set_speed_slider_fraction__struct.hpp
[4.157s] -- Up-to-date symlink: /home/zpw/UR3e-ROS2-resources/install/ur_msgs/include/ur_msgs/srv/detail/set_speed_slider_fraction__traits.hpp
[4.161s] -- Up-to-date symlink: /home/zpw/UR3e-ROS2-resources/install/ur_msgs/include/ur_msgs/srv/set_io.hpp
[4.164s] -- Up-to-date symlink: /home/zpw/UR3e-ROS2-resources/install/ur_msgs/include/ur_msgs/srv/set_payload.hpp
[4.164s] -- Up-to-date symlink: /home/zpw/UR3e-ROS2-resources/install/ur_msgs/include/ur_msgs/srv/set_speed_slider_fraction.hpp
[4.164s] -- Up-to-date symlink: /home/zpw/UR3e-ROS2-resources/install/ur_msgs/include/ur_msgs/msg/detail/analog__rosidl_typesupport_introspection_cpp.hpp
[4.166s] -- Up-to-date symlink: /home/zpw/UR3e-ROS2-resources/install/ur_msgs/include/ur_msgs/msg/detail/digital__rosidl_typesupport_introspection_cpp.hpp
[4.168s] -- Up-to-date symlink: /home/zpw/UR3e-ROS2-resources/install/ur_msgs/include/ur_msgs/msg/detail/io_states__rosidl_typesupport_introspection_cpp.hpp
[4.171s] -- Up-to-date symlink: /home/zpw/UR3e-ROS2-resources/install/ur_msgs/include/ur_msgs/msg/detail/masterboard_data_msg__rosidl_typesupport_introspection_cpp.hpp
[4.173s] -- Up-to-date symlink: /home/zpw/UR3e-ROS2-resources/install/ur_msgs/include/ur_msgs/msg/detail/robot_mode_data_msg__rosidl_typesupport_introspection_cpp.hpp
[4.174s] -- Up-to-date symlink: /home/zpw/UR3e-ROS2-resources/install/ur_msgs/include/ur_msgs/msg/detail/robot_state_rt_msg__rosidl_typesupport_introspection_cpp.hpp
[4.176s] -- Up-to-date symlink: /home/zpw/UR3e-ROS2-resources/install/ur_msgs/include/ur_msgs/msg/detail/tool_data_msg__rosidl_typesupport_introspection_cpp.hpp
[4.177s] -- Up-to-date symlink: /home/zpw/UR3e-ROS2-resources/install/ur_msgs/include/ur_msgs/srv/detail/set_io__rosidl_typesupport_introspection_cpp.hpp
[4.178s] -- Up-to-date symlink: /home/zpw/UR3e-ROS2-resources/install/ur_msgs/include/ur_msgs/srv/detail/set_payload__rosidl_typesupport_introspection_cpp.hpp
[4.178s] -- Up-to-date symlink: /home/zpw/UR3e-ROS2-resources/install/ur_msgs/include/ur_msgs/srv/detail/set_speed_slider_fraction__rosidl_typesupport_introspection_cpp.hpp
[4.178s] -- Up-to-date symlink: /home/zpw/UR3e-ROS2-resources/install/ur_msgs/share/ur_msgs/environment/pythonpath.sh
[4.190s] -- Up-to-date symlink: /home/zpw/UR3e-ROS2-resources/install/ur_msgs/share/ur_msgs/environment/pythonpath.dsv
[4.194s] -- Up-to-date symlink: /home/zpw/UR3e-ROS2-resources/install/ur_msgs/lib/python3.8/site-packages/ur_msgs/__init__.py
[4.194s] -- Up-to-date symlink: /home/zpw/UR3e-ROS2-resources/install/ur_msgs/lib/python3.8/site-packages/ur_msgs/msg/__init__.py
[4.201s] -- Up-to-date symlink: /home/zpw/UR3e-ROS2-resources/install/ur_msgs/lib/python3.8/site-packages/ur_msgs/msg/_analog.py
[4.203s] -- Up-to-date symlink: /home/zpw/UR3e-ROS2-resources/install/ur_msgs/lib/python3.8/site-packages/ur_msgs/msg/_digital.py
[4.205s] -- Up-to-date symlink: /home/zpw/UR3e-ROS2-resources/install/ur_msgs/lib/python3.8/site-packages/ur_msgs/msg/_io_states.py
[4.208s] -- Up-to-date symlink: /home/zpw/UR3e-ROS2-resources/install/ur_msgs/lib/python3.8/site-packages/ur_msgs/msg/_masterboard_data_msg.py
[4.209s] -- Up-to-date symlink: /home/zpw/UR3e-ROS2-resources/install/ur_msgs/lib/python3.8/site-packages/ur_msgs/msg/_robot_mode_data_msg.py
[4.209s] -- Up-to-date symlink: /home/zpw/UR3e-ROS2-resources/install/ur_msgs/lib/python3.8/site-packages/ur_msgs/msg/_robot_state_rt_msg.py
[4.209s] -- Up-to-date symlink: /home/zpw/UR3e-ROS2-resources/install/ur_msgs/lib/python3.8/site-packages/ur_msgs/msg/_tool_data_msg.py
[4.211s] -- Up-to-date symlink: /home/zpw/UR3e-ROS2-resources/install/ur_msgs/lib/python3.8/site-packages/ur_msgs/srv/__init__.py
[4.214s] -- Up-to-date symlink: /home/zpw/UR3e-ROS2-resources/install/ur_msgs/lib/python3.8/site-packages/ur_msgs/srv/_set_io.py
[4.216s] -- Up-to-date symlink: /home/zpw/UR3e-ROS2-resources/install/ur_msgs/lib/python3.8/site-packages/ur_msgs/srv/_set_payload.py
[4.216s] -- Up-to-date symlink: /home/zpw/UR3e-ROS2-resources/install/ur_msgs/lib/python3.8/site-packages/ur_msgs/srv/_set_speed_slider_fraction.py
[4.217s] -- Up-to-date symlink: /home/zpw/UR3e-ROS2-resources/install/ur_msgs/lib/python3.8/site-packages/ur_msgs/ur_msgs_s__rosidl_typesupport_fastrtps_c.cpython-38-x86_64-linux-gnu.so
[4.225s] -- Up-to-date symlink: /home/zpw/UR3e-ROS2-resources/install/ur_msgs/lib/python3.8/site-packages/ur_msgs/ur_msgs_s__rosidl_typesupport_introspection_c.cpython-38-x86_64-linux-gnu.so
[4.225s] -- Up-to-date symlink: /home/zpw/UR3e-ROS2-resources/install/ur_msgs/lib/python3.8/site-packages/ur_msgs/ur_msgs_s__rosidl_typesupport_c.cpython-38-x86_64-linux-gnu.so
[4.225s] -- Up-to-date symlink: /home/zpw/UR3e-ROS2-resources/install/ur_msgs/lib/libur_msgs__python.so
[4.226s] -- Up-to-date symlink: /home/zpw/UR3e-ROS2-resources/install/ur_msgs/share/ur_msgs/msg/Analog.idl
[4.230s] -- Up-to-date symlink: /home/zpw/UR3e-ROS2-resources/install/ur_msgs/share/ur_msgs/msg/Digital.idl
[4.232s] -- Up-to-date symlink: /home/zpw/UR3e-ROS2-resources/install/ur_msgs/share/ur_msgs/msg/IOStates.idl
[4.237s] -- Up-to-date symlink: /home/zpw/UR3e-ROS2-resources/install/ur_msgs/share/ur_msgs/msg/RobotStateRTMsg.idl
[4.240s] -- Up-to-date symlink: /home/zpw/UR3e-ROS2-resources/install/ur_msgs/share/ur_msgs/msg/MasterboardDataMsg.idl
[4.241s] -- Up-to-date symlink: /home/zpw/UR3e-ROS2-resources/install/ur_msgs/share/ur_msgs/msg/RobotModeDataMsg.idl
[4.244s] -- Up-to-date symlink: /home/zpw/UR3e-ROS2-resources/install/ur_msgs/share/ur_msgs/msg/ToolDataMsg.idl
[4.255s] -- Up-to-date symlink: /home/zpw/UR3e-ROS2-resources/install/ur_msgs/share/ur_msgs/srv/SetPayload.idl
[4.256s] -- Up-to-date symlink: /home/zpw/UR3e-ROS2-resources/install/ur_msgs/share/ur_msgs/srv/SetSpeedSliderFraction.idl
[4.257s] -- Up-to-date symlink: /home/zpw/UR3e-ROS2-resources/install/ur_msgs/share/ur_msgs/srv/SetIO.idl
[4.271s] -- Up-to-date symlink: /home/zpw/UR3e-ROS2-resources/install/ur_msgs/share/ur_msgs/msg/Analog.msg
[4.272s] -- Up-to-date symlink: /home/zpw/UR3e-ROS2-resources/install/ur_msgs/share/ur_msgs/msg/Digital.msg
[4.273s] -- Up-to-date symlink: /home/zpw/UR3e-ROS2-resources/install/ur_msgs/share/ur_msgs/msg/IOStates.msg
[4.275s] -- Up-to-date symlink: /home/zpw/UR3e-ROS2-resources/install/ur_msgs/share/ur_msgs/msg/RobotStateRTMsg.msg
[4.281s] -- Up-to-date symlink: /home/zpw/UR3e-ROS2-resources/install/ur_msgs/share/ur_msgs/msg/MasterboardDataMsg.msg
[4.285s] -- Up-to-date symlink: /home/zpw/UR3e-ROS2-resources/install/ur_msgs/share/ur_msgs/msg/RobotModeDataMsg.msg
[4.288s] -- Up-to-date symlink: /home/zpw/UR3e-ROS2-resources/install/ur_msgs/share/ur_msgs/msg/ToolDataMsg.msg
[4.288s] -- Up-to-date symlink: /home/zpw/UR3e-ROS2-resources/install/ur_msgs/share/ur_msgs/srv/SetPayload.srv
[4.288s] -- Up-to-date symlink: /home/zpw/UR3e-ROS2-resources/install/ur_msgs/share/ur_msgs/srv/SetPayload_Request.msg
[4.291s] -- Up-to-date symlink: /home/zpw/UR3e-ROS2-resources/install/ur_msgs/share/ur_msgs/srv/SetPayload_Response.msg
[4.293s] -- Up-to-date symlink: /home/zpw/UR3e-ROS2-resources/install/ur_msgs/share/ur_msgs/srv/SetSpeedSliderFraction.srv
[4.299s] -- Up-to-date symlink: /home/zpw/UR3e-ROS2-resources/install/ur_msgs/share/ur_msgs/srv/SetSpeedSliderFraction_Request.msg
[4.303s] -- Up-to-date symlink: /home/zpw/UR3e-ROS2-resources/install/ur_msgs/share/ur_msgs/srv/SetSpeedSliderFraction_Response.msg
[4.304s] -- Up-to-date symlink: /home/zpw/UR3e-ROS2-resources/install/ur_msgs/share/ur_msgs/srv/SetIO.srv
[4.304s] -- Up-to-date symlink: /home/zpw/UR3e-ROS2-resources/install/ur_msgs/share/ur_msgs/srv/SetIO_Request.msg
[4.304s] -- Up-to-date symlink: /home/zpw/UR3e-ROS2-resources/install/ur_msgs/share/ur_msgs/srv/SetIO_Response.msg
[4.305s] -- Up-to-date symlink: /home/zpw/UR3e-ROS2-resources/install/ur_msgs/share/ament_index/resource_index/package_run_dependencies/ur_msgs
[4.309s] -- Up-to-date symlink: /home/zpw/UR3e-ROS2-resources/install/ur_msgs/share/ament_index/resource_index/parent_prefix_path/ur_msgs
[4.319s] -- Up-to-date symlink: /home/zpw/UR3e-ROS2-resources/install/ur_msgs/share/ur_msgs/environment/ament_prefix_path.sh
[4.333s] -- Up-to-date symlink: /home/zpw/UR3e-ROS2-resources/install/ur_msgs/share/ur_msgs/environment/ament_prefix_path.dsv
[4.334s] -- Up-to-date symlink: /home/zpw/UR3e-ROS2-resources/install/ur_msgs/share/ur_msgs/environment/path.sh
[4.337s] -- Up-to-date symlink: /home/zpw/UR3e-ROS2-resources/install/ur_msgs/share/ur_msgs/environment/path.dsv
[4.341s] -- Up-to-date symlink: /home/zpw/UR3e-ROS2-resources/install/ur_msgs/share/ur_msgs/local_setup.bash
[4.343s] -- Up-to-date symlink: /home/zpw/UR3e-ROS2-resources/install/ur_msgs/share/ur_msgs/local_setup.sh
[4.345s] -- Up-to-date symlink: /home/zpw/UR3e-ROS2-resources/install/ur_msgs/share/ur_msgs/local_setup.zsh
[4.347s] -- Up-to-date symlink: /home/zpw/UR3e-ROS2-resources/install/ur_msgs/share/ur_msgs/local_setup.dsv
[4.349s] -- Symlinking: /home/zpw/UR3e-ROS2-resources/install/ur_msgs/share/ur_msgs/package.dsv
[4.352s] -- Up-to-date symlink: /home/zpw/UR3e-ROS2-resources/install/ur_msgs/share/ament_index/resource_index/packages/ur_msgs
[4.354s] -- Up-to-date symlink: /home/zpw/UR3e-ROS2-resources/install/ur_msgs/share/ur_msgs/cmake/rosidl_cmake-extras.cmake
[4.356s] -- Up-to-date symlink: /home/zpw/UR3e-ROS2-resources/install/ur_msgs/share/ur_msgs/cmake/ament_cmake_export_dependencies-extras.cmake
[4.357s] -- Up-to-date symlink: /home/zpw/UR3e-ROS2-resources/install/ur_msgs/share/ur_msgs/cmake/ament_cmake_export_libraries-extras.cmake
[4.359s] -- Up-to-date symlink: /home/zpw/UR3e-ROS2-resources/install/ur_msgs/share/ur_msgs/cmake/ament_cmake_export_targets-extras.cmake
[4.361s] -- Up-to-date symlink: /home/zpw/UR3e-ROS2-resources/install/ur_msgs/share/ur_msgs/cmake/ament_cmake_export_include_directories-extras.cmake
[4.362s] -- Up-to-date symlink: /home/zpw/UR3e-ROS2-resources/install/ur_msgs/share/ur_msgs/cmake/rosidl_cmake_export_typesupport_libraries-extras.cmake
[4.363s] -- Up-to-date symlink: /home/zpw/UR3e-ROS2-resources/install/ur_msgs/share/ur_msgs/cmake/rosidl_cmake_export_typesupport_targets-extras.cmake
[4.363s] -- Up-to-date symlink: /home/zpw/UR3e-ROS2-resources/install/ur_msgs/share/ur_msgs/cmake/ur_msgsConfig.cmake
[4.364s] -- Up-to-date symlink: /home/zpw/UR3e-ROS2-resources/install/ur_msgs/share/ur_msgs/cmake/ur_msgsConfig-version.cmake
[4.365s] -- Up-to-date symlink: /home/zpw/UR3e-ROS2-resources/install/ur_msgs/share/ur_msgs/package.xml
[4.367s] -- Up-to-date: /home/zpw/UR3e-ROS2-resources/install/ur_msgs/lib/libur_msgs__rosidl_generator_c.so
[4.369s] -- Up-to-date: /home/zpw/UR3e-ROS2-resources/install/ur_msgs/lib/libur_msgs__rosidl_typesupport_introspection_c.so
[4.373s] -- Up-to-date: /home/zpw/UR3e-ROS2-resources/install/ur_msgs/lib/libur_msgs__rosidl_typesupport_c.so
[4.376s] -- Up-to-date: /home/zpw/UR3e-ROS2-resources/install/ur_msgs/lib/libur_msgs__rosidl_typesupport_introspection_cpp.so
[4.377s] -- Up-to-date: /home/zpw/UR3e-ROS2-resources/install/ur_msgs/lib/libur_msgs__rosidl_typesupport_cpp.so
[4.383s] -- Up-to-date: /home/zpw/UR3e-ROS2-resources/install/ur_msgs/share/ur_msgs/cmake/ur_msgs__rosidl_generator_cExport.cmake
[4.384s] -- Up-to-date: /home/zpw/UR3e-ROS2-resources/install/ur_msgs/share/ur_msgs/cmake/ur_msgs__rosidl_generator_cExport-noconfig.cmake
[4.385s] -- Up-to-date: /home/zpw/UR3e-ROS2-resources/install/ur_msgs/share/ur_msgs/cmake/ur_msgs__rosidl_typesupport_introspection_cExport.cmake
[4.386s] -- Up-to-date: /home/zpw/UR3e-ROS2-resources/install/ur_msgs/share/ur_msgs/cmake/ur_msgs__rosidl_typesupport_introspection_cExport-noconfig.cmake
[4.388s] -- Up-to-date: /home/zpw/UR3e-ROS2-resources/install/ur_msgs/share/ur_msgs/cmake/ur_msgs__rosidl_typesupport_cExport.cmake
[4.389s] -- Up-to-date: /home/zpw/UR3e-ROS2-resources/install/ur_msgs/share/ur_msgs/cmake/ur_msgs__rosidl_typesupport_cExport-noconfig.cmake
[4.390s] -- Up-to-date: /home/zpw/UR3e-ROS2-resources/install/ur_msgs/share/ur_msgs/cmake/ur_msgs__rosidl_generator_cppExport.cmake
[4.392s] -- Up-to-date: /home/zpw/UR3e-ROS2-resources/install/ur_msgs/share/ur_msgs/cmake/ur_msgs__rosidl_typesupport_introspection_cppExport.cmake
[4.392s] -- Up-to-date: /home/zpw/UR3e-ROS2-resources/install/ur_msgs/share/ur_msgs/cmake/ur_msgs__rosidl_typesupport_introspection_cppExport-noconfig.cmake
[4.393s] -- Up-to-date: /home/zpw/UR3e-ROS2-resources/install/ur_msgs/share/ur_msgs/cmake/ur_msgs__rosidl_typesupport_cppExport.cmake
[4.393s] -- Up-to-date: /home/zpw/UR3e-ROS2-resources/install/ur_msgs/share/ur_msgs/cmake/ur_msgs__rosidl_typesupport_cppExport-noconfig.cmake
[4.996s] Invoked command in '/home/zpw/UR3e-ROS2-resources/build/ur_msgs' returned '0': CMAKE_PREFIX_PATH=${CMAKE_PREFIX_PATH}:/home/zpw/UR3e-ROS2-resources/install/vr_connector:/home/zpw/UR3e-ROS2-resources/install/unity_robotics_demo:/home/zpw/UR3e-ROS2-resources/install/ros_tcp_endpoint:/opt/ros/foxy /usr/bin/cmake --install /home/zpw/UR3e-ROS2-resources/build/ur_msgs
