[0.120s] Invoking command in '/home/zpw/UR3e-ROS2-resources/build/ur_description': CMAKE_PREFIX_PATH=/opt/ros/foxy /usr/bin/cmake --build /home/zpw/UR3e-ROS2-resources/build/ur_description -- -j16 -l16
[1.034s] Invoked command in '/home/zpw/UR3e-ROS2-resources/build/ur_description' returned '0': CMAKE_PREFIX_PATH=/opt/ros/foxy /usr/bin/cmake --build /home/zpw/UR3e-ROS2-resources/build/ur_description -- -j16 -l16
[1.105s] Invoking command in '/home/zpw/UR3e-ROS2-resources/build/ur_description': CMAKE_PREFIX_PATH=/opt/ros/foxy /usr/bin/cmake --install /home/zpw/UR3e-ROS2-resources/build/ur_description
[1.154s] -- Install configuration: ""
[1.154s] -- Execute custom install script
[1.158s] -- Up-to-date symlink: /home/zpw/UR3e-ROS2-resources/install/ur_description/share/ur_description/config/initial_positions.yaml
[1.158s] -- Up-to-date symlink: /home/zpw/UR3e-ROS2-resources/install/ur_description/share/ur_description/config/ur10/default_kinematics.yaml
[1.158s] -- Up-to-date symlink: /home/zpw/UR3e-ROS2-resources/install/ur_description/share/ur_description/config/ur10/joint_limits.yaml
[1.160s] -- Up-to-date symlink: /home/zpw/UR3e-ROS2-resources/install/ur_description/share/ur_description/config/ur10/physical_parameters.yaml
[1.160s] -- Up-to-date symlink: /home/zpw/UR3e-ROS2-resources/install/ur_description/share/ur_description/config/ur10/visual_parameters.yaml
[1.160s] -- Up-to-date symlink: /home/zpw/UR3e-ROS2-resources/install/ur_description/share/ur_description/config/ur10e/default_kinematics.yaml
[1.161s] -- Up-to-date symlink: /home/zpw/UR3e-ROS2-resources/install/ur_description/share/ur_description/config/ur10e/joint_limits.yaml
[1.161s] -- Up-to-date symlink: /home/zpw/UR3e-ROS2-resources/install/ur_description/share/ur_description/config/ur10e/physical_parameters.yaml
[1.161s] -- Up-to-date symlink: /home/zpw/UR3e-ROS2-resources/install/ur_description/share/ur_description/config/ur10e/visual_parameters.yaml
[1.162s] -- Up-to-date symlink: /home/zpw/UR3e-ROS2-resources/install/ur_description/share/ur_description/config/ur16e/default_kinematics.yaml
[1.162s] -- Up-to-date symlink: /home/zpw/UR3e-ROS2-resources/install/ur_description/share/ur_description/config/ur16e/joint_limits.yaml
[1.162s] -- Up-to-date symlink: /home/zpw/UR3e-ROS2-resources/install/ur_description/share/ur_description/config/ur16e/physical_parameters.yaml
[1.164s] -- Up-to-date symlink: /home/zpw/UR3e-ROS2-resources/install/ur_description/share/ur_description/config/ur16e/visual_parameters.yaml
[1.166s] -- Up-to-date symlink: /home/zpw/UR3e-ROS2-resources/install/ur_description/share/ur_description/config/ur3/default_kinematics.yaml
[1.167s] -- Up-to-date symlink: /home/zpw/UR3e-ROS2-resources/install/ur_description/share/ur_description/config/ur3/joint_limits.yaml
[1.167s] -- Up-to-date symlink: /home/zpw/UR3e-ROS2-resources/install/ur_description/share/ur_description/config/ur3/physical_parameters.yaml
[1.168s] -- Up-to-date symlink: /home/zpw/UR3e-ROS2-resources/install/ur_description/share/ur_description/config/ur3/visual_parameters.yaml
[1.168s] -- Up-to-date symlink: /home/zpw/UR3e-ROS2-resources/install/ur_description/share/ur_description/config/ur3e/default_kinematics.yaml
[1.168s] -- Up-to-date symlink: /home/zpw/UR3e-ROS2-resources/install/ur_description/share/ur_description/config/ur3e/joint_limits.yaml
[1.169s] -- Up-to-date symlink: /home/zpw/UR3e-ROS2-resources/install/ur_description/share/ur_description/config/ur3e/physical_parameters.yaml
[1.169s] -- Up-to-date symlink: /home/zpw/UR3e-ROS2-resources/install/ur_description/share/ur_description/config/ur3e/visual_parameters.yaml
[1.170s] -- Up-to-date symlink: /home/zpw/UR3e-ROS2-resources/install/ur_description/share/ur_description/config/ur5/default_kinematics.yaml
[1.170s] -- Up-to-date symlink: /home/zpw/UR3e-ROS2-resources/install/ur_description/share/ur_description/config/ur5/joint_limits.yaml
[1.171s] -- Up-to-date symlink: /home/zpw/UR3e-ROS2-resources/install/ur_description/share/ur_description/config/ur5/physical_parameters.yaml
[1.171s] -- Up-to-date symlink: /home/zpw/UR3e-ROS2-resources/install/ur_description/share/ur_description/config/ur5/visual_parameters.yaml
[1.174s] -- Up-to-date symlink: /home/zpw/UR3e-ROS2-resources/install/ur_description/share/ur_description/config/ur5e/default_kinematics.yaml
[1.188s] -- Up-to-date symlink: /home/zpw/UR3e-ROS2-resources/install/ur_description/share/ur_description/config/ur5e/joint_limits.yaml
[1.188s] -- Up-to-date symlink: /home/zpw/UR3e-ROS2-resources/install/ur_description/share/ur_description/config/ur5e/physical_parameters.yaml
[1.188s] -- Up-to-date symlink: /home/zpw/UR3e-ROS2-resources/install/ur_description/share/ur_description/config/ur5e/visual_parameters.yaml
[1.202s] -- Up-to-date symlink: /home/zpw/UR3e-ROS2-resources/install/ur_description/share/ur_description/launch/view_ur.launch.py
[1.207s] -- Up-to-date symlink: /home/zpw/UR3e-ROS2-resources/install/ur_description/share/ur_description/meshes/ur10/collision/base.stl
[1.207s] -- Up-to-date symlink: /home/zpw/UR3e-ROS2-resources/install/ur_description/share/ur_description/meshes/ur10/collision/forearm.stl
[1.208s] -- Up-to-date symlink: /home/zpw/UR3e-ROS2-resources/install/ur_description/share/ur_description/meshes/ur10/collision/shoulder.stl
[1.208s] -- Up-to-date symlink: /home/zpw/UR3e-ROS2-resources/install/ur_description/share/ur_description/meshes/ur10/collision/upperarm.stl
[1.208s] -- Up-to-date symlink: /home/zpw/UR3e-ROS2-resources/install/ur_description/share/ur_description/meshes/ur10/collision/wrist1.stl
[1.208s] -- Up-to-date symlink: /home/zpw/UR3e-ROS2-resources/install/ur_description/share/ur_description/meshes/ur10/collision/wrist2.stl
[1.208s] -- Up-to-date symlink: /home/zpw/UR3e-ROS2-resources/install/ur_description/share/ur_description/meshes/ur10/collision/wrist3.stl
[1.209s] -- Up-to-date symlink: /home/zpw/UR3e-ROS2-resources/install/ur_description/share/ur_description/meshes/ur10/visual/base.dae
[1.213s] -- Up-to-date symlink: /home/zpw/UR3e-ROS2-resources/install/ur_description/share/ur_description/meshes/ur10/visual/forearm.dae
[1.214s] -- Up-to-date symlink: /home/zpw/UR3e-ROS2-resources/install/ur_description/share/ur_description/meshes/ur10/visual/shoulder.dae
[1.214s] -- Up-to-date symlink: /home/zpw/UR3e-ROS2-resources/install/ur_description/share/ur_description/meshes/ur10/visual/upperarm.dae
[1.216s] -- Up-to-date symlink: /home/zpw/UR3e-ROS2-resources/install/ur_description/share/ur_description/meshes/ur10/visual/wrist1.dae
[1.219s] -- Up-to-date symlink: /home/zpw/UR3e-ROS2-resources/install/ur_description/share/ur_description/meshes/ur10/visual/wrist2.dae
[1.223s] -- Up-to-date symlink: /home/zpw/UR3e-ROS2-resources/install/ur_description/share/ur_description/meshes/ur10/visual/wrist3.dae
[1.225s] -- Up-to-date symlink: /home/zpw/UR3e-ROS2-resources/install/ur_description/share/ur_description/meshes/ur10e/collision/base.stl
[1.226s] -- Up-to-date symlink: /home/zpw/UR3e-ROS2-resources/install/ur_description/share/ur_description/meshes/ur10e/collision/forearm.stl
[1.228s] -- Up-to-date symlink: /home/zpw/UR3e-ROS2-resources/install/ur_description/share/ur_description/meshes/ur10e/collision/shoulder.stl
[1.229s] -- Up-to-date symlink: /home/zpw/UR3e-ROS2-resources/install/ur_description/share/ur_description/meshes/ur10e/collision/upperarm.stl
[1.231s] -- Up-to-date symlink: /home/zpw/UR3e-ROS2-resources/install/ur_description/share/ur_description/meshes/ur10e/collision/wrist1.stl
[1.241s] -- Up-to-date symlink: /home/zpw/UR3e-ROS2-resources/install/ur_description/share/ur_description/meshes/ur10e/collision/wrist2.stl
[1.242s] -- Up-to-date symlink: /home/zpw/UR3e-ROS2-resources/install/ur_description/share/ur_description/meshes/ur10e/collision/wrist3.stl
[1.242s] -- Up-to-date symlink: /home/zpw/UR3e-ROS2-resources/install/ur_description/share/ur_description/meshes/ur10e/visual/base.dae
[1.242s] -- Up-to-date symlink: /home/zpw/UR3e-ROS2-resources/install/ur_description/share/ur_description/meshes/ur10e/visual/forearm.dae
[1.245s] -- Up-to-date symlink: /home/zpw/UR3e-ROS2-resources/install/ur_description/share/ur_description/meshes/ur10e/visual/shoulder.dae
[1.246s] -- Up-to-date symlink: /home/zpw/UR3e-ROS2-resources/install/ur_description/share/ur_description/meshes/ur10e/visual/upperarm.dae
[1.246s] -- Up-to-date symlink: /home/zpw/UR3e-ROS2-resources/install/ur_description/share/ur_description/meshes/ur10e/visual/wrist1.dae
[1.246s] -- Up-to-date symlink: /home/zpw/UR3e-ROS2-resources/install/ur_description/share/ur_description/meshes/ur10e/visual/wrist2.dae
[1.246s] -- Up-to-date symlink: /home/zpw/UR3e-ROS2-resources/install/ur_description/share/ur_description/meshes/ur10e/visual/wrist3.dae
[1.246s] -- Up-to-date symlink: /home/zpw/UR3e-ROS2-resources/install/ur_description/share/ur_description/meshes/ur16e/collision/forearm.stl
[1.256s] -- Up-to-date symlink: /home/zpw/UR3e-ROS2-resources/install/ur_description/share/ur_description/meshes/ur16e/collision/upperarm.stl
[1.257s] -- Up-to-date symlink: /home/zpw/UR3e-ROS2-resources/install/ur_description/share/ur_description/meshes/ur16e/visual/forearm.dae
[1.263s] -- Up-to-date symlink: /home/zpw/UR3e-ROS2-resources/install/ur_description/share/ur_description/meshes/ur16e/visual/upperarm.dae
[1.264s] -- Up-to-date symlink: /home/zpw/UR3e-ROS2-resources/install/ur_description/share/ur_description/meshes/ur3/collision/base.stl
[1.264s] -- Up-to-date symlink: /home/zpw/UR3e-ROS2-resources/install/ur_description/share/ur_description/meshes/ur3/collision/forearm.stl
[1.264s] -- Up-to-date symlink: /home/zpw/UR3e-ROS2-resources/install/ur_description/share/ur_description/meshes/ur3/collision/shoulder.stl
[1.265s] -- Up-to-date symlink: /home/zpw/UR3e-ROS2-resources/install/ur_description/share/ur_description/meshes/ur3/collision/upperarm.stl
[1.267s] -- Up-to-date symlink: /home/zpw/UR3e-ROS2-resources/install/ur_description/share/ur_description/meshes/ur3/collision/wrist1.stl
[1.275s] -- Up-to-date symlink: /home/zpw/UR3e-ROS2-resources/install/ur_description/share/ur_description/meshes/ur3/collision/wrist2.stl
[1.277s] -- Up-to-date symlink: /home/zpw/UR3e-ROS2-resources/install/ur_description/share/ur_description/meshes/ur3/collision/wrist3.stl
[1.278s] -- Up-to-date symlink: /home/zpw/UR3e-ROS2-resources/install/ur_description/share/ur_description/meshes/ur3/visual/base.dae
[1.281s] -- Up-to-date symlink: /home/zpw/UR3e-ROS2-resources/install/ur_description/share/ur_description/meshes/ur3/visual/forearm.dae
[1.281s] -- Up-to-date symlink: /home/zpw/UR3e-ROS2-resources/install/ur_description/share/ur_description/meshes/ur3/visual/shoulder.dae
[1.282s] -- Up-to-date symlink: /home/zpw/UR3e-ROS2-resources/install/ur_description/share/ur_description/meshes/ur3/visual/upperarm.dae
[1.285s] -- Up-to-date symlink: /home/zpw/UR3e-ROS2-resources/install/ur_description/share/ur_description/meshes/ur3/visual/wrist1.dae
[1.286s] -- Up-to-date symlink: /home/zpw/UR3e-ROS2-resources/install/ur_description/share/ur_description/meshes/ur3/visual/wrist2.dae
[1.287s] -- Up-to-date symlink: /home/zpw/UR3e-ROS2-resources/install/ur_description/share/ur_description/meshes/ur3/visual/wrist3.dae
[1.288s] -- Up-to-date symlink: /home/zpw/UR3e-ROS2-resources/install/ur_description/share/ur_description/meshes/ur3e/collision/base.stl
[1.288s] -- Up-to-date symlink: /home/zpw/UR3e-ROS2-resources/install/ur_description/share/ur_description/meshes/ur3e/collision/forearm.stl
[1.288s] -- Up-to-date symlink: /home/zpw/UR3e-ROS2-resources/install/ur_description/share/ur_description/meshes/ur3e/collision/shoulder.stl
[1.289s] -- Up-to-date symlink: /home/zpw/UR3e-ROS2-resources/install/ur_description/share/ur_description/meshes/ur3e/collision/upperarm.stl
[1.289s] -- Up-to-date symlink: /home/zpw/UR3e-ROS2-resources/install/ur_description/share/ur_description/meshes/ur3e/collision/wrist1.stl
[1.289s] -- Up-to-date symlink: /home/zpw/UR3e-ROS2-resources/install/ur_description/share/ur_description/meshes/ur3e/collision/wrist2.stl
[1.289s] -- Up-to-date symlink: /home/zpw/UR3e-ROS2-resources/install/ur_description/share/ur_description/meshes/ur3e/collision/wrist3.stl
[1.289s] -- Up-to-date symlink: /home/zpw/UR3e-ROS2-resources/install/ur_description/share/ur_description/meshes/ur3e/visual/base.dae
[1.290s] -- Up-to-date symlink: /home/zpw/UR3e-ROS2-resources/install/ur_description/share/ur_description/meshes/ur3e/visual/forearm.dae
[1.290s] -- Up-to-date symlink: /home/zpw/UR3e-ROS2-resources/install/ur_description/share/ur_description/meshes/ur3e/visual/shoulder.dae
[1.290s] -- Up-to-date symlink: /home/zpw/UR3e-ROS2-resources/install/ur_description/share/ur_description/meshes/ur3e/visual/upperarm.dae
[1.290s] -- Up-to-date symlink: /home/zpw/UR3e-ROS2-resources/install/ur_description/share/ur_description/meshes/ur3e/visual/wrist1.dae
[1.290s] -- Up-to-date symlink: /home/zpw/UR3e-ROS2-resources/install/ur_description/share/ur_description/meshes/ur3e/visual/wrist2.dae
[1.292s] -- Up-to-date symlink: /home/zpw/UR3e-ROS2-resources/install/ur_description/share/ur_description/meshes/ur3e/visual/wrist3.dae
[1.294s] -- Up-to-date symlink: /home/zpw/UR3e-ROS2-resources/install/ur_description/share/ur_description/meshes/ur5/collision/base.stl
[1.295s] -- Up-to-date symlink: /home/zpw/UR3e-ROS2-resources/install/ur_description/share/ur_description/meshes/ur5/collision/forearm.stl
[1.295s] -- Up-to-date symlink: /home/zpw/UR3e-ROS2-resources/install/ur_description/share/ur_description/meshes/ur5/collision/shoulder.stl
[1.295s] -- Up-to-date symlink: /home/zpw/UR3e-ROS2-resources/install/ur_description/share/ur_description/meshes/ur5/collision/upperarm.stl
[1.296s] -- Up-to-date symlink: /home/zpw/UR3e-ROS2-resources/install/ur_description/share/ur_description/meshes/ur5/collision/wrist1.stl
[1.296s] -- Up-to-date symlink: /home/zpw/UR3e-ROS2-resources/install/ur_description/share/ur_description/meshes/ur5/collision/wrist2.stl
[1.296s] -- Up-to-date symlink: /home/zpw/UR3e-ROS2-resources/install/ur_description/share/ur_description/meshes/ur5/collision/wrist3.stl
[1.296s] -- Up-to-date symlink: /home/zpw/UR3e-ROS2-resources/install/ur_description/share/ur_description/meshes/ur5/visual/base.dae
[1.297s] -- Up-to-date symlink: /home/zpw/UR3e-ROS2-resources/install/ur_description/share/ur_description/meshes/ur5/visual/forearm.dae
[1.297s] -- Up-to-date symlink: /home/zpw/UR3e-ROS2-resources/install/ur_description/share/ur_description/meshes/ur5/visual/shoulder.dae
[1.297s] -- Up-to-date symlink: /home/zpw/UR3e-ROS2-resources/install/ur_description/share/ur_description/meshes/ur5/visual/upperarm.dae
[1.298s] -- Up-to-date symlink: /home/zpw/UR3e-ROS2-resources/install/ur_description/share/ur_description/meshes/ur5/visual/wrist1.dae
[1.298s] -- Up-to-date symlink: /home/zpw/UR3e-ROS2-resources/install/ur_description/share/ur_description/meshes/ur5/visual/wrist2.dae
[1.301s] -- Up-to-date symlink: /home/zpw/UR3e-ROS2-resources/install/ur_description/share/ur_description/meshes/ur5/visual/wrist3.dae
[1.302s] -- Up-to-date symlink: /home/zpw/UR3e-ROS2-resources/install/ur_description/share/ur_description/meshes/ur5e/collision/base.stl
[1.302s] -- Up-to-date symlink: /home/zpw/UR3e-ROS2-resources/install/ur_description/share/ur_description/meshes/ur5e/collision/forearm.stl
[1.302s] -- Up-to-date symlink: /home/zpw/UR3e-ROS2-resources/install/ur_description/share/ur_description/meshes/ur5e/collision/shoulder.stl
[1.302s] -- Up-to-date symlink: /home/zpw/UR3e-ROS2-resources/install/ur_description/share/ur_description/meshes/ur5e/collision/upperarm.stl
[1.303s] -- Up-to-date symlink: /home/zpw/UR3e-ROS2-resources/install/ur_description/share/ur_description/meshes/ur5e/collision/wrist1.stl
[1.305s] -- Up-to-date symlink: /home/zpw/UR3e-ROS2-resources/install/ur_description/share/ur_description/meshes/ur5e/collision/wrist2.stl
[1.305s] -- Up-to-date symlink: /home/zpw/UR3e-ROS2-resources/install/ur_description/share/ur_description/meshes/ur5e/collision/wrist3.stl
[1.308s] -- Up-to-date symlink: /home/zpw/UR3e-ROS2-resources/install/ur_description/share/ur_description/meshes/ur5e/visual/base.dae
[1.308s] -- Up-to-date symlink: /home/zpw/UR3e-ROS2-resources/install/ur_description/share/ur_description/meshes/ur5e/visual/forearm.dae
[1.308s] -- Up-to-date symlink: /home/zpw/UR3e-ROS2-resources/install/ur_description/share/ur_description/meshes/ur5e/visual/shoulder.dae
[1.308s] -- Up-to-date symlink: /home/zpw/UR3e-ROS2-resources/install/ur_description/share/ur_description/meshes/ur5e/visual/upperarm.dae
[1.309s] -- Up-to-date symlink: /home/zpw/UR3e-ROS2-resources/install/ur_description/share/ur_description/meshes/ur5e/visual/wrist1.dae
[1.309s] -- Up-to-date symlink: /home/zpw/UR3e-ROS2-resources/install/ur_description/share/ur_description/meshes/ur5e/visual/wrist2.dae
[1.309s] -- Up-to-date symlink: /home/zpw/UR3e-ROS2-resources/install/ur_description/share/ur_description/meshes/ur5e/visual/wrist3.dae
[1.309s] -- Up-to-date symlink: /home/zpw/UR3e-ROS2-resources/install/ur_description/share/ur_description/rviz/view_robot.rviz
[1.309s] -- Up-to-date symlink: /home/zpw/UR3e-ROS2-resources/install/ur_description/share/ur_description/urdf/inc/ur_common.xacro
[1.309s] -- Up-to-date symlink: /home/zpw/UR3e-ROS2-resources/install/ur_description/share/ur_description/urdf/inc/ur_transmissions.xacro
[1.309s] -- Up-to-date symlink: /home/zpw/UR3e-ROS2-resources/install/ur_description/share/ur_description/urdf/ur.ros2_control.xacro
[1.309s] -- Up-to-date symlink: /home/zpw/UR3e-ROS2-resources/install/ur_description/share/ur_description/urdf/ur.urdf.xacro
[1.310s] -- Up-to-date symlink: /home/zpw/UR3e-ROS2-resources/install/ur_description/share/ur_description/urdf/ur_macro.xacro
[1.310s] -- Up-to-date symlink: /home/zpw/UR3e-ROS2-resources/install/ur_description/share/ament_index/resource_index/package_run_dependencies/ur_description
[1.310s] -- Up-to-date symlink: /home/zpw/UR3e-ROS2-resources/install/ur_description/share/ament_index/resource_index/parent_prefix_path/ur_description
[1.310s] -- Up-to-date symlink: /home/zpw/UR3e-ROS2-resources/install/ur_description/share/ur_description/environment/ament_prefix_path.sh
[1.310s] -- Up-to-date symlink: /home/zpw/UR3e-ROS2-resources/install/ur_description/share/ur_description/environment/ament_prefix_path.dsv
[1.310s] -- Up-to-date symlink: /home/zpw/UR3e-ROS2-resources/install/ur_description/share/ur_description/environment/path.sh
[1.310s] -- Up-to-date symlink: /home/zpw/UR3e-ROS2-resources/install/ur_description/share/ur_description/environment/path.dsv
[1.310s] -- Up-to-date symlink: /home/zpw/UR3e-ROS2-resources/install/ur_description/share/ur_description/local_setup.bash
[1.311s] -- Up-to-date symlink: /home/zpw/UR3e-ROS2-resources/install/ur_description/share/ur_description/local_setup.sh
[1.311s] -- Up-to-date symlink: /home/zpw/UR3e-ROS2-resources/install/ur_description/share/ur_description/local_setup.zsh
[1.312s] -- Up-to-date symlink: /home/zpw/UR3e-ROS2-resources/install/ur_description/share/ur_description/local_setup.dsv
[1.312s] -- Symlinking: /home/zpw/UR3e-ROS2-resources/install/ur_description/share/ur_description/package.dsv
[1.313s] -- Up-to-date symlink: /home/zpw/UR3e-ROS2-resources/install/ur_description/share/ament_index/resource_index/packages/ur_description
[1.314s] -- Up-to-date symlink: /home/zpw/UR3e-ROS2-resources/install/ur_description/share/ur_description/cmake/ur_descriptionConfig.cmake
[1.314s] -- Up-to-date symlink: /home/zpw/UR3e-ROS2-resources/install/ur_description/share/ur_description/cmake/ur_descriptionConfig-version.cmake
[1.315s] -- Up-to-date symlink: /home/zpw/UR3e-ROS2-resources/install/ur_description/share/ur_description/package.xml
[1.340s] Invoked command in '/home/zpw/UR3e-ROS2-resources/build/ur_description' returned '0': CMAKE_PREFIX_PATH=/opt/ros/foxy /usr/bin/cmake --install /home/zpw/UR3e-ROS2-resources/build/ur_description
