[0.960s] Invoking command in '/home/zpw/UR3e-ROS2-resources/src/vr_connector': AMENT_PREFIX_PATH=/home/zpw/UR3e-ROS2-resources/install/unity_robotics_demo_msgs:${AMENT_PREFIX_PATH} CMAKE_PREFIX_PATH=/home/zpw/UR3e-ROS2-resources/install/unity_robotics_demo_msgs LD_LIBRARY_PATH=/home/zpw/UR3e-ROS2-resources/install/unity_robotics_demo_msgs/lib:${LD_LIBRARY_PATH} PYTHONPATH=/home/zpw/UR3e-ROS2-resources/install/vr_connector/lib/python3.8/site-packages:/home/zpw/UR3e-ROS2-resources/install/unity_robotics_demo_msgs/lib/python3.8/site-packages:${PYTHONPATH} /usr/bin/python3 setup.py egg_info --egg-base ../../build/vr_connector build --build-base /home/zpw/UR3e-ROS2-resources/build/vr_connector/build install --prefix /home/zpw/UR3e-ROS2-resources/install/vr_connector --record /home/zpw/UR3e-ROS2-resources/build/vr_connector/install.log --single-version-externally-managed
[1.208s] running egg_info
[1.208s] writing ../../build/vr_connector/vr_connector.egg-info/PKG-INFO
[1.209s] writing dependency_links to ../../build/vr_connector/vr_connector.egg-info/dependency_links.txt
[1.209s] writing entry points to ../../build/vr_connector/vr_connector.egg-info/entry_points.txt
[1.209s] writing requirements to ../../build/vr_connector/vr_connector.egg-info/requires.txt
[1.210s] writing top-level names to ../../build/vr_connector/vr_connector.egg-info/top_level.txt
[1.241s] reading manifest file '../../build/vr_connector/vr_connector.egg-info/SOURCES.txt'
[1.242s] writing manifest file '../../build/vr_connector/vr_connector.egg-info/SOURCES.txt'
[1.243s] running build
[1.243s] running build_py
[1.243s] copying vr_connector/vr_talker.py -> /home/zpw/UR3e-ROS2-resources/build/vr_connector/build/lib/vr_connector
[1.243s] running install
[1.244s] running install_lib
[1.245s] copying /home/zpw/UR3e-ROS2-resources/build/vr_connector/build/lib/vr_connector/vr_talker.py -> /home/zpw/UR3e-ROS2-resources/install/vr_connector/lib/python3.8/site-packages/vr_connector
[1.246s] byte-compiling /home/zpw/UR3e-ROS2-resources/install/vr_connector/lib/python3.8/site-packages/vr_connector/vr_talker.py to vr_talker.cpython-38.pyc
[1.248s] running install_data
[1.249s] running install_egg_info
[1.251s] removing '/home/zpw/UR3e-ROS2-resources/install/vr_connector/lib/python3.8/site-packages/vr_connector-0.0.0-py3.8.egg-info' (and everything under it)
[1.251s] Copying ../../build/vr_connector/vr_connector.egg-info to /home/zpw/UR3e-ROS2-resources/install/vr_connector/lib/python3.8/site-packages/vr_connector-0.0.0-py3.8.egg-info
[1.252s] running install_scripts
[1.270s] Installing listener script to /home/zpw/UR3e-ROS2-resources/install/vr_connector/lib/vr_connector
[1.271s] Installing talker script to /home/zpw/UR3e-ROS2-resources/install/vr_connector/lib/vr_connector
[1.271s] writing list of installed files to '/home/zpw/UR3e-ROS2-resources/build/vr_connector/install.log'
[1.306s] Invoked command in '/home/zpw/UR3e-ROS2-resources/src/vr_connector' returned '0': AMENT_PREFIX_PATH=/home/zpw/UR3e-ROS2-resources/install/unity_robotics_demo_msgs:${AMENT_PREFIX_PATH} CMAKE_PREFIX_PATH=/home/zpw/UR3e-ROS2-resources/install/unity_robotics_demo_msgs LD_LIBRARY_PATH=/home/zpw/UR3e-ROS2-resources/install/unity_robotics_demo_msgs/lib:${LD_LIBRARY_PATH} PYTHONPATH=/home/zpw/UR3e-ROS2-resources/install/vr_connector/lib/python3.8/site-packages:/home/zpw/UR3e-ROS2-resources/install/unity_robotics_demo_msgs/lib/python3.8/site-packages:${PYTHONPATH} /usr/bin/python3 setup.py egg_info --egg-base ../../build/vr_connector build --build-base /home/zpw/UR3e-ROS2-resources/build/vr_connector/build install --prefix /home/zpw/UR3e-ROS2-resources/install/vr_connector --record /home/zpw/UR3e-ROS2-resources/build/vr_connector/install.log --single-version-externally-managed
