[0.174s] Invoking command in '/home/zpw/UR3e-ROS2-resources/build/ur_dashboard_msgs': CMAKE_PREFIX_PATH=${CMAKE_PREFIX_PATH}:/home/zpw/UR3e-ROS2-resources/install/vr_connector:/home/zpw/UR3e-ROS2-resources/install/unity_robotics_demo_msgs:/home/zpw/UR3e-ROS2-resources/install/unity_robotics_demo:/home/zpw/UR3e-ROS2-resources/install/ros_tcp_endpoint:/opt/ros/foxy /usr/bin/cmake --build /home/zpw/UR3e-ROS2-resources/build/ur_dashboard_msgs -- -j16 -l16
[2.597s] [  0%] Built target ur_dashboard_msgs__cpp
[2.598s] [ 12%] Built target ur_dashboard_msgs__rosidl_generator_c
[2.601s] [ 24%] Built target ur_dashboard_msgs__rosidl_typesupport_introspection_cpp
[2.602s] [ 36%] Built target ur_dashboard_msgs__rosidl_typesupport_c
[2.605s] [ 48%] Built target ur_dashboard_msgs__rosidl_typesupport_introspection_c
[2.605s] [ 60%] Built target ur_dashboard_msgs__rosidl_typesupport_cpp
[2.605s] [ 72%] Built target ur_dashboard_msgs__rosidl_typesupport_fastrtps_cpp
[2.605s] [ 84%] Built target ur_dashboard_msgs__rosidl_typesupport_fastrtps_c
[2.606s] [ 84%] Built target ur_dashboard_msgs
[2.606s] [ 85%] Built target ur_dashboard_msgs__py
[2.607s] [ 96%] Built target ur_dashboard_msgs__python
[2.608s] [ 97%] Built target ur_dashboard_msgs__rosidl_typesupport_c__pyext
[2.609s] [ 98%] Built target ur_dashboard_msgs__rosidl_typesupport_fastrtps_c__pyext
[2.609s] [100%] Built target ur_dashboard_msgs__rosidl_typesupport_introspection_c__pyext
[2.679s] Invoked command in '/home/zpw/UR3e-ROS2-resources/build/ur_dashboard_msgs' returned '0': CMAKE_PREFIX_PATH=${CMAKE_PREFIX_PATH}:/home/zpw/UR3e-ROS2-resources/install/vr_connector:/home/zpw/UR3e-ROS2-resources/install/unity_robotics_demo_msgs:/home/zpw/UR3e-ROS2-resources/install/unity_robotics_demo:/home/zpw/UR3e-ROS2-resources/install/ros_tcp_endpoint:/opt/ros/foxy /usr/bin/cmake --build /home/zpw/UR3e-ROS2-resources/build/ur_dashboard_msgs -- -j16 -l16
[4.830s] Invoking command in '/home/zpw/UR3e-ROS2-resources/build/ur_dashboard_msgs': CMAKE_PREFIX_PATH=${CMAKE_PREFIX_PATH}:/home/zpw/UR3e-ROS2-resources/install/vr_connector:/home/zpw/UR3e-ROS2-resources/install/unity_robotics_demo_msgs:/home/zpw/UR3e-ROS2-resources/install/unity_robotics_demo:/home/zpw/UR3e-ROS2-resources/install/ros_tcp_endpoint:/opt/ros/foxy /usr/bin/cmake --install /home/zpw/UR3e-ROS2-resources/build/ur_dashboard_msgs
[4.958s] -- Install configuration: ""
[4.964s] -- Execute custom install script
[4.968s] -- Up-to-date symlink: /home/zpw/UR3e-ROS2-resources/install/ur_dashboard_msgs/share/ament_index/resource_index/rosidl_interfaces/ur_dashboard_msgs
[4.969s] -- Up-to-date symlink: /home/zpw/UR3e-ROS2-resources/install/ur_dashboard_msgs/include/ur_dashboard_msgs/action/detail/set_mode__functions.h
[4.980s] -- Up-to-date symlink: /home/zpw/UR3e-ROS2-resources/install/ur_dashboard_msgs/include/ur_dashboard_msgs/action/detail/set_mode__struct.h
[4.985s] -- Up-to-date symlink: /home/zpw/UR3e-ROS2-resources/install/ur_dashboard_msgs/include/ur_dashboard_msgs/action/detail/set_mode__type_support.h
[4.985s] -- Up-to-date symlink: /home/zpw/UR3e-ROS2-resources/install/ur_dashboard_msgs/include/ur_dashboard_msgs/action/set_mode.h
[4.989s] -- Up-to-date symlink: /home/zpw/UR3e-ROS2-resources/install/ur_dashboard_msgs/include/ur_dashboard_msgs/msg/detail/program_state__functions.h
[4.996s] -- Up-to-date symlink: /home/zpw/UR3e-ROS2-resources/install/ur_dashboard_msgs/include/ur_dashboard_msgs/msg/detail/program_state__struct.h
[4.999s] -- Up-to-date symlink: /home/zpw/UR3e-ROS2-resources/install/ur_dashboard_msgs/include/ur_dashboard_msgs/msg/detail/program_state__type_support.h
[5.001s] -- Up-to-date symlink: /home/zpw/UR3e-ROS2-resources/install/ur_dashboard_msgs/include/ur_dashboard_msgs/msg/detail/robot_mode__functions.h
[5.002s] -- Up-to-date symlink: /home/zpw/UR3e-ROS2-resources/install/ur_dashboard_msgs/include/ur_dashboard_msgs/msg/detail/robot_mode__struct.h
[5.008s] -- Up-to-date symlink: /home/zpw/UR3e-ROS2-resources/install/ur_dashboard_msgs/include/ur_dashboard_msgs/msg/detail/robot_mode__type_support.h
[5.014s] -- Up-to-date symlink: /home/zpw/UR3e-ROS2-resources/install/ur_dashboard_msgs/include/ur_dashboard_msgs/msg/detail/safety_mode__functions.h
[5.016s] -- Up-to-date symlink: /home/zpw/UR3e-ROS2-resources/install/ur_dashboard_msgs/include/ur_dashboard_msgs/msg/detail/safety_mode__struct.h
[5.017s] -- Up-to-date symlink: /home/zpw/UR3e-ROS2-resources/install/ur_dashboard_msgs/include/ur_dashboard_msgs/msg/detail/safety_mode__type_support.h
[5.017s] -- Up-to-date symlink: /home/zpw/UR3e-ROS2-resources/install/ur_dashboard_msgs/include/ur_dashboard_msgs/msg/program_state.h
[5.018s] -- Up-to-date symlink: /home/zpw/UR3e-ROS2-resources/install/ur_dashboard_msgs/include/ur_dashboard_msgs/msg/robot_mode.h
[5.020s] -- Up-to-date symlink: /home/zpw/UR3e-ROS2-resources/install/ur_dashboard_msgs/include/ur_dashboard_msgs/msg/rosidl_generator_c__visibility_control.h
[5.021s] -- Up-to-date symlink: /home/zpw/UR3e-ROS2-resources/install/ur_dashboard_msgs/include/ur_dashboard_msgs/msg/safety_mode.h
[5.022s] -- Up-to-date symlink: /home/zpw/UR3e-ROS2-resources/install/ur_dashboard_msgs/include/ur_dashboard_msgs/srv/add_to_log.h
[5.024s] -- Up-to-date symlink: /home/zpw/UR3e-ROS2-resources/install/ur_dashboard_msgs/include/ur_dashboard_msgs/srv/detail/add_to_log__functions.h
[5.025s] -- Up-to-date symlink: /home/zpw/UR3e-ROS2-resources/install/ur_dashboard_msgs/include/ur_dashboard_msgs/srv/detail/add_to_log__struct.h
[5.026s] -- Up-to-date symlink: /home/zpw/UR3e-ROS2-resources/install/ur_dashboard_msgs/include/ur_dashboard_msgs/srv/detail/add_to_log__type_support.h
[5.030s] -- Up-to-date symlink: /home/zpw/UR3e-ROS2-resources/install/ur_dashboard_msgs/include/ur_dashboard_msgs/srv/detail/get_loaded_program__functions.h
[5.031s] -- Up-to-date symlink: /home/zpw/UR3e-ROS2-resources/install/ur_dashboard_msgs/include/ur_dashboard_msgs/srv/detail/get_loaded_program__struct.h
[5.031s] -- Up-to-date symlink: /home/zpw/UR3e-ROS2-resources/install/ur_dashboard_msgs/include/ur_dashboard_msgs/srv/detail/get_loaded_program__type_support.h
[5.032s] -- Up-to-date symlink: /home/zpw/UR3e-ROS2-resources/install/ur_dashboard_msgs/include/ur_dashboard_msgs/srv/detail/get_program_state__functions.h
[5.033s] -- Up-to-date symlink: /home/zpw/UR3e-ROS2-resources/install/ur_dashboard_msgs/include/ur_dashboard_msgs/srv/detail/get_program_state__struct.h
[5.034s] -- Up-to-date symlink: /home/zpw/UR3e-ROS2-resources/install/ur_dashboard_msgs/include/ur_dashboard_msgs/srv/detail/get_program_state__type_support.h
[5.034s] -- Up-to-date symlink: /home/zpw/UR3e-ROS2-resources/install/ur_dashboard_msgs/include/ur_dashboard_msgs/srv/detail/get_robot_mode__functions.h
[5.035s] -- Up-to-date symlink: /home/zpw/UR3e-ROS2-resources/install/ur_dashboard_msgs/include/ur_dashboard_msgs/srv/detail/get_robot_mode__struct.h
[5.036s] -- Up-to-date symlink: /home/zpw/UR3e-ROS2-resources/install/ur_dashboard_msgs/include/ur_dashboard_msgs/srv/detail/get_robot_mode__type_support.h
[5.037s] -- Up-to-date symlink: /home/zpw/UR3e-ROS2-resources/install/ur_dashboard_msgs/include/ur_dashboard_msgs/srv/detail/get_safety_mode__functions.h
[5.048s] -- Up-to-date symlink: /home/zpw/UR3e-ROS2-resources/install/ur_dashboard_msgs/include/ur_dashboard_msgs/srv/detail/get_safety_mode__struct.h
[5.053s] -- Up-to-date symlink: /home/zpw/UR3e-ROS2-resources/install/ur_dashboard_msgs/include/ur_dashboard_msgs/srv/detail/get_safety_mode__type_support.h
[5.055s] -- Up-to-date symlink: /home/zpw/UR3e-ROS2-resources/install/ur_dashboard_msgs/include/ur_dashboard_msgs/srv/detail/is_program_running__functions.h
[5.057s] -- Up-to-date symlink: /home/zpw/UR3e-ROS2-resources/install/ur_dashboard_msgs/include/ur_dashboard_msgs/srv/detail/is_program_running__struct.h
[5.060s] -- Up-to-date symlink: /home/zpw/UR3e-ROS2-resources/install/ur_dashboard_msgs/include/ur_dashboard_msgs/srv/detail/is_program_running__type_support.h
[5.074s] -- Up-to-date symlink: /home/zpw/UR3e-ROS2-resources/install/ur_dashboard_msgs/include/ur_dashboard_msgs/srv/detail/is_program_saved__functions.h
[5.083s] -- Up-to-date symlink: /home/zpw/UR3e-ROS2-resources/install/ur_dashboard_msgs/include/ur_dashboard_msgs/srv/detail/is_program_saved__struct.h
[5.085s] -- Up-to-date symlink: /home/zpw/UR3e-ROS2-resources/install/ur_dashboard_msgs/include/ur_dashboard_msgs/srv/detail/is_program_saved__type_support.h
[5.087s] -- Up-to-date symlink: /home/zpw/UR3e-ROS2-resources/install/ur_dashboard_msgs/include/ur_dashboard_msgs/srv/detail/load__functions.h
[5.088s] -- Up-to-date symlink: /home/zpw/UR3e-ROS2-resources/install/ur_dashboard_msgs/include/ur_dashboard_msgs/srv/detail/load__struct.h
[5.089s] -- Up-to-date symlink: /home/zpw/UR3e-ROS2-resources/install/ur_dashboard_msgs/include/ur_dashboard_msgs/srv/detail/load__type_support.h
[5.090s] -- Up-to-date symlink: /home/zpw/UR3e-ROS2-resources/install/ur_dashboard_msgs/include/ur_dashboard_msgs/srv/detail/popup__functions.h
[5.090s] -- Up-to-date symlink: /home/zpw/UR3e-ROS2-resources/install/ur_dashboard_msgs/include/ur_dashboard_msgs/srv/detail/popup__struct.h
[5.090s] -- Up-to-date symlink: /home/zpw/UR3e-ROS2-resources/install/ur_dashboard_msgs/include/ur_dashboard_msgs/srv/detail/popup__type_support.h
[5.091s] -- Up-to-date symlink: /home/zpw/UR3e-ROS2-resources/install/ur_dashboard_msgs/include/ur_dashboard_msgs/srv/detail/raw_request__functions.h
[5.094s] -- Up-to-date symlink: /home/zpw/UR3e-ROS2-resources/install/ur_dashboard_msgs/include/ur_dashboard_msgs/srv/detail/raw_request__struct.h
[5.097s] -- Up-to-date symlink: /home/zpw/UR3e-ROS2-resources/install/ur_dashboard_msgs/include/ur_dashboard_msgs/srv/detail/raw_request__type_support.h
[5.099s] -- Up-to-date symlink: /home/zpw/UR3e-ROS2-resources/install/ur_dashboard_msgs/include/ur_dashboard_msgs/srv/get_loaded_program.h
[5.102s] -- Up-to-date symlink: /home/zpw/UR3e-ROS2-resources/install/ur_dashboard_msgs/include/ur_dashboard_msgs/srv/get_program_state.h
[5.106s] -- Up-to-date symlink: /home/zpw/UR3e-ROS2-resources/install/ur_dashboard_msgs/include/ur_dashboard_msgs/srv/get_robot_mode.h
[5.106s] -- Up-to-date symlink: /home/zpw/UR3e-ROS2-resources/install/ur_dashboard_msgs/include/ur_dashboard_msgs/srv/get_safety_mode.h
[5.106s] -- Up-to-date symlink: /home/zpw/UR3e-ROS2-resources/install/ur_dashboard_msgs/include/ur_dashboard_msgs/srv/is_program_running.h
[5.106s] -- Up-to-date symlink: /home/zpw/UR3e-ROS2-resources/install/ur_dashboard_msgs/include/ur_dashboard_msgs/srv/is_program_saved.h
[5.106s] -- Up-to-date symlink: /home/zpw/UR3e-ROS2-resources/install/ur_dashboard_msgs/include/ur_dashboard_msgs/srv/load.h
[5.107s] -- Up-to-date symlink: /home/zpw/UR3e-ROS2-resources/install/ur_dashboard_msgs/include/ur_dashboard_msgs/srv/popup.h
[5.109s] -- Up-to-date symlink: /home/zpw/UR3e-ROS2-resources/install/ur_dashboard_msgs/include/ur_dashboard_msgs/srv/raw_request.h
[5.115s] -- Up-to-date symlink: /home/zpw/UR3e-ROS2-resources/install/ur_dashboard_msgs/share/ur_dashboard_msgs/environment/library_path.sh
[5.118s] -- Up-to-date symlink: /home/zpw/UR3e-ROS2-resources/install/ur_dashboard_msgs/share/ur_dashboard_msgs/environment/library_path.dsv
[5.120s] -- Up-to-date symlink: /home/zpw/UR3e-ROS2-resources/install/ur_dashboard_msgs/include/ur_dashboard_msgs/action/detail/set_mode__rosidl_typesupport_fastrtps_c.h
[5.121s] -- Up-to-date symlink: /home/zpw/UR3e-ROS2-resources/install/ur_dashboard_msgs/include/ur_dashboard_msgs/msg/detail/program_state__rosidl_typesupport_fastrtps_c.h
[5.122s] -- Up-to-date symlink: /home/zpw/UR3e-ROS2-resources/install/ur_dashboard_msgs/include/ur_dashboard_msgs/msg/detail/robot_mode__rosidl_typesupport_fastrtps_c.h
[5.122s] -- Up-to-date symlink: /home/zpw/UR3e-ROS2-resources/install/ur_dashboard_msgs/include/ur_dashboard_msgs/msg/detail/safety_mode__rosidl_typesupport_fastrtps_c.h
[5.122s] -- Up-to-date symlink: /home/zpw/UR3e-ROS2-resources/install/ur_dashboard_msgs/include/ur_dashboard_msgs/msg/rosidl_typesupport_fastrtps_c__visibility_control.h
[5.122s] -- Up-to-date symlink: /home/zpw/UR3e-ROS2-resources/install/ur_dashboard_msgs/include/ur_dashboard_msgs/srv/detail/add_to_log__rosidl_typesupport_fastrtps_c.h
[5.124s] -- Up-to-date symlink: /home/zpw/UR3e-ROS2-resources/install/ur_dashboard_msgs/include/ur_dashboard_msgs/srv/detail/get_loaded_program__rosidl_typesupport_fastrtps_c.h
[5.126s] -- Up-to-date symlink: /home/zpw/UR3e-ROS2-resources/install/ur_dashboard_msgs/include/ur_dashboard_msgs/srv/detail/get_program_state__rosidl_typesupport_fastrtps_c.h
[5.136s] -- Up-to-date symlink: /home/zpw/UR3e-ROS2-resources/install/ur_dashboard_msgs/include/ur_dashboard_msgs/srv/detail/get_robot_mode__rosidl_typesupport_fastrtps_c.h
[5.137s] -- Up-to-date symlink: /home/zpw/UR3e-ROS2-resources/install/ur_dashboard_msgs/include/ur_dashboard_msgs/srv/detail/get_safety_mode__rosidl_typesupport_fastrtps_c.h
[5.138s] -- Up-to-date symlink: /home/zpw/UR3e-ROS2-resources/install/ur_dashboard_msgs/include/ur_dashboard_msgs/srv/detail/is_program_running__rosidl_typesupport_fastrtps_c.h
[5.138s] -- Up-to-date symlink: /home/zpw/UR3e-ROS2-resources/install/ur_dashboard_msgs/include/ur_dashboard_msgs/srv/detail/is_program_saved__rosidl_typesupport_fastrtps_c.h
[5.138s] -- Up-to-date symlink: /home/zpw/UR3e-ROS2-resources/install/ur_dashboard_msgs/include/ur_dashboard_msgs/srv/detail/load__rosidl_typesupport_fastrtps_c.h
[5.138s] -- Up-to-date symlink: /home/zpw/UR3e-ROS2-resources/install/ur_dashboard_msgs/include/ur_dashboard_msgs/srv/detail/popup__rosidl_typesupport_fastrtps_c.h
[5.143s] -- Up-to-date symlink: /home/zpw/UR3e-ROS2-resources/install/ur_dashboard_msgs/include/ur_dashboard_msgs/srv/detail/raw_request__rosidl_typesupport_fastrtps_c.h
[5.147s] -- Up-to-date symlink: /home/zpw/UR3e-ROS2-resources/install/ur_dashboard_msgs/lib/libur_dashboard_msgs__rosidl_typesupport_fastrtps_c.so
[5.150s] -- Up-to-date symlink: /home/zpw/UR3e-ROS2-resources/install/ur_dashboard_msgs/include/ur_dashboard_msgs/action/detail/set_mode__rosidl_typesupport_fastrtps_cpp.hpp
[5.152s] -- Up-to-date symlink: /home/zpw/UR3e-ROS2-resources/install/ur_dashboard_msgs/include/ur_dashboard_msgs/msg/detail/program_state__rosidl_typesupport_fastrtps_cpp.hpp
[5.153s] -- Up-to-date symlink: /home/zpw/UR3e-ROS2-resources/install/ur_dashboard_msgs/include/ur_dashboard_msgs/msg/detail/robot_mode__rosidl_typesupport_fastrtps_cpp.hpp
[5.153s] -- Up-to-date symlink: /home/zpw/UR3e-ROS2-resources/install/ur_dashboard_msgs/include/ur_dashboard_msgs/msg/detail/safety_mode__rosidl_typesupport_fastrtps_cpp.hpp
[5.154s] -- Up-to-date symlink: /home/zpw/UR3e-ROS2-resources/install/ur_dashboard_msgs/include/ur_dashboard_msgs/msg/rosidl_typesupport_fastrtps_cpp__visibility_control.h
[5.154s] -- Up-to-date symlink: /home/zpw/UR3e-ROS2-resources/install/ur_dashboard_msgs/include/ur_dashboard_msgs/srv/detail/add_to_log__rosidl_typesupport_fastrtps_cpp.hpp
[5.154s] -- Up-to-date symlink: /home/zpw/UR3e-ROS2-resources/install/ur_dashboard_msgs/include/ur_dashboard_msgs/srv/detail/get_loaded_program__rosidl_typesupport_fastrtps_cpp.hpp
[5.154s] -- Up-to-date symlink: /home/zpw/UR3e-ROS2-resources/install/ur_dashboard_msgs/include/ur_dashboard_msgs/srv/detail/get_program_state__rosidl_typesupport_fastrtps_cpp.hpp
[5.154s] -- Up-to-date symlink: /home/zpw/UR3e-ROS2-resources/install/ur_dashboard_msgs/include/ur_dashboard_msgs/srv/detail/get_robot_mode__rosidl_typesupport_fastrtps_cpp.hpp
[5.154s] -- Up-to-date symlink: /home/zpw/UR3e-ROS2-resources/install/ur_dashboard_msgs/include/ur_dashboard_msgs/srv/detail/get_safety_mode__rosidl_typesupport_fastrtps_cpp.hpp
[5.154s] -- Up-to-date symlink: /home/zpw/UR3e-ROS2-resources/install/ur_dashboard_msgs/include/ur_dashboard_msgs/srv/detail/is_program_running__rosidl_typesupport_fastrtps_cpp.hpp
[5.154s] -- Up-to-date symlink: /home/zpw/UR3e-ROS2-resources/install/ur_dashboard_msgs/include/ur_dashboard_msgs/srv/detail/is_program_saved__rosidl_typesupport_fastrtps_cpp.hpp
[5.154s] -- Up-to-date symlink: /home/zpw/UR3e-ROS2-resources/install/ur_dashboard_msgs/include/ur_dashboard_msgs/srv/detail/load__rosidl_typesupport_fastrtps_cpp.hpp
[5.155s] -- Up-to-date symlink: /home/zpw/UR3e-ROS2-resources/install/ur_dashboard_msgs/include/ur_dashboard_msgs/srv/detail/popup__rosidl_typesupport_fastrtps_cpp.hpp
[5.158s] -- Up-to-date symlink: /home/zpw/UR3e-ROS2-resources/install/ur_dashboard_msgs/include/ur_dashboard_msgs/srv/detail/raw_request__rosidl_typesupport_fastrtps_cpp.hpp
[5.166s] -- Up-to-date symlink: /home/zpw/UR3e-ROS2-resources/install/ur_dashboard_msgs/lib/libur_dashboard_msgs__rosidl_typesupport_fastrtps_cpp.so
[5.168s] -- Up-to-date symlink: /home/zpw/UR3e-ROS2-resources/install/ur_dashboard_msgs/include/ur_dashboard_msgs/action/detail/set_mode__rosidl_typesupport_introspection_c.h
[5.170s] -- Up-to-date symlink: /home/zpw/UR3e-ROS2-resources/install/ur_dashboard_msgs/include/ur_dashboard_msgs/msg/detail/program_state__rosidl_typesupport_introspection_c.h
[5.171s] -- Up-to-date symlink: /home/zpw/UR3e-ROS2-resources/install/ur_dashboard_msgs/include/ur_dashboard_msgs/msg/detail/robot_mode__rosidl_typesupport_introspection_c.h
[5.174s] -- Up-to-date symlink: /home/zpw/UR3e-ROS2-resources/install/ur_dashboard_msgs/include/ur_dashboard_msgs/msg/detail/safety_mode__rosidl_typesupport_introspection_c.h
[5.176s] -- Up-to-date symlink: /home/zpw/UR3e-ROS2-resources/install/ur_dashboard_msgs/include/ur_dashboard_msgs/msg/rosidl_typesupport_introspection_c__visibility_control.h
[5.185s] -- Up-to-date symlink: /home/zpw/UR3e-ROS2-resources/install/ur_dashboard_msgs/include/ur_dashboard_msgs/srv/detail/add_to_log__rosidl_typesupport_introspection_c.h
[5.185s] -- Up-to-date symlink: /home/zpw/UR3e-ROS2-resources/install/ur_dashboard_msgs/include/ur_dashboard_msgs/srv/detail/get_loaded_program__rosidl_typesupport_introspection_c.h
[5.186s] -- Up-to-date symlink: /home/zpw/UR3e-ROS2-resources/install/ur_dashboard_msgs/include/ur_dashboard_msgs/srv/detail/get_program_state__rosidl_typesupport_introspection_c.h
[5.188s] -- Up-to-date symlink: /home/zpw/UR3e-ROS2-resources/install/ur_dashboard_msgs/include/ur_dashboard_msgs/srv/detail/get_robot_mode__rosidl_typesupport_introspection_c.h
[5.192s] -- Up-to-date symlink: /home/zpw/UR3e-ROS2-resources/install/ur_dashboard_msgs/include/ur_dashboard_msgs/srv/detail/get_safety_mode__rosidl_typesupport_introspection_c.h
[5.202s] -- Up-to-date symlink: /home/zpw/UR3e-ROS2-resources/install/ur_dashboard_msgs/include/ur_dashboard_msgs/srv/detail/is_program_running__rosidl_typesupport_introspection_c.h
[5.202s] -- Up-to-date symlink: /home/zpw/UR3e-ROS2-resources/install/ur_dashboard_msgs/include/ur_dashboard_msgs/srv/detail/is_program_saved__rosidl_typesupport_introspection_c.h
[5.202s] -- Up-to-date symlink: /home/zpw/UR3e-ROS2-resources/install/ur_dashboard_msgs/include/ur_dashboard_msgs/srv/detail/load__rosidl_typesupport_introspection_c.h
[5.202s] -- Up-to-date symlink: /home/zpw/UR3e-ROS2-resources/install/ur_dashboard_msgs/include/ur_dashboard_msgs/srv/detail/popup__rosidl_typesupport_introspection_c.h
[5.202s] -- Up-to-date symlink: /home/zpw/UR3e-ROS2-resources/install/ur_dashboard_msgs/include/ur_dashboard_msgs/srv/detail/raw_request__rosidl_typesupport_introspection_c.h
[5.202s] -- Up-to-date symlink: /home/zpw/UR3e-ROS2-resources/install/ur_dashboard_msgs/include/ur_dashboard_msgs/action/detail/set_mode__builder.hpp
[5.202s] -- Up-to-date symlink: /home/zpw/UR3e-ROS2-resources/install/ur_dashboard_msgs/include/ur_dashboard_msgs/action/detail/set_mode__struct.hpp
[5.203s] -- Up-to-date symlink: /home/zpw/UR3e-ROS2-resources/install/ur_dashboard_msgs/include/ur_dashboard_msgs/action/detail/set_mode__traits.hpp
[5.203s] -- Up-to-date symlink: /home/zpw/UR3e-ROS2-resources/install/ur_dashboard_msgs/include/ur_dashboard_msgs/action/set_mode.hpp
[5.204s] -- Up-to-date symlink: /home/zpw/UR3e-ROS2-resources/install/ur_dashboard_msgs/include/ur_dashboard_msgs/msg/detail/program_state__builder.hpp
[5.204s] -- Up-to-date symlink: /home/zpw/UR3e-ROS2-resources/install/ur_dashboard_msgs/include/ur_dashboard_msgs/msg/detail/program_state__struct.hpp
[5.205s] -- Up-to-date symlink: /home/zpw/UR3e-ROS2-resources/install/ur_dashboard_msgs/include/ur_dashboard_msgs/msg/detail/program_state__traits.hpp
[5.205s] -- Up-to-date symlink: /home/zpw/UR3e-ROS2-resources/install/ur_dashboard_msgs/include/ur_dashboard_msgs/msg/detail/robot_mode__builder.hpp
[5.206s] -- Up-to-date symlink: /home/zpw/UR3e-ROS2-resources/install/ur_dashboard_msgs/include/ur_dashboard_msgs/msg/detail/robot_mode__struct.hpp
[5.206s] -- Up-to-date symlink: /home/zpw/UR3e-ROS2-resources/install/ur_dashboard_msgs/include/ur_dashboard_msgs/msg/detail/robot_mode__traits.hpp
[5.206s] -- Up-to-date symlink: /home/zpw/UR3e-ROS2-resources/install/ur_dashboard_msgs/include/ur_dashboard_msgs/msg/detail/safety_mode__builder.hpp
[5.210s] -- Up-to-date symlink: /home/zpw/UR3e-ROS2-resources/install/ur_dashboard_msgs/include/ur_dashboard_msgs/msg/detail/safety_mode__struct.hpp
[5.218s] -- Up-to-date symlink: /home/zpw/UR3e-ROS2-resources/install/ur_dashboard_msgs/include/ur_dashboard_msgs/msg/detail/safety_mode__traits.hpp
[5.232s] -- Up-to-date symlink: /home/zpw/UR3e-ROS2-resources/install/ur_dashboard_msgs/include/ur_dashboard_msgs/msg/program_state.hpp
[5.232s] -- Up-to-date symlink: /home/zpw/UR3e-ROS2-resources/install/ur_dashboard_msgs/include/ur_dashboard_msgs/msg/robot_mode.hpp
[5.232s] -- Up-to-date symlink: /home/zpw/UR3e-ROS2-resources/install/ur_dashboard_msgs/include/ur_dashboard_msgs/msg/safety_mode.hpp
[5.233s] -- Up-to-date symlink: /home/zpw/UR3e-ROS2-resources/install/ur_dashboard_msgs/include/ur_dashboard_msgs/srv/add_to_log.hpp
[5.234s] -- Up-to-date symlink: /home/zpw/UR3e-ROS2-resources/install/ur_dashboard_msgs/include/ur_dashboard_msgs/srv/detail/add_to_log__builder.hpp
[5.236s] -- Up-to-date symlink: /home/zpw/UR3e-ROS2-resources/install/ur_dashboard_msgs/include/ur_dashboard_msgs/srv/detail/add_to_log__struct.hpp
[5.237s] -- Up-to-date symlink: /home/zpw/UR3e-ROS2-resources/install/ur_dashboard_msgs/include/ur_dashboard_msgs/srv/detail/add_to_log__traits.hpp
[5.238s] -- Up-to-date symlink: /home/zpw/UR3e-ROS2-resources/install/ur_dashboard_msgs/include/ur_dashboard_msgs/srv/detail/get_loaded_program__builder.hpp
[5.238s] -- Up-to-date symlink: /home/zpw/UR3e-ROS2-resources/install/ur_dashboard_msgs/include/ur_dashboard_msgs/srv/detail/get_loaded_program__struct.hpp
[5.241s] -- Up-to-date symlink: /home/zpw/UR3e-ROS2-resources/install/ur_dashboard_msgs/include/ur_dashboard_msgs/srv/detail/get_loaded_program__traits.hpp
[5.245s] -- Up-to-date symlink: /home/zpw/UR3e-ROS2-resources/install/ur_dashboard_msgs/include/ur_dashboard_msgs/srv/detail/get_program_state__builder.hpp
[5.246s] -- Up-to-date symlink: /home/zpw/UR3e-ROS2-resources/install/ur_dashboard_msgs/include/ur_dashboard_msgs/srv/detail/get_program_state__struct.hpp
[5.247s] -- Up-to-date symlink: /home/zpw/UR3e-ROS2-resources/install/ur_dashboard_msgs/include/ur_dashboard_msgs/srv/detail/get_program_state__traits.hpp
[5.248s] -- Up-to-date symlink: /home/zpw/UR3e-ROS2-resources/install/ur_dashboard_msgs/include/ur_dashboard_msgs/srv/detail/get_robot_mode__builder.hpp
[5.248s] -- Up-to-date symlink: /home/zpw/UR3e-ROS2-resources/install/ur_dashboard_msgs/include/ur_dashboard_msgs/srv/detail/get_robot_mode__struct.hpp
[5.248s] -- Up-to-date symlink: /home/zpw/UR3e-ROS2-resources/install/ur_dashboard_msgs/include/ur_dashboard_msgs/srv/detail/get_robot_mode__traits.hpp
[5.248s] -- Up-to-date symlink: /home/zpw/UR3e-ROS2-resources/install/ur_dashboard_msgs/include/ur_dashboard_msgs/srv/detail/get_safety_mode__builder.hpp
[5.248s] -- Up-to-date symlink: /home/zpw/UR3e-ROS2-resources/install/ur_dashboard_msgs/include/ur_dashboard_msgs/srv/detail/get_safety_mode__struct.hpp
[5.248s] -- Up-to-date symlink: /home/zpw/UR3e-ROS2-resources/install/ur_dashboard_msgs/include/ur_dashboard_msgs/srv/detail/get_safety_mode__traits.hpp
[5.249s] -- Up-to-date symlink: /home/zpw/UR3e-ROS2-resources/install/ur_dashboard_msgs/include/ur_dashboard_msgs/srv/detail/is_program_running__builder.hpp
[5.250s] -- Up-to-date symlink: /home/zpw/UR3e-ROS2-resources/install/ur_dashboard_msgs/include/ur_dashboard_msgs/srv/detail/is_program_running__struct.hpp
[5.252s] -- Up-to-date symlink: /home/zpw/UR3e-ROS2-resources/install/ur_dashboard_msgs/include/ur_dashboard_msgs/srv/detail/is_program_running__traits.hpp
[5.254s] -- Up-to-date symlink: /home/zpw/UR3e-ROS2-resources/install/ur_dashboard_msgs/include/ur_dashboard_msgs/srv/detail/is_program_saved__builder.hpp
[5.256s] -- Up-to-date symlink: /home/zpw/UR3e-ROS2-resources/install/ur_dashboard_msgs/include/ur_dashboard_msgs/srv/detail/is_program_saved__struct.hpp
[5.259s] -- Up-to-date symlink: /home/zpw/UR3e-ROS2-resources/install/ur_dashboard_msgs/include/ur_dashboard_msgs/srv/detail/is_program_saved__traits.hpp
[5.262s] -- Up-to-date symlink: /home/zpw/UR3e-ROS2-resources/install/ur_dashboard_msgs/include/ur_dashboard_msgs/srv/detail/load__builder.hpp
[5.262s] -- Up-to-date symlink: /home/zpw/UR3e-ROS2-resources/install/ur_dashboard_msgs/include/ur_dashboard_msgs/srv/detail/load__struct.hpp
[5.263s] -- Up-to-date symlink: /home/zpw/UR3e-ROS2-resources/install/ur_dashboard_msgs/include/ur_dashboard_msgs/srv/detail/load__traits.hpp
[5.277s] -- Up-to-date symlink: /home/zpw/UR3e-ROS2-resources/install/ur_dashboard_msgs/include/ur_dashboard_msgs/srv/detail/popup__builder.hpp
[5.277s] -- Up-to-date symlink: /home/zpw/UR3e-ROS2-resources/install/ur_dashboard_msgs/include/ur_dashboard_msgs/srv/detail/popup__struct.hpp
[5.277s] -- Up-to-date symlink: /home/zpw/UR3e-ROS2-resources/install/ur_dashboard_msgs/include/ur_dashboard_msgs/srv/detail/popup__traits.hpp
[5.278s] -- Up-to-date symlink: /home/zpw/UR3e-ROS2-resources/install/ur_dashboard_msgs/include/ur_dashboard_msgs/srv/detail/raw_request__builder.hpp
[5.278s] -- Up-to-date symlink: /home/zpw/UR3e-ROS2-resources/install/ur_dashboard_msgs/include/ur_dashboard_msgs/srv/detail/raw_request__struct.hpp
[5.279s] -- Up-to-date symlink: /home/zpw/UR3e-ROS2-resources/install/ur_dashboard_msgs/include/ur_dashboard_msgs/srv/detail/raw_request__traits.hpp
[5.280s] -- Up-to-date symlink: /home/zpw/UR3e-ROS2-resources/install/ur_dashboard_msgs/include/ur_dashboard_msgs/srv/get_loaded_program.hpp
[5.280s] -- Up-to-date symlink: /home/zpw/UR3e-ROS2-resources/install/ur_dashboard_msgs/include/ur_dashboard_msgs/srv/get_program_state.hpp
[5.281s] -- Up-to-date symlink: /home/zpw/UR3e-ROS2-resources/install/ur_dashboard_msgs/include/ur_dashboard_msgs/srv/get_robot_mode.hpp
[5.282s] -- Up-to-date symlink: /home/zpw/UR3e-ROS2-resources/install/ur_dashboard_msgs/include/ur_dashboard_msgs/srv/get_safety_mode.hpp
[5.284s] -- Up-to-date symlink: /home/zpw/UR3e-ROS2-resources/install/ur_dashboard_msgs/include/ur_dashboard_msgs/srv/is_program_running.hpp
[5.286s] -- Up-to-date symlink: /home/zpw/UR3e-ROS2-resources/install/ur_dashboard_msgs/include/ur_dashboard_msgs/srv/is_program_saved.hpp
[5.288s] -- Up-to-date symlink: /home/zpw/UR3e-ROS2-resources/install/ur_dashboard_msgs/include/ur_dashboard_msgs/srv/load.hpp
[5.289s] -- Up-to-date symlink: /home/zpw/UR3e-ROS2-resources/install/ur_dashboard_msgs/include/ur_dashboard_msgs/srv/popup.hpp
[5.292s] -- Up-to-date symlink: /home/zpw/UR3e-ROS2-resources/install/ur_dashboard_msgs/include/ur_dashboard_msgs/srv/raw_request.hpp
[5.292s] -- Up-to-date symlink: /home/zpw/UR3e-ROS2-resources/install/ur_dashboard_msgs/include/ur_dashboard_msgs/action/detail/set_mode__rosidl_typesupport_introspection_cpp.hpp
[5.292s] -- Up-to-date symlink: /home/zpw/UR3e-ROS2-resources/install/ur_dashboard_msgs/include/ur_dashboard_msgs/msg/detail/program_state__rosidl_typesupport_introspection_cpp.hpp
[5.293s] -- Up-to-date symlink: /home/zpw/UR3e-ROS2-resources/install/ur_dashboard_msgs/include/ur_dashboard_msgs/msg/detail/robot_mode__rosidl_typesupport_introspection_cpp.hpp
[5.297s] -- Up-to-date symlink: /home/zpw/UR3e-ROS2-resources/install/ur_dashboard_msgs/include/ur_dashboard_msgs/msg/detail/safety_mode__rosidl_typesupport_introspection_cpp.hpp
[5.299s] -- Up-to-date symlink: /home/zpw/UR3e-ROS2-resources/install/ur_dashboard_msgs/include/ur_dashboard_msgs/srv/detail/add_to_log__rosidl_typesupport_introspection_cpp.hpp
[5.305s] -- Up-to-date symlink: /home/zpw/UR3e-ROS2-resources/install/ur_dashboard_msgs/include/ur_dashboard_msgs/srv/detail/get_loaded_program__rosidl_typesupport_introspection_cpp.hpp
[5.307s] -- Up-to-date symlink: /home/zpw/UR3e-ROS2-resources/install/ur_dashboard_msgs/include/ur_dashboard_msgs/srv/detail/get_program_state__rosidl_typesupport_introspection_cpp.hpp
[5.312s] -- Up-to-date symlink: /home/zpw/UR3e-ROS2-resources/install/ur_dashboard_msgs/include/ur_dashboard_msgs/srv/detail/get_robot_mode__rosidl_typesupport_introspection_cpp.hpp
[5.318s] -- Up-to-date symlink: /home/zpw/UR3e-ROS2-resources/install/ur_dashboard_msgs/include/ur_dashboard_msgs/srv/detail/get_safety_mode__rosidl_typesupport_introspection_cpp.hpp
[5.321s] -- Up-to-date symlink: /home/zpw/UR3e-ROS2-resources/install/ur_dashboard_msgs/include/ur_dashboard_msgs/srv/detail/is_program_running__rosidl_typesupport_introspection_cpp.hpp
[5.323s] -- Up-to-date symlink: /home/zpw/UR3e-ROS2-resources/install/ur_dashboard_msgs/include/ur_dashboard_msgs/srv/detail/is_program_saved__rosidl_typesupport_introspection_cpp.hpp
[5.326s] -- Up-to-date symlink: /home/zpw/UR3e-ROS2-resources/install/ur_dashboard_msgs/include/ur_dashboard_msgs/srv/detail/load__rosidl_typesupport_introspection_cpp.hpp
[5.332s] -- Up-to-date symlink: /home/zpw/UR3e-ROS2-resources/install/ur_dashboard_msgs/include/ur_dashboard_msgs/srv/detail/popup__rosidl_typesupport_introspection_cpp.hpp
[5.337s] -- Up-to-date symlink: /home/zpw/UR3e-ROS2-resources/install/ur_dashboard_msgs/include/ur_dashboard_msgs/srv/detail/raw_request__rosidl_typesupport_introspection_cpp.hpp
[5.339s] -- Up-to-date symlink: /home/zpw/UR3e-ROS2-resources/install/ur_dashboard_msgs/share/ur_dashboard_msgs/environment/pythonpath.sh
[5.348s] -- Up-to-date symlink: /home/zpw/UR3e-ROS2-resources/install/ur_dashboard_msgs/share/ur_dashboard_msgs/environment/pythonpath.dsv
[5.351s] -- Up-to-date symlink: /home/zpw/UR3e-ROS2-resources/install/ur_dashboard_msgs/lib/python3.8/site-packages/ur_dashboard_msgs/__init__.py
[5.353s] -- Up-to-date symlink: /home/zpw/UR3e-ROS2-resources/install/ur_dashboard_msgs/lib/python3.8/site-packages/ur_dashboard_msgs/msg/__init__.py
[5.354s] -- Up-to-date symlink: /home/zpw/UR3e-ROS2-resources/install/ur_dashboard_msgs/lib/python3.8/site-packages/ur_dashboard_msgs/msg/_program_state.py
[5.354s] -- Up-to-date symlink: /home/zpw/UR3e-ROS2-resources/install/ur_dashboard_msgs/lib/python3.8/site-packages/ur_dashboard_msgs/msg/_robot_mode.py
[5.355s] -- Up-to-date symlink: /home/zpw/UR3e-ROS2-resources/install/ur_dashboard_msgs/lib/python3.8/site-packages/ur_dashboard_msgs/msg/_safety_mode.py
[5.365s] -- Up-to-date symlink: /home/zpw/UR3e-ROS2-resources/install/ur_dashboard_msgs/lib/python3.8/site-packages/ur_dashboard_msgs/srv/__init__.py
[5.369s] -- Up-to-date symlink: /home/zpw/UR3e-ROS2-resources/install/ur_dashboard_msgs/lib/python3.8/site-packages/ur_dashboard_msgs/srv/_add_to_log.py
[5.370s] -- Up-to-date symlink: /home/zpw/UR3e-ROS2-resources/install/ur_dashboard_msgs/lib/python3.8/site-packages/ur_dashboard_msgs/srv/_get_loaded_program.py
[5.370s] -- Up-to-date symlink: /home/zpw/UR3e-ROS2-resources/install/ur_dashboard_msgs/lib/python3.8/site-packages/ur_dashboard_msgs/srv/_get_program_state.py
[5.371s] -- Up-to-date symlink: /home/zpw/UR3e-ROS2-resources/install/ur_dashboard_msgs/lib/python3.8/site-packages/ur_dashboard_msgs/srv/_get_robot_mode.py
[5.371s] -- Up-to-date symlink: /home/zpw/UR3e-ROS2-resources/install/ur_dashboard_msgs/lib/python3.8/site-packages/ur_dashboard_msgs/srv/_get_safety_mode.py
[5.381s] -- Up-to-date symlink: /home/zpw/UR3e-ROS2-resources/install/ur_dashboard_msgs/lib/python3.8/site-packages/ur_dashboard_msgs/srv/_is_program_running.py
[5.383s] -- Up-to-date symlink: /home/zpw/UR3e-ROS2-resources/install/ur_dashboard_msgs/lib/python3.8/site-packages/ur_dashboard_msgs/srv/_is_program_saved.py
[5.387s] -- Up-to-date symlink: /home/zpw/UR3e-ROS2-resources/install/ur_dashboard_msgs/lib/python3.8/site-packages/ur_dashboard_msgs/srv/_load.py
[5.387s] -- Up-to-date symlink: /home/zpw/UR3e-ROS2-resources/install/ur_dashboard_msgs/lib/python3.8/site-packages/ur_dashboard_msgs/srv/_popup.py
[5.393s] -- Up-to-date symlink: /home/zpw/UR3e-ROS2-resources/install/ur_dashboard_msgs/lib/python3.8/site-packages/ur_dashboard_msgs/srv/_raw_request.py
[5.399s] -- Up-to-date symlink: /home/zpw/UR3e-ROS2-resources/install/ur_dashboard_msgs/lib/python3.8/site-packages/ur_dashboard_msgs/action/__init__.py
[5.403s] -- Up-to-date symlink: /home/zpw/UR3e-ROS2-resources/install/ur_dashboard_msgs/lib/python3.8/site-packages/ur_dashboard_msgs/action/_set_mode.py
[5.403s] -- Up-to-date symlink: /home/zpw/UR3e-ROS2-resources/install/ur_dashboard_msgs/lib/python3.8/site-packages/ur_dashboard_msgs/ur_dashboard_msgs_s__rosidl_typesupport_fastrtps_c.cpython-38-x86_64-linux-gnu.so
[5.403s] -- Up-to-date symlink: /home/zpw/UR3e-ROS2-resources/install/ur_dashboard_msgs/lib/python3.8/site-packages/ur_dashboard_msgs/ur_dashboard_msgs_s__rosidl_typesupport_introspection_c.cpython-38-x86_64-linux-gnu.so
[5.404s] -- Up-to-date symlink: /home/zpw/UR3e-ROS2-resources/install/ur_dashboard_msgs/lib/python3.8/site-packages/ur_dashboard_msgs/ur_dashboard_msgs_s__rosidl_typesupport_c.cpython-38-x86_64-linux-gnu.so
[5.408s] -- Up-to-date symlink: /home/zpw/UR3e-ROS2-resources/install/ur_dashboard_msgs/lib/libur_dashboard_msgs__python.so
[5.412s] -- Up-to-date symlink: /home/zpw/UR3e-ROS2-resources/install/ur_dashboard_msgs/share/ur_dashboard_msgs/msg/ProgramState.idl
[5.415s] -- Up-to-date symlink: /home/zpw/UR3e-ROS2-resources/install/ur_dashboard_msgs/share/ur_dashboard_msgs/msg/RobotMode.idl
[5.418s] -- Up-to-date symlink: /home/zpw/UR3e-ROS2-resources/install/ur_dashboard_msgs/share/ur_dashboard_msgs/msg/SafetyMode.idl
[5.418s] -- Up-to-date symlink: /home/zpw/UR3e-ROS2-resources/install/ur_dashboard_msgs/share/ur_dashboard_msgs/srv/AddToLog.idl
[5.418s] -- Up-to-date symlink: /home/zpw/UR3e-ROS2-resources/install/ur_dashboard_msgs/share/ur_dashboard_msgs/srv/GetLoadedProgram.idl
[5.418s] -- Up-to-date symlink: /home/zpw/UR3e-ROS2-resources/install/ur_dashboard_msgs/share/ur_dashboard_msgs/srv/GetProgramState.idl
[5.420s] -- Up-to-date symlink: /home/zpw/UR3e-ROS2-resources/install/ur_dashboard_msgs/share/ur_dashboard_msgs/srv/GetRobotMode.idl
[5.433s] -- Up-to-date symlink: /home/zpw/UR3e-ROS2-resources/install/ur_dashboard_msgs/share/ur_dashboard_msgs/srv/GetSafetyMode.idl
[5.434s] -- Up-to-date symlink: /home/zpw/UR3e-ROS2-resources/install/ur_dashboard_msgs/share/ur_dashboard_msgs/srv/IsProgramRunning.idl
[5.435s] -- Up-to-date symlink: /home/zpw/UR3e-ROS2-resources/install/ur_dashboard_msgs/share/ur_dashboard_msgs/srv/IsProgramSaved.idl
[5.436s] -- Up-to-date symlink: /home/zpw/UR3e-ROS2-resources/install/ur_dashboard_msgs/share/ur_dashboard_msgs/srv/Load.idl
[5.437s] -- Up-to-date symlink: /home/zpw/UR3e-ROS2-resources/install/ur_dashboard_msgs/share/ur_dashboard_msgs/srv/Popup.idl
[5.439s] -- Up-to-date symlink: /home/zpw/UR3e-ROS2-resources/install/ur_dashboard_msgs/share/ur_dashboard_msgs/srv/RawRequest.idl
[5.443s] -- Up-to-date symlink: /home/zpw/UR3e-ROS2-resources/install/ur_dashboard_msgs/share/ur_dashboard_msgs/action/SetMode.idl
[5.444s] -- Up-to-date symlink: /home/zpw/UR3e-ROS2-resources/install/ur_dashboard_msgs/share/ur_dashboard_msgs/msg/ProgramState.msg
[5.446s] -- Up-to-date symlink: /home/zpw/UR3e-ROS2-resources/install/ur_dashboard_msgs/share/ur_dashboard_msgs/msg/RobotMode.msg
[5.447s] -- Up-to-date symlink: /home/zpw/UR3e-ROS2-resources/install/ur_dashboard_msgs/share/ur_dashboard_msgs/msg/SafetyMode.msg
[5.448s] -- Up-to-date symlink: /home/zpw/UR3e-ROS2-resources/install/ur_dashboard_msgs/share/ur_dashboard_msgs/srv/AddToLog.srv
[5.449s] -- Up-to-date symlink: /home/zpw/UR3e-ROS2-resources/install/ur_dashboard_msgs/share/ur_dashboard_msgs/srv/AddToLog_Request.msg
[5.449s] -- Up-to-date symlink: /home/zpw/UR3e-ROS2-resources/install/ur_dashboard_msgs/share/ur_dashboard_msgs/srv/AddToLog_Response.msg
[5.451s] -- Up-to-date symlink: /home/zpw/UR3e-ROS2-resources/install/ur_dashboard_msgs/share/ur_dashboard_msgs/srv/GetLoadedProgram.srv
[5.463s] -- Up-to-date symlink: /home/zpw/UR3e-ROS2-resources/install/ur_dashboard_msgs/share/ur_dashboard_msgs/srv/GetLoadedProgram_Request.msg
[5.466s] -- Up-to-date symlink: /home/zpw/UR3e-ROS2-resources/install/ur_dashboard_msgs/share/ur_dashboard_msgs/srv/GetLoadedProgram_Response.msg
[5.472s] -- Up-to-date symlink: /home/zpw/UR3e-ROS2-resources/install/ur_dashboard_msgs/share/ur_dashboard_msgs/srv/GetProgramState.srv
[5.478s] -- Up-to-date symlink: /home/zpw/UR3e-ROS2-resources/install/ur_dashboard_msgs/share/ur_dashboard_msgs/srv/GetProgramState_Request.msg
[5.478s] -- Up-to-date symlink: /home/zpw/UR3e-ROS2-resources/install/ur_dashboard_msgs/share/ur_dashboard_msgs/srv/GetProgramState_Response.msg
[5.478s] -- Up-to-date symlink: /home/zpw/UR3e-ROS2-resources/install/ur_dashboard_msgs/share/ur_dashboard_msgs/srv/GetRobotMode.srv
[5.479s] -- Up-to-date symlink: /home/zpw/UR3e-ROS2-resources/install/ur_dashboard_msgs/share/ur_dashboard_msgs/srv/GetRobotMode_Request.msg
[5.493s] -- Up-to-date symlink: /home/zpw/UR3e-ROS2-resources/install/ur_dashboard_msgs/share/ur_dashboard_msgs/srv/GetRobotMode_Response.msg
[5.493s] -- Up-to-date symlink: /home/zpw/UR3e-ROS2-resources/install/ur_dashboard_msgs/share/ur_dashboard_msgs/srv/GetSafetyMode.srv
[5.493s] -- Up-to-date symlink: /home/zpw/UR3e-ROS2-resources/install/ur_dashboard_msgs/share/ur_dashboard_msgs/srv/GetSafetyMode_Request.msg
[5.493s] -- Up-to-date symlink: /home/zpw/UR3e-ROS2-resources/install/ur_dashboard_msgs/share/ur_dashboard_msgs/srv/GetSafetyMode_Response.msg
[5.493s] -- Up-to-date symlink: /home/zpw/UR3e-ROS2-resources/install/ur_dashboard_msgs/share/ur_dashboard_msgs/srv/IsProgramRunning.srv
[5.493s] -- Up-to-date symlink: /home/zpw/UR3e-ROS2-resources/install/ur_dashboard_msgs/share/ur_dashboard_msgs/srv/IsProgramRunning_Request.msg
[5.500s] -- Up-to-date symlink: /home/zpw/UR3e-ROS2-resources/install/ur_dashboard_msgs/share/ur_dashboard_msgs/srv/IsProgramRunning_Response.msg
[5.502s] -- Up-to-date symlink: /home/zpw/UR3e-ROS2-resources/install/ur_dashboard_msgs/share/ur_dashboard_msgs/srv/IsProgramSaved.srv
[5.503s] -- Up-to-date symlink: /home/zpw/UR3e-ROS2-resources/install/ur_dashboard_msgs/share/ur_dashboard_msgs/srv/IsProgramSaved_Request.msg
[5.522s] -- Up-to-date symlink: /home/zpw/UR3e-ROS2-resources/install/ur_dashboard_msgs/share/ur_dashboard_msgs/srv/IsProgramSaved_Response.msg
[5.528s] -- Up-to-date symlink: /home/zpw/UR3e-ROS2-resources/install/ur_dashboard_msgs/share/ur_dashboard_msgs/srv/Load.srv
[5.530s] -- Up-to-date symlink: /home/zpw/UR3e-ROS2-resources/install/ur_dashboard_msgs/share/ur_dashboard_msgs/srv/Load_Request.msg
[5.532s] -- Up-to-date symlink: /home/zpw/UR3e-ROS2-resources/install/ur_dashboard_msgs/share/ur_dashboard_msgs/srv/Load_Response.msg
[5.534s] -- Up-to-date symlink: /home/zpw/UR3e-ROS2-resources/install/ur_dashboard_msgs/share/ur_dashboard_msgs/srv/Popup.srv
[5.537s] -- Up-to-date symlink: /home/zpw/UR3e-ROS2-resources/install/ur_dashboard_msgs/share/ur_dashboard_msgs/srv/Popup_Request.msg
[5.538s] -- Up-to-date symlink: /home/zpw/UR3e-ROS2-resources/install/ur_dashboard_msgs/share/ur_dashboard_msgs/srv/Popup_Response.msg
[5.538s] -- Up-to-date symlink: /home/zpw/UR3e-ROS2-resources/install/ur_dashboard_msgs/share/ur_dashboard_msgs/srv/RawRequest.srv
[5.539s] -- Up-to-date symlink: /home/zpw/UR3e-ROS2-resources/install/ur_dashboard_msgs/share/ur_dashboard_msgs/srv/RawRequest_Request.msg
[5.540s] -- Up-to-date symlink: /home/zpw/UR3e-ROS2-resources/install/ur_dashboard_msgs/share/ur_dashboard_msgs/srv/RawRequest_Response.msg
[5.542s] -- Up-to-date symlink: /home/zpw/UR3e-ROS2-resources/install/ur_dashboard_msgs/share/ur_dashboard_msgs/action/SetMode.action
[5.544s] -- Up-to-date symlink: /home/zpw/UR3e-ROS2-resources/install/ur_dashboard_msgs/share/ament_index/resource_index/package_run_dependencies/ur_dashboard_msgs
[5.553s] -- Up-to-date symlink: /home/zpw/UR3e-ROS2-resources/install/ur_dashboard_msgs/share/ament_index/resource_index/parent_prefix_path/ur_dashboard_msgs
[5.553s] -- Up-to-date symlink: /home/zpw/UR3e-ROS2-resources/install/ur_dashboard_msgs/share/ur_dashboard_msgs/environment/ament_prefix_path.sh
[5.560s] -- Up-to-date symlink: /home/zpw/UR3e-ROS2-resources/install/ur_dashboard_msgs/share/ur_dashboard_msgs/environment/ament_prefix_path.dsv
[5.568s] -- Up-to-date symlink: /home/zpw/UR3e-ROS2-resources/install/ur_dashboard_msgs/share/ur_dashboard_msgs/environment/path.sh
[5.568s] -- Up-to-date symlink: /home/zpw/UR3e-ROS2-resources/install/ur_dashboard_msgs/share/ur_dashboard_msgs/environment/path.dsv
[5.568s] -- Up-to-date symlink: /home/zpw/UR3e-ROS2-resources/install/ur_dashboard_msgs/share/ur_dashboard_msgs/local_setup.bash
[5.568s] -- Up-to-date symlink: /home/zpw/UR3e-ROS2-resources/install/ur_dashboard_msgs/share/ur_dashboard_msgs/local_setup.sh
[5.568s] -- Up-to-date symlink: /home/zpw/UR3e-ROS2-resources/install/ur_dashboard_msgs/share/ur_dashboard_msgs/local_setup.zsh
[5.569s] -- Up-to-date symlink: /home/zpw/UR3e-ROS2-resources/install/ur_dashboard_msgs/share/ur_dashboard_msgs/local_setup.dsv
[5.570s] -- Symlinking: /home/zpw/UR3e-ROS2-resources/install/ur_dashboard_msgs/share/ur_dashboard_msgs/package.dsv
[5.571s] -- Up-to-date symlink: /home/zpw/UR3e-ROS2-resources/install/ur_dashboard_msgs/share/ament_index/resource_index/packages/ur_dashboard_msgs
[5.572s] -- Up-to-date symlink: /home/zpw/UR3e-ROS2-resources/install/ur_dashboard_msgs/share/ur_dashboard_msgs/cmake/rosidl_cmake-extras.cmake
[5.580s] -- Up-to-date symlink: /home/zpw/UR3e-ROS2-resources/install/ur_dashboard_msgs/share/ur_dashboard_msgs/cmake/ament_cmake_export_dependencies-extras.cmake
[5.582s] -- Up-to-date symlink: /home/zpw/UR3e-ROS2-resources/install/ur_dashboard_msgs/share/ur_dashboard_msgs/cmake/ament_cmake_export_libraries-extras.cmake
[5.583s] -- Up-to-date symlink: /home/zpw/UR3e-ROS2-resources/install/ur_dashboard_msgs/share/ur_dashboard_msgs/cmake/ament_cmake_export_targets-extras.cmake
[5.583s] -- Up-to-date symlink: /home/zpw/UR3e-ROS2-resources/install/ur_dashboard_msgs/share/ur_dashboard_msgs/cmake/ament_cmake_export_include_directories-extras.cmake
[5.583s] -- Up-to-date symlink: /home/zpw/UR3e-ROS2-resources/install/ur_dashboard_msgs/share/ur_dashboard_msgs/cmake/rosidl_cmake_export_typesupport_libraries-extras.cmake
[5.583s] -- Up-to-date symlink: /home/zpw/UR3e-ROS2-resources/install/ur_dashboard_msgs/share/ur_dashboard_msgs/cmake/rosidl_cmake_export_typesupport_targets-extras.cmake
[5.584s] -- Up-to-date symlink: /home/zpw/UR3e-ROS2-resources/install/ur_dashboard_msgs/share/ur_dashboard_msgs/cmake/ur_dashboard_msgsConfig.cmake
[5.585s] -- Up-to-date symlink: /home/zpw/UR3e-ROS2-resources/install/ur_dashboard_msgs/share/ur_dashboard_msgs/cmake/ur_dashboard_msgsConfig-version.cmake
[5.585s] -- Up-to-date symlink: /home/zpw/UR3e-ROS2-resources/install/ur_dashboard_msgs/share/ur_dashboard_msgs/package.xml
[5.586s] -- Up-to-date: /home/zpw/UR3e-ROS2-resources/install/ur_dashboard_msgs/lib/libur_dashboard_msgs__rosidl_generator_c.so
[5.587s] -- Up-to-date: /home/zpw/UR3e-ROS2-resources/install/ur_dashboard_msgs/lib/libur_dashboard_msgs__rosidl_typesupport_introspection_c.so
[5.588s] -- Up-to-date: /home/zpw/UR3e-ROS2-resources/install/ur_dashboard_msgs/lib/libur_dashboard_msgs__rosidl_typesupport_c.so
[5.589s] -- Up-to-date: /home/zpw/UR3e-ROS2-resources/install/ur_dashboard_msgs/lib/libur_dashboard_msgs__rosidl_typesupport_introspection_cpp.so
[5.590s] -- Up-to-date: /home/zpw/UR3e-ROS2-resources/install/ur_dashboard_msgs/lib/libur_dashboard_msgs__rosidl_typesupport_cpp.so
[5.599s] -- Up-to-date: /home/zpw/UR3e-ROS2-resources/install/ur_dashboard_msgs/share/ur_dashboard_msgs/cmake/ur_dashboard_msgs__rosidl_generator_cExport.cmake
[5.599s] -- Up-to-date: /home/zpw/UR3e-ROS2-resources/install/ur_dashboard_msgs/share/ur_dashboard_msgs/cmake/ur_dashboard_msgs__rosidl_generator_cExport-noconfig.cmake
[5.603s] -- Up-to-date: /home/zpw/UR3e-ROS2-resources/install/ur_dashboard_msgs/share/ur_dashboard_msgs/cmake/ur_dashboard_msgs__rosidl_typesupport_introspection_cExport.cmake
[5.604s] -- Up-to-date: /home/zpw/UR3e-ROS2-resources/install/ur_dashboard_msgs/share/ur_dashboard_msgs/cmake/ur_dashboard_msgs__rosidl_typesupport_introspection_cExport-noconfig.cmake
[5.609s] -- Up-to-date: /home/zpw/UR3e-ROS2-resources/install/ur_dashboard_msgs/share/ur_dashboard_msgs/cmake/ur_dashboard_msgs__rosidl_typesupport_cExport.cmake
[5.613s] -- Up-to-date: /home/zpw/UR3e-ROS2-resources/install/ur_dashboard_msgs/share/ur_dashboard_msgs/cmake/ur_dashboard_msgs__rosidl_typesupport_cExport-noconfig.cmake
[5.616s] -- Up-to-date: /home/zpw/UR3e-ROS2-resources/install/ur_dashboard_msgs/share/ur_dashboard_msgs/cmake/ur_dashboard_msgs__rosidl_generator_cppExport.cmake
[5.619s] -- Up-to-date: /home/zpw/UR3e-ROS2-resources/install/ur_dashboard_msgs/share/ur_dashboard_msgs/cmake/ur_dashboard_msgs__rosidl_typesupport_introspection_cppExport.cmake
[5.621s] -- Up-to-date: /home/zpw/UR3e-ROS2-resources/install/ur_dashboard_msgs/share/ur_dashboard_msgs/cmake/ur_dashboard_msgs__rosidl_typesupport_introspection_cppExport-noconfig.cmake
[5.625s] -- Up-to-date: /home/zpw/UR3e-ROS2-resources/install/ur_dashboard_msgs/share/ur_dashboard_msgs/cmake/ur_dashboard_msgs__rosidl_typesupport_cppExport.cmake
[5.627s] -- Up-to-date: /home/zpw/UR3e-ROS2-resources/install/ur_dashboard_msgs/share/ur_dashboard_msgs/cmake/ur_dashboard_msgs__rosidl_typesupport_cppExport-noconfig.cmake
[5.642s] Invoked command in '/home/zpw/UR3e-ROS2-resources/build/ur_dashboard_msgs' returned '0': CMAKE_PREFIX_PATH=${CMAKE_PREFIX_PATH}:/home/zpw/UR3e-ROS2-resources/install/vr_connector:/home/zpw/UR3e-ROS2-resources/install/unity_robotics_demo_msgs:/home/zpw/UR3e-ROS2-resources/install/unity_robotics_demo:/home/zpw/UR3e-ROS2-resources/install/ros_tcp_endpoint:/opt/ros/foxy /usr/bin/cmake --install /home/zpw/UR3e-ROS2-resources/build/ur_dashboard_msgs
