[0.050s] Invoking command in '/home/zpw/UR3e-ROS2-resources/build/ur_client_library': CMAKE_PREFIX_PATH=/opt/ros/foxy /usr/bin/cmake /home/zpw/UR3e-ROS2-resources/src/Universal_Robots_Client_Library -DCMAKE_INSTALL_PREFIX=/home/zpw/UR3e-ROS2-resources/install/ur_client_library
[0.365s] -- The C compiler identification is GNU 9.4.0
[0.736s] -- The CXX compiler identification is GNU 9.4.0
[0.775s] -- Check for working C compiler: /usr/bin/cc
[1.141s] -- Check for working C compiler: /usr/bin/cc -- works
[1.150s] -- Detecting C compiler ABI info
[1.516s] -- Detecting C compiler ABI info - done
[1.616s] -- Detecting C compile features
[1.622s] -- Detecting C compile features - done
[1.649s] -- Check for working CXX compiler: /usr/bin/c++
[2.068s] -- Check for working CXX compiler: /usr/bin/c++ -- works
[2.078s] -- Detecting CXX compiler ABI info
[2.540s] -- Detecting CXX compiler ABI info - done
[2.627s] -- Detecting CXX compile features
[2.633s] -- Detecting CXX compile features - done
[2.635s] ur_client_library: You did not request a specific build type: selecting 'RelWithDebInfo'.
[2.636s] -- Performing C++17 Test
[2.641s] -- Performing Test COMPILER_SUPPORTS_CXX17
[3.053s] -- Performing Test COMPILER_SUPPORTS_CXX17 - Success
[3.066s] -- Looking for pthread.h
[3.519s] -- Looking for pthread.h - found
[3.524s] -- Performing Test CMAKE_HAVE_LIBC_PTHREAD
[3.946s] -- Performing Test CMAKE_HAVE_LIBC_PTHREAD - Failed
[3.947s] -- Looking for pthread_create in pthreads
[4.278s] -- Looking for pthread_create in pthreads - not found
[4.281s] -- Looking for pthread_create in pthread
[4.651s] -- Looking for pthread_create in pthread - found
[4.652s] -- Found Threads: TRUE  
[4.653s] -- Building tests disabled.
[4.675s] -- Configuring done
[4.738s] -- Generating done
[4.739s] -- Build files have been written to: /home/zpw/UR3e-ROS2-resources/build/ur_client_library
[4.756s] Invoked command in '/home/zpw/UR3e-ROS2-resources/build/ur_client_library' returned '0': CMAKE_PREFIX_PATH=/opt/ros/foxy /usr/bin/cmake /home/zpw/UR3e-ROS2-resources/src/Universal_Robots_Client_Library -DCMAKE_INSTALL_PREFIX=/home/zpw/UR3e-ROS2-resources/install/ur_client_library
[4.777s] Invoking command in '/home/zpw/UR3e-ROS2-resources/build/ur_client_library': CMAKE_PREFIX_PATH=/opt/ros/foxy /usr/bin/cmake --build /home/zpw/UR3e-ROS2-resources/build/ur_client_library -- -j16 -l16
[4.945s] [35m[1mScanning dependencies of target urcl[0m
[5.063s] [  2%] [32mBuilding CXX object CMakeFiles/urcl.dir/src/comm/tcp_socket.cpp.o[0m
[5.064s] [  5%] [32mBuilding CXX object CMakeFiles/urcl.dir/src/comm/tcp_server.cpp.o[0m
[5.064s] [  8%] [32mBuilding CXX object CMakeFiles/urcl.dir/src/control/reverse_interface.cpp.o[0m
[5.071s] [ 11%] [32mBuilding CXX object CMakeFiles/urcl.dir/src/control/script_sender.cpp.o[0m
[5.072s] [ 14%] [32mBuilding CXX object CMakeFiles/urcl.dir/src/primary/primary_package.cpp.o[0m
[5.074s] [ 17%] [32mBuilding CXX object CMakeFiles/urcl.dir/src/control/trajectory_point_interface.cpp.o[0m
[5.085s] [ 20%] [32mBuilding CXX object CMakeFiles/urcl.dir/src/primary/robot_message.cpp.o[0m
[5.088s] [ 23%] [32mBuilding CXX object CMakeFiles/urcl.dir/src/primary/robot_state/kinematics_info.cpp.o[0m
[5.096s] [ 26%] [32mBuilding CXX object CMakeFiles/urcl.dir/src/primary/robot_state.cpp.o[0m
[5.103s] [ 29%] [32mBuilding CXX object CMakeFiles/urcl.dir/src/primary/robot_message/version_message.cpp.o[0m
[5.110s] [ 32%] [32mBuilding CXX object CMakeFiles/urcl.dir/src/rtde/control_package_pause.cpp.o[0m
[5.112s] [ 35%] [32mBuilding CXX object CMakeFiles/urcl.dir/src/rtde/control_package_setup_inputs.cpp.o[0m
[5.129s] [ 38%] [32mBuilding CXX object CMakeFiles/urcl.dir/src/rtde/control_package_setup_outputs.cpp.o[0m
[5.283s] [ 41%] [32mBuilding CXX object CMakeFiles/urcl.dir/src/rtde/control_package_start.cpp.o[0m
[5.323s] [ 47%] [32mBuilding CXX object CMakeFiles/urcl.dir/src/rtde/data_package.cpp.o[0m
[5.324s] [ 47%] [32mBuilding CXX object CMakeFiles/urcl.dir/src/rtde/get_urcontrol_version.cpp.o[0m
[7.510s] [ 50%] [32mBuilding CXX object CMakeFiles/urcl.dir/src/rtde/request_protocol_version.cpp.o[0m
[7.615s] [ 52%] [32mBuilding CXX object CMakeFiles/urcl.dir/src/rtde/rtde_package.cpp.o[0m
[7.637s] [ 55%] [32mBuilding CXX object CMakeFiles/urcl.dir/src/rtde/text_message.cpp.o[0m
[7.805s] [ 58%] [32mBuilding CXX object CMakeFiles/urcl.dir/src/ur/ur_driver.cpp.o[0m
[7.870s] [ 61%] [32mBuilding CXX object CMakeFiles/urcl.dir/src/rtde/rtde_client.cpp.o[0m
[7.917s] [ 64%] [32mBuilding CXX object CMakeFiles/urcl.dir/src/ur/calibration_checker.cpp.o[0m
[7.936s] [ 67%] [32mBuilding CXX object CMakeFiles/urcl.dir/src/ur/dashboard_client.cpp.o[0m
[8.138s] [ 70%] [32mBuilding CXX object CMakeFiles/urcl.dir/src/ur/tool_communication.cpp.o[0m
[8.630s] [ 73%] [32mBuilding CXX object CMakeFiles/urcl.dir/src/rtde/rtde_writer.cpp.o[0m
[8.643s] [ 76%] [32mBuilding CXX object CMakeFiles/urcl.dir/src/default_log_handler.cpp.o[0m
[8.725s] [ 79%] [32mBuilding CXX object CMakeFiles/urcl.dir/src/log.cpp.o[0m
[42.549s] [ 82%] [32m[1mLinking CXX shared library liburcl.so[0m
[44.003s] [ 82%] Built target urcl
[44.070s] [35m[1mScanning dependencies of target driver_example[0m
[44.078s] [35m[1mScanning dependencies of target rtde_client_example[0m
[44.082s] [35m[1mScanning dependencies of target primary_pipeline_example[0m
[44.161s] [ 85%] [32mBuilding CXX object examples/CMakeFiles/driver_example.dir/full_driver.cpp.o[0m
[44.170s] [ 88%] [32mBuilding CXX object examples/CMakeFiles/primary_pipeline_example.dir/primary_pipeline.cpp.o[0m
[44.172s] [ 91%] [32mBuilding CXX object examples/CMakeFiles/rtde_client_example.dir/rtde_client.cpp.o[0m
[51.800s] [ 94%] [32m[1mLinking CXX executable rtde_client_example[0m
[52.215s] [ 97%] [32m[1mLinking CXX executable primary_pipeline_example[0m
[52.475s] [ 97%] Built target rtde_client_example
[52.792s] [ 97%] Built target primary_pipeline_example
[54.645s] [100%] [32m[1mLinking CXX executable driver_example[0m
[55.116s] [100%] Built target driver_example
[55.219s] Invoked command in '/home/zpw/UR3e-ROS2-resources/build/ur_client_library' returned '0': CMAKE_PREFIX_PATH=/opt/ros/foxy /usr/bin/cmake --build /home/zpw/UR3e-ROS2-resources/build/ur_client_library -- -j16 -l16
[55.567s] Invoking command in '/home/zpw/UR3e-ROS2-resources/build/ur_client_library': CMAKE_PREFIX_PATH=/opt/ros/foxy /usr/bin/cmake --install /home/zpw/UR3e-ROS2-resources/build/ur_client_library
[55.584s] -- Install configuration: "RelWithDebInfo"
[55.585s] -- Installing: /home/zpw/UR3e-ROS2-resources/install/ur_client_library/lib/liburcl.so
[55.601s] -- Installing: /home/zpw/UR3e-ROS2-resources/install/ur_client_library/include
[55.602s] -- Installing: /home/zpw/UR3e-ROS2-resources/install/ur_client_library/include/ur_client_library
[55.602s] -- Installing: /home/zpw/UR3e-ROS2-resources/install/ur_client_library/include/ur_client_library/log.h
[55.602s] -- Installing: /home/zpw/UR3e-ROS2-resources/install/ur_client_library/include/ur_client_library/types.h
[55.602s] -- Installing: /home/zpw/UR3e-ROS2-resources/install/ur_client_library/include/ur_client_library/ur
[55.603s] -- Installing: /home/zpw/UR3e-ROS2-resources/install/ur_client_library/include/ur_client_library/ur/tool_communication.h
[55.603s] -- Installing: /home/zpw/UR3e-ROS2-resources/install/ur_client_library/include/ur_client_library/ur/datatypes.h
[55.603s] -- Installing: /home/zpw/UR3e-ROS2-resources/install/ur_client_library/include/ur_client_library/ur/version_information.h
[55.603s] -- Installing: /home/zpw/UR3e-ROS2-resources/install/ur_client_library/include/ur_client_library/ur/dashboard_client.h
[55.603s] -- Installing: /home/zpw/UR3e-ROS2-resources/install/ur_client_library/include/ur_client_library/ur/calibration_checker.h
[55.603s] -- Installing: /home/zpw/UR3e-ROS2-resources/install/ur_client_library/include/ur_client_library/ur/ur_driver.h
[55.604s] -- Installing: /home/zpw/UR3e-ROS2-resources/install/ur_client_library/include/ur_client_library/control
[55.604s] -- Installing: /home/zpw/UR3e-ROS2-resources/install/ur_client_library/include/ur_client_library/control/script_sender.h
[55.604s] -- Installing: /home/zpw/UR3e-ROS2-resources/install/ur_client_library/include/ur_client_library/control/reverse_interface.h
[55.604s] -- Installing: /home/zpw/UR3e-ROS2-resources/install/ur_client_library/include/ur_client_library/control/trajectory_point_interface.h
[55.604s] -- Installing: /home/zpw/UR3e-ROS2-resources/install/ur_client_library/include/ur_client_library/comm
[55.604s] -- Installing: /home/zpw/UR3e-ROS2-resources/install/ur_client_library/include/ur_client_library/comm/tcp_socket.h
[55.604s] -- Installing: /home/zpw/UR3e-ROS2-resources/install/ur_client_library/include/ur_client_library/comm/bin_parser.h
[55.605s] -- Installing: /home/zpw/UR3e-ROS2-resources/install/ur_client_library/include/ur_client_library/comm/parser.h
[55.605s] -- Installing: /home/zpw/UR3e-ROS2-resources/install/ur_client_library/include/ur_client_library/comm/package.h
[55.605s] -- Installing: /home/zpw/UR3e-ROS2-resources/install/ur_client_library/include/ur_client_library/comm/producer.h
[55.605s] -- Installing: /home/zpw/UR3e-ROS2-resources/install/ur_client_library/include/ur_client_library/comm/package_serializer.h
[55.605s] -- Installing: /home/zpw/UR3e-ROS2-resources/install/ur_client_library/include/ur_client_library/comm/pipeline.h
[55.605s] -- Installing: /home/zpw/UR3e-ROS2-resources/install/ur_client_library/include/ur_client_library/comm/tcp_server.h
[55.606s] -- Installing: /home/zpw/UR3e-ROS2-resources/install/ur_client_library/include/ur_client_library/comm/shell_consumer.h
[55.606s] -- Installing: /home/zpw/UR3e-ROS2-resources/install/ur_client_library/include/ur_client_library/comm/stream.h
[55.606s] -- Installing: /home/zpw/UR3e-ROS2-resources/install/ur_client_library/include/ur_client_library/comm/control_mode.h
[55.606s] -- Installing: /home/zpw/UR3e-ROS2-resources/install/ur_client_library/include/ur_client_library/primary
[55.606s] -- Installing: /home/zpw/UR3e-ROS2-resources/install/ur_client_library/include/ur_client_library/primary/robot_message.h
[55.607s] -- Installing: /home/zpw/UR3e-ROS2-resources/install/ur_client_library/include/ur_client_library/primary/abstract_primary_consumer.h
[55.607s] -- Installing: /home/zpw/UR3e-ROS2-resources/install/ur_client_library/include/ur_client_library/primary/robot_message
[55.607s] -- Installing: /home/zpw/UR3e-ROS2-resources/install/ur_client_library/include/ur_client_library/primary/robot_message/version_message.h
[55.607s] -- Installing: /home/zpw/UR3e-ROS2-resources/install/ur_client_library/include/ur_client_library/primary/primary_parser.h
[55.607s] -- Installing: /home/zpw/UR3e-ROS2-resources/install/ur_client_library/include/ur_client_library/primary/package_header.h
[55.607s] -- Installing: /home/zpw/UR3e-ROS2-resources/install/ur_client_library/include/ur_client_library/primary/robot_state
[55.607s] -- Installing: /home/zpw/UR3e-ROS2-resources/install/ur_client_library/include/ur_client_library/primary/robot_state/kinematics_info.h
[55.607s] -- Installing: /home/zpw/UR3e-ROS2-resources/install/ur_client_library/include/ur_client_library/primary/primary_package.h
[55.607s] -- Installing: /home/zpw/UR3e-ROS2-resources/install/ur_client_library/include/ur_client_library/primary/robot_state.h
[55.607s] -- Installing: /home/zpw/UR3e-ROS2-resources/install/ur_client_library/include/ur_client_library/exceptions.h
[55.608s] -- Installing: /home/zpw/UR3e-ROS2-resources/install/ur_client_library/include/ur_client_library/default_log_handler.h
[55.608s] -- Installing: /home/zpw/UR3e-ROS2-resources/install/ur_client_library/include/ur_client_library/queue
[55.608s] -- Installing: /home/zpw/UR3e-ROS2-resources/install/ur_client_library/include/ur_client_library/queue/readerwriterqueue.h
[55.608s] -- Installing: /home/zpw/UR3e-ROS2-resources/install/ur_client_library/include/ur_client_library/queue/LICENSE.md
[55.608s] -- Installing: /home/zpw/UR3e-ROS2-resources/install/ur_client_library/include/ur_client_library/queue/atomicops.h
[55.608s] -- Installing: /home/zpw/UR3e-ROS2-resources/install/ur_client_library/include/ur_client_library/rtde
[55.608s] -- Installing: /home/zpw/UR3e-ROS2-resources/install/ur_client_library/include/ur_client_library/rtde/control_package_setup_inputs.h
[55.608s] -- Installing: /home/zpw/UR3e-ROS2-resources/install/ur_client_library/include/ur_client_library/rtde/text_message.h
[55.608s] -- Installing: /home/zpw/UR3e-ROS2-resources/install/ur_client_library/include/ur_client_library/rtde/control_package_setup_outputs.h
[55.608s] -- Installing: /home/zpw/UR3e-ROS2-resources/install/ur_client_library/include/ur_client_library/rtde/get_urcontrol_version.h
[55.609s] -- Installing: /home/zpw/UR3e-ROS2-resources/install/ur_client_library/include/ur_client_library/rtde/rtde_parser.h
[55.609s] -- Installing: /home/zpw/UR3e-ROS2-resources/install/ur_client_library/include/ur_client_library/rtde/rtde_client.h
[55.610s] -- Installing: /home/zpw/UR3e-ROS2-resources/install/ur_client_library/include/ur_client_library/rtde/control_package_start.h
[55.610s] -- Installing: /home/zpw/UR3e-ROS2-resources/install/ur_client_library/include/ur_client_library/rtde/data_package.h
[55.610s] -- Installing: /home/zpw/UR3e-ROS2-resources/install/ur_client_library/include/ur_client_library/rtde/package_header.h
[55.612s] -- Installing: /home/zpw/UR3e-ROS2-resources/install/ur_client_library/include/ur_client_library/rtde/rtde_package.h
[55.612s] -- Installing: /home/zpw/UR3e-ROS2-resources/install/ur_client_library/include/ur_client_library/rtde/control_package_pause.h
[55.612s] -- Installing: /home/zpw/UR3e-ROS2-resources/install/ur_client_library/include/ur_client_library/rtde/rtde_writer.h
[55.613s] -- Installing: /home/zpw/UR3e-ROS2-resources/install/ur_client_library/include/ur_client_library/rtde/request_protocol_version.h
[55.614s] -- Installing: /home/zpw/UR3e-ROS2-resources/install/ur_client_library/lib/cmake/ur_client_library/urclTargets.cmake
[55.614s] -- Installing: /home/zpw/UR3e-ROS2-resources/install/ur_client_library/lib/cmake/ur_client_library/urclTargets-relwithdebinfo.cmake
[55.614s] -- Installing: /home/zpw/UR3e-ROS2-resources/install/ur_client_library/lib/cmake/ur_client_library/ur_client_libraryConfig.cmake
[55.614s] -- Installing: /home/zpw/UR3e-ROS2-resources/install/ur_client_library/share/ur_client_library/package.xml
[55.614s] -- Installing: /home/zpw/UR3e-ROS2-resources/install/ur_client_library/share/ament_index/resource_index/packages/ur_client_library
[55.614s] -- Installing: /home/zpw/UR3e-ROS2-resources/install/ur_client_library/share/ur_client_library/hook/ament_prefix_path.dsv
[55.615s] -- Installing: /home/zpw/UR3e-ROS2-resources/install/ur_client_library/share/ur_client_library/hook/ros_package_path.dsv
[55.615s] -- Installing: /home/zpw/UR3e-ROS2-resources/install/ur_client_library/share/ur_client_library/resources
[55.615s] -- Installing: /home/zpw/UR3e-ROS2-resources/install/ur_client_library/share/ur_client_library/resources/external_control.urscript
[55.615s] Invoked command in '/home/zpw/UR3e-ROS2-resources/build/ur_client_library' returned '0': CMAKE_PREFIX_PATH=/opt/ros/foxy /usr/bin/cmake --install /home/zpw/UR3e-ROS2-resources/build/ur_client_library
