[0.054s] Invoking command in '/home/zpw/UR3e-ROS2-resources/build/rviz_visual_tools': CMAKE_PREFIX_PATH=/opt/ros/foxy /usr/bin/cmake /home/zpw/UR3e-ROS2-resources/src/rviz_visual_tools -DAMENT_CMAKE_SYMLINK_INSTALL=1 -DCMAKE_INSTALL_PREFIX=/home/zpw/UR3e-ROS2-resources/install/rviz_visual_tools
[0.275s] -- The C compiler identification is GNU 9.4.0
[0.611s] -- The CXX compiler identification is GNU 9.4.0
[0.644s] -- Check for working C compiler: /usr/bin/cc
[1.049s] -- Check for working C compiler: /usr/bin/cc -- works
[1.057s] -- Detecting C compiler ABI info
[1.420s] -- Detecting C compiler ABI info - done
[1.484s] -- Detecting C compile features
[1.485s] -- Detecting C compile features - done
[1.504s] -- Check for working CXX compiler: /usr/bin/c++
[1.940s] -- Check for working CXX compiler: /usr/bin/c++ -- works
[1.947s] -- Detecting CXX compiler ABI info
[2.360s] -- Detecting CXX compiler ABI info - done
[2.424s] -- Detecting CXX compile features
[2.425s] -- Detecting CXX compile features - done
[2.440s] -- Found ament_cmake: 0.9.9 (/opt/ros/foxy/share/ament_cmake/cmake)
[2.596s] -- Found PythonInterp: /usr/bin/python3 (found suitable version "3.8.10", minimum required is "3") 
[2.596s] -- Using PYTHON_EXECUTABLE: /usr/bin/python3
[3.810s] -- Override CMake install command with custom implementation using symlinks instead of copying resources
[3.950s] -- Found rclcpp: 2.4.1 (/opt/ros/foxy/share/rclcpp/cmake)
[4.196s] -- Using all available rosidl_typesupport_c: rosidl_typesupport_fastrtps_c;rosidl_typesupport_introspection_c
[4.229s] -- Found rosidl_adapter: 1.2.1 (/opt/ros/foxy/share/rosidl_adapter/cmake)
[4.675s] -- Found OpenSSL: /usr/lib/x86_64-linux-gnu/libcrypto.so (found version "1.1.1f")  
[4.850s] -- Found FastRTPS: /opt/ros/foxy/include  
[5.654s] -- Using all available rosidl_typesupport_cpp: rosidl_typesupport_fastrtps_cpp;rosidl_typesupport_introspection_cpp
[6.132s] -- Found rmw_implementation_cmake: 1.0.3 (/opt/ros/foxy/share/rmw_implementation_cmake/cmake)
[6.135s] -- Using RMW implementation 'rmw_fastrtps_cpp' as default
[6.137s] -- Looking for pthread.h
[6.690s] -- Looking for pthread.h - found
[6.690s] -- Performing Test CMAKE_HAVE_LIBC_PTHREAD
[7.205s] -- Performing Test CMAKE_HAVE_LIBC_PTHREAD - Failed
[7.205s] -- Looking for pthread_create in pthreads
[7.644s] -- Looking for pthread_create in pthreads - not found
[7.644s] -- Looking for pthread_create in pthread
[8.311s] -- Looking for pthread_create in pthread - found
[8.313s] -- Found Threads: TRUE  
[9.074s] -- Found rclcpp_components: 2.4.1 (/opt/ros/foxy/share/rclcpp_components/cmake)
[9.302s] -- Found rviz_ogre_vendor: 8.2.6 (/opt/ros/foxy/share/rviz_ogre_vendor/cmake)
[9.302s] -- Setting OGRE_DIR to: '/opt/ros/foxy/share/rviz_ogre_vendor/cmake/../../../opt/rviz_ogre_vendor/lib/OGRE/cmake'
[9.306s] -- Found OGRE
[9.307s] --   static     : OFF
[9.307s] --   components : HLMS;MeshLodGenerator;Overlay;Paging;Property;RTShaderSystem;Terrain;Volume
[9.307s] --   plugins    : Plugin_BSPSceneManager;Plugin_OctreeSceneManager;Plugin_PCZSceneManager;Plugin_ParticleFX;RenderSystem_GL;RenderSystem_GL3Plus;Codec_STBI
[9.307s] --   media      : /opt/ros/foxy/opt/rviz_ogre_vendor/share/OGRE/Media
[9.307s] -- OGRE_LIBRARIES: OgreHLMS;OgreMeshLodGenerator;OgreOverlay;OgrePaging;OgreProperty;OgreRTShaderSystem;OgreTerrain;OgreVolume;OgreMain
[9.307s] -- OGRE_LIBRARY_DIRS: /opt/ros/foxy/opt/rviz_ogre_vendor/lib
[9.307s] -- OGRE_PLUGINS: Plugin_BSPSceneManager;Plugin_OctreeSceneManager;Plugin_PCZSceneManager;Plugin_ParticleFX;RenderSystem_GL;RenderSystem_GL3Plus;Codec_STBI
[9.307s] -- OGRE_PLUGIN_DIR: /opt/ros/foxy/opt/rviz_ogre_vendor/lib/OGRE
[9.307s] -- rviz_ogre_vendor::OgreOverlay for IMPORTED_LOCATION_RELEASE: /opt/ros/foxy/opt/rviz_ogre_vendor/lib/libOgreOverlay.so
[9.308s] -- rviz_ogre_vendor::OgreOverlay for IMPORTED_LOCATION_DEBUG: /opt/ros/foxy/opt/rviz_ogre_vendor/lib/libOgreOverlay.so
[9.308s] -- rviz_ogre_vendor::OgreMain for IMPORTED_LOCATION_RELEASE: /opt/ros/foxy/opt/rviz_ogre_vendor/lib/libOgreMain.so
[9.308s] -- rviz_ogre_vendor::OgreMain for IMPORTED_LOCATION_DEBUG: /opt/ros/foxy/opt/rviz_ogre_vendor/lib/libOgreMain.so
[9.381s] -- Found ZLIB: /usr/lib/x86_64-linux-gnu/libz.so (found version "1.2.11") 
[9.393s] -- Found OpenGL: /usr/lib/x86_64-linux-gnu/libOpenGL.so   
[9.838s] -- Found X11: /usr/include   
[9.844s] -- Looking for XOpenDisplay in /usr/lib/x86_64-linux-gnu/libX11.so;/usr/lib/x86_64-linux-gnu/libXext.so
[10.284s] -- Looking for XOpenDisplay in /usr/lib/x86_64-linux-gnu/libX11.so;/usr/lib/x86_64-linux-gnu/libXext.so - found
[10.284s] -- Looking for gethostbyname
[10.640s] -- Looking for gethostbyname - found
[10.640s] -- Looking for connect
[11.077s] -- Looking for connect - found
[11.078s] -- Looking for remove
[11.615s] -- Looking for remove - found
[11.616s] -- Looking for shmat
[12.133s] -- Looking for shmat - found
[12.135s] -- Looking for IceConnectionNumber in ICE
[12.696s] -- Looking for IceConnectionNumber in ICE - found
[12.724s] -- rviz_ogre_vendor::RenderSystem_GL for IMPORTED_LOCATION_RELEASE: _render_system_gl_static_library_abs-NOTFOUND
[12.724s] -- rviz_ogre_vendor::RenderSystem_GL for IMPORTED_LOCATION_DEBUG: _render_system_gl_static_library_abs-NOTFOUND
[12.738s] -- Found sensor_msgs: 2.0.5 (/opt/ros/foxy/share/sensor_msgs/cmake)
[13.956s] -- Found shape_msgs: 2.0.5 (/opt/ros/foxy/share/shape_msgs/cmake)
[14.514s] -- Found visualization_msgs: 2.0.5 (/opt/ros/foxy/share/visualization_msgs/cmake)
[14.991s] -- Found trajectory_msgs: 2.0.5 (/opt/ros/foxy/share/trajectory_msgs/cmake)
[15.468s] -- Found eigen3_cmake_module: 0.1.1 (/opt/ros/foxy/share/eigen3_cmake_module/cmake)
[15.473s] -- Found eigen_stl_containers: 1.0.0 (/opt/ros/foxy/share/eigen_stl_containers/cmake)
[15.500s] -- Found Eigen3: TRUE (found version "3.3.7") 
[15.529s] -- Found PkgConfig: /usr/bin/pkg-config (found version "0.29.1") 
[15.542s] -- Found tf2: 0.13.13 (/opt/ros/foxy/share/tf2/cmake)
[15.618s] -- Found tf2_eigen: 0.13.13 (/opt/ros/foxy/share/tf2_eigen/cmake)
[17.810s] -- Found tf2_geometry_msgs: 0.13.13 (/opt/ros/foxy/share/tf2_geometry_msgs/cmake)
[18.128s] -- Found pluginlib: 2.5.4 (/opt/ros/foxy/share/pluginlib/cmake)
[18.303s] -- Found interactive_markers: 2.1.3 (/opt/ros/foxy/share/interactive_markers/cmake)
[18.455s] -- Found rviz_common: 8.2.6 (/opt/ros/foxy/share/rviz_common/cmake)
[18.848s] -- library: /usr/lib/x86_64-linux-gnu/libcurl.so
[19.532s] -- Setting yaml-cpp_DIR to: '/opt/ros/foxy/share/yaml_cpp_vendor/cmake/../../../opt/yaml_cpp_vendor/lib/cmake/yaml-cpp'
[19.583s] -- Found rviz_default_plugins: 8.2.6 (/opt/ros/foxy/share/rviz_default_plugins/cmake)
[23.143s] -- Found ament_cmake_gtest: 0.9.9 (/opt/ros/foxy/share/ament_cmake_gtest/cmake)
[23.162s] -- Found gtest sources under '/opt/ros/foxy/src/gtest_vendor': C++ tests using 'Google Test' will be built
[23.181s] -- Check if compiler accepts -pthread
[23.621s] -- Check if compiler accepts -pthread - yes
[24.107s] -- Configuring done
[25.595s] -- Generating done
[25.599s] -- Build files have been written to: /home/zpw/UR3e-ROS2-resources/build/rviz_visual_tools
[25.698s] Invoked command in '/home/zpw/UR3e-ROS2-resources/build/rviz_visual_tools' returned '0': CMAKE_PREFIX_PATH=/opt/ros/foxy /usr/bin/cmake /home/zpw/UR3e-ROS2-resources/src/rviz_visual_tools -DAMENT_CMAKE_SYMLINK_INSTALL=1 -DCMAKE_INSTALL_PREFIX=/home/zpw/UR3e-ROS2-resources/install/rviz_visual_tools
[25.701s] Invoking command in '/home/zpw/UR3e-ROS2-resources/build/rviz_visual_tools': CMAKE_PREFIX_PATH=/opt/ros/foxy /usr/bin/cmake --build /home/zpw/UR3e-ROS2-resources/build/rviz_visual_tools -- -j16 -l16
[26.177s] [35m[1mScanning dependencies of target gtest_main_autogen[0m
[26.185s] [35m[1mScanning dependencies of target rviz_visual_tools_remote_control_autogen[0m
[26.194s] [35m[1mScanning dependencies of target rviz_visual_tools_gui_autogen[0m
[26.228s] [  2%] [34m[1mAutomatic MOC for target rviz_visual_tools_remote_control[0m
[26.272s] [  5%] [34m[1mAutomatic MOC for target gtest_main[0m
[26.336s] [  7%] [34m[1mAutomatic MOC for target rviz_visual_tools_gui[0m
[26.358s] [35m[1mScanning dependencies of target gtest_autogen[0m
[26.507s] [  7%] Built target rviz_visual_tools_remote_control_autogen
[26.508s] [ 10%] [34m[1mAutomatic MOC for target gtest[0m
[26.519s] [ 10%] Built target gtest_main_autogen
[26.545s] [35m[1mScanning dependencies of target gtest_main[0m
[26.642s] [35m[1mScanning dependencies of target rviz_visual_tools_remote_control[0m
[26.698s] [ 12%] [32mBuilding CXX object gtest/CMakeFiles/gtest_main.dir/src/gtest_main.cc.o[0m
[26.718s] [ 15%] [32mBuilding CXX object gtest/CMakeFiles/gtest_main.dir/gtest_main_autogen/mocs_compilation.cpp.o[0m
[26.769s] [ 15%] Built target gtest_autogen
[26.876s] [35m[1mScanning dependencies of target gtest[0m
[26.992s] [ 17%] [32mBuilding CXX object CMakeFiles/rviz_visual_tools_remote_control.dir/rviz_visual_tools_remote_control_autogen/mocs_compilation.cpp.o[0m
[27.014s] [ 20%] [32mBuilding CXX object CMakeFiles/rviz_visual_tools_remote_control.dir/src/remote_control.cpp.o[0m
[27.068s] [ 23%] [32mBuilding CXX object gtest/CMakeFiles/gtest.dir/gtest_autogen/mocs_compilation.cpp.o[0m
[27.135s] [ 25%] [32mBuilding CXX object gtest/CMakeFiles/gtest.dir/src/gtest-all.cc.o[0m
[28.053s] [ 25%] Built target rviz_visual_tools_gui_autogen
[28.087s] [35m[1mScanning dependencies of target rviz_visual_tools_gui[0m
[28.806s] [ 28%] [32mBuilding CXX object CMakeFiles/rviz_visual_tools_gui.dir/rviz_visual_tools_gui_autogen/mocs_compilation.cpp.o[0m
[28.838s] [ 30%] [32mBuilding CXX object CMakeFiles/rviz_visual_tools_gui.dir/src/remote_control.cpp.o[0m
[28.838s] [ 33%] [32mBuilding CXX object CMakeFiles/rviz_visual_tools_gui.dir/src/rviz_visual_tools_gui.cpp.o[0m
[28.841s] [ 35%] [32mBuilding CXX object CMakeFiles/rviz_visual_tools_gui.dir/src/key_tool.cpp.o[0m
[32.612s] [ 38%] [32m[1mLinking CXX static library libgtest_main.a[0m
[32.866s] [ 38%] Built target gtest_main
[49.225s] [ 41%] [32m[1mLinking CXX static library libgtest.a[0m
[49.508s] [ 41%] Built target gtest
[57.020s] [ 43%] [32m[1mLinking CXX shared library librviz_visual_tools_remote_control.so[0m
[57.074s] [ 46%] [32m[1mLinking CXX shared library librviz_visual_tools_gui.so[0m
[57.385s] [ 46%] Built target rviz_visual_tools_remote_control
[57.399s] [35m[1mScanning dependencies of target rviz_visual_tools_autogen[0m
[57.424s] [ 48%] [34m[1mAutomatic MOC for target rviz_visual_tools[0m
[57.445s] [ 48%] Built target rviz_visual_tools_autogen
[57.456s] [35m[1mScanning dependencies of target rviz_visual_tools[0m
[57.551s] [ 51%] [32mBuilding CXX object CMakeFiles/rviz_visual_tools.dir/rviz_visual_tools_autogen/mocs_compilation.cpp.o[0m
[57.584s] [ 53%] [32mBuilding CXX object CMakeFiles/rviz_visual_tools.dir/src/rviz_visual_tools.cpp.o[0m
[57.585s] [ 56%] [32mBuilding CXX object CMakeFiles/rviz_visual_tools.dir/src/tf_visual_tools.cpp.o[0m
[61.075s] [ 56%] Built target rviz_visual_tools_gui
[77.875s] [ 58%] [32m[1mLinking CXX shared library librviz_visual_tools.so[0m
[78.718s] [ 58%] Built target rviz_visual_tools
[78.733s] [35m[1mScanning dependencies of target rviz_visual_tools_imarker_simple_autogen[0m
[78.734s] [35m[1mScanning dependencies of target rviz_visual_tools_rvt_test_autogen[0m
[78.735s] [35m[1mScanning dependencies of target rviz_visual_tools_demo_autogen[0m
[78.774s] [ 64%] [34m[1mAutomatic MOC for target rviz_visual_tools_imarker_simple[0m
[78.776s] [ 64%] [34m[1mAutomatic MOC for target rviz_visual_tools_rvt_test[0m
[78.777s] [ 66%] [34m[1mAutomatic MOC for target rviz_visual_tools_demo[0m
[78.851s] [ 66%] Built target rviz_visual_tools_imarker_simple_autogen
[78.854s] [ 66%] Built target rviz_visual_tools_demo_autogen
[78.854s] [ 66%] Built target rviz_visual_tools_rvt_test_autogen
[78.863s] [35m[1mScanning dependencies of target rviz_visual_tools_demo[0m
[78.863s] [35m[1mScanning dependencies of target rviz_visual_tools_imarker_simple[0m
[78.864s] [35m[1mScanning dependencies of target rviz_visual_tools_rvt_test[0m
[79.068s] [ 69%] [32mBuilding CXX object CMakeFiles/rviz_visual_tools_demo.dir/rviz_visual_tools_demo_autogen/mocs_compilation.cpp.o[0m
[79.122s] [ 71%] [32mBuilding CXX object CMakeFiles/rviz_visual_tools_demo.dir/src/rviz_visual_tools_demo.cpp.o[0m
[79.147s] [ 74%] [32mBuilding CXX object CMakeFiles/rviz_visual_tools_rvt_test.dir/rviz_visual_tools_rvt_test_autogen/mocs_compilation.cpp.o[0m
[79.150s] [ 76%] [32mBuilding CXX object CMakeFiles/rviz_visual_tools_imarker_simple.dir/rviz_visual_tools_imarker_simple_autogen/mocs_compilation.cpp.o[0m
[79.191s] [ 79%] [32mBuilding CXX object CMakeFiles/rviz_visual_tools_imarker_simple.dir/src/imarker_simple.cpp.o[0m
[79.207s] [ 82%] [32mBuilding CXX object CMakeFiles/rviz_visual_tools_rvt_test.dir/tests/rvt_test.cpp.o[0m
[87.479s] [ 84%] [32m[1mLinking CXX shared library librviz_visual_tools_imarker_simple.so[0m
[88.162s] [ 84%] Built target rviz_visual_tools_imarker_simple
[88.173s] [35m[1mScanning dependencies of target rviz_visual_tools_imarker_simple_demo_autogen[0m
[88.184s] [ 87%] [34m[1mAutomatic MOC for target rviz_visual_tools_imarker_simple_demo[0m
[88.217s] [ 87%] Built target rviz_visual_tools_imarker_simple_demo_autogen
[88.227s] [35m[1mScanning dependencies of target rviz_visual_tools_imarker_simple_demo[0m
[88.315s] [ 89%] [32mBuilding CXX object CMakeFiles/rviz_visual_tools_imarker_simple_demo.dir/rviz_visual_tools_imarker_simple_demo_autogen/mocs_compilation.cpp.o[0m
[88.335s] [ 92%] [32mBuilding CXX object CMakeFiles/rviz_visual_tools_imarker_simple_demo.dir/src/imarker_simple_demo.cpp.o[0m
[88.451s] [ 94%] [32m[1mLinking CXX executable rviz_visual_tools_demo[0m
[88.984s] [ 94%] Built target rviz_visual_tools_demo
[90.804s] [ 97%] [32m[1mLinking CXX executable rviz_visual_tools_rvt_test[0m
[91.461s] [ 97%] Built target rviz_visual_tools_rvt_test
[92.587s] [100%] [32m[1mLinking CXX executable rviz_visual_tools_imarker_simple_demo[0m
[92.964s] [100%] Built target rviz_visual_tools_imarker_simple_demo
[92.975s] Invoked command in '/home/zpw/UR3e-ROS2-resources/build/rviz_visual_tools' returned '0': CMAKE_PREFIX_PATH=/opt/ros/foxy /usr/bin/cmake --build /home/zpw/UR3e-ROS2-resources/build/rviz_visual_tools -- -j16 -l16
[93.028s] Invoking command in '/home/zpw/UR3e-ROS2-resources/build/rviz_visual_tools': CMAKE_PREFIX_PATH=/opt/ros/foxy /usr/bin/cmake --install /home/zpw/UR3e-ROS2-resources/build/rviz_visual_tools
[93.037s] -- Install configuration: ""
[93.038s] -- Execute custom install script
[93.038s] -- Symlinking: /home/zpw/UR3e-ROS2-resources/install/rviz_visual_tools/share/rviz_visual_tools//plugin_description.xml
[93.047s] -- Symlinking: /home/zpw/UR3e-ROS2-resources/install/rviz_visual_tools/lib/rviz_visual_tools/rviz_visual_tools_demo
[93.056s] -- Symlinking: /home/zpw/UR3e-ROS2-resources/install/rviz_visual_tools/lib/rviz_visual_tools/rviz_visual_tools_imarker_simple_demo
[93.064s] -- Symlinking: /home/zpw/UR3e-ROS2-resources/install/rviz_visual_tools/include/rviz_visual_tools/imarker_simple.hpp
[93.072s] -- Symlinking: /home/zpw/UR3e-ROS2-resources/install/rviz_visual_tools/include/rviz_visual_tools/key_tool.hpp
[93.079s] -- Symlinking: /home/zpw/UR3e-ROS2-resources/install/rviz_visual_tools/include/rviz_visual_tools/remote_control.hpp
[93.087s] -- Symlinking: /home/zpw/UR3e-ROS2-resources/install/rviz_visual_tools/include/rviz_visual_tools/remote_reciever.hpp
[93.096s] -- Symlinking: /home/zpw/UR3e-ROS2-resources/install/rviz_visual_tools/include/rviz_visual_tools/rviz_visual_tools.hpp
[93.103s] -- Symlinking: /home/zpw/UR3e-ROS2-resources/install/rviz_visual_tools/include/rviz_visual_tools/rviz_visual_tools_gui.hpp
[93.111s] -- Symlinking: /home/zpw/UR3e-ROS2-resources/install/rviz_visual_tools/include/rviz_visual_tools/tf_visual_tools.hpp
[93.119s] -- Symlinking: /home/zpw/UR3e-ROS2-resources/install/rviz_visual_tools/share/rviz_visual_tools/launch/demo.rviz
[93.141s] -- Symlinking: /home/zpw/UR3e-ROS2-resources/install/rviz_visual_tools/share/rviz_visual_tools/launch/demo_combined.launch.py
[93.148s] -- Symlinking: /home/zpw/UR3e-ROS2-resources/install/rviz_visual_tools/share/rviz_visual_tools/launch/demo_rviz.launch.py
[93.156s] -- Symlinking: /home/zpw/UR3e-ROS2-resources/install/rviz_visual_tools/share/rviz_visual_tools/launch/rvt_test.launch
[93.164s] -- Symlinking: /home/zpw/UR3e-ROS2-resources/install/rviz_visual_tools/share/rviz_visual_tools/environment/library_path.sh
[93.171s] -- Symlinking: /home/zpw/UR3e-ROS2-resources/install/rviz_visual_tools/share/rviz_visual_tools/environment/library_path.dsv
[93.179s] -- Symlinking: /home/zpw/UR3e-ROS2-resources/install/rviz_visual_tools/share/ament_index/resource_index/package_run_dependencies/rviz_visual_tools
[93.187s] -- Symlinking: /home/zpw/UR3e-ROS2-resources/install/rviz_visual_tools/share/ament_index/resource_index/parent_prefix_path/rviz_visual_tools
[93.195s] -- Symlinking: /home/zpw/UR3e-ROS2-resources/install/rviz_visual_tools/share/rviz_visual_tools/environment/ament_prefix_path.sh
[93.204s] -- Symlinking: /home/zpw/UR3e-ROS2-resources/install/rviz_visual_tools/share/rviz_visual_tools/environment/ament_prefix_path.dsv
[93.211s] -- Symlinking: /home/zpw/UR3e-ROS2-resources/install/rviz_visual_tools/share/rviz_visual_tools/environment/path.sh
[93.219s] -- Symlinking: /home/zpw/UR3e-ROS2-resources/install/rviz_visual_tools/share/rviz_visual_tools/environment/path.dsv
[93.228s] -- Symlinking: /home/zpw/UR3e-ROS2-resources/install/rviz_visual_tools/share/rviz_visual_tools/local_setup.bash
[93.235s] -- Symlinking: /home/zpw/UR3e-ROS2-resources/install/rviz_visual_tools/share/rviz_visual_tools/local_setup.sh
[93.243s] -- Symlinking: /home/zpw/UR3e-ROS2-resources/install/rviz_visual_tools/share/rviz_visual_tools/local_setup.zsh
[93.252s] -- Symlinking: /home/zpw/UR3e-ROS2-resources/install/rviz_visual_tools/share/rviz_visual_tools/local_setup.dsv
[93.261s] -- Symlinking: /home/zpw/UR3e-ROS2-resources/install/rviz_visual_tools/share/rviz_visual_tools/package.dsv
[93.268s] -- Symlinking: /home/zpw/UR3e-ROS2-resources/install/rviz_visual_tools/share/ament_index/resource_index/packages/rviz_visual_tools
[93.276s] -- Symlinking: /home/zpw/UR3e-ROS2-resources/install/rviz_visual_tools/share/ament_index/resource_index/rviz_common__pluginlib__plugin/rviz_visual_tools
[93.284s] -- Symlinking: /home/zpw/UR3e-ROS2-resources/install/rviz_visual_tools/share/rviz_visual_tools/cmake/ament_cmake_export_dependencies-extras.cmake
[93.291s] -- Symlinking: /home/zpw/UR3e-ROS2-resources/install/rviz_visual_tools/share/rviz_visual_tools/cmake/ament_cmake_export_include_directories-extras.cmake
[93.299s] -- Symlinking: /home/zpw/UR3e-ROS2-resources/install/rviz_visual_tools/share/rviz_visual_tools/cmake/ament_cmake_export_libraries-extras.cmake
[93.307s] -- Symlinking: /home/zpw/UR3e-ROS2-resources/install/rviz_visual_tools/share/rviz_visual_tools/cmake/rviz_visual_toolsConfig.cmake
[93.315s] -- Symlinking: /home/zpw/UR3e-ROS2-resources/install/rviz_visual_tools/share/rviz_visual_tools/cmake/rviz_visual_toolsConfig-version.cmake
[93.324s] -- Symlinking: /home/zpw/UR3e-ROS2-resources/install/rviz_visual_tools/share/rviz_visual_tools/package.xml
[93.343s] -- Installing: /home/zpw/UR3e-ROS2-resources/install/rviz_visual_tools/lib/librviz_visual_tools.so
[93.349s] -- Set runtime path of "/home/zpw/UR3e-ROS2-resources/install/rviz_visual_tools/lib/librviz_visual_tools.so" to ""
[93.350s] -- Installing: /home/zpw/UR3e-ROS2-resources/install/rviz_visual_tools/lib/librviz_visual_tools_remote_control.so
[93.352s] -- Set runtime path of "/home/zpw/UR3e-ROS2-resources/install/rviz_visual_tools/lib/librviz_visual_tools_remote_control.so" to ""
[93.352s] -- Installing: /home/zpw/UR3e-ROS2-resources/install/rviz_visual_tools/lib/librviz_visual_tools_gui.so
[93.355s] -- Set runtime path of "/home/zpw/UR3e-ROS2-resources/install/rviz_visual_tools/lib/librviz_visual_tools_gui.so" to ""
[93.355s] -- Installing: /home/zpw/UR3e-ROS2-resources/install/rviz_visual_tools/lib/librviz_visual_tools_imarker_simple.so
[93.355s] -- Set runtime path of "/home/zpw/UR3e-ROS2-resources/install/rviz_visual_tools/lib/librviz_visual_tools_imarker_simple.so" to ""
[93.358s] Invoked command in '/home/zpw/UR3e-ROS2-resources/build/rviz_visual_tools' returned '0': CMAKE_PREFIX_PATH=/opt/ros/foxy /usr/bin/cmake --install /home/zpw/UR3e-ROS2-resources/build/rviz_visual_tools
