[100%] Built target add_collision_ground_plane
-- Install configuration: "Release"
-- Execute custom install script
-- Up-to-date symlink: /home/zpw/UR3e-ROS2-resources/install/moveit_tools/share/moveit_tools/launch/move_group.launch.py
-- Up-to-date symlink: /home/zpw/UR3e-ROS2-resources/install/moveit_tools/share/moveit_tools/launch/move_group.rviz
-- Up-to-date symlink: /home/zpw/UR3e-ROS2-resources/install/moveit_tools/share/moveit_tools/launch/ur_moveit.launch.py
-- Up-to-date symlink: /home/zpw/UR3e-ROS2-resources/install/moveit_tools/lib/moveit_tools/add_collision_ground_plane
-- Up-to-date symlink: /home/zpw/UR3e-ROS2-resources/install/moveit_tools/share/ament_index/resource_index/package_run_dependencies/moveit_tools
-- Up-to-date symlink: /home/zpw/UR3e-ROS2-resources/install/moveit_tools/share/ament_index/resource_index/parent_prefix_path/moveit_tools
-- Up-to-date symlink: /home/zpw/UR3e-ROS2-resources/install/moveit_tools/share/moveit_tools/environment/ament_prefix_path.sh
-- Up-to-date symlink: /home/zpw/UR3e-ROS2-resources/install/moveit_tools/share/moveit_tools/environment/ament_prefix_path.dsv
-- Up-to-date symlink: /home/zpw/UR3e-ROS2-resources/install/moveit_tools/share/moveit_tools/environment/path.sh
-- Up-to-date symlink: /home/zpw/UR3e-ROS2-resources/install/moveit_tools/share/moveit_tools/environment/path.dsv
-- Up-to-date symlink: /home/zpw/UR3e-ROS2-resources/install/moveit_tools/share/moveit_tools/local_setup.bash
-- Up-to-date symlink: /home/zpw/UR3e-ROS2-resources/install/moveit_tools/share/moveit_tools/local_setup.sh
-- Up-to-date symlink: /home/zpw/UR3e-ROS2-resources/install/moveit_tools/share/moveit_tools/local_setup.zsh
-- Up-to-date symlink: /home/zpw/UR3e-ROS2-resources/install/moveit_tools/share/moveit_tools/local_setup.dsv
-- Symlinking: /home/zpw/UR3e-ROS2-resources/install/moveit_tools/share/moveit_tools/package.dsv
-- Up-to-date symlink: /home/zpw/UR3e-ROS2-resources/install/moveit_tools/share/ament_index/resource_index/packages/moveit_tools
-- Up-to-date symlink: /home/zpw/UR3e-ROS2-resources/install/moveit_tools/share/moveit_tools/cmake/moveit_toolsConfig.cmake
-- Up-to-date symlink: /home/zpw/UR3e-ROS2-resources/install/moveit_tools/share/moveit_tools/cmake/moveit_toolsConfig-version.cmake
-- Up-to-date symlink: /home/zpw/UR3e-ROS2-resources/install/moveit_tools/share/moveit_tools/package.xml
