[0.045s] Invoking command in '/home/zpw/UR3e-ROS2-resources/build/ur_bringup': CMAKE_PREFIX_PATH=/opt/ros/foxy /usr/bin/cmake /home/zpw/UR3e-ROS2-resources/src/Universal_Robots_ROS2_Driver/ur_bringup -DCMAKE_INSTALL_PREFIX=/home/zpw/UR3e-ROS2-resources/install/ur_bringup
[0.138s] -- Found ament_cmake: 0.9.9 (/opt/ros/foxy/share/ament_cmake/cmake)
[0.231s] -- Using PYTHON_EXECUTABLE: /usr/bin/python3
[1.533s] -- Override CMake install command with custom implementation using symlinks instead of copying resources
[1.956s] -- Configuring done
[1.957s] -- Generating done
[1.972s] -- Build files have been written to: /home/zpw/UR3e-ROS2-resources/build/ur_bringup
[1.989s] Invoked command in '/home/zpw/UR3e-ROS2-resources/build/ur_bringup' returned '0': CMAKE_PREFIX_PATH=/opt/ros/foxy /usr/bin/cmake /home/zpw/UR3e-ROS2-resources/src/Universal_Robots_ROS2_Driver/ur_bringup -DCMAKE_INSTALL_PREFIX=/home/zpw/UR3e-ROS2-resources/install/ur_bringup
[1.990s] Invoking command in '/home/zpw/UR3e-ROS2-resources/build/ur_bringup': CMAKE_PREFIX_PATH=/opt/ros/foxy /usr/bin/cmake --build /home/zpw/UR3e-ROS2-resources/build/ur_bringup -- -j16 -l16
[2.168s] Invoked command in '/home/zpw/UR3e-ROS2-resources/build/ur_bringup' returned '0': CMAKE_PREFIX_PATH=/opt/ros/foxy /usr/bin/cmake --build /home/zpw/UR3e-ROS2-resources/build/ur_bringup -- -j16 -l16
[2.319s] Invoking command in '/home/zpw/UR3e-ROS2-resources/build/ur_bringup': CMAKE_PREFIX_PATH=/opt/ros/foxy /usr/bin/cmake --install /home/zpw/UR3e-ROS2-resources/build/ur_bringup
[2.391s] -- Install configuration: ""
[2.393s] -- Execute custom install script
[2.401s] -- Up-to-date symlink: /home/zpw/UR3e-ROS2-resources/install/ur_bringup/share/ur_bringup/config/test_goal_publishers_config.yaml
[2.404s] -- Up-to-date symlink: /home/zpw/UR3e-ROS2-resources/install/ur_bringup/share/ur_bringup/config/ur_controllers.yaml
[2.408s] -- Up-to-date symlink: /home/zpw/UR3e-ROS2-resources/install/ur_bringup/share/ur_bringup/launch/test_joint_trajectory_controller.launch.py
[2.411s] -- Up-to-date symlink: /home/zpw/UR3e-ROS2-resources/install/ur_bringup/share/ur_bringup/launch/test_scaled_joint_trajectory_controller.launch.py
[2.412s] -- Up-to-date symlink: /home/zpw/UR3e-ROS2-resources/install/ur_bringup/share/ur_bringup/launch/ur10.launch.py
[2.413s] -- Up-to-date symlink: /home/zpw/UR3e-ROS2-resources/install/ur_bringup/share/ur_bringup/launch/ur10e.launch.py
[2.417s] -- Up-to-date symlink: /home/zpw/UR3e-ROS2-resources/install/ur_bringup/share/ur_bringup/launch/ur16e.launch.py
[2.421s] -- Up-to-date symlink: /home/zpw/UR3e-ROS2-resources/install/ur_bringup/share/ur_bringup/launch/ur3.launch.py
[2.423s] -- Up-to-date symlink: /home/zpw/UR3e-ROS2-resources/install/ur_bringup/share/ur_bringup/launch/ur3e.launch.py
[2.423s] -- Up-to-date symlink: /home/zpw/UR3e-ROS2-resources/install/ur_bringup/share/ur_bringup/launch/ur5.launch.py
[2.423s] -- Up-to-date symlink: /home/zpw/UR3e-ROS2-resources/install/ur_bringup/share/ur_bringup/launch/ur5e.launch.py
[2.424s] -- Up-to-date symlink: /home/zpw/UR3e-ROS2-resources/install/ur_bringup/share/ur_bringup/launch/ur_control.launch.py
[2.424s] -- Up-to-date symlink: /home/zpw/UR3e-ROS2-resources/install/ur_bringup/share/ur_bringup/launch/ur_dashboard_client.launch.py
[2.424s] -- Up-to-date symlink: /home/zpw/UR3e-ROS2-resources/install/ur_bringup/share/ur_bringup/launch/ur_moveit.launch.py
[2.424s] -- Up-to-date symlink: /home/zpw/UR3e-ROS2-resources/install/ur_bringup/share/ament_index/resource_index/package_run_dependencies/ur_bringup
[2.424s] -- Up-to-date symlink: /home/zpw/UR3e-ROS2-resources/install/ur_bringup/share/ament_index/resource_index/parent_prefix_path/ur_bringup
[2.425s] -- Up-to-date symlink: /home/zpw/UR3e-ROS2-resources/install/ur_bringup/share/ur_bringup/environment/ament_prefix_path.sh
[2.425s] -- Up-to-date symlink: /home/zpw/UR3e-ROS2-resources/install/ur_bringup/share/ur_bringup/environment/ament_prefix_path.dsv
[2.426s] -- Up-to-date symlink: /home/zpw/UR3e-ROS2-resources/install/ur_bringup/share/ur_bringup/environment/path.sh
[2.427s] -- Up-to-date symlink: /home/zpw/UR3e-ROS2-resources/install/ur_bringup/share/ur_bringup/environment/path.dsv
[2.432s] -- Up-to-date symlink: /home/zpw/UR3e-ROS2-resources/install/ur_bringup/share/ur_bringup/local_setup.bash
[2.433s] -- Up-to-date symlink: /home/zpw/UR3e-ROS2-resources/install/ur_bringup/share/ur_bringup/local_setup.sh
[2.433s] -- Up-to-date symlink: /home/zpw/UR3e-ROS2-resources/install/ur_bringup/share/ur_bringup/local_setup.zsh
[2.435s] -- Up-to-date symlink: /home/zpw/UR3e-ROS2-resources/install/ur_bringup/share/ur_bringup/local_setup.dsv
[2.436s] -- Symlinking: /home/zpw/UR3e-ROS2-resources/install/ur_bringup/share/ur_bringup/package.dsv
[2.436s] -- Up-to-date symlink: /home/zpw/UR3e-ROS2-resources/install/ur_bringup/share/ament_index/resource_index/packages/ur_bringup
[2.437s] -- Up-to-date symlink: /home/zpw/UR3e-ROS2-resources/install/ur_bringup/share/ur_bringup/cmake/ur_bringupConfig.cmake
[2.441s] -- Up-to-date symlink: /home/zpw/UR3e-ROS2-resources/install/ur_bringup/share/ur_bringup/cmake/ur_bringupConfig-version.cmake
[2.443s] -- Up-to-date symlink: /home/zpw/UR3e-ROS2-resources/install/ur_bringup/share/ur_bringup/package.xml
[2.498s] Invoked command in '/home/zpw/UR3e-ROS2-resources/build/ur_bringup' returned '0': CMAKE_PREFIX_PATH=/opt/ros/foxy /usr/bin/cmake --install /home/zpw/UR3e-ROS2-resources/build/ur_bringup
