[0.535s] Invoking command in '/home/zpw/UR3e-ROS2-resources/build/teleop': CMAKE_PREFIX_PATH=${CMAKE_PREFIX_PATH}:/home/zpw/UR3e-ROS2-resources/install/vr_connector:/home/zpw/UR3e-ROS2-resources/install/unity_robotics_demo:/home/zpw/UR3e-ROS2-resources/install/ros_tcp_endpoint:/opt/ros/foxy /usr/bin/cmake --build /home/zpw/UR3e-ROS2-resources/build/teleop -- -j16 -l16
[1.208s] [100%] Built target joystick_input
[1.227s] Invoked command in '/home/zpw/UR3e-ROS2-resources/build/teleop' returned '0': CMAKE_PREFIX_PATH=${CMAKE_PREFIX_PATH}:/home/zpw/UR3e-ROS2-resources/install/vr_connector:/home/zpw/UR3e-ROS2-resources/install/unity_robotics_demo:/home/zpw/UR3e-ROS2-resources/install/ros_tcp_endpoint:/opt/ros/foxy /usr/bin/cmake --build /home/zpw/UR3e-ROS2-resources/build/teleop -- -j16 -l16
[1.282s] Invoking command in '/home/zpw/UR3e-ROS2-resources/build/teleop': CMAKE_PREFIX_PATH=${CMAKE_PREFIX_PATH}:/home/zpw/UR3e-ROS2-resources/install/vr_connector:/home/zpw/UR3e-ROS2-resources/install/unity_robotics_demo:/home/zpw/UR3e-ROS2-resources/install/ros_tcp_endpoint:/opt/ros/foxy /usr/bin/cmake --install /home/zpw/UR3e-ROS2-resources/build/teleop
[1.326s] -- Install configuration: ""
[1.326s] -- Execute custom install script
[1.334s] -- Up-to-date symlink: /home/zpw/UR3e-ROS2-resources/install/teleop/share/teleop/config/ur3e_servo_config.yaml
[1.337s] -- Up-to-date symlink: /home/zpw/UR3e-ROS2-resources/install/teleop/share/teleop/config/ur3e_teleop.rviz
[1.337s] -- Up-to-date symlink: /home/zpw/UR3e-ROS2-resources/install/teleop/share/teleop/launch/servo_teleop.launch.py
[1.337s] -- Up-to-date symlink: /home/zpw/UR3e-ROS2-resources/install/teleop/lib/libjoystick_input.so
[1.337s] -- Up-to-date symlink: /home/zpw/UR3e-ROS2-resources/install/teleop/share/ament_index/resource_index/package_run_dependencies/teleop
[1.337s] -- Up-to-date symlink: /home/zpw/UR3e-ROS2-resources/install/teleop/share/ament_index/resource_index/parent_prefix_path/teleop
[1.337s] -- Up-to-date symlink: /home/zpw/UR3e-ROS2-resources/install/teleop/share/teleop/environment/ament_prefix_path.sh
[1.338s] -- Up-to-date symlink: /home/zpw/UR3e-ROS2-resources/install/teleop/share/teleop/environment/ament_prefix_path.dsv
[1.338s] -- Up-to-date symlink: /home/zpw/UR3e-ROS2-resources/install/teleop/share/teleop/environment/path.sh
[1.342s] -- Up-to-date symlink: /home/zpw/UR3e-ROS2-resources/install/teleop/share/teleop/environment/path.dsv
[1.342s] -- Up-to-date symlink: /home/zpw/UR3e-ROS2-resources/install/teleop/share/teleop/local_setup.bash
[1.343s] -- Up-to-date symlink: /home/zpw/UR3e-ROS2-resources/install/teleop/share/teleop/local_setup.sh
[1.346s] -- Up-to-date symlink: /home/zpw/UR3e-ROS2-resources/install/teleop/share/teleop/local_setup.zsh
[1.346s] -- Up-to-date symlink: /home/zpw/UR3e-ROS2-resources/install/teleop/share/teleop/local_setup.dsv
[1.347s] -- Symlinking: /home/zpw/UR3e-ROS2-resources/install/teleop/share/teleop/package.dsv
[1.386s] -- Up-to-date symlink: /home/zpw/UR3e-ROS2-resources/install/teleop/share/ament_index/resource_index/packages/teleop
[1.391s] -- Up-to-date symlink: /home/zpw/UR3e-ROS2-resources/install/teleop/share/ament_index/resource_index/rclcpp_components/teleop
[1.392s] -- Up-to-date symlink: /home/zpw/UR3e-ROS2-resources/install/teleop/share/teleop/cmake/teleopConfig.cmake
[1.392s] -- Up-to-date symlink: /home/zpw/UR3e-ROS2-resources/install/teleop/share/teleop/cmake/teleopConfig-version.cmake
[1.392s] -- Up-to-date symlink: /home/zpw/UR3e-ROS2-resources/install/teleop/share/teleop/package.xml
[1.397s] Invoked command in '/home/zpw/UR3e-ROS2-resources/build/teleop' returned '0': CMAKE_PREFIX_PATH=${CMAKE_PREFIX_PATH}:/home/zpw/UR3e-ROS2-resources/install/vr_connector:/home/zpw/UR3e-ROS2-resources/install/unity_robotics_demo:/home/zpw/UR3e-ROS2-resources/install/ros_tcp_endpoint:/opt/ros/foxy /usr/bin/cmake --install /home/zpw/UR3e-ROS2-resources/build/teleop
