[0.663s] Invoking command in '/home/zpw/UR3e-ROS2-resources/build/unity_robotics_demo_msgs': CMAKE_PREFIX_PATH=${CMAKE_PREFIX_PATH}:/home/zpw/UR3e-ROS2-resources/install/vr_connector:/home/zpw/UR3e-ROS2-resources/install/unity_robotics_demo:/home/zpw/UR3e-ROS2-resources/install/ros_tcp_endpoint:/opt/ros/foxy /usr/bin/cmake --build /home/zpw/UR3e-ROS2-resources/build/unity_robotics_demo_msgs -- -j16 -l16
[3.826s] [ 10%] Built target unity_robotics_demo_msgs__rosidl_generator_c
[3.830s] [ 12%] Built target unity_robotics_demo_msgs__cpp
[3.842s] [ 23%] Built target unity_robotics_demo_msgs__rosidl_typesupport_introspection_cpp
[3.843s] [ 34%] Built target unity_robotics_demo_msgs__rosidl_typesupport_c
[3.849s] [ 45%] Built target unity_robotics_demo_msgs__rosidl_typesupport_cpp
[3.851s] [ 56%] Built target unity_robotics_demo_msgs__rosidl_typesupport_introspection_c
[3.858s] [ 67%] Built target unity_robotics_demo_msgs__rosidl_typesupport_fastrtps_cpp
[3.863s] [ 78%] Built target unity_robotics_demo_msgs__rosidl_typesupport_fastrtps_c
[3.864s] [ 78%] Built target unity_robotics_demo_msgs
[3.865s] [ 80%] Built target unity_robotics_demo_msgs__py
[3.866s] [ 89%] Built target unity_robotics_demo_msgs__python
[3.867s] [ 92%] Built target unity_robotics_demo_msgs__rosidl_typesupport_introspection_c__pyext
[3.868s] [ 96%] Built target unity_robotics_demo_msgs__rosidl_typesupport_fastrtps_c__pyext
[3.868s] [100%] Built target unity_robotics_demo_msgs__rosidl_typesupport_c__pyext
[3.954s] Invoked command in '/home/zpw/UR3e-ROS2-resources/build/unity_robotics_demo_msgs' returned '0': CMAKE_PREFIX_PATH=${CMAKE_PREFIX_PATH}:/home/zpw/UR3e-ROS2-resources/install/vr_connector:/home/zpw/UR3e-ROS2-resources/install/unity_robotics_demo:/home/zpw/UR3e-ROS2-resources/install/ros_tcp_endpoint:/opt/ros/foxy /usr/bin/cmake --build /home/zpw/UR3e-ROS2-resources/build/unity_robotics_demo_msgs -- -j16 -l16
[5.127s] Invoking command in '/home/zpw/UR3e-ROS2-resources/build/unity_robotics_demo_msgs': CMAKE_PREFIX_PATH=${CMAKE_PREFIX_PATH}:/home/zpw/UR3e-ROS2-resources/install/vr_connector:/home/zpw/UR3e-ROS2-resources/install/unity_robotics_demo:/home/zpw/UR3e-ROS2-resources/install/ros_tcp_endpoint:/opt/ros/foxy /usr/bin/cmake --install /home/zpw/UR3e-ROS2-resources/build/unity_robotics_demo_msgs
[5.196s] -- Install configuration: ""
[5.197s] -- Up-to-date: /home/zpw/UR3e-ROS2-resources/install/unity_robotics_demo_msgs/share/ament_index/resource_index/rosidl_interfaces/unity_robotics_demo_msgs
[5.198s] -- Up-to-date: /home/zpw/UR3e-ROS2-resources/install/unity_robotics_demo_msgs/include/unity_robotics_demo_msgs
[5.199s] -- Up-to-date: /home/zpw/UR3e-ROS2-resources/install/unity_robotics_demo_msgs/include/unity_robotics_demo_msgs/msg
[5.204s] -- Up-to-date: /home/zpw/UR3e-ROS2-resources/install/unity_robotics_demo_msgs/include/unity_robotics_demo_msgs/msg/unity_color.h
[5.219s] -- Up-to-date: /home/zpw/UR3e-ROS2-resources/install/unity_robotics_demo_msgs/include/unity_robotics_demo_msgs/msg/detail
[5.219s] -- Up-to-date: /home/zpw/UR3e-ROS2-resources/install/unity_robotics_demo_msgs/include/unity_robotics_demo_msgs/msg/detail/unity_color__struct.h
[5.237s] -- Up-to-date: /home/zpw/UR3e-ROS2-resources/install/unity_robotics_demo_msgs/include/unity_robotics_demo_msgs/msg/detail/pos_rot__struct.h
[5.246s] -- Up-to-date: /home/zpw/UR3e-ROS2-resources/install/unity_robotics_demo_msgs/include/unity_robotics_demo_msgs/msg/detail/unity_color__functions.c
[5.247s] -- Up-to-date: /home/zpw/UR3e-ROS2-resources/install/unity_robotics_demo_msgs/include/unity_robotics_demo_msgs/msg/detail/unity_color__functions.h
[5.248s] -- Up-to-date: /home/zpw/UR3e-ROS2-resources/install/unity_robotics_demo_msgs/include/unity_robotics_demo_msgs/msg/detail/pos_rot__functions.h
[5.249s] -- Up-to-date: /home/zpw/UR3e-ROS2-resources/install/unity_robotics_demo_msgs/include/unity_robotics_demo_msgs/msg/detail/unity_color__type_support.h
[5.249s] -- Up-to-date: /home/zpw/UR3e-ROS2-resources/install/unity_robotics_demo_msgs/include/unity_robotics_demo_msgs/msg/detail/pos_rot__type_support.h
[5.249s] -- Up-to-date: /home/zpw/UR3e-ROS2-resources/install/unity_robotics_demo_msgs/include/unity_robotics_demo_msgs/msg/detail/pos_rot__functions.c
[5.249s] -- Up-to-date: /home/zpw/UR3e-ROS2-resources/install/unity_robotics_demo_msgs/include/unity_robotics_demo_msgs/msg/pos_rot.h
[5.249s] -- Up-to-date: /home/zpw/UR3e-ROS2-resources/install/unity_robotics_demo_msgs/include/unity_robotics_demo_msgs/msg/rosidl_generator_c__visibility_control.h
[5.249s] -- Up-to-date: /home/zpw/UR3e-ROS2-resources/install/unity_robotics_demo_msgs/include/unity_robotics_demo_msgs/srv
[5.249s] -- Up-to-date: /home/zpw/UR3e-ROS2-resources/install/unity_robotics_demo_msgs/include/unity_robotics_demo_msgs/srv/detail
[5.249s] -- Up-to-date: /home/zpw/UR3e-ROS2-resources/install/unity_robotics_demo_msgs/include/unity_robotics_demo_msgs/srv/detail/object_pose_service__type_support.h
[5.249s] -- Up-to-date: /home/zpw/UR3e-ROS2-resources/install/unity_robotics_demo_msgs/include/unity_robotics_demo_msgs/srv/detail/object_pose_service__struct.h
[5.250s] -- Up-to-date: /home/zpw/UR3e-ROS2-resources/install/unity_robotics_demo_msgs/include/unity_robotics_demo_msgs/srv/detail/position_service__functions.c
[5.250s] -- Up-to-date: /home/zpw/UR3e-ROS2-resources/install/unity_robotics_demo_msgs/include/unity_robotics_demo_msgs/srv/detail/position_service__type_support.h
[5.251s] -- Up-to-date: /home/zpw/UR3e-ROS2-resources/install/unity_robotics_demo_msgs/include/unity_robotics_demo_msgs/srv/detail/position_service__struct.h
[5.253s] -- Up-to-date: /home/zpw/UR3e-ROS2-resources/install/unity_robotics_demo_msgs/include/unity_robotics_demo_msgs/srv/detail/object_pose_service__functions.c
[5.261s] -- Up-to-date: /home/zpw/UR3e-ROS2-resources/install/unity_robotics_demo_msgs/include/unity_robotics_demo_msgs/srv/detail/object_pose_service__functions.h
[5.262s] -- Up-to-date: /home/zpw/UR3e-ROS2-resources/install/unity_robotics_demo_msgs/include/unity_robotics_demo_msgs/srv/detail/position_service__functions.h
[5.263s] -- Up-to-date: /home/zpw/UR3e-ROS2-resources/install/unity_robotics_demo_msgs/include/unity_robotics_demo_msgs/srv/position_service.h
[5.263s] -- Up-to-date: /home/zpw/UR3e-ROS2-resources/install/unity_robotics_demo_msgs/include/unity_robotics_demo_msgs/srv/object_pose_service.h
[5.263s] -- Up-to-date: /home/zpw/UR3e-ROS2-resources/install/unity_robotics_demo_msgs/share/unity_robotics_demo_msgs/environment/library_path.sh
[5.263s] -- Up-to-date: /home/zpw/UR3e-ROS2-resources/install/unity_robotics_demo_msgs/share/unity_robotics_demo_msgs/environment/library_path.dsv
[5.263s] -- Up-to-date: /home/zpw/UR3e-ROS2-resources/install/unity_robotics_demo_msgs/lib/libunity_robotics_demo_msgs__rosidl_generator_c.so
[5.263s] -- Up-to-date: /home/zpw/UR3e-ROS2-resources/install/unity_robotics_demo_msgs/include/unity_robotics_demo_msgs
[5.264s] -- Up-to-date: /home/zpw/UR3e-ROS2-resources/install/unity_robotics_demo_msgs/include/unity_robotics_demo_msgs/msg
[5.265s] -- Up-to-date: /home/zpw/UR3e-ROS2-resources/install/unity_robotics_demo_msgs/include/unity_robotics_demo_msgs/msg/rosidl_typesupport_fastrtps_c__visibility_control.h
[5.266s] -- Up-to-date: /home/zpw/UR3e-ROS2-resources/install/unity_robotics_demo_msgs/include/unity_robotics_demo_msgs/msg/detail
[5.267s] -- Up-to-date: /home/zpw/UR3e-ROS2-resources/install/unity_robotics_demo_msgs/include/unity_robotics_demo_msgs/msg/detail/unity_color__rosidl_typesupport_fastrtps_c.h
[5.268s] -- Up-to-date: /home/zpw/UR3e-ROS2-resources/install/unity_robotics_demo_msgs/include/unity_robotics_demo_msgs/msg/detail/pos_rot__rosidl_typesupport_fastrtps_c.h
[5.269s] -- Up-to-date: /home/zpw/UR3e-ROS2-resources/install/unity_robotics_demo_msgs/include/unity_robotics_demo_msgs/srv
[5.270s] -- Up-to-date: /home/zpw/UR3e-ROS2-resources/install/unity_robotics_demo_msgs/include/unity_robotics_demo_msgs/srv/detail
[5.271s] -- Up-to-date: /home/zpw/UR3e-ROS2-resources/install/unity_robotics_demo_msgs/include/unity_robotics_demo_msgs/srv/detail/object_pose_service__rosidl_typesupport_fastrtps_c.h
[5.272s] -- Up-to-date: /home/zpw/UR3e-ROS2-resources/install/unity_robotics_demo_msgs/include/unity_robotics_demo_msgs/srv/detail/position_service__rosidl_typesupport_fastrtps_c.h
[5.273s] -- Up-to-date: /home/zpw/UR3e-ROS2-resources/install/unity_robotics_demo_msgs/lib/libunity_robotics_demo_msgs__rosidl_typesupport_fastrtps_c.so
[5.274s] -- Up-to-date: /home/zpw/UR3e-ROS2-resources/install/unity_robotics_demo_msgs/include/unity_robotics_demo_msgs
[5.275s] -- Up-to-date: /home/zpw/UR3e-ROS2-resources/install/unity_robotics_demo_msgs/include/unity_robotics_demo_msgs/msg
[5.276s] -- Up-to-date: /home/zpw/UR3e-ROS2-resources/install/unity_robotics_demo_msgs/include/unity_robotics_demo_msgs/msg/rosidl_typesupport_fastrtps_cpp__visibility_control.h
[5.277s] -- Up-to-date: /home/zpw/UR3e-ROS2-resources/install/unity_robotics_demo_msgs/include/unity_robotics_demo_msgs/msg/detail
[5.278s] -- Up-to-date: /home/zpw/UR3e-ROS2-resources/install/unity_robotics_demo_msgs/include/unity_robotics_demo_msgs/msg/detail/unity_color__rosidl_typesupport_fastrtps_cpp.hpp
[5.287s] -- Up-to-date: /home/zpw/UR3e-ROS2-resources/install/unity_robotics_demo_msgs/include/unity_robotics_demo_msgs/msg/detail/pos_rot__rosidl_typesupport_fastrtps_cpp.hpp
[5.289s] -- Up-to-date: /home/zpw/UR3e-ROS2-resources/install/unity_robotics_demo_msgs/include/unity_robotics_demo_msgs/msg/detail/dds_fastrtps
[5.290s] -- Up-to-date: /home/zpw/UR3e-ROS2-resources/install/unity_robotics_demo_msgs/include/unity_robotics_demo_msgs/srv
[5.291s] -- Up-to-date: /home/zpw/UR3e-ROS2-resources/install/unity_robotics_demo_msgs/include/unity_robotics_demo_msgs/srv/detail
[5.292s] -- Up-to-date: /home/zpw/UR3e-ROS2-resources/install/unity_robotics_demo_msgs/include/unity_robotics_demo_msgs/srv/detail/dds_fastrtps
[5.292s] -- Up-to-date: /home/zpw/UR3e-ROS2-resources/install/unity_robotics_demo_msgs/include/unity_robotics_demo_msgs/srv/detail/object_pose_service__rosidl_typesupport_fastrtps_cpp.hpp
[5.293s] -- Up-to-date: /home/zpw/UR3e-ROS2-resources/install/unity_robotics_demo_msgs/include/unity_robotics_demo_msgs/srv/detail/position_service__rosidl_typesupport_fastrtps_cpp.hpp
[5.293s] -- Up-to-date: /home/zpw/UR3e-ROS2-resources/install/unity_robotics_demo_msgs/lib/libunity_robotics_demo_msgs__rosidl_typesupport_fastrtps_cpp.so
[5.293s] -- Up-to-date: /home/zpw/UR3e-ROS2-resources/install/unity_robotics_demo_msgs/include/unity_robotics_demo_msgs
[5.293s] -- Up-to-date: /home/zpw/UR3e-ROS2-resources/install/unity_robotics_demo_msgs/include/unity_robotics_demo_msgs/msg
[5.293s] -- Up-to-date: /home/zpw/UR3e-ROS2-resources/install/unity_robotics_demo_msgs/include/unity_robotics_demo_msgs/msg/detail
[5.293s] -- Up-to-date: /home/zpw/UR3e-ROS2-resources/install/unity_robotics_demo_msgs/include/unity_robotics_demo_msgs/msg/detail/unity_color__rosidl_typesupport_introspection_c.h
[5.293s] -- Up-to-date: /home/zpw/UR3e-ROS2-resources/install/unity_robotics_demo_msgs/include/unity_robotics_demo_msgs/msg/detail/unity_color__type_support.c
[5.293s] -- Up-to-date: /home/zpw/UR3e-ROS2-resources/install/unity_robotics_demo_msgs/include/unity_robotics_demo_msgs/msg/detail/pos_rot__rosidl_typesupport_introspection_c.h
[5.293s] -- Up-to-date: /home/zpw/UR3e-ROS2-resources/install/unity_robotics_demo_msgs/include/unity_robotics_demo_msgs/msg/detail/pos_rot__type_support.c
[5.293s] -- Up-to-date: /home/zpw/UR3e-ROS2-resources/install/unity_robotics_demo_msgs/include/unity_robotics_demo_msgs/msg/rosidl_typesupport_introspection_c__visibility_control.h
[5.293s] -- Up-to-date: /home/zpw/UR3e-ROS2-resources/install/unity_robotics_demo_msgs/include/unity_robotics_demo_msgs/srv
[5.293s] -- Up-to-date: /home/zpw/UR3e-ROS2-resources/install/unity_robotics_demo_msgs/include/unity_robotics_demo_msgs/srv/detail
[5.294s] -- Up-to-date: /home/zpw/UR3e-ROS2-resources/install/unity_robotics_demo_msgs/include/unity_robotics_demo_msgs/srv/detail/object_pose_service__type_support.c
[5.295s] -- Up-to-date: /home/zpw/UR3e-ROS2-resources/install/unity_robotics_demo_msgs/include/unity_robotics_demo_msgs/srv/detail/position_service__rosidl_typesupport_introspection_c.h
[5.295s] -- Up-to-date: /home/zpw/UR3e-ROS2-resources/install/unity_robotics_demo_msgs/include/unity_robotics_demo_msgs/srv/detail/position_service__type_support.c
[5.296s] -- Up-to-date: /home/zpw/UR3e-ROS2-resources/install/unity_robotics_demo_msgs/include/unity_robotics_demo_msgs/srv/detail/object_pose_service__rosidl_typesupport_introspection_c.h
[5.296s] -- Up-to-date: /home/zpw/UR3e-ROS2-resources/install/unity_robotics_demo_msgs/lib/libunity_robotics_demo_msgs__rosidl_typesupport_introspection_c.so
[5.297s] -- Up-to-date: /home/zpw/UR3e-ROS2-resources/install/unity_robotics_demo_msgs/lib/libunity_robotics_demo_msgs__rosidl_typesupport_c.so
[5.298s] -- Up-to-date: /home/zpw/UR3e-ROS2-resources/install/unity_robotics_demo_msgs/include/unity_robotics_demo_msgs
[5.298s] -- Up-to-date: /home/zpw/UR3e-ROS2-resources/install/unity_robotics_demo_msgs/include/unity_robotics_demo_msgs/msg
[5.299s] -- Up-to-date: /home/zpw/UR3e-ROS2-resources/install/unity_robotics_demo_msgs/include/unity_robotics_demo_msgs/msg/unity_color.hpp
[5.299s] -- Up-to-date: /home/zpw/UR3e-ROS2-resources/install/unity_robotics_demo_msgs/include/unity_robotics_demo_msgs/msg/detail
[5.335s] -- Up-to-date: /home/zpw/UR3e-ROS2-resources/install/unity_robotics_demo_msgs/include/unity_robotics_demo_msgs/msg/detail/unity_color__struct.hpp
[5.336s] -- Up-to-date: /home/zpw/UR3e-ROS2-resources/install/unity_robotics_demo_msgs/include/unity_robotics_demo_msgs/msg/detail/pos_rot__builder.hpp
[5.337s] -- Up-to-date: /home/zpw/UR3e-ROS2-resources/install/unity_robotics_demo_msgs/include/unity_robotics_demo_msgs/msg/detail/pos_rot__traits.hpp
[5.337s] -- Up-to-date: /home/zpw/UR3e-ROS2-resources/install/unity_robotics_demo_msgs/include/unity_robotics_demo_msgs/msg/detail/unity_color__traits.hpp
[5.337s] -- Up-to-date: /home/zpw/UR3e-ROS2-resources/install/unity_robotics_demo_msgs/include/unity_robotics_demo_msgs/msg/detail/unity_color__builder.hpp
[5.337s] -- Up-to-date: /home/zpw/UR3e-ROS2-resources/install/unity_robotics_demo_msgs/include/unity_robotics_demo_msgs/msg/detail/pos_rot__struct.hpp
[5.337s] -- Up-to-date: /home/zpw/UR3e-ROS2-resources/install/unity_robotics_demo_msgs/include/unity_robotics_demo_msgs/msg/pos_rot.hpp
[5.337s] -- Up-to-date: /home/zpw/UR3e-ROS2-resources/install/unity_robotics_demo_msgs/include/unity_robotics_demo_msgs/srv
[5.337s] -- Up-to-date: /home/zpw/UR3e-ROS2-resources/install/unity_robotics_demo_msgs/include/unity_robotics_demo_msgs/srv/object_pose_service.hpp
[5.338s] -- Up-to-date: /home/zpw/UR3e-ROS2-resources/install/unity_robotics_demo_msgs/include/unity_robotics_demo_msgs/srv/position_service.hpp
[5.338s] -- Up-to-date: /home/zpw/UR3e-ROS2-resources/install/unity_robotics_demo_msgs/include/unity_robotics_demo_msgs/srv/detail
[5.338s] -- Up-to-date: /home/zpw/UR3e-ROS2-resources/install/unity_robotics_demo_msgs/include/unity_robotics_demo_msgs/srv/detail/object_pose_service__struct.hpp
[5.339s] -- Up-to-date: /home/zpw/UR3e-ROS2-resources/install/unity_robotics_demo_msgs/include/unity_robotics_demo_msgs/srv/detail/object_pose_service__traits.hpp
[5.339s] -- Up-to-date: /home/zpw/UR3e-ROS2-resources/install/unity_robotics_demo_msgs/include/unity_robotics_demo_msgs/srv/detail/position_service__traits.hpp
[5.340s] -- Up-to-date: /home/zpw/UR3e-ROS2-resources/install/unity_robotics_demo_msgs/include/unity_robotics_demo_msgs/srv/detail/position_service__struct.hpp
[5.342s] -- Up-to-date: /home/zpw/UR3e-ROS2-resources/install/unity_robotics_demo_msgs/include/unity_robotics_demo_msgs/srv/detail/object_pose_service__builder.hpp
[5.343s] -- Up-to-date: /home/zpw/UR3e-ROS2-resources/install/unity_robotics_demo_msgs/include/unity_robotics_demo_msgs/srv/detail/position_service__builder.hpp
[5.359s] -- Up-to-date: /home/zpw/UR3e-ROS2-resources/install/unity_robotics_demo_msgs/include/unity_robotics_demo_msgs
[5.365s] -- Up-to-date: /home/zpw/UR3e-ROS2-resources/install/unity_robotics_demo_msgs/include/unity_robotics_demo_msgs/msg
[5.366s] -- Up-to-date: /home/zpw/UR3e-ROS2-resources/install/unity_robotics_demo_msgs/include/unity_robotics_demo_msgs/msg/detail
[5.367s] -- Up-to-date: /home/zpw/UR3e-ROS2-resources/install/unity_robotics_demo_msgs/include/unity_robotics_demo_msgs/msg/detail/pos_rot__rosidl_typesupport_introspection_cpp.hpp
[5.367s] -- Up-to-date: /home/zpw/UR3e-ROS2-resources/install/unity_robotics_demo_msgs/include/unity_robotics_demo_msgs/msg/detail/unity_color__type_support.cpp
[5.367s] -- Up-to-date: /home/zpw/UR3e-ROS2-resources/install/unity_robotics_demo_msgs/include/unity_robotics_demo_msgs/msg/detail/pos_rot__type_support.cpp
[5.367s] -- Up-to-date: /home/zpw/UR3e-ROS2-resources/install/unity_robotics_demo_msgs/include/unity_robotics_demo_msgs/msg/detail/unity_color__rosidl_typesupport_introspection_cpp.hpp
[5.367s] -- Up-to-date: /home/zpw/UR3e-ROS2-resources/install/unity_robotics_demo_msgs/include/unity_robotics_demo_msgs/srv
[5.367s] -- Up-to-date: /home/zpw/UR3e-ROS2-resources/install/unity_robotics_demo_msgs/include/unity_robotics_demo_msgs/srv/detail
[5.367s] -- Up-to-date: /home/zpw/UR3e-ROS2-resources/install/unity_robotics_demo_msgs/include/unity_robotics_demo_msgs/srv/detail/object_pose_service__type_support.cpp
[5.367s] -- Up-to-date: /home/zpw/UR3e-ROS2-resources/install/unity_robotics_demo_msgs/include/unity_robotics_demo_msgs/srv/detail/position_service__rosidl_typesupport_introspection_cpp.hpp
[5.367s] -- Up-to-date: /home/zpw/UR3e-ROS2-resources/install/unity_robotics_demo_msgs/include/unity_robotics_demo_msgs/srv/detail/position_service__type_support.cpp
[5.368s] -- Up-to-date: /home/zpw/UR3e-ROS2-resources/install/unity_robotics_demo_msgs/include/unity_robotics_demo_msgs/srv/detail/object_pose_service__rosidl_typesupport_introspection_cpp.hpp
[5.370s] -- Up-to-date: /home/zpw/UR3e-ROS2-resources/install/unity_robotics_demo_msgs/lib/libunity_robotics_demo_msgs__rosidl_typesupport_introspection_cpp.so
[5.371s] -- Up-to-date: /home/zpw/UR3e-ROS2-resources/install/unity_robotics_demo_msgs/lib/libunity_robotics_demo_msgs__rosidl_typesupport_cpp.so
[5.372s] -- Up-to-date: /home/zpw/UR3e-ROS2-resources/install/unity_robotics_demo_msgs/share/unity_robotics_demo_msgs/environment/pythonpath.sh
[5.374s] -- Up-to-date: /home/zpw/UR3e-ROS2-resources/install/unity_robotics_demo_msgs/share/unity_robotics_demo_msgs/environment/pythonpath.dsv
[5.375s] -- Up-to-date: /home/zpw/UR3e-ROS2-resources/install/unity_robotics_demo_msgs/lib/python3.8/site-packages/unity_robotics_demo_msgs/__init__.py
[5.479s] -- Up-to-date: /home/zpw/UR3e-ROS2-resources/install/unity_robotics_demo_msgs/lib/python3.8/site-packages/unity_robotics_demo_msgs/msg
[5.486s] -- Up-to-date: /home/zpw/UR3e-ROS2-resources/install/unity_robotics_demo_msgs/lib/python3.8/site-packages/unity_robotics_demo_msgs/msg/_pos_rot.py
[5.486s] -- Up-to-date: /home/zpw/UR3e-ROS2-resources/install/unity_robotics_demo_msgs/lib/python3.8/site-packages/unity_robotics_demo_msgs/msg/_pos_rot_s.c
[5.489s] -- Up-to-date: /home/zpw/UR3e-ROS2-resources/install/unity_robotics_demo_msgs/lib/python3.8/site-packages/unity_robotics_demo_msgs/msg/__init__.py
[5.491s] -- Up-to-date: /home/zpw/UR3e-ROS2-resources/install/unity_robotics_demo_msgs/lib/python3.8/site-packages/unity_robotics_demo_msgs/msg/_unity_color_s.c
[5.497s] -- Up-to-date: /home/zpw/UR3e-ROS2-resources/install/unity_robotics_demo_msgs/lib/python3.8/site-packages/unity_robotics_demo_msgs/msg/_unity_color.py
[5.498s] -- Up-to-date: /home/zpw/UR3e-ROS2-resources/install/unity_robotics_demo_msgs/lib/python3.8/site-packages/unity_robotics_demo_msgs/srv
[5.501s] -- Up-to-date: /home/zpw/UR3e-ROS2-resources/install/unity_robotics_demo_msgs/lib/python3.8/site-packages/unity_robotics_demo_msgs/srv/_position_service.py
[5.502s] -- Up-to-date: /home/zpw/UR3e-ROS2-resources/install/unity_robotics_demo_msgs/lib/python3.8/site-packages/unity_robotics_demo_msgs/srv/__init__.py
[5.506s] -- Up-to-date: /home/zpw/UR3e-ROS2-resources/install/unity_robotics_demo_msgs/lib/python3.8/site-packages/unity_robotics_demo_msgs/srv/_object_pose_service_s.c
[5.516s] -- Up-to-date: /home/zpw/UR3e-ROS2-resources/install/unity_robotics_demo_msgs/lib/python3.8/site-packages/unity_robotics_demo_msgs/srv/_object_pose_service.py
[5.523s] -- Up-to-date: /home/zpw/UR3e-ROS2-resources/install/unity_robotics_demo_msgs/lib/python3.8/site-packages/unity_robotics_demo_msgs/srv/_position_service_s.c
[5.524s] -- Up-to-date: /home/zpw/UR3e-ROS2-resources/install/unity_robotics_demo_msgs/lib/python3.8/site-packages/unity_robotics_demo_msgs/unity_robotics_demo_msgs_s__rosidl_typesupport_fastrtps_c.cpython-38-x86_64-linux-gnu.so
[5.525s] -- Up-to-date: /home/zpw/UR3e-ROS2-resources/install/unity_robotics_demo_msgs/lib/python3.8/site-packages/unity_robotics_demo_msgs/unity_robotics_demo_msgs_s__rosidl_typesupport_introspection_c.cpython-38-x86_64-linux-gnu.so
[5.525s] -- Up-to-date: /home/zpw/UR3e-ROS2-resources/install/unity_robotics_demo_msgs/lib/python3.8/site-packages/unity_robotics_demo_msgs/unity_robotics_demo_msgs_s__rosidl_typesupport_c.cpython-38-x86_64-linux-gnu.so
[5.526s] -- Up-to-date: /home/zpw/UR3e-ROS2-resources/install/unity_robotics_demo_msgs/lib/libunity_robotics_demo_msgs__python.so
[5.529s] -- Up-to-date: /home/zpw/UR3e-ROS2-resources/install/unity_robotics_demo_msgs/share/unity_robotics_demo_msgs/msg/PosRot.idl
[5.530s] -- Up-to-date: /home/zpw/UR3e-ROS2-resources/install/unity_robotics_demo_msgs/share/unity_robotics_demo_msgs/msg/UnityColor.idl
[5.530s] -- Up-to-date: /home/zpw/UR3e-ROS2-resources/install/unity_robotics_demo_msgs/share/unity_robotics_demo_msgs/srv/PositionService.idl
[5.530s] -- Up-to-date: /home/zpw/UR3e-ROS2-resources/install/unity_robotics_demo_msgs/share/unity_robotics_demo_msgs/srv/ObjectPoseService.idl
[5.530s] -- Up-to-date: /home/zpw/UR3e-ROS2-resources/install/unity_robotics_demo_msgs/share/unity_robotics_demo_msgs/msg/PosRot.msg
[5.538s] -- Up-to-date: /home/zpw/UR3e-ROS2-resources/install/unity_robotics_demo_msgs/share/unity_robotics_demo_msgs/msg/UnityColor.msg
[5.548s] -- Up-to-date: /home/zpw/UR3e-ROS2-resources/install/unity_robotics_demo_msgs/share/unity_robotics_demo_msgs/srv/PositionService.srv
[5.568s] -- Up-to-date: /home/zpw/UR3e-ROS2-resources/install/unity_robotics_demo_msgs/share/unity_robotics_demo_msgs/srv/PositionService_Request.msg
[5.570s] -- Up-to-date: /home/zpw/UR3e-ROS2-resources/install/unity_robotics_demo_msgs/share/unity_robotics_demo_msgs/srv/PositionService_Response.msg
[5.574s] -- Up-to-date: /home/zpw/UR3e-ROS2-resources/install/unity_robotics_demo_msgs/share/unity_robotics_demo_msgs/srv/ObjectPoseService.srv
[5.574s] -- Up-to-date: /home/zpw/UR3e-ROS2-resources/install/unity_robotics_demo_msgs/share/unity_robotics_demo_msgs/srv/ObjectPoseService_Request.msg
[5.575s] -- Up-to-date: /home/zpw/UR3e-ROS2-resources/install/unity_robotics_demo_msgs/share/unity_robotics_demo_msgs/srv/ObjectPoseService_Response.msg
[5.577s] -- Up-to-date: /home/zpw/UR3e-ROS2-resources/install/unity_robotics_demo_msgs/share/ament_index/resource_index/package_run_dependencies/unity_robotics_demo_msgs
[5.580s] -- Up-to-date: /home/zpw/UR3e-ROS2-resources/install/unity_robotics_demo_msgs/share/ament_index/resource_index/parent_prefix_path/unity_robotics_demo_msgs
[5.585s] -- Up-to-date: /home/zpw/UR3e-ROS2-resources/install/unity_robotics_demo_msgs/share/unity_robotics_demo_msgs/environment/ament_prefix_path.sh
[5.587s] -- Up-to-date: /home/zpw/UR3e-ROS2-resources/install/unity_robotics_demo_msgs/share/unity_robotics_demo_msgs/environment/ament_prefix_path.dsv
[5.588s] -- Up-to-date: /home/zpw/UR3e-ROS2-resources/install/unity_robotics_demo_msgs/share/unity_robotics_demo_msgs/environment/path.sh
[5.589s] -- Up-to-date: /home/zpw/UR3e-ROS2-resources/install/unity_robotics_demo_msgs/share/unity_robotics_demo_msgs/environment/path.dsv
[5.589s] -- Up-to-date: /home/zpw/UR3e-ROS2-resources/install/unity_robotics_demo_msgs/share/unity_robotics_demo_msgs/local_setup.bash
[5.589s] -- Up-to-date: /home/zpw/UR3e-ROS2-resources/install/unity_robotics_demo_msgs/share/unity_robotics_demo_msgs/local_setup.sh
[5.589s] -- Up-to-date: /home/zpw/UR3e-ROS2-resources/install/unity_robotics_demo_msgs/share/unity_robotics_demo_msgs/local_setup.zsh
[5.589s] -- Up-to-date: /home/zpw/UR3e-ROS2-resources/install/unity_robotics_demo_msgs/share/unity_robotics_demo_msgs/local_setup.dsv
[5.591s] -- Installing: /home/zpw/UR3e-ROS2-resources/install/unity_robotics_demo_msgs/share/unity_robotics_demo_msgs/package.dsv
[5.602s] -- Up-to-date: /home/zpw/UR3e-ROS2-resources/install/unity_robotics_demo_msgs/share/ament_index/resource_index/packages/unity_robotics_demo_msgs
[5.604s] -- Up-to-date: /home/zpw/UR3e-ROS2-resources/install/unity_robotics_demo_msgs/share/unity_robotics_demo_msgs/cmake/unity_robotics_demo_msgs__rosidl_generator_cExport.cmake
[5.605s] -- Up-to-date: /home/zpw/UR3e-ROS2-resources/install/unity_robotics_demo_msgs/share/unity_robotics_demo_msgs/cmake/unity_robotics_demo_msgs__rosidl_generator_cExport-noconfig.cmake
[5.606s] -- Up-to-date: /home/zpw/UR3e-ROS2-resources/install/unity_robotics_demo_msgs/share/unity_robotics_demo_msgs/cmake/unity_robotics_demo_msgs__rosidl_typesupport_introspection_cExport.cmake
[5.608s] -- Up-to-date: /home/zpw/UR3e-ROS2-resources/install/unity_robotics_demo_msgs/share/unity_robotics_demo_msgs/cmake/unity_robotics_demo_msgs__rosidl_typesupport_introspection_cExport-noconfig.cmake
[5.610s] -- Up-to-date: /home/zpw/UR3e-ROS2-resources/install/unity_robotics_demo_msgs/share/unity_robotics_demo_msgs/cmake/unity_robotics_demo_msgs__rosidl_typesupport_cExport.cmake
[5.611s] -- Up-to-date: /home/zpw/UR3e-ROS2-resources/install/unity_robotics_demo_msgs/share/unity_robotics_demo_msgs/cmake/unity_robotics_demo_msgs__rosidl_typesupport_cExport-noconfig.cmake
[5.620s] -- Up-to-date: /home/zpw/UR3e-ROS2-resources/install/unity_robotics_demo_msgs/share/unity_robotics_demo_msgs/cmake/unity_robotics_demo_msgs__rosidl_generator_cppExport.cmake
[5.631s] -- Up-to-date: /home/zpw/UR3e-ROS2-resources/install/unity_robotics_demo_msgs/share/unity_robotics_demo_msgs/cmake/unity_robotics_demo_msgs__rosidl_typesupport_introspection_cppExport.cmake
[5.636s] -- Up-to-date: /home/zpw/UR3e-ROS2-resources/install/unity_robotics_demo_msgs/share/unity_robotics_demo_msgs/cmake/unity_robotics_demo_msgs__rosidl_typesupport_introspection_cppExport-noconfig.cmake
[5.636s] -- Up-to-date: /home/zpw/UR3e-ROS2-resources/install/unity_robotics_demo_msgs/share/unity_robotics_demo_msgs/cmake/unity_robotics_demo_msgs__rosidl_typesupport_cppExport.cmake
[5.639s] -- Up-to-date: /home/zpw/UR3e-ROS2-resources/install/unity_robotics_demo_msgs/share/unity_robotics_demo_msgs/cmake/unity_robotics_demo_msgs__rosidl_typesupport_cppExport-noconfig.cmake
[5.644s] -- Up-to-date: /home/zpw/UR3e-ROS2-resources/install/unity_robotics_demo_msgs/share/unity_robotics_demo_msgs/cmake/rosidl_cmake-extras.cmake
[5.651s] -- Up-to-date: /home/zpw/UR3e-ROS2-resources/install/unity_robotics_demo_msgs/share/unity_robotics_demo_msgs/cmake/ament_cmake_export_dependencies-extras.cmake
[5.652s] -- Up-to-date: /home/zpw/UR3e-ROS2-resources/install/unity_robotics_demo_msgs/share/unity_robotics_demo_msgs/cmake/ament_cmake_export_libraries-extras.cmake
[5.653s] -- Up-to-date: /home/zpw/UR3e-ROS2-resources/install/unity_robotics_demo_msgs/share/unity_robotics_demo_msgs/cmake/ament_cmake_export_targets-extras.cmake
[5.656s] -- Up-to-date: /home/zpw/UR3e-ROS2-resources/install/unity_robotics_demo_msgs/share/unity_robotics_demo_msgs/cmake/ament_cmake_export_include_directories-extras.cmake
[5.659s] -- Up-to-date: /home/zpw/UR3e-ROS2-resources/install/unity_robotics_demo_msgs/share/unity_robotics_demo_msgs/cmake/rosidl_cmake_export_typesupport_libraries-extras.cmake
[5.664s] -- Up-to-date: /home/zpw/UR3e-ROS2-resources/install/unity_robotics_demo_msgs/share/unity_robotics_demo_msgs/cmake/rosidl_cmake_export_typesupport_targets-extras.cmake
[5.666s] -- Up-to-date: /home/zpw/UR3e-ROS2-resources/install/unity_robotics_demo_msgs/share/unity_robotics_demo_msgs/cmake/unity_robotics_demo_msgsConfig.cmake
[5.667s] -- Up-to-date: /home/zpw/UR3e-ROS2-resources/install/unity_robotics_demo_msgs/share/unity_robotics_demo_msgs/cmake/unity_robotics_demo_msgsConfig-version.cmake
[5.668s] -- Up-to-date: /home/zpw/UR3e-ROS2-resources/install/unity_robotics_demo_msgs/share/unity_robotics_demo_msgs/package.xml
[6.043s] Invoked command in '/home/zpw/UR3e-ROS2-resources/build/unity_robotics_demo_msgs' returned '0': CMAKE_PREFIX_PATH=${CMAKE_PREFIX_PATH}:/home/zpw/UR3e-ROS2-resources/install/vr_connector:/home/zpw/UR3e-ROS2-resources/install/unity_robotics_demo:/home/zpw/UR3e-ROS2-resources/install/ros_tcp_endpoint:/opt/ros/foxy /usr/bin/cmake --install /home/zpw/UR3e-ROS2-resources/build/unity_robotics_demo_msgs
