[0.021s] Invoking command in '/home/zpw/UR3e-ROS2-resources/build/moveit_visual_tools': AMENT_PREFIX_PATH=/home/zpw/UR3e-ROS2-resources/install/rviz_visual_tools:${AMENT_PREFIX_PATH} CMAKE_PREFIX_PATH=/home/zpw/UR3e-ROS2-resources/install/rviz_visual_tools:/opt/ros/foxy LD_LIBRARY_PATH=/home/zpw/UR3e-ROS2-resources/install/rviz_visual_tools/lib:${LD_LIBRARY_PATH} /usr/bin/cmake --build /home/zpw/UR3e-ROS2-resources/build/moveit_visual_tools -- -j16 -l16
[0.063s] [ 66%] Built target moveit_visual_tools
[0.118s] [100%] Built target moveit_visual_tools_demo
[0.134s] Invoked command in '/home/zpw/UR3e-ROS2-resources/build/moveit_visual_tools' returned '0': AMENT_PREFIX_PATH=/home/zpw/UR3e-ROS2-resources/install/rviz_visual_tools:${AMENT_PREFIX_PATH} CMAKE_PREFIX_PATH=/home/zpw/UR3e-ROS2-resources/install/rviz_visual_tools:/opt/ros/foxy LD_LIBRARY_PATH=/home/zpw/UR3e-ROS2-resources/install/rviz_visual_tools/lib:${LD_LIBRARY_PATH} /usr/bin/cmake --build /home/zpw/UR3e-ROS2-resources/build/moveit_visual_tools -- -j16 -l16
[0.182s] Invoking command in '/home/zpw/UR3e-ROS2-resources/build/moveit_visual_tools': AMENT_PREFIX_PATH=/home/zpw/UR3e-ROS2-resources/install/rviz_visual_tools:${AMENT_PREFIX_PATH} CMAKE_PREFIX_PATH=/home/zpw/UR3e-ROS2-resources/install/rviz_visual_tools:/opt/ros/foxy LD_LIBRARY_PATH=/home/zpw/UR3e-ROS2-resources/install/rviz_visual_tools/lib:${LD_LIBRARY_PATH} /usr/bin/cmake --install /home/zpw/UR3e-ROS2-resources/build/moveit_visual_tools
[0.191s] -- Install configuration: "Release"
[0.192s] -- Execute custom install script
[0.193s] -- Up-to-date symlink: /home/zpw/UR3e-ROS2-resources/install/moveit_visual_tools/share/moveit_visual_tools/environment/library_path.sh
[0.194s] -- Up-to-date symlink: /home/zpw/UR3e-ROS2-resources/install/moveit_visual_tools/share/moveit_visual_tools/environment/library_path.dsv
[0.195s] -- Up-to-date symlink: /home/zpw/UR3e-ROS2-resources/install/moveit_visual_tools/lib/moveit_visual_tools/moveit_visual_tools_demo
[0.196s] -- Up-to-date symlink: /home/zpw/UR3e-ROS2-resources/install/moveit_visual_tools/include/moveit_visual_tools/imarker_end_effector.h
[0.196s] -- Up-to-date symlink: /home/zpw/UR3e-ROS2-resources/install/moveit_visual_tools/include/moveit_visual_tools/imarker_robot_state.h
[0.197s] -- Up-to-date symlink: /home/zpw/UR3e-ROS2-resources/install/moveit_visual_tools/include/moveit_visual_tools/moveit_visual_tools.h
[0.197s] -- Up-to-date symlink: /home/zpw/UR3e-ROS2-resources/install/moveit_visual_tools/share/moveit_visual_tools/launch/demo.rviz
[0.197s] -- Up-to-date symlink: /home/zpw/UR3e-ROS2-resources/install/moveit_visual_tools/share/moveit_visual_tools/launch/demo_rviz.launch.py
[0.198s] -- Up-to-date symlink: /home/zpw/UR3e-ROS2-resources/install/moveit_visual_tools/share/moveit_visual_tools/resources/demo.png
[0.198s] -- Up-to-date symlink: /home/zpw/UR3e-ROS2-resources/install/moveit_visual_tools/share/moveit_visual_tools/resources/demo_mesh.stl
[0.198s] -- Up-to-date symlink: /home/zpw/UR3e-ROS2-resources/install/moveit_visual_tools/share/moveit_visual_tools/resources/rrbot.srdf
[0.199s] -- Up-to-date symlink: /home/zpw/UR3e-ROS2-resources/install/moveit_visual_tools/share/moveit_visual_tools/resources/rrbot.urdf
[0.199s] -- Up-to-date symlink: /home/zpw/UR3e-ROS2-resources/install/moveit_visual_tools/share/moveit_visual_tools/resources/screenshot.png
[0.199s] -- Up-to-date symlink: /home/zpw/UR3e-ROS2-resources/install/moveit_visual_tools/share/ament_index/resource_index/package_run_dependencies/moveit_visual_tools
[0.200s] -- Up-to-date symlink: /home/zpw/UR3e-ROS2-resources/install/moveit_visual_tools/share/ament_index/resource_index/parent_prefix_path/moveit_visual_tools
[0.200s] -- Up-to-date symlink: /home/zpw/UR3e-ROS2-resources/install/moveit_visual_tools/share/moveit_visual_tools/environment/ament_prefix_path.sh
[0.201s] -- Up-to-date symlink: /home/zpw/UR3e-ROS2-resources/install/moveit_visual_tools/share/moveit_visual_tools/environment/ament_prefix_path.dsv
[0.201s] -- Up-to-date symlink: /home/zpw/UR3e-ROS2-resources/install/moveit_visual_tools/share/moveit_visual_tools/environment/path.sh
[0.201s] -- Up-to-date symlink: /home/zpw/UR3e-ROS2-resources/install/moveit_visual_tools/share/moveit_visual_tools/environment/path.dsv
[0.201s] -- Up-to-date symlink: /home/zpw/UR3e-ROS2-resources/install/moveit_visual_tools/share/moveit_visual_tools/local_setup.bash
[0.202s] -- Up-to-date symlink: /home/zpw/UR3e-ROS2-resources/install/moveit_visual_tools/share/moveit_visual_tools/local_setup.sh
[0.202s] -- Up-to-date symlink: /home/zpw/UR3e-ROS2-resources/install/moveit_visual_tools/share/moveit_visual_tools/local_setup.zsh
[0.202s] -- Up-to-date symlink: /home/zpw/UR3e-ROS2-resources/install/moveit_visual_tools/share/moveit_visual_tools/local_setup.dsv
[0.203s] -- Symlinking: /home/zpw/UR3e-ROS2-resources/install/moveit_visual_tools/share/moveit_visual_tools/package.dsv
[0.214s] -- Up-to-date symlink: /home/zpw/UR3e-ROS2-resources/install/moveit_visual_tools/share/ament_index/resource_index/packages/moveit_visual_tools
[0.214s] -- Up-to-date symlink: /home/zpw/UR3e-ROS2-resources/install/moveit_visual_tools/share/moveit_visual_tools/cmake/ament_cmake_export_targets-extras.cmake
[0.214s] -- Up-to-date symlink: /home/zpw/UR3e-ROS2-resources/install/moveit_visual_tools/share/moveit_visual_tools/cmake/ament_cmake_export_dependencies-extras.cmake
[0.214s] -- Up-to-date symlink: /home/zpw/UR3e-ROS2-resources/install/moveit_visual_tools/share/moveit_visual_tools/cmake/moveit_visual_toolsConfig.cmake
[0.215s] -- Up-to-date symlink: /home/zpw/UR3e-ROS2-resources/install/moveit_visual_tools/share/moveit_visual_tools/cmake/moveit_visual_toolsConfig-version.cmake
[0.215s] -- Up-to-date symlink: /home/zpw/UR3e-ROS2-resources/install/moveit_visual_tools/share/moveit_visual_tools/package.xml
[0.216s] -- Up-to-date: /home/zpw/UR3e-ROS2-resources/install/moveit_visual_tools/lib/libmoveit_visual_tools.so
[0.217s] -- Up-to-date: /home/zpw/UR3e-ROS2-resources/install/moveit_visual_tools/share/moveit_visual_tools/cmake/export_moveit_visual_toolsExport.cmake
[0.217s] -- Up-to-date: /home/zpw/UR3e-ROS2-resources/install/moveit_visual_tools/share/moveit_visual_tools/cmake/export_moveit_visual_toolsExport-release.cmake
[0.221s] Invoked command in '/home/zpw/UR3e-ROS2-resources/build/moveit_visual_tools' returned '0': AMENT_PREFIX_PATH=/home/zpw/UR3e-ROS2-resources/install/rviz_visual_tools:${AMENT_PREFIX_PATH} CMAKE_PREFIX_PATH=/home/zpw/UR3e-ROS2-resources/install/rviz_visual_tools:/opt/ros/foxy LD_LIBRARY_PATH=/home/zpw/UR3e-ROS2-resources/install/rviz_visual_tools/lib:${LD_LIBRARY_PATH} /usr/bin/cmake --install /home/zpw/UR3e-ROS2-resources/build/moveit_visual_tools
