[0.030s] Invoking command in '/home/zpw/UR3e-ROS2-resources/build/ur_robot_driver': AMENT_PREFIX_PATH=/home/zpw/UR3e-ROS2-resources/install/ur_controllers:/home/zpw/UR3e-ROS2-resources/install/ur_msgs:/home/zpw/UR3e-ROS2-resources/install/ur_description:/home/zpw/UR3e-ROS2-resources/install/ur_dashboard_msgs:/home/zpw/UR3e-ROS2-resources/install/ur_bringup:${AMENT_PREFIX_PATH} CMAKE_PREFIX_PATH=/home/zpw/UR3e-ROS2-resources/install/ur_controllers:/home/zpw/UR3e-ROS2-resources/install/ur_msgs:/home/zpw/UR3e-ROS2-resources/install/ur_description:/home/zpw/UR3e-ROS2-resources/install/ur_dashboard_msgs:/home/zpw/UR3e-ROS2-resources/install/ur_client_library:/home/zpw/UR3e-ROS2-resources/install/ur_bringup:/opt/ros/foxy LD_LIBRARY_PATH=/home/zpw/UR3e-ROS2-resources/install/ur_controllers/lib:/home/zpw/UR3e-ROS2-resources/install/ur_msgs/lib:/home/zpw/UR3e-ROS2-resources/install/ur_dashboard_msgs/lib:/home/zpw/UR3e-ROS2-resources/install/ur_client_library/lib:${LD_LIBRARY_PATH} PKG_CONFIG_PATH=/home/zpw/UR3e-ROS2-resources/install/ur_client_library/lib/x86_64-linux-gnu/pkgconfig:/home/zpw/UR3e-ROS2-resources/install/ur_client_library/lib/pkgconfig PYTHONPATH=/home/zpw/UR3e-ROS2-resources/install/ur_msgs/lib/python3.8/site-packages:/home/zpw/UR3e-ROS2-resources/install/ur_dashboard_msgs/lib/python3.8/site-packages:${PYTHONPATH} /usr/bin/cmake --build /home/zpw/UR3e-ROS2-resources/build/ur_robot_driver -- -j16 -l16
[0.098s] [ 50%] Built target dashboard_client
[0.102s] [100%] Built target ur_robot_driver_plugin
[0.134s] Invoked command in '/home/zpw/UR3e-ROS2-resources/build/ur_robot_driver' returned '0': AMENT_PREFIX_PATH=/home/zpw/UR3e-ROS2-resources/install/ur_controllers:/home/zpw/UR3e-ROS2-resources/install/ur_msgs:/home/zpw/UR3e-ROS2-resources/install/ur_description:/home/zpw/UR3e-ROS2-resources/install/ur_dashboard_msgs:/home/zpw/UR3e-ROS2-resources/install/ur_bringup:${AMENT_PREFIX_PATH} CMAKE_PREFIX_PATH=/home/zpw/UR3e-ROS2-resources/install/ur_controllers:/home/zpw/UR3e-ROS2-resources/install/ur_msgs:/home/zpw/UR3e-ROS2-resources/install/ur_description:/home/zpw/UR3e-ROS2-resources/install/ur_dashboard_msgs:/home/zpw/UR3e-ROS2-resources/install/ur_client_library:/home/zpw/UR3e-ROS2-resources/install/ur_bringup:/opt/ros/foxy LD_LIBRARY_PATH=/home/zpw/UR3e-ROS2-resources/install/ur_controllers/lib:/home/zpw/UR3e-ROS2-resources/install/ur_msgs/lib:/home/zpw/UR3e-ROS2-resources/install/ur_dashboard_msgs/lib:/home/zpw/UR3e-ROS2-resources/install/ur_client_library/lib:${LD_LIBRARY_PATH} PKG_CONFIG_PATH=/home/zpw/UR3e-ROS2-resources/install/ur_client_library/lib/x86_64-linux-gnu/pkgconfig:/home/zpw/UR3e-ROS2-resources/install/ur_client_library/lib/pkgconfig PYTHONPATH=/home/zpw/UR3e-ROS2-resources/install/ur_msgs/lib/python3.8/site-packages:/home/zpw/UR3e-ROS2-resources/install/ur_dashboard_msgs/lib/python3.8/site-packages:${PYTHONPATH} /usr/bin/cmake --build /home/zpw/UR3e-ROS2-resources/build/ur_robot_driver -- -j16 -l16
[0.169s] Invoking command in '/home/zpw/UR3e-ROS2-resources/build/ur_robot_driver': AMENT_PREFIX_PATH=/home/zpw/UR3e-ROS2-resources/install/ur_controllers:/home/zpw/UR3e-ROS2-resources/install/ur_msgs:/home/zpw/UR3e-ROS2-resources/install/ur_description:/home/zpw/UR3e-ROS2-resources/install/ur_dashboard_msgs:/home/zpw/UR3e-ROS2-resources/install/ur_bringup:${AMENT_PREFIX_PATH} CMAKE_PREFIX_PATH=/home/zpw/UR3e-ROS2-resources/install/ur_controllers:/home/zpw/UR3e-ROS2-resources/install/ur_msgs:/home/zpw/UR3e-ROS2-resources/install/ur_description:/home/zpw/UR3e-ROS2-resources/install/ur_dashboard_msgs:/home/zpw/UR3e-ROS2-resources/install/ur_client_library:/home/zpw/UR3e-ROS2-resources/install/ur_bringup:/opt/ros/foxy LD_LIBRARY_PATH=/home/zpw/UR3e-ROS2-resources/install/ur_controllers/lib:/home/zpw/UR3e-ROS2-resources/install/ur_msgs/lib:/home/zpw/UR3e-ROS2-resources/install/ur_dashboard_msgs/lib:/home/zpw/UR3e-ROS2-resources/install/ur_client_library/lib:${LD_LIBRARY_PATH} PKG_CONFIG_PATH=/home/zpw/UR3e-ROS2-resources/install/ur_client_library/lib/x86_64-linux-gnu/pkgconfig:/home/zpw/UR3e-ROS2-resources/install/ur_client_library/lib/pkgconfig PYTHONPATH=/home/zpw/UR3e-ROS2-resources/install/ur_msgs/lib/python3.8/site-packages:/home/zpw/UR3e-ROS2-resources/install/ur_dashboard_msgs/lib/python3.8/site-packages:${PYTHONPATH} /usr/bin/cmake --install /home/zpw/UR3e-ROS2-resources/build/ur_robot_driver
[0.177s] -- Install configuration: "RelWithDebInfo"
[0.178s] -- Execute custom install script
[0.178s] -- Up-to-date symlink: /home/zpw/UR3e-ROS2-resources/install/ur_robot_driver/share/ur_robot_driver//hardware_interface_plugin.xml
[0.179s] -- Up-to-date symlink: /home/zpw/UR3e-ROS2-resources/install/ur_robot_driver/lib/ur_robot_driver/dashboard_client
[0.179s] -- Up-to-date symlink: /home/zpw/UR3e-ROS2-resources/install/ur_robot_driver/lib/libur_robot_driver_plugin.so
[0.179s] -- Up-to-date symlink: /home/zpw/UR3e-ROS2-resources/install/ur_robot_driver/include/ur_robot_driver/dashboard_client_ros.hpp
[0.179s] -- Up-to-date symlink: /home/zpw/UR3e-ROS2-resources/install/ur_robot_driver/include/ur_robot_driver/hardware_interface.hpp
[0.179s] -- Up-to-date symlink: /home/zpw/UR3e-ROS2-resources/install/ur_robot_driver/include/ur_robot_driver/urcl_log_handler.hpp
[0.180s] -- Up-to-date symlink: /home/zpw/UR3e-ROS2-resources/install/ur_robot_driver/share/ur_robot_driver/environment/library_path.sh
[0.180s] -- Up-to-date symlink: /home/zpw/UR3e-ROS2-resources/install/ur_robot_driver/share/ur_robot_driver/environment/library_path.dsv
[0.181s] -- Up-to-date symlink: /home/zpw/UR3e-ROS2-resources/install/ur_robot_driver/bin/tool_communication
[0.181s] -- Up-to-date symlink: /home/zpw/UR3e-ROS2-resources/install/ur_robot_driver/share/ur_robot_driver/resources/Dockerfile
[0.181s] -- Up-to-date symlink: /home/zpw/UR3e-ROS2-resources/install/ur_robot_driver/share/ur_robot_driver/resources/externalcontrol-1.0.5.urcap
[0.181s] -- Up-to-date symlink: /home/zpw/UR3e-ROS2-resources/install/ur_robot_driver/share/ur_robot_driver/resources/ros_control.urscript
[0.181s] -- Up-to-date symlink: /home/zpw/UR3e-ROS2-resources/install/ur_robot_driver/share/ur_robot_driver/resources/rs485-1.0.urcap
[0.182s] -- Up-to-date symlink: /home/zpw/UR3e-ROS2-resources/install/ur_robot_driver/share/ur_robot_driver/resources/rtde_input_recipe.txt
[0.182s] -- Up-to-date symlink: /home/zpw/UR3e-ROS2-resources/install/ur_robot_driver/share/ur_robot_driver/resources/rtde_output_recipe.txt
[0.182s] -- Up-to-date symlink: /home/zpw/UR3e-ROS2-resources/install/ur_robot_driver/include/ur_robot_driver/dashboard_client_ros.hpp
[0.182s] -- Up-to-date symlink: /home/zpw/UR3e-ROS2-resources/install/ur_robot_driver/include/ur_robot_driver/hardware_interface.hpp
[0.182s] -- Up-to-date symlink: /home/zpw/UR3e-ROS2-resources/install/ur_robot_driver/include/ur_robot_driver/urcl_log_handler.hpp
[0.182s] -- Up-to-date symlink: /home/zpw/UR3e-ROS2-resources/install/ur_robot_driver/share/ament_index/resource_index/package_run_dependencies/ur_robot_driver
[0.183s] -- Up-to-date symlink: /home/zpw/UR3e-ROS2-resources/install/ur_robot_driver/share/ament_index/resource_index/parent_prefix_path/ur_robot_driver
[0.183s] -- Up-to-date symlink: /home/zpw/UR3e-ROS2-resources/install/ur_robot_driver/share/ur_robot_driver/environment/ament_prefix_path.sh
[0.183s] -- Up-to-date symlink: /home/zpw/UR3e-ROS2-resources/install/ur_robot_driver/share/ur_robot_driver/environment/ament_prefix_path.dsv
[0.183s] -- Up-to-date symlink: /home/zpw/UR3e-ROS2-resources/install/ur_robot_driver/share/ur_robot_driver/environment/path.sh
[0.184s] -- Up-to-date symlink: /home/zpw/UR3e-ROS2-resources/install/ur_robot_driver/share/ur_robot_driver/environment/path.dsv
[0.184s] -- Up-to-date symlink: /home/zpw/UR3e-ROS2-resources/install/ur_robot_driver/share/ur_robot_driver/local_setup.bash
[0.184s] -- Up-to-date symlink: /home/zpw/UR3e-ROS2-resources/install/ur_robot_driver/share/ur_robot_driver/local_setup.sh
[0.184s] -- Up-to-date symlink: /home/zpw/UR3e-ROS2-resources/install/ur_robot_driver/share/ur_robot_driver/local_setup.zsh
[0.184s] -- Up-to-date symlink: /home/zpw/UR3e-ROS2-resources/install/ur_robot_driver/share/ur_robot_driver/local_setup.dsv
[0.184s] -- Symlinking: /home/zpw/UR3e-ROS2-resources/install/ur_robot_driver/share/ur_robot_driver/package.dsv
[0.196s] -- Up-to-date symlink: /home/zpw/UR3e-ROS2-resources/install/ur_robot_driver/share/ament_index/resource_index/packages/ur_robot_driver
[0.197s] -- Up-to-date symlink: /home/zpw/UR3e-ROS2-resources/install/ur_robot_driver/share/ament_index/resource_index/hardware_interface__pluginlib__plugin/ur_robot_driver
[0.197s] -- Up-to-date symlink: /home/zpw/UR3e-ROS2-resources/install/ur_robot_driver/share/ur_robot_driver/cmake/ament_cmake_export_include_directories-extras.cmake
[0.197s] -- Up-to-date symlink: /home/zpw/UR3e-ROS2-resources/install/ur_robot_driver/share/ur_robot_driver/cmake/ament_cmake_export_libraries-extras.cmake
[0.197s] -- Up-to-date symlink: /home/zpw/UR3e-ROS2-resources/install/ur_robot_driver/share/ur_robot_driver/cmake/ament_cmake_export_dependencies-extras.cmake
[0.198s] -- Up-to-date symlink: /home/zpw/UR3e-ROS2-resources/install/ur_robot_driver/share/ur_robot_driver/cmake/ur_robot_driverConfig.cmake
[0.198s] -- Up-to-date symlink: /home/zpw/UR3e-ROS2-resources/install/ur_robot_driver/share/ur_robot_driver/cmake/ur_robot_driverConfig-version.cmake
[0.198s] -- Up-to-date symlink: /home/zpw/UR3e-ROS2-resources/install/ur_robot_driver/share/ur_robot_driver/package.xml
[0.202s] Invoked command in '/home/zpw/UR3e-ROS2-resources/build/ur_robot_driver' returned '0': AMENT_PREFIX_PATH=/home/zpw/UR3e-ROS2-resources/install/ur_controllers:/home/zpw/UR3e-ROS2-resources/install/ur_msgs:/home/zpw/UR3e-ROS2-resources/install/ur_description:/home/zpw/UR3e-ROS2-resources/install/ur_dashboard_msgs:/home/zpw/UR3e-ROS2-resources/install/ur_bringup:${AMENT_PREFIX_PATH} CMAKE_PREFIX_PATH=/home/zpw/UR3e-ROS2-resources/install/ur_controllers:/home/zpw/UR3e-ROS2-resources/install/ur_msgs:/home/zpw/UR3e-ROS2-resources/install/ur_description:/home/zpw/UR3e-ROS2-resources/install/ur_dashboard_msgs:/home/zpw/UR3e-ROS2-resources/install/ur_client_library:/home/zpw/UR3e-ROS2-resources/install/ur_bringup:/opt/ros/foxy LD_LIBRARY_PATH=/home/zpw/UR3e-ROS2-resources/install/ur_controllers/lib:/home/zpw/UR3e-ROS2-resources/install/ur_msgs/lib:/home/zpw/UR3e-ROS2-resources/install/ur_dashboard_msgs/lib:/home/zpw/UR3e-ROS2-resources/install/ur_client_library/lib:${LD_LIBRARY_PATH} PKG_CONFIG_PATH=/home/zpw/UR3e-ROS2-resources/install/ur_client_library/lib/x86_64-linux-gnu/pkgconfig:/home/zpw/UR3e-ROS2-resources/install/ur_client_library/lib/pkgconfig PYTHONPATH=/home/zpw/UR3e-ROS2-resources/install/ur_msgs/lib/python3.8/site-packages:/home/zpw/UR3e-ROS2-resources/install/ur_dashboard_msgs/lib/python3.8/site-packages:${PYTHONPATH} /usr/bin/cmake --install /home/zpw/UR3e-ROS2-resources/build/ur_robot_driver
