[0.109s] Invoking command in '/home/zpw/UR3e-ROS2-resources/build/rviz_visual_tools': CMAKE_PREFIX_PATH=${CMAKE_PREFIX_PATH}:/home/zpw/UR3e-ROS2-resources/install/vr_connector:/opt/ros/foxy /usr/bin/cmake --build /home/zpw/UR3e-ROS2-resources/build/rviz_visual_tools -- -j16 -l16
[1.830s] [  7%] [34m[1mAutomatic MOC for target rviz_visual_tools_remote_control[0m
[1.830s] [  7%] [34m[1mAutomatic MOC for target gtest[0m
[1.830s] [  7%] [34m[1mAutomatic MOC for target gtest_main[0m
[1.830s] [ 10%] [34m[1mAutomatic MOC for target rviz_visual_tools_gui[0m
[1.831s] [ 10%] Built target rviz_visual_tools_gui_autogen
[1.832s] [ 10%] Built target gtest_autogen
[1.832s] [ 10%] Built target rviz_visual_tools_remote_control_autogen
[1.832s] [ 10%] Built target gtest_main_autogen
[1.833s] [ 17%] Built target gtest
[1.833s] [ 25%] Built target gtest_main
[1.834s] [ 33%] Built target rviz_visual_tools_remote_control
[1.834s] [ 46%] Built target rviz_visual_tools_gui
[1.834s] [ 48%] [34m[1mAutomatic MOC for target rviz_visual_tools[0m
[1.834s] [ 48%] Built target rviz_visual_tools_autogen
[1.834s] [ 58%] Built target rviz_visual_tools
[1.834s] [ 61%] [34m[1mAutomatic MOC for target rviz_visual_tools_demo[0m
[1.835s] [ 64%] [34m[1mAutomatic MOC for target rviz_visual_tools_rvt_test[0m
[1.835s] [ 66%] [34m[1mAutomatic MOC for target rviz_visual_tools_imarker_simple[0m
[1.836s] [ 66%] Built target rviz_visual_tools_imarker_simple_autogen
[1.836s] [ 66%] Built target rviz_visual_tools_demo_autogen
[1.836s] [ 66%] Built target rviz_visual_tools_rvt_test_autogen
[1.836s] [ 74%] Built target rviz_visual_tools_imarker_simple
[1.836s] [ 82%] Built target rviz_visual_tools_rvt_test
[1.837s] [ 89%] Built target rviz_visual_tools_demo
[1.838s] [ 92%] [34m[1mAutomatic MOC for target rviz_visual_tools_imarker_simple_demo[0m
[1.890s] [ 92%] Built target rviz_visual_tools_imarker_simple_demo_autogen
[2.046s] [100%] Built target rviz_visual_tools_imarker_simple_demo
[2.354s] Invoked command in '/home/zpw/UR3e-ROS2-resources/build/rviz_visual_tools' returned '0': CMAKE_PREFIX_PATH=${CMAKE_PREFIX_PATH}:/home/zpw/UR3e-ROS2-resources/install/vr_connector:/opt/ros/foxy /usr/bin/cmake --build /home/zpw/UR3e-ROS2-resources/build/rviz_visual_tools -- -j16 -l16
[3.009s] Invoking command in '/home/zpw/UR3e-ROS2-resources/build/rviz_visual_tools': CMAKE_PREFIX_PATH=${CMAKE_PREFIX_PATH}:/home/zpw/UR3e-ROS2-resources/install/vr_connector:/opt/ros/foxy /usr/bin/cmake --install /home/zpw/UR3e-ROS2-resources/build/rviz_visual_tools
[3.242s] -- Install configuration: ""
[3.242s] -- Execute custom install script
[3.242s] -- Up-to-date symlink: /home/zpw/UR3e-ROS2-resources/install/rviz_visual_tools/share/rviz_visual_tools//plugin_description.xml
[3.242s] -- Up-to-date symlink: /home/zpw/UR3e-ROS2-resources/install/rviz_visual_tools/lib/rviz_visual_tools/rviz_visual_tools_demo
[3.242s] -- Up-to-date symlink: /home/zpw/UR3e-ROS2-resources/install/rviz_visual_tools/lib/rviz_visual_tools/rviz_visual_tools_imarker_simple_demo
[3.242s] -- Up-to-date symlink: /home/zpw/UR3e-ROS2-resources/install/rviz_visual_tools/include/rviz_visual_tools/imarker_simple.hpp
[3.243s] -- Up-to-date symlink: /home/zpw/UR3e-ROS2-resources/install/rviz_visual_tools/include/rviz_visual_tools/key_tool.hpp
[3.255s] -- Up-to-date symlink: /home/zpw/UR3e-ROS2-resources/install/rviz_visual_tools/include/rviz_visual_tools/remote_control.hpp
[3.256s] -- Up-to-date symlink: /home/zpw/UR3e-ROS2-resources/install/rviz_visual_tools/include/rviz_visual_tools/remote_reciever.hpp
[3.256s] -- Up-to-date symlink: /home/zpw/UR3e-ROS2-resources/install/rviz_visual_tools/include/rviz_visual_tools/rviz_visual_tools.hpp
[3.256s] -- Up-to-date symlink: /home/zpw/UR3e-ROS2-resources/install/rviz_visual_tools/include/rviz_visual_tools/rviz_visual_tools_gui.hpp
[3.257s] -- Up-to-date symlink: /home/zpw/UR3e-ROS2-resources/install/rviz_visual_tools/include/rviz_visual_tools/tf_visual_tools.hpp
[3.258s] -- Up-to-date symlink: /home/zpw/UR3e-ROS2-resources/install/rviz_visual_tools/share/rviz_visual_tools/launch/demo.rviz
[3.260s] -- Up-to-date symlink: /home/zpw/UR3e-ROS2-resources/install/rviz_visual_tools/share/rviz_visual_tools/launch/demo_combined.launch.py
[3.261s] -- Up-to-date symlink: /home/zpw/UR3e-ROS2-resources/install/rviz_visual_tools/share/rviz_visual_tools/launch/demo_rviz.launch.py
[3.262s] -- Up-to-date symlink: /home/zpw/UR3e-ROS2-resources/install/rviz_visual_tools/share/rviz_visual_tools/launch/rvt_test.launch
[3.263s] -- Up-to-date symlink: /home/zpw/UR3e-ROS2-resources/install/rviz_visual_tools/share/rviz_visual_tools/environment/library_path.sh
[3.265s] -- Up-to-date symlink: /home/zpw/UR3e-ROS2-resources/install/rviz_visual_tools/share/rviz_visual_tools/environment/library_path.dsv
[3.269s] -- Up-to-date symlink: /home/zpw/UR3e-ROS2-resources/install/rviz_visual_tools/share/ament_index/resource_index/package_run_dependencies/rviz_visual_tools
[3.270s] -- Up-to-date symlink: /home/zpw/UR3e-ROS2-resources/install/rviz_visual_tools/share/ament_index/resource_index/parent_prefix_path/rviz_visual_tools
[3.270s] -- Up-to-date symlink: /home/zpw/UR3e-ROS2-resources/install/rviz_visual_tools/share/rviz_visual_tools/environment/ament_prefix_path.sh
[3.270s] -- Up-to-date symlink: /home/zpw/UR3e-ROS2-resources/install/rviz_visual_tools/share/rviz_visual_tools/environment/ament_prefix_path.dsv
[3.273s] -- Up-to-date symlink: /home/zpw/UR3e-ROS2-resources/install/rviz_visual_tools/share/rviz_visual_tools/environment/path.sh
[3.278s] -- Up-to-date symlink: /home/zpw/UR3e-ROS2-resources/install/rviz_visual_tools/share/rviz_visual_tools/environment/path.dsv
[3.281s] -- Up-to-date symlink: /home/zpw/UR3e-ROS2-resources/install/rviz_visual_tools/share/rviz_visual_tools/local_setup.bash
[3.282s] -- Up-to-date symlink: /home/zpw/UR3e-ROS2-resources/install/rviz_visual_tools/share/rviz_visual_tools/local_setup.sh
[3.283s] -- Up-to-date symlink: /home/zpw/UR3e-ROS2-resources/install/rviz_visual_tools/share/rviz_visual_tools/local_setup.zsh
[3.285s] -- Up-to-date symlink: /home/zpw/UR3e-ROS2-resources/install/rviz_visual_tools/share/rviz_visual_tools/local_setup.dsv
[3.285s] -- Symlinking: /home/zpw/UR3e-ROS2-resources/install/rviz_visual_tools/share/rviz_visual_tools/package.dsv
[3.285s] -- Up-to-date symlink: /home/zpw/UR3e-ROS2-resources/install/rviz_visual_tools/share/ament_index/resource_index/packages/rviz_visual_tools
[3.286s] -- Up-to-date symlink: /home/zpw/UR3e-ROS2-resources/install/rviz_visual_tools/share/ament_index/resource_index/rviz_common__pluginlib__plugin/rviz_visual_tools
[3.286s] -- Up-to-date symlink: /home/zpw/UR3e-ROS2-resources/install/rviz_visual_tools/share/rviz_visual_tools/cmake/ament_cmake_export_dependencies-extras.cmake
[3.291s] -- Up-to-date symlink: /home/zpw/UR3e-ROS2-resources/install/rviz_visual_tools/share/rviz_visual_tools/cmake/ament_cmake_export_include_directories-extras.cmake
[3.300s] -- Up-to-date symlink: /home/zpw/UR3e-ROS2-resources/install/rviz_visual_tools/share/rviz_visual_tools/cmake/ament_cmake_export_libraries-extras.cmake
[3.300s] -- Up-to-date symlink: /home/zpw/UR3e-ROS2-resources/install/rviz_visual_tools/share/rviz_visual_tools/cmake/rviz_visual_toolsConfig.cmake
[3.302s] -- Up-to-date symlink: /home/zpw/UR3e-ROS2-resources/install/rviz_visual_tools/share/rviz_visual_tools/cmake/rviz_visual_toolsConfig-version.cmake
[3.305s] -- Up-to-date symlink: /home/zpw/UR3e-ROS2-resources/install/rviz_visual_tools/share/rviz_visual_tools/package.xml
[3.307s] -- Up-to-date: /home/zpw/UR3e-ROS2-resources/install/rviz_visual_tools/lib/librviz_visual_tools.so
[3.310s] -- Up-to-date: /home/zpw/UR3e-ROS2-resources/install/rviz_visual_tools/lib/librviz_visual_tools_remote_control.so
[3.313s] -- Up-to-date: /home/zpw/UR3e-ROS2-resources/install/rviz_visual_tools/lib/librviz_visual_tools_gui.so
[3.313s] -- Up-to-date: /home/zpw/UR3e-ROS2-resources/install/rviz_visual_tools/lib/librviz_visual_tools_imarker_simple.so
[3.487s] Invoked command in '/home/zpw/UR3e-ROS2-resources/build/rviz_visual_tools' returned '0': CMAKE_PREFIX_PATH=${CMAKE_PREFIX_PATH}:/home/zpw/UR3e-ROS2-resources/install/vr_connector:/opt/ros/foxy /usr/bin/cmake --install /home/zpw/UR3e-ROS2-resources/build/rviz_visual_tools
