[1.688s] Invoking command in '/home/zpw/UR3e-ROS2-resources/src/vr_connector': PYTHONPATH=/home/zpw/UR3e-ROS2-resources/install/vr_connector/lib/python3.8/site-packages:${PYTHONPATH} /usr/bin/python3 setup.py egg_info --egg-base ../../build/vr_connector build --build-base /home/zpw/UR3e-ROS2-resources/build/vr_connector/build install --prefix /home/zpw/UR3e-ROS2-resources/install/vr_connector --record /home/zpw/UR3e-ROS2-resources/build/vr_connector/install.log --single-version-externally-managed
[1.983s] running egg_info
[1.983s] writing ../../build/vr_connector/vr_connector.egg-info/PKG-INFO
[1.983s] writing dependency_links to ../../build/vr_connector/vr_connector.egg-info/dependency_links.txt
[1.983s] writing entry points to ../../build/vr_connector/vr_connector.egg-info/entry_points.txt
[1.983s] writing requirements to ../../build/vr_connector/vr_connector.egg-info/requires.txt
[1.983s] writing top-level names to ../../build/vr_connector/vr_connector.egg-info/top_level.txt
[2.031s] reading manifest file '../../build/vr_connector/vr_connector.egg-info/SOURCES.txt'
[2.032s] writing manifest file '../../build/vr_connector/vr_connector.egg-info/SOURCES.txt'
[2.034s] running build
[2.034s] running build_py
[2.035s] copying vr_connector/vr_receiver.py -> /home/zpw/UR3e-ROS2-resources/build/vr_connector/build/lib/vr_connector
[2.035s] running install
[2.035s] running install_lib
[2.036s] copying /home/zpw/UR3e-ROS2-resources/build/vr_connector/build/lib/vr_connector/vr_receiver.py -> /home/zpw/UR3e-ROS2-resources/install/vr_connector/lib/python3.8/site-packages/vr_connector
[2.043s] byte-compiling /home/zpw/UR3e-ROS2-resources/install/vr_connector/lib/python3.8/site-packages/vr_connector/vr_receiver.py to vr_receiver.cpython-38.pyc
[2.043s] running install_data
[2.043s] running install_egg_info
[2.044s] removing '/home/zpw/UR3e-ROS2-resources/install/vr_connector/lib/python3.8/site-packages/vr_connector-0.0.0-py3.8.egg-info' (and everything under it)
[2.044s] Copying ../../build/vr_connector/vr_connector.egg-info to /home/zpw/UR3e-ROS2-resources/install/vr_connector/lib/python3.8/site-packages/vr_connector-0.0.0-py3.8.egg-info
[2.044s] running install_scripts
[2.067s] Installing listener script to /home/zpw/UR3e-ROS2-resources/install/vr_connector/lib/vr_connector
[2.068s] Installing talker script to /home/zpw/UR3e-ROS2-resources/install/vr_connector/lib/vr_connector
[2.068s] writing list of installed files to '/home/zpw/UR3e-ROS2-resources/build/vr_connector/install.log'
[2.114s] Invoked command in '/home/zpw/UR3e-ROS2-resources/src/vr_connector' returned '0': PYTHONPATH=/home/zpw/UR3e-ROS2-resources/install/vr_connector/lib/python3.8/site-packages:${PYTHONPATH} /usr/bin/python3 setup.py egg_info --egg-base ../../build/vr_connector build --build-base /home/zpw/UR3e-ROS2-resources/build/vr_connector/build install --prefix /home/zpw/UR3e-ROS2-resources/install/vr_connector --record /home/zpw/UR3e-ROS2-resources/build/vr_connector/install.log --single-version-externally-managed
