[3.428s] Invoking command in '/home/zpw/UR3e-ROS2-resources/src/unity_robotics_demo': PYTHONPATH=/home/zpw/UR3e-ROS2-resources/install/unity_robotics_demo/lib/python3.8/site-packages:${PYTHONPATH} /usr/bin/python3 setup.py egg_info --egg-base ../../build/unity_robotics_demo build --build-base /home/zpw/UR3e-ROS2-resources/build/unity_robotics_demo/build install --prefix /home/zpw/UR3e-ROS2-resources/install/unity_robotics_demo --record /home/zpw/UR3e-ROS2-resources/build/unity_robotics_demo/install.log --single-version-externally-managed
[4.100s] running egg_info
[4.101s] writing ../../build/unity_robotics_demo/unity_robotics_demo.egg-info/PKG-INFO
[4.101s] writing dependency_links to ../../build/unity_robotics_demo/unity_robotics_demo.egg-info/dependency_links.txt
[4.101s] writing entry points to ../../build/unity_robotics_demo/unity_robotics_demo.egg-info/entry_points.txt
[4.106s] writing requirements to ../../build/unity_robotics_demo/unity_robotics_demo.egg-info/requires.txt
[4.116s] writing top-level names to ../../build/unity_robotics_demo/unity_robotics_demo.egg-info/top_level.txt
[4.314s] reading manifest file '../../build/unity_robotics_demo/unity_robotics_demo.egg-info/SOURCES.txt'
[4.320s] writing manifest file '../../build/unity_robotics_demo/unity_robotics_demo.egg-info/SOURCES.txt'
[4.320s] running build
[4.321s] running build_py
[4.321s] running install
[4.321s] running install_lib
[4.327s] running install_data
[4.329s] running install_egg_info
[4.339s] removing '/home/zpw/UR3e-ROS2-resources/install/unity_robotics_demo/lib/python3.8/site-packages/unity_robotics_demo-0.0.1-py3.8.egg-info' (and everything under it)
[4.339s] Copying ../../build/unity_robotics_demo/unity_robotics_demo.egg-info to /home/zpw/UR3e-ROS2-resources/install/unity_robotics_demo/lib/python3.8/site-packages/unity_robotics_demo-0.0.1-py3.8.egg-info
[4.340s] running install_scripts
[4.372s] Installing color_publisher script to /home/zpw/UR3e-ROS2-resources/install/unity_robotics_demo/lib/unity_robotics_demo
[4.372s] Installing position_service script to /home/zpw/UR3e-ROS2-resources/install/unity_robotics_demo/lib/unity_robotics_demo
[4.372s] writing list of installed files to '/home/zpw/UR3e-ROS2-resources/build/unity_robotics_demo/install.log'
[4.513s] Invoked command in '/home/zpw/UR3e-ROS2-resources/src/unity_robotics_demo' returned '0': PYTHONPATH=/home/zpw/UR3e-ROS2-resources/install/unity_robotics_demo/lib/python3.8/site-packages:${PYTHONPATH} /usr/bin/python3 setup.py egg_info --egg-base ../../build/unity_robotics_demo build --build-base /home/zpw/UR3e-ROS2-resources/build/unity_robotics_demo/build install --prefix /home/zpw/UR3e-ROS2-resources/install/unity_robotics_demo --record /home/zpw/UR3e-ROS2-resources/build/unity_robotics_demo/install.log --single-version-externally-managed
