[0.216s] Invoking command in '/home/zpw/UR3e-ROS2-resources/build/ur_client_library': CMAKE_PREFIX_PATH=${CMAKE_PREFIX_PATH}:/home/zpw/UR3e-ROS2-resources/install/vr_connector:/home/zpw/UR3e-ROS2-resources/install/unity_robotics_demo:/home/zpw/UR3e-ROS2-resources/install/ros_tcp_endpoint:/opt/ros/foxy /usr/bin/cmake --build /home/zpw/UR3e-ROS2-resources/build/ur_client_library -- -j16 -l16
[2.940s] [ 82%] Built target urcl
[2.941s] [ 88%] Built target rtde_client_example
[2.942s] [ 94%] Built target primary_pipeline_example
[2.950s] [100%] Built target driver_example
[3.108s] Invoked command in '/home/zpw/UR3e-ROS2-resources/build/ur_client_library' returned '0': CMAKE_PREFIX_PATH=${CMAKE_PREFIX_PATH}:/home/zpw/UR3e-ROS2-resources/install/vr_connector:/home/zpw/UR3e-ROS2-resources/install/unity_robotics_demo:/home/zpw/UR3e-ROS2-resources/install/ros_tcp_endpoint:/opt/ros/foxy /usr/bin/cmake --build /home/zpw/UR3e-ROS2-resources/build/ur_client_library -- -j16 -l16
[3.787s] Invoking command in '/home/zpw/UR3e-ROS2-resources/build/ur_client_library': CMAKE_PREFIX_PATH=${CMAKE_PREFIX_PATH}:/home/zpw/UR3e-ROS2-resources/install/vr_connector:/home/zpw/UR3e-ROS2-resources/install/unity_robotics_demo:/home/zpw/UR3e-ROS2-resources/install/ros_tcp_endpoint:/opt/ros/foxy /usr/bin/cmake --install /home/zpw/UR3e-ROS2-resources/build/ur_client_library
[4.024s] -- Install configuration: "RelWithDebInfo"
[4.025s] -- Up-to-date: /home/zpw/UR3e-ROS2-resources/install/ur_client_library/lib/liburcl.so
[4.032s] -- Up-to-date: /home/zpw/UR3e-ROS2-resources/install/ur_client_library/include
[4.037s] -- Up-to-date: /home/zpw/UR3e-ROS2-resources/install/ur_client_library/include/ur_client_library
[4.038s] -- Up-to-date: /home/zpw/UR3e-ROS2-resources/install/ur_client_library/include/ur_client_library/log.h
[4.039s] -- Up-to-date: /home/zpw/UR3e-ROS2-resources/install/ur_client_library/include/ur_client_library/types.h
[4.041s] -- Up-to-date: /home/zpw/UR3e-ROS2-resources/install/ur_client_library/include/ur_client_library/ur
[4.045s] -- Up-to-date: /home/zpw/UR3e-ROS2-resources/install/ur_client_library/include/ur_client_library/ur/tool_communication.h
[4.053s] -- Up-to-date: /home/zpw/UR3e-ROS2-resources/install/ur_client_library/include/ur_client_library/ur/datatypes.h
[4.054s] -- Up-to-date: /home/zpw/UR3e-ROS2-resources/install/ur_client_library/include/ur_client_library/ur/version_information.h
[4.055s] -- Up-to-date: /home/zpw/UR3e-ROS2-resources/install/ur_client_library/include/ur_client_library/ur/dashboard_client.h
[4.062s] -- Up-to-date: /home/zpw/UR3e-ROS2-resources/install/ur_client_library/include/ur_client_library/ur/calibration_checker.h
[4.062s] -- Up-to-date: /home/zpw/UR3e-ROS2-resources/install/ur_client_library/include/ur_client_library/ur/ur_driver.h
[4.062s] -- Up-to-date: /home/zpw/UR3e-ROS2-resources/install/ur_client_library/include/ur_client_library/control
[4.062s] -- Up-to-date: /home/zpw/UR3e-ROS2-resources/install/ur_client_library/include/ur_client_library/control/script_sender.h
[4.062s] -- Up-to-date: /home/zpw/UR3e-ROS2-resources/install/ur_client_library/include/ur_client_library/control/reverse_interface.h
[4.062s] -- Up-to-date: /home/zpw/UR3e-ROS2-resources/install/ur_client_library/include/ur_client_library/control/trajectory_point_interface.h
[4.062s] -- Up-to-date: /home/zpw/UR3e-ROS2-resources/install/ur_client_library/include/ur_client_library/comm
[4.062s] -- Up-to-date: /home/zpw/UR3e-ROS2-resources/install/ur_client_library/include/ur_client_library/comm/tcp_socket.h
[4.063s] -- Up-to-date: /home/zpw/UR3e-ROS2-resources/install/ur_client_library/include/ur_client_library/comm/bin_parser.h
[4.066s] -- Up-to-date: /home/zpw/UR3e-ROS2-resources/install/ur_client_library/include/ur_client_library/comm/parser.h
[4.067s] -- Up-to-date: /home/zpw/UR3e-ROS2-resources/install/ur_client_library/include/ur_client_library/comm/package.h
[4.068s] -- Up-to-date: /home/zpw/UR3e-ROS2-resources/install/ur_client_library/include/ur_client_library/comm/producer.h
[4.069s] -- Up-to-date: /home/zpw/UR3e-ROS2-resources/install/ur_client_library/include/ur_client_library/comm/package_serializer.h
[4.070s] -- Up-to-date: /home/zpw/UR3e-ROS2-resources/install/ur_client_library/include/ur_client_library/comm/pipeline.h
[4.072s] -- Up-to-date: /home/zpw/UR3e-ROS2-resources/install/ur_client_library/include/ur_client_library/comm/tcp_server.h
[4.073s] -- Up-to-date: /home/zpw/UR3e-ROS2-resources/install/ur_client_library/include/ur_client_library/comm/shell_consumer.h
[4.073s] -- Up-to-date: /home/zpw/UR3e-ROS2-resources/install/ur_client_library/include/ur_client_library/comm/stream.h
[4.074s] -- Up-to-date: /home/zpw/UR3e-ROS2-resources/install/ur_client_library/include/ur_client_library/comm/control_mode.h
[4.077s] -- Up-to-date: /home/zpw/UR3e-ROS2-resources/install/ur_client_library/include/ur_client_library/primary
[4.079s] -- Up-to-date: /home/zpw/UR3e-ROS2-resources/install/ur_client_library/include/ur_client_library/primary/robot_message.h
[4.081s] -- Up-to-date: /home/zpw/UR3e-ROS2-resources/install/ur_client_library/include/ur_client_library/primary/abstract_primary_consumer.h
[4.083s] -- Up-to-date: /home/zpw/UR3e-ROS2-resources/install/ur_client_library/include/ur_client_library/primary/robot_message
[4.085s] -- Up-to-date: /home/zpw/UR3e-ROS2-resources/install/ur_client_library/include/ur_client_library/primary/robot_message/version_message.h
[4.086s] -- Up-to-date: /home/zpw/UR3e-ROS2-resources/install/ur_client_library/include/ur_client_library/primary/primary_parser.h
[4.087s] -- Up-to-date: /home/zpw/UR3e-ROS2-resources/install/ur_client_library/include/ur_client_library/primary/package_header.h
[4.089s] -- Up-to-date: /home/zpw/UR3e-ROS2-resources/install/ur_client_library/include/ur_client_library/primary/robot_state
[4.090s] -- Up-to-date: /home/zpw/UR3e-ROS2-resources/install/ur_client_library/include/ur_client_library/primary/robot_state/kinematics_info.h
[4.092s] -- Up-to-date: /home/zpw/UR3e-ROS2-resources/install/ur_client_library/include/ur_client_library/primary/primary_package.h
[4.092s] -- Up-to-date: /home/zpw/UR3e-ROS2-resources/install/ur_client_library/include/ur_client_library/primary/robot_state.h
[4.092s] -- Up-to-date: /home/zpw/UR3e-ROS2-resources/install/ur_client_library/include/ur_client_library/exceptions.h
[4.092s] -- Up-to-date: /home/zpw/UR3e-ROS2-resources/install/ur_client_library/include/ur_client_library/default_log_handler.h
[4.092s] -- Up-to-date: /home/zpw/UR3e-ROS2-resources/install/ur_client_library/include/ur_client_library/queue
[4.092s] -- Up-to-date: /home/zpw/UR3e-ROS2-resources/install/ur_client_library/include/ur_client_library/queue/readerwriterqueue.h
[4.092s] -- Up-to-date: /home/zpw/UR3e-ROS2-resources/install/ur_client_library/include/ur_client_library/queue/LICENSE.md
[4.092s] -- Up-to-date: /home/zpw/UR3e-ROS2-resources/install/ur_client_library/include/ur_client_library/queue/atomicops.h
[4.092s] -- Up-to-date: /home/zpw/UR3e-ROS2-resources/install/ur_client_library/include/ur_client_library/rtde
[4.092s] -- Up-to-date: /home/zpw/UR3e-ROS2-resources/install/ur_client_library/include/ur_client_library/rtde/control_package_setup_inputs.h
[4.092s] -- Up-to-date: /home/zpw/UR3e-ROS2-resources/install/ur_client_library/include/ur_client_library/rtde/text_message.h
[4.092s] -- Up-to-date: /home/zpw/UR3e-ROS2-resources/install/ur_client_library/include/ur_client_library/rtde/control_package_setup_outputs.h
[4.093s] -- Up-to-date: /home/zpw/UR3e-ROS2-resources/install/ur_client_library/include/ur_client_library/rtde/get_urcontrol_version.h
[4.093s] -- Up-to-date: /home/zpw/UR3e-ROS2-resources/install/ur_client_library/include/ur_client_library/rtde/rtde_parser.h
[4.093s] -- Up-to-date: /home/zpw/UR3e-ROS2-resources/install/ur_client_library/include/ur_client_library/rtde/rtde_client.h
[4.094s] -- Up-to-date: /home/zpw/UR3e-ROS2-resources/install/ur_client_library/include/ur_client_library/rtde/control_package_start.h
[4.094s] -- Up-to-date: /home/zpw/UR3e-ROS2-resources/install/ur_client_library/include/ur_client_library/rtde/data_package.h
[4.095s] -- Up-to-date: /home/zpw/UR3e-ROS2-resources/install/ur_client_library/include/ur_client_library/rtde/package_header.h
[4.100s] -- Up-to-date: /home/zpw/UR3e-ROS2-resources/install/ur_client_library/include/ur_client_library/rtde/rtde_package.h
[4.101s] -- Up-to-date: /home/zpw/UR3e-ROS2-resources/install/ur_client_library/include/ur_client_library/rtde/control_package_pause.h
[4.105s] -- Up-to-date: /home/zpw/UR3e-ROS2-resources/install/ur_client_library/include/ur_client_library/rtde/rtde_writer.h
[4.107s] -- Up-to-date: /home/zpw/UR3e-ROS2-resources/install/ur_client_library/include/ur_client_library/rtde/request_protocol_version.h
[4.107s] -- Up-to-date: /home/zpw/UR3e-ROS2-resources/install/ur_client_library/lib/cmake/ur_client_library/urclTargets.cmake
[4.107s] -- Up-to-date: /home/zpw/UR3e-ROS2-resources/install/ur_client_library/lib/cmake/ur_client_library/urclTargets-relwithdebinfo.cmake
[4.107s] -- Up-to-date: /home/zpw/UR3e-ROS2-resources/install/ur_client_library/lib/cmake/ur_client_library/ur_client_libraryConfig.cmake
[4.122s] -- Up-to-date: /home/zpw/UR3e-ROS2-resources/install/ur_client_library/share/ur_client_library/package.xml
[4.122s] -- Up-to-date: /home/zpw/UR3e-ROS2-resources/install/ur_client_library/share/ament_index/resource_index/packages/ur_client_library
[4.122s] -- Up-to-date: /home/zpw/UR3e-ROS2-resources/install/ur_client_library/share/ur_client_library/hook/ament_prefix_path.dsv
[4.122s] -- Up-to-date: /home/zpw/UR3e-ROS2-resources/install/ur_client_library/share/ur_client_library/hook/ros_package_path.dsv
[4.126s] -- Up-to-date: /home/zpw/UR3e-ROS2-resources/install/ur_client_library/share/ur_client_library/resources
[4.131s] -- Up-to-date: /home/zpw/UR3e-ROS2-resources/install/ur_client_library/share/ur_client_library/resources/external_control.urscript
[4.226s] Invoked command in '/home/zpw/UR3e-ROS2-resources/build/ur_client_library' returned '0': CMAKE_PREFIX_PATH=${CMAKE_PREFIX_PATH}:/home/zpw/UR3e-ROS2-resources/install/vr_connector:/home/zpw/UR3e-ROS2-resources/install/unity_robotics_demo:/home/zpw/UR3e-ROS2-resources/install/ros_tcp_endpoint:/opt/ros/foxy /usr/bin/cmake --install /home/zpw/UR3e-ROS2-resources/build/ur_client_library
