[0.132s] Invoking command in '/home/zpw/UR3e-ROS2-resources/build/ur_msgs': CMAKE_PREFIX_PATH=${CMAKE_PREFIX_PATH}:/home/zpw/UR3e-ROS2-resources/install/vr_connector:/home/zpw/UR3e-ROS2-resources/install/unity_robotics_demo:/home/zpw/UR3e-ROS2-resources/install/ros_tcp_endpoint:/opt/ros/foxy /usr/bin/cmake --build /home/zpw/UR3e-ROS2-resources/build/ur_msgs -- -j16 -l16
[1.027s] [  0%] Built target ur_msgs__cpp
[1.027s] [ 12%] Built target ur_msgs__rosidl_generator_c
[1.028s] [ 51%] Built target ur_msgs__rosidl_typesupport_cpp
[1.028s] [ 57%] Built target ur_msgs__rosidl_typesupport_fastrtps_cpp
[1.028s] [ 58%] Built target ur_msgs__rosidl_typesupport_introspection_c
[1.029s] [ 59%] Built target ur_msgs__rosidl_typesupport_introspection_cpp
[1.030s] [ 70%] Built target ur_msgs__rosidl_typesupport_c
[1.031s] [ 82%] Built target ur_msgs__rosidl_typesupport_fastrtps_c
[1.031s] [ 82%] Built target ur_msgs
[1.031s] [ 83%] Built target ur_msgs__py
[1.032s] [ 94%] Built target ur_msgs__python
[1.033s] [ 98%] Built target ur_msgs__rosidl_typesupport_fastrtps_c__pyext
[1.034s] [ 98%] Built target ur_msgs__rosidl_typesupport_introspection_c__pyext
[1.034s] [100%] Built target ur_msgs__rosidl_typesupport_c__pyext
[1.069s] Invoked command in '/home/zpw/UR3e-ROS2-resources/build/ur_msgs' returned '0': CMAKE_PREFIX_PATH=${CMAKE_PREFIX_PATH}:/home/zpw/UR3e-ROS2-resources/install/vr_connector:/home/zpw/UR3e-ROS2-resources/install/unity_robotics_demo:/home/zpw/UR3e-ROS2-resources/install/ros_tcp_endpoint:/opt/ros/foxy /usr/bin/cmake --build /home/zpw/UR3e-ROS2-resources/build/ur_msgs -- -j16 -l16
[1.340s] Invoking command in '/home/zpw/UR3e-ROS2-resources/build/ur_msgs': CMAKE_PREFIX_PATH=${CMAKE_PREFIX_PATH}:/home/zpw/UR3e-ROS2-resources/install/vr_connector:/home/zpw/UR3e-ROS2-resources/install/unity_robotics_demo:/home/zpw/UR3e-ROS2-resources/install/ros_tcp_endpoint:/opt/ros/foxy /usr/bin/cmake --install /home/zpw/UR3e-ROS2-resources/build/ur_msgs
[1.353s] -- Install configuration: ""
[1.354s] -- Execute custom install script
[1.354s] -- Up-to-date symlink: /home/zpw/UR3e-ROS2-resources/install/ur_msgs/share/ament_index/resource_index/rosidl_interfaces/ur_msgs
[1.354s] -- Up-to-date symlink: /home/zpw/UR3e-ROS2-resources/install/ur_msgs/include/ur_msgs/msg/analog.h
[1.354s] -- Up-to-date symlink: /home/zpw/UR3e-ROS2-resources/install/ur_msgs/include/ur_msgs/msg/detail/analog__functions.h
[1.354s] -- Up-to-date symlink: /home/zpw/UR3e-ROS2-resources/install/ur_msgs/include/ur_msgs/msg/detail/analog__struct.h
[1.354s] -- Up-to-date symlink: /home/zpw/UR3e-ROS2-resources/install/ur_msgs/include/ur_msgs/msg/detail/analog__type_support.h
[1.355s] -- Up-to-date symlink: /home/zpw/UR3e-ROS2-resources/install/ur_msgs/include/ur_msgs/msg/detail/digital__functions.h
[1.355s] -- Up-to-date symlink: /home/zpw/UR3e-ROS2-resources/install/ur_msgs/include/ur_msgs/msg/detail/digital__struct.h
[1.355s] -- Up-to-date symlink: /home/zpw/UR3e-ROS2-resources/install/ur_msgs/include/ur_msgs/msg/detail/digital__type_support.h
[1.355s] -- Up-to-date symlink: /home/zpw/UR3e-ROS2-resources/install/ur_msgs/include/ur_msgs/msg/detail/io_states__functions.h
[1.355s] -- Up-to-date symlink: /home/zpw/UR3e-ROS2-resources/install/ur_msgs/include/ur_msgs/msg/detail/io_states__struct.h
[1.355s] -- Up-to-date symlink: /home/zpw/UR3e-ROS2-resources/install/ur_msgs/include/ur_msgs/msg/detail/io_states__type_support.h
[1.355s] -- Up-to-date symlink: /home/zpw/UR3e-ROS2-resources/install/ur_msgs/include/ur_msgs/msg/detail/masterboard_data_msg__functions.h
[1.355s] -- Up-to-date symlink: /home/zpw/UR3e-ROS2-resources/install/ur_msgs/include/ur_msgs/msg/detail/masterboard_data_msg__struct.h
[1.356s] -- Up-to-date symlink: /home/zpw/UR3e-ROS2-resources/install/ur_msgs/include/ur_msgs/msg/detail/masterboard_data_msg__type_support.h
[1.356s] -- Up-to-date symlink: /home/zpw/UR3e-ROS2-resources/install/ur_msgs/include/ur_msgs/msg/detail/robot_mode_data_msg__functions.h
[1.356s] -- Up-to-date symlink: /home/zpw/UR3e-ROS2-resources/install/ur_msgs/include/ur_msgs/msg/detail/robot_mode_data_msg__struct.h
[1.356s] -- Up-to-date symlink: /home/zpw/UR3e-ROS2-resources/install/ur_msgs/include/ur_msgs/msg/detail/robot_mode_data_msg__type_support.h
[1.356s] -- Up-to-date symlink: /home/zpw/UR3e-ROS2-resources/install/ur_msgs/include/ur_msgs/msg/detail/robot_state_rt_msg__functions.h
[1.356s] -- Up-to-date symlink: /home/zpw/UR3e-ROS2-resources/install/ur_msgs/include/ur_msgs/msg/detail/robot_state_rt_msg__struct.h
[1.356s] -- Up-to-date symlink: /home/zpw/UR3e-ROS2-resources/install/ur_msgs/include/ur_msgs/msg/detail/robot_state_rt_msg__type_support.h
[1.356s] -- Up-to-date symlink: /home/zpw/UR3e-ROS2-resources/install/ur_msgs/include/ur_msgs/msg/detail/tool_data_msg__functions.h
[1.356s] -- Up-to-date symlink: /home/zpw/UR3e-ROS2-resources/install/ur_msgs/include/ur_msgs/msg/detail/tool_data_msg__struct.h
[1.357s] -- Up-to-date symlink: /home/zpw/UR3e-ROS2-resources/install/ur_msgs/include/ur_msgs/msg/detail/tool_data_msg__type_support.h
[1.357s] -- Up-to-date symlink: /home/zpw/UR3e-ROS2-resources/install/ur_msgs/include/ur_msgs/msg/digital.h
[1.357s] -- Up-to-date symlink: /home/zpw/UR3e-ROS2-resources/install/ur_msgs/include/ur_msgs/msg/io_states.h
[1.357s] -- Up-to-date symlink: /home/zpw/UR3e-ROS2-resources/install/ur_msgs/include/ur_msgs/msg/masterboard_data_msg.h
[1.357s] -- Up-to-date symlink: /home/zpw/UR3e-ROS2-resources/install/ur_msgs/include/ur_msgs/msg/robot_mode_data_msg.h
[1.358s] -- Up-to-date symlink: /home/zpw/UR3e-ROS2-resources/install/ur_msgs/include/ur_msgs/msg/robot_state_rt_msg.h
[1.359s] -- Up-to-date symlink: /home/zpw/UR3e-ROS2-resources/install/ur_msgs/include/ur_msgs/msg/rosidl_generator_c__visibility_control.h
[1.359s] -- Up-to-date symlink: /home/zpw/UR3e-ROS2-resources/install/ur_msgs/include/ur_msgs/msg/tool_data_msg.h
[1.359s] -- Up-to-date symlink: /home/zpw/UR3e-ROS2-resources/install/ur_msgs/include/ur_msgs/srv/detail/set_io__functions.h
[1.360s] -- Up-to-date symlink: /home/zpw/UR3e-ROS2-resources/install/ur_msgs/include/ur_msgs/srv/detail/set_io__struct.h
[1.360s] -- Up-to-date symlink: /home/zpw/UR3e-ROS2-resources/install/ur_msgs/include/ur_msgs/srv/detail/set_io__type_support.h
[1.360s] -- Up-to-date symlink: /home/zpw/UR3e-ROS2-resources/install/ur_msgs/include/ur_msgs/srv/detail/set_payload__functions.h
[1.360s] -- Up-to-date symlink: /home/zpw/UR3e-ROS2-resources/install/ur_msgs/include/ur_msgs/srv/detail/set_payload__struct.h
[1.360s] -- Up-to-date symlink: /home/zpw/UR3e-ROS2-resources/install/ur_msgs/include/ur_msgs/srv/detail/set_payload__type_support.h
[1.360s] -- Up-to-date symlink: /home/zpw/UR3e-ROS2-resources/install/ur_msgs/include/ur_msgs/srv/detail/set_speed_slider_fraction__functions.h
[1.361s] -- Up-to-date symlink: /home/zpw/UR3e-ROS2-resources/install/ur_msgs/include/ur_msgs/srv/detail/set_speed_slider_fraction__struct.h
[1.361s] -- Up-to-date symlink: /home/zpw/UR3e-ROS2-resources/install/ur_msgs/include/ur_msgs/srv/detail/set_speed_slider_fraction__type_support.h
[1.362s] -- Up-to-date symlink: /home/zpw/UR3e-ROS2-resources/install/ur_msgs/include/ur_msgs/srv/set_io.h
[1.362s] -- Up-to-date symlink: /home/zpw/UR3e-ROS2-resources/install/ur_msgs/include/ur_msgs/srv/set_payload.h
[1.362s] -- Up-to-date symlink: /home/zpw/UR3e-ROS2-resources/install/ur_msgs/include/ur_msgs/srv/set_speed_slider_fraction.h
[1.362s] -- Up-to-date symlink: /home/zpw/UR3e-ROS2-resources/install/ur_msgs/share/ur_msgs/environment/library_path.sh
[1.362s] -- Up-to-date symlink: /home/zpw/UR3e-ROS2-resources/install/ur_msgs/share/ur_msgs/environment/library_path.dsv
[1.363s] -- Up-to-date symlink: /home/zpw/UR3e-ROS2-resources/install/ur_msgs/include/ur_msgs/msg/detail/analog__rosidl_typesupport_fastrtps_c.h
[1.363s] -- Up-to-date symlink: /home/zpw/UR3e-ROS2-resources/install/ur_msgs/include/ur_msgs/msg/detail/digital__rosidl_typesupport_fastrtps_c.h
[1.363s] -- Up-to-date symlink: /home/zpw/UR3e-ROS2-resources/install/ur_msgs/include/ur_msgs/msg/detail/io_states__rosidl_typesupport_fastrtps_c.h
[1.364s] -- Up-to-date symlink: /home/zpw/UR3e-ROS2-resources/install/ur_msgs/include/ur_msgs/msg/detail/masterboard_data_msg__rosidl_typesupport_fastrtps_c.h
[1.364s] -- Up-to-date symlink: /home/zpw/UR3e-ROS2-resources/install/ur_msgs/include/ur_msgs/msg/detail/robot_mode_data_msg__rosidl_typesupport_fastrtps_c.h
[1.365s] -- Up-to-date symlink: /home/zpw/UR3e-ROS2-resources/install/ur_msgs/include/ur_msgs/msg/detail/robot_state_rt_msg__rosidl_typesupport_fastrtps_c.h
[1.365s] -- Up-to-date symlink: /home/zpw/UR3e-ROS2-resources/install/ur_msgs/include/ur_msgs/msg/detail/tool_data_msg__rosidl_typesupport_fastrtps_c.h
[1.365s] -- Up-to-date symlink: /home/zpw/UR3e-ROS2-resources/install/ur_msgs/include/ur_msgs/msg/rosidl_typesupport_fastrtps_c__visibility_control.h
[1.365s] -- Up-to-date symlink: /home/zpw/UR3e-ROS2-resources/install/ur_msgs/include/ur_msgs/srv/detail/set_io__rosidl_typesupport_fastrtps_c.h
[1.366s] -- Up-to-date symlink: /home/zpw/UR3e-ROS2-resources/install/ur_msgs/include/ur_msgs/srv/detail/set_payload__rosidl_typesupport_fastrtps_c.h
[1.366s] -- Up-to-date symlink: /home/zpw/UR3e-ROS2-resources/install/ur_msgs/include/ur_msgs/srv/detail/set_speed_slider_fraction__rosidl_typesupport_fastrtps_c.h
[1.366s] -- Up-to-date symlink: /home/zpw/UR3e-ROS2-resources/install/ur_msgs/lib/libur_msgs__rosidl_typesupport_fastrtps_c.so
[1.366s] -- Up-to-date symlink: /home/zpw/UR3e-ROS2-resources/install/ur_msgs/include/ur_msgs/msg/detail/analog__rosidl_typesupport_fastrtps_cpp.hpp
[1.366s] -- Up-to-date symlink: /home/zpw/UR3e-ROS2-resources/install/ur_msgs/include/ur_msgs/msg/detail/digital__rosidl_typesupport_fastrtps_cpp.hpp
[1.367s] -- Up-to-date symlink: /home/zpw/UR3e-ROS2-resources/install/ur_msgs/include/ur_msgs/msg/detail/io_states__rosidl_typesupport_fastrtps_cpp.hpp
[1.367s] -- Up-to-date symlink: /home/zpw/UR3e-ROS2-resources/install/ur_msgs/include/ur_msgs/msg/detail/masterboard_data_msg__rosidl_typesupport_fastrtps_cpp.hpp
[1.367s] -- Up-to-date symlink: /home/zpw/UR3e-ROS2-resources/install/ur_msgs/include/ur_msgs/msg/detail/robot_mode_data_msg__rosidl_typesupport_fastrtps_cpp.hpp
[1.367s] -- Up-to-date symlink: /home/zpw/UR3e-ROS2-resources/install/ur_msgs/include/ur_msgs/msg/detail/robot_state_rt_msg__rosidl_typesupport_fastrtps_cpp.hpp
[1.368s] -- Up-to-date symlink: /home/zpw/UR3e-ROS2-resources/install/ur_msgs/include/ur_msgs/msg/detail/tool_data_msg__rosidl_typesupport_fastrtps_cpp.hpp
[1.370s] -- Up-to-date symlink: /home/zpw/UR3e-ROS2-resources/install/ur_msgs/include/ur_msgs/msg/rosidl_typesupport_fastrtps_cpp__visibility_control.h
[1.371s] -- Up-to-date symlink: /home/zpw/UR3e-ROS2-resources/install/ur_msgs/include/ur_msgs/srv/detail/set_io__rosidl_typesupport_fastrtps_cpp.hpp
[1.371s] -- Up-to-date symlink: /home/zpw/UR3e-ROS2-resources/install/ur_msgs/include/ur_msgs/srv/detail/set_payload__rosidl_typesupport_fastrtps_cpp.hpp
[1.371s] -- Up-to-date symlink: /home/zpw/UR3e-ROS2-resources/install/ur_msgs/include/ur_msgs/srv/detail/set_speed_slider_fraction__rosidl_typesupport_fastrtps_cpp.hpp
[1.371s] -- Up-to-date symlink: /home/zpw/UR3e-ROS2-resources/install/ur_msgs/lib/libur_msgs__rosidl_typesupport_fastrtps_cpp.so
[1.372s] -- Up-to-date symlink: /home/zpw/UR3e-ROS2-resources/install/ur_msgs/include/ur_msgs/msg/detail/analog__rosidl_typesupport_introspection_c.h
[1.374s] -- Up-to-date symlink: /home/zpw/UR3e-ROS2-resources/install/ur_msgs/include/ur_msgs/msg/detail/digital__rosidl_typesupport_introspection_c.h
[1.374s] -- Up-to-date symlink: /home/zpw/UR3e-ROS2-resources/install/ur_msgs/include/ur_msgs/msg/detail/io_states__rosidl_typesupport_introspection_c.h
[1.375s] -- Up-to-date symlink: /home/zpw/UR3e-ROS2-resources/install/ur_msgs/include/ur_msgs/msg/detail/masterboard_data_msg__rosidl_typesupport_introspection_c.h
[1.375s] -- Up-to-date symlink: /home/zpw/UR3e-ROS2-resources/install/ur_msgs/include/ur_msgs/msg/detail/robot_mode_data_msg__rosidl_typesupport_introspection_c.h
[1.375s] -- Up-to-date symlink: /home/zpw/UR3e-ROS2-resources/install/ur_msgs/include/ur_msgs/msg/detail/robot_state_rt_msg__rosidl_typesupport_introspection_c.h
[1.376s] -- Up-to-date symlink: /home/zpw/UR3e-ROS2-resources/install/ur_msgs/include/ur_msgs/msg/detail/tool_data_msg__rosidl_typesupport_introspection_c.h
[1.376s] -- Up-to-date symlink: /home/zpw/UR3e-ROS2-resources/install/ur_msgs/include/ur_msgs/msg/rosidl_typesupport_introspection_c__visibility_control.h
[1.376s] -- Up-to-date symlink: /home/zpw/UR3e-ROS2-resources/install/ur_msgs/include/ur_msgs/srv/detail/set_io__rosidl_typesupport_introspection_c.h
[1.376s] -- Up-to-date symlink: /home/zpw/UR3e-ROS2-resources/install/ur_msgs/include/ur_msgs/srv/detail/set_payload__rosidl_typesupport_introspection_c.h
[1.376s] -- Up-to-date symlink: /home/zpw/UR3e-ROS2-resources/install/ur_msgs/include/ur_msgs/srv/detail/set_speed_slider_fraction__rosidl_typesupport_introspection_c.h
[1.376s] -- Up-to-date symlink: /home/zpw/UR3e-ROS2-resources/install/ur_msgs/include/ur_msgs/msg/analog.hpp
[1.377s] -- Up-to-date symlink: /home/zpw/UR3e-ROS2-resources/install/ur_msgs/include/ur_msgs/msg/detail/analog__builder.hpp
[1.377s] -- Up-to-date symlink: /home/zpw/UR3e-ROS2-resources/install/ur_msgs/include/ur_msgs/msg/detail/analog__struct.hpp
[1.377s] -- Up-to-date symlink: /home/zpw/UR3e-ROS2-resources/install/ur_msgs/include/ur_msgs/msg/detail/analog__traits.hpp
[1.378s] -- Up-to-date symlink: /home/zpw/UR3e-ROS2-resources/install/ur_msgs/include/ur_msgs/msg/detail/digital__builder.hpp
[1.378s] -- Up-to-date symlink: /home/zpw/UR3e-ROS2-resources/install/ur_msgs/include/ur_msgs/msg/detail/digital__struct.hpp
[1.378s] -- Up-to-date symlink: /home/zpw/UR3e-ROS2-resources/install/ur_msgs/include/ur_msgs/msg/detail/digital__traits.hpp
[1.378s] -- Up-to-date symlink: /home/zpw/UR3e-ROS2-resources/install/ur_msgs/include/ur_msgs/msg/detail/io_states__builder.hpp
[1.378s] -- Up-to-date symlink: /home/zpw/UR3e-ROS2-resources/install/ur_msgs/include/ur_msgs/msg/detail/io_states__struct.hpp
[1.380s] -- Up-to-date symlink: /home/zpw/UR3e-ROS2-resources/install/ur_msgs/include/ur_msgs/msg/detail/io_states__traits.hpp
[1.380s] -- Up-to-date symlink: /home/zpw/UR3e-ROS2-resources/install/ur_msgs/include/ur_msgs/msg/detail/masterboard_data_msg__builder.hpp
[1.380s] -- Up-to-date symlink: /home/zpw/UR3e-ROS2-resources/install/ur_msgs/include/ur_msgs/msg/detail/masterboard_data_msg__struct.hpp
[1.384s] -- Up-to-date symlink: /home/zpw/UR3e-ROS2-resources/install/ur_msgs/include/ur_msgs/msg/detail/masterboard_data_msg__traits.hpp
[1.384s] -- Up-to-date symlink: /home/zpw/UR3e-ROS2-resources/install/ur_msgs/include/ur_msgs/msg/detail/robot_mode_data_msg__builder.hpp
[1.384s] -- Up-to-date symlink: /home/zpw/UR3e-ROS2-resources/install/ur_msgs/include/ur_msgs/msg/detail/robot_mode_data_msg__struct.hpp
[1.384s] -- Up-to-date symlink: /home/zpw/UR3e-ROS2-resources/install/ur_msgs/include/ur_msgs/msg/detail/robot_mode_data_msg__traits.hpp
[1.388s] -- Up-to-date symlink: /home/zpw/UR3e-ROS2-resources/install/ur_msgs/include/ur_msgs/msg/detail/robot_state_rt_msg__builder.hpp
[1.388s] -- Up-to-date symlink: /home/zpw/UR3e-ROS2-resources/install/ur_msgs/include/ur_msgs/msg/detail/robot_state_rt_msg__struct.hpp
[1.388s] -- Up-to-date symlink: /home/zpw/UR3e-ROS2-resources/install/ur_msgs/include/ur_msgs/msg/detail/robot_state_rt_msg__traits.hpp
[1.389s] -- Up-to-date symlink: /home/zpw/UR3e-ROS2-resources/install/ur_msgs/include/ur_msgs/msg/detail/tool_data_msg__builder.hpp
[1.389s] -- Up-to-date symlink: /home/zpw/UR3e-ROS2-resources/install/ur_msgs/include/ur_msgs/msg/detail/tool_data_msg__struct.hpp
[1.389s] -- Up-to-date symlink: /home/zpw/UR3e-ROS2-resources/install/ur_msgs/include/ur_msgs/msg/detail/tool_data_msg__traits.hpp
[1.390s] -- Up-to-date symlink: /home/zpw/UR3e-ROS2-resources/install/ur_msgs/include/ur_msgs/msg/digital.hpp
[1.390s] -- Up-to-date symlink: /home/zpw/UR3e-ROS2-resources/install/ur_msgs/include/ur_msgs/msg/io_states.hpp
[1.390s] -- Up-to-date symlink: /home/zpw/UR3e-ROS2-resources/install/ur_msgs/include/ur_msgs/msg/masterboard_data_msg.hpp
[1.390s] -- Up-to-date symlink: /home/zpw/UR3e-ROS2-resources/install/ur_msgs/include/ur_msgs/msg/robot_mode_data_msg.hpp
[1.390s] -- Up-to-date symlink: /home/zpw/UR3e-ROS2-resources/install/ur_msgs/include/ur_msgs/msg/robot_state_rt_msg.hpp
[1.390s] -- Up-to-date symlink: /home/zpw/UR3e-ROS2-resources/install/ur_msgs/include/ur_msgs/msg/tool_data_msg.hpp
[1.390s] -- Up-to-date symlink: /home/zpw/UR3e-ROS2-resources/install/ur_msgs/include/ur_msgs/srv/detail/set_io__builder.hpp
[1.390s] -- Up-to-date symlink: /home/zpw/UR3e-ROS2-resources/install/ur_msgs/include/ur_msgs/srv/detail/set_io__struct.hpp
[1.391s] -- Up-to-date symlink: /home/zpw/UR3e-ROS2-resources/install/ur_msgs/include/ur_msgs/srv/detail/set_io__traits.hpp
[1.391s] -- Up-to-date symlink: /home/zpw/UR3e-ROS2-resources/install/ur_msgs/include/ur_msgs/srv/detail/set_payload__builder.hpp
[1.391s] -- Up-to-date symlink: /home/zpw/UR3e-ROS2-resources/install/ur_msgs/include/ur_msgs/srv/detail/set_payload__struct.hpp
[1.391s] -- Up-to-date symlink: /home/zpw/UR3e-ROS2-resources/install/ur_msgs/include/ur_msgs/srv/detail/set_payload__traits.hpp
[1.391s] -- Up-to-date symlink: /home/zpw/UR3e-ROS2-resources/install/ur_msgs/include/ur_msgs/srv/detail/set_speed_slider_fraction__builder.hpp
[1.391s] -- Up-to-date symlink: /home/zpw/UR3e-ROS2-resources/install/ur_msgs/include/ur_msgs/srv/detail/set_speed_slider_fraction__struct.hpp
[1.391s] -- Up-to-date symlink: /home/zpw/UR3e-ROS2-resources/install/ur_msgs/include/ur_msgs/srv/detail/set_speed_slider_fraction__traits.hpp
[1.391s] -- Up-to-date symlink: /home/zpw/UR3e-ROS2-resources/install/ur_msgs/include/ur_msgs/srv/set_io.hpp
[1.391s] -- Up-to-date symlink: /home/zpw/UR3e-ROS2-resources/install/ur_msgs/include/ur_msgs/srv/set_payload.hpp
[1.391s] -- Up-to-date symlink: /home/zpw/UR3e-ROS2-resources/install/ur_msgs/include/ur_msgs/srv/set_speed_slider_fraction.hpp
[1.391s] -- Up-to-date symlink: /home/zpw/UR3e-ROS2-resources/install/ur_msgs/include/ur_msgs/msg/detail/analog__rosidl_typesupport_introspection_cpp.hpp
[1.392s] -- Up-to-date symlink: /home/zpw/UR3e-ROS2-resources/install/ur_msgs/include/ur_msgs/msg/detail/digital__rosidl_typesupport_introspection_cpp.hpp
[1.392s] -- Up-to-date symlink: /home/zpw/UR3e-ROS2-resources/install/ur_msgs/include/ur_msgs/msg/detail/io_states__rosidl_typesupport_introspection_cpp.hpp
[1.392s] -- Up-to-date symlink: /home/zpw/UR3e-ROS2-resources/install/ur_msgs/include/ur_msgs/msg/detail/masterboard_data_msg__rosidl_typesupport_introspection_cpp.hpp
[1.395s] -- Up-to-date symlink: /home/zpw/UR3e-ROS2-resources/install/ur_msgs/include/ur_msgs/msg/detail/robot_mode_data_msg__rosidl_typesupport_introspection_cpp.hpp
[1.395s] -- Up-to-date symlink: /home/zpw/UR3e-ROS2-resources/install/ur_msgs/include/ur_msgs/msg/detail/robot_state_rt_msg__rosidl_typesupport_introspection_cpp.hpp
[1.395s] -- Up-to-date symlink: /home/zpw/UR3e-ROS2-resources/install/ur_msgs/include/ur_msgs/msg/detail/tool_data_msg__rosidl_typesupport_introspection_cpp.hpp
[1.395s] -- Up-to-date symlink: /home/zpw/UR3e-ROS2-resources/install/ur_msgs/include/ur_msgs/srv/detail/set_io__rosidl_typesupport_introspection_cpp.hpp
[1.396s] -- Up-to-date symlink: /home/zpw/UR3e-ROS2-resources/install/ur_msgs/include/ur_msgs/srv/detail/set_payload__rosidl_typesupport_introspection_cpp.hpp
[1.396s] -- Up-to-date symlink: /home/zpw/UR3e-ROS2-resources/install/ur_msgs/include/ur_msgs/srv/detail/set_speed_slider_fraction__rosidl_typesupport_introspection_cpp.hpp
[1.396s] -- Up-to-date symlink: /home/zpw/UR3e-ROS2-resources/install/ur_msgs/share/ur_msgs/environment/pythonpath.sh
[1.396s] -- Up-to-date symlink: /home/zpw/UR3e-ROS2-resources/install/ur_msgs/share/ur_msgs/environment/pythonpath.dsv
[1.397s] -- Up-to-date symlink: /home/zpw/UR3e-ROS2-resources/install/ur_msgs/lib/python3.8/site-packages/ur_msgs/__init__.py
[1.397s] -- Up-to-date symlink: /home/zpw/UR3e-ROS2-resources/install/ur_msgs/lib/python3.8/site-packages/ur_msgs/msg/__init__.py
[1.397s] -- Up-to-date symlink: /home/zpw/UR3e-ROS2-resources/install/ur_msgs/lib/python3.8/site-packages/ur_msgs/msg/_analog.py
[1.398s] -- Up-to-date symlink: /home/zpw/UR3e-ROS2-resources/install/ur_msgs/lib/python3.8/site-packages/ur_msgs/msg/_digital.py
[1.400s] -- Up-to-date symlink: /home/zpw/UR3e-ROS2-resources/install/ur_msgs/lib/python3.8/site-packages/ur_msgs/msg/_io_states.py
[1.401s] -- Up-to-date symlink: /home/zpw/UR3e-ROS2-resources/install/ur_msgs/lib/python3.8/site-packages/ur_msgs/msg/_masterboard_data_msg.py
[1.401s] -- Up-to-date symlink: /home/zpw/UR3e-ROS2-resources/install/ur_msgs/lib/python3.8/site-packages/ur_msgs/msg/_robot_mode_data_msg.py
[1.401s] -- Up-to-date symlink: /home/zpw/UR3e-ROS2-resources/install/ur_msgs/lib/python3.8/site-packages/ur_msgs/msg/_robot_state_rt_msg.py
[1.402s] -- Up-to-date symlink: /home/zpw/UR3e-ROS2-resources/install/ur_msgs/lib/python3.8/site-packages/ur_msgs/msg/_tool_data_msg.py
[1.402s] -- Up-to-date symlink: /home/zpw/UR3e-ROS2-resources/install/ur_msgs/lib/python3.8/site-packages/ur_msgs/srv/__init__.py
[1.402s] -- Up-to-date symlink: /home/zpw/UR3e-ROS2-resources/install/ur_msgs/lib/python3.8/site-packages/ur_msgs/srv/_set_io.py
[1.402s] -- Up-to-date symlink: /home/zpw/UR3e-ROS2-resources/install/ur_msgs/lib/python3.8/site-packages/ur_msgs/srv/_set_payload.py
[1.402s] -- Up-to-date symlink: /home/zpw/UR3e-ROS2-resources/install/ur_msgs/lib/python3.8/site-packages/ur_msgs/srv/_set_speed_slider_fraction.py
[1.402s] -- Up-to-date symlink: /home/zpw/UR3e-ROS2-resources/install/ur_msgs/lib/python3.8/site-packages/ur_msgs/ur_msgs_s__rosidl_typesupport_fastrtps_c.cpython-38-x86_64-linux-gnu.so
[1.402s] -- Up-to-date symlink: /home/zpw/UR3e-ROS2-resources/install/ur_msgs/lib/python3.8/site-packages/ur_msgs/ur_msgs_s__rosidl_typesupport_introspection_c.cpython-38-x86_64-linux-gnu.so
[1.403s] -- Up-to-date symlink: /home/zpw/UR3e-ROS2-resources/install/ur_msgs/lib/python3.8/site-packages/ur_msgs/ur_msgs_s__rosidl_typesupport_c.cpython-38-x86_64-linux-gnu.so
[1.403s] -- Up-to-date symlink: /home/zpw/UR3e-ROS2-resources/install/ur_msgs/lib/libur_msgs__python.so
[1.403s] -- Up-to-date symlink: /home/zpw/UR3e-ROS2-resources/install/ur_msgs/share/ur_msgs/msg/Analog.idl
[1.403s] -- Up-to-date symlink: /home/zpw/UR3e-ROS2-resources/install/ur_msgs/share/ur_msgs/msg/Digital.idl
[1.403s] -- Up-to-date symlink: /home/zpw/UR3e-ROS2-resources/install/ur_msgs/share/ur_msgs/msg/IOStates.idl
[1.403s] -- Up-to-date symlink: /home/zpw/UR3e-ROS2-resources/install/ur_msgs/share/ur_msgs/msg/RobotStateRTMsg.idl
[1.404s] -- Up-to-date symlink: /home/zpw/UR3e-ROS2-resources/install/ur_msgs/share/ur_msgs/msg/MasterboardDataMsg.idl
[1.405s] -- Up-to-date symlink: /home/zpw/UR3e-ROS2-resources/install/ur_msgs/share/ur_msgs/msg/RobotModeDataMsg.idl
[1.406s] -- Up-to-date symlink: /home/zpw/UR3e-ROS2-resources/install/ur_msgs/share/ur_msgs/msg/ToolDataMsg.idl
[1.406s] -- Up-to-date symlink: /home/zpw/UR3e-ROS2-resources/install/ur_msgs/share/ur_msgs/srv/SetPayload.idl
[1.407s] -- Up-to-date symlink: /home/zpw/UR3e-ROS2-resources/install/ur_msgs/share/ur_msgs/srv/SetSpeedSliderFraction.idl
[1.407s] -- Up-to-date symlink: /home/zpw/UR3e-ROS2-resources/install/ur_msgs/share/ur_msgs/srv/SetIO.idl
[1.407s] -- Up-to-date symlink: /home/zpw/UR3e-ROS2-resources/install/ur_msgs/share/ur_msgs/msg/Analog.msg
[1.407s] -- Up-to-date symlink: /home/zpw/UR3e-ROS2-resources/install/ur_msgs/share/ur_msgs/msg/Digital.msg
[1.407s] -- Up-to-date symlink: /home/zpw/UR3e-ROS2-resources/install/ur_msgs/share/ur_msgs/msg/IOStates.msg
[1.407s] -- Up-to-date symlink: /home/zpw/UR3e-ROS2-resources/install/ur_msgs/share/ur_msgs/msg/RobotStateRTMsg.msg
[1.407s] -- Up-to-date symlink: /home/zpw/UR3e-ROS2-resources/install/ur_msgs/share/ur_msgs/msg/MasterboardDataMsg.msg
[1.407s] -- Up-to-date symlink: /home/zpw/UR3e-ROS2-resources/install/ur_msgs/share/ur_msgs/msg/RobotModeDataMsg.msg
[1.408s] -- Up-to-date symlink: /home/zpw/UR3e-ROS2-resources/install/ur_msgs/share/ur_msgs/msg/ToolDataMsg.msg
[1.408s] -- Up-to-date symlink: /home/zpw/UR3e-ROS2-resources/install/ur_msgs/share/ur_msgs/srv/SetPayload.srv
[1.408s] -- Up-to-date symlink: /home/zpw/UR3e-ROS2-resources/install/ur_msgs/share/ur_msgs/srv/SetPayload_Request.msg
[1.408s] -- Up-to-date symlink: /home/zpw/UR3e-ROS2-resources/install/ur_msgs/share/ur_msgs/srv/SetPayload_Response.msg
[1.408s] -- Up-to-date symlink: /home/zpw/UR3e-ROS2-resources/install/ur_msgs/share/ur_msgs/srv/SetSpeedSliderFraction.srv
[1.408s] -- Up-to-date symlink: /home/zpw/UR3e-ROS2-resources/install/ur_msgs/share/ur_msgs/srv/SetSpeedSliderFraction_Request.msg
[1.409s] -- Up-to-date symlink: /home/zpw/UR3e-ROS2-resources/install/ur_msgs/share/ur_msgs/srv/SetSpeedSliderFraction_Response.msg
[1.409s] -- Up-to-date symlink: /home/zpw/UR3e-ROS2-resources/install/ur_msgs/share/ur_msgs/srv/SetIO.srv
[1.410s] -- Up-to-date symlink: /home/zpw/UR3e-ROS2-resources/install/ur_msgs/share/ur_msgs/srv/SetIO_Request.msg
[1.411s] -- Up-to-date symlink: /home/zpw/UR3e-ROS2-resources/install/ur_msgs/share/ur_msgs/srv/SetIO_Response.msg
[1.411s] -- Up-to-date symlink: /home/zpw/UR3e-ROS2-resources/install/ur_msgs/share/ament_index/resource_index/package_run_dependencies/ur_msgs
[1.411s] -- Up-to-date symlink: /home/zpw/UR3e-ROS2-resources/install/ur_msgs/share/ament_index/resource_index/parent_prefix_path/ur_msgs
[1.412s] -- Up-to-date symlink: /home/zpw/UR3e-ROS2-resources/install/ur_msgs/share/ur_msgs/environment/ament_prefix_path.sh
[1.414s] -- Up-to-date symlink: /home/zpw/UR3e-ROS2-resources/install/ur_msgs/share/ur_msgs/environment/ament_prefix_path.dsv
[1.414s] -- Up-to-date symlink: /home/zpw/UR3e-ROS2-resources/install/ur_msgs/share/ur_msgs/environment/path.sh
[1.414s] -- Up-to-date symlink: /home/zpw/UR3e-ROS2-resources/install/ur_msgs/share/ur_msgs/environment/path.dsv
[1.414s] -- Up-to-date symlink: /home/zpw/UR3e-ROS2-resources/install/ur_msgs/share/ur_msgs/local_setup.bash
[1.415s] -- Up-to-date symlink: /home/zpw/UR3e-ROS2-resources/install/ur_msgs/share/ur_msgs/local_setup.sh
[1.415s] -- Up-to-date symlink: /home/zpw/UR3e-ROS2-resources/install/ur_msgs/share/ur_msgs/local_setup.zsh
[1.415s] -- Up-to-date symlink: /home/zpw/UR3e-ROS2-resources/install/ur_msgs/share/ur_msgs/local_setup.dsv
[1.415s] -- Symlinking: /home/zpw/UR3e-ROS2-resources/install/ur_msgs/share/ur_msgs/package.dsv
[1.415s] -- Up-to-date symlink: /home/zpw/UR3e-ROS2-resources/install/ur_msgs/share/ament_index/resource_index/packages/ur_msgs
[1.415s] -- Up-to-date symlink: /home/zpw/UR3e-ROS2-resources/install/ur_msgs/share/ur_msgs/cmake/rosidl_cmake-extras.cmake
[1.415s] -- Up-to-date symlink: /home/zpw/UR3e-ROS2-resources/install/ur_msgs/share/ur_msgs/cmake/ament_cmake_export_dependencies-extras.cmake
[1.415s] -- Up-to-date symlink: /home/zpw/UR3e-ROS2-resources/install/ur_msgs/share/ur_msgs/cmake/ament_cmake_export_libraries-extras.cmake
[1.416s] -- Up-to-date symlink: /home/zpw/UR3e-ROS2-resources/install/ur_msgs/share/ur_msgs/cmake/ament_cmake_export_targets-extras.cmake
[1.417s] -- Up-to-date symlink: /home/zpw/UR3e-ROS2-resources/install/ur_msgs/share/ur_msgs/cmake/ament_cmake_export_include_directories-extras.cmake
[1.418s] -- Up-to-date symlink: /home/zpw/UR3e-ROS2-resources/install/ur_msgs/share/ur_msgs/cmake/rosidl_cmake_export_typesupport_libraries-extras.cmake
[1.418s] -- Up-to-date symlink: /home/zpw/UR3e-ROS2-resources/install/ur_msgs/share/ur_msgs/cmake/rosidl_cmake_export_typesupport_targets-extras.cmake
[1.418s] -- Up-to-date symlink: /home/zpw/UR3e-ROS2-resources/install/ur_msgs/share/ur_msgs/cmake/ur_msgsConfig.cmake
[1.418s] -- Up-to-date symlink: /home/zpw/UR3e-ROS2-resources/install/ur_msgs/share/ur_msgs/cmake/ur_msgsConfig-version.cmake
[1.418s] -- Up-to-date symlink: /home/zpw/UR3e-ROS2-resources/install/ur_msgs/share/ur_msgs/package.xml
[1.418s] -- Up-to-date: /home/zpw/UR3e-ROS2-resources/install/ur_msgs/lib/libur_msgs__rosidl_generator_c.so
[1.419s] -- Up-to-date: /home/zpw/UR3e-ROS2-resources/install/ur_msgs/lib/libur_msgs__rosidl_typesupport_introspection_c.so
[1.419s] -- Up-to-date: /home/zpw/UR3e-ROS2-resources/install/ur_msgs/lib/libur_msgs__rosidl_typesupport_c.so
[1.419s] -- Up-to-date: /home/zpw/UR3e-ROS2-resources/install/ur_msgs/lib/libur_msgs__rosidl_typesupport_introspection_cpp.so
[1.419s] -- Up-to-date: /home/zpw/UR3e-ROS2-resources/install/ur_msgs/lib/libur_msgs__rosidl_typesupport_cpp.so
[1.499s] -- Up-to-date: /home/zpw/UR3e-ROS2-resources/install/ur_msgs/share/ur_msgs/cmake/ur_msgs__rosidl_generator_cExport.cmake
[1.499s] -- Up-to-date: /home/zpw/UR3e-ROS2-resources/install/ur_msgs/share/ur_msgs/cmake/ur_msgs__rosidl_generator_cExport-noconfig.cmake
[1.499s] -- Up-to-date: /home/zpw/UR3e-ROS2-resources/install/ur_msgs/share/ur_msgs/cmake/ur_msgs__rosidl_typesupport_introspection_cExport.cmake
[1.499s] -- Up-to-date: /home/zpw/UR3e-ROS2-resources/install/ur_msgs/share/ur_msgs/cmake/ur_msgs__rosidl_typesupport_introspection_cExport-noconfig.cmake
[1.500s] -- Up-to-date: /home/zpw/UR3e-ROS2-resources/install/ur_msgs/share/ur_msgs/cmake/ur_msgs__rosidl_typesupport_cExport.cmake
[1.500s] -- Up-to-date: /home/zpw/UR3e-ROS2-resources/install/ur_msgs/share/ur_msgs/cmake/ur_msgs__rosidl_typesupport_cExport-noconfig.cmake
[1.500s] -- Up-to-date: /home/zpw/UR3e-ROS2-resources/install/ur_msgs/share/ur_msgs/cmake/ur_msgs__rosidl_generator_cppExport.cmake
[1.500s] -- Up-to-date: /home/zpw/UR3e-ROS2-resources/install/ur_msgs/share/ur_msgs/cmake/ur_msgs__rosidl_typesupport_introspection_cppExport.cmake
[1.500s] -- Up-to-date: /home/zpw/UR3e-ROS2-resources/install/ur_msgs/share/ur_msgs/cmake/ur_msgs__rosidl_typesupport_introspection_cppExport-noconfig.cmake
[1.500s] -- Up-to-date: /home/zpw/UR3e-ROS2-resources/install/ur_msgs/share/ur_msgs/cmake/ur_msgs__rosidl_typesupport_cppExport.cmake
[1.501s] -- Up-to-date: /home/zpw/UR3e-ROS2-resources/install/ur_msgs/share/ur_msgs/cmake/ur_msgs__rosidl_typesupport_cppExport-noconfig.cmake
[1.537s] Invoked command in '/home/zpw/UR3e-ROS2-resources/build/ur_msgs' returned '0': CMAKE_PREFIX_PATH=${CMAKE_PREFIX_PATH}:/home/zpw/UR3e-ROS2-resources/install/vr_connector:/home/zpw/UR3e-ROS2-resources/install/unity_robotics_demo:/home/zpw/UR3e-ROS2-resources/install/ros_tcp_endpoint:/opt/ros/foxy /usr/bin/cmake --install /home/zpw/UR3e-ROS2-resources/build/ur_msgs
