[0.095s] Invoking command in '/home/zpw/UR3e-ROS2-resources/build/ur_client_library': CMAKE_PREFIX_PATH=${CMAKE_PREFIX_PATH}:/home/zpw/UR3e-ROS2-resources/install/vr_connector:/home/zpw/UR3e-ROS2-resources/install/unity_robotics_demo:/home/zpw/UR3e-ROS2-resources/install/ros_tcp_endpoint:/opt/ros/foxy /usr/bin/cmake --build /home/zpw/UR3e-ROS2-resources/build/ur_client_library -- -j16 -l16
[1.408s] [ 82%] Built target urcl
[1.408s] [ 88%] Built target primary_pipeline_example
[1.408s] [ 94%] Built target rtde_client_example
[1.408s] [100%] Built target driver_example
[1.526s] Invoked command in '/home/zpw/UR3e-ROS2-resources/build/ur_client_library' returned '0': CMAKE_PREFIX_PATH=${CMAKE_PREFIX_PATH}:/home/zpw/UR3e-ROS2-resources/install/vr_connector:/home/zpw/UR3e-ROS2-resources/install/unity_robotics_demo:/home/zpw/UR3e-ROS2-resources/install/ros_tcp_endpoint:/opt/ros/foxy /usr/bin/cmake --build /home/zpw/UR3e-ROS2-resources/build/ur_client_library -- -j16 -l16
[1.994s] Invoking command in '/home/zpw/UR3e-ROS2-resources/build/ur_client_library': CMAKE_PREFIX_PATH=${CMAKE_PREFIX_PATH}:/home/zpw/UR3e-ROS2-resources/install/vr_connector:/home/zpw/UR3e-ROS2-resources/install/unity_robotics_demo:/home/zpw/UR3e-ROS2-resources/install/ros_tcp_endpoint:/opt/ros/foxy /usr/bin/cmake --install /home/zpw/UR3e-ROS2-resources/build/ur_client_library
[2.119s] -- Install configuration: "RelWithDebInfo"
[2.119s] -- Up-to-date: /home/zpw/UR3e-ROS2-resources/install/ur_client_library/lib/liburcl.so
[2.134s] -- Up-to-date: /home/zpw/UR3e-ROS2-resources/install/ur_client_library/include
[2.134s] -- Up-to-date: /home/zpw/UR3e-ROS2-resources/install/ur_client_library/include/ur_client_library
[2.134s] -- Up-to-date: /home/zpw/UR3e-ROS2-resources/install/ur_client_library/include/ur_client_library/log.h
[2.135s] -- Up-to-date: /home/zpw/UR3e-ROS2-resources/install/ur_client_library/include/ur_client_library/types.h
[2.135s] -- Up-to-date: /home/zpw/UR3e-ROS2-resources/install/ur_client_library/include/ur_client_library/ur
[2.135s] -- Up-to-date: /home/zpw/UR3e-ROS2-resources/install/ur_client_library/include/ur_client_library/ur/tool_communication.h
[2.135s] -- Up-to-date: /home/zpw/UR3e-ROS2-resources/install/ur_client_library/include/ur_client_library/ur/datatypes.h
[2.135s] -- Up-to-date: /home/zpw/UR3e-ROS2-resources/install/ur_client_library/include/ur_client_library/ur/version_information.h
[2.136s] -- Up-to-date: /home/zpw/UR3e-ROS2-resources/install/ur_client_library/include/ur_client_library/ur/dashboard_client.h
[2.136s] -- Up-to-date: /home/zpw/UR3e-ROS2-resources/install/ur_client_library/include/ur_client_library/ur/calibration_checker.h
[2.136s] -- Up-to-date: /home/zpw/UR3e-ROS2-resources/install/ur_client_library/include/ur_client_library/ur/ur_driver.h
[2.137s] -- Up-to-date: /home/zpw/UR3e-ROS2-resources/install/ur_client_library/include/ur_client_library/control
[2.137s] -- Up-to-date: /home/zpw/UR3e-ROS2-resources/install/ur_client_library/include/ur_client_library/control/script_sender.h
[2.137s] -- Up-to-date: /home/zpw/UR3e-ROS2-resources/install/ur_client_library/include/ur_client_library/control/reverse_interface.h
[2.137s] -- Up-to-date: /home/zpw/UR3e-ROS2-resources/install/ur_client_library/include/ur_client_library/control/trajectory_point_interface.h
[2.137s] -- Up-to-date: /home/zpw/UR3e-ROS2-resources/install/ur_client_library/include/ur_client_library/comm
[2.138s] -- Up-to-date: /home/zpw/UR3e-ROS2-resources/install/ur_client_library/include/ur_client_library/comm/tcp_socket.h
[2.138s] -- Up-to-date: /home/zpw/UR3e-ROS2-resources/install/ur_client_library/include/ur_client_library/comm/bin_parser.h
[2.138s] -- Up-to-date: /home/zpw/UR3e-ROS2-resources/install/ur_client_library/include/ur_client_library/comm/parser.h
[2.138s] -- Up-to-date: /home/zpw/UR3e-ROS2-resources/install/ur_client_library/include/ur_client_library/comm/package.h
[2.138s] -- Up-to-date: /home/zpw/UR3e-ROS2-resources/install/ur_client_library/include/ur_client_library/comm/producer.h
[2.140s] -- Up-to-date: /home/zpw/UR3e-ROS2-resources/install/ur_client_library/include/ur_client_library/comm/package_serializer.h
[2.141s] -- Up-to-date: /home/zpw/UR3e-ROS2-resources/install/ur_client_library/include/ur_client_library/comm/pipeline.h
[2.141s] -- Up-to-date: /home/zpw/UR3e-ROS2-resources/install/ur_client_library/include/ur_client_library/comm/tcp_server.h
[2.141s] -- Up-to-date: /home/zpw/UR3e-ROS2-resources/install/ur_client_library/include/ur_client_library/comm/shell_consumer.h
[2.141s] -- Up-to-date: /home/zpw/UR3e-ROS2-resources/install/ur_client_library/include/ur_client_library/comm/stream.h
[2.141s] -- Up-to-date: /home/zpw/UR3e-ROS2-resources/install/ur_client_library/include/ur_client_library/comm/control_mode.h
[2.141s] -- Up-to-date: /home/zpw/UR3e-ROS2-resources/install/ur_client_library/include/ur_client_library/primary
[2.141s] -- Up-to-date: /home/zpw/UR3e-ROS2-resources/install/ur_client_library/include/ur_client_library/primary/robot_message.h
[2.141s] -- Up-to-date: /home/zpw/UR3e-ROS2-resources/install/ur_client_library/include/ur_client_library/primary/abstract_primary_consumer.h
[2.141s] -- Up-to-date: /home/zpw/UR3e-ROS2-resources/install/ur_client_library/include/ur_client_library/primary/robot_message
[2.141s] -- Up-to-date: /home/zpw/UR3e-ROS2-resources/install/ur_client_library/include/ur_client_library/primary/robot_message/version_message.h
[2.141s] -- Up-to-date: /home/zpw/UR3e-ROS2-resources/install/ur_client_library/include/ur_client_library/primary/primary_parser.h
[2.141s] -- Up-to-date: /home/zpw/UR3e-ROS2-resources/install/ur_client_library/include/ur_client_library/primary/package_header.h
[2.142s] -- Up-to-date: /home/zpw/UR3e-ROS2-resources/install/ur_client_library/include/ur_client_library/primary/robot_state
[2.156s] -- Up-to-date: /home/zpw/UR3e-ROS2-resources/install/ur_client_library/include/ur_client_library/primary/robot_state/kinematics_info.h
[2.156s] -- Up-to-date: /home/zpw/UR3e-ROS2-resources/install/ur_client_library/include/ur_client_library/primary/primary_package.h
[2.165s] -- Up-to-date: /home/zpw/UR3e-ROS2-resources/install/ur_client_library/include/ur_client_library/primary/robot_state.h
[2.174s] -- Up-to-date: /home/zpw/UR3e-ROS2-resources/install/ur_client_library/include/ur_client_library/exceptions.h
[2.174s] -- Up-to-date: /home/zpw/UR3e-ROS2-resources/install/ur_client_library/include/ur_client_library/default_log_handler.h
[2.176s] -- Up-to-date: /home/zpw/UR3e-ROS2-resources/install/ur_client_library/include/ur_client_library/queue
[2.178s] -- Up-to-date: /home/zpw/UR3e-ROS2-resources/install/ur_client_library/include/ur_client_library/queue/readerwriterqueue.h
[2.183s] -- Up-to-date: /home/zpw/UR3e-ROS2-resources/install/ur_client_library/include/ur_client_library/queue/LICENSE.md
[2.186s] -- Up-to-date: /home/zpw/UR3e-ROS2-resources/install/ur_client_library/include/ur_client_library/queue/atomicops.h
[2.188s] -- Up-to-date: /home/zpw/UR3e-ROS2-resources/install/ur_client_library/include/ur_client_library/rtde
[2.189s] -- Up-to-date: /home/zpw/UR3e-ROS2-resources/install/ur_client_library/include/ur_client_library/rtde/control_package_setup_inputs.h
[2.190s] -- Up-to-date: /home/zpw/UR3e-ROS2-resources/install/ur_client_library/include/ur_client_library/rtde/text_message.h
[2.191s] -- Up-to-date: /home/zpw/UR3e-ROS2-resources/install/ur_client_library/include/ur_client_library/rtde/control_package_setup_outputs.h
[2.195s] -- Up-to-date: /home/zpw/UR3e-ROS2-resources/install/ur_client_library/include/ur_client_library/rtde/get_urcontrol_version.h
[2.198s] -- Up-to-date: /home/zpw/UR3e-ROS2-resources/install/ur_client_library/include/ur_client_library/rtde/rtde_parser.h
[2.202s] -- Up-to-date: /home/zpw/UR3e-ROS2-resources/install/ur_client_library/include/ur_client_library/rtde/rtde_client.h
[2.205s] -- Up-to-date: /home/zpw/UR3e-ROS2-resources/install/ur_client_library/include/ur_client_library/rtde/control_package_start.h
[2.205s] -- Up-to-date: /home/zpw/UR3e-ROS2-resources/install/ur_client_library/include/ur_client_library/rtde/data_package.h
[2.206s] -- Up-to-date: /home/zpw/UR3e-ROS2-resources/install/ur_client_library/include/ur_client_library/rtde/package_header.h
[2.206s] -- Up-to-date: /home/zpw/UR3e-ROS2-resources/install/ur_client_library/include/ur_client_library/rtde/rtde_package.h
[2.214s] -- Up-to-date: /home/zpw/UR3e-ROS2-resources/install/ur_client_library/include/ur_client_library/rtde/control_package_pause.h
[2.220s] -- Up-to-date: /home/zpw/UR3e-ROS2-resources/install/ur_client_library/include/ur_client_library/rtde/rtde_writer.h
[2.221s] -- Up-to-date: /home/zpw/UR3e-ROS2-resources/install/ur_client_library/include/ur_client_library/rtde/request_protocol_version.h
[2.222s] -- Up-to-date: /home/zpw/UR3e-ROS2-resources/install/ur_client_library/lib/cmake/ur_client_library/urclTargets.cmake
[2.222s] -- Up-to-date: /home/zpw/UR3e-ROS2-resources/install/ur_client_library/lib/cmake/ur_client_library/urclTargets-relwithdebinfo.cmake
[2.223s] -- Up-to-date: /home/zpw/UR3e-ROS2-resources/install/ur_client_library/lib/cmake/ur_client_library/ur_client_libraryConfig.cmake
[2.242s] -- Up-to-date: /home/zpw/UR3e-ROS2-resources/install/ur_client_library/share/ur_client_library/package.xml
[2.273s] -- Up-to-date: /home/zpw/UR3e-ROS2-resources/install/ur_client_library/share/ament_index/resource_index/packages/ur_client_library
[2.278s] -- Up-to-date: /home/zpw/UR3e-ROS2-resources/install/ur_client_library/share/ur_client_library/hook/ament_prefix_path.dsv
[2.280s] -- Up-to-date: /home/zpw/UR3e-ROS2-resources/install/ur_client_library/share/ur_client_library/hook/ros_package_path.dsv
[2.285s] -- Up-to-date: /home/zpw/UR3e-ROS2-resources/install/ur_client_library/share/ur_client_library/resources
[2.286s] -- Up-to-date: /home/zpw/UR3e-ROS2-resources/install/ur_client_library/share/ur_client_library/resources/external_control.urscript
[2.413s] Invoked command in '/home/zpw/UR3e-ROS2-resources/build/ur_client_library' returned '0': CMAKE_PREFIX_PATH=${CMAKE_PREFIX_PATH}:/home/zpw/UR3e-ROS2-resources/install/vr_connector:/home/zpw/UR3e-ROS2-resources/install/unity_robotics_demo:/home/zpw/UR3e-ROS2-resources/install/ros_tcp_endpoint:/opt/ros/foxy /usr/bin/cmake --install /home/zpw/UR3e-ROS2-resources/build/ur_client_library
