[1.713s] Invoking command in '/home/zpw/UR3e-ROS2-resources/src/unity_robotics_demo': PYTHONPATH=/home/zpw/UR3e-ROS2-resources/install/unity_robotics_demo/lib/python3.8/site-packages:${PYTHONPATH} /usr/bin/python3 setup.py egg_info --egg-base ../../build/unity_robotics_demo build --build-base /home/zpw/UR3e-ROS2-resources/build/unity_robotics_demo/build install --prefix /home/zpw/UR3e-ROS2-resources/install/unity_robotics_demo --record /home/zpw/UR3e-ROS2-resources/build/unity_robotics_demo/install.log --single-version-externally-managed
[1.990s] running egg_info
[1.992s] creating ../../build/unity_robotics_demo/unity_robotics_demo.egg-info
[1.993s] writing ../../build/unity_robotics_demo/unity_robotics_demo.egg-info/PKG-INFO
[1.993s] writing dependency_links to ../../build/unity_robotics_demo/unity_robotics_demo.egg-info/dependency_links.txt
[1.993s] writing entry points to ../../build/unity_robotics_demo/unity_robotics_demo.egg-info/entry_points.txt
[1.993s] writing requirements to ../../build/unity_robotics_demo/unity_robotics_demo.egg-info/requires.txt
[1.994s] writing top-level names to ../../build/unity_robotics_demo/unity_robotics_demo.egg-info/top_level.txt
[1.994s] writing manifest file '../../build/unity_robotics_demo/unity_robotics_demo.egg-info/SOURCES.txt'
[2.027s] reading manifest file '../../build/unity_robotics_demo/unity_robotics_demo.egg-info/SOURCES.txt'
[2.028s] writing manifest file '../../build/unity_robotics_demo/unity_robotics_demo.egg-info/SOURCES.txt'
[2.028s] running build
[2.032s] running build_py
[2.032s] creating /home/zpw/UR3e-ROS2-resources/build/unity_robotics_demo/build
[2.032s] creating /home/zpw/UR3e-ROS2-resources/build/unity_robotics_demo/build/lib
[2.032s] creating /home/zpw/UR3e-ROS2-resources/build/unity_robotics_demo/build/lib/unity_robotics_demo
[2.032s] copying unity_robotics_demo/position_service.py -> /home/zpw/UR3e-ROS2-resources/build/unity_robotics_demo/build/lib/unity_robotics_demo
[2.032s] copying unity_robotics_demo/__init__.py -> /home/zpw/UR3e-ROS2-resources/build/unity_robotics_demo/build/lib/unity_robotics_demo
[2.033s] copying unity_robotics_demo/color_publisher.py -> /home/zpw/UR3e-ROS2-resources/build/unity_robotics_demo/build/lib/unity_robotics_demo
[2.035s] running install
[2.035s] running install_lib
[2.035s] creating /home/zpw/UR3e-ROS2-resources/install/unity_robotics_demo/lib/python3.8/site-packages/unity_robotics_demo
[2.035s] copying /home/zpw/UR3e-ROS2-resources/build/unity_robotics_demo/build/lib/unity_robotics_demo/position_service.py -> /home/zpw/UR3e-ROS2-resources/install/unity_robotics_demo/lib/python3.8/site-packages/unity_robotics_demo
[2.035s] copying /home/zpw/UR3e-ROS2-resources/build/unity_robotics_demo/build/lib/unity_robotics_demo/__init__.py -> /home/zpw/UR3e-ROS2-resources/install/unity_robotics_demo/lib/python3.8/site-packages/unity_robotics_demo
[2.036s] copying /home/zpw/UR3e-ROS2-resources/build/unity_robotics_demo/build/lib/unity_robotics_demo/color_publisher.py -> /home/zpw/UR3e-ROS2-resources/install/unity_robotics_demo/lib/python3.8/site-packages/unity_robotics_demo
[2.036s] byte-compiling /home/zpw/UR3e-ROS2-resources/install/unity_robotics_demo/lib/python3.8/site-packages/unity_robotics_demo/position_service.py to position_service.cpython-38.pyc
[2.036s] byte-compiling /home/zpw/UR3e-ROS2-resources/install/unity_robotics_demo/lib/python3.8/site-packages/unity_robotics_demo/__init__.py to __init__.cpython-38.pyc
[2.036s] byte-compiling /home/zpw/UR3e-ROS2-resources/install/unity_robotics_demo/lib/python3.8/site-packages/unity_robotics_demo/color_publisher.py to color_publisher.cpython-38.pyc
[2.036s] running install_data
[2.036s] creating /home/zpw/UR3e-ROS2-resources/install/unity_robotics_demo/share/ament_index
[2.036s] creating /home/zpw/UR3e-ROS2-resources/install/unity_robotics_demo/share/ament_index/resource_index
[2.036s] creating /home/zpw/UR3e-ROS2-resources/install/unity_robotics_demo/share/ament_index/resource_index/packages
[2.036s] copying resource/unity_robotics_demo -> /home/zpw/UR3e-ROS2-resources/install/unity_robotics_demo/share/ament_index/resource_index/packages
[2.036s] copying package.xml -> /home/zpw/UR3e-ROS2-resources/install/unity_robotics_demo/share/unity_robotics_demo
[2.036s] running install_egg_info
[2.037s] Copying ../../build/unity_robotics_demo/unity_robotics_demo.egg-info to /home/zpw/UR3e-ROS2-resources/install/unity_robotics_demo/lib/python3.8/site-packages/unity_robotics_demo-0.0.1-py3.8.egg-info
[2.038s] running install_scripts
[2.063s] Installing color_publisher script to /home/zpw/UR3e-ROS2-resources/install/unity_robotics_demo/lib/unity_robotics_demo
[2.063s] Installing position_service script to /home/zpw/UR3e-ROS2-resources/install/unity_robotics_demo/lib/unity_robotics_demo
[2.063s] writing list of installed files to '/home/zpw/UR3e-ROS2-resources/build/unity_robotics_demo/install.log'
[2.108s] Invoked command in '/home/zpw/UR3e-ROS2-resources/src/unity_robotics_demo' returned '0': PYTHONPATH=/home/zpw/UR3e-ROS2-resources/install/unity_robotics_demo/lib/python3.8/site-packages:${PYTHONPATH} /usr/bin/python3 setup.py egg_info --egg-base ../../build/unity_robotics_demo build --build-base /home/zpw/UR3e-ROS2-resources/build/unity_robotics_demo/build install --prefix /home/zpw/UR3e-ROS2-resources/install/unity_robotics_demo --record /home/zpw/UR3e-ROS2-resources/build/unity_robotics_demo/install.log --single-version-externally-managed
